pretrain_config=TransE
g_config=DistMult
d_config=TransD
test_batch_size=100
task.dir=kinship
task.type=link
adv.use_pretrained_models=False
adv.n_sample=20
adv.sample_type=original
adv.measure_type=entropy
adv.n_epoch=1000
adv.n_batch=100
adv.epoch_per_test=10
adv.temperature=1.0
TransE.dim=50
TransE.margin=3
TransE.p=1
TransE.n_epoch=1000
TransE.n_batch=100
TransE.epoch_per_test=10
TransE.model_file=transe.mdl
TransD.dim=50
TransD.margin=3
TransD.p=1
TransD.n_epoch=1000
TransD.n_batch=100
TransD.epoch_per_test=10
TransD.model_file=transd.mdl
DistMult.dim=50
DistMult.lam=0.1
DistMult.n_sample=20
DistMult.sample_freq=1
DistMult.n_epoch=1000
DistMult.n_batch=100
DistMult.epoch_per_test=10
DistMult.model_file=distmult.mdl
ComplEx.dim=25
ComplEx.lam=0.1
ComplEx.n_sample=20
ComplEx.sample_freq=1
ComplEx.n_epoch=1000
ComplEx.n_batch=100
ComplEx.epoch_per_test=10
ComplEx.model_file=complex.mdl
log.dump_config=False
log.log_train=True
log.log_config=True
log.dir=./logs
log.log_advtrain_graphs=True
log.log_pretrain_graph=True
log.graph_every_nth_epoch=10
2022-04-20 13:37:22.947245
Test_MRR=0.041871, Test_MR=48.991155, Test_H@10=0.089385
Epoch: 0: 2022-04-20 13:37:24.237792
Epoch 1/1000, D_loss=3.035686, reward=-9.681418
Epoch: 1: 2022-04-20 13:37:25.369428
Epoch 2/1000, D_loss=2.963505, reward=-9.605037
Epoch: 2: 2022-04-20 13:37:26.262336
Epoch 3/1000, D_loss=2.886070, reward=-9.550920
Epoch: 3: 2022-04-20 13:37:27.013822
Epoch 4/1000, D_loss=2.797655, reward=-9.522237
Epoch: 4: 2022-04-20 13:37:27.765910
Epoch 5/1000, D_loss=2.670238, reward=-9.538598
Epoch: 5: 2022-04-20 13:37:28.516796
Epoch 6/1000, D_loss=2.548011, reward=-9.567995
Epoch: 6: 2022-04-20 13:37:29.270501
Epoch 7/1000, D_loss=2.461746, reward=-9.584854
Epoch: 7: 2022-04-20 13:37:30.022392
Epoch 8/1000, D_loss=2.401432, reward=-9.585741
Epoch: 8: 2022-04-20 13:37:30.768990
Epoch 9/1000, D_loss=2.325813, reward=-9.634153
Epoch: 9: 2022-04-20 13:37:31.520068
Epoch 10/1000, D_loss=2.299879, reward=-9.601864
Test_MRR=0.077589, Test_MR=34.049625, Test_H@10=0.215824
Epoch: 10: 2022-04-20 13:37:33.429416
Epoch 11/1000, D_loss=2.239289, reward=-9.616252
Epoch: 11: 2022-04-20 13:37:34.329850
Epoch 12/1000, D_loss=2.180499, reward=-9.649734
Epoch: 12: 2022-04-20 13:37:35.078202
Epoch 13/1000, D_loss=2.169525, reward=-9.596004
Epoch: 13: 2022-04-20 13:37:35.827855
Epoch 14/1000, D_loss=2.100933, reward=-9.629647
Epoch: 14: 2022-04-20 13:37:36.575831
Epoch 15/1000, D_loss=2.055456, reward=-9.658295
Epoch: 15: 2022-04-20 13:37:37.325766
Epoch 16/1000, D_loss=2.062351, reward=-9.594547
Epoch: 16: 2022-04-20 13:37:38.075087
Epoch 17/1000, D_loss=1.980461, reward=-9.657193
Epoch: 17: 2022-04-20 13:37:38.828679
Epoch 18/1000, D_loss=1.975416, reward=-9.636847
Epoch: 18: 2022-04-20 13:37:39.827927
Epoch 19/1000, D_loss=1.926240, reward=-9.657740
Epoch: 19: 2022-04-20 13:37:40.612475
Epoch 20/1000, D_loss=1.904127, reward=-9.652240
Test_MRR=0.136556, Test_MR=25.254682, Test_H@10=0.356742
Epoch: 20: 2022-04-20 13:37:42.668876
Epoch 21/1000, D_loss=1.874573, reward=-9.634861
Epoch: 21: 2022-04-20 13:37:43.447692
Epoch 22/1000, D_loss=1.833334, reward=-9.638840
Epoch: 22: 2022-04-20 13:37:44.230575
Epoch 23/1000, D_loss=1.758965, reward=-9.691753
Epoch: 23: 2022-04-20 13:37:44.996818
Epoch 24/1000, D_loss=1.763268, reward=-9.632253
Epoch: 24: 2022-04-20 13:37:46.001800
Epoch 25/1000, D_loss=1.700007, reward=-9.683494
Epoch: 25: 2022-04-20 13:37:46.928814
Epoch 26/1000, D_loss=1.649106, reward=-9.696225
Epoch: 26: 2022-04-20 13:37:47.692985
Epoch 27/1000, D_loss=1.656555, reward=-9.611191
Epoch: 27: 2022-04-20 13:37:48.445512
Epoch 28/1000, D_loss=1.667975, reward=-9.547588
Epoch: 28: 2022-04-20 13:37:49.201114
Epoch 29/1000, D_loss=1.662077, reward=-9.514832
Epoch: 29: 2022-04-20 13:37:49.954344
Epoch 30/1000, D_loss=1.677396, reward=-9.446813
Test_MRR=0.189329, Test_MR=17.507959, Test_H@10=0.507022
Epoch: 30: 2022-04-20 13:37:51.858360
Epoch 31/1000, D_loss=1.707505, reward=-9.345771
Epoch: 31: 2022-04-20 13:37:52.613992
Epoch 32/1000, D_loss=1.758512, reward=-9.223085
Epoch: 32: 2022-04-20 13:37:53.367090
Epoch 33/1000, D_loss=1.766761, reward=-9.118727
Epoch: 33: 2022-04-20 13:37:54.386351
Epoch 34/1000, D_loss=1.804753, reward=-9.025835
Epoch: 34: 2022-04-20 13:37:55.298651
Epoch 35/1000, D_loss=1.840214, reward=-8.917599
Epoch: 35: 2022-04-20 13:37:56.221580
Epoch 36/1000, D_loss=1.827433, reward=-8.876742
Epoch: 36: 2022-04-20 13:37:57.141380
Epoch 37/1000, D_loss=1.926793, reward=-8.693487
Epoch: 37: 2022-04-20 13:37:58.064478
Epoch 38/1000, D_loss=1.913569, reward=-8.644595
Epoch: 38: 2022-04-20 13:37:58.988792
Epoch 39/1000, D_loss=1.975348, reward=-8.501309
Epoch: 39: 2022-04-20 13:37:59.912059
Epoch 40/1000, D_loss=2.002636, reward=-8.421042
Test_MRR=0.239255, Test_MR=14.563670, Test_H@10=0.600655
Epoch: 40: 2022-04-20 13:38:02.179526
Epoch 41/1000, D_loss=2.042629, reward=-8.333400
Epoch: 41: 2022-04-20 13:38:03.097828
Epoch 42/1000, D_loss=2.025745, reward=-8.311571
Epoch: 42: 2022-04-20 13:38:03.844505
Epoch 43/1000, D_loss=2.035810, reward=-8.263241
Epoch: 43: 2022-04-20 13:38:04.591790
Epoch 44/1000, D_loss=2.024309, reward=-8.227661
Epoch: 44: 2022-04-20 13:38:05.401647
Epoch 45/1000, D_loss=2.065044, reward=-8.142181
Epoch: 45: 2022-04-20 13:38:06.176568
Epoch 46/1000, D_loss=2.074702, reward=-8.099970
Epoch: 46: 2022-04-20 13:38:06.932653
Epoch 47/1000, D_loss=2.087001, reward=-8.062113
Epoch: 47: 2022-04-20 13:38:07.701215
Epoch 48/1000, D_loss=2.062797, reward=-8.057700
Epoch: 48: 2022-04-20 13:38:08.458476
Epoch 49/1000, D_loss=2.093518, reward=-7.985639
Epoch: 49: 2022-04-20 13:38:09.222545
Epoch 50/1000, D_loss=2.106414, reward=-7.933971
Test_MRR=0.283627, Test_MR=14.274813, Test_H@10=0.612828
Epoch: 50: 2022-04-20 13:38:11.139384
Epoch 51/1000, D_loss=2.110668, reward=-7.905379
Epoch: 51: 2022-04-20 13:38:12.027373
Epoch 52/1000, D_loss=2.087331, reward=-7.918457
Epoch: 52: 2022-04-20 13:38:12.782063
Epoch 53/1000, D_loss=2.117196, reward=-7.861062
Epoch: 53: 2022-04-20 13:38:13.538039
Epoch 54/1000, D_loss=2.134330, reward=-7.824980
Epoch: 54: 2022-04-20 13:38:14.290134
Epoch 55/1000, D_loss=2.141216, reward=-7.799070
Epoch: 55: 2022-04-20 13:38:15.040572
Epoch 56/1000, D_loss=2.124000, reward=-7.792717
Epoch: 56: 2022-04-20 13:38:15.790775
Epoch 57/1000, D_loss=2.122844, reward=-7.790839
Epoch: 57: 2022-04-20 13:38:16.775197
Epoch 58/1000, D_loss=2.130394, reward=-7.758003
Epoch: 58: 2022-04-20 13:38:17.549249
Epoch 59/1000, D_loss=2.147514, reward=-7.734397
Epoch: 59: 2022-04-20 13:38:18.299955
Epoch 60/1000, D_loss=2.149912, reward=-7.711692
Test_MRR=0.292079, Test_MR=15.945693, Test_H@10=0.582397
Epoch: 60: 2022-04-20 13:38:20.197708
Epoch 61/1000, D_loss=2.134932, reward=-7.729666
Epoch: 61: 2022-04-20 13:38:21.001234
Epoch 62/1000, D_loss=2.148879, reward=-7.714537
Epoch: 62: 2022-04-20 13:38:21.751673
Epoch 63/1000, D_loss=2.148203, reward=-7.692985
Epoch: 63: 2022-04-20 13:38:22.503399
Epoch 64/1000, D_loss=2.173558, reward=-7.656521
Epoch: 64: 2022-04-20 13:38:23.256134
Epoch 65/1000, D_loss=2.178182, reward=-7.642298
Epoch: 65: 2022-04-20 13:38:24.022677
Epoch 66/1000, D_loss=2.201109, reward=-7.599397
Epoch: 66: 2022-04-20 13:38:24.771965
Epoch 67/1000, D_loss=2.192642, reward=-7.614597
Epoch: 67: 2022-04-20 13:38:25.531377
Epoch 68/1000, D_loss=2.174356, reward=-7.624134
Epoch: 68: 2022-04-20 13:38:26.281133
Epoch 69/1000, D_loss=2.181098, reward=-7.618334
Epoch: 69: 2022-04-20 13:38:27.317176
Epoch 70/1000, D_loss=2.179233, reward=-7.609835
Test_MRR=0.288799, Test_MR=17.923689, Test_H@10=0.539794
Epoch: 70: 2022-04-20 13:38:29.603749
Epoch 71/1000, D_loss=2.188646, reward=-7.596294
Epoch: 71: 2022-04-20 13:38:30.729924
Epoch 72/1000, D_loss=2.195985, reward=-7.573067
Epoch: 72: 2022-04-20 13:38:31.799086
Epoch 73/1000, D_loss=2.216693, reward=-7.548489
Epoch: 73: 2022-04-20 13:38:32.845220
Epoch 74/1000, D_loss=2.221038, reward=-7.546460
Epoch: 74: 2022-04-20 13:38:33.724635
Epoch 75/1000, D_loss=2.235984, reward=-7.507880
Epoch: 75: 2022-04-20 13:38:34.473839
Epoch 76/1000, D_loss=2.220703, reward=-7.512426
Epoch: 76: 2022-04-20 13:38:35.225655
Epoch 77/1000, D_loss=2.239815, reward=-7.462048
Epoch: 77: 2022-04-20 13:38:35.977046
Epoch 78/1000, D_loss=2.225515, reward=-7.484825
Epoch: 78: 2022-04-20 13:38:36.728008
Epoch 79/1000, D_loss=2.227359, reward=-7.487083
Epoch: 79: 2022-04-20 13:38:37.482108
Epoch 80/1000, D_loss=2.216835, reward=-7.505035
Test_MRR=0.274884, Test_MR=19.794476, Test_H@10=0.501873
Epoch: 80: 2022-04-20 13:38:39.376135
Epoch 81/1000, D_loss=2.243508, reward=-7.457583
Epoch: 81: 2022-04-20 13:38:40.127695
Epoch 82/1000, D_loss=2.248355, reward=-7.443964
Epoch: 82: 2022-04-20 13:38:40.880755
Epoch 83/1000, D_loss=2.257456, reward=-7.436262
Epoch: 83: 2022-04-20 13:38:41.631841
Epoch 84/1000, D_loss=2.249485, reward=-7.436150
Epoch: 84: 2022-04-20 13:38:42.381998
Epoch 85/1000, D_loss=2.266966, reward=-7.431321
Epoch: 85: 2022-04-20 13:38:43.131512
Epoch 86/1000, D_loss=2.241102, reward=-7.441082
Epoch: 86: 2022-04-20 13:38:43.885562
Epoch 87/1000, D_loss=2.252492, reward=-7.431743
Epoch: 87: 2022-04-20 13:38:44.635696
Epoch 88/1000, D_loss=2.258373, reward=-7.425612
Epoch: 88: 2022-04-20 13:38:45.388851
Epoch 89/1000, D_loss=2.245034, reward=-7.440770
Epoch: 89: 2022-04-20 13:38:46.143442
Epoch 90/1000, D_loss=2.277099, reward=-7.407524
Test_MRR=0.254754, Test_MR=21.805712, Test_H@10=0.468633
Epoch: 90: 2022-04-20 13:38:48.610955
Epoch 91/1000, D_loss=2.322858, reward=-7.344494
Epoch: 91: 2022-04-20 13:38:49.719007
Epoch 92/1000, D_loss=2.281474, reward=-7.367962
Epoch: 92: 2022-04-20 13:38:50.778190
Epoch 93/1000, D_loss=2.270550, reward=-7.389714
Epoch: 93: 2022-04-20 13:38:51.842703
Epoch 94/1000, D_loss=2.290006, reward=-7.362814
Epoch: 94: 2022-04-20 13:38:52.905579
Epoch 95/1000, D_loss=2.284086, reward=-7.352843
Epoch: 95: 2022-04-20 13:38:53.958214
Epoch 96/1000, D_loss=2.284939, reward=-7.349978
Epoch: 96: 2022-04-20 13:38:54.966612
Epoch 97/1000, D_loss=2.298909, reward=-7.344653
Epoch: 97: 2022-04-20 13:38:55.966960
Epoch 98/1000, D_loss=2.286952, reward=-7.348872
Epoch: 98: 2022-04-20 13:38:56.948253
Epoch 99/1000, D_loss=2.307702, reward=-7.318138
Epoch: 99: 2022-04-20 13:38:57.796911
Epoch 100/1000, D_loss=2.342334, reward=-7.276775
Test_MRR=0.233206, Test_MR=23.446161, Test_H@10=0.425094
Epoch: 100: 2022-04-20 13:38:59.687118
Epoch 101/1000, D_loss=2.297362, reward=-7.335190
Epoch: 101: 2022-04-20 13:39:00.442680
Epoch 102/1000, D_loss=2.315829, reward=-7.289484
Epoch: 102: 2022-04-20 13:39:01.191934
Epoch 103/1000, D_loss=2.310679, reward=-7.290963
Epoch: 103: 2022-04-20 13:39:01.944299
Epoch 104/1000, D_loss=2.317925, reward=-7.272959
Epoch: 104: 2022-04-20 13:39:02.692737
Epoch 105/1000, D_loss=2.319408, reward=-7.281483
Epoch: 105: 2022-04-20 13:39:03.445324
Epoch 106/1000, D_loss=2.320927, reward=-7.277839
Epoch: 106: 2022-04-20 13:39:04.196634
Epoch 107/1000, D_loss=2.334126, reward=-7.254245
Epoch: 107: 2022-04-20 13:39:04.948221
Epoch 108/1000, D_loss=2.325142, reward=-7.244238
Epoch: 108: 2022-04-20 13:39:06.055453
Epoch 109/1000, D_loss=2.336271, reward=-7.233400
Epoch: 109: 2022-04-20 13:39:06.997425
Epoch 110/1000, D_loss=2.325157, reward=-7.231302
Test_MRR=0.211114, Test_MR=25.307116, Test_H@10=0.386704
Epoch: 110: 2022-04-20 13:39:09.289533
Epoch 111/1000, D_loss=2.319987, reward=-7.254132
Epoch: 111: 2022-04-20 13:39:10.391083
Epoch 112/1000, D_loss=2.321768, reward=-7.247057
Epoch: 112: 2022-04-20 13:39:11.471520
Epoch 113/1000, D_loss=2.299519, reward=-7.255412
Epoch: 113: 2022-04-20 13:39:12.544034
Epoch 114/1000, D_loss=2.319235, reward=-7.233943
Epoch: 114: 2022-04-20 13:39:13.406169
Epoch 115/1000, D_loss=2.322790, reward=-7.229080
Epoch: 115: 2022-04-20 13:39:14.161277
Epoch 116/1000, D_loss=2.350693, reward=-7.186618
Epoch: 116: 2022-04-20 13:39:14.914797
Epoch 117/1000, D_loss=2.350404, reward=-7.180268
Epoch: 117: 2022-04-20 13:39:15.669492
Epoch 118/1000, D_loss=2.340808, reward=-7.193654
Epoch: 118: 2022-04-20 13:39:16.421858
Epoch 119/1000, D_loss=2.349221, reward=-7.163851
Epoch: 119: 2022-04-20 13:39:17.519866
Epoch 120/1000, D_loss=2.322782, reward=-7.193546
Test_MRR=0.190674, Test_MR=26.573502, Test_H@10=0.362360
Epoch: 120: 2022-04-20 13:39:19.843881
Epoch 121/1000, D_loss=2.328517, reward=-7.205973
Epoch: 121: 2022-04-20 13:39:20.970848
Epoch 122/1000, D_loss=2.368683, reward=-7.144475
Epoch: 122: 2022-04-20 13:39:22.040147
Epoch 123/1000, D_loss=2.330892, reward=-7.205923
Epoch: 123: 2022-04-20 13:39:23.037455
Epoch 124/1000, D_loss=2.339582, reward=-7.178190
Epoch: 124: 2022-04-20 13:39:23.900324
Epoch 125/1000, D_loss=2.323118, reward=-7.206749
Epoch: 125: 2022-04-20 13:39:24.649224
Epoch 126/1000, D_loss=2.343159, reward=-7.181173
Epoch: 126: 2022-04-20 13:39:25.404496
Epoch 127/1000, D_loss=2.355091, reward=-7.159527
Epoch: 127: 2022-04-20 13:39:26.158160
Epoch 128/1000, D_loss=2.359998, reward=-7.133273
Epoch: 128: 2022-04-20 13:39:26.910081
Epoch 129/1000, D_loss=2.357175, reward=-7.131166
Epoch: 129: 2022-04-20 13:39:28.003891
Epoch 130/1000, D_loss=2.344789, reward=-7.151307
Test_MRR=0.176315, Test_MR=27.474719, Test_H@10=0.348783
Epoch: 130: 2022-04-20 13:39:30.299881
Epoch 131/1000, D_loss=2.346213, reward=-7.138173
Epoch: 131: 2022-04-20 13:39:31.389112
Epoch 132/1000, D_loss=2.342741, reward=-7.153790
Epoch: 132: 2022-04-20 13:39:32.434765
Epoch 133/1000, D_loss=2.326178, reward=-7.171895
Epoch: 133: 2022-04-20 13:39:33.448038
Epoch 134/1000, D_loss=2.369280, reward=-7.099833
Epoch: 134: 2022-04-20 13:39:34.326528
Epoch 135/1000, D_loss=2.373713, reward=-7.104996
Epoch: 135: 2022-04-20 13:39:35.076995
Epoch 136/1000, D_loss=2.351355, reward=-7.126873
Epoch: 136: 2022-04-20 13:39:36.172680
Epoch 137/1000, D_loss=2.350263, reward=-7.140727
Epoch: 137: 2022-04-20 13:39:37.142576
Epoch 138/1000, D_loss=2.357160, reward=-7.122174
Epoch: 138: 2022-04-20 13:39:38.076577
Epoch 139/1000, D_loss=2.354524, reward=-7.149043
Epoch: 139: 2022-04-20 13:39:39.002614
Epoch 140/1000, D_loss=2.360503, reward=-7.139584
Test_MRR=0.167042, Test_MR=28.153558, Test_H@10=0.331461
Epoch: 140: 2022-04-20 13:39:41.306232
Epoch 141/1000, D_loss=2.341421, reward=-7.148068
Epoch: 141: 2022-04-20 13:39:42.395689
Epoch 142/1000, D_loss=2.362010, reward=-7.122659
Epoch: 142: 2022-04-20 13:39:43.570627
Epoch 143/1000, D_loss=2.356147, reward=-7.131322
Epoch: 143: 2022-04-20 13:39:44.651509
Epoch 144/1000, D_loss=2.356738, reward=-7.134065
Epoch: 144: 2022-04-20 13:39:45.765148
Epoch 145/1000, D_loss=2.341790, reward=-7.132746
Epoch: 145: 2022-04-20 13:39:46.649551
Epoch 146/1000, D_loss=2.360296, reward=-7.125161
Epoch: 146: 2022-04-20 13:39:47.751384
Epoch 147/1000, D_loss=2.353527, reward=-7.140216
Epoch: 147: 2022-04-20 13:39:48.738137
Epoch 148/1000, D_loss=2.371231, reward=-7.122193
Epoch: 148: 2022-04-20 13:39:49.685390
Epoch 149/1000, D_loss=2.348776, reward=-7.136744
Epoch: 149: 2022-04-20 13:39:50.598765
Epoch 150/1000, D_loss=2.366673, reward=-7.123816
Test_MRR=0.166480, Test_MR=28.031835, Test_H@10=0.330056
Epoch: 150: 2022-04-20 13:39:52.847853
Epoch 151/1000, D_loss=2.379806, reward=-7.088254
Epoch: 151: 2022-04-20 13:39:53.775060
Epoch 152/1000, D_loss=2.375732, reward=-7.079859
Epoch: 152: 2022-04-20 13:39:54.532397
Epoch 153/1000, D_loss=2.367849, reward=-7.100121
Epoch: 153: 2022-04-20 13:39:55.277184
Epoch 154/1000, D_loss=2.368972, reward=-7.107492
Epoch: 154: 2022-04-20 13:39:56.026997
Epoch 155/1000, D_loss=2.373002, reward=-7.107900
Epoch: 155: 2022-04-20 13:39:56.777791
Epoch 156/1000, D_loss=2.371977, reward=-7.115284
Epoch: 156: 2022-04-20 13:39:57.551414
Epoch 157/1000, D_loss=2.377553, reward=-7.114565
Epoch: 157: 2022-04-20 13:39:58.303649
Epoch 158/1000, D_loss=2.366601, reward=-7.140510
Epoch: 158: 2022-04-20 13:39:59.051356
Epoch 159/1000, D_loss=2.381967, reward=-7.124878
Epoch: 159: 2022-04-20 13:39:59.798849
Epoch 160/1000, D_loss=2.355145, reward=-7.147814
Test_MRR=0.162115, Test_MR=28.417135, Test_H@10=0.321629
Epoch: 160: 2022-04-20 13:40:02.060605
Epoch 161/1000, D_loss=2.375689, reward=-7.143641
Epoch: 161: 2022-04-20 13:40:03.205082
Epoch 162/1000, D_loss=2.357214, reward=-7.152937
Epoch: 162: 2022-04-20 13:40:04.421930
Epoch 163/1000, D_loss=2.396994, reward=-7.093742
Epoch: 163: 2022-04-20 13:40:05.462275
Epoch 164/1000, D_loss=2.379434, reward=-7.133583
Epoch: 164: 2022-04-20 13:40:06.250700
Epoch 165/1000, D_loss=2.366797, reward=-7.158389
Epoch: 165: 2022-04-20 13:40:06.994263
Epoch 166/1000, D_loss=2.377543, reward=-7.136197
Epoch: 166: 2022-04-20 13:40:07.732347
Epoch 167/1000, D_loss=2.378318, reward=-7.132463
Epoch: 167: 2022-04-20 13:40:08.480826
Epoch 168/1000, D_loss=2.386573, reward=-7.146284
Epoch: 168: 2022-04-20 13:40:09.232475
Epoch 169/1000, D_loss=2.371913, reward=-7.169529
Epoch: 169: 2022-04-20 13:40:09.978383
Epoch 170/1000, D_loss=2.377349, reward=-7.151815
Test_MRR=0.160674, Test_MR=28.293071, Test_H@10=0.327247
Epoch: 170: 2022-04-20 13:40:11.860226
Epoch 171/1000, D_loss=2.407493, reward=-7.118377
Epoch: 171: 2022-04-20 13:40:12.627512
Epoch 172/1000, D_loss=2.367643, reward=-7.150233
Epoch: 172: 2022-04-20 13:40:13.381667
Epoch 173/1000, D_loss=2.386829, reward=-7.144832
Epoch: 173: 2022-04-20 13:40:14.128151
Epoch 174/1000, D_loss=2.391870, reward=-7.152627
Epoch: 174: 2022-04-20 13:40:14.868513
Epoch 175/1000, D_loss=2.410592, reward=-7.119228
Epoch: 175: 2022-04-20 13:40:15.608949
Epoch 176/1000, D_loss=2.396029, reward=-7.157057
Epoch: 176: 2022-04-20 13:40:16.360104
Epoch 177/1000, D_loss=2.365467, reward=-7.201160
Epoch: 177: 2022-04-20 13:40:17.390141
Epoch 178/1000, D_loss=2.399737, reward=-7.153337
Epoch: 178: 2022-04-20 13:40:18.301695
Epoch 179/1000, D_loss=2.394239, reward=-7.161542
Epoch: 179: 2022-04-20 13:40:19.200931
Epoch 180/1000, D_loss=2.397606, reward=-7.154000
Test_MRR=0.159789, Test_MR=28.543539, Test_H@10=0.316948
Epoch: 180: 2022-04-20 13:40:21.469715
Epoch 181/1000, D_loss=2.414502, reward=-7.149308
Epoch: 181: 2022-04-20 13:40:22.565703
Epoch 182/1000, D_loss=2.399290, reward=-7.161753
Epoch: 182: 2022-04-20 13:40:23.464372
Epoch 183/1000, D_loss=2.388005, reward=-7.161467
Epoch: 183: 2022-04-20 13:40:24.208894
Epoch 184/1000, D_loss=2.395836, reward=-7.162691
Epoch: 184: 2022-04-20 13:40:24.958717
Epoch 185/1000, D_loss=2.393963, reward=-7.149169
Epoch: 185: 2022-04-20 13:40:25.708023
Epoch 186/1000, D_loss=2.417152, reward=-7.141616
Epoch: 186: 2022-04-20 13:40:26.458720
Epoch 187/1000, D_loss=2.415959, reward=-7.141687
Epoch: 187: 2022-04-20 13:40:27.554172
Epoch 188/1000, D_loss=2.417831, reward=-7.126224
Epoch: 188: 2022-04-20 13:40:28.512423
Epoch 189/1000, D_loss=2.401015, reward=-7.135403
Epoch: 189: 2022-04-20 13:40:29.427478
Epoch 190/1000, D_loss=2.389320, reward=-7.149446
Test_MRR=0.156822, Test_MR=28.734551, Test_H@10=0.321161
Epoch: 190: 2022-04-20 13:40:31.717414
Epoch 191/1000, D_loss=2.407625, reward=-7.134618
Epoch: 191: 2022-04-20 13:40:32.830268
Epoch 192/1000, D_loss=2.407162, reward=-7.128593
Epoch: 192: 2022-04-20 13:40:33.721084
Epoch 193/1000, D_loss=2.411761, reward=-7.124407
Epoch: 193: 2022-04-20 13:40:34.471942
Epoch 194/1000, D_loss=2.387391, reward=-7.154467
Epoch: 194: 2022-04-20 13:40:35.210460
Epoch 195/1000, D_loss=2.407276, reward=-7.130671
Epoch: 195: 2022-04-20 13:40:35.951002
Epoch 196/1000, D_loss=2.396895, reward=-7.159943
Epoch: 196: 2022-04-20 13:40:36.703046
Epoch 197/1000, D_loss=2.405640, reward=-7.135624
Epoch: 197: 2022-04-20 13:40:37.455659
Epoch 198/1000, D_loss=2.431726, reward=-7.096996
Epoch: 198: 2022-04-20 13:40:38.197759
Epoch 199/1000, D_loss=2.405612, reward=-7.124710
Epoch: 199: 2022-04-20 13:40:38.937410
Epoch 200/1000, D_loss=2.428751, reward=-7.108871
Test_MRR=0.152973, Test_MR=28.947566, Test_H@10=0.314139
Epoch: 200: 2022-04-20 13:40:40.813772
Epoch 201/1000, D_loss=2.404040, reward=-7.127441
Epoch: 201: 2022-04-20 13:40:41.595567
Epoch 202/1000, D_loss=2.426538, reward=-7.122590
Epoch: 202: 2022-04-20 13:40:42.335811
Epoch 203/1000, D_loss=2.416326, reward=-7.122970
Epoch: 203: 2022-04-20 13:40:43.074022
Epoch 204/1000, D_loss=2.425180, reward=-7.130319
Epoch: 204: 2022-04-20 13:40:43.820644
Epoch 205/1000, D_loss=2.408931, reward=-7.135839
Epoch: 205: 2022-04-20 13:40:44.565733
Epoch 206/1000, D_loss=2.402598, reward=-7.139649
Epoch: 206: 2022-04-20 13:40:45.317647
Epoch 207/1000, D_loss=2.428416, reward=-7.107274
Epoch: 207: 2022-04-20 13:40:46.071585
Epoch 208/1000, D_loss=2.407970, reward=-7.132903
Epoch: 208: 2022-04-20 13:40:46.820885
Epoch 209/1000, D_loss=2.416996, reward=-7.109469
Epoch: 209: 2022-04-20 13:40:47.911986
Epoch 210/1000, D_loss=2.433746, reward=-7.092425
Test_MRR=0.152267, Test_MR=29.171816, Test_H@10=0.311798
Epoch: 210: 2022-04-20 13:40:50.243324
Epoch 211/1000, D_loss=2.425742, reward=-7.106382
Epoch: 211: 2022-04-20 13:40:51.344353
Epoch 212/1000, D_loss=2.439832, reward=-7.093756
Epoch: 212: 2022-04-20 13:40:52.394388
Epoch 213/1000, D_loss=2.428395, reward=-7.106377
Epoch: 213: 2022-04-20 13:40:53.456623
Epoch 214/1000, D_loss=2.443359, reward=-7.086375
Epoch: 214: 2022-04-20 13:40:54.559376
Epoch 215/1000, D_loss=2.443584, reward=-7.084628
Epoch: 215: 2022-04-20 13:40:55.571865
Epoch 216/1000, D_loss=2.446051, reward=-7.093018
Epoch: 216: 2022-04-20 13:40:56.545812
Epoch 217/1000, D_loss=2.416385, reward=-7.116741
Epoch: 217: 2022-04-20 13:40:57.712843
Epoch 218/1000, D_loss=2.420941, reward=-7.125637
Epoch: 218: 2022-04-20 13:40:58.713010
Epoch 219/1000, D_loss=2.429637, reward=-7.110059
Epoch: 219: 2022-04-20 13:40:59.701584
Epoch 220/1000, D_loss=2.448777, reward=-7.103802
Test_MRR=0.150543, Test_MR=29.264045, Test_H@10=0.313202
Epoch: 220: 2022-04-20 13:41:02.053725
Epoch 221/1000, D_loss=2.450683, reward=-7.101401
Epoch: 221: 2022-04-20 13:41:03.172403
Epoch 222/1000, D_loss=2.409349, reward=-7.139458
Epoch: 222: 2022-04-20 13:41:04.233056
Epoch 223/1000, D_loss=2.429640, reward=-7.126305
Epoch: 223: 2022-04-20 13:41:05.301789
Epoch 224/1000, D_loss=2.435820, reward=-7.113247
Epoch: 224: 2022-04-20 13:41:06.311450
Epoch 225/1000, D_loss=2.434268, reward=-7.121601
Epoch: 225: 2022-04-20 13:41:07.207680
Epoch 226/1000, D_loss=2.443040, reward=-7.107450
Epoch: 226: 2022-04-20 13:41:07.959520
Epoch 227/1000, D_loss=2.435034, reward=-7.127445
Epoch: 227: 2022-04-20 13:41:08.709131
Epoch 228/1000, D_loss=2.427077, reward=-7.126776
Epoch: 228: 2022-04-20 13:41:09.464457
Epoch 229/1000, D_loss=2.454272, reward=-7.097622
Epoch: 229: 2022-04-20 13:41:10.213296
Epoch 230/1000, D_loss=2.432887, reward=-7.130438
Test_MRR=0.148217, Test_MR=29.477996, Test_H@10=0.307584
Epoch: 230: 2022-04-20 13:41:12.104980
Epoch 231/1000, D_loss=2.434763, reward=-7.129331
Epoch: 231: 2022-04-20 13:41:12.889823
Epoch 232/1000, D_loss=2.448452, reward=-7.107310
Epoch: 232: 2022-04-20 13:41:13.645483
Epoch 233/1000, D_loss=2.456065, reward=-7.117038
Epoch: 233: 2022-04-20 13:41:14.387210
Epoch 234/1000, D_loss=2.435077, reward=-7.138091
Epoch: 234: 2022-04-20 13:41:15.356769
Epoch 235/1000, D_loss=2.425985, reward=-7.142812
Epoch: 235: 2022-04-20 13:41:16.261887
Epoch 236/1000, D_loss=2.433540, reward=-7.144189
Epoch: 236: 2022-04-20 13:41:17.018350
Epoch 237/1000, D_loss=2.432214, reward=-7.146787
Epoch: 237: 2022-04-20 13:41:18.074504
Epoch 238/1000, D_loss=2.451775, reward=-7.121397
Epoch: 238: 2022-04-20 13:41:19.019143
Epoch 239/1000, D_loss=2.451048, reward=-7.125687
Epoch: 239: 2022-04-20 13:41:19.940426
Epoch 240/1000, D_loss=2.453480, reward=-7.112096
Test_MRR=0.150328, Test_MR=29.519663, Test_H@10=0.307584
Epoch: 240: 2022-04-20 13:41:22.361650
Epoch 241/1000, D_loss=2.427682, reward=-7.136910
Epoch: 241: 2022-04-20 13:41:23.442010
Epoch 242/1000, D_loss=2.452731, reward=-7.116685
Epoch: 242: 2022-04-20 13:41:24.662608
Epoch 243/1000, D_loss=2.453991, reward=-7.117205
Epoch: 243: 2022-04-20 13:41:25.740276
Epoch 244/1000, D_loss=2.442167, reward=-7.145402
Epoch: 244: 2022-04-20 13:41:26.766580
Epoch 245/1000, D_loss=2.445899, reward=-7.130812
Epoch: 245: 2022-04-20 13:41:27.720011
Epoch 246/1000, D_loss=2.463100, reward=-7.095473
Epoch: 246: 2022-04-20 13:41:28.467453
Epoch 247/1000, D_loss=2.449315, reward=-7.115590
Epoch: 247: 2022-04-20 13:41:29.219216
Epoch 248/1000, D_loss=2.455147, reward=-7.120749
Epoch: 248: 2022-04-20 13:41:29.968163
Epoch 249/1000, D_loss=2.437103, reward=-7.140319
Epoch: 249: 2022-04-20 13:41:30.710624
Epoch 250/1000, D_loss=2.434714, reward=-7.139367
Test_MRR=0.145744, Test_MR=29.882022, Test_H@10=0.310393
Epoch: 250: 2022-04-20 13:41:32.594542
Epoch 251/1000, D_loss=2.436126, reward=-7.149902
Epoch: 251: 2022-04-20 13:41:33.351409
Epoch 252/1000, D_loss=2.445646, reward=-7.121688
Epoch: 252: 2022-04-20 13:41:34.439435
Epoch 253/1000, D_loss=2.466458, reward=-7.097903
Epoch: 253: 2022-04-20 13:41:35.443052
Epoch 254/1000, D_loss=2.450047, reward=-7.126191
Epoch: 254: 2022-04-20 13:41:36.385236
Epoch 255/1000, D_loss=2.434461, reward=-7.133265
Epoch: 255: 2022-04-20 13:41:37.323362
Epoch 256/1000, D_loss=2.458683, reward=-7.088435
Epoch: 256: 2022-04-20 13:41:38.303944
Epoch 257/1000, D_loss=2.462945, reward=-7.093416
Epoch: 257: 2022-04-20 13:41:39.247193
Epoch 258/1000, D_loss=2.455242, reward=-7.109262
Epoch: 258: 2022-04-20 13:41:40.221739
Epoch 259/1000, D_loss=2.452133, reward=-7.122606
Epoch: 259: 2022-04-20 13:41:41.195849
Epoch 260/1000, D_loss=2.437450, reward=-7.125638
Test_MRR=0.146458, Test_MR=29.610955, Test_H@10=0.309925
Epoch: 260: 2022-04-20 13:41:43.386163
Epoch 261/1000, D_loss=2.447306, reward=-7.128465
Epoch: 261: 2022-04-20 13:41:44.488861
Epoch 262/1000, D_loss=2.448259, reward=-7.101891
Epoch: 262: 2022-04-20 13:41:45.571932
Epoch 263/1000, D_loss=2.469761, reward=-7.090479
Epoch: 263: 2022-04-20 13:41:46.619838
Epoch 264/1000, D_loss=2.472068, reward=-7.107513
Epoch: 264: 2022-04-20 13:41:47.506017
Epoch 265/1000, D_loss=2.462544, reward=-7.117489
Epoch: 265: 2022-04-20 13:41:48.249424
Epoch 266/1000, D_loss=2.468011, reward=-7.114497
Epoch: 266: 2022-04-20 13:41:49.000328
Epoch 267/1000, D_loss=2.473323, reward=-7.109749
Epoch: 267: 2022-04-20 13:41:49.749504
Epoch 268/1000, D_loss=2.472353, reward=-7.107502
Epoch: 268: 2022-04-20 13:41:50.494569
Epoch 269/1000, D_loss=2.472521, reward=-7.116114
Epoch: 269: 2022-04-20 13:41:51.245297
Epoch 270/1000, D_loss=2.443611, reward=-7.134837
Test_MRR=0.150107, Test_MR=29.902154, Test_H@10=0.294944
Epoch: 270: 2022-04-20 13:41:53.141349
Epoch 271/1000, D_loss=2.468789, reward=-7.119091
Epoch: 271: 2022-04-20 13:41:54.395869
Epoch 272/1000, D_loss=2.467778, reward=-7.108496
Epoch: 272: 2022-04-20 13:41:55.472167
Epoch 273/1000, D_loss=2.475217, reward=-7.105187
Epoch: 273: 2022-04-20 13:41:56.508795
Epoch 274/1000, D_loss=2.466302, reward=-7.126129
Epoch: 274: 2022-04-20 13:41:57.529292
Epoch 275/1000, D_loss=2.466097, reward=-7.134201
Epoch: 275: 2022-04-20 13:41:58.531374
Epoch 276/1000, D_loss=2.474983, reward=-7.127404
Epoch: 276: 2022-04-20 13:41:59.535436
Epoch 277/1000, D_loss=2.453470, reward=-7.144183
Epoch: 277: 2022-04-20 13:42:00.536285
Epoch 278/1000, D_loss=2.487920, reward=-7.095376
Epoch: 278: 2022-04-20 13:42:01.539633
Epoch 279/1000, D_loss=2.454361, reward=-7.156533
Epoch: 279: 2022-04-20 13:42:02.509999
Epoch 280/1000, D_loss=2.466630, reward=-7.125223
Test_MRR=0.148014, Test_MR=29.426030, Test_H@10=0.309457
Epoch: 280: 2022-04-20 13:42:04.802308
Epoch 281/1000, D_loss=2.476112, reward=-7.108771
Epoch: 281: 2022-04-20 13:42:05.913782
Epoch 282/1000, D_loss=2.485377, reward=-7.089591
Epoch: 282: 2022-04-20 13:42:07.137226
Epoch 283/1000, D_loss=2.469188, reward=-7.095661
Epoch: 283: 2022-04-20 13:42:08.161402
Epoch 284/1000, D_loss=2.480087, reward=-7.083211
Epoch: 284: 2022-04-20 13:42:09.210706
Epoch 285/1000, D_loss=2.465976, reward=-7.104715
Epoch: 285: 2022-04-20 13:42:10.181079
Epoch 286/1000, D_loss=2.474974, reward=-7.096520
Epoch: 286: 2022-04-20 13:42:11.142362
Epoch 287/1000, D_loss=2.468587, reward=-7.113079
Epoch: 287: 2022-04-20 13:42:12.105325
Epoch 288/1000, D_loss=2.471681, reward=-7.111045
Epoch: 288: 2022-04-20 13:42:13.078487
Epoch 289/1000, D_loss=2.459368, reward=-7.137124
Epoch: 289: 2022-04-20 13:42:14.044283
Epoch 290/1000, D_loss=2.486076, reward=-7.110817
Test_MRR=0.152121, Test_MR=29.499064, Test_H@10=0.310861
Epoch: 290: 2022-04-20 13:42:16.264811
Epoch 291/1000, D_loss=2.474367, reward=-7.127622
Epoch: 291: 2022-04-20 13:42:17.054078
Epoch 292/1000, D_loss=2.482228, reward=-7.123764
Epoch: 292: 2022-04-20 13:42:18.102385
Epoch 293/1000, D_loss=2.471364, reward=-7.136400
Epoch: 293: 2022-04-20 13:42:19.065105
Epoch 294/1000, D_loss=2.470969, reward=-7.142516
Epoch: 294: 2022-04-20 13:42:20.036253
Epoch 295/1000, D_loss=2.504034, reward=-7.089637
Epoch: 295: 2022-04-20 13:42:21.018643
Epoch 296/1000, D_loss=2.486819, reward=-7.108889
Epoch: 296: 2022-04-20 13:42:21.980143
Epoch 297/1000, D_loss=2.458044, reward=-7.145515
Epoch: 297: 2022-04-20 13:42:22.804782
Epoch 298/1000, D_loss=2.455992, reward=-7.144304
Epoch: 298: 2022-04-20 13:42:23.725373
Epoch 299/1000, D_loss=2.470150, reward=-7.130794
Epoch: 299: 2022-04-20 13:42:24.708008
Epoch 300/1000, D_loss=2.483681, reward=-7.112472
Test_MRR=0.148840, Test_MR=29.825843, Test_H@10=0.301030
Epoch: 300: 2022-04-20 13:42:26.693021
Epoch 301/1000, D_loss=2.485570, reward=-7.114585
Epoch: 301: 2022-04-20 13:42:27.761095
Epoch 302/1000, D_loss=2.505617, reward=-7.091960
Epoch: 302: 2022-04-20 13:42:28.803399
Epoch 303/1000, D_loss=2.502932, reward=-7.096139
Epoch: 303: 2022-04-20 13:42:29.833731
Epoch 304/1000, D_loss=2.464207, reward=-7.141626
Epoch: 304: 2022-04-20 13:42:30.826822
Epoch 305/1000, D_loss=2.491859, reward=-7.094927
Epoch: 305: 2022-04-20 13:42:31.804106
Epoch 306/1000, D_loss=2.472263, reward=-7.137257
Epoch: 306: 2022-04-20 13:42:32.778305
Epoch 307/1000, D_loss=2.502239, reward=-7.080271
Epoch: 307: 2022-04-20 13:42:33.759724
Epoch 308/1000, D_loss=2.482970, reward=-7.105420
Epoch: 308: 2022-04-20 13:42:34.706515
Epoch 309/1000, D_loss=2.493012, reward=-7.087629
Epoch: 309: 2022-04-20 13:42:35.652486
Epoch 310/1000, D_loss=2.494539, reward=-7.081751
Test_MRR=0.141060, Test_MR=30.155899, Test_H@10=0.293539
Epoch: 310: 2022-04-20 13:42:37.995050
Epoch 311/1000, D_loss=2.482215, reward=-7.093084
Epoch: 311: 2022-04-20 13:42:39.079439
Epoch 312/1000, D_loss=2.476936, reward=-7.083377
Epoch: 312: 2022-04-20 13:42:40.140818
Epoch 313/1000, D_loss=2.467505, reward=-7.094649
Epoch: 313: 2022-04-20 13:42:41.165319
Epoch 314/1000, D_loss=2.494360, reward=-7.076702
Epoch: 314: 2022-04-20 13:42:42.186003
Epoch 315/1000, D_loss=2.495294, reward=-7.091398
Epoch: 315: 2022-04-20 13:42:43.175664
Epoch 316/1000, D_loss=2.491044, reward=-7.105626
Epoch: 316: 2022-04-20 13:42:44.163621
Epoch 317/1000, D_loss=2.481788, reward=-7.107694
Epoch: 317: 2022-04-20 13:42:45.147178
Epoch 318/1000, D_loss=2.474427, reward=-7.117502
Epoch: 318: 2022-04-20 13:42:46.120996
Epoch 319/1000, D_loss=2.458828, reward=-7.151169
Epoch: 319: 2022-04-20 13:42:47.062483
Epoch 320/1000, D_loss=2.472932, reward=-7.122337
Test_MRR=0.141071, Test_MR=30.367041, Test_H@10=0.283240
Epoch: 320: 2022-04-20 13:42:48.964321
Epoch 321/1000, D_loss=2.471017, reward=-7.135794
Epoch: 321: 2022-04-20 13:42:49.725565
Epoch 322/1000, D_loss=2.486405, reward=-7.102322
Epoch: 322: 2022-04-20 13:42:50.473843
Epoch 323/1000, D_loss=2.478138, reward=-7.105111
Epoch: 323: 2022-04-20 13:42:51.224470
Epoch 324/1000, D_loss=2.479631, reward=-7.113810
Epoch: 324: 2022-04-20 13:42:51.974345
Epoch 325/1000, D_loss=2.487434, reward=-7.097400
Epoch: 325: 2022-04-20 13:42:52.722414
Epoch 326/1000, D_loss=2.483464, reward=-7.109660
Epoch: 326: 2022-04-20 13:42:53.597473
Epoch 327/1000, D_loss=2.506393, reward=-7.082484
Epoch: 327: 2022-04-20 13:42:54.564558
Epoch 328/1000, D_loss=2.465496, reward=-7.125913
Epoch: 328: 2022-04-20 13:42:55.524075
Epoch 329/1000, D_loss=2.507319, reward=-7.076653
Epoch: 329: 2022-04-20 13:42:56.499339
Epoch 330/1000, D_loss=2.497049, reward=-7.086305
Test_MRR=0.138952, Test_MR=30.538858, Test_H@10=0.279026
Epoch: 330: 2022-04-20 13:42:58.850232
Epoch 331/1000, D_loss=2.492252, reward=-7.071756
Epoch: 331: 2022-04-20 13:42:59.934382
Epoch 332/1000, D_loss=2.482169, reward=-7.100914
Epoch: 332: 2022-04-20 13:43:00.956100
Epoch 333/1000, D_loss=2.502127, reward=-7.091879
Epoch: 333: 2022-04-20 13:43:02.023777
Epoch 334/1000, D_loss=2.501265, reward=-7.095149
Epoch: 334: 2022-04-20 13:43:02.980090
Epoch 335/1000, D_loss=2.462107, reward=-7.140246
Epoch: 335: 2022-04-20 13:43:03.943920
Epoch 336/1000, D_loss=2.487498, reward=-7.099877
Epoch: 336: 2022-04-20 13:43:04.846799
Epoch 337/1000, D_loss=2.479087, reward=-7.113314
Epoch: 337: 2022-04-20 13:43:05.601501
Epoch 338/1000, D_loss=2.501799, reward=-7.076851
Epoch: 338: 2022-04-20 13:43:06.349271
Epoch 339/1000, D_loss=2.508694, reward=-7.071292
Epoch: 339: 2022-04-20 13:43:07.099746
Epoch 340/1000, D_loss=2.494492, reward=-7.104755
Test_MRR=0.134500, Test_MR=30.648876, Test_H@10=0.286517
Epoch: 340: 2022-04-20 13:43:08.973765
Epoch 341/1000, D_loss=2.488397, reward=-7.104316
Epoch: 341: 2022-04-20 13:43:09.727056
Epoch 342/1000, D_loss=2.481951, reward=-7.112679
Epoch: 342: 2022-04-20 13:43:10.468776
Epoch 343/1000, D_loss=2.512266, reward=-7.072365
Epoch: 343: 2022-04-20 13:43:11.212689
Epoch 344/1000, D_loss=2.462329, reward=-7.128524
Epoch: 344: 2022-04-20 13:43:11.957962
Epoch 345/1000, D_loss=2.488578, reward=-7.109944
Epoch: 345: 2022-04-20 13:43:12.707081
Epoch 346/1000, D_loss=2.512352, reward=-7.094157
Epoch: 346: 2022-04-20 13:43:13.461553
Epoch 347/1000, D_loss=2.500493, reward=-7.104366
Epoch: 347: 2022-04-20 13:43:14.213517
Epoch 348/1000, D_loss=2.488835, reward=-7.125629
Epoch: 348: 2022-04-20 13:43:14.951581
Epoch 349/1000, D_loss=2.506199, reward=-7.077488
Epoch: 349: 2022-04-20 13:43:15.691004
Epoch 350/1000, D_loss=2.499310, reward=-7.094740
Test_MRR=0.135640, Test_MR=30.757491, Test_H@10=0.279963
Epoch: 350: 2022-04-20 13:43:17.585552
Epoch 351/1000, D_loss=2.498474, reward=-7.115693
Epoch: 351: 2022-04-20 13:43:18.778176
Epoch 352/1000, D_loss=2.511477, reward=-7.073067
Epoch: 352: 2022-04-20 13:43:19.881213
Epoch 353/1000, D_loss=2.512738, reward=-7.084424
Epoch: 353: 2022-04-20 13:43:20.963073
Epoch 354/1000, D_loss=2.514580, reward=-7.092610
Epoch: 354: 2022-04-20 13:43:21.941672
Epoch 355/1000, D_loss=2.501280, reward=-7.120131
Epoch: 355: 2022-04-20 13:43:22.871480
Epoch 356/1000, D_loss=2.502686, reward=-7.094810
Epoch: 356: 2022-04-20 13:43:23.826693
Epoch 357/1000, D_loss=2.494098, reward=-7.096152
Epoch: 357: 2022-04-20 13:43:24.675110
Epoch 358/1000, D_loss=2.514562, reward=-7.088152
Epoch: 358: 2022-04-20 13:43:25.428230
Epoch 359/1000, D_loss=2.541625, reward=-7.059054
Epoch: 359: 2022-04-20 13:43:26.175286
Epoch 360/1000, D_loss=2.505741, reward=-7.094151
Test_MRR=0.135853, Test_MR=30.646536, Test_H@10=0.269663
Epoch: 360: 2022-04-20 13:43:28.325748
Epoch 361/1000, D_loss=2.507380, reward=-7.099597
Epoch: 361: 2022-04-20 13:43:29.299223
Epoch 362/1000, D_loss=2.493499, reward=-7.108788
Epoch: 362: 2022-04-20 13:43:30.261470
Epoch 363/1000, D_loss=2.496852, reward=-7.092074
Epoch: 363: 2022-04-20 13:43:31.182230
Epoch 364/1000, D_loss=2.512233, reward=-7.085256
Epoch: 364: 2022-04-20 13:43:32.107748
Epoch 365/1000, D_loss=2.507845, reward=-7.094687
Epoch: 365: 2022-04-20 13:43:33.077092
Epoch 366/1000, D_loss=2.487118, reward=-7.129881
Epoch: 366: 2022-04-20 13:43:33.989388
Epoch 367/1000, D_loss=2.494063, reward=-7.097864
Epoch: 367: 2022-04-20 13:43:34.888631
Epoch 368/1000, D_loss=2.522163, reward=-7.059319
Epoch: 368: 2022-04-20 13:43:35.796315
Epoch 369/1000, D_loss=2.506649, reward=-7.090156
Epoch: 369: 2022-04-20 13:43:36.758359
Epoch 370/1000, D_loss=2.524649, reward=-7.064237
Test_MRR=0.134618, Test_MR=30.649813, Test_H@10=0.274345
Epoch: 370: 2022-04-20 13:43:38.848869
Epoch 371/1000, D_loss=2.498715, reward=-7.094064
Epoch: 371: 2022-04-20 13:43:39.598568
Epoch 372/1000, D_loss=2.507693, reward=-7.087432
Epoch: 372: 2022-04-20 13:43:40.344646
Epoch 373/1000, D_loss=2.504277, reward=-7.099130
Epoch: 373: 2022-04-20 13:43:41.092065
Epoch 374/1000, D_loss=2.531643, reward=-7.069998
Epoch: 374: 2022-04-20 13:43:41.838647
Epoch 375/1000, D_loss=2.517400, reward=-7.072568
Epoch: 375: 2022-04-20 13:43:42.587028
Epoch 376/1000, D_loss=2.511353, reward=-7.102447
Epoch: 376: 2022-04-20 13:43:43.338351
Epoch 377/1000, D_loss=2.484279, reward=-7.127597
Epoch: 377: 2022-04-20 13:43:44.084702
Epoch 378/1000, D_loss=2.521629, reward=-7.090770
Epoch: 378: 2022-04-20 13:43:44.833182
Epoch 379/1000, D_loss=2.528745, reward=-7.079844
Epoch: 379: 2022-04-20 13:43:45.588891
Epoch 380/1000, D_loss=2.524641, reward=-7.084073
Test_MRR=0.127660, Test_MR=30.799157, Test_H@10=0.276217
Epoch: 380: 2022-04-20 13:43:48.004463
Epoch 381/1000, D_loss=2.506324, reward=-7.100172
Epoch: 381: 2022-04-20 13:43:48.758325
Epoch 382/1000, D_loss=2.504590, reward=-7.111164
Epoch: 382: 2022-04-20 13:43:49.513647
Epoch 383/1000, D_loss=2.509197, reward=-7.080980
Epoch: 383: 2022-04-20 13:43:50.261037
Epoch 384/1000, D_loss=2.500641, reward=-7.100704
Epoch: 384: 2022-04-20 13:43:50.999745
Epoch 385/1000, D_loss=2.523154, reward=-7.070049
Epoch: 385: 2022-04-20 13:43:51.737218
Epoch 386/1000, D_loss=2.487754, reward=-7.113960
Epoch: 386: 2022-04-20 13:43:52.481528
Epoch 387/1000, D_loss=2.509632, reward=-7.090010
Epoch: 387: 2022-04-20 13:43:53.234171
Epoch 388/1000, D_loss=2.515319, reward=-7.076613
Epoch: 388: 2022-04-20 13:43:54.317777
Epoch 389/1000, D_loss=2.516387, reward=-7.084437
Epoch: 389: 2022-04-20 13:43:55.317636
Epoch 390/1000, D_loss=2.509805, reward=-7.100998
Test_MRR=0.131726, Test_MR=30.872191, Test_H@10=0.276217
Epoch: 390: 2022-04-20 13:43:57.669045
Epoch 391/1000, D_loss=2.507774, reward=-7.085952
Epoch: 391: 2022-04-20 13:43:58.742921
Epoch 392/1000, D_loss=2.517178, reward=-7.075023
Epoch: 392: 2022-04-20 13:43:59.763218
Epoch 393/1000, D_loss=2.520478, reward=-7.058541
Epoch: 393: 2022-04-20 13:44:00.774548
Epoch 394/1000, D_loss=2.498322, reward=-7.098996
Epoch: 394: 2022-04-20 13:44:01.794983
Epoch 395/1000, D_loss=2.502860, reward=-7.104902
Epoch: 395: 2022-04-20 13:44:02.793188
Epoch 396/1000, D_loss=2.507429, reward=-7.116204
Epoch: 396: 2022-04-20 13:44:03.798808
Epoch 397/1000, D_loss=2.505491, reward=-7.103276
Epoch: 397: 2022-04-20 13:44:04.670200
Epoch 398/1000, D_loss=2.514336, reward=-7.081594
Epoch: 398: 2022-04-20 13:44:05.424783
Epoch 399/1000, D_loss=2.526371, reward=-7.079210
Epoch: 399: 2022-04-20 13:44:06.178623
Epoch 400/1000, D_loss=2.520919, reward=-7.074893
Test_MRR=0.129805, Test_MR=30.964419, Test_H@10=0.275281
Epoch: 400: 2022-04-20 13:44:08.073189
Epoch 401/1000, D_loss=2.523452, reward=-7.083254
Epoch: 401: 2022-04-20 13:44:08.824282
Epoch 402/1000, D_loss=2.514427, reward=-7.095324
Epoch: 402: 2022-04-20 13:44:09.628479
Epoch 403/1000, D_loss=2.491455, reward=-7.129230
Epoch: 403: 2022-04-20 13:44:10.378721
Epoch 404/1000, D_loss=2.510648, reward=-7.086667
Epoch: 404: 2022-04-20 13:44:11.129729
Epoch 405/1000, D_loss=2.513560, reward=-7.074018
Epoch: 405: 2022-04-20 13:44:11.864613
Epoch 406/1000, D_loss=2.504749, reward=-7.095663
Epoch: 406: 2022-04-20 13:44:12.609525
Epoch 407/1000, D_loss=2.502747, reward=-7.106062
Epoch: 407: 2022-04-20 13:44:13.360225
Epoch 408/1000, D_loss=2.496255, reward=-7.108182
Epoch: 408: 2022-04-20 13:44:14.106985
Epoch 409/1000, D_loss=2.510689, reward=-7.080047
Epoch: 409: 2022-04-20 13:44:14.852383
Epoch 410/1000, D_loss=2.519013, reward=-7.078470
Test_MRR=0.127266, Test_MR=31.327247, Test_H@10=0.269663
Epoch: 410: 2022-04-20 13:44:16.750809
Epoch 411/1000, D_loss=2.515527, reward=-7.074341
Epoch: 411: 2022-04-20 13:44:17.845086
Epoch 412/1000, D_loss=2.509258, reward=-7.077262
Epoch: 412: 2022-04-20 13:44:18.869494
Epoch 413/1000, D_loss=2.524539, reward=-7.066969
Epoch: 413: 2022-04-20 13:44:19.860348
Epoch 414/1000, D_loss=2.503839, reward=-7.091378
Epoch: 414: 2022-04-20 13:44:20.836785
Epoch 415/1000, D_loss=2.509372, reward=-7.086430
Epoch: 415: 2022-04-20 13:44:21.761991
Epoch 416/1000, D_loss=2.526081, reward=-7.068719
Epoch: 416: 2022-04-20 13:44:22.669660
Epoch 417/1000, D_loss=2.506329, reward=-7.087766
Epoch: 417: 2022-04-20 13:44:23.575129
Epoch 418/1000, D_loss=2.527885, reward=-7.039291
Epoch: 418: 2022-04-20 13:44:24.344907
Epoch 419/1000, D_loss=2.522440, reward=-7.056111
Epoch: 419: 2022-04-20 13:44:25.095530
Epoch 420/1000, D_loss=2.538448, reward=-7.033009
Test_MRR=0.127402, Test_MR=31.472846, Test_H@10=0.269663
Epoch: 420: 2022-04-20 13:44:26.996569
Epoch 421/1000, D_loss=2.517310, reward=-7.063404
Epoch: 421: 2022-04-20 13:44:27.745895
Epoch 422/1000, D_loss=2.484904, reward=-7.105553
Epoch: 422: 2022-04-20 13:44:28.492302
Epoch 423/1000, D_loss=2.532096, reward=-7.037291
Epoch: 423: 2022-04-20 13:44:29.242978
Epoch 424/1000, D_loss=2.497053, reward=-7.085094
Epoch: 424: 2022-04-20 13:44:29.991458
Epoch 425/1000, D_loss=2.536422, reward=-7.046143
Epoch: 425: 2022-04-20 13:44:30.731958
Epoch 426/1000, D_loss=2.518725, reward=-7.059677
Epoch: 426: 2022-04-20 13:44:31.470816
Epoch 427/1000, D_loss=2.529829, reward=-7.071916
Epoch: 427: 2022-04-20 13:44:32.209537
Epoch 428/1000, D_loss=2.516781, reward=-7.081435
Epoch: 428: 2022-04-20 13:44:32.958351
Epoch 429/1000, D_loss=2.510096, reward=-7.091078
Epoch: 429: 2022-04-20 13:44:33.710019
Epoch 430/1000, D_loss=2.520272, reward=-7.066078
Test_MRR=0.131185, Test_MR=31.548221, Test_H@10=0.272004
Epoch: 430: 2022-04-20 13:44:36.143746
Epoch 431/1000, D_loss=2.528179, reward=-7.053737
Epoch: 431: 2022-04-20 13:44:36.980729
Epoch 432/1000, D_loss=2.518275, reward=-7.074146
Epoch: 432: 2022-04-20 13:44:37.824768
Epoch 433/1000, D_loss=2.524141, reward=-7.060110
Epoch: 433: 2022-04-20 13:44:38.653412
Epoch 434/1000, D_loss=2.516705, reward=-7.065088
Epoch: 434: 2022-04-20 13:44:39.405379
Epoch 435/1000, D_loss=2.535517, reward=-7.059575
Epoch: 435: 2022-04-20 13:44:40.342687
Epoch 436/1000, D_loss=2.516053, reward=-7.091955
Epoch: 436: 2022-04-20 13:44:41.156685
Epoch 437/1000, D_loss=2.531518, reward=-7.082335
Epoch: 437: 2022-04-20 13:44:41.903191
Epoch 438/1000, D_loss=2.526446, reward=-7.076544
Epoch: 438: 2022-04-20 13:44:42.646610
Epoch 439/1000, D_loss=2.525080, reward=-7.070484
Epoch: 439: 2022-04-20 13:44:43.386535
Epoch 440/1000, D_loss=2.523480, reward=-7.070739
Test_MRR=0.127373, Test_MR=31.621723, Test_H@10=0.267322
Epoch: 440: 2022-04-20 13:44:45.268109
Epoch 441/1000, D_loss=2.540794, reward=-7.047322
Epoch: 441: 2022-04-20 13:44:46.016371
Epoch 442/1000, D_loss=2.527474, reward=-7.073061
Epoch: 442: 2022-04-20 13:44:46.759132
Epoch 443/1000, D_loss=2.508944, reward=-7.116047
Epoch: 443: 2022-04-20 13:44:47.846051
Epoch 444/1000, D_loss=2.520505, reward=-7.112401
Epoch: 444: 2022-04-20 13:44:48.768443
Epoch 445/1000, D_loss=2.533180, reward=-7.083127
Epoch: 445: 2022-04-20 13:44:49.730355
Epoch 446/1000, D_loss=2.524666, reward=-7.092400
Epoch: 446: 2022-04-20 13:44:50.693110
Epoch 447/1000, D_loss=2.515095, reward=-7.105422
Epoch: 447: 2022-04-20 13:44:51.650627
Epoch 448/1000, D_loss=2.542327, reward=-7.079371
Epoch: 448: 2022-04-20 13:44:52.624846
Epoch 449/1000, D_loss=2.535182, reward=-7.076034
Epoch: 449: 2022-04-20 13:44:53.597486
Epoch 450/1000, D_loss=2.523295, reward=-7.089034
Test_MRR=0.130559, Test_MR=31.665730, Test_H@10=0.262640
Epoch: 450: 2022-04-20 13:44:55.795094
Epoch 451/1000, D_loss=2.519095, reward=-7.086135
Epoch: 451: 2022-04-20 13:44:56.894980
Epoch 452/1000, D_loss=2.521368, reward=-7.104537
Epoch: 452: 2022-04-20 13:44:57.872198
Epoch 453/1000, D_loss=2.545953, reward=-7.084042
Epoch: 453: 2022-04-20 13:44:58.816440
Epoch 454/1000, D_loss=2.524786, reward=-7.096266
Epoch: 454: 2022-04-20 13:44:59.764448
Epoch 455/1000, D_loss=2.524080, reward=-7.085037
Epoch: 455: 2022-04-20 13:45:00.753301
Epoch 456/1000, D_loss=2.534820, reward=-7.071381
Epoch: 456: 2022-04-20 13:45:01.585281
Epoch 457/1000, D_loss=2.524357, reward=-7.072447
Epoch: 457: 2022-04-20 13:45:02.343283
Epoch 458/1000, D_loss=2.519890, reward=-7.065610
Epoch: 458: 2022-04-20 13:45:03.099756
Epoch 459/1000, D_loss=2.523674, reward=-7.054992
Epoch: 459: 2022-04-20 13:45:04.183702
Epoch 460/1000, D_loss=2.514728, reward=-7.086638
Test_MRR=0.121949, Test_MR=31.932116, Test_H@10=0.258895
Epoch: 460: 2022-04-20 13:45:06.546030
Epoch 461/1000, D_loss=2.519278, reward=-7.067569
Epoch: 461: 2022-04-20 13:45:07.537254
Epoch 462/1000, D_loss=2.533349, reward=-7.051864
Epoch: 462: 2022-04-20 13:45:08.482115
Epoch 463/1000, D_loss=2.532258, reward=-7.061110
Epoch: 463: 2022-04-20 13:45:09.347062
Epoch 464/1000, D_loss=2.532176, reward=-7.057447
Epoch: 464: 2022-04-20 13:45:10.114391
Epoch 465/1000, D_loss=2.528146, reward=-7.047019
Epoch: 465: 2022-04-20 13:45:10.875603
Epoch 466/1000, D_loss=2.536198, reward=-7.044332
Epoch: 466: 2022-04-20 13:45:11.638097
Epoch 467/1000, D_loss=2.529184, reward=-7.034361
Epoch: 467: 2022-04-20 13:45:12.407988
Epoch 468/1000, D_loss=2.541219, reward=-7.038162
Epoch: 468: 2022-04-20 13:45:13.185113
Epoch 469/1000, D_loss=2.528632, reward=-7.046739
Epoch: 469: 2022-04-20 13:45:14.108750
Epoch 470/1000, D_loss=2.520988, reward=-7.054567
Test_MRR=0.126620, Test_MR=31.825375, Test_H@10=0.262640
Epoch: 470: 2022-04-20 13:45:16.393636
Epoch 471/1000, D_loss=2.550864, reward=-7.015936
Epoch: 471: 2022-04-20 13:45:17.341721
Epoch 472/1000, D_loss=2.520000, reward=-7.052752
Epoch: 472: 2022-04-20 13:45:18.288753
Epoch 473/1000, D_loss=2.530884, reward=-7.041616
Epoch: 473: 2022-04-20 13:45:19.231957
Epoch 474/1000, D_loss=2.531917, reward=-7.039319
Epoch: 474: 2022-04-20 13:45:20.114620
Epoch 475/1000, D_loss=2.538558, reward=-7.038027
Epoch: 475: 2022-04-20 13:45:20.982387
Epoch 476/1000, D_loss=2.556449, reward=-7.023219
Epoch: 476: 2022-04-20 13:45:21.857285
Epoch 477/1000, D_loss=2.521973, reward=-7.060934
Epoch: 477: 2022-04-20 13:45:22.797839
Epoch 478/1000, D_loss=2.531938, reward=-7.051378
Epoch: 478: 2022-04-20 13:45:23.740115
Epoch 479/1000, D_loss=2.520862, reward=-7.069477
Epoch: 479: 2022-04-20 13:45:24.683698
Epoch 480/1000, D_loss=2.530706, reward=-7.054556
Test_MRR=0.127164, Test_MR=31.891854, Test_H@10=0.261236
Epoch: 480: 2022-04-20 13:45:27.049431
Epoch 481/1000, D_loss=2.519824, reward=-7.061941
Epoch: 481: 2022-04-20 13:45:27.920760
Epoch 482/1000, D_loss=2.546864, reward=-7.043720
Epoch: 482: 2022-04-20 13:45:28.735018
Epoch 483/1000, D_loss=2.531811, reward=-7.055004
Epoch: 483: 2022-04-20 13:45:29.680024
Epoch 484/1000, D_loss=2.512624, reward=-7.077052
Epoch: 484: 2022-04-20 13:45:30.586205
Epoch 485/1000, D_loss=2.536948, reward=-7.055995
Epoch: 485: 2022-04-20 13:45:31.338870
Epoch 486/1000, D_loss=2.512739, reward=-7.068242
Epoch: 486: 2022-04-20 13:45:32.090304
Epoch 487/1000, D_loss=2.532739, reward=-7.052136
Epoch: 487: 2022-04-20 13:45:32.841326
Epoch 488/1000, D_loss=2.548672, reward=-7.052865
Epoch: 488: 2022-04-20 13:45:33.596898
Epoch 489/1000, D_loss=2.528243, reward=-7.060632
Epoch: 489: 2022-04-20 13:45:34.689119
Epoch 490/1000, D_loss=2.539012, reward=-7.044627
Test_MRR=0.126495, Test_MR=32.080056, Test_H@10=0.265449
Epoch: 490: 2022-04-20 13:45:37.070783
Epoch 491/1000, D_loss=2.531589, reward=-7.068719
Epoch: 491: 2022-04-20 13:45:38.179255
Epoch 492/1000, D_loss=2.522486, reward=-7.060633
Epoch: 492: 2022-04-20 13:45:39.232601
Epoch 493/1000, D_loss=2.524834, reward=-7.065090
Epoch: 493: 2022-04-20 13:45:40.330674
Epoch 494/1000, D_loss=2.544701, reward=-7.031868
Epoch: 494: 2022-04-20 13:45:41.350722
Epoch 495/1000, D_loss=2.526324, reward=-7.063823
Epoch: 495: 2022-04-20 13:45:42.344686
Epoch 496/1000, D_loss=2.530496, reward=-7.054653
Epoch: 496: 2022-04-20 13:45:43.244988
Epoch 497/1000, D_loss=2.523050, reward=-7.064718
Epoch: 497: 2022-04-20 13:45:43.994701
Epoch 498/1000, D_loss=2.538864, reward=-7.044481
Epoch: 498: 2022-04-20 13:45:44.739987
Epoch 499/1000, D_loss=2.556851, reward=-7.031817
Epoch: 499: 2022-04-20 13:45:45.491994
Epoch 500/1000, D_loss=2.537387, reward=-7.060018
Test_MRR=0.126175, Test_MR=31.911985, Test_H@10=0.264045
Epoch: 500: 2022-04-20 13:45:47.451298
Epoch 501/1000, D_loss=2.543808, reward=-7.056332
Epoch: 501: 2022-04-20 13:45:48.245251
Epoch 502/1000, D_loss=2.542628, reward=-7.038914
Epoch: 502: 2022-04-20 13:45:48.997494
Epoch 503/1000, D_loss=2.551364, reward=-7.044251
Epoch: 503: 2022-04-20 13:45:49.762674
Epoch 504/1000, D_loss=2.531212, reward=-7.071985
Epoch: 504: 2022-04-20 13:45:50.528389
Epoch 505/1000, D_loss=2.560814, reward=-7.039464
Epoch: 505: 2022-04-20 13:45:51.283104
Epoch 506/1000, D_loss=2.529752, reward=-7.069999
Epoch: 506: 2022-04-20 13:45:52.037708
Epoch 507/1000, D_loss=2.551822, reward=-7.048905
Epoch: 507: 2022-04-20 13:45:52.792139
Epoch 508/1000, D_loss=2.524075, reward=-7.091523
Epoch: 508: 2022-04-20 13:45:53.553073
Epoch 509/1000, D_loss=2.534582, reward=-7.048713
Epoch: 509: 2022-04-20 13:45:54.645626
Epoch 510/1000, D_loss=2.525037, reward=-7.063663
Test_MRR=0.127705, Test_MR=31.631086, Test_H@10=0.273408
Epoch: 510: 2022-04-20 13:45:57.025859
Epoch 511/1000, D_loss=2.526458, reward=-7.064976
Epoch: 511: 2022-04-20 13:45:58.139826
Epoch 512/1000, D_loss=2.552099, reward=-7.043776
Epoch: 512: 2022-04-20 13:45:59.197953
Epoch 513/1000, D_loss=2.554404, reward=-7.030314
Epoch: 513: 2022-04-20 13:46:00.238072
Epoch 514/1000, D_loss=2.553264, reward=-7.035606
Epoch: 514: 2022-04-20 13:46:01.248967
Epoch 515/1000, D_loss=2.539105, reward=-7.047472
Epoch: 515: 2022-04-20 13:46:02.245283
Epoch 516/1000, D_loss=2.544387, reward=-7.029490
Epoch: 516: 2022-04-20 13:46:03.238472
Epoch 517/1000, D_loss=2.526206, reward=-7.065545
Epoch: 517: 2022-04-20 13:46:04.104649
Epoch 518/1000, D_loss=2.526105, reward=-7.060642
Epoch: 518: 2022-04-20 13:46:04.966099
Epoch 519/1000, D_loss=2.531579, reward=-7.060423
Epoch: 519: 2022-04-20 13:46:05.916393
Epoch 520/1000, D_loss=2.518615, reward=-7.064754
Test_MRR=0.125751, Test_MR=32.167135, Test_H@10=0.259363
Epoch: 520: 2022-04-20 13:46:08.491695
Epoch 521/1000, D_loss=2.517139, reward=-7.075732
Epoch: 521: 2022-04-20 13:46:09.307659
Epoch 522/1000, D_loss=2.546468, reward=-7.038786
Epoch: 522: 2022-04-20 13:46:10.065753
Epoch 523/1000, D_loss=2.547307, reward=-7.050763
Epoch: 523: 2022-04-20 13:46:10.823224
Epoch 524/1000, D_loss=2.547700, reward=-7.045966
Epoch: 524: 2022-04-20 13:46:11.580333
Epoch 525/1000, D_loss=2.527260, reward=-7.059468
Epoch: 525: 2022-04-20 13:46:12.395863
Epoch 526/1000, D_loss=2.539188, reward=-7.063962
Epoch: 526: 2022-04-20 13:46:13.277308
Epoch 527/1000, D_loss=2.535472, reward=-7.078240
Epoch: 527: 2022-04-20 13:46:14.033231
Epoch 528/1000, D_loss=2.525591, reward=-7.076301
Epoch: 528: 2022-04-20 13:46:14.788498
Epoch 529/1000, D_loss=2.529045, reward=-7.077031
Epoch: 529: 2022-04-20 13:46:15.598187
Epoch 530/1000, D_loss=2.535635, reward=-7.050550
Test_MRR=0.124977, Test_MR=32.562266, Test_H@10=0.254682
Epoch: 530: 2022-04-20 13:46:18.072827
Epoch 531/1000, D_loss=2.537441, reward=-7.049641
Epoch: 531: 2022-04-20 13:46:19.001344
Epoch 532/1000, D_loss=2.532084, reward=-7.041780
Epoch: 532: 2022-04-20 13:46:19.772653
Epoch 533/1000, D_loss=2.526826, reward=-7.041057
Epoch: 533: 2022-04-20 13:46:20.673487
Epoch 534/1000, D_loss=2.541523, reward=-7.033189
Epoch: 534: 2022-04-20 13:46:21.621731
Epoch 535/1000, D_loss=2.527835, reward=-7.061947
Epoch: 535: 2022-04-20 13:46:22.565547
Epoch 536/1000, D_loss=2.532061, reward=-7.056820
Epoch: 536: 2022-04-20 13:46:23.498305
Epoch 537/1000, D_loss=2.536225, reward=-7.066133
Epoch: 537: 2022-04-20 13:46:24.257083
Epoch 538/1000, D_loss=2.527958, reward=-7.061168
Epoch: 538: 2022-04-20 13:46:25.051455
Epoch 539/1000, D_loss=2.537409, reward=-7.053045
Epoch: 539: 2022-04-20 13:46:25.922901
Epoch 540/1000, D_loss=2.558387, reward=-7.019125
Test_MRR=0.121174, Test_MR=32.798689, Test_H@10=0.249064
Epoch: 540: 2022-04-20 13:46:27.905093
Epoch 541/1000, D_loss=2.550810, reward=-7.021355
Epoch: 541: 2022-04-20 13:46:28.849131
Epoch 542/1000, D_loss=2.571563, reward=-7.005124
Epoch: 542: 2022-04-20 13:46:29.722125
Epoch 543/1000, D_loss=2.540610, reward=-7.053789
Epoch: 543: 2022-04-20 13:46:30.665932
Epoch 544/1000, D_loss=2.526535, reward=-7.080038
Epoch: 544: 2022-04-20 13:46:31.610078
Epoch 545/1000, D_loss=2.532777, reward=-7.053131
Epoch: 545: 2022-04-20 13:46:32.549129
Epoch 546/1000, D_loss=2.541605, reward=-7.034421
Epoch: 546: 2022-04-20 13:46:33.476218
Epoch 547/1000, D_loss=2.549500, reward=-7.035090
Epoch: 547: 2022-04-20 13:46:34.241157
Epoch 548/1000, D_loss=2.541170, reward=-7.036897
Epoch: 548: 2022-04-20 13:46:35.328644
Epoch 549/1000, D_loss=2.540082, reward=-7.033711
Epoch: 549: 2022-04-20 13:46:36.329861
Epoch 550/1000, D_loss=2.549261, reward=-7.015698
Test_MRR=0.119320, Test_MR=32.495318, Test_H@10=0.251404
Epoch: 550: 2022-04-20 13:46:38.409689
Epoch 551/1000, D_loss=2.545025, reward=-7.027273
Epoch: 551: 2022-04-20 13:46:39.450662
Epoch 552/1000, D_loss=2.514527, reward=-7.060128
Epoch: 552: 2022-04-20 13:46:40.506092
Epoch 553/1000, D_loss=2.535346, reward=-7.015502
Epoch: 553: 2022-04-20 13:46:41.510630
Epoch 554/1000, D_loss=2.531527, reward=-7.039658
Epoch: 554: 2022-04-20 13:46:42.328649
Epoch 555/1000, D_loss=2.550389, reward=-7.010739
Epoch: 555: 2022-04-20 13:46:43.087669
Epoch 556/1000, D_loss=2.533833, reward=-7.030532
Epoch: 556: 2022-04-20 13:46:43.842316
Epoch 557/1000, D_loss=2.527436, reward=-7.053312
Epoch: 557: 2022-04-20 13:46:44.640212
Epoch 558/1000, D_loss=2.565783, reward=-7.008708
Epoch: 558: 2022-04-20 13:46:45.592751
Epoch 559/1000, D_loss=2.550238, reward=-7.039299
Epoch: 559: 2022-04-20 13:46:46.542461
Epoch 560/1000, D_loss=2.519584, reward=-7.058816
Test_MRR=0.122324, Test_MR=32.589888, Test_H@10=0.262172
Epoch: 560: 2022-04-20 13:46:49.168842
Epoch 561/1000, D_loss=2.541001, reward=-7.037132
Epoch: 561: 2022-04-20 13:46:50.078898
Epoch 562/1000, D_loss=2.546975, reward=-7.032282
Epoch: 562: 2022-04-20 13:46:50.830375
Epoch 563/1000, D_loss=2.565848, reward=-7.011401
Epoch: 563: 2022-04-20 13:46:51.584269
Epoch 564/1000, D_loss=2.561505, reward=-7.033369
Epoch: 564: 2022-04-20 13:46:52.331988
Epoch 565/1000, D_loss=2.537671, reward=-7.051934
Epoch: 565: 2022-04-20 13:46:53.086826
Epoch 566/1000, D_loss=2.553046, reward=-7.033298
Epoch: 566: 2022-04-20 13:46:53.842849
Epoch 567/1000, D_loss=2.547835, reward=-7.062212
Epoch: 567: 2022-04-20 13:46:54.909085
Epoch 568/1000, D_loss=2.539294, reward=-7.059876
Epoch: 568: 2022-04-20 13:46:55.834773
Epoch 569/1000, D_loss=2.546871, reward=-7.053903
Epoch: 569: 2022-04-20 13:46:56.764420
Epoch 570/1000, D_loss=2.561730, reward=-7.022923
Test_MRR=0.121194, Test_MR=32.462079, Test_H@10=0.253745
Epoch: 570: 2022-04-20 13:46:59.169165
Epoch 571/1000, D_loss=2.539607, reward=-7.068972
Epoch: 571: 2022-04-20 13:47:00.312213
Epoch 572/1000, D_loss=2.539461, reward=-7.060448
Epoch: 572: 2022-04-20 13:47:01.437178
Epoch 573/1000, D_loss=2.536915, reward=-7.052197
Epoch: 573: 2022-04-20 13:47:02.477507
Epoch 574/1000, D_loss=2.570526, reward=-7.021529
Epoch: 574: 2022-04-20 13:47:03.455310
Epoch 575/1000, D_loss=2.530982, reward=-7.075979
Epoch: 575: 2022-04-20 13:47:04.490369
Epoch 576/1000, D_loss=2.528874, reward=-7.064040
Epoch: 576: 2022-04-20 13:47:05.477006
Epoch 577/1000, D_loss=2.549034, reward=-7.052091
Epoch: 577: 2022-04-20 13:47:06.421365
Epoch 578/1000, D_loss=2.531998, reward=-7.059680
Epoch: 578: 2022-04-20 13:47:07.578984
Epoch 579/1000, D_loss=2.515888, reward=-7.080277
Epoch: 579: 2022-04-20 13:47:08.638964
Epoch 580/1000, D_loss=2.549656, reward=-7.048852
Test_MRR=0.119810, Test_MR=32.401217, Test_H@10=0.249064
Epoch: 580: 2022-04-20 13:47:10.660813
Epoch 581/1000, D_loss=2.544544, reward=-7.044238
Epoch: 581: 2022-04-20 13:47:11.403104
Epoch 582/1000, D_loss=2.541466, reward=-7.059517
Epoch: 582: 2022-04-20 13:47:12.136095
Epoch 583/1000, D_loss=2.521907, reward=-7.076356
Epoch: 583: 2022-04-20 13:47:12.862972
Epoch 584/1000, D_loss=2.523220, reward=-7.078595
Epoch: 584: 2022-04-20 13:47:13.597178
Epoch 585/1000, D_loss=2.548646, reward=-7.045794
Epoch: 585: 2022-04-20 13:47:14.358187
Epoch 586/1000, D_loss=2.560560, reward=-7.045811
Epoch: 586: 2022-04-20 13:47:15.145021
Epoch 587/1000, D_loss=2.541756, reward=-7.048135
Epoch: 587: 2022-04-20 13:47:16.125968
Epoch 588/1000, D_loss=2.532703, reward=-7.066947
Epoch: 588: 2022-04-20 13:47:17.192949
Epoch 589/1000, D_loss=2.550119, reward=-7.040542
Epoch: 589: 2022-04-20 13:47:18.318308
Epoch 590/1000, D_loss=2.540048, reward=-7.065867
Test_MRR=0.119347, Test_MR=32.882022, Test_H@10=0.249532
Epoch: 590: 2022-04-20 13:47:20.433743
Epoch 591/1000, D_loss=2.547601, reward=-7.069995
Epoch: 591: 2022-04-20 13:47:21.432215
Epoch 592/1000, D_loss=2.569159, reward=-7.030059
Epoch: 592: 2022-04-20 13:47:22.453486
Epoch 593/1000, D_loss=2.535104, reward=-7.080039
Epoch: 593: 2022-04-20 13:47:23.569820
Epoch 594/1000, D_loss=2.535642, reward=-7.088594
Epoch: 594: 2022-04-20 13:47:24.558469
Epoch 595/1000, D_loss=2.546042, reward=-7.084759
Epoch: 595: 2022-04-20 13:47:25.509900
Epoch 596/1000, D_loss=2.541532, reward=-7.080799
Epoch: 596: 2022-04-20 13:47:26.454211
Epoch 597/1000, D_loss=2.556533, reward=-7.071710
Epoch: 597: 2022-04-20 13:47:27.401724
Epoch 598/1000, D_loss=2.535698, reward=-7.085729
Epoch: 598: 2022-04-20 13:47:28.347614
Epoch 599/1000, D_loss=2.576174, reward=-7.035944
Epoch: 599: 2022-04-20 13:47:29.292795
Epoch 600/1000, D_loss=2.557313, reward=-7.048334
Test_MRR=0.121492, Test_MR=32.422285, Test_H@10=0.248127
Epoch: 600: 2022-04-20 13:47:31.650895
Epoch 601/1000, D_loss=2.524396, reward=-7.097277
Epoch: 601: 2022-04-20 13:47:32.620654
Epoch 602/1000, D_loss=2.547786, reward=-7.058465
Epoch: 602: 2022-04-20 13:47:33.565861
Epoch 603/1000, D_loss=2.541390, reward=-7.076369
Epoch: 603: 2022-04-20 13:47:34.511407
Epoch 604/1000, D_loss=2.537752, reward=-7.076119
Epoch: 604: 2022-04-20 13:47:35.456345
Epoch 605/1000, D_loss=2.555788, reward=-7.056271
Epoch: 605: 2022-04-20 13:47:36.396383
Epoch 606/1000, D_loss=2.555331, reward=-7.059229
Epoch: 606: 2022-04-20 13:47:37.564899
Epoch 607/1000, D_loss=2.545607, reward=-7.070846
Epoch: 607: 2022-04-20 13:47:38.594221
Epoch 608/1000, D_loss=2.548484, reward=-7.071032
Epoch: 608: 2022-04-20 13:47:39.579682
Epoch 609/1000, D_loss=2.569077, reward=-7.052710
Epoch: 609: 2022-04-20 13:47:40.564254
Epoch 610/1000, D_loss=2.562802, reward=-7.058931
Test_MRR=0.123526, Test_MR=32.210674, Test_H@10=0.256086
Epoch: 610: 2022-04-20 13:47:42.916603
Epoch 611/1000, D_loss=2.557782, reward=-7.049328
Epoch: 611: 2022-04-20 13:47:43.991640
Epoch 612/1000, D_loss=2.538632, reward=-7.072288
Epoch: 612: 2022-04-20 13:47:44.985405
Epoch 613/1000, D_loss=2.536739, reward=-7.078238
Epoch: 613: 2022-04-20 13:47:45.909342
Epoch 614/1000, D_loss=2.560077, reward=-7.047176
Epoch: 614: 2022-04-20 13:47:46.948359
Epoch 615/1000, D_loss=2.564319, reward=-7.026308
Epoch: 615: 2022-04-20 13:47:48.013024
Epoch 616/1000, D_loss=2.545716, reward=-7.048153
Epoch: 616: 2022-04-20 13:47:48.925377
Epoch 617/1000, D_loss=2.546263, reward=-7.070056
Epoch: 617: 2022-04-20 13:47:49.774750
Epoch 618/1000, D_loss=2.545011, reward=-7.066856
Epoch: 618: 2022-04-20 13:47:50.715270
Epoch 619/1000, D_loss=2.539353, reward=-7.065947
Epoch: 619: 2022-04-20 13:47:51.623974
Epoch 620/1000, D_loss=2.543907, reward=-7.061596
Test_MRR=0.125268, Test_MR=32.140449, Test_H@10=0.261236
Epoch: 620: 2022-04-20 13:47:53.553621
Epoch 621/1000, D_loss=2.538868, reward=-7.069532
Epoch: 621: 2022-04-20 13:47:54.521914
Epoch 622/1000, D_loss=2.563792, reward=-7.024944
Epoch: 622: 2022-04-20 13:47:55.466656
Epoch 623/1000, D_loss=2.556998, reward=-7.036634
Epoch: 623: 2022-04-20 13:47:56.407019
Epoch 624/1000, D_loss=2.548229, reward=-7.042991
Epoch: 624: 2022-04-20 13:47:57.351144
Epoch 625/1000, D_loss=2.544462, reward=-7.037790
Epoch: 625: 2022-04-20 13:47:58.292519
Epoch 626/1000, D_loss=2.570672, reward=-7.026865
Epoch: 626: 2022-04-20 13:47:59.149015
Epoch 627/1000, D_loss=2.559222, reward=-7.042408
Epoch: 627: 2022-04-20 13:47:59.994394
Epoch 628/1000, D_loss=2.551944, reward=-7.051965
Epoch: 628: 2022-04-20 13:48:00.858073
Epoch 629/1000, D_loss=2.557300, reward=-7.034100
Epoch: 629: 2022-04-20 13:48:01.608480
Epoch 630/1000, D_loss=2.541602, reward=-7.040341
Test_MRR=0.125471, Test_MR=32.036985, Test_H@10=0.261236
Epoch: 630: 2022-04-20 13:48:03.492896
Epoch 631/1000, D_loss=2.544202, reward=-7.037296
Epoch: 631: 2022-04-20 13:48:04.251672
Epoch 632/1000, D_loss=2.553799, reward=-7.020486
Epoch: 632: 2022-04-20 13:48:05.002500
Epoch 633/1000, D_loss=2.543772, reward=-7.033433
Epoch: 633: 2022-04-20 13:48:05.927926
Epoch 634/1000, D_loss=2.542716, reward=-7.040503
Epoch: 634: 2022-04-20 13:48:06.868931
Epoch 635/1000, D_loss=2.567521, reward=-7.024083
Epoch: 635: 2022-04-20 13:48:07.812311
Epoch 636/1000, D_loss=2.541428, reward=-7.064544
Epoch: 636: 2022-04-20 13:48:08.762136
Epoch 637/1000, D_loss=2.564691, reward=-7.031458
Epoch: 637: 2022-04-20 13:48:09.711201
Epoch 638/1000, D_loss=2.532387, reward=-7.063067
Epoch: 638: 2022-04-20 13:48:10.664494
Epoch 639/1000, D_loss=2.554800, reward=-7.042507
Epoch: 639: 2022-04-20 13:48:11.608960
Epoch 640/1000, D_loss=2.543282, reward=-7.045393
Test_MRR=0.119939, Test_MR=32.580524, Test_H@10=0.261704
Epoch: 640: 2022-04-20 13:48:13.980777
Epoch 641/1000, D_loss=2.554935, reward=-7.036573
Epoch: 641: 2022-04-20 13:48:14.929450
Epoch 642/1000, D_loss=2.556252, reward=-7.037969
Epoch: 642: 2022-04-20 13:48:15.856295
Epoch 643/1000, D_loss=2.566004, reward=-7.040677
Epoch: 643: 2022-04-20 13:48:16.747502
Epoch 644/1000, D_loss=2.535698, reward=-7.060176
Epoch: 644: 2022-04-20 13:48:17.695726
Epoch 645/1000, D_loss=2.554110, reward=-7.041198
Epoch: 645: 2022-04-20 13:48:18.838748
Epoch 646/1000, D_loss=2.562741, reward=-7.016125
Epoch: 646: 2022-04-20 13:48:19.928360
Epoch 647/1000, D_loss=2.539163, reward=-7.048732
Epoch: 647: 2022-04-20 13:48:20.917323
Epoch 648/1000, D_loss=2.546558, reward=-7.036428
Epoch: 648: 2022-04-20 13:48:21.898157
Epoch 649/1000, D_loss=2.564675, reward=-7.017735
Epoch: 649: 2022-04-20 13:48:22.872199
Epoch 650/1000, D_loss=2.565588, reward=-7.016392
Test_MRR=0.121036, Test_MR=32.049625, Test_H@10=0.257022
Epoch: 650: 2022-04-20 13:48:25.188675
Epoch 651/1000, D_loss=2.569795, reward=-7.007980
Epoch: 651: 2022-04-20 13:48:26.169067
Epoch 652/1000, D_loss=2.570549, reward=-6.989203
Epoch: 652: 2022-04-20 13:48:27.158514
Epoch 653/1000, D_loss=2.537394, reward=-7.044603
Epoch: 653: 2022-04-20 13:48:28.313222
Epoch 654/1000, D_loss=2.572066, reward=-7.020494
Epoch: 654: 2022-04-20 13:48:29.320151
Epoch 655/1000, D_loss=2.557434, reward=-7.015559
Epoch: 655: 2022-04-20 13:48:30.294791
Epoch 656/1000, D_loss=2.554911, reward=-7.033312
Epoch: 656: 2022-04-20 13:48:31.273068
Epoch 657/1000, D_loss=2.549749, reward=-7.034156
Epoch: 657: 2022-04-20 13:48:32.253863
Epoch 658/1000, D_loss=2.562663, reward=-7.010207
Epoch: 658: 2022-04-20 13:48:33.233134
Epoch 659/1000, D_loss=2.553782, reward=-7.030863
Epoch: 659: 2022-04-20 13:48:34.144595
Epoch 660/1000, D_loss=2.562671, reward=-7.015941
Test_MRR=0.120991, Test_MR=32.212547, Test_H@10=0.251873
Epoch: 660: 2022-04-20 13:48:36.138552
Epoch 661/1000, D_loss=2.549011, reward=-7.025829
Epoch: 661: 2022-04-20 13:48:37.086730
Epoch 662/1000, D_loss=2.556158, reward=-7.024765
Epoch: 662: 2022-04-20 13:48:38.026471
Epoch 663/1000, D_loss=2.562786, reward=-7.005531
Epoch: 663: 2022-04-20 13:48:38.854923
Epoch 664/1000, D_loss=2.551830, reward=-7.012725
Epoch: 664: 2022-04-20 13:48:39.617497
Epoch 665/1000, D_loss=2.561600, reward=-7.009076
Epoch: 665: 2022-04-20 13:48:40.382118
Epoch 666/1000, D_loss=2.555558, reward=-6.991175
Epoch: 666: 2022-04-20 13:48:41.144321
Epoch 667/1000, D_loss=2.557864, reward=-7.004502
Epoch: 667: 2022-04-20 13:48:41.905262
Epoch 668/1000, D_loss=2.551456, reward=-7.019431
Epoch: 668: 2022-04-20 13:48:42.726761
Epoch 669/1000, D_loss=2.552532, reward=-7.016856
Epoch: 669: 2022-04-20 13:48:43.702540
Epoch 670/1000, D_loss=2.562109, reward=-6.996962
Test_MRR=0.120967, Test_MR=31.973783, Test_H@10=0.256086
Epoch: 670: 2022-04-20 13:48:45.813507
Epoch 671/1000, D_loss=2.537099, reward=-7.016275
Epoch: 671: 2022-04-20 13:48:46.926589
Epoch 672/1000, D_loss=2.548873, reward=-7.013944
Epoch: 672: 2022-04-20 13:48:47.997596
Epoch 673/1000, D_loss=2.560524, reward=-7.002306
Epoch: 673: 2022-04-20 13:48:49.015852
Epoch 674/1000, D_loss=2.537714, reward=-7.016361
Epoch: 674: 2022-04-20 13:48:49.965834
Epoch 675/1000, D_loss=2.546932, reward=-7.024346
Epoch: 675: 2022-04-20 13:48:50.811345
Epoch 676/1000, D_loss=2.576540, reward=-6.988425
Epoch: 676: 2022-04-20 13:48:51.749668
Epoch 677/1000, D_loss=2.558381, reward=-7.015777
Epoch: 677: 2022-04-20 13:48:52.730198
Epoch 678/1000, D_loss=2.554943, reward=-7.033213
Epoch: 678: 2022-04-20 13:48:53.716600
Epoch 679/1000, D_loss=2.552402, reward=-7.024988
Epoch: 679: 2022-04-20 13:48:54.700756
Epoch 680/1000, D_loss=2.559607, reward=-7.044070
Test_MRR=0.119485, Test_MR=31.914326, Test_H@10=0.264045
Epoch: 680: 2022-04-20 13:48:57.064004
Epoch 681/1000, D_loss=2.567771, reward=-7.027350
Epoch: 681: 2022-04-20 13:48:58.010757
Epoch 682/1000, D_loss=2.564976, reward=-7.016150
Epoch: 682: 2022-04-20 13:48:58.956596
Epoch 683/1000, D_loss=2.575364, reward=-6.989532
Epoch: 683: 2022-04-20 13:48:59.899441
Epoch 684/1000, D_loss=2.563458, reward=-6.993160
Epoch: 684: 2022-04-20 13:49:00.840084
Epoch 685/1000, D_loss=2.551035, reward=-7.001661
Epoch: 685: 2022-04-20 13:49:01.786591
Epoch 686/1000, D_loss=2.550631, reward=-7.014677
Epoch: 686: 2022-04-20 13:49:02.725757
Epoch 687/1000, D_loss=2.574228, reward=-6.983446
Epoch: 687: 2022-04-20 13:49:03.668217
Epoch 688/1000, D_loss=2.536025, reward=-7.038410
Epoch: 688: 2022-04-20 13:49:04.611006
Epoch 689/1000, D_loss=2.550739, reward=-7.033804
Epoch: 689: 2022-04-20 13:49:05.685565
Epoch 690/1000, D_loss=2.545911, reward=-7.036374
Test_MRR=0.119195, Test_MR=31.880618, Test_H@10=0.249532
Epoch: 690: 2022-04-20 13:49:08.031396
Epoch 691/1000, D_loss=2.562921, reward=-7.026115
Epoch: 691: 2022-04-20 13:49:08.976244
Epoch 692/1000, D_loss=2.551837, reward=-7.024897
Epoch: 692: 2022-04-20 13:49:09.902708
Epoch 693/1000, D_loss=2.560495, reward=-7.011944
Epoch: 693: 2022-04-20 13:49:10.846899
Epoch 694/1000, D_loss=2.556354, reward=-7.022182
Epoch: 694: 2022-04-20 13:49:11.790933
Epoch 695/1000, D_loss=2.569780, reward=-7.000540
Epoch: 695: 2022-04-20 13:49:12.788303
Epoch 696/1000, D_loss=2.572295, reward=-7.009319
Epoch: 696: 2022-04-20 13:49:13.793974
Epoch 697/1000, D_loss=2.550262, reward=-7.039239
Epoch: 697: 2022-04-20 13:49:14.764917
Epoch 698/1000, D_loss=2.564465, reward=-7.021080
Epoch: 698: 2022-04-20 13:49:15.734130
Epoch 699/1000, D_loss=2.552184, reward=-7.024251
Epoch: 699: 2022-04-20 13:49:16.707821
Epoch 700/1000, D_loss=2.561409, reward=-7.004124
Test_MRR=0.120383, Test_MR=31.834738, Test_H@10=0.253745
Epoch: 700: 2022-04-20 13:49:19.007780
Epoch 701/1000, D_loss=2.539471, reward=-7.024687
Epoch: 701: 2022-04-20 13:49:19.997730
Epoch 702/1000, D_loss=2.549335, reward=-7.023474
Epoch: 702: 2022-04-20 13:49:21.040807
Epoch 703/1000, D_loss=2.566679, reward=-7.008662
Epoch: 703: 2022-04-20 13:49:22.096441
Epoch 704/1000, D_loss=2.547298, reward=-7.036204
Epoch: 704: 2022-04-20 13:49:23.142627
Epoch 705/1000, D_loss=2.570315, reward=-7.024976
Epoch: 705: 2022-04-20 13:49:24.144548
Epoch 706/1000, D_loss=2.559453, reward=-7.034061
Epoch: 706: 2022-04-20 13:49:25.068674
Epoch 707/1000, D_loss=2.561927, reward=-7.022255
Epoch: 707: 2022-04-20 13:49:25.962384
Epoch 708/1000, D_loss=2.538635, reward=-7.040456
Epoch: 708: 2022-04-20 13:49:26.866822
Epoch 709/1000, D_loss=2.568137, reward=-7.002657
Epoch: 709: 2022-04-20 13:49:27.774029
Epoch 710/1000, D_loss=2.540266, reward=-7.041420
Test_MRR=0.123362, Test_MR=31.925094, Test_H@10=0.252341
Epoch: 710: 2022-04-20 13:49:30.137852
Epoch 711/1000, D_loss=2.571485, reward=-6.991212
Epoch: 711: 2022-04-20 13:49:31.122215
Epoch 712/1000, D_loss=2.552803, reward=-7.020801
Epoch: 712: 2022-04-20 13:49:32.105941
Epoch 713/1000, D_loss=2.559452, reward=-7.005630
Epoch: 713: 2022-04-20 13:49:33.040623
Epoch 714/1000, D_loss=2.574700, reward=-6.976270
Epoch: 714: 2022-04-20 13:49:34.083008
Epoch 715/1000, D_loss=2.556951, reward=-7.012278
Epoch: 715: 2022-04-20 13:49:35.118742
Epoch 716/1000, D_loss=2.559407, reward=-7.016225
Epoch: 716: 2022-04-20 13:49:36.045847
Epoch 717/1000, D_loss=2.563016, reward=-6.997877
Epoch: 717: 2022-04-20 13:49:37.014158
Epoch 718/1000, D_loss=2.566995, reward=-6.987111
Epoch: 718: 2022-04-20 13:49:37.893428
Epoch 719/1000, D_loss=2.555652, reward=-7.000185
Epoch: 719: 2022-04-20 13:49:38.643128
Epoch 720/1000, D_loss=2.572935, reward=-6.997538
Test_MRR=0.123092, Test_MR=31.930243, Test_H@10=0.264513
Epoch: 720: 2022-04-20 13:49:40.649725
Epoch 721/1000, D_loss=2.566109, reward=-6.987717
Epoch: 721: 2022-04-20 13:49:41.618730
Epoch 722/1000, D_loss=2.559433, reward=-7.013403
Epoch: 722: 2022-04-20 13:49:42.469320
Epoch 723/1000, D_loss=2.572155, reward=-6.999031
Epoch: 723: 2022-04-20 13:49:43.296543
Epoch 724/1000, D_loss=2.562345, reward=-7.004509
Epoch: 724: 2022-04-20 13:49:44.042695
Epoch 725/1000, D_loss=2.547388, reward=-7.028854
Epoch: 725: 2022-04-20 13:49:44.953556
Epoch 726/1000, D_loss=2.543671, reward=-7.021403
Epoch: 726: 2022-04-20 13:49:45.711446
Epoch 727/1000, D_loss=2.568561, reward=-6.995057
Epoch: 727: 2022-04-20 13:49:46.465517
Epoch 728/1000, D_loss=2.555740, reward=-7.001231
Epoch: 728: 2022-04-20 13:49:47.221803
Epoch 729/1000, D_loss=2.548444, reward=-6.992547
Epoch: 729: 2022-04-20 13:49:48.296881
Epoch 730/1000, D_loss=2.557577, reward=-6.983223
Test_MRR=0.123335, Test_MR=31.999532, Test_H@10=0.263109
Epoch: 730: 2022-04-20 13:49:50.548810
Epoch 731/1000, D_loss=2.569547, reward=-6.980615
Epoch: 731: 2022-04-20 13:49:51.652552
Epoch 732/1000, D_loss=2.593399, reward=-6.944830
Epoch: 732: 2022-04-20 13:49:52.754196
Epoch 733/1000, D_loss=2.560487, reward=-6.989749
Epoch: 733: 2022-04-20 13:49:53.846694
Epoch 734/1000, D_loss=2.549779, reward=-7.006164
Epoch: 734: 2022-04-20 13:49:54.822022
Epoch 735/1000, D_loss=2.593557, reward=-6.959088
Epoch: 735: 2022-04-20 13:49:55.572313
Epoch 736/1000, D_loss=2.576482, reward=-6.969995
Epoch: 736: 2022-04-20 13:49:56.328196
Epoch 737/1000, D_loss=2.573310, reward=-6.971805
Epoch: 737: 2022-04-20 13:49:57.083808
Epoch 738/1000, D_loss=2.576156, reward=-6.973311
Epoch: 738: 2022-04-20 13:49:57.837548
Epoch 739/1000, D_loss=2.587539, reward=-6.980083
Epoch: 739: 2022-04-20 13:49:58.588454
Epoch 740/1000, D_loss=2.571547, reward=-6.978981
Test_MRR=0.120369, Test_MR=32.219569, Test_H@10=0.258427
Epoch: 740: 2022-04-20 13:50:00.482804
Epoch 741/1000, D_loss=2.570953, reward=-6.966405
Epoch: 741: 2022-04-20 13:50:01.260977
Epoch 742/1000, D_loss=2.572100, reward=-6.966451
Epoch: 742: 2022-04-20 13:50:02.128172
Epoch 743/1000, D_loss=2.549232, reward=-6.996122
Epoch: 743: 2022-04-20 13:50:03.078570
Epoch 744/1000, D_loss=2.576970, reward=-6.978067
Epoch: 744: 2022-04-20 13:50:04.011947
Epoch 745/1000, D_loss=2.556541, reward=-7.012388
Epoch: 745: 2022-04-20 13:50:04.943666
Epoch 746/1000, D_loss=2.566109, reward=-6.988941
Epoch: 746: 2022-04-20 13:50:05.976818
Epoch 747/1000, D_loss=2.577633, reward=-6.980939
Epoch: 747: 2022-04-20 13:50:06.874481
Epoch 748/1000, D_loss=2.563010, reward=-7.012427
Epoch: 748: 2022-04-20 13:50:07.622960
Epoch 749/1000, D_loss=2.567511, reward=-6.999256
Epoch: 749: 2022-04-20 13:50:08.379342
Epoch 750/1000, D_loss=2.517406, reward=-7.075481
Test_MRR=0.122122, Test_MR=32.279494, Test_H@10=0.255150
Epoch: 750: 2022-04-20 13:50:10.409136
Epoch 751/1000, D_loss=2.552686, reward=-7.038534
Epoch: 751: 2022-04-20 13:50:11.194436
Epoch 752/1000, D_loss=2.569700, reward=-7.012431
Epoch: 752: 2022-04-20 13:50:11.937425
Epoch 753/1000, D_loss=2.564765, reward=-7.012093
Epoch: 753: 2022-04-20 13:50:12.697589
Epoch 754/1000, D_loss=2.568770, reward=-7.031748
Epoch: 754: 2022-04-20 13:50:13.458951
Epoch 755/1000, D_loss=2.546131, reward=-7.066917
Epoch: 755: 2022-04-20 13:50:14.213840
Epoch 756/1000, D_loss=2.562314, reward=-7.041575
Epoch: 756: 2022-04-20 13:50:14.970040
Epoch 757/1000, D_loss=2.577740, reward=-7.030787
Epoch: 757: 2022-04-20 13:50:15.888025
Epoch 758/1000, D_loss=2.565893, reward=-7.025304
Epoch: 758: 2022-04-20 13:50:16.818717
Epoch 759/1000, D_loss=2.570575, reward=-7.016087
Epoch: 759: 2022-04-20 13:50:17.700477
Epoch 760/1000, D_loss=2.561787, reward=-7.025322
Test_MRR=0.126703, Test_MR=32.126404, Test_H@10=0.254682
Epoch: 760: 2022-04-20 13:50:19.836951
Epoch 761/1000, D_loss=2.586600, reward=-6.966179
Epoch: 761: 2022-04-20 13:50:20.604862
Epoch 762/1000, D_loss=2.561399, reward=-6.995060
Epoch: 762: 2022-04-20 13:50:21.365203
Epoch 763/1000, D_loss=2.561945, reward=-7.012065
Epoch: 763: 2022-04-20 13:50:22.113893
Epoch 764/1000, D_loss=2.547806, reward=-7.008414
Epoch: 764: 2022-04-20 13:50:22.855316
Epoch 765/1000, D_loss=2.533387, reward=-7.033916
Epoch: 765: 2022-04-20 13:50:23.610269
Epoch 766/1000, D_loss=2.577580, reward=-6.982797
Epoch: 766: 2022-04-20 13:50:24.368622
Epoch 767/1000, D_loss=2.574605, reward=-6.984147
Epoch: 767: 2022-04-20 13:50:25.490874
Epoch 768/1000, D_loss=2.568339, reward=-7.007384
Epoch: 768: 2022-04-20 13:50:26.495830
Epoch 769/1000, D_loss=2.561643, reward=-7.017255
Epoch: 769: 2022-04-20 13:50:27.452984
Epoch 770/1000, D_loss=2.566248, reward=-7.000938
Test_MRR=0.126447, Test_MR=32.021536, Test_H@10=0.256554
Epoch: 770: 2022-04-20 13:50:29.770649
Epoch 771/1000, D_loss=2.555508, reward=-7.012593
Epoch: 771: 2022-04-20 13:50:30.735699
Epoch 772/1000, D_loss=2.551074, reward=-7.017214
Epoch: 772: 2022-04-20 13:50:31.689991
Epoch 773/1000, D_loss=2.546516, reward=-7.025224
Epoch: 773: 2022-04-20 13:50:32.655698
Epoch 774/1000, D_loss=2.550959, reward=-7.015531
Epoch: 774: 2022-04-20 13:50:33.626596
Epoch 775/1000, D_loss=2.561643, reward=-7.001902
Epoch: 775: 2022-04-20 13:50:34.402803
Epoch 776/1000, D_loss=2.558345, reward=-6.998660
Epoch: 776: 2022-04-20 13:50:35.147015
Epoch 777/1000, D_loss=2.561047, reward=-6.989157
Epoch: 777: 2022-04-20 13:50:35.887987
Epoch 778/1000, D_loss=2.562132, reward=-6.980476
Epoch: 778: 2022-04-20 13:50:36.645251
Epoch 779/1000, D_loss=2.567490, reward=-6.985929
Epoch: 779: 2022-04-20 13:50:37.677092
Epoch 780/1000, D_loss=2.555684, reward=-6.978353
Test_MRR=0.117012, Test_MR=32.356742, Test_H@10=0.251873
Epoch: 780: 2022-04-20 13:50:39.913204
Epoch 781/1000, D_loss=2.561922, reward=-6.990468
Epoch: 781: 2022-04-20 13:50:41.045002
Epoch 782/1000, D_loss=2.562551, reward=-6.987514
Epoch: 782: 2022-04-20 13:50:42.103034
Epoch 783/1000, D_loss=2.552400, reward=-7.015900
Epoch: 783: 2022-04-20 13:50:43.145462
Epoch 784/1000, D_loss=2.565689, reward=-7.004686
Epoch: 784: 2022-04-20 13:50:44.146823
Epoch 785/1000, D_loss=2.562351, reward=-6.997238
Epoch: 785: 2022-04-20 13:50:45.159822
Epoch 786/1000, D_loss=2.573230, reward=-6.985352
Epoch: 786: 2022-04-20 13:50:46.156787
Epoch 787/1000, D_loss=2.558318, reward=-7.012002
Epoch: 787: 2022-04-20 13:50:47.102712
Epoch 788/1000, D_loss=2.558672, reward=-7.012945
Epoch: 788: 2022-04-20 13:50:47.988712
Epoch 789/1000, D_loss=2.576013, reward=-6.997914
Epoch: 789: 2022-04-20 13:50:49.084736
Epoch 790/1000, D_loss=2.564098, reward=-7.008395
Test_MRR=0.124042, Test_MR=32.052903, Test_H@10=0.262172
Epoch: 790: 2022-04-20 13:50:51.420539
Epoch 791/1000, D_loss=2.568339, reward=-6.998409
Epoch: 791: 2022-04-20 13:50:52.599501
Epoch 792/1000, D_loss=2.561229, reward=-7.001529
Epoch: 792: 2022-04-20 13:50:53.629296
Epoch 793/1000, D_loss=2.578710, reward=-6.979893
Epoch: 793: 2022-04-20 13:50:54.601955
Epoch 794/1000, D_loss=2.564362, reward=-6.991082
Epoch: 794: 2022-04-20 13:50:55.437837
Epoch 795/1000, D_loss=2.565830, reward=-6.990569
Epoch: 795: 2022-04-20 13:50:56.188066
Epoch 796/1000, D_loss=2.565690, reward=-6.983147
Epoch: 796: 2022-04-20 13:50:56.939308
Epoch 797/1000, D_loss=2.571479, reward=-6.976284
Epoch: 797: 2022-04-20 13:50:57.699200
Epoch 798/1000, D_loss=2.562609, reward=-6.986635
Epoch: 798: 2022-04-20 13:50:58.453346
Epoch 799/1000, D_loss=2.568799, reward=-6.977034
Epoch: 799: 2022-04-20 13:50:59.212123
Epoch 800/1000, D_loss=2.567466, reward=-6.985696
Test_MRR=0.123995, Test_MR=32.064139, Test_H@10=0.253745
Epoch: 800: 2022-04-20 13:51:01.099145
Epoch 801/1000, D_loss=2.575711, reward=-6.996327
Epoch: 801: 2022-04-20 13:51:01.852370
Epoch 802/1000, D_loss=2.537037, reward=-7.012946
Epoch: 802: 2022-04-20 13:51:02.601987
Epoch 803/1000, D_loss=2.553450, reward=-6.999241
Epoch: 803: 2022-04-20 13:51:03.344340
Epoch 804/1000, D_loss=2.577626, reward=-6.967544
Epoch: 804: 2022-04-20 13:51:04.090414
Epoch 805/1000, D_loss=2.554511, reward=-7.002516
Epoch: 805: 2022-04-20 13:51:05.179013
Epoch 806/1000, D_loss=2.569290, reward=-6.990052
Epoch: 806: 2022-04-20 13:51:06.158807
Epoch 807/1000, D_loss=2.563601, reward=-6.995888
Epoch: 807: 2022-04-20 13:51:07.139380
Epoch 808/1000, D_loss=2.554219, reward=-7.014036
Epoch: 808: 2022-04-20 13:51:08.007781
Epoch 809/1000, D_loss=2.576315, reward=-6.986484
Epoch: 809: 2022-04-20 13:51:08.760479
Epoch 810/1000, D_loss=2.553912, reward=-7.017105
Test_MRR=0.118011, Test_MR=32.555243, Test_H@10=0.252341
Epoch: 810: 2022-04-20 13:51:10.663535
Epoch 811/1000, D_loss=2.569348, reward=-7.004160
Epoch: 811: 2022-04-20 13:51:11.415005
Epoch 812/1000, D_loss=2.568610, reward=-6.995800
Epoch: 812: 2022-04-20 13:51:12.162048
Epoch 813/1000, D_loss=2.576649, reward=-6.974159
Epoch: 813: 2022-04-20 13:51:12.916907
Epoch 814/1000, D_loss=2.563403, reward=-6.990677
Epoch: 814: 2022-04-20 13:51:13.673368
Epoch 815/1000, D_loss=2.565437, reward=-6.984855
Epoch: 815: 2022-04-20 13:51:14.427619
Epoch 816/1000, D_loss=2.563864, reward=-6.970245
Epoch: 816: 2022-04-20 13:51:15.222925
Epoch 817/1000, D_loss=2.588355, reward=-6.958908
Epoch: 817: 2022-04-20 13:51:15.978747
Epoch 818/1000, D_loss=2.554630, reward=-7.003820
Epoch: 818: 2022-04-20 13:51:16.737294
Epoch 819/1000, D_loss=2.556859, reward=-6.992325
Epoch: 819: 2022-04-20 13:51:17.552203
Epoch 820/1000, D_loss=2.558018, reward=-6.989565
Test_MRR=0.119586, Test_MR=32.128745, Test_H@10=0.256086
Epoch: 820: 2022-04-20 13:51:19.532692
Epoch 821/1000, D_loss=2.554330, reward=-7.010687
Epoch: 821: 2022-04-20 13:51:20.396687
Epoch 822/1000, D_loss=2.559341, reward=-7.011519
Epoch: 822: 2022-04-20 13:51:21.152361
Epoch 823/1000, D_loss=2.575461, reward=-6.988390
Epoch: 823: 2022-04-20 13:51:21.909778
Epoch 824/1000, D_loss=2.563064, reward=-6.999628
Epoch: 824: 2022-04-20 13:51:22.675483
Epoch 825/1000, D_loss=2.555150, reward=-6.998123
Epoch: 825: 2022-04-20 13:51:23.436741
Epoch 826/1000, D_loss=2.574698, reward=-6.979214
Epoch: 826: 2022-04-20 13:51:24.212708
Epoch 827/1000, D_loss=2.554447, reward=-6.996478
Epoch: 827: 2022-04-20 13:51:25.361834
Epoch 828/1000, D_loss=2.567811, reward=-6.975959
Epoch: 828: 2022-04-20 13:51:26.363248
Epoch 829/1000, D_loss=2.554535, reward=-7.012629
Epoch: 829: 2022-04-20 13:51:27.295771
Epoch 830/1000, D_loss=2.555580, reward=-7.015324
Test_MRR=0.122176, Test_MR=32.415262, Test_H@10=0.258427
Epoch: 830: 2022-04-20 13:51:29.544862
Epoch 831/1000, D_loss=2.550887, reward=-7.010344
Epoch: 831: 2022-04-20 13:51:30.714804
Epoch 832/1000, D_loss=2.577147, reward=-6.962648
Epoch: 832: 2022-04-20 13:51:31.887653
Epoch 833/1000, D_loss=2.567282, reward=-6.979787
Epoch: 833: 2022-04-20 13:51:32.963087
Epoch 834/1000, D_loss=2.551177, reward=-6.983615
Epoch: 834: 2022-04-20 13:51:33.952377
Epoch 835/1000, D_loss=2.566649, reward=-6.972143
Epoch: 835: 2022-04-20 13:51:34.932431
Epoch 836/1000, D_loss=2.592854, reward=-6.940867
Epoch: 836: 2022-04-20 13:51:36.067953
Epoch 837/1000, D_loss=2.570324, reward=-6.983724
Epoch: 837: 2022-04-20 13:51:37.105783
Epoch 838/1000, D_loss=2.575630, reward=-6.987155
Epoch: 838: 2022-04-20 13:51:38.012156
Epoch 839/1000, D_loss=2.573984, reward=-6.976317
Epoch: 839: 2022-04-20 13:51:38.765141
Epoch 840/1000, D_loss=2.556857, reward=-6.990961
Test_MRR=0.121645, Test_MR=32.208801, Test_H@10=0.266386
Epoch: 840: 2022-04-20 13:51:40.660731
Epoch 841/1000, D_loss=2.555165, reward=-6.979892
Epoch: 841: 2022-04-20 13:51:41.443092
Epoch 842/1000, D_loss=2.573240, reward=-6.969047
Epoch: 842: 2022-04-20 13:51:42.200738
Epoch 843/1000, D_loss=2.576923, reward=-6.958558
Epoch: 843: 2022-04-20 13:51:43.136067
Epoch 844/1000, D_loss=2.578665, reward=-6.962277
Epoch: 844: 2022-04-20 13:51:44.144822
Epoch 845/1000, D_loss=2.572932, reward=-6.969764
Epoch: 845: 2022-04-20 13:51:45.131059
Epoch 846/1000, D_loss=2.563848, reward=-6.977712
Epoch: 846: 2022-04-20 13:51:46.108810
Epoch 847/1000, D_loss=2.560101, reward=-6.974043
Epoch: 847: 2022-04-20 13:51:47.046741
Epoch 848/1000, D_loss=2.581073, reward=-6.965996
Epoch: 848: 2022-04-20 13:51:47.936226
Epoch 849/1000, D_loss=2.568017, reward=-6.984998
Epoch: 849: 2022-04-20 13:51:48.978439
Epoch 850/1000, D_loss=2.562040, reward=-7.003323
Test_MRR=0.120738, Test_MR=32.245318, Test_H@10=0.260768
Epoch: 850: 2022-04-20 13:51:51.267106
Epoch 851/1000, D_loss=2.576087, reward=-6.991438
Epoch: 851: 2022-04-20 13:51:52.399190
Epoch 852/1000, D_loss=2.565374, reward=-7.002100
Epoch: 852: 2022-04-20 13:51:53.504987
Epoch 853/1000, D_loss=2.557164, reward=-6.999868
Epoch: 853: 2022-04-20 13:51:54.532991
Epoch 854/1000, D_loss=2.561135, reward=-6.997821
Epoch: 854: 2022-04-20 13:51:55.510524
Epoch 855/1000, D_loss=2.583417, reward=-6.971842
Epoch: 855: 2022-04-20 13:51:56.313597
Epoch 856/1000, D_loss=2.572680, reward=-6.978774
Epoch: 856: 2022-04-20 13:51:57.064150
Epoch 857/1000, D_loss=2.573458, reward=-6.982526
Epoch: 857: 2022-04-20 13:51:57.818937
Epoch 858/1000, D_loss=2.556923, reward=-6.996267
Epoch: 858: 2022-04-20 13:51:58.577779
Epoch 859/1000, D_loss=2.586032, reward=-6.949654
Epoch: 859: 2022-04-20 13:51:59.383041
Epoch 860/1000, D_loss=2.567130, reward=-6.977664
Test_MRR=0.118053, Test_MR=32.514981, Test_H@10=0.254682
Epoch: 860: 2022-04-20 13:52:01.497538
Epoch 861/1000, D_loss=2.568418, reward=-6.974996
Epoch: 861: 2022-04-20 13:52:02.469056
Epoch 862/1000, D_loss=2.565505, reward=-6.992183
Epoch: 862: 2022-04-20 13:52:03.410932
Epoch 863/1000, D_loss=2.574926, reward=-6.956907
Epoch: 863: 2022-04-20 13:52:04.271673
Epoch 864/1000, D_loss=2.569825, reward=-6.959929
Epoch: 864: 2022-04-20 13:52:05.025792
Epoch 865/1000, D_loss=2.561301, reward=-6.966166
Epoch: 865: 2022-04-20 13:52:05.786022
Epoch 866/1000, D_loss=2.565864, reward=-6.968469
Epoch: 866: 2022-04-20 13:52:06.608468
Epoch 867/1000, D_loss=2.568541, reward=-6.967546
Epoch: 867: 2022-04-20 13:52:07.760843
Epoch 868/1000, D_loss=2.575985, reward=-6.949548
Epoch: 868: 2022-04-20 13:52:08.790712
Epoch 869/1000, D_loss=2.551002, reward=-6.965601
Epoch: 869: 2022-04-20 13:52:09.735739
Epoch 870/1000, D_loss=2.573107, reward=-6.954557
Test_MRR=0.115691, Test_MR=32.503277, Test_H@10=0.247659
Epoch: 870: 2022-04-20 13:52:11.620352
Epoch 871/1000, D_loss=2.574733, reward=-6.955626
Epoch: 871: 2022-04-20 13:52:12.406384
Epoch 872/1000, D_loss=2.549991, reward=-6.990644
Epoch: 872: 2022-04-20 13:52:13.159400
Epoch 873/1000, D_loss=2.571500, reward=-6.959402
Epoch: 873: 2022-04-20 13:52:13.904740
Epoch 874/1000, D_loss=2.570127, reward=-6.972668
Epoch: 874: 2022-04-20 13:52:14.737452
Epoch 875/1000, D_loss=2.587543, reward=-6.950042
Epoch: 875: 2022-04-20 13:52:15.679901
Epoch 876/1000, D_loss=2.575195, reward=-6.966054
Epoch: 876: 2022-04-20 13:52:16.625277
Epoch 877/1000, D_loss=2.557864, reward=-6.993582
Epoch: 877: 2022-04-20 13:52:17.572724
Epoch 878/1000, D_loss=2.567545, reward=-6.978742
Epoch: 878: 2022-04-20 13:52:18.538599
Epoch 879/1000, D_loss=2.568840, reward=-6.992373
Epoch: 879: 2022-04-20 13:52:19.357121
Epoch 880/1000, D_loss=2.581184, reward=-6.969929
Test_MRR=0.114209, Test_MR=32.447097, Test_H@10=0.260768
Epoch: 880: 2022-04-20 13:52:21.443546
Epoch 881/1000, D_loss=2.556518, reward=-6.963873
Epoch: 881: 2022-04-20 13:52:22.391174
Epoch 882/1000, D_loss=2.585636, reward=-6.944652
Epoch: 882: 2022-04-20 13:52:23.259984
Epoch 883/1000, D_loss=2.571889, reward=-6.965905
Epoch: 883: 2022-04-20 13:52:24.014011
Epoch 884/1000, D_loss=2.553101, reward=-6.987226
Epoch: 884: 2022-04-20 13:52:24.770822
Epoch 885/1000, D_loss=2.572031, reward=-6.970324
Epoch: 885: 2022-04-20 13:52:25.568965
Epoch 886/1000, D_loss=2.566261, reward=-6.977572
Epoch: 886: 2022-04-20 13:52:26.442372
Epoch 887/1000, D_loss=2.571831, reward=-6.966533
Epoch: 887: 2022-04-20 13:52:27.195745
Epoch 888/1000, D_loss=2.575553, reward=-6.963523
Epoch: 888: 2022-04-20 13:52:27.948129
Epoch 889/1000, D_loss=2.578218, reward=-6.967750
Epoch: 889: 2022-04-20 13:52:29.008912
Epoch 890/1000, D_loss=2.590256, reward=-6.952988
Test_MRR=0.118459, Test_MR=32.194288, Test_H@10=0.260300
Epoch: 890: 2022-04-20 13:52:31.356115
Epoch 891/1000, D_loss=2.568069, reward=-6.961801
Epoch: 891: 2022-04-20 13:52:32.471702
Epoch 892/1000, D_loss=2.569206, reward=-6.951767
Epoch: 892: 2022-04-20 13:52:33.546583
Epoch 893/1000, D_loss=2.591301, reward=-6.941464
Epoch: 893: 2022-04-20 13:52:34.607569
Epoch 894/1000, D_loss=2.563171, reward=-6.979902
Epoch: 894: 2022-04-20 13:52:35.582775
Epoch 895/1000, D_loss=2.577188, reward=-6.954963
Epoch: 895: 2022-04-20 13:52:36.527735
Epoch 896/1000, D_loss=2.568893, reward=-6.968222
Epoch: 896: 2022-04-20 13:52:37.679820
Epoch 897/1000, D_loss=2.575333, reward=-6.966439
Epoch: 897: 2022-04-20 13:52:38.734194
Epoch 898/1000, D_loss=2.563238, reward=-6.977491
Epoch: 898: 2022-04-20 13:52:39.710418
Epoch 899/1000, D_loss=2.566025, reward=-6.983486
Epoch: 899: 2022-04-20 13:52:40.650399
Epoch 900/1000, D_loss=2.584182, reward=-6.954163
Test_MRR=0.117512, Test_MR=32.488764, Test_H@10=0.249532
Epoch: 900: 2022-04-20 13:52:42.864442
Epoch 901/1000, D_loss=2.580065, reward=-6.939950
Epoch: 901: 2022-04-20 13:52:43.990797
Epoch 902/1000, D_loss=2.588752, reward=-6.948277
Epoch: 902: 2022-04-20 13:52:45.113382
Epoch 903/1000, D_loss=2.556116, reward=-6.984777
Epoch: 903: 2022-04-20 13:52:46.238414
Epoch 904/1000, D_loss=2.596714, reward=-6.938056
Epoch: 904: 2022-04-20 13:52:47.282019
Epoch 905/1000, D_loss=2.586666, reward=-6.938169
Epoch: 905: 2022-04-20 13:52:48.427431
Epoch 906/1000, D_loss=2.545647, reward=-6.977079
Epoch: 906: 2022-04-20 13:52:49.407656
Epoch 907/1000, D_loss=2.588267, reward=-6.930453
Epoch: 907: 2022-04-20 13:52:50.283934
Epoch 908/1000, D_loss=2.565016, reward=-6.956150
Epoch: 908: 2022-04-20 13:52:51.028011
Epoch 909/1000, D_loss=2.576239, reward=-6.947209
Epoch: 909: 2022-04-20 13:52:51.886154
Epoch 910/1000, D_loss=2.588650, reward=-6.929209
Test_MRR=0.116421, Test_MR=32.536517, Test_H@10=0.251873
Epoch: 910: 2022-04-20 13:52:54.246489
Epoch 911/1000, D_loss=2.570251, reward=-6.939740
Epoch: 911: 2022-04-20 13:52:55.166043
Epoch 912/1000, D_loss=2.546399, reward=-6.976724
Epoch: 912: 2022-04-20 13:52:56.060137
Epoch 913/1000, D_loss=2.549343, reward=-6.962573
Epoch: 913: 2022-04-20 13:52:56.813141
Epoch 914/1000, D_loss=2.562164, reward=-6.955497
Epoch: 914: 2022-04-20 13:52:57.574096
Epoch 915/1000, D_loss=2.563342, reward=-6.952678
Epoch: 915: 2022-04-20 13:52:58.694881
Epoch 916/1000, D_loss=2.570682, reward=-6.959575
Epoch: 916: 2022-04-20 13:52:59.720468
Epoch 917/1000, D_loss=2.553940, reward=-6.986455
Epoch: 917: 2022-04-20 13:53:00.700753
Epoch 918/1000, D_loss=2.569939, reward=-6.969608
Epoch: 918: 2022-04-20 13:53:01.676607
Epoch 919/1000, D_loss=2.573770, reward=-6.964437
Epoch: 919: 2022-04-20 13:53:02.647505
Epoch 920/1000, D_loss=2.576895, reward=-6.950283
Test_MRR=0.118054, Test_MR=32.458801, Test_H@10=0.256554
Epoch: 920: 2022-04-20 13:53:05.087338
Epoch 921/1000, D_loss=2.580932, reward=-6.947659
Epoch: 921: 2022-04-20 13:53:06.000143
Epoch 922/1000, D_loss=2.579758, reward=-6.942335
Epoch: 922: 2022-04-20 13:53:06.891198
Epoch 923/1000, D_loss=2.573310, reward=-6.955386
Epoch: 923: 2022-04-20 13:53:07.834113
Epoch 924/1000, D_loss=2.570262, reward=-6.959076
Epoch: 924: 2022-04-20 13:53:08.778883
Epoch 925/1000, D_loss=2.567743, reward=-6.974615
Epoch: 925: 2022-04-20 13:53:09.727194
Epoch 926/1000, D_loss=2.578637, reward=-6.948697
Epoch: 926: 2022-04-20 13:53:10.579310
Epoch 927/1000, D_loss=2.577066, reward=-6.948363
Epoch: 927: 2022-04-20 13:53:11.520879
Epoch 928/1000, D_loss=2.565580, reward=-6.950993
Epoch: 928: 2022-04-20 13:53:12.461955
Epoch 929/1000, D_loss=2.577179, reward=-6.947298
Epoch: 929: 2022-04-20 13:53:13.245911
Epoch 930/1000, D_loss=2.568163, reward=-6.963199
Test_MRR=0.120695, Test_MR=32.304307, Test_H@10=0.264513
Epoch: 930: 2022-04-20 13:53:15.606809
Epoch 931/1000, D_loss=2.571585, reward=-6.962478
Epoch: 931: 2022-04-20 13:53:16.555399
Epoch 932/1000, D_loss=2.574305, reward=-6.947631
Epoch: 932: 2022-04-20 13:53:17.716871
Epoch 933/1000, D_loss=2.576591, reward=-6.952960
Epoch: 933: 2022-04-20 13:53:18.670512
Epoch 934/1000, D_loss=2.570808, reward=-6.963816
Epoch: 934: 2022-04-20 13:53:19.618264
Epoch 935/1000, D_loss=2.563985, reward=-6.981542
Epoch: 935: 2022-04-20 13:53:20.565523
Epoch 936/1000, D_loss=2.579567, reward=-6.951554
Epoch: 936: 2022-04-20 13:53:21.511282
Epoch 937/1000, D_loss=2.580389, reward=-6.944968
Epoch: 937: 2022-04-20 13:53:22.432949
Epoch 938/1000, D_loss=2.564300, reward=-6.971999
Epoch: 938: 2022-04-20 13:53:23.376309
Epoch 939/1000, D_loss=2.572451, reward=-6.967434
Epoch: 939: 2022-04-20 13:53:24.229356
Epoch 940/1000, D_loss=2.566682, reward=-6.983638
Test_MRR=0.124644, Test_MR=32.273408, Test_H@10=0.264045
Epoch: 940: 2022-04-20 13:53:26.339742
Epoch 941/1000, D_loss=2.581071, reward=-6.984925
Epoch: 941: 2022-04-20 13:53:27.287217
Epoch 942/1000, D_loss=2.556810, reward=-7.008920
Epoch: 942: 2022-04-20 13:53:28.201123
Epoch 943/1000, D_loss=2.581341, reward=-6.983293
Epoch: 943: 2022-04-20 13:53:29.146026
Epoch 944/1000, D_loss=2.582166, reward=-6.992948
Epoch: 944: 2022-04-20 13:53:30.078498
Epoch 945/1000, D_loss=2.587489, reward=-6.991042
Epoch: 945: 2022-04-20 13:53:30.923337
Epoch 946/1000, D_loss=2.572874, reward=-7.022350
Epoch: 946: 2022-04-20 13:53:31.868143
Epoch 947/1000, D_loss=2.570435, reward=-7.003876
Epoch: 947: 2022-04-20 13:53:32.783392
Epoch 948/1000, D_loss=2.579469, reward=-7.002993
Epoch: 948: 2022-04-20 13:53:33.729703
Epoch 949/1000, D_loss=2.598314, reward=-6.985412
Epoch: 949: 2022-04-20 13:53:34.626957
Epoch 950/1000, D_loss=2.594718, reward=-6.985192
Test_MRR=0.120204, Test_MR=32.342228, Test_H@10=0.251873
Epoch: 950: 2022-04-20 13:53:37.159958
Epoch 951/1000, D_loss=2.552980, reward=-7.025437
Epoch: 951: 2022-04-20 13:53:38.087444
Epoch 952/1000, D_loss=2.585527, reward=-6.995331
Epoch: 952: 2022-04-20 13:53:39.026025
Epoch 953/1000, D_loss=2.579968, reward=-6.987929
Epoch: 953: 2022-04-20 13:53:39.969814
Epoch 954/1000, D_loss=2.578273, reward=-6.984021
Epoch: 954: 2022-04-20 13:53:40.915845
Epoch 955/1000, D_loss=2.560883, reward=-7.013935
Epoch: 955: 2022-04-20 13:53:41.860987
Epoch 956/1000, D_loss=2.569244, reward=-6.991007
Epoch: 956: 2022-04-20 13:53:42.803182
Epoch 957/1000, D_loss=2.583380, reward=-6.984191
Epoch: 957: 2022-04-20 13:53:43.745965
Epoch 958/1000, D_loss=2.579652, reward=-6.973550
Epoch: 958: 2022-04-20 13:53:44.696613
Epoch 959/1000, D_loss=2.565303, reward=-6.987320
Epoch: 959: 2022-04-20 13:53:45.644834
Epoch 960/1000, D_loss=2.579536, reward=-6.974248
Test_MRR=0.120541, Test_MR=32.419007, Test_H@10=0.260300
Epoch: 960: 2022-04-20 13:53:48.005154
Epoch 961/1000, D_loss=2.582736, reward=-6.960109
Epoch: 961: 2022-04-20 13:53:48.892804
Epoch 962/1000, D_loss=2.587260, reward=-6.942380
Epoch: 962: 2022-04-20 13:53:49.665941
Epoch 963/1000, D_loss=2.592888, reward=-6.931812
Epoch: 963: 2022-04-20 13:53:50.489568
Epoch 964/1000, D_loss=2.589580, reward=-6.935908
Epoch: 964: 2022-04-20 13:53:51.434503
Epoch 965/1000, D_loss=2.585206, reward=-6.955121
Epoch: 965: 2022-04-20 13:53:52.381001
Epoch 966/1000, D_loss=2.576159, reward=-6.974472
Epoch: 966: 2022-04-20 13:53:53.323586
Epoch 967/1000, D_loss=2.584703, reward=-6.978477
Epoch: 967: 2022-04-20 13:53:54.273809
Epoch 968/1000, D_loss=2.566519, reward=-6.986109
Epoch: 968: 2022-04-20 13:53:55.435014
Epoch 969/1000, D_loss=2.558037, reward=-6.984503
Epoch: 969: 2022-04-20 13:53:56.414172
Epoch 970/1000, D_loss=2.597940, reward=-6.944357
Test_MRR=0.119784, Test_MR=32.366573, Test_H@10=0.260300
Epoch: 970: 2022-04-20 13:53:58.760826
Epoch 971/1000, D_loss=2.581135, reward=-6.960498
Epoch: 971: 2022-04-20 13:54:00.000622
Epoch 972/1000, D_loss=2.598588, reward=-6.937094
Epoch: 972: 2022-04-20 13:54:01.109280
Epoch 973/1000, D_loss=2.594532, reward=-6.964649
Epoch: 973: 2022-04-20 13:54:02.095771
Epoch 974/1000, D_loss=2.570780, reward=-6.989309
Epoch: 974: 2022-04-20 13:54:03.037284
Epoch 975/1000, D_loss=2.590388, reward=-6.970791
Epoch: 975: 2022-04-20 13:54:03.988191
Epoch 976/1000, D_loss=2.567900, reward=-6.984369
Epoch: 976: 2022-04-20 13:54:04.931227
Epoch 977/1000, D_loss=2.584086, reward=-6.975023
Epoch: 977: 2022-04-20 13:54:05.879309
Epoch 978/1000, D_loss=2.583180, reward=-6.979443
Epoch: 978: 2022-04-20 13:54:06.825963
Epoch 979/1000, D_loss=2.588576, reward=-6.971264
Epoch: 979: 2022-04-20 13:54:07.990455
Epoch 980/1000, D_loss=2.591424, reward=-6.956086
Test_MRR=0.119843, Test_MR=31.933521, Test_H@10=0.277154
Epoch: 980: 2022-04-20 13:54:10.393660
Epoch 981/1000, D_loss=2.591451, reward=-6.966787
Epoch: 981: 2022-04-20 13:54:11.519999
Epoch 982/1000, D_loss=2.575669, reward=-6.978395
Epoch: 982: 2022-04-20 13:54:12.597543
Epoch 983/1000, D_loss=2.581340, reward=-6.981998
Epoch: 983: 2022-04-20 13:54:13.660035
Epoch 984/1000, D_loss=2.572455, reward=-6.987645
Epoch: 984: 2022-04-20 13:54:14.665784
Epoch 985/1000, D_loss=2.566872, reward=-6.988228
Epoch: 985: 2022-04-20 13:54:15.639164
Epoch 986/1000, D_loss=2.558941, reward=-6.985457
Epoch: 986: 2022-04-20 13:54:16.594389
Epoch 987/1000, D_loss=2.593655, reward=-6.951889
Epoch: 987: 2022-04-20 13:54:17.556263
Epoch 988/1000, D_loss=2.576572, reward=-6.977747
Epoch: 988: 2022-04-20 13:54:18.403122
Epoch 989/1000, D_loss=2.591879, reward=-6.962724
Epoch: 989: 2022-04-20 13:54:19.163209
Epoch 990/1000, D_loss=2.598910, reward=-6.951999
Test_MRR=0.117217, Test_MR=32.396536, Test_H@10=0.263109
Epoch: 990: 2022-04-20 13:54:21.469809
Epoch 991/1000, D_loss=2.581244, reward=-6.972646
Epoch: 991: 2022-04-20 13:54:22.415820
Epoch 992/1000, D_loss=2.578935, reward=-6.970145
Epoch: 992: 2022-04-20 13:54:23.359217
Epoch 993/1000, D_loss=2.575778, reward=-6.977939
Epoch: 993: 2022-04-20 13:54:24.301233
Epoch 994/1000, D_loss=2.577309, reward=-6.979437
Epoch: 994: 2022-04-20 13:54:25.249348
Epoch 995/1000, D_loss=2.595622, reward=-6.968239
Epoch: 995: 2022-04-20 13:54:26.200963
Epoch 996/1000, D_loss=2.588674, reward=-6.972061
Epoch: 996: 2022-04-20 13:54:27.145779
Epoch 997/1000, D_loss=2.577180, reward=-6.979799
Epoch: 997: 2022-04-20 13:54:28.084807
Epoch 998/1000, D_loss=2.575986, reward=-6.983321
Epoch: 998: 2022-04-20 13:54:29.236618
Epoch 999/1000, D_loss=2.589579, reward=-6.957940
Epoch: 999: 2022-04-20 13:54:30.286936
Epoch 1000/1000, D_loss=2.587156, reward=-6.951059
Test_MRR=0.117871, Test_MR=32.983146, Test_H@10=0.262172
Best Performance:
Test_MRR=0.277296, Test_MR=16.755121, Test_H@10=0.558659
