pretrain_config=TransE
g_config=ComplEx
d_config=TransD
test_batch_size=100
task.dir=fb15k
task.type=link
adv.use_pretrained_models=False
adv.n_sample=20
adv.sample_type=original
adv.measure_type=entropy
adv.n_epoch=1000
adv.n_batch=100
adv.epoch_per_test=10
adv.temperature=1.0
TransE.dim=50
TransE.margin=3
TransE.p=1
TransE.n_epoch=1000
TransE.n_batch=100
TransE.epoch_per_test=50
TransE.model_file=transe.mdl
TransD.dim=50
TransD.margin=3
TransD.p=1
TransD.n_epoch=1000
TransD.n_batch=100
TransD.epoch_per_test=50
TransD.model_file=transd.mdl
DistMult.dim=50
DistMult.lam=0.1
DistMult.n_sample=20
DistMult.sample_freq=1
DistMult.n_epoch=1000
DistMult.n_batch=100
DistMult.epoch_per_test=50
DistMult.model_file=distmult.mdl
ComplEx.dim=25
ComplEx.lam=0.1
ComplEx.n_sample=20
ComplEx.sample_freq=1
ComplEx.n_epoch=1000
ComplEx.n_batch=100
ComplEx.epoch_per_test=50
ComplEx.model_file=complex.mdl
log.dump_config=False
log.log_train=True
log.log_config=True
log.dir=./logs
log.log_advtrain_graphs=True
log.log_pretrain_graph=True
log.graph_every_nth_epoch=10
2022-04-23 14:42:30.858822
Test_MRR=0.004319, Test_MR=7468.705405, Test_H@10=0.004342
Epoch: 0: 2022-04-23 14:44:34.885745
Epoch 1/1000, D_loss=2.741244, reward=-9.483085
Epoch: 1: 2022-04-23 14:44:37.691995
Epoch 2/1000, D_loss=2.251983, reward=-8.988150
Epoch: 2: 2022-04-23 14:44:40.470103
Epoch 3/1000, D_loss=1.835970, reward=-8.628643
Epoch: 3: 2022-04-23 14:44:43.138524
Epoch 4/1000, D_loss=1.508285, reward=-8.413562
Epoch: 4: 2022-04-23 14:44:45.793753
Epoch 5/1000, D_loss=1.251912, reward=-8.343129
Epoch: 5: 2022-04-23 14:44:48.575136
Epoch 6/1000, D_loss=1.048187, reward=-8.364317
Epoch: 6: 2022-04-23 14:44:51.461712
Epoch 7/1000, D_loss=0.882897, reward=-8.441118
Epoch: 7: 2022-04-23 14:44:54.163097
Epoch 8/1000, D_loss=0.750207, reward=-8.525841
Epoch: 8: 2022-04-23 14:44:57.048301
Epoch 9/1000, D_loss=0.643033, reward=-8.620718
Epoch: 9: 2022-04-23 14:44:59.984901
Epoch 10/1000, D_loss=0.561989, reward=-8.702235
Test_MRR=0.186973, Test_MR=697.964110, Test_H@10=0.332850
Epoch: 10: 2022-04-23 14:46:45.896045
Epoch 11/1000, D_loss=0.496630, reward=-8.779744
Epoch: 11: 2022-04-23 14:46:48.611457
Epoch 12/1000, D_loss=0.445895, reward=-8.846425
Epoch: 12: 2022-04-23 14:46:51.083357
Epoch 13/1000, D_loss=0.405437, reward=-8.913363
Epoch: 13: 2022-04-23 14:46:53.973576
Epoch 14/1000, D_loss=0.375672, reward=-8.964661
Epoch: 14: 2022-04-23 14:46:56.896044
Epoch 15/1000, D_loss=0.348657, reward=-9.010506
Epoch: 15: 2022-04-23 14:46:59.799895
Epoch 16/1000, D_loss=0.329938, reward=-9.048889
Epoch: 16: 2022-04-23 14:47:02.693350
Epoch 17/1000, D_loss=0.313086, reward=-9.078187
Epoch: 17: 2022-04-23 14:47:05.474043
Epoch 18/1000, D_loss=0.297229, reward=-9.112920
Epoch: 18: 2022-04-23 14:47:08.407892
Epoch 19/1000, D_loss=0.283607, reward=-9.146173
Epoch: 19: 2022-04-23 14:47:11.200104
Epoch 20/1000, D_loss=0.275292, reward=-9.165867
Test_MRR=0.242575, Test_MR=316.766260, Test_H@10=0.408810
Epoch: 20: 2022-04-23 14:48:57.042070
Epoch 21/1000, D_loss=0.263660, reward=-9.191702
Epoch: 21: 2022-04-23 14:48:59.688353
Epoch 22/1000, D_loss=0.255061, reward=-9.212622
Epoch: 22: 2022-04-23 14:49:02.322525
Epoch 23/1000, D_loss=0.247014, reward=-9.231173
Epoch: 23: 2022-04-23 14:49:05.126556
Epoch 24/1000, D_loss=0.240905, reward=-9.242906
Epoch: 24: 2022-04-23 14:49:07.948183
Epoch 25/1000, D_loss=0.233769, reward=-9.259252
Epoch: 25: 2022-04-23 14:49:10.569268
Epoch 26/1000, D_loss=0.227563, reward=-9.271604
Epoch: 26: 2022-04-23 14:49:13.158069
Epoch 27/1000, D_loss=0.224858, reward=-9.279636
Epoch: 27: 2022-04-23 14:49:15.818041
Epoch 28/1000, D_loss=0.218466, reward=-9.296360
Epoch: 28: 2022-04-23 14:49:18.410369
Epoch 29/1000, D_loss=0.216346, reward=-9.301950
Epoch: 29: 2022-04-23 14:49:20.939799
Epoch 30/1000, D_loss=0.214361, reward=-9.305198
Test_MRR=0.268588, Test_MR=229.486850, Test_H@10=0.448280
Epoch: 30: 2022-04-23 14:51:02.725313
Epoch 31/1000, D_loss=0.209395, reward=-9.320455
Epoch: 31: 2022-04-23 14:51:05.346453
Epoch 32/1000, D_loss=0.209061, reward=-9.322918
Epoch: 32: 2022-04-23 14:51:08.175741
Epoch 33/1000, D_loss=0.204896, reward=-9.333792
Epoch: 33: 2022-04-23 14:51:11.005075
Epoch 34/1000, D_loss=0.203957, reward=-9.332703
Epoch: 34: 2022-04-23 14:51:13.765238
Epoch 35/1000, D_loss=0.203959, reward=-9.330340
Epoch: 35: 2022-04-23 14:51:16.429060
Epoch 36/1000, D_loss=0.203754, reward=-9.328268
Epoch: 36: 2022-04-23 14:51:18.899420
Epoch 37/1000, D_loss=0.204839, reward=-9.319470
Epoch: 37: 2022-04-23 14:51:21.377094
Epoch 38/1000, D_loss=0.206235, reward=-9.307612
Epoch: 38: 2022-04-23 14:51:23.857300
Epoch 39/1000, D_loss=0.206383, reward=-9.295485
Epoch: 39: 2022-04-23 14:51:26.521321
Epoch 40/1000, D_loss=0.212959, reward=-9.267778
Test_MRR=0.280837, Test_MR=188.995510, Test_H@10=0.468340
Epoch: 40: 2022-04-23 14:53:12.072382
Epoch 41/1000, D_loss=0.214661, reward=-9.250040
Epoch: 41: 2022-04-23 14:53:14.849314
Epoch 42/1000, D_loss=0.219847, reward=-9.214955
Epoch: 42: 2022-04-23 14:53:17.558096
Epoch 43/1000, D_loss=0.226267, reward=-9.165683
Epoch: 43: 2022-04-23 14:53:20.259145
Epoch 44/1000, D_loss=0.232739, reward=-9.124804
Epoch: 44: 2022-04-23 14:53:22.925723
Epoch 45/1000, D_loss=0.239196, reward=-9.065544
Epoch: 45: 2022-04-23 14:53:25.711362
Epoch 46/1000, D_loss=0.247922, reward=-9.007053
Epoch: 46: 2022-04-23 14:53:28.287000
Epoch 47/1000, D_loss=0.256694, reward=-8.945805
Epoch: 47: 2022-04-23 14:53:30.755197
Epoch 48/1000, D_loss=0.264323, reward=-8.892842
Epoch: 48: 2022-04-23 14:53:33.286300
Epoch 49/1000, D_loss=0.275102, reward=-8.828902
Epoch: 49: 2022-04-23 14:53:36.037065
Epoch 50/1000, D_loss=0.286010, reward=-8.763940
Test_MRR=0.284468, Test_MR=176.194260, Test_H@10=0.477520
Epoch: 50: 2022-04-23 14:55:20.190240
Epoch 51/1000, D_loss=0.295495, reward=-8.711218
Epoch: 51: 2022-04-23 14:55:22.766231
Epoch 52/1000, D_loss=0.304824, reward=-8.657822
Epoch: 52: 2022-04-23 14:55:25.372200
Epoch 53/1000, D_loss=0.315252, reward=-8.605284
Epoch: 53: 2022-04-23 14:55:28.032394
Epoch 54/1000, D_loss=0.327026, reward=-8.563199
Epoch: 54: 2022-04-23 14:55:30.939800
Epoch 55/1000, D_loss=0.336068, reward=-8.521824
Epoch: 55: 2022-04-23 14:55:33.668329
Epoch 56/1000, D_loss=0.344569, reward=-8.484668
Epoch: 56: 2022-04-23 14:55:36.312784
Epoch 57/1000, D_loss=0.356275, reward=-8.443429
Epoch: 57: 2022-04-23 14:55:39.092285
Epoch 58/1000, D_loss=0.365755, reward=-8.414602
Epoch: 58: 2022-04-23 14:55:42.037521
Epoch 59/1000, D_loss=0.372752, reward=-8.385702
Epoch: 59: 2022-04-23 14:55:44.983393
Epoch 60/1000, D_loss=0.382471, reward=-8.352936
Test_MRR=0.291200, Test_MR=166.283040, Test_H@10=0.486620
Epoch: 60: 2022-04-23 14:57:28.735380
Epoch 61/1000, D_loss=0.392000, reward=-8.326848
Epoch: 61: 2022-04-23 14:57:31.383350
Epoch 62/1000, D_loss=0.399670, reward=-8.306477
Epoch: 62: 2022-04-23 14:57:34.141697
Epoch 63/1000, D_loss=0.407861, reward=-8.283269
Epoch: 63: 2022-04-23 14:57:36.741475
Epoch 64/1000, D_loss=0.416770, reward=-8.264089
Epoch: 64: 2022-04-23 14:57:39.206073
Epoch 65/1000, D_loss=0.424989, reward=-8.244665
Epoch: 65: 2022-04-23 14:57:41.741144
Epoch 66/1000, D_loss=0.433289, reward=-8.227802
Epoch: 66: 2022-04-23 14:57:44.266473
Epoch 67/1000, D_loss=0.438346, reward=-8.215813
Epoch: 67: 2022-04-23 14:57:46.948325
Epoch 68/1000, D_loss=0.444708, reward=-8.202332
Epoch: 68: 2022-04-23 14:57:49.690213
Epoch 69/1000, D_loss=0.452096, reward=-8.186158
Epoch: 69: 2022-04-23 14:57:52.577583
Epoch 70/1000, D_loss=0.462018, reward=-8.171838
Test_MRR=0.300825, Test_MR=160.422300, Test_H@10=0.502880
Epoch: 70: 2022-04-23 14:59:34.455806
Epoch 71/1000, D_loss=0.465131, reward=-8.164522
Epoch: 71: 2022-04-23 14:59:37.241102
Epoch 72/1000, D_loss=0.473173, reward=-8.151758
Epoch: 72: 2022-04-23 14:59:39.901376
Epoch 73/1000, D_loss=0.477808, reward=-8.145444
Epoch: 73: 2022-04-23 14:59:42.503657
Epoch 74/1000, D_loss=0.483680, reward=-8.136561
Epoch: 74: 2022-04-23 14:59:45.225669
Epoch 75/1000, D_loss=0.486564, reward=-8.135332
Epoch: 75: 2022-04-23 14:59:47.854971
Epoch 76/1000, D_loss=0.492646, reward=-8.127481
Epoch: 76: 2022-04-23 14:59:50.398970
Epoch 77/1000, D_loss=0.496077, reward=-8.122399
Epoch: 77: 2022-04-23 14:59:52.879135
Epoch 78/1000, D_loss=0.498821, reward=-8.123017
Epoch: 78: 2022-04-23 14:59:55.350354
Epoch 79/1000, D_loss=0.505205, reward=-8.115528
Epoch: 79: 2022-04-23 14:59:57.863082
Epoch 80/1000, D_loss=0.506830, reward=-8.116338
Test_MRR=0.311420, Test_MR=163.266620, Test_H@10=0.520600
Epoch: 80: 2022-04-23 15:01:43.067494
Epoch 81/1000, D_loss=0.512666, reward=-8.108681
Epoch: 81: 2022-04-23 15:01:45.940024
Epoch 82/1000, D_loss=0.514554, reward=-8.111845
Epoch: 82: 2022-04-23 15:01:48.905979
Epoch 83/1000, D_loss=0.517409, reward=-8.110288
Epoch: 83: 2022-04-23 15:01:51.685469
Epoch 84/1000, D_loss=0.522186, reward=-8.108046
Epoch: 84: 2022-04-23 15:01:54.564735
Epoch 85/1000, D_loss=0.526566, reward=-8.104244
Epoch: 85: 2022-04-23 15:01:57.437097
Epoch 86/1000, D_loss=0.527816, reward=-8.104814
Epoch: 86: 2022-04-23 15:02:00.263475
Epoch 87/1000, D_loss=0.530269, reward=-8.102057
Epoch: 87: 2022-04-23 15:02:03.165025
Epoch 88/1000, D_loss=0.531666, reward=-8.102355
Epoch: 88: 2022-04-23 15:02:06.050115
Epoch 89/1000, D_loss=0.536157, reward=-8.102583
Epoch: 89: 2022-04-23 15:02:08.869746
Epoch 90/1000, D_loss=0.538485, reward=-8.101182
Test_MRR=0.321980, Test_MR=169.075360, Test_H@10=0.537230
Epoch: 90: 2022-04-23 15:03:52.287247
Epoch 91/1000, D_loss=0.540440, reward=-8.100482
Epoch: 91: 2022-04-23 15:03:54.919715
Epoch 92/1000, D_loss=0.542787, reward=-8.099236
Epoch: 92: 2022-04-23 15:03:57.564232
Epoch 93/1000, D_loss=0.545514, reward=-8.098232
Epoch: 93: 2022-04-23 15:04:00.104684
Epoch 94/1000, D_loss=0.547279, reward=-8.100502
Epoch: 94: 2022-04-23 15:04:02.641085
Epoch 95/1000, D_loss=0.547978, reward=-8.098320
Epoch: 95: 2022-04-23 15:04:05.146234
Epoch 96/1000, D_loss=0.552891, reward=-8.093739
Epoch: 96: 2022-04-23 15:04:07.616579
Epoch 97/1000, D_loss=0.552835, reward=-8.097220
Epoch: 97: 2022-04-23 15:04:10.089552
Epoch 98/1000, D_loss=0.554969, reward=-8.094474
Epoch: 98: 2022-04-23 15:04:12.628558
Epoch 99/1000, D_loss=0.556995, reward=-8.095458
Epoch: 99: 2022-04-23 15:04:15.171667
Epoch 100/1000, D_loss=0.560598, reward=-8.095304
Test_MRR=0.331591, Test_MR=174.996220, Test_H@10=0.552200
Epoch: 100: 2022-04-23 15:06:00.593350
Epoch 101/1000, D_loss=0.560368, reward=-8.097692
Epoch: 101: 2022-04-23 15:06:03.251691
Epoch 102/1000, D_loss=0.565211, reward=-8.092383
Epoch: 102: 2022-04-23 15:06:05.758405
Epoch 103/1000, D_loss=0.563993, reward=-8.095548
Epoch: 103: 2022-04-23 15:06:08.556316
Epoch 104/1000, D_loss=0.567757, reward=-8.093593
Epoch: 104: 2022-04-23 15:06:11.260716
Epoch 105/1000, D_loss=0.570797, reward=-8.092081
Epoch: 105: 2022-04-23 15:06:13.983584
Epoch 106/1000, D_loss=0.569884, reward=-8.097012
Epoch: 106: 2022-04-23 15:06:16.718587
Epoch 107/1000, D_loss=0.573636, reward=-8.093008
Epoch: 107: 2022-04-23 15:06:19.277070
Epoch 108/1000, D_loss=0.575562, reward=-8.092269
Epoch: 108: 2022-04-23 15:06:21.748236
Epoch 109/1000, D_loss=0.575552, reward=-8.095201
Epoch: 109: 2022-04-23 15:06:24.200093
Epoch 110/1000, D_loss=0.577969, reward=-8.092834
Test_MRR=0.336812, Test_MR=186.888390, Test_H@10=0.562720
Epoch: 110: 2022-04-23 15:08:10.617808
Epoch 111/1000, D_loss=0.576517, reward=-8.097377
Epoch: 111: 2022-04-23 15:08:13.243760
Epoch 112/1000, D_loss=0.580551, reward=-8.094694
Epoch: 112: 2022-04-23 15:08:15.943049
Epoch 113/1000, D_loss=0.580664, reward=-8.096361
Epoch: 113: 2022-04-23 15:08:18.425283
Epoch 114/1000, D_loss=0.581548, reward=-8.096591
Epoch: 114: 2022-04-23 15:08:21.050620
Epoch 115/1000, D_loss=0.585834, reward=-8.091234
Epoch: 115: 2022-04-23 15:08:23.727423
Epoch 116/1000, D_loss=0.585582, reward=-8.093120
Epoch: 116: 2022-04-23 15:08:26.291417
Epoch 117/1000, D_loss=0.585606, reward=-8.096580
Epoch: 117: 2022-04-23 15:08:28.935562
Epoch 118/1000, D_loss=0.588169, reward=-8.093718
Epoch: 118: 2022-04-23 15:08:31.670472
Epoch 119/1000, D_loss=0.587830, reward=-8.097488
Epoch: 119: 2022-04-23 15:08:34.319886
Epoch 120/1000, D_loss=0.589743, reward=-8.095383
Test_MRR=0.341060, Test_MR=197.173180, Test_H@10=0.570830
Epoch: 120: 2022-04-23 15:10:16.885815
Epoch 121/1000, D_loss=0.591078, reward=-8.092562
Epoch: 121: 2022-04-23 15:10:19.448743
Epoch 122/1000, D_loss=0.587928, reward=-8.099902
Epoch: 122: 2022-04-23 15:10:21.900831
Epoch 123/1000, D_loss=0.592386, reward=-8.092927
Epoch: 123: 2022-04-23 15:10:24.455589
Epoch 124/1000, D_loss=0.591187, reward=-8.094667
Epoch: 124: 2022-04-23 15:10:26.919876
Epoch 125/1000, D_loss=0.595298, reward=-8.091400
Epoch: 125: 2022-04-23 15:10:29.385483
Epoch 126/1000, D_loss=0.595857, reward=-8.091710
Epoch: 126: 2022-04-23 15:10:31.851850
Epoch 127/1000, D_loss=0.598659, reward=-8.094704
Epoch: 127: 2022-04-23 15:10:34.379129
Epoch 128/1000, D_loss=0.597070, reward=-8.095097
Epoch: 128: 2022-04-23 15:10:36.978599
Epoch 129/1000, D_loss=0.597551, reward=-8.095905
Epoch: 129: 2022-04-23 15:10:39.666441
Epoch 130/1000, D_loss=0.596750, reward=-8.098937
Test_MRR=0.345240, Test_MR=207.197210, Test_H@10=0.579530
Epoch: 130: 2022-04-23 15:12:21.560162
Epoch 131/1000, D_loss=0.598088, reward=-8.096911
Epoch: 131: 2022-04-23 15:12:24.229798
Epoch 132/1000, D_loss=0.599205, reward=-8.096875
Epoch: 132: 2022-04-23 15:12:26.834910
Epoch 133/1000, D_loss=0.600462, reward=-8.095285
Epoch: 133: 2022-04-23 15:12:29.283753
Epoch 134/1000, D_loss=0.600846, reward=-8.094848
Epoch: 134: 2022-04-23 15:12:32.192073
Epoch 135/1000, D_loss=0.601013, reward=-8.098144
Epoch: 135: 2022-04-23 15:12:35.058788
Epoch 136/1000, D_loss=0.601706, reward=-8.096847
Epoch: 136: 2022-04-23 15:12:37.950629
Epoch 137/1000, D_loss=0.602644, reward=-8.099742
Epoch: 137: 2022-04-23 15:12:40.662920
Epoch 138/1000, D_loss=0.602593, reward=-8.099205
Epoch: 138: 2022-04-23 15:12:43.195776
Epoch 139/1000, D_loss=0.603492, reward=-8.097633
Epoch: 139: 2022-04-23 15:12:45.976388
Epoch 140/1000, D_loss=0.604534, reward=-8.097309
Test_MRR=0.346550, Test_MR=215.054780, Test_H@10=0.584530
Epoch: 140: 2022-04-23 15:14:27.066442
Epoch 141/1000, D_loss=0.604424, reward=-8.101204
Epoch: 141: 2022-04-23 15:14:29.674570
Epoch 142/1000, D_loss=0.606539, reward=-8.096497
Epoch: 142: 2022-04-23 15:14:32.153509
Epoch 143/1000, D_loss=0.606209, reward=-8.097084
Epoch: 143: 2022-04-23 15:14:35.143812
Epoch 144/1000, D_loss=0.607133, reward=-8.097917
Epoch: 144: 2022-04-23 15:14:38.066700
Epoch 145/1000, D_loss=0.610116, reward=-8.097356
Epoch: 145: 2022-04-23 15:14:40.979008
Epoch 146/1000, D_loss=0.606840, reward=-8.100634
Epoch: 146: 2022-04-23 15:14:43.736772
Epoch 147/1000, D_loss=0.606925, reward=-8.101379
Epoch: 147: 2022-04-23 15:14:46.200083
Epoch 148/1000, D_loss=0.612365, reward=-8.093468
Epoch: 148: 2022-04-23 15:14:48.954104
Epoch 149/1000, D_loss=0.606657, reward=-8.101528
Epoch: 149: 2022-04-23 15:14:51.604920
Epoch 150/1000, D_loss=0.611106, reward=-8.097144
Test_MRR=0.348897, Test_MR=224.392230, Test_H@10=0.588800
Epoch: 150: 2022-04-23 15:16:31.775457
Epoch 151/1000, D_loss=0.609569, reward=-8.098299
Epoch: 151: 2022-04-23 15:16:34.394175
Epoch 152/1000, D_loss=0.609403, reward=-8.101082
Epoch: 152: 2022-04-23 15:16:37.066051
Epoch 153/1000, D_loss=0.609193, reward=-8.102653
Epoch: 153: 2022-04-23 15:16:39.708593
Epoch 154/1000, D_loss=0.611071, reward=-8.099883
Epoch: 154: 2022-04-23 15:16:42.314280
Epoch 155/1000, D_loss=0.610255, reward=-8.102230
Epoch: 155: 2022-04-23 15:16:44.788304
Epoch 156/1000, D_loss=0.610856, reward=-8.099195
Epoch: 156: 2022-04-23 15:16:47.263128
Epoch 157/1000, D_loss=0.612539, reward=-8.099710
Epoch: 157: 2022-04-23 15:16:49.851134
Epoch 158/1000, D_loss=0.617149, reward=-8.093356
Epoch: 158: 2022-04-23 15:16:52.530673
Epoch 159/1000, D_loss=0.614449, reward=-8.096969
Epoch: 159: 2022-04-23 15:16:55.183167
Epoch 160/1000, D_loss=0.614993, reward=-8.099416
Test_MRR=0.349202, Test_MR=231.486500, Test_H@10=0.592410
Epoch: 160: 2022-04-23 15:18:35.854992
Epoch 161/1000, D_loss=0.614743, reward=-8.098989
Epoch: 161: 2022-04-23 15:18:38.446490
Epoch 162/1000, D_loss=0.614789, reward=-8.096638
Epoch: 162: 2022-04-23 15:18:40.919415
Epoch 163/1000, D_loss=0.614080, reward=-8.100533
Epoch: 163: 2022-04-23 15:18:43.458605
Epoch 164/1000, D_loss=0.617041, reward=-8.095423
Epoch: 164: 2022-04-23 15:18:46.150247
Epoch 165/1000, D_loss=0.616059, reward=-8.096084
Epoch: 165: 2022-04-23 15:18:48.604049
Epoch 166/1000, D_loss=0.620294, reward=-8.096000
Epoch: 166: 2022-04-23 15:18:51.176846
Epoch 167/1000, D_loss=0.617675, reward=-8.095351
Epoch: 167: 2022-04-23 15:18:53.797061
Epoch 168/1000, D_loss=0.616136, reward=-8.098678
Epoch: 168: 2022-04-23 15:18:56.428991
Epoch 169/1000, D_loss=0.617899, reward=-8.097368
Epoch: 169: 2022-04-23 15:18:59.226808
Epoch 170/1000, D_loss=0.618588, reward=-8.097048
Test_MRR=0.352905, Test_MR=238.604110, Test_H@10=0.599060
Epoch: 170: 2022-04-23 15:20:40.513328
Epoch 171/1000, D_loss=0.621963, reward=-8.092304
Epoch: 171: 2022-04-23 15:20:43.345331
Epoch 172/1000, D_loss=0.620476, reward=-8.092998
Epoch: 172: 2022-04-23 15:20:46.075051
Epoch 173/1000, D_loss=0.617683, reward=-8.099164
Epoch: 173: 2022-04-23 15:20:48.800631
Epoch 174/1000, D_loss=0.618640, reward=-8.099280
Epoch: 174: 2022-04-23 15:20:51.544749
Epoch 175/1000, D_loss=0.620352, reward=-8.095613
Epoch: 175: 2022-04-23 15:20:54.379308
Epoch 176/1000, D_loss=0.621724, reward=-8.096138
Epoch: 176: 2022-04-23 15:20:57.212725
Epoch 177/1000, D_loss=0.622762, reward=-8.092268
Epoch: 177: 2022-04-23 15:20:59.964934
Epoch 178/1000, D_loss=0.626156, reward=-8.088646
Epoch: 178: 2022-04-23 15:21:02.560654
Epoch 179/1000, D_loss=0.623891, reward=-8.090961
Epoch: 179: 2022-04-23 15:21:05.220774
Epoch 180/1000, D_loss=0.621223, reward=-8.095240
Test_MRR=0.354562, Test_MR=242.375590, Test_H@10=0.600890
Epoch: 180: 2022-04-23 15:22:46.506381
Epoch 181/1000, D_loss=0.624411, reward=-8.092469
Epoch: 181: 2022-04-23 15:22:49.065415
Epoch 182/1000, D_loss=0.624149, reward=-8.090612
Epoch: 182: 2022-04-23 15:22:51.731079
Epoch 183/1000, D_loss=0.623594, reward=-8.093581
Epoch: 183: 2022-04-23 15:22:54.276681
Epoch 184/1000, D_loss=0.625943, reward=-8.090333
Epoch: 184: 2022-04-23 15:22:56.959986
Epoch 185/1000, D_loss=0.624313, reward=-8.092505
Epoch: 185: 2022-04-23 15:22:59.497173
Epoch 186/1000, D_loss=0.625392, reward=-8.088601
Epoch: 186: 2022-04-23 15:23:02.266138
Epoch 187/1000, D_loss=0.629989, reward=-8.084076
Epoch: 187: 2022-04-23 15:23:05.000577
Epoch 188/1000, D_loss=0.627066, reward=-8.087727
Epoch: 188: 2022-04-23 15:23:07.644397
Epoch 189/1000, D_loss=0.627566, reward=-8.089010
Epoch: 189: 2022-04-23 15:23:10.316638
Epoch 190/1000, D_loss=0.626488, reward=-8.091800
Test_MRR=0.358458, Test_MR=248.814370, Test_H@10=0.604760
Epoch: 190: 2022-04-23 15:24:51.712845
Epoch 191/1000, D_loss=0.628632, reward=-8.087426
Epoch: 191: 2022-04-23 15:24:54.258824
Epoch 192/1000, D_loss=0.628699, reward=-8.087032
Epoch: 192: 2022-04-23 15:24:56.726864
Epoch 193/1000, D_loss=0.629580, reward=-8.085755
Epoch: 193: 2022-04-23 15:24:59.384748
Epoch 194/1000, D_loss=0.630104, reward=-8.085913
Epoch: 194: 2022-04-23 15:25:01.873900
Epoch 195/1000, D_loss=0.629495, reward=-8.085555
Epoch: 195: 2022-04-23 15:25:04.471410
Epoch 196/1000, D_loss=0.631334, reward=-8.083758
Epoch: 196: 2022-04-23 15:25:06.988939
Epoch 197/1000, D_loss=0.629567, reward=-8.085890
Epoch: 197: 2022-04-23 15:25:09.636714
Epoch 198/1000, D_loss=0.628996, reward=-8.086342
Epoch: 198: 2022-04-23 15:25:12.120527
Epoch 199/1000, D_loss=0.631522, reward=-8.083099
Epoch: 199: 2022-04-23 15:25:14.755342
Epoch 200/1000, D_loss=0.631043, reward=-8.081730
Test_MRR=0.361964, Test_MR=255.005940, Test_H@10=0.609300
Epoch: 200: 2022-04-23 15:26:56.593599
Epoch 201/1000, D_loss=0.631569, reward=-8.082396
Epoch: 201: 2022-04-23 15:26:59.189050
Epoch 202/1000, D_loss=0.632757, reward=-8.082024
Epoch: 202: 2022-04-23 15:27:01.654580
Epoch 203/1000, D_loss=0.630515, reward=-8.085874
Epoch: 203: 2022-04-23 15:27:04.304823
Epoch 204/1000, D_loss=0.633059, reward=-8.081030
Epoch: 204: 2022-04-23 15:27:06.893992
Epoch 205/1000, D_loss=0.630967, reward=-8.084714
Epoch: 205: 2022-04-23 15:27:09.521033
Epoch 206/1000, D_loss=0.634516, reward=-8.080190
Epoch: 206: 2022-04-23 15:27:12.097271
Epoch 207/1000, D_loss=0.637453, reward=-8.074296
Epoch: 207: 2022-04-23 15:27:14.609503
Epoch 208/1000, D_loss=0.636048, reward=-8.078444
Epoch: 208: 2022-04-23 15:27:17.088512
Epoch 209/1000, D_loss=0.637235, reward=-8.075766
Epoch: 209: 2022-04-23 15:27:19.629673
Epoch 210/1000, D_loss=0.634981, reward=-8.077291
Test_MRR=0.363994, Test_MR=260.611460, Test_H@10=0.611030
Epoch: 210: 2022-04-23 15:29:35.675863
Epoch 211/1000, D_loss=0.632280, reward=-8.083401
Epoch: 211: 2022-04-23 15:29:38.509168
Epoch 212/1000, D_loss=0.637504, reward=-8.075060
Epoch: 212: 2022-04-23 15:29:41.319187
Epoch 213/1000, D_loss=0.633422, reward=-8.079640
Epoch: 213: 2022-04-23 15:29:44.150498
Epoch 214/1000, D_loss=0.636016, reward=-8.076085
Epoch: 214: 2022-04-23 15:29:46.811399
Epoch 215/1000, D_loss=0.634824, reward=-8.076495
Epoch: 215: 2022-04-23 15:29:49.351307
Epoch 216/1000, D_loss=0.637276, reward=-8.073011
Epoch: 216: 2022-04-23 15:29:52.248544
Epoch 217/1000, D_loss=0.636143, reward=-8.074065
Epoch: 217: 2022-04-23 15:29:54.857460
Epoch 218/1000, D_loss=0.637706, reward=-8.069664
Epoch: 218: 2022-04-23 15:29:57.547424
Epoch 219/1000, D_loss=0.638583, reward=-8.068672
Epoch: 219: 2022-04-23 15:30:00.139143
Epoch 220/1000, D_loss=0.636418, reward=-8.074818
Test_MRR=0.366305, Test_MR=265.781160, Test_H@10=0.614600
Epoch: 220: 2022-04-23 15:31:53.414975
Epoch 221/1000, D_loss=0.639208, reward=-8.071996
Epoch: 221: 2022-04-23 15:31:55.989361
Epoch 222/1000, D_loss=0.638829, reward=-8.072164
Epoch: 222: 2022-04-23 15:31:58.517721
Epoch 223/1000, D_loss=0.637578, reward=-8.070751
Epoch: 223: 2022-04-23 15:32:00.976742
Epoch 224/1000, D_loss=0.638030, reward=-8.070548
Epoch: 224: 2022-04-23 15:32:03.427369
Epoch 225/1000, D_loss=0.639010, reward=-8.073039
Epoch: 225: 2022-04-23 15:32:05.875086
Epoch 226/1000, D_loss=0.640587, reward=-8.066624
Epoch: 226: 2022-04-23 15:32:08.324657
Epoch 227/1000, D_loss=0.639824, reward=-8.068101
Epoch: 227: 2022-04-23 15:32:10.772494
Epoch 228/1000, D_loss=0.641688, reward=-8.065084
Epoch: 228: 2022-04-23 15:32:13.208849
Epoch 229/1000, D_loss=0.639791, reward=-8.067684
Epoch: 229: 2022-04-23 15:32:15.663327
Epoch 230/1000, D_loss=0.640499, reward=-8.070994
Test_MRR=0.368353, Test_MR=271.041730, Test_H@10=0.616710
Epoch: 230: 2022-04-23 15:33:54.534597
Epoch 231/1000, D_loss=0.641773, reward=-8.062696
Epoch: 231: 2022-04-23 15:33:57.109402
Epoch 232/1000, D_loss=0.643231, reward=-8.064684
Epoch: 232: 2022-04-23 15:33:59.556974
Epoch 233/1000, D_loss=0.640496, reward=-8.066908
Epoch: 233: 2022-04-23 15:34:02.079978
Epoch 234/1000, D_loss=0.642621, reward=-8.064438
Epoch: 234: 2022-04-23 15:34:05.023761
Epoch 235/1000, D_loss=0.645525, reward=-8.063297
Epoch: 235: 2022-04-23 15:34:07.931465
Epoch 236/1000, D_loss=0.643567, reward=-8.063620
Epoch: 236: 2022-04-23 15:34:10.830963
Epoch 237/1000, D_loss=0.642511, reward=-8.063039
Epoch: 237: 2022-04-23 15:34:13.512712
Epoch 238/1000, D_loss=0.642112, reward=-8.064221
Epoch: 238: 2022-04-23 15:34:16.224860
Epoch 239/1000, D_loss=0.643851, reward=-8.062549
Epoch: 239: 2022-04-23 15:34:19.160754
Epoch 240/1000, D_loss=0.642195, reward=-8.064709
Test_MRR=0.369522, Test_MR=279.534200, Test_H@10=0.617300
Epoch: 240: 2022-04-23 15:36:06.317159
Epoch 241/1000, D_loss=0.643248, reward=-8.062682
Epoch: 241: 2022-04-23 15:36:08.951357
Epoch 242/1000, D_loss=0.645316, reward=-8.060152
Epoch: 242: 2022-04-23 15:36:11.468020
Epoch 243/1000, D_loss=0.644917, reward=-8.059057
Epoch: 243: 2022-04-23 15:36:13.926379
Epoch 244/1000, D_loss=0.643635, reward=-8.062326
Epoch: 244: 2022-04-23 15:36:16.528202
Epoch 245/1000, D_loss=0.645053, reward=-8.061425
Epoch: 245: 2022-04-23 15:36:18.991883
Epoch 246/1000, D_loss=0.644462, reward=-8.059754
Epoch: 246: 2022-04-23 15:36:21.507060
Epoch 247/1000, D_loss=0.643958, reward=-8.061327
Epoch: 247: 2022-04-23 15:36:23.964538
Epoch 248/1000, D_loss=0.646829, reward=-8.058244
Epoch: 248: 2022-04-23 15:36:26.429269
Epoch 249/1000, D_loss=0.648215, reward=-8.054623
Epoch: 249: 2022-04-23 15:36:29.275556
Epoch 250/1000, D_loss=0.645545, reward=-8.059615
Test_MRR=0.370624, Test_MR=284.177650, Test_H@10=0.620570
Epoch: 250: 2022-04-23 15:38:11.497267
Epoch 251/1000, D_loss=0.644379, reward=-8.058002
Epoch: 251: 2022-04-23 15:38:13.929981
Epoch 252/1000, D_loss=0.645947, reward=-8.057173
Epoch: 252: 2022-04-23 15:38:16.588655
Epoch 253/1000, D_loss=0.646404, reward=-8.055616
Epoch: 253: 2022-04-23 15:38:19.182204
Epoch 254/1000, D_loss=0.646231, reward=-8.055430
Epoch: 254: 2022-04-23 15:38:21.881751
Epoch 255/1000, D_loss=0.648652, reward=-8.054682
Epoch: 255: 2022-04-23 15:38:24.426711
Epoch 256/1000, D_loss=0.648734, reward=-8.052993
Epoch: 256: 2022-04-23 15:38:26.880370
Epoch 257/1000, D_loss=0.646552, reward=-8.054083
Epoch: 257: 2022-04-23 15:38:29.406928
Epoch 258/1000, D_loss=0.648451, reward=-8.052533
Epoch: 258: 2022-04-23 15:38:31.865817
Epoch 259/1000, D_loss=0.646955, reward=-8.056298
Epoch: 259: 2022-04-23 15:38:34.381442
Epoch 260/1000, D_loss=0.648321, reward=-8.055404
Test_MRR=0.372781, Test_MR=290.327730, Test_H@10=0.622640
Epoch: 260: 2022-04-23 15:40:15.251665
Epoch 261/1000, D_loss=0.652531, reward=-8.048781
Epoch: 261: 2022-04-23 15:40:17.802589
Epoch 262/1000, D_loss=0.651142, reward=-8.051064
Epoch: 262: 2022-04-23 15:40:20.244437
Epoch 263/1000, D_loss=0.648829, reward=-8.052672
Epoch: 263: 2022-04-23 15:40:22.771037
Epoch 264/1000, D_loss=0.651652, reward=-8.048258
Epoch: 264: 2022-04-23 15:40:25.218057
Epoch 265/1000, D_loss=0.649891, reward=-8.050166
Epoch: 265: 2022-04-23 15:40:27.665379
Epoch 266/1000, D_loss=0.652495, reward=-8.046310
Epoch: 266: 2022-04-23 15:40:30.111467
Epoch 267/1000, D_loss=0.649362, reward=-8.050275
Epoch: 267: 2022-04-23 15:40:32.559693
Epoch 268/1000, D_loss=0.650772, reward=-8.049746
Epoch: 268: 2022-04-23 15:40:35.060362
Epoch 269/1000, D_loss=0.651442, reward=-8.049297
Epoch: 269: 2022-04-23 15:40:37.561950
Epoch 270/1000, D_loss=0.650636, reward=-8.050839
Test_MRR=0.373926, Test_MR=296.311740, Test_H@10=0.623550
Epoch: 270: 2022-04-23 15:42:18.185329
Epoch 271/1000, D_loss=0.651905, reward=-8.047853
Epoch: 271: 2022-04-23 15:42:21.071578
Epoch 272/1000, D_loss=0.651456, reward=-8.047674
Epoch: 272: 2022-04-23 15:42:23.986568
Epoch 273/1000, D_loss=0.651652, reward=-8.048661
Epoch: 273: 2022-04-23 15:42:26.868088
Epoch 274/1000, D_loss=0.650340, reward=-8.049232
Epoch: 274: 2022-04-23 15:42:29.618557
Epoch 275/1000, D_loss=0.649714, reward=-8.050361
Epoch: 275: 2022-04-23 15:42:32.362090
Epoch 276/1000, D_loss=0.651019, reward=-8.047067
Epoch: 276: 2022-04-23 15:42:35.071269
Epoch 277/1000, D_loss=0.651590, reward=-8.046241
Epoch: 277: 2022-04-23 15:42:37.769066
Epoch 278/1000, D_loss=0.651384, reward=-8.045980
Epoch: 278: 2022-04-23 15:42:40.549452
Epoch 279/1000, D_loss=0.653468, reward=-8.044369
Epoch: 279: 2022-04-23 15:42:43.165509
Epoch 280/1000, D_loss=0.653311, reward=-8.043348
Test_MRR=0.374667, Test_MR=300.870860, Test_H@10=0.624840
Epoch: 280: 2022-04-23 15:44:22.527223
Epoch 281/1000, D_loss=0.655816, reward=-8.041530
Epoch: 281: 2022-04-23 15:44:25.058815
Epoch 282/1000, D_loss=0.650779, reward=-8.047218
Epoch: 282: 2022-04-23 15:44:27.736692
Epoch 283/1000, D_loss=0.654166, reward=-8.044177
Epoch: 283: 2022-04-23 15:44:30.252994
Epoch 284/1000, D_loss=0.651535, reward=-8.045392
Epoch: 284: 2022-04-23 15:44:32.980895
Epoch 285/1000, D_loss=0.651402, reward=-8.044984
Epoch: 285: 2022-04-23 15:44:35.563428
Epoch 286/1000, D_loss=0.652039, reward=-8.046241
Epoch: 286: 2022-04-23 15:44:38.369765
Epoch 287/1000, D_loss=0.653263, reward=-8.043929
Epoch: 287: 2022-04-23 15:44:41.168519
Epoch 288/1000, D_loss=0.652522, reward=-8.044825
Epoch: 288: 2022-04-23 15:44:43.968941
Epoch 289/1000, D_loss=0.656621, reward=-8.039306
Epoch: 289: 2022-04-23 15:44:46.768027
Epoch 290/1000, D_loss=0.654013, reward=-8.040444
Test_MRR=0.375494, Test_MR=303.572870, Test_H@10=0.627980
Epoch: 290: 2022-04-23 15:47:00.810626
Epoch 291/1000, D_loss=0.653232, reward=-8.042686
Epoch: 291: 2022-04-23 15:47:03.747010
Epoch 292/1000, D_loss=0.651752, reward=-8.045977
Epoch: 292: 2022-04-23 15:47:06.581019
Epoch 293/1000, D_loss=0.651971, reward=-8.045451
Epoch: 293: 2022-04-23 15:47:09.203155
Epoch 294/1000, D_loss=0.654850, reward=-8.041843
Epoch: 294: 2022-04-23 15:47:12.019762
Epoch 295/1000, D_loss=0.656563, reward=-8.036350
Epoch: 295: 2022-04-23 15:47:14.806960
Epoch 296/1000, D_loss=0.654913, reward=-8.038798
Epoch: 296: 2022-04-23 15:47:17.449929
Epoch 297/1000, D_loss=0.655178, reward=-8.038148
Epoch: 297: 2022-04-23 15:47:19.906004
Epoch 298/1000, D_loss=0.657052, reward=-8.037093
Epoch: 298: 2022-04-23 15:47:22.422271
Epoch 299/1000, D_loss=0.652777, reward=-8.043217
Epoch: 299: 2022-04-23 15:47:24.875439
Epoch 300/1000, D_loss=0.655066, reward=-8.037555
Test_MRR=0.377971, Test_MR=307.471700, Test_H@10=0.629000
Epoch: 300: 2022-04-23 15:49:06.639579
Epoch 301/1000, D_loss=0.654393, reward=-8.039220
Epoch: 301: 2022-04-23 15:49:09.090948
Epoch 302/1000, D_loss=0.655315, reward=-8.036519
Epoch: 302: 2022-04-23 15:49:11.604037
Epoch 303/1000, D_loss=0.657828, reward=-8.032701
Epoch: 303: 2022-04-23 15:49:14.053294
Epoch 304/1000, D_loss=0.657395, reward=-8.033271
Epoch: 304: 2022-04-23 15:49:16.562871
Epoch 305/1000, D_loss=0.654071, reward=-8.038692
Epoch: 305: 2022-04-23 15:49:19.093099
Epoch 306/1000, D_loss=0.656920, reward=-8.037110
Epoch: 306: 2022-04-23 15:49:21.628902
Epoch 307/1000, D_loss=0.658871, reward=-8.030865
Epoch: 307: 2022-04-23 15:49:24.298579
Epoch 308/1000, D_loss=0.657458, reward=-8.033765
Epoch: 308: 2022-04-23 15:49:26.913938
Epoch 309/1000, D_loss=0.656711, reward=-8.035905
Epoch: 309: 2022-04-23 15:49:29.622730
Epoch 310/1000, D_loss=0.656733, reward=-8.034526
Test_MRR=0.378367, Test_MR=311.008060, Test_H@10=0.629900
Epoch: 310: 2022-04-23 15:51:11.860994
Epoch 311/1000, D_loss=0.658809, reward=-8.032654
Epoch: 311: 2022-04-23 15:51:14.454236
Epoch 312/1000, D_loss=0.658559, reward=-8.031625
Epoch: 312: 2022-04-23 15:51:17.180481
Epoch 313/1000, D_loss=0.657868, reward=-8.031378
Epoch: 313: 2022-04-23 15:51:20.107353
Epoch 314/1000, D_loss=0.659357, reward=-8.031288
Epoch: 314: 2022-04-23 15:51:22.991412
Epoch 315/1000, D_loss=0.657822, reward=-8.033658
Epoch: 315: 2022-04-23 15:51:25.869287
Epoch 316/1000, D_loss=0.657099, reward=-8.034228
Epoch: 316: 2022-04-23 15:51:28.784639
Epoch 317/1000, D_loss=0.660450, reward=-8.029845
Epoch: 317: 2022-04-23 15:51:31.648948
Epoch 318/1000, D_loss=0.657880, reward=-8.033008
Epoch: 318: 2022-04-23 15:51:34.508238
Epoch 319/1000, D_loss=0.657921, reward=-8.031946
Epoch: 319: 2022-04-23 15:51:37.375715
Epoch 320/1000, D_loss=0.658990, reward=-8.032891
Test_MRR=0.380619, Test_MR=309.385390, Test_H@10=0.631950
Epoch: 320: 2022-04-23 15:53:27.773047
Epoch 321/1000, D_loss=0.660079, reward=-8.030645
Epoch: 321: 2022-04-23 15:53:30.658849
Epoch 322/1000, D_loss=0.660515, reward=-8.031959
Epoch: 322: 2022-04-23 15:53:33.309988
Epoch 323/1000, D_loss=0.658187, reward=-8.031858
Epoch: 323: 2022-04-23 15:53:36.099362
Epoch 324/1000, D_loss=0.660309, reward=-8.031255
Epoch: 324: 2022-04-23 15:53:38.974008
Epoch 325/1000, D_loss=0.658325, reward=-8.032290
Epoch: 325: 2022-04-23 15:53:41.802818
Epoch 326/1000, D_loss=0.658790, reward=-8.030650
Epoch: 326: 2022-04-23 15:53:44.584043
Epoch 327/1000, D_loss=0.658716, reward=-8.030416
Epoch: 327: 2022-04-23 15:53:47.421450
Epoch 328/1000, D_loss=0.657948, reward=-8.030096
Epoch: 328: 2022-04-23 15:53:50.148631
Epoch 329/1000, D_loss=0.661219, reward=-8.027608
Epoch: 329: 2022-04-23 15:53:52.677666
Epoch 330/1000, D_loss=0.659490, reward=-8.029411
Test_MRR=0.383008, Test_MR=312.795980, Test_H@10=0.634100
Epoch: 330: 2022-04-23 15:55:37.867365
Epoch 331/1000, D_loss=0.662051, reward=-8.028360
Epoch: 331: 2022-04-23 15:55:40.708402
Epoch 332/1000, D_loss=0.659938, reward=-8.028440
Epoch: 332: 2022-04-23 15:55:43.501055
Epoch 333/1000, D_loss=0.659097, reward=-8.029022
Epoch: 333: 2022-04-23 15:55:46.102514
Epoch 334/1000, D_loss=0.662063, reward=-8.025700
Epoch: 334: 2022-04-23 15:55:48.549020
Epoch 335/1000, D_loss=0.658901, reward=-8.028372
Epoch: 335: 2022-04-23 15:55:50.991363
Epoch 336/1000, D_loss=0.660158, reward=-8.027478
Epoch: 336: 2022-04-23 15:55:53.437984
Epoch 337/1000, D_loss=0.659400, reward=-8.027062
Epoch: 337: 2022-04-23 15:55:55.893436
Epoch 338/1000, D_loss=0.660538, reward=-8.024765
Epoch: 338: 2022-04-23 15:55:58.350578
Epoch 339/1000, D_loss=0.661008, reward=-8.028161
Epoch: 339: 2022-04-23 15:56:00.795581
Epoch 340/1000, D_loss=0.662146, reward=-8.025063
Test_MRR=0.383356, Test_MR=317.182580, Test_H@10=0.634390
Epoch: 340: 2022-04-23 15:57:41.399850
Epoch 341/1000, D_loss=0.660666, reward=-8.027332
Epoch: 341: 2022-04-23 15:57:43.955999
Epoch 342/1000, D_loss=0.660657, reward=-8.027690
Epoch: 342: 2022-04-23 15:57:46.374273
Epoch 343/1000, D_loss=0.660141, reward=-8.027055
Epoch: 343: 2022-04-23 15:57:48.795678
Epoch 344/1000, D_loss=0.660736, reward=-8.026368
Epoch: 344: 2022-04-23 15:57:51.303712
Epoch 345/1000, D_loss=0.663342, reward=-8.024469
Epoch: 345: 2022-04-23 15:57:53.728392
Epoch 346/1000, D_loss=0.660639, reward=-8.026255
Epoch: 346: 2022-04-23 15:57:56.153950
Epoch 347/1000, D_loss=0.661999, reward=-8.024774
Epoch: 347: 2022-04-23 15:57:58.578589
Epoch 348/1000, D_loss=0.661257, reward=-8.025683
Epoch: 348: 2022-04-23 15:58:01.007380
Epoch 349/1000, D_loss=0.661760, reward=-8.023190
Epoch: 349: 2022-04-23 15:58:03.434892
Epoch 350/1000, D_loss=0.662565, reward=-8.023074
Test_MRR=0.383160, Test_MR=317.591300, Test_H@10=0.635940
Epoch: 350: 2022-04-23 15:59:41.148564
Epoch 351/1000, D_loss=0.662757, reward=-8.023067
Epoch: 351: 2022-04-23 15:59:43.580749
Epoch 352/1000, D_loss=0.661092, reward=-8.022162
Epoch: 352: 2022-04-23 15:59:46.009376
Epoch 353/1000, D_loss=0.662966, reward=-8.021892
Epoch: 353: 2022-04-23 15:59:48.438213
Epoch 354/1000, D_loss=0.660439, reward=-8.024512
Epoch: 354: 2022-04-23 15:59:50.862633
Epoch 355/1000, D_loss=0.661142, reward=-8.022248
Epoch: 355: 2022-04-23 15:59:53.290264
Epoch 356/1000, D_loss=0.662831, reward=-8.019917
Epoch: 356: 2022-04-23 15:59:55.718755
Epoch 357/1000, D_loss=0.662617, reward=-8.019469
Epoch: 357: 2022-04-23 15:59:58.145974
Epoch 358/1000, D_loss=0.665316, reward=-8.016316
Epoch: 358: 2022-04-23 16:00:00.578732
Epoch 359/1000, D_loss=0.664263, reward=-8.017691
Epoch: 359: 2022-04-23 16:00:03.003648
Epoch 360/1000, D_loss=0.661083, reward=-8.021669
Test_MRR=0.384034, Test_MR=318.052990, Test_H@10=0.637180
Epoch: 360: 2022-04-23 16:01:40.482623
Epoch 361/1000, D_loss=0.662287, reward=-8.020456
Epoch: 361: 2022-04-23 16:01:43.023740
Epoch 362/1000, D_loss=0.661691, reward=-8.021380
Epoch: 362: 2022-04-23 16:01:45.448389
Epoch 363/1000, D_loss=0.664096, reward=-8.017264
Epoch: 363: 2022-04-23 16:01:47.870777
Epoch 364/1000, D_loss=0.662746, reward=-8.019226
Epoch: 364: 2022-04-23 16:01:50.372395
Epoch 365/1000, D_loss=0.661415, reward=-8.021982
Epoch: 365: 2022-04-23 16:01:52.799469
Epoch 366/1000, D_loss=0.662218, reward=-8.022426
Epoch: 366: 2022-04-23 16:01:55.227539
Epoch 367/1000, D_loss=0.663458, reward=-8.019540
Epoch: 367: 2022-04-23 16:01:57.655096
Epoch 368/1000, D_loss=0.663922, reward=-8.017999
Epoch: 368: 2022-04-23 16:02:00.083773
Epoch 369/1000, D_loss=0.664870, reward=-8.013824
Epoch: 369: 2022-04-23 16:02:02.509803
Epoch 370/1000, D_loss=0.666997, reward=-8.013959
Test_MRR=0.385326, Test_MR=318.782490, Test_H@10=0.639010
Epoch: 370: 2022-04-23 16:03:44.132561
Epoch 371/1000, D_loss=0.663266, reward=-8.015773
Epoch: 371: 2022-04-23 16:03:46.691182
Epoch 372/1000, D_loss=0.663043, reward=-8.015171
Epoch: 372: 2022-04-23 16:03:49.539065
Epoch 373/1000, D_loss=0.664516, reward=-8.012683
Epoch: 373: 2022-04-23 16:03:52.131511
Epoch 374/1000, D_loss=0.665647, reward=-8.011562
Epoch: 374: 2022-04-23 16:03:54.555014
Epoch 375/1000, D_loss=0.665683, reward=-8.010763
Epoch: 375: 2022-04-23 16:03:56.978745
Epoch 376/1000, D_loss=0.667293, reward=-8.007712
Epoch: 376: 2022-04-23 16:03:59.406133
Epoch 377/1000, D_loss=0.661295, reward=-8.015771
Epoch: 377: 2022-04-23 16:04:01.817535
Epoch 378/1000, D_loss=0.664641, reward=-8.011671
Epoch: 378: 2022-04-23 16:04:04.242624
Epoch 379/1000, D_loss=0.665946, reward=-8.009481
Epoch: 379: 2022-04-23 16:04:06.668598
Epoch 380/1000, D_loss=0.666199, reward=-8.011551
Test_MRR=0.386506, Test_MR=321.585340, Test_H@10=0.638530
Epoch: 380: 2022-04-23 16:05:44.853799
Epoch 381/1000, D_loss=0.665065, reward=-8.010808
Epoch: 381: 2022-04-23 16:05:47.359865
Epoch 382/1000, D_loss=0.666641, reward=-8.007292
Epoch: 382: 2022-04-23 16:05:49.780012
Epoch 383/1000, D_loss=0.666411, reward=-8.007936
Epoch: 383: 2022-04-23 16:05:52.200953
Epoch 384/1000, D_loss=0.664414, reward=-8.010528
Epoch: 384: 2022-04-23 16:05:54.710019
Epoch 385/1000, D_loss=0.666156, reward=-8.007853
Epoch: 385: 2022-04-23 16:05:57.119016
Epoch 386/1000, D_loss=0.664926, reward=-8.010703
Epoch: 386: 2022-04-23 16:05:59.543637
Epoch 387/1000, D_loss=0.664098, reward=-8.009404
Epoch: 387: 2022-04-23 16:06:01.969769
Epoch 388/1000, D_loss=0.664571, reward=-8.008437
Epoch: 388: 2022-04-23 16:06:04.397896
Epoch 389/1000, D_loss=0.665720, reward=-8.006966
Epoch: 389: 2022-04-23 16:06:07.251573
Epoch 390/1000, D_loss=0.665263, reward=-8.006811
Test_MRR=0.387451, Test_MR=323.074550, Test_H@10=0.638820
Epoch: 390: 2022-04-23 16:07:50.120739
Epoch 391/1000, D_loss=0.666609, reward=-8.005201
Epoch: 391: 2022-04-23 16:07:52.517156
Epoch 392/1000, D_loss=0.666377, reward=-8.005593
Epoch: 392: 2022-04-23 16:07:54.937436
Epoch 393/1000, D_loss=0.667612, reward=-8.006180
Epoch: 393: 2022-04-23 16:07:57.344110
Epoch 394/1000, D_loss=0.667976, reward=-8.001584
Epoch: 394: 2022-04-23 16:07:59.847575
Epoch 395/1000, D_loss=0.666253, reward=-8.004189
Epoch: 395: 2022-04-23 16:08:02.271048
Epoch 396/1000, D_loss=0.664050, reward=-8.008841
Epoch: 396: 2022-04-23 16:08:04.693994
Epoch 397/1000, D_loss=0.666424, reward=-8.002344
Epoch: 397: 2022-04-23 16:08:07.117111
Epoch 398/1000, D_loss=0.667453, reward=-8.002405
Epoch: 398: 2022-04-23 16:08:09.543319
Epoch 399/1000, D_loss=0.669375, reward=-8.001172
Epoch: 399: 2022-04-23 16:08:12.418876
Epoch 400/1000, D_loss=0.665392, reward=-8.003580
Test_MRR=0.387905, Test_MR=323.305930, Test_H@10=0.640630
Epoch: 400: 2022-04-23 16:09:57.313172
Epoch 401/1000, D_loss=0.663293, reward=-8.008149
Epoch: 401: 2022-04-23 16:09:59.816370
Epoch 402/1000, D_loss=0.666620, reward=-8.001851
Epoch: 402: 2022-04-23 16:10:02.235154
Epoch 403/1000, D_loss=0.667357, reward=-8.000672
Epoch: 403: 2022-04-23 16:10:04.655876
Epoch 404/1000, D_loss=0.669428, reward=-7.996894
Epoch: 404: 2022-04-23 16:10:07.526207
Epoch 405/1000, D_loss=0.668268, reward=-7.998664
Epoch: 405: 2022-04-23 16:10:10.352937
Epoch 406/1000, D_loss=0.667120, reward=-8.001796
Epoch: 406: 2022-04-23 16:10:13.129933
Epoch 407/1000, D_loss=0.665303, reward=-8.004395
Epoch: 407: 2022-04-23 16:10:15.981252
Epoch 408/1000, D_loss=0.668682, reward=-7.999699
Epoch: 408: 2022-04-23 16:10:18.561661
Epoch 409/1000, D_loss=0.667934, reward=-7.999758
Epoch: 409: 2022-04-23 16:10:21.069960
Epoch 410/1000, D_loss=0.668995, reward=-7.998405
Test_MRR=0.388722, Test_MR=321.629150, Test_H@10=0.642900
Epoch: 410: 2022-04-23 16:12:01.189185
Epoch 411/1000, D_loss=0.670481, reward=-7.998375
Epoch: 411: 2022-04-23 16:12:03.732549
Epoch 412/1000, D_loss=0.669281, reward=-7.999332
Epoch: 412: 2022-04-23 16:12:06.120784
Epoch 413/1000, D_loss=0.671576, reward=-7.993439
Epoch: 413: 2022-04-23 16:12:08.542876
Epoch 414/1000, D_loss=0.666475, reward=-7.998935
Epoch: 414: 2022-04-23 16:12:11.044487
Epoch 415/1000, D_loss=0.666856, reward=-7.999072
Epoch: 415: 2022-04-23 16:12:13.470209
Epoch 416/1000, D_loss=0.668157, reward=-7.998126
Epoch: 416: 2022-04-23 16:12:15.898778
Epoch 417/1000, D_loss=0.669495, reward=-7.993410
Epoch: 417: 2022-04-23 16:12:18.327391
Epoch 418/1000, D_loss=0.668086, reward=-7.997312
Epoch: 418: 2022-04-23 16:12:20.756196
Epoch 419/1000, D_loss=0.669551, reward=-7.996670
Epoch: 419: 2022-04-23 16:12:23.587737
Epoch 420/1000, D_loss=0.668182, reward=-7.996410
Test_MRR=0.390751, Test_MR=319.261190, Test_H@10=0.643100
Epoch: 420: 2022-04-23 16:14:02.420791
Epoch 421/1000, D_loss=0.669343, reward=-7.995435
Epoch: 421: 2022-04-23 16:14:04.938399
Epoch 422/1000, D_loss=0.670041, reward=-7.992619
Epoch: 422: 2022-04-23 16:14:07.362820
Epoch 423/1000, D_loss=0.669397, reward=-7.993456
Epoch: 423: 2022-04-23 16:14:09.791062
Epoch 424/1000, D_loss=0.670224, reward=-7.992939
Epoch: 424: 2022-04-23 16:14:12.646490
Epoch 425/1000, D_loss=0.670185, reward=-7.991761
Epoch: 425: 2022-04-23 16:14:15.338005
Epoch 426/1000, D_loss=0.668532, reward=-7.992619
Epoch: 426: 2022-04-23 16:14:18.143393
Epoch 427/1000, D_loss=0.670691, reward=-7.990462
Epoch: 427: 2022-04-23 16:14:20.944509
Epoch 428/1000, D_loss=0.668981, reward=-7.991690
Epoch: 428: 2022-04-23 16:14:23.756810
Epoch 429/1000, D_loss=0.670787, reward=-7.992186
Epoch: 429: 2022-04-23 16:14:26.579476
Epoch 430/1000, D_loss=0.667833, reward=-7.993992
Test_MRR=0.390718, Test_MR=319.860150, Test_H@10=0.643190
Epoch: 430: 2022-04-23 16:16:04.123246
Epoch 431/1000, D_loss=0.668702, reward=-7.992798
Epoch: 431: 2022-04-23 16:16:06.546710
Epoch 432/1000, D_loss=0.671022, reward=-7.990235
Epoch: 432: 2022-04-23 16:16:08.953409
Epoch 433/1000, D_loss=0.670612, reward=-7.991688
Epoch: 433: 2022-04-23 16:16:11.378415
Epoch 434/1000, D_loss=0.670842, reward=-7.989184
Epoch: 434: 2022-04-23 16:16:13.805794
Epoch 435/1000, D_loss=0.669562, reward=-7.991483
Epoch: 435: 2022-04-23 16:16:16.656777
Epoch 436/1000, D_loss=0.670326, reward=-7.990451
Epoch: 436: 2022-04-23 16:16:19.272898
Epoch 437/1000, D_loss=0.670383, reward=-7.991543
Epoch: 437: 2022-04-23 16:16:21.886719
Epoch 438/1000, D_loss=0.672410, reward=-7.984890
Epoch: 438: 2022-04-23 16:16:24.690203
Epoch 439/1000, D_loss=0.670115, reward=-7.987786
Epoch: 439: 2022-04-23 16:16:27.498682
Epoch 440/1000, D_loss=0.669487, reward=-7.991561
Test_MRR=0.392313, Test_MR=320.738990, Test_H@10=0.644070
Epoch: 440: 2022-04-23 16:18:11.267953
Epoch 441/1000, D_loss=0.673801, reward=-7.984312
Epoch: 441: 2022-04-23 16:18:13.855087
Epoch 442/1000, D_loss=0.672034, reward=-7.986074
Epoch: 442: 2022-04-23 16:18:16.280791
Epoch 443/1000, D_loss=0.672969, reward=-7.984191
Epoch: 443: 2022-04-23 16:18:18.707316
Epoch 444/1000, D_loss=0.670091, reward=-7.987622
Epoch: 444: 2022-04-23 16:18:21.130452
Epoch 445/1000, D_loss=0.671869, reward=-7.984210
Epoch: 445: 2022-04-23 16:18:23.540055
Epoch 446/1000, D_loss=0.670865, reward=-7.985038
Epoch: 446: 2022-04-23 16:18:25.969734
Epoch 447/1000, D_loss=0.669369, reward=-7.988909
Epoch: 447: 2022-04-23 16:18:28.471532
Epoch 448/1000, D_loss=0.670713, reward=-7.985611
Epoch: 448: 2022-04-23 16:18:30.899523
Epoch 449/1000, D_loss=0.671918, reward=-7.984019
Epoch: 449: 2022-04-23 16:18:33.326499
Epoch 450/1000, D_loss=0.670520, reward=-7.982679
Test_MRR=0.391655, Test_MR=323.978490, Test_H@10=0.645790
Epoch: 450: 2022-04-23 16:20:10.918380
Epoch 451/1000, D_loss=0.668828, reward=-7.986496
Epoch: 451: 2022-04-23 16:20:13.775896
Epoch 452/1000, D_loss=0.671118, reward=-7.984878
Epoch: 452: 2022-04-23 16:20:16.276315
Epoch 453/1000, D_loss=0.670766, reward=-7.983703
Epoch: 453: 2022-04-23 16:20:18.701364
Epoch 454/1000, D_loss=0.671643, reward=-7.982358
Epoch: 454: 2022-04-23 16:20:21.566300
Epoch 455/1000, D_loss=0.671958, reward=-7.981289
Epoch: 455: 2022-04-23 16:20:24.342590
Epoch 456/1000, D_loss=0.671353, reward=-7.981509
Epoch: 456: 2022-04-23 16:20:26.763987
Epoch 457/1000, D_loss=0.671871, reward=-7.981560
Epoch: 457: 2022-04-23 16:20:29.189377
Epoch 458/1000, D_loss=0.672760, reward=-7.978757
Epoch: 458: 2022-04-23 16:20:31.613358
Epoch 459/1000, D_loss=0.671187, reward=-7.980524
Epoch: 459: 2022-04-23 16:20:34.035968
Epoch 460/1000, D_loss=0.668637, reward=-7.983571
Test_MRR=0.391458, Test_MR=329.141260, Test_H@10=0.645500
Epoch: 460: 2022-04-23 16:22:11.379156
Epoch 461/1000, D_loss=0.672206, reward=-7.979643
Epoch: 461: 2022-04-23 16:22:13.886039
Epoch 462/1000, D_loss=0.670420, reward=-7.980921
Epoch: 462: 2022-04-23 16:22:16.313492
Epoch 463/1000, D_loss=0.672105, reward=-7.979245
Epoch: 463: 2022-04-23 16:22:18.742194
Epoch 464/1000, D_loss=0.671568, reward=-7.979466
Epoch: 464: 2022-04-23 16:22:21.150446
Epoch 465/1000, D_loss=0.672150, reward=-7.975564
Epoch: 465: 2022-04-23 16:22:23.582707
Epoch 466/1000, D_loss=0.671736, reward=-7.974994
Epoch: 466: 2022-04-23 16:22:26.008497
Epoch 467/1000, D_loss=0.674375, reward=-7.973717
Epoch: 467: 2022-04-23 16:22:28.433180
Epoch 468/1000, D_loss=0.671828, reward=-7.978318
Epoch: 468: 2022-04-23 16:22:30.858818
Epoch 469/1000, D_loss=0.674615, reward=-7.973416
Epoch: 469: 2022-04-23 16:22:33.361758
Epoch 470/1000, D_loss=0.671013, reward=-7.974677
Test_MRR=0.391569, Test_MR=326.994670, Test_H@10=0.644930
Epoch: 470: 2022-04-23 16:24:11.115429
Epoch 471/1000, D_loss=0.668794, reward=-7.980162
Epoch: 471: 2022-04-23 16:24:13.973340
Epoch 472/1000, D_loss=0.673293, reward=-7.972995
Epoch: 472: 2022-04-23 16:24:16.787830
Epoch 473/1000, D_loss=0.674500, reward=-7.970580
Epoch: 473: 2022-04-23 16:24:19.370675
Epoch 474/1000, D_loss=0.674845, reward=-7.967689
Epoch: 474: 2022-04-23 16:24:21.872830
Epoch 475/1000, D_loss=0.672923, reward=-7.972621
Epoch: 475: 2022-04-23 16:24:24.283971
Epoch 476/1000, D_loss=0.674507, reward=-7.970581
Epoch: 476: 2022-04-23 16:24:26.712248
Epoch 477/1000, D_loss=0.672862, reward=-7.970807
Epoch: 477: 2022-04-23 16:24:29.126931
Epoch 478/1000, D_loss=0.673366, reward=-7.972732
Epoch: 478: 2022-04-23 16:24:31.557492
Epoch 479/1000, D_loss=0.672704, reward=-7.969241
Epoch: 479: 2022-04-23 16:24:34.182373
Epoch 480/1000, D_loss=0.673407, reward=-7.966751
Test_MRR=0.392197, Test_MR=327.199030, Test_H@10=0.647110
Epoch: 480: 2022-04-23 16:26:11.746663
Epoch 481/1000, D_loss=0.674671, reward=-7.965394
Epoch: 481: 2022-04-23 16:26:14.266837
Epoch 482/1000, D_loss=0.675466, reward=-7.966016
Epoch: 482: 2022-04-23 16:26:16.695357
Epoch 483/1000, D_loss=0.672082, reward=-7.969611
Epoch: 483: 2022-04-23 16:26:19.123774
Epoch 484/1000, D_loss=0.673735, reward=-7.968950
Epoch: 484: 2022-04-23 16:26:21.552482
Epoch 485/1000, D_loss=0.675875, reward=-7.966784
Epoch: 485: 2022-04-23 16:26:23.980816
Epoch 486/1000, D_loss=0.676641, reward=-7.965698
Epoch: 486: 2022-04-23 16:26:26.382643
Epoch 487/1000, D_loss=0.673378, reward=-7.969743
Epoch: 487: 2022-04-23 16:26:28.805799
Epoch 488/1000, D_loss=0.673545, reward=-7.969367
Epoch: 488: 2022-04-23 16:26:31.232037
Epoch 489/1000, D_loss=0.672303, reward=-7.971058
Epoch: 489: 2022-04-23 16:26:34.080707
Epoch 490/1000, D_loss=0.674506, reward=-7.964923
Test_MRR=0.392052, Test_MR=327.071990, Test_H@10=0.647920
Epoch: 490: 2022-04-23 16:28:12.879344
Epoch 491/1000, D_loss=0.673061, reward=-7.968515
Epoch: 491: 2022-04-23 16:28:15.746351
Epoch 492/1000, D_loss=0.671860, reward=-7.969855
Epoch: 492: 2022-04-23 16:28:18.579011
Epoch 493/1000, D_loss=0.673160, reward=-7.964850
Epoch: 493: 2022-04-23 16:28:21.352146
Epoch 494/1000, D_loss=0.673166, reward=-7.966466
Epoch: 494: 2022-04-23 16:28:24.102499
Epoch 495/1000, D_loss=0.675868, reward=-7.963097
Epoch: 495: 2022-04-23 16:28:26.608779
Epoch 496/1000, D_loss=0.675967, reward=-7.962774
Epoch: 496: 2022-04-23 16:28:29.031344
Epoch 497/1000, D_loss=0.676117, reward=-7.961802
Epoch: 497: 2022-04-23 16:28:31.453960
Epoch 498/1000, D_loss=0.675460, reward=-7.961584
Epoch: 498: 2022-04-23 16:28:33.878845
Epoch 499/1000, D_loss=0.675643, reward=-7.961496
Epoch: 499: 2022-04-23 16:28:36.379957
Epoch 500/1000, D_loss=0.672200, reward=-7.964395
Test_MRR=0.393810, Test_MR=329.788550, Test_H@10=0.648420
Epoch: 500: 2022-04-23 16:30:14.116925
Epoch 501/1000, D_loss=0.676297, reward=-7.958201
Epoch: 501: 2022-04-23 16:30:16.635513
Epoch 502/1000, D_loss=0.676865, reward=-7.958258
Epoch: 502: 2022-04-23 16:30:19.060786
Epoch 503/1000, D_loss=0.675805, reward=-7.959697
Epoch: 503: 2022-04-23 16:30:21.486251
Epoch 504/1000, D_loss=0.674245, reward=-7.960021
Epoch: 504: 2022-04-23 16:30:23.930778
Epoch 505/1000, D_loss=0.671979, reward=-7.960642
Epoch: 505: 2022-04-23 16:30:26.401499
Epoch 506/1000, D_loss=0.675691, reward=-7.956923
Epoch: 506: 2022-04-23 16:30:28.821532
Epoch 507/1000, D_loss=0.674471, reward=-7.959737
Epoch: 507: 2022-04-23 16:30:31.242692
Epoch 508/1000, D_loss=0.674593, reward=-7.957784
Epoch: 508: 2022-04-23 16:30:33.664306
Epoch 509/1000, D_loss=0.676689, reward=-7.955661
Epoch: 509: 2022-04-23 16:30:36.083677
Epoch 510/1000, D_loss=0.673954, reward=-7.960645
Test_MRR=0.394443, Test_MR=330.948520, Test_H@10=0.649370
Epoch: 510: 2022-04-23 16:32:13.536144
Epoch 511/1000, D_loss=0.676454, reward=-7.954922
Epoch: 511: 2022-04-23 16:32:15.941355
Epoch 512/1000, D_loss=0.674640, reward=-7.958799
Epoch: 512: 2022-04-23 16:32:18.362470
Epoch 513/1000, D_loss=0.673943, reward=-7.957404
Epoch: 513: 2022-04-23 16:32:20.806255
Epoch 514/1000, D_loss=0.674401, reward=-7.959601
Epoch: 514: 2022-04-23 16:32:23.673703
Epoch 515/1000, D_loss=0.677614, reward=-7.955275
Epoch: 515: 2022-04-23 16:32:26.450952
Epoch 516/1000, D_loss=0.674087, reward=-7.958856
Epoch: 516: 2022-04-23 16:32:29.268062
Epoch 517/1000, D_loss=0.675547, reward=-7.954731
Epoch: 517: 2022-04-23 16:32:32.095144
Epoch 518/1000, D_loss=0.676211, reward=-7.954891
Epoch: 518: 2022-04-23 16:32:34.917028
Epoch 519/1000, D_loss=0.677065, reward=-7.950272
Epoch: 519: 2022-04-23 16:32:37.765207
Epoch 520/1000, D_loss=0.674557, reward=-7.956959
Test_MRR=0.394352, Test_MR=326.972890, Test_H@10=0.649600
Epoch: 520: 2022-04-23 16:34:19.308637
Epoch 521/1000, D_loss=0.675505, reward=-7.955386
Epoch: 521: 2022-04-23 16:34:21.810066
Epoch 522/1000, D_loss=0.677339, reward=-7.951905
Epoch: 522: 2022-04-23 16:34:24.229620
Epoch 523/1000, D_loss=0.679025, reward=-7.949132
Epoch: 523: 2022-04-23 16:34:26.651235
Epoch 524/1000, D_loss=0.677229, reward=-7.949690
Epoch: 524: 2022-04-23 16:34:29.498997
Epoch 525/1000, D_loss=0.676029, reward=-7.951089
Epoch: 525: 2022-04-23 16:34:32.316669
Epoch 526/1000, D_loss=0.675307, reward=-7.951578
Epoch: 526: 2022-04-23 16:34:34.889129
Epoch 527/1000, D_loss=0.675676, reward=-7.950633
Epoch: 527: 2022-04-23 16:34:37.399033
Epoch 528/1000, D_loss=0.673904, reward=-7.953342
Epoch: 528: 2022-04-23 16:34:39.822524
Epoch 529/1000, D_loss=0.676830, reward=-7.950002
Epoch: 529: 2022-04-23 16:34:42.671224
Epoch 530/1000, D_loss=0.676231, reward=-7.948251
Test_MRR=0.394961, Test_MR=325.590670, Test_H@10=0.650410
Epoch: 530: 2022-04-23 16:36:36.250285
Epoch 531/1000, D_loss=0.677029, reward=-7.947295
Epoch: 531: 2022-04-23 16:36:38.775262
Epoch 532/1000, D_loss=0.674584, reward=-7.953358
Epoch: 532: 2022-04-23 16:36:41.200215
Epoch 533/1000, D_loss=0.675207, reward=-7.948549
Epoch: 533: 2022-04-23 16:36:43.625064
Epoch 534/1000, D_loss=0.676589, reward=-7.948013
Epoch: 534: 2022-04-23 16:36:46.461623
Epoch 535/1000, D_loss=0.679854, reward=-7.943776
Epoch: 535: 2022-04-23 16:36:49.102596
Epoch 536/1000, D_loss=0.677903, reward=-7.945901
Epoch: 536: 2022-04-23 16:36:51.910683
Epoch 537/1000, D_loss=0.676147, reward=-7.946076
Epoch: 537: 2022-04-23 16:36:54.712844
Epoch 538/1000, D_loss=0.678471, reward=-7.944512
Epoch: 538: 2022-04-23 16:36:57.492525
Epoch 539/1000, D_loss=0.676603, reward=-7.947063
Epoch: 539: 2022-04-23 16:37:00.179595
Epoch 540/1000, D_loss=0.676575, reward=-7.945984
Test_MRR=0.396244, Test_MR=325.670950, Test_H@10=0.651860
Epoch: 540: 2022-04-23 16:38:50.756923
Epoch 541/1000, D_loss=0.676032, reward=-7.948950
Epoch: 541: 2022-04-23 16:38:53.618990
Epoch 542/1000, D_loss=0.677150, reward=-7.944880
Epoch: 542: 2022-04-23 16:38:56.378739
Epoch 543/1000, D_loss=0.678346, reward=-7.942940
Epoch: 543: 2022-04-23 16:38:59.226643
Epoch 544/1000, D_loss=0.680839, reward=-7.939157
Epoch: 544: 2022-04-23 16:39:01.952615
Epoch 545/1000, D_loss=0.677490, reward=-7.942467
Epoch: 545: 2022-04-23 16:39:04.761594
Epoch 546/1000, D_loss=0.677571, reward=-7.942847
Epoch: 546: 2022-04-23 16:39:07.549475
Epoch 547/1000, D_loss=0.676765, reward=-7.943882
Epoch: 547: 2022-04-23 16:39:10.153067
Epoch 548/1000, D_loss=0.678408, reward=-7.940085
Epoch: 548: 2022-04-23 16:39:12.666597
Epoch 549/1000, D_loss=0.677134, reward=-7.942427
Epoch: 549: 2022-04-23 16:39:15.093889
Epoch 550/1000, D_loss=0.679701, reward=-7.937668
Test_MRR=0.397791, Test_MR=323.945370, Test_H@10=0.652230
Epoch: 550: 2022-04-23 16:40:54.526232
Epoch 551/1000, D_loss=0.678668, reward=-7.940034
Epoch: 551: 2022-04-23 16:40:57.086255
Epoch 552/1000, D_loss=0.677903, reward=-7.940094
Epoch: 552: 2022-04-23 16:40:59.512636
Epoch 553/1000, D_loss=0.680183, reward=-7.935798
Epoch: 553: 2022-04-23 16:41:01.939202
Epoch 554/1000, D_loss=0.681106, reward=-7.934391
Epoch: 554: 2022-04-23 16:41:04.445558
Epoch 555/1000, D_loss=0.679199, reward=-7.939103
Epoch: 555: 2022-04-23 16:41:06.864520
Epoch 556/1000, D_loss=0.675015, reward=-7.943245
Epoch: 556: 2022-04-23 16:41:09.288924
Epoch 557/1000, D_loss=0.675285, reward=-7.941787
Epoch: 557: 2022-04-23 16:41:11.712531
Epoch 558/1000, D_loss=0.678160, reward=-7.937227
Epoch: 558: 2022-04-23 16:41:14.102633
Epoch 559/1000, D_loss=0.678899, reward=-7.936272
Epoch: 559: 2022-04-23 16:41:16.523898
Epoch 560/1000, D_loss=0.678570, reward=-7.938595
Test_MRR=0.398712, Test_MR=323.676490, Test_H@10=0.653420
Epoch: 560: 2022-04-23 16:42:54.252717
Epoch 561/1000, D_loss=0.678561, reward=-7.937072
Epoch: 561: 2022-04-23 16:42:56.764770
Epoch 562/1000, D_loss=0.680184, reward=-7.936708
Epoch: 562: 2022-04-23 16:42:59.185432
Epoch 563/1000, D_loss=0.679473, reward=-7.934583
Epoch: 563: 2022-04-23 16:43:01.609194
Epoch 564/1000, D_loss=0.680607, reward=-7.933948
Epoch: 564: 2022-04-23 16:43:04.031007
Epoch 565/1000, D_loss=0.675642, reward=-7.938380
Epoch: 565: 2022-04-23 16:43:06.453311
Epoch 566/1000, D_loss=0.678299, reward=-7.934150
Epoch: 566: 2022-04-23 16:43:08.876706
Epoch 567/1000, D_loss=0.679581, reward=-7.934722
Epoch: 567: 2022-04-23 16:43:11.299137
Epoch 568/1000, D_loss=0.680308, reward=-7.933131
Epoch: 568: 2022-04-23 16:43:13.723230
Epoch 569/1000, D_loss=0.680487, reward=-7.932783
Epoch: 569: 2022-04-23 16:43:16.144985
Epoch 570/1000, D_loss=0.678031, reward=-7.936863
Test_MRR=0.396025, Test_MR=326.596950, Test_H@10=0.652580
Epoch: 570: 2022-04-23 16:44:53.752780
Epoch 571/1000, D_loss=0.677849, reward=-7.937053
Epoch: 571: 2022-04-23 16:44:56.141157
Epoch 572/1000, D_loss=0.676420, reward=-7.938330
Epoch: 572: 2022-04-23 16:44:58.559849
Epoch 573/1000, D_loss=0.676758, reward=-7.934936
Epoch: 573: 2022-04-23 16:45:00.991112
Epoch 574/1000, D_loss=0.678160, reward=-7.933795
Epoch: 574: 2022-04-23 16:45:03.406291
Epoch 575/1000, D_loss=0.680102, reward=-7.930853
Epoch: 575: 2022-04-23 16:45:05.912356
Epoch 576/1000, D_loss=0.678183, reward=-7.935401
Epoch: 576: 2022-04-23 16:45:08.302086
Epoch 577/1000, D_loss=0.678000, reward=-7.931934
Epoch: 577: 2022-04-23 16:45:10.700174
Epoch 578/1000, D_loss=0.680718, reward=-7.928531
Epoch: 578: 2022-04-23 16:45:13.090245
Epoch 579/1000, D_loss=0.682023, reward=-7.926033
Epoch: 579: 2022-04-23 16:45:15.509989
Epoch 580/1000, D_loss=0.680691, reward=-7.928886
Test_MRR=0.398503, Test_MR=321.258410, Test_H@10=0.653140
Epoch: 580: 2022-04-23 16:46:52.967875
Epoch 581/1000, D_loss=0.679928, reward=-7.929526
Epoch: 581: 2022-04-23 16:46:55.357311
Epoch 582/1000, D_loss=0.680370, reward=-7.930498
Epoch: 582: 2022-04-23 16:46:57.762912
Epoch 583/1000, D_loss=0.680137, reward=-7.928172
Epoch: 583: 2022-04-23 16:47:00.169261
Epoch 584/1000, D_loss=0.678519, reward=-7.931203
Epoch: 584: 2022-04-23 16:47:02.580586
Epoch 585/1000, D_loss=0.680626, reward=-7.927838
Epoch: 585: 2022-04-23 16:47:05.001649
Epoch 586/1000, D_loss=0.681698, reward=-7.924907
Epoch: 586: 2022-04-23 16:47:07.423021
Epoch 587/1000, D_loss=0.680644, reward=-7.927340
Epoch: 587: 2022-04-23 16:47:09.842990
Epoch 588/1000, D_loss=0.680108, reward=-7.928957
Epoch: 588: 2022-04-23 16:47:12.265255
Epoch 589/1000, D_loss=0.682484, reward=-7.925918
Epoch: 589: 2022-04-23 16:47:14.685276
Epoch 590/1000, D_loss=0.677026, reward=-7.932880
Test_MRR=0.397928, Test_MR=322.356000, Test_H@10=0.653250
Epoch: 590: 2022-04-23 16:48:52.430490
Epoch 591/1000, D_loss=0.679290, reward=-7.927938
Epoch: 591: 2022-04-23 16:48:54.855440
Epoch 592/1000, D_loss=0.680740, reward=-7.927870
Epoch: 592: 2022-04-23 16:48:57.280025
Epoch 593/1000, D_loss=0.680075, reward=-7.927389
Epoch: 593: 2022-04-23 16:48:59.703869
Epoch 594/1000, D_loss=0.679329, reward=-7.929869
Epoch: 594: 2022-04-23 16:49:02.112558
Epoch 595/1000, D_loss=0.680227, reward=-7.926833
Epoch: 595: 2022-04-23 16:49:04.519111
Epoch 596/1000, D_loss=0.681761, reward=-7.922445
Epoch: 596: 2022-04-23 16:49:06.944069
Epoch 597/1000, D_loss=0.683535, reward=-7.921981
Epoch: 597: 2022-04-23 16:49:09.368865
Epoch 598/1000, D_loss=0.680804, reward=-7.924277
Epoch: 598: 2022-04-23 16:49:11.796743
Epoch 599/1000, D_loss=0.679619, reward=-7.927411
Epoch: 599: 2022-04-23 16:49:14.207423
Epoch 600/1000, D_loss=0.680927, reward=-7.924914
Test_MRR=0.399492, Test_MR=322.756330, Test_H@10=0.654250
Epoch: 600: 2022-04-23 16:50:54.664822
Epoch 601/1000, D_loss=0.681665, reward=-7.922823
Epoch: 601: 2022-04-23 16:50:57.225393
Epoch 602/1000, D_loss=0.681377, reward=-7.922060
Epoch: 602: 2022-04-23 16:50:59.652763
Epoch 603/1000, D_loss=0.680021, reward=-7.924877
Epoch: 603: 2022-04-23 16:51:02.077237
Epoch 604/1000, D_loss=0.681028, reward=-7.919897
Epoch: 604: 2022-04-23 16:51:04.503260
Epoch 605/1000, D_loss=0.680584, reward=-7.921974
Epoch: 605: 2022-04-23 16:51:06.929286
Epoch 606/1000, D_loss=0.681644, reward=-7.921176
Epoch: 606: 2022-04-23 16:51:09.354334
Epoch 607/1000, D_loss=0.679737, reward=-7.923586
Epoch: 607: 2022-04-23 16:51:11.782470
Epoch 608/1000, D_loss=0.681127, reward=-7.922520
Epoch: 608: 2022-04-23 16:51:14.190449
Epoch 609/1000, D_loss=0.680605, reward=-7.921918
Epoch: 609: 2022-04-23 16:51:16.614279
Epoch 610/1000, D_loss=0.680151, reward=-7.923750
Test_MRR=0.399228, Test_MR=323.166340, Test_H@10=0.653640
Epoch: 610: 2022-04-23 16:52:54.145378
Epoch 611/1000, D_loss=0.680565, reward=-7.923791
Epoch: 611: 2022-04-23 16:52:56.537319
Epoch 612/1000, D_loss=0.680833, reward=-7.921750
Epoch: 612: 2022-04-23 16:52:58.959453
Epoch 613/1000, D_loss=0.681342, reward=-7.921265
Epoch: 613: 2022-04-23 16:53:01.380638
Epoch 614/1000, D_loss=0.682694, reward=-7.920336
Epoch: 614: 2022-04-23 16:53:03.874604
Epoch 615/1000, D_loss=0.681555, reward=-7.920862
Epoch: 615: 2022-04-23 16:53:06.469740
Epoch 616/1000, D_loss=0.682042, reward=-7.920016
Epoch: 616: 2022-04-23 16:53:09.058364
Epoch 617/1000, D_loss=0.681667, reward=-7.922029
Epoch: 617: 2022-04-23 16:53:11.655774
Epoch 618/1000, D_loss=0.679847, reward=-7.924222
Epoch: 618: 2022-04-23 16:53:14.244965
Epoch 619/1000, D_loss=0.684097, reward=-7.916668
Epoch: 619: 2022-04-23 16:53:16.846122
Epoch 620/1000, D_loss=0.683352, reward=-7.919704
Test_MRR=0.399175, Test_MR=320.527490, Test_H@10=0.653850
Epoch: 620: 2022-04-23 16:54:54.554314
Epoch 621/1000, D_loss=0.682186, reward=-7.919905
Epoch: 621: 2022-04-23 16:54:57.399744
Epoch 622/1000, D_loss=0.681110, reward=-7.920096
Epoch: 622: 2022-04-23 16:55:00.242254
Epoch 623/1000, D_loss=0.683058, reward=-7.916742
Epoch: 623: 2022-04-23 16:55:02.715647
Epoch 624/1000, D_loss=0.683145, reward=-7.917134
Epoch: 624: 2022-04-23 16:55:05.225460
Epoch 625/1000, D_loss=0.682597, reward=-7.918657
Epoch: 625: 2022-04-23 16:55:07.652999
Epoch 626/1000, D_loss=0.681769, reward=-7.916475
Epoch: 626: 2022-04-23 16:55:10.079399
Epoch 627/1000, D_loss=0.682691, reward=-7.915576
Epoch: 627: 2022-04-23 16:55:12.504727
Epoch 628/1000, D_loss=0.681255, reward=-7.918536
Epoch: 628: 2022-04-23 16:55:14.930828
Epoch 629/1000, D_loss=0.682740, reward=-7.916926
Epoch: 629: 2022-04-23 16:55:17.369050
Epoch 630/1000, D_loss=0.680657, reward=-7.918578
Test_MRR=0.398968, Test_MR=323.558550, Test_H@10=0.654150
Epoch: 630: 2022-04-23 16:56:54.642372
Epoch 631/1000, D_loss=0.681911, reward=-7.916985
Epoch: 631: 2022-04-23 16:56:57.150044
Epoch 632/1000, D_loss=0.680352, reward=-7.919877
Epoch: 632: 2022-04-23 16:56:59.577436
Epoch 633/1000, D_loss=0.680930, reward=-7.918041
Epoch: 633: 2022-04-23 16:57:02.031103
Epoch 634/1000, D_loss=0.683631, reward=-7.913034
Epoch: 634: 2022-04-23 16:57:04.456035
Epoch 635/1000, D_loss=0.680661, reward=-7.916584
Epoch: 635: 2022-04-23 16:57:06.965383
Epoch 636/1000, D_loss=0.682496, reward=-7.913361
Epoch: 636: 2022-04-23 16:57:09.396104
Epoch 637/1000, D_loss=0.681926, reward=-7.915927
Epoch: 637: 2022-04-23 16:57:11.822495
Epoch 638/1000, D_loss=0.681857, reward=-7.914205
Epoch: 638: 2022-04-23 16:57:14.254327
Epoch 639/1000, D_loss=0.682591, reward=-7.914023
Epoch: 639: 2022-04-23 16:57:17.117046
Epoch 640/1000, D_loss=0.683529, reward=-7.911515
Test_MRR=0.400253, Test_MR=318.592510, Test_H@10=0.654020
Epoch: 640: 2022-04-23 16:58:56.812831
Epoch 641/1000, D_loss=0.683335, reward=-7.910410
Epoch: 641: 2022-04-23 16:58:59.308478
Epoch 642/1000, D_loss=0.684192, reward=-7.910077
Epoch: 642: 2022-04-23 16:59:01.733054
Epoch 643/1000, D_loss=0.681083, reward=-7.914322
Epoch: 643: 2022-04-23 16:59:04.139183
Epoch 644/1000, D_loss=0.683286, reward=-7.911783
Epoch: 644: 2022-04-23 16:59:06.563299
Epoch 645/1000, D_loss=0.685456, reward=-7.909674
Epoch: 645: 2022-04-23 16:59:08.987273
Epoch 646/1000, D_loss=0.684389, reward=-7.909565
Epoch: 646: 2022-04-23 16:59:11.410173
Epoch 647/1000, D_loss=0.681751, reward=-7.913404
Epoch: 647: 2022-04-23 16:59:13.863325
Epoch 648/1000, D_loss=0.684498, reward=-7.911590
Epoch: 648: 2022-04-23 16:59:16.427912
Epoch 649/1000, D_loss=0.683306, reward=-7.911731
Epoch: 649: 2022-04-23 16:59:19.023951
Epoch 650/1000, D_loss=0.682677, reward=-7.912362
Test_MRR=0.401974, Test_MR=319.365280, Test_H@10=0.654360
Epoch: 650: 2022-04-23 17:00:57.617551
Epoch 651/1000, D_loss=0.683020, reward=-7.910930
Epoch: 651: 2022-04-23 17:01:00.409698
Epoch 652/1000, D_loss=0.682961, reward=-7.911085
Epoch: 652: 2022-04-23 17:01:02.884066
Epoch 653/1000, D_loss=0.683045, reward=-7.910494
Epoch: 653: 2022-04-23 17:01:05.304012
Epoch 654/1000, D_loss=0.684885, reward=-7.906068
Epoch: 654: 2022-04-23 17:01:07.724761
Epoch 655/1000, D_loss=0.684230, reward=-7.908985
Epoch: 655: 2022-04-23 17:01:10.121418
Epoch 656/1000, D_loss=0.685073, reward=-7.906281
Epoch: 656: 2022-04-23 17:01:12.540989
Epoch 657/1000, D_loss=0.684086, reward=-7.905987
Epoch: 657: 2022-04-23 17:01:14.961496
Epoch 658/1000, D_loss=0.683870, reward=-7.906830
Epoch: 658: 2022-04-23 17:01:17.382343
Epoch 659/1000, D_loss=0.684211, reward=-7.906590
Epoch: 659: 2022-04-23 17:01:19.802635
Epoch 660/1000, D_loss=0.682553, reward=-7.909506
Test_MRR=0.401933, Test_MR=317.302450, Test_H@10=0.655150
Epoch: 660: 2022-04-23 17:02:57.257780
Epoch 661/1000, D_loss=0.683533, reward=-7.907343
Epoch: 661: 2022-04-23 17:02:59.679130
Epoch 662/1000, D_loss=0.683278, reward=-7.906884
Epoch: 662: 2022-04-23 17:03:02.160088
Epoch 663/1000, D_loss=0.685778, reward=-7.906045
Epoch: 663: 2022-04-23 17:03:04.581919
Epoch 664/1000, D_loss=0.685248, reward=-7.906507
Epoch: 664: 2022-04-23 17:03:06.985011
Epoch 665/1000, D_loss=0.683978, reward=-7.904965
Epoch: 665: 2022-04-23 17:03:09.389110
Epoch 666/1000, D_loss=0.683612, reward=-7.905622
Epoch: 666: 2022-04-23 17:03:11.826388
Epoch 667/1000, D_loss=0.686096, reward=-7.904449
Epoch: 667: 2022-04-23 17:03:14.248418
Epoch 668/1000, D_loss=0.685896, reward=-7.904836
Epoch: 668: 2022-04-23 17:03:16.671790
Epoch 669/1000, D_loss=0.683909, reward=-7.906901
Epoch: 669: 2022-04-23 17:03:19.093117
Epoch 670/1000, D_loss=0.683631, reward=-7.906941
Test_MRR=0.400552, Test_MR=317.320780, Test_H@10=0.653740
Epoch: 670: 2022-04-23 17:04:56.594175
Epoch 671/1000, D_loss=0.683719, reward=-7.906801
Epoch: 671: 2022-04-23 17:04:59.017350
Epoch 672/1000, D_loss=0.682912, reward=-7.905539
Epoch: 672: 2022-04-23 17:05:01.440688
Epoch 673/1000, D_loss=0.686371, reward=-7.903631
Epoch: 673: 2022-04-23 17:05:03.865190
Epoch 674/1000, D_loss=0.684214, reward=-7.904119
Epoch: 674: 2022-04-23 17:05:06.287186
Epoch 675/1000, D_loss=0.682259, reward=-7.905685
Epoch: 675: 2022-04-23 17:05:08.711071
Epoch 676/1000, D_loss=0.682268, reward=-7.904254
Epoch: 676: 2022-04-23 17:05:11.134506
Epoch 677/1000, D_loss=0.683242, reward=-7.907061
Epoch: 677: 2022-04-23 17:05:13.591871
Epoch 678/1000, D_loss=0.686372, reward=-7.902878
Epoch: 678: 2022-04-23 17:05:16.009869
Epoch 679/1000, D_loss=0.685845, reward=-7.901519
Epoch: 679: 2022-04-23 17:05:18.516983
Epoch 680/1000, D_loss=0.683763, reward=-7.904672
Test_MRR=0.401312, Test_MR=318.885700, Test_H@10=0.655480
Epoch: 680: 2022-04-23 17:06:56.057241
Epoch 681/1000, D_loss=0.686611, reward=-7.898975
Epoch: 681: 2022-04-23 17:06:58.478786
Epoch 682/1000, D_loss=0.684342, reward=-7.904262
Epoch: 682: 2022-04-23 17:07:00.900468
Epoch 683/1000, D_loss=0.682702, reward=-7.906073
Epoch: 683: 2022-04-23 17:07:03.324742
Epoch 684/1000, D_loss=0.686013, reward=-7.902552
Epoch: 684: 2022-04-23 17:07:05.746423
Epoch 685/1000, D_loss=0.684746, reward=-7.901661
Epoch: 685: 2022-04-23 17:07:08.147870
Epoch 686/1000, D_loss=0.686402, reward=-7.901305
Epoch: 686: 2022-04-23 17:07:10.569297
Epoch 687/1000, D_loss=0.683129, reward=-7.906588
Epoch: 687: 2022-04-23 17:07:12.989856
Epoch 688/1000, D_loss=0.684677, reward=-7.901516
Epoch: 688: 2022-04-23 17:07:15.412686
Epoch 689/1000, D_loss=0.686176, reward=-7.899168
Epoch: 689: 2022-04-23 17:07:17.834050
Epoch 690/1000, D_loss=0.683840, reward=-7.902761
Test_MRR=0.402203, Test_MR=317.032850, Test_H@10=0.656850
Epoch: 690: 2022-04-23 17:08:55.358975
Epoch 691/1000, D_loss=0.684073, reward=-7.902986
Epoch: 691: 2022-04-23 17:08:57.849536
Epoch 692/1000, D_loss=0.685004, reward=-7.901783
Epoch: 692: 2022-04-23 17:09:00.270340
Epoch 693/1000, D_loss=0.686761, reward=-7.898036
Epoch: 693: 2022-04-23 17:09:02.683753
Epoch 694/1000, D_loss=0.686666, reward=-7.898826
Epoch: 694: 2022-04-23 17:09:05.534843
Epoch 695/1000, D_loss=0.686177, reward=-7.897973
Epoch: 695: 2022-04-23 17:09:08.321744
Epoch 696/1000, D_loss=0.686406, reward=-7.898053
Epoch: 696: 2022-04-23 17:09:11.142527
Epoch 697/1000, D_loss=0.685852, reward=-7.898673
Epoch: 697: 2022-04-23 17:09:13.956521
Epoch 698/1000, D_loss=0.684835, reward=-7.899674
Epoch: 698: 2022-04-23 17:09:16.432045
Epoch 699/1000, D_loss=0.687051, reward=-7.897552
Epoch: 699: 2022-04-23 17:09:18.854516
Epoch 700/1000, D_loss=0.685610, reward=-7.897336
Test_MRR=0.401865, Test_MR=317.855630, Test_H@10=0.655950
Epoch: 700: 2022-04-23 17:10:56.335518
Epoch 701/1000, D_loss=0.685860, reward=-7.898515
Epoch: 701: 2022-04-23 17:10:59.191721
Epoch 702/1000, D_loss=0.685588, reward=-7.896995
Epoch: 702: 2022-04-23 17:11:02.018148
Epoch 703/1000, D_loss=0.686348, reward=-7.896716
Epoch: 703: 2022-04-23 17:11:04.757232
Epoch 704/1000, D_loss=0.687195, reward=-7.894645
Epoch: 704: 2022-04-23 17:11:07.378567
Epoch 705/1000, D_loss=0.684356, reward=-7.899688
Epoch: 705: 2022-04-23 17:11:09.801415
Epoch 706/1000, D_loss=0.686430, reward=-7.895909
Epoch: 706: 2022-04-23 17:11:12.226230
Epoch 707/1000, D_loss=0.684405, reward=-7.897478
Epoch: 707: 2022-04-23 17:11:14.649568
Epoch 708/1000, D_loss=0.687906, reward=-7.892915
Epoch: 708: 2022-04-23 17:11:17.074467
Epoch 709/1000, D_loss=0.684888, reward=-7.897285
Epoch: 709: 2022-04-23 17:11:19.583524
Epoch 710/1000, D_loss=0.687061, reward=-7.895749
Test_MRR=0.403154, Test_MR=316.971850, Test_H@10=0.657570
Epoch: 710: 2022-04-23 17:12:58.995968
Epoch 711/1000, D_loss=0.682386, reward=-7.900659
Epoch: 711: 2022-04-23 17:13:01.494747
Epoch 712/1000, D_loss=0.682877, reward=-7.901499
Epoch: 712: 2022-04-23 17:13:03.913439
Epoch 713/1000, D_loss=0.685516, reward=-7.897231
Epoch: 713: 2022-04-23 17:13:06.334354
Epoch 714/1000, D_loss=0.685005, reward=-7.896828
Epoch: 714: 2022-04-23 17:13:09.168150
Epoch 715/1000, D_loss=0.685705, reward=-7.895739
Epoch: 715: 2022-04-23 17:13:11.976942
Epoch 716/1000, D_loss=0.686450, reward=-7.893561
Epoch: 716: 2022-04-23 17:13:14.799337
Epoch 717/1000, D_loss=0.683359, reward=-7.898128
Epoch: 717: 2022-04-23 17:13:17.647422
Epoch 718/1000, D_loss=0.687261, reward=-7.891098
Epoch: 718: 2022-04-23 17:13:20.365065
Epoch 719/1000, D_loss=0.684205, reward=-7.894413
Epoch: 719: 2022-04-23 17:13:22.825296
Epoch 720/1000, D_loss=0.685734, reward=-7.892015
Test_MRR=0.403541, Test_MR=315.507170, Test_H@10=0.656890
Epoch: 720: 2022-04-23 17:15:02.970303
Epoch 721/1000, D_loss=0.684298, reward=-7.894468
Epoch: 721: 2022-04-23 17:15:05.509470
Epoch 722/1000, D_loss=0.685242, reward=-7.893258
Epoch: 722: 2022-04-23 17:15:07.931062
Epoch 723/1000, D_loss=0.685677, reward=-7.892749
Epoch: 723: 2022-04-23 17:15:10.753372
Epoch 724/1000, D_loss=0.684671, reward=-7.894192
Epoch: 724: 2022-04-23 17:15:13.571955
Epoch 725/1000, D_loss=0.685399, reward=-7.892119
Epoch: 725: 2022-04-23 17:15:16.352462
Epoch 726/1000, D_loss=0.685255, reward=-7.891561
Epoch: 726: 2022-04-23 17:15:18.990230
Epoch 727/1000, D_loss=0.687185, reward=-7.887092
Epoch: 727: 2022-04-23 17:15:21.822360
Epoch 728/1000, D_loss=0.687878, reward=-7.889272
Epoch: 728: 2022-04-23 17:15:24.245499
Epoch 729/1000, D_loss=0.684005, reward=-7.891252
Epoch: 729: 2022-04-23 17:15:26.666734
Epoch 730/1000, D_loss=0.685901, reward=-7.889031
Test_MRR=0.403031, Test_MR=314.472300, Test_H@10=0.657350
Epoch: 730: 2022-04-23 17:17:04.265933
Epoch 731/1000, D_loss=0.687360, reward=-7.884593
Epoch: 731: 2022-04-23 17:17:06.690452
Epoch 732/1000, D_loss=0.686297, reward=-7.884529
Epoch: 732: 2022-04-23 17:17:09.175394
Epoch 733/1000, D_loss=0.685806, reward=-7.887750
Epoch: 733: 2022-04-23 17:17:11.603622
Epoch 734/1000, D_loss=0.687436, reward=-7.884085
Epoch: 734: 2022-04-23 17:17:14.028463
Epoch 735/1000, D_loss=0.685533, reward=-7.888665
Epoch: 735: 2022-04-23 17:17:16.434457
Epoch 736/1000, D_loss=0.688372, reward=-7.885911
Epoch: 736: 2022-04-23 17:17:18.859397
Epoch 737/1000, D_loss=0.688386, reward=-7.886106
Epoch: 737: 2022-04-23 17:17:21.282807
Epoch 738/1000, D_loss=0.688299, reward=-7.885803
Epoch: 738: 2022-04-23 17:17:23.715188
Epoch 739/1000, D_loss=0.686796, reward=-7.888740
Epoch: 739: 2022-04-23 17:17:26.327538
Epoch 740/1000, D_loss=0.686476, reward=-7.887769
Test_MRR=0.404513, Test_MR=318.523180, Test_H@10=0.656620
Epoch: 740: 2022-04-23 17:19:03.937341
Epoch 741/1000, D_loss=0.687840, reward=-7.885836
Epoch: 741: 2022-04-23 17:19:06.360334
Epoch 742/1000, D_loss=0.685812, reward=-7.886845
Epoch: 742: 2022-04-23 17:19:08.759680
Epoch 743/1000, D_loss=0.685981, reward=-7.888733
Epoch: 743: 2022-04-23 17:19:11.161724
Epoch 744/1000, D_loss=0.688601, reward=-7.883421
Epoch: 744: 2022-04-23 17:19:13.560986
Epoch 745/1000, D_loss=0.684323, reward=-7.889888
Epoch: 745: 2022-04-23 17:19:15.960631
Epoch 746/1000, D_loss=0.685917, reward=-7.887433
Epoch: 746: 2022-04-23 17:19:18.360999
Epoch 747/1000, D_loss=0.685633, reward=-7.886709
Epoch: 747: 2022-04-23 17:19:20.760042
Epoch 748/1000, D_loss=0.686950, reward=-7.885545
Epoch: 748: 2022-04-23 17:19:23.167166
Epoch 749/1000, D_loss=0.687523, reward=-7.884690
Epoch: 749: 2022-04-23 17:19:25.587539
Epoch 750/1000, D_loss=0.686936, reward=-7.884400
Test_MRR=0.405375, Test_MR=316.134070, Test_H@10=0.658710
Epoch: 750: 2022-04-23 17:21:03.072530
Epoch 751/1000, D_loss=0.687075, reward=-7.884581
Epoch: 751: 2022-04-23 17:21:05.495647
Epoch 752/1000, D_loss=0.687659, reward=-7.887070
Epoch: 752: 2022-04-23 17:21:07.917409
Epoch 753/1000, D_loss=0.687701, reward=-7.885137
Epoch: 753: 2022-04-23 17:21:10.341415
Epoch 754/1000, D_loss=0.687192, reward=-7.884941
Epoch: 754: 2022-04-23 17:21:12.756996
Epoch 755/1000, D_loss=0.687920, reward=-7.883239
Epoch: 755: 2022-04-23 17:21:15.159225
Epoch 756/1000, D_loss=0.686513, reward=-7.885322
Epoch: 756: 2022-04-23 17:21:17.561453
Epoch 757/1000, D_loss=0.688642, reward=-7.884846
Epoch: 757: 2022-04-23 17:21:19.961897
Epoch 758/1000, D_loss=0.687116, reward=-7.884715
Epoch: 758: 2022-04-23 17:21:22.365404
Epoch 759/1000, D_loss=0.687740, reward=-7.883298
Epoch: 759: 2022-04-23 17:21:24.769483
Epoch 760/1000, D_loss=0.689036, reward=-7.880013
Test_MRR=0.406119, Test_MR=318.545670, Test_H@10=0.659530
Epoch: 760: 2022-04-23 17:23:02.537696
Epoch 761/1000, D_loss=0.688456, reward=-7.882218
Epoch: 761: 2022-04-23 17:23:05.082561
Epoch 762/1000, D_loss=0.688896, reward=-7.881701
Epoch: 762: 2022-04-23 17:23:07.501084
Epoch 763/1000, D_loss=0.686123, reward=-7.886215
Epoch: 763: 2022-04-23 17:23:09.921504
Epoch 764/1000, D_loss=0.689091, reward=-7.881291
Epoch: 764: 2022-04-23 17:23:12.416665
Epoch 765/1000, D_loss=0.686590, reward=-7.882980
Epoch: 765: 2022-04-23 17:23:14.840507
Epoch 766/1000, D_loss=0.685363, reward=-7.884121
Epoch: 766: 2022-04-23 17:23:17.304055
Epoch 767/1000, D_loss=0.689264, reward=-7.880499
Epoch: 767: 2022-04-23 17:23:19.724955
Epoch 768/1000, D_loss=0.686953, reward=-7.883218
Epoch: 768: 2022-04-23 17:23:22.132438
Epoch 769/1000, D_loss=0.687421, reward=-7.880610
Epoch: 769: 2022-04-23 17:23:24.631958
Epoch 770/1000, D_loss=0.685419, reward=-7.886809
Test_MRR=0.405900, Test_MR=320.560330, Test_H@10=0.657960
Epoch: 770: 2022-04-23 17:25:02.393998
Epoch 771/1000, D_loss=0.688399, reward=-7.882305
Epoch: 771: 2022-04-23 17:25:04.788961
Epoch 772/1000, D_loss=0.685623, reward=-7.884949
Epoch: 772: 2022-04-23 17:25:07.197178
Epoch 773/1000, D_loss=0.689330, reward=-7.880412
Epoch: 773: 2022-04-23 17:25:09.622867
Epoch 774/1000, D_loss=0.684514, reward=-7.885530
Epoch: 774: 2022-04-23 17:25:12.044040
Epoch 775/1000, D_loss=0.689405, reward=-7.880188
Epoch: 775: 2022-04-23 17:25:14.467704
Epoch 776/1000, D_loss=0.687860, reward=-7.881694
Epoch: 776: 2022-04-23 17:25:16.891069
Epoch 777/1000, D_loss=0.685363, reward=-7.885410
Epoch: 777: 2022-04-23 17:25:19.314484
Epoch 778/1000, D_loss=0.688667, reward=-7.879998
Epoch: 778: 2022-04-23 17:25:21.741956
Epoch 779/1000, D_loss=0.687096, reward=-7.883357
Epoch: 779: 2022-04-23 17:25:24.598170
Epoch 780/1000, D_loss=0.687308, reward=-7.879649
Test_MRR=0.405688, Test_MR=316.367770, Test_H@10=0.658920
Epoch: 780: 2022-04-23 17:27:07.263672
Epoch 781/1000, D_loss=0.690425, reward=-7.876046
Epoch: 781: 2022-04-23 17:27:09.870215
Epoch 782/1000, D_loss=0.686824, reward=-7.880155
Epoch: 782: 2022-04-23 17:27:12.466910
Epoch 783/1000, D_loss=0.690993, reward=-7.873652
Epoch: 783: 2022-04-23 17:27:15.045351
Epoch 784/1000, D_loss=0.688684, reward=-7.875923
Epoch: 784: 2022-04-23 17:27:17.470996
Epoch 785/1000, D_loss=0.686859, reward=-7.877057
Epoch: 785: 2022-04-23 17:27:19.896093
Epoch 786/1000, D_loss=0.688685, reward=-7.874564
Epoch: 786: 2022-04-23 17:27:22.322417
Epoch 787/1000, D_loss=0.688927, reward=-7.873954
Epoch: 787: 2022-04-23 17:27:24.748378
Epoch 788/1000, D_loss=0.687948, reward=-7.876035
Epoch: 788: 2022-04-23 17:27:27.174951
Epoch 789/1000, D_loss=0.690668, reward=-7.871922
Epoch: 789: 2022-04-23 17:27:29.599317
Epoch 790/1000, D_loss=0.688193, reward=-7.877317
Test_MRR=0.408527, Test_MR=320.488550, Test_H@10=0.658520
Epoch: 790: 2022-04-23 17:29:07.317497
Epoch 791/1000, D_loss=0.688491, reward=-7.875154
Epoch: 791: 2022-04-23 17:29:09.814984
Epoch 792/1000, D_loss=0.690338, reward=-7.871830
Epoch: 792: 2022-04-23 17:29:12.231672
Epoch 793/1000, D_loss=0.692330, reward=-7.870287
Epoch: 793: 2022-04-23 17:29:14.650715
Epoch 794/1000, D_loss=0.688987, reward=-7.875623
Epoch: 794: 2022-04-23 17:29:17.158051
Epoch 795/1000, D_loss=0.688101, reward=-7.873799
Epoch: 795: 2022-04-23 17:29:19.581378
Epoch 796/1000, D_loss=0.687582, reward=-7.874557
Epoch: 796: 2022-04-23 17:29:22.005913
Epoch 797/1000, D_loss=0.687576, reward=-7.875900
Epoch: 797: 2022-04-23 17:29:24.428411
Epoch 798/1000, D_loss=0.687426, reward=-7.877103
Epoch: 798: 2022-04-23 17:29:26.851319
Epoch 799/1000, D_loss=0.686328, reward=-7.876646
Epoch: 799: 2022-04-23 17:29:29.238701
Epoch 800/1000, D_loss=0.690076, reward=-7.871751
Test_MRR=0.406462, Test_MR=314.191040, Test_H@10=0.658410
Epoch: 800: 2022-04-23 17:31:06.589323
Epoch 801/1000, D_loss=0.689202, reward=-7.874074
Epoch: 801: 2022-04-23 17:31:09.109131
Epoch 802/1000, D_loss=0.687861, reward=-7.874565
Epoch: 802: 2022-04-23 17:31:11.528807
Epoch 803/1000, D_loss=0.689361, reward=-7.873583
Epoch: 803: 2022-04-23 17:31:13.950510
Epoch 804/1000, D_loss=0.686921, reward=-7.875625
Epoch: 804: 2022-04-23 17:31:16.781240
Epoch 805/1000, D_loss=0.689969, reward=-7.871952
Epoch: 805: 2022-04-23 17:31:19.599212
Epoch 806/1000, D_loss=0.689501, reward=-7.871648
Epoch: 806: 2022-04-23 17:31:22.378186
Epoch 807/1000, D_loss=0.688235, reward=-7.875343
Epoch: 807: 2022-04-23 17:31:24.980792
Epoch 808/1000, D_loss=0.689311, reward=-7.873422
Epoch: 808: 2022-04-23 17:31:27.806461
Epoch 809/1000, D_loss=0.686303, reward=-7.875531
Epoch: 809: 2022-04-23 17:31:30.200597
Epoch 810/1000, D_loss=0.688119, reward=-7.871350
Test_MRR=0.407566, Test_MR=313.791540, Test_H@10=0.659380
Epoch: 810: 2022-04-23 17:33:07.559716
Epoch 811/1000, D_loss=0.690616, reward=-7.870019
Epoch: 811: 2022-04-23 17:33:09.973393
Epoch 812/1000, D_loss=0.688913, reward=-7.872268
Epoch: 812: 2022-04-23 17:33:12.396008
Epoch 813/1000, D_loss=0.690398, reward=-7.868648
Epoch: 813: 2022-04-23 17:33:14.788249
Epoch 814/1000, D_loss=0.688097, reward=-7.871578
Epoch: 814: 2022-04-23 17:33:17.211063
Epoch 815/1000, D_loss=0.690127, reward=-7.868012
Epoch: 815: 2022-04-23 17:33:19.633437
Epoch 816/1000, D_loss=0.689191, reward=-7.870679
Epoch: 816: 2022-04-23 17:33:22.055855
Epoch 817/1000, D_loss=0.689655, reward=-7.868852
Epoch: 817: 2022-04-23 17:33:24.478367
Epoch 818/1000, D_loss=0.688188, reward=-7.870546
Epoch: 818: 2022-04-23 17:33:26.900761
Epoch 819/1000, D_loss=0.689599, reward=-7.868555
Epoch: 819: 2022-04-23 17:33:29.322505
Epoch 820/1000, D_loss=0.689575, reward=-7.869607
Test_MRR=0.409227, Test_MR=313.497570, Test_H@10=0.659730
Epoch: 820: 2022-04-23 17:35:07.131747
Epoch 821/1000, D_loss=0.687997, reward=-7.869282
Epoch: 821: 2022-04-23 17:35:09.628891
Epoch 822/1000, D_loss=0.690593, reward=-7.866032
Epoch: 822: 2022-04-23 17:35:12.048825
Epoch 823/1000, D_loss=0.690636, reward=-7.866238
Epoch: 823: 2022-04-23 17:35:14.469655
Epoch 824/1000, D_loss=0.690229, reward=-7.866740
Epoch: 824: 2022-04-23 17:35:16.889463
Epoch 825/1000, D_loss=0.687083, reward=-7.869994
Epoch: 825: 2022-04-23 17:35:19.307958
Epoch 826/1000, D_loss=0.691340, reward=-7.865393
Epoch: 826: 2022-04-23 17:35:21.727517
Epoch 827/1000, D_loss=0.688292, reward=-7.870124
Epoch: 827: 2022-04-23 17:35:24.146509
Epoch 828/1000, D_loss=0.688573, reward=-7.867216
Epoch: 828: 2022-04-23 17:35:26.566675
Epoch 829/1000, D_loss=0.689025, reward=-7.866955
Epoch: 829: 2022-04-23 17:35:28.987179
Epoch 830/1000, D_loss=0.691569, reward=-7.865413
Test_MRR=0.410402, Test_MR=311.396830, Test_H@10=0.660200
Epoch: 830: 2022-04-23 17:37:06.851025
Epoch 831/1000, D_loss=0.690048, reward=-7.864464
Epoch: 831: 2022-04-23 17:37:09.265508
Epoch 832/1000, D_loss=0.689999, reward=-7.865955
Epoch: 832: 2022-04-23 17:37:11.680954
Epoch 833/1000, D_loss=0.691500, reward=-7.863086
Epoch: 833: 2022-04-23 17:37:14.097662
Epoch 834/1000, D_loss=0.691194, reward=-7.862101
Epoch: 834: 2022-04-23 17:37:16.523987
Epoch 835/1000, D_loss=0.689346, reward=-7.864539
Epoch: 835: 2022-04-23 17:37:18.945341
Epoch 836/1000, D_loss=0.693455, reward=-7.860840
Epoch: 836: 2022-04-23 17:37:21.360408
Epoch 837/1000, D_loss=0.690456, reward=-7.864076
Epoch: 837: 2022-04-23 17:37:23.751266
Epoch 838/1000, D_loss=0.691896, reward=-7.860759
Epoch: 838: 2022-04-23 17:37:26.163658
Epoch 839/1000, D_loss=0.692989, reward=-7.859196
Epoch: 839: 2022-04-23 17:37:28.553842
Epoch 840/1000, D_loss=0.687716, reward=-7.868390
Test_MRR=0.409717, Test_MR=313.701850, Test_H@10=0.660470
Epoch: 840: 2022-04-23 17:39:06.217834
Epoch 841/1000, D_loss=0.688363, reward=-7.866892
Epoch: 841: 2022-04-23 17:39:08.621556
Epoch 842/1000, D_loss=0.689980, reward=-7.863991
Epoch: 842: 2022-04-23 17:39:11.043531
Epoch 843/1000, D_loss=0.687488, reward=-7.866440
Epoch: 843: 2022-04-23 17:39:13.465051
Epoch 844/1000, D_loss=0.692197, reward=-7.858898
Epoch: 844: 2022-04-23 17:39:15.883221
Epoch 845/1000, D_loss=0.690774, reward=-7.861252
Epoch: 845: 2022-04-23 17:39:18.302411
Epoch 846/1000, D_loss=0.692128, reward=-7.858638
Epoch: 846: 2022-04-23 17:39:20.720989
Epoch 847/1000, D_loss=0.690599, reward=-7.860764
Epoch: 847: 2022-04-23 17:39:23.139272
Epoch 848/1000, D_loss=0.688693, reward=-7.862572
Epoch: 848: 2022-04-23 17:39:25.558594
Epoch 849/1000, D_loss=0.690937, reward=-7.858360
Epoch: 849: 2022-04-23 17:39:28.403649
Epoch 850/1000, D_loss=0.689709, reward=-7.862465
Test_MRR=0.410417, Test_MR=318.166990, Test_H@10=0.661480
Epoch: 850: 2022-04-23 17:41:07.003818
Epoch 851/1000, D_loss=0.689639, reward=-7.860790
Epoch: 851: 2022-04-23 17:41:09.401376
Epoch 852/1000, D_loss=0.690433, reward=-7.859127
Epoch: 852: 2022-04-23 17:41:11.803354
Epoch 853/1000, D_loss=0.692046, reward=-7.857112
Epoch: 853: 2022-04-23 17:41:14.207365
Epoch 854/1000, D_loss=0.689266, reward=-7.859907
Epoch: 854: 2022-04-23 17:41:17.048855
Epoch 855/1000, D_loss=0.692516, reward=-7.858322
Epoch: 855: 2022-04-23 17:41:19.859839
Epoch 856/1000, D_loss=0.690548, reward=-7.860764
Epoch: 856: 2022-04-23 17:41:22.436522
Epoch 857/1000, D_loss=0.690070, reward=-7.859506
Epoch: 857: 2022-04-23 17:41:24.870737
Epoch 858/1000, D_loss=0.688120, reward=-7.863309
Epoch: 858: 2022-04-23 17:41:27.297966
Epoch 859/1000, D_loss=0.691244, reward=-7.858803
Epoch: 859: 2022-04-23 17:41:29.800577
Epoch 860/1000, D_loss=0.691400, reward=-7.859245
Test_MRR=0.409537, Test_MR=311.726010, Test_H@10=0.661550
Epoch: 860: 2022-04-23 17:43:07.256782
Epoch 861/1000, D_loss=0.691365, reward=-7.857301
Epoch: 861: 2022-04-23 17:43:10.114914
Epoch 862/1000, D_loss=0.691602, reward=-7.857337
Epoch: 862: 2022-04-23 17:43:12.932867
Epoch 863/1000, D_loss=0.690839, reward=-7.858247
Epoch: 863: 2022-04-23 17:43:15.736346
Epoch 864/1000, D_loss=0.689999, reward=-7.858253
Epoch: 864: 2022-04-23 17:43:18.240234
Epoch 865/1000, D_loss=0.690462, reward=-7.858971
Epoch: 865: 2022-04-23 17:43:20.668595
Epoch 866/1000, D_loss=0.689900, reward=-7.856651
Epoch: 866: 2022-04-23 17:43:23.078950
Epoch 867/1000, D_loss=0.690483, reward=-7.855069
Epoch: 867: 2022-04-23 17:43:25.556520
Epoch 868/1000, D_loss=0.687236, reward=-7.861412
Epoch: 868: 2022-04-23 17:43:28.038987
Epoch 869/1000, D_loss=0.690543, reward=-7.856959
Epoch: 869: 2022-04-23 17:43:30.517967
Epoch 870/1000, D_loss=0.690018, reward=-7.857685
Test_MRR=0.411075, Test_MR=313.348830, Test_H@10=0.662360
Epoch: 870: 2022-04-23 17:45:09.836977
Epoch 871/1000, D_loss=0.689882, reward=-7.855565
Epoch: 871: 2022-04-23 17:45:12.412609
Epoch 872/1000, D_loss=0.690162, reward=-7.856541
Epoch: 872: 2022-04-23 17:45:14.835982
Epoch 873/1000, D_loss=0.692188, reward=-7.854592
Epoch: 873: 2022-04-23 17:45:17.339070
Epoch 874/1000, D_loss=0.690834, reward=-7.857221
Epoch: 874: 2022-04-23 17:45:19.768305
Epoch 875/1000, D_loss=0.692002, reward=-7.852721
Epoch: 875: 2022-04-23 17:45:22.196493
Epoch 876/1000, D_loss=0.689356, reward=-7.856963
Epoch: 876: 2022-04-23 17:45:24.625389
Epoch 877/1000, D_loss=0.690892, reward=-7.855430
Epoch: 877: 2022-04-23 17:45:27.052638
Epoch 878/1000, D_loss=0.692111, reward=-7.854245
Epoch: 878: 2022-04-23 17:45:29.481455
Epoch 879/1000, D_loss=0.692305, reward=-7.852696
Epoch: 879: 2022-04-23 17:45:31.908685
Epoch 880/1000, D_loss=0.690482, reward=-7.853014
Test_MRR=0.411477, Test_MR=314.351060, Test_H@10=0.662730
Epoch: 880: 2022-04-23 17:47:09.737762
Epoch 881/1000, D_loss=0.690310, reward=-7.854787
Epoch: 881: 2022-04-23 17:47:12.296328
Epoch 882/1000, D_loss=0.689572, reward=-7.855731
Epoch: 882: 2022-04-23 17:47:14.719037
Epoch 883/1000, D_loss=0.691068, reward=-7.853654
Epoch: 883: 2022-04-23 17:47:17.146769
Epoch 884/1000, D_loss=0.690147, reward=-7.853302
Epoch: 884: 2022-04-23 17:47:19.980529
Epoch 885/1000, D_loss=0.694566, reward=-7.848326
Epoch: 885: 2022-04-23 17:47:22.811117
Epoch 886/1000, D_loss=0.690296, reward=-7.854712
Epoch: 886: 2022-04-23 17:47:25.573859
Epoch 887/1000, D_loss=0.690788, reward=-7.854065
Epoch: 887: 2022-04-23 17:47:28.343364
Epoch 888/1000, D_loss=0.693947, reward=-7.849437
Epoch: 888: 2022-04-23 17:47:30.961129
Epoch 889/1000, D_loss=0.691830, reward=-7.851111
Epoch: 889: 2022-04-23 17:47:33.465609
Epoch 890/1000, D_loss=0.690910, reward=-7.853353
Test_MRR=0.411128, Test_MR=313.498440, Test_H@10=0.662120
Epoch: 890: 2022-04-23 17:49:11.305535
Epoch 891/1000, D_loss=0.692586, reward=-7.849875
Epoch: 891: 2022-04-23 17:49:13.732540
Epoch 892/1000, D_loss=0.691462, reward=-7.852081
Epoch: 892: 2022-04-23 17:49:16.128866
Epoch 893/1000, D_loss=0.691662, reward=-7.850752
Epoch: 893: 2022-04-23 17:49:18.557792
Epoch 894/1000, D_loss=0.692156, reward=-7.850480
Epoch: 894: 2022-04-23 17:49:20.985796
Epoch 895/1000, D_loss=0.691872, reward=-7.849714
Epoch: 895: 2022-04-23 17:49:23.413734
Epoch 896/1000, D_loss=0.692603, reward=-7.850498
Epoch: 896: 2022-04-23 17:49:25.842302
Epoch 897/1000, D_loss=0.690837, reward=-7.852047
Epoch: 897: 2022-04-23 17:49:28.269823
Epoch 898/1000, D_loss=0.692020, reward=-7.850238
Epoch: 898: 2022-04-23 17:49:30.698921
Epoch 899/1000, D_loss=0.692290, reward=-7.850483
Epoch: 899: 2022-04-23 17:49:33.129122
Epoch 900/1000, D_loss=0.692963, reward=-7.848979
Test_MRR=0.412408, Test_MR=311.960630, Test_H@10=0.661830
Epoch: 900: 2022-04-23 17:51:10.682282
Epoch 901/1000, D_loss=0.692428, reward=-7.851974
Epoch: 901: 2022-04-23 17:51:13.188495
Epoch 902/1000, D_loss=0.690564, reward=-7.850516
Epoch: 902: 2022-04-23 17:51:15.617965
Epoch 903/1000, D_loss=0.690419, reward=-7.851380
Epoch: 903: 2022-04-23 17:51:18.047814
Epoch 904/1000, D_loss=0.693865, reward=-7.844354
Epoch: 904: 2022-04-23 17:51:20.557682
Epoch 905/1000, D_loss=0.691750, reward=-7.848828
Epoch: 905: 2022-04-23 17:51:22.979534
Epoch 906/1000, D_loss=0.692058, reward=-7.848361
Epoch: 906: 2022-04-23 17:51:25.404122
Epoch 907/1000, D_loss=0.688118, reward=-7.854003
Epoch: 907: 2022-04-23 17:51:27.833898
Epoch 908/1000, D_loss=0.692517, reward=-7.848262
Epoch: 908: 2022-04-23 17:51:30.260795
Epoch 909/1000, D_loss=0.693427, reward=-7.848405
Epoch: 909: 2022-04-23 17:51:32.685486
Epoch 910/1000, D_loss=0.693231, reward=-7.846587
Test_MRR=0.411509, Test_MR=310.454880, Test_H@10=0.660860
Epoch: 910: 2022-04-23 17:53:11.797913
Epoch 911/1000, D_loss=0.690340, reward=-7.850007
Epoch: 911: 2022-04-23 17:53:14.302134
Epoch 912/1000, D_loss=0.692198, reward=-7.847780
Epoch: 912: 2022-04-23 17:53:16.726886
Epoch 913/1000, D_loss=0.691760, reward=-7.850583
Epoch: 913: 2022-04-23 17:53:19.148108
Epoch 914/1000, D_loss=0.692483, reward=-7.848234
Epoch: 914: 2022-04-23 17:53:21.573932
Epoch 915/1000, D_loss=0.690584, reward=-7.848378
Epoch: 915: 2022-04-23 17:53:23.998744
Epoch 916/1000, D_loss=0.692003, reward=-7.847105
Epoch: 916: 2022-04-23 17:53:26.423841
Epoch 917/1000, D_loss=0.691066, reward=-7.848134
Epoch: 917: 2022-04-23 17:53:28.847509
Epoch 918/1000, D_loss=0.692187, reward=-7.846853
Epoch: 918: 2022-04-23 17:53:31.271453
Epoch 919/1000, D_loss=0.693908, reward=-7.842074
Epoch: 919: 2022-04-23 17:53:33.695190
Epoch 920/1000, D_loss=0.693214, reward=-7.845534
Test_MRR=0.411116, Test_MR=310.080490, Test_H@10=0.661930
Epoch: 920: 2022-04-23 17:55:11.494575
Epoch 921/1000, D_loss=0.693145, reward=-7.844265
Epoch: 921: 2022-04-23 17:55:13.923983
Epoch 922/1000, D_loss=0.694116, reward=-7.842706
Epoch: 922: 2022-04-23 17:55:16.351353
Epoch 923/1000, D_loss=0.693908, reward=-7.845363
Epoch: 923: 2022-04-23 17:55:18.778688
Epoch 924/1000, D_loss=0.692417, reward=-7.848025
Epoch: 924: 2022-04-23 17:55:21.206962
Epoch 925/1000, D_loss=0.693686, reward=-7.845944
Epoch: 925: 2022-04-23 17:55:23.630483
Epoch 926/1000, D_loss=0.691302, reward=-7.846538
Epoch: 926: 2022-04-23 17:55:26.058925
Epoch 927/1000, D_loss=0.691916, reward=-7.846809
Epoch: 927: 2022-04-23 17:55:28.483717
Epoch 928/1000, D_loss=0.694563, reward=-7.840030
Epoch: 928: 2022-04-23 17:55:30.911529
Epoch 929/1000, D_loss=0.691953, reward=-7.846240
Epoch: 929: 2022-04-23 17:55:33.761320
Epoch 930/1000, D_loss=0.693066, reward=-7.843939
Test_MRR=0.410677, Test_MR=307.888080, Test_H@10=0.662540
Epoch: 930: 2022-04-23 17:57:16.194624
Epoch 931/1000, D_loss=0.692938, reward=-7.844498
Epoch: 931: 2022-04-23 17:57:18.623554
Epoch 932/1000, D_loss=0.692589, reward=-7.845539
Epoch: 932: 2022-04-23 17:57:21.050243
Epoch 933/1000, D_loss=0.693237, reward=-7.843824
Epoch: 933: 2022-04-23 17:57:23.476876
Epoch 934/1000, D_loss=0.693171, reward=-7.843740
Epoch: 934: 2022-04-23 17:57:25.905753
Epoch 935/1000, D_loss=0.691504, reward=-7.845802
Epoch: 935: 2022-04-23 17:57:28.332808
Epoch 936/1000, D_loss=0.692368, reward=-7.845462
Epoch: 936: 2022-04-23 17:57:30.759606
Epoch 937/1000, D_loss=0.694440, reward=-7.841756
Epoch: 937: 2022-04-23 17:57:33.186987
Epoch 938/1000, D_loss=0.692226, reward=-7.844325
Epoch: 938: 2022-04-23 17:57:35.616281
Epoch 939/1000, D_loss=0.692960, reward=-7.842665
Epoch: 939: 2022-04-23 17:57:38.074259
Epoch 940/1000, D_loss=0.692966, reward=-7.844728
Test_MRR=0.411774, Test_MR=306.754810, Test_H@10=0.661920
Epoch: 940: 2022-04-23 17:59:17.970551
Epoch 941/1000, D_loss=0.693573, reward=-7.843649
Epoch: 941: 2022-04-23 17:59:20.536108
Epoch 942/1000, D_loss=0.694486, reward=-7.841687
Epoch: 942: 2022-04-23 17:59:22.962127
Epoch 943/1000, D_loss=0.690935, reward=-7.848447
Epoch: 943: 2022-04-23 17:59:25.390561
Epoch 944/1000, D_loss=0.690924, reward=-7.846322
Epoch: 944: 2022-04-23 17:59:27.820070
Epoch 945/1000, D_loss=0.694136, reward=-7.841591
Epoch: 945: 2022-04-23 17:59:30.668473
Epoch 946/1000, D_loss=0.693966, reward=-7.843563
Epoch: 946: 2022-04-23 17:59:33.491631
Epoch 947/1000, D_loss=0.695674, reward=-7.842033
Epoch: 947: 2022-04-23 17:59:36.316461
Epoch 948/1000, D_loss=0.693435, reward=-7.842813
Epoch: 948: 2022-04-23 17:59:38.818517
Epoch 949/1000, D_loss=0.693324, reward=-7.844676
Epoch: 949: 2022-04-23 17:59:41.242432
Epoch 950/1000, D_loss=0.689215, reward=-7.849357
Test_MRR=0.413644, Test_MR=306.632570, Test_H@10=0.662280
Epoch: 950: 2022-04-23 18:01:25.702417
Epoch 951/1000, D_loss=0.691618, reward=-7.843662
Epoch: 951: 2022-04-23 18:01:28.286133
Epoch 952/1000, D_loss=0.693928, reward=-7.842326
Epoch: 952: 2022-04-23 18:01:31.142130
Epoch 953/1000, D_loss=0.694665, reward=-7.840434
Epoch: 953: 2022-04-23 18:01:33.970375
Epoch 954/1000, D_loss=0.693637, reward=-7.841896
Epoch: 954: 2022-04-23 18:01:36.786038
Epoch 955/1000, D_loss=0.691205, reward=-7.846043
Epoch: 955: 2022-04-23 18:01:39.589288
Epoch 956/1000, D_loss=0.691172, reward=-7.843311
Epoch: 956: 2022-04-23 18:01:42.374728
Epoch 957/1000, D_loss=0.690323, reward=-7.847579
Epoch: 957: 2022-04-23 18:01:44.874112
Epoch 958/1000, D_loss=0.689903, reward=-7.844563
Epoch: 958: 2022-04-23 18:01:47.303685
Epoch 959/1000, D_loss=0.693838, reward=-7.840064
Epoch: 959: 2022-04-23 18:01:49.733123
Epoch 960/1000, D_loss=0.693712, reward=-7.840664
Test_MRR=0.412894, Test_MR=308.597750, Test_H@10=0.663070
Epoch: 960: 2022-04-23 18:03:27.478140
Epoch 961/1000, D_loss=0.694041, reward=-7.840310
Epoch: 961: 2022-04-23 18:03:29.905094
Epoch 962/1000, D_loss=0.694081, reward=-7.839049
Epoch: 962: 2022-04-23 18:03:32.319833
Epoch 963/1000, D_loss=0.689406, reward=-7.845944
Epoch: 963: 2022-04-23 18:03:34.735699
Epoch 964/1000, D_loss=0.694863, reward=-7.840015
Epoch: 964: 2022-04-23 18:03:37.156058
Epoch 965/1000, D_loss=0.693796, reward=-7.839941
Epoch: 965: 2022-04-23 18:03:39.573156
Epoch 966/1000, D_loss=0.695036, reward=-7.840160
Epoch: 966: 2022-04-23 18:03:41.993263
Epoch 967/1000, D_loss=0.691340, reward=-7.842238
Epoch: 967: 2022-04-23 18:03:44.877440
Epoch 968/1000, D_loss=0.693183, reward=-7.840118
Epoch: 968: 2022-04-23 18:03:47.556289
Epoch 969/1000, D_loss=0.693608, reward=-7.838837
Epoch: 969: 2022-04-23 18:03:50.365464
Epoch 970/1000, D_loss=0.692498, reward=-7.840511
Test_MRR=0.412504, Test_MR=304.750960, Test_H@10=0.660510
Epoch: 970: 2022-04-23 18:05:28.172762
Epoch 971/1000, D_loss=0.692574, reward=-7.838464
Epoch: 971: 2022-04-23 18:05:30.730605
Epoch 972/1000, D_loss=0.692785, reward=-7.840199
Epoch: 972: 2022-04-23 18:05:33.154746
Epoch 973/1000, D_loss=0.691702, reward=-7.842541
Epoch: 973: 2022-04-23 18:05:35.579982
Epoch 974/1000, D_loss=0.694526, reward=-7.838588
Epoch: 974: 2022-04-23 18:05:38.006399
Epoch 975/1000, D_loss=0.692387, reward=-7.841130
Epoch: 975: 2022-04-23 18:05:40.839744
Epoch 976/1000, D_loss=0.694994, reward=-7.835793
Epoch: 976: 2022-04-23 18:05:43.652814
Epoch 977/1000, D_loss=0.693395, reward=-7.837531
Epoch: 977: 2022-04-23 18:05:46.476390
Epoch 978/1000, D_loss=0.693668, reward=-7.837946
Epoch: 978: 2022-04-23 18:05:48.978700
Epoch 979/1000, D_loss=0.694709, reward=-7.837041
Epoch: 979: 2022-04-23 18:05:51.405225
Epoch 980/1000, D_loss=0.691187, reward=-7.841682
Test_MRR=0.413128, Test_MR=304.557590, Test_H@10=0.661570
Epoch: 980: 2022-04-23 18:07:32.801776
Epoch 981/1000, D_loss=0.691412, reward=-7.842265
Epoch: 981: 2022-04-23 18:07:35.228844
Epoch 982/1000, D_loss=0.693886, reward=-7.837064
Epoch: 982: 2022-04-23 18:07:37.638946
Epoch 983/1000, D_loss=0.692511, reward=-7.838634
Epoch: 983: 2022-04-23 18:07:40.065353
Epoch 984/1000, D_loss=0.692658, reward=-7.839956
Epoch: 984: 2022-04-23 18:07:42.492847
Epoch 985/1000, D_loss=0.691511, reward=-7.840303
Epoch: 985: 2022-04-23 18:07:45.198237
Epoch 986/1000, D_loss=0.693468, reward=-7.836316
Epoch: 986: 2022-04-23 18:07:47.624949
Epoch 987/1000, D_loss=0.694703, reward=-7.834960
Epoch: 987: 2022-04-23 18:07:50.485865
Epoch 988/1000, D_loss=0.694032, reward=-7.836668
Epoch: 988: 2022-04-23 18:07:53.262000
Epoch 989/1000, D_loss=0.695642, reward=-7.835274
Epoch: 989: 2022-04-23 18:07:56.088091
Epoch 990/1000, D_loss=0.695467, reward=-7.835664
Test_MRR=0.413369, Test_MR=308.224140, Test_H@10=0.664030
Epoch: 990: 2022-04-23 18:09:36.501542
Epoch 991/1000, D_loss=0.693938, reward=-7.837760
Epoch: 991: 2022-04-23 18:09:38.933263
Epoch 992/1000, D_loss=0.695321, reward=-7.836593
Epoch: 992: 2022-04-23 18:09:41.360007
Epoch 993/1000, D_loss=0.694686, reward=-7.835849
Epoch: 993: 2022-04-23 18:09:43.786346
Epoch 994/1000, D_loss=0.695618, reward=-7.836036
Epoch: 994: 2022-04-23 18:09:46.214164
Epoch 995/1000, D_loss=0.692787, reward=-7.839698
Epoch: 995: 2022-04-23 18:09:48.639850
Epoch 996/1000, D_loss=0.694125, reward=-7.838465
Epoch: 996: 2022-04-23 18:09:51.068354
Epoch 997/1000, D_loss=0.692495, reward=-7.838586
Epoch: 997: 2022-04-23 18:09:53.869538
Epoch 998/1000, D_loss=0.691974, reward=-7.840846
Epoch: 998: 2022-04-23 18:09:56.525336
Epoch 999/1000, D_loss=0.693250, reward=-7.839196
Epoch: 999: 2022-04-23 18:09:59.355082
Epoch 1000/1000, D_loss=0.694616, reward=-7.836304
Test_MRR=0.414746, Test_MR=301.643390, Test_H@10=0.663160
Best Performance:
Test_MRR=0.414773, Test_MR=302.643285, Test_H@10=0.663405
