pretrain_config=TransE
g_config=DistMult
d_config=TransE
test_batch_size=100
task.dir=fb15k
task.type=link
adv.use_pretrained_models=False
adv.n_sample=20
adv.sample_type=original
adv.measure_type=entropy
adv.n_epoch=1000
adv.n_batch=100
adv.epoch_per_test=10
adv.temperature=1.0
TransE.dim=50
TransE.margin=3
TransE.p=1
TransE.n_epoch=1000
TransE.n_batch=100
TransE.epoch_per_test=10
TransE.model_file=transe.mdl
TransD.dim=50
TransD.margin=3
TransD.p=1
TransD.n_epoch=1000
TransD.n_batch=100
TransD.epoch_per_test=10
TransD.model_file=transd.mdl
DistMult.dim=50
DistMult.lam=0.1
DistMult.n_sample=20
DistMult.sample_freq=1
DistMult.n_epoch=1000
DistMult.n_batch=100
DistMult.epoch_per_test=10
DistMult.model_file=distmult.mdl
ComplEx.dim=25
ComplEx.lam=0.1
ComplEx.n_sample=20
ComplEx.sample_freq=1
ComplEx.n_epoch=1000
ComplEx.n_batch=100
ComplEx.epoch_per_test=10
ComplEx.model_file=complex.mdl
log.dump_config=False
log.log_train=True
log.log_config=True
log.dir=./logs
log.log_advtrain_graphs=True
log.log_pretrain_graph=True
log.graph_every_nth_epoch=10
2022-04-20 23:53:19.914837
Test_MRR=0.004358, Test_MR=7352.499865, Test_H@10=0.004444
Epoch: 0: 2022-04-21 00:03:01.418686
Epoch 1/1000, D_loss=2.751854, reward=-9.397502
Epoch: 1: 2022-04-21 00:03:07.247832
Epoch 2/1000, D_loss=2.347040, reward=-8.882593
Epoch: 2: 2022-04-21 00:03:12.709442
Epoch 3/1000, D_loss=2.028133, reward=-8.475486
Epoch: 3: 2022-04-21 00:03:18.118795
Epoch 4/1000, D_loss=1.745232, reward=-8.148358
Epoch: 4: 2022-04-21 00:03:23.593265
Epoch 5/1000, D_loss=1.494873, reward=-7.901839
Epoch: 5: 2022-04-21 00:03:29.276999
Epoch 6/1000, D_loss=1.273623, reward=-7.736761
Epoch: 6: 2022-04-21 00:03:34.686115
Epoch 7/1000, D_loss=1.072178, reward=-7.652810
Epoch: 7: 2022-04-21 00:03:40.095027
Epoch 8/1000, D_loss=0.902724, reward=-7.612903
Epoch: 8: 2022-04-21 00:03:45.731879
Epoch 9/1000, D_loss=0.759422, reward=-7.601855
Epoch: 9: 2022-04-21 00:03:51.201420
Epoch 10/1000, D_loss=0.647217, reward=-7.604883
Test_MRR=0.196812, Test_MR=728.053000, Test_H@10=0.347380
Epoch: 10: 2022-04-21 00:11:19.788502
Epoch 11/1000, D_loss=0.562644, reward=-7.616730
Epoch: 11: 2022-04-21 00:11:25.319640
Epoch 12/1000, D_loss=0.495018, reward=-7.633842
Epoch: 12: 2022-04-21 00:11:30.951239
Epoch 13/1000, D_loss=0.446281, reward=-7.647080
Epoch: 13: 2022-04-21 00:11:36.694430
Epoch 14/1000, D_loss=0.404994, reward=-7.667175
Epoch: 14: 2022-04-21 00:11:42.219422
Epoch 15/1000, D_loss=0.374904, reward=-7.686149
Epoch: 15: 2022-04-21 00:11:48.082862
Epoch 16/1000, D_loss=0.347212, reward=-7.709091
Epoch: 16: 2022-04-21 00:11:53.746671
Epoch 17/1000, D_loss=0.326441, reward=-7.729936
Epoch: 17: 2022-04-21 00:11:59.702954
Epoch 18/1000, D_loss=0.307820, reward=-7.749270
Epoch: 18: 2022-04-21 00:12:05.316610
Epoch 19/1000, D_loss=0.295425, reward=-7.764976
Epoch: 19: 2022-04-21 00:12:11.062722
Epoch 20/1000, D_loss=0.282452, reward=-7.782278
Test_MRR=0.254550, Test_MR=281.108980, Test_H@10=0.421950
Epoch: 20: 2022-04-21 00:19:36.462020
Epoch 21/1000, D_loss=0.271719, reward=-7.798364
Epoch: 21: 2022-04-21 00:19:42.491396
Epoch 22/1000, D_loss=0.262078, reward=-7.815923
Epoch: 22: 2022-04-21 00:19:48.066378
Epoch 23/1000, D_loss=0.253836, reward=-7.832106
Epoch: 23: 2022-04-21 00:19:53.992301
Epoch 24/1000, D_loss=0.247750, reward=-7.842914
Epoch: 24: 2022-04-21 00:19:59.817314
Epoch 25/1000, D_loss=0.240035, reward=-7.860270
Epoch: 25: 2022-04-21 00:20:05.742329
Epoch 26/1000, D_loss=0.236896, reward=-7.869486
Epoch: 26: 2022-04-21 00:20:11.430621
Epoch 27/1000, D_loss=0.231285, reward=-7.883958
Epoch: 27: 2022-04-21 00:20:16.909869
Epoch 28/1000, D_loss=0.225535, reward=-7.895243
Epoch: 28: 2022-04-21 00:20:22.499794
Epoch 29/1000, D_loss=0.221463, reward=-7.907044
Epoch: 29: 2022-04-21 00:20:28.115880
Epoch 30/1000, D_loss=0.218454, reward=-7.915953
Test_MRR=0.278429, Test_MR=206.847550, Test_H@10=0.459420
Epoch: 30: 2022-04-21 00:28:00.279316
Epoch 31/1000, D_loss=0.213654, reward=-7.926175
Epoch: 31: 2022-04-21 00:28:05.881551
Epoch 32/1000, D_loss=0.210080, reward=-7.932536
Epoch: 32: 2022-04-21 00:28:11.411724
Epoch 33/1000, D_loss=0.210526, reward=-7.939494
Epoch: 33: 2022-04-21 00:28:17.155165
Epoch 34/1000, D_loss=0.206224, reward=-7.951461
Epoch: 34: 2022-04-21 00:28:22.880162
Epoch 35/1000, D_loss=0.204563, reward=-7.956425
Epoch: 35: 2022-04-21 00:28:28.677939
Epoch 36/1000, D_loss=0.200738, reward=-7.966504
Epoch: 36: 2022-04-21 00:28:34.361926
Epoch 37/1000, D_loss=0.201549, reward=-7.969105
Epoch: 37: 2022-04-21 00:28:39.948793
Epoch 38/1000, D_loss=0.200143, reward=-7.975090
Epoch: 38: 2022-04-21 00:28:45.391807
Epoch 39/1000, D_loss=0.197589, reward=-7.982222
Epoch: 39: 2022-04-21 00:28:51.093015
Epoch 40/1000, D_loss=0.199005, reward=-7.986208
Test_MRR=0.291773, Test_MR=169.482170, Test_H@10=0.481710
Epoch: 40: 2022-04-21 00:36:18.156085
Epoch 41/1000, D_loss=0.198197, reward=-7.991593
Epoch: 41: 2022-04-21 00:36:23.768210
Epoch 42/1000, D_loss=0.199706, reward=-7.994550
Epoch: 42: 2022-04-21 00:36:29.206737
Epoch 43/1000, D_loss=0.206202, reward=-7.985481
Epoch: 43: 2022-04-21 00:36:34.721848
Epoch 44/1000, D_loss=0.209858, reward=-7.983776
Epoch: 44: 2022-04-21 00:36:40.588695
Epoch 45/1000, D_loss=0.213879, reward=-7.981949
Epoch: 45: 2022-04-21 00:36:46.113359
Epoch 46/1000, D_loss=0.221202, reward=-7.973821
Epoch: 46: 2022-04-21 00:36:51.767347
Epoch 47/1000, D_loss=0.225457, reward=-7.971472
Epoch: 47: 2022-04-21 00:36:57.547136
Epoch 48/1000, D_loss=0.229965, reward=-7.968563
Epoch: 48: 2022-04-21 00:37:03.129631
Epoch 49/1000, D_loss=0.237106, reward=-7.962092
Epoch: 49: 2022-04-21 00:37:09.189834
Epoch 50/1000, D_loss=0.243401, reward=-7.957114
Test_MRR=0.295629, Test_MR=154.621230, Test_H@10=0.487840
Epoch: 50: 2022-04-21 00:44:33.965714
Epoch 51/1000, D_loss=0.251560, reward=-7.945662
Epoch: 51: 2022-04-21 00:44:40.051735
Epoch 52/1000, D_loss=0.264159, reward=-7.927661
Epoch: 52: 2022-04-21 00:44:45.961748
Epoch 53/1000, D_loss=0.278069, reward=-7.906535
Epoch: 53: 2022-04-21 00:44:51.560379
Epoch 54/1000, D_loss=0.297171, reward=-7.878181
Epoch: 54: 2022-04-21 00:44:57.008832
Epoch 55/1000, D_loss=0.316577, reward=-7.848280
Epoch: 55: 2022-04-21 00:45:02.707638
Epoch 56/1000, D_loss=0.336713, reward=-7.818568
Epoch: 56: 2022-04-21 00:45:08.253340
Epoch 57/1000, D_loss=0.357963, reward=-7.787939
Epoch: 57: 2022-04-21 00:45:13.709302
Epoch 58/1000, D_loss=0.376799, reward=-7.763856
Epoch: 58: 2022-04-21 00:45:19.362646
Epoch 59/1000, D_loss=0.395242, reward=-7.742064
Epoch: 59: 2022-04-21 00:45:24.947068
Epoch 60/1000, D_loss=0.414147, reward=-7.720849
Test_MRR=0.295328, Test_MR=156.702740, Test_H@10=0.488580
Epoch: 60: 2022-04-21 00:52:48.978499
Epoch 61/1000, D_loss=0.429304, reward=-7.710824
Epoch: 61: 2022-04-21 00:52:54.602063
Epoch 62/1000, D_loss=0.442439, reward=-7.702280
Epoch: 62: 2022-04-21 00:53:00.111774
Epoch 63/1000, D_loss=0.454740, reward=-7.695966
Epoch: 63: 2022-04-21 00:53:06.012287
Epoch 64/1000, D_loss=0.465241, reward=-7.695655
Epoch: 64: 2022-04-21 00:53:11.530833
Epoch 65/1000, D_loss=0.471632, reward=-7.697990
Epoch: 65: 2022-04-21 00:53:17.668991
Epoch 66/1000, D_loss=0.482791, reward=-7.695734
Epoch: 66: 2022-04-21 00:53:23.812336
Epoch 67/1000, D_loss=0.488546, reward=-7.701204
Epoch: 67: 2022-04-21 00:53:30.656389
Epoch 68/1000, D_loss=0.494597, reward=-7.706348
Epoch: 68: 2022-04-21 00:53:36.589001
Epoch 69/1000, D_loss=0.502629, reward=-7.707367
Epoch: 69: 2022-04-21 00:53:42.915248
Epoch 70/1000, D_loss=0.505744, reward=-7.711990
Test_MRR=0.303817, Test_MR=166.346170, Test_H@10=0.506620
Epoch: 70: 2022-04-21 01:01:13.331169
Epoch 71/1000, D_loss=0.511014, reward=-7.718461
Epoch: 71: 2022-04-21 01:01:18.926825
Epoch 72/1000, D_loss=0.516532, reward=-7.720308
Epoch: 72: 2022-04-21 01:01:24.855446
Epoch 73/1000, D_loss=0.519020, reward=-7.729687
Epoch: 73: 2022-04-21 01:01:30.586840
Epoch 74/1000, D_loss=0.523031, reward=-7.731965
Epoch: 74: 2022-04-21 01:01:36.504114
Epoch 75/1000, D_loss=0.527215, reward=-7.738829
Epoch: 75: 2022-04-21 01:01:42.138475
Epoch 76/1000, D_loss=0.530574, reward=-7.742637
Epoch: 76: 2022-04-21 01:01:47.776574
Epoch 77/1000, D_loss=0.534325, reward=-7.748033
Epoch: 77: 2022-04-21 01:01:53.662682
Epoch 78/1000, D_loss=0.539493, reward=-7.747756
Epoch: 78: 2022-04-21 01:01:59.478729
Epoch 79/1000, D_loss=0.543935, reward=-7.750920
Epoch: 79: 2022-04-21 01:02:05.098262
Epoch 80/1000, D_loss=0.549273, reward=-7.751744
Test_MRR=0.309521, Test_MR=192.863470, Test_H@10=0.519240
Epoch: 80: 2022-04-21 01:09:36.505635
Epoch 81/1000, D_loss=0.554937, reward=-7.752098
Epoch: 81: 2022-04-21 01:09:41.949588
Epoch 82/1000, D_loss=0.554040, reward=-7.760212
Epoch: 82: 2022-04-21 01:09:47.666510
Epoch 83/1000, D_loss=0.556740, reward=-7.763849
Epoch: 83: 2022-04-21 01:09:53.123277
Epoch 84/1000, D_loss=0.560905, reward=-7.765911
Epoch: 84: 2022-04-21 01:09:58.966113
Epoch 85/1000, D_loss=0.564034, reward=-7.768041
Epoch: 85: 2022-04-21 01:10:04.752871
Epoch 86/1000, D_loss=0.570479, reward=-7.764852
Epoch: 86: 2022-04-21 01:10:10.888248
Epoch 87/1000, D_loss=0.573666, reward=-7.767009
Epoch: 87: 2022-04-21 01:10:16.687472
Epoch 88/1000, D_loss=0.574861, reward=-7.771225
Epoch: 88: 2022-04-21 01:10:22.486556
Epoch 89/1000, D_loss=0.580287, reward=-7.769099
Epoch: 89: 2022-04-21 01:10:28.092045
Epoch 90/1000, D_loss=0.582751, reward=-7.773007
Test_MRR=0.314552, Test_MR=211.567620, Test_H@10=0.530580
Epoch: 90: 2022-04-21 01:17:53.600296
Epoch 91/1000, D_loss=0.585282, reward=-7.772599
Epoch: 91: 2022-04-21 01:17:59.191147
Epoch 92/1000, D_loss=0.588573, reward=-7.772840
Epoch: 92: 2022-04-21 01:18:04.837687
Epoch 93/1000, D_loss=0.591971, reward=-7.774000
Epoch: 93: 2022-04-21 01:18:10.317922
Epoch 94/1000, D_loss=0.594796, reward=-7.776936
Epoch: 94: 2022-04-21 01:18:16.079545
Epoch 95/1000, D_loss=0.597024, reward=-7.776839
Epoch: 95: 2022-04-21 01:18:21.787666
Epoch 96/1000, D_loss=0.598144, reward=-7.782269
Epoch: 96: 2022-04-21 01:18:27.297634
Epoch 97/1000, D_loss=0.600778, reward=-7.783078
Epoch: 97: 2022-04-21 01:18:32.961491
Epoch 98/1000, D_loss=0.606533, reward=-7.778603
Epoch: 98: 2022-04-21 01:18:38.732956
Epoch 99/1000, D_loss=0.608867, reward=-7.782448
Epoch: 99: 2022-04-21 01:18:44.605418
Epoch 100/1000, D_loss=0.608802, reward=-7.786221
Test_MRR=0.321065, Test_MR=232.255500, Test_H@10=0.545620
Epoch: 100: 2022-04-21 01:26:13.566032
Epoch 101/1000, D_loss=0.611754, reward=-7.788115
Epoch: 101: 2022-04-21 01:26:19.415502
Epoch 102/1000, D_loss=0.614919, reward=-7.787297
Epoch: 102: 2022-04-21 01:26:24.952196
Epoch 103/1000, D_loss=0.616683, reward=-7.789484
Epoch: 103: 2022-04-21 01:26:30.792199
Epoch 104/1000, D_loss=0.616443, reward=-7.793242
Epoch: 104: 2022-04-21 01:26:36.680125
Epoch 105/1000, D_loss=0.620288, reward=-7.793737
Epoch: 105: 2022-04-21 01:26:42.360180
Epoch 106/1000, D_loss=0.621125, reward=-7.796067
Epoch: 106: 2022-04-21 01:26:47.910869
Epoch 107/1000, D_loss=0.622997, reward=-7.796258
Epoch: 107: 2022-04-21 01:26:53.656323
Epoch 108/1000, D_loss=0.624979, reward=-7.796076
Epoch: 108: 2022-04-21 01:26:59.301991
Epoch 109/1000, D_loss=0.626758, reward=-7.799796
Epoch: 109: 2022-04-21 01:27:05.061436
Epoch 110/1000, D_loss=0.627672, reward=-7.803412
Test_MRR=0.327884, Test_MR=251.664370, Test_H@10=0.556660
Epoch: 110: 2022-04-21 01:34:31.810461
Epoch 111/1000, D_loss=0.630008, reward=-7.802137
Epoch: 111: 2022-04-21 01:34:37.343045
Epoch 112/1000, D_loss=0.630442, reward=-7.804000
Epoch: 112: 2022-04-21 01:34:42.835437
Epoch 113/1000, D_loss=0.633856, reward=-7.803657
Epoch: 113: 2022-04-21 01:34:48.462302
Epoch 114/1000, D_loss=0.634896, reward=-7.804842
Epoch: 114: 2022-04-21 01:34:54.227524
Epoch 115/1000, D_loss=0.632941, reward=-7.809970
Epoch: 115: 2022-04-21 01:35:00.109650
Epoch 116/1000, D_loss=0.634028, reward=-7.813240
Epoch: 116: 2022-04-21 01:35:05.728003
Epoch 117/1000, D_loss=0.635219, reward=-7.817315
Epoch: 117: 2022-04-21 01:35:11.461714
Epoch 118/1000, D_loss=0.639288, reward=-7.812421
Epoch: 118: 2022-04-21 01:35:17.039478
Epoch 119/1000, D_loss=0.639953, reward=-7.813581
Epoch: 119: 2022-04-21 01:35:22.559238
Epoch 120/1000, D_loss=0.640903, reward=-7.815313
Test_MRR=0.332402, Test_MR=278.257500, Test_H@10=0.566350
Epoch: 120: 2022-04-21 01:42:53.135510
Epoch 121/1000, D_loss=0.639325, reward=-7.819843
Epoch: 121: 2022-04-21 01:42:58.944862
Epoch 122/1000, D_loss=0.642078, reward=-7.816994
Epoch: 122: 2022-04-21 01:43:04.462533
Epoch 123/1000, D_loss=0.644643, reward=-7.818419
Epoch: 123: 2022-04-21 01:43:09.995796
Epoch 124/1000, D_loss=0.644164, reward=-7.823140
Epoch: 124: 2022-04-21 01:43:15.592332
Epoch 125/1000, D_loss=0.645169, reward=-7.824389
Epoch: 125: 2022-04-21 01:43:21.039303
Epoch 126/1000, D_loss=0.644812, reward=-7.827701
Epoch: 126: 2022-04-21 01:43:26.827548
Epoch 127/1000, D_loss=0.645421, reward=-7.826453
Epoch: 127: 2022-04-21 01:43:32.562304
Epoch 128/1000, D_loss=0.648141, reward=-7.824542
Epoch: 128: 2022-04-21 01:43:38.265849
Epoch 129/1000, D_loss=0.648093, reward=-7.827214
Epoch: 129: 2022-04-21 01:43:43.880805
Epoch 130/1000, D_loss=0.651551, reward=-7.826389
Test_MRR=0.335590, Test_MR=292.358880, Test_H@10=0.573910
Epoch: 130: 2022-04-21 01:51:04.884373
Epoch 131/1000, D_loss=0.649924, reward=-7.830261
Epoch: 131: 2022-04-21 01:51:10.736877
Epoch 132/1000, D_loss=0.649531, reward=-7.833631
Epoch: 132: 2022-04-21 01:51:16.246748
Epoch 133/1000, D_loss=0.649777, reward=-7.835153
Epoch: 133: 2022-04-21 01:51:21.738420
Epoch 134/1000, D_loss=0.651391, reward=-7.835568
Epoch: 134: 2022-04-21 01:51:27.753470
Epoch 135/1000, D_loss=0.651510, reward=-7.837132
Epoch: 135: 2022-04-21 01:51:33.712498
Epoch 136/1000, D_loss=0.653329, reward=-7.837286
Epoch: 136: 2022-04-21 01:51:39.666797
Epoch 137/1000, D_loss=0.656822, reward=-7.835541
Epoch: 137: 2022-04-21 01:51:45.973208
Epoch 138/1000, D_loss=0.654850, reward=-7.837835
Epoch: 138: 2022-04-21 01:51:51.800984
Epoch 139/1000, D_loss=0.657623, reward=-7.836245
Epoch: 139: 2022-04-21 01:51:57.997257
Epoch 140/1000, D_loss=0.658534, reward=-7.838202
Test_MRR=0.338366, Test_MR=306.970910, Test_H@10=0.578120
Epoch: 140: 2022-04-21 01:59:31.959590
Epoch 141/1000, D_loss=0.657543, reward=-7.842374
Epoch: 141: 2022-04-21 01:59:37.508370
Epoch 142/1000, D_loss=0.656598, reward=-7.841939
Epoch: 142: 2022-04-21 01:59:43.168267
Epoch 143/1000, D_loss=0.662007, reward=-7.841786
Epoch: 143: 2022-04-21 01:59:48.813633
Epoch 144/1000, D_loss=0.661861, reward=-7.840639
Epoch: 144: 2022-04-21 01:59:54.676952
Epoch 145/1000, D_loss=0.661868, reward=-7.841181
Epoch: 145: 2022-04-21 02:00:00.564638
Epoch 146/1000, D_loss=0.662227, reward=-7.842874
Epoch: 146: 2022-04-21 02:00:06.324905
Epoch 147/1000, D_loss=0.663691, reward=-7.844536
Epoch: 147: 2022-04-21 02:00:12.151620
Epoch 148/1000, D_loss=0.662969, reward=-7.845422
Epoch: 148: 2022-04-21 02:00:17.800328
Epoch 149/1000, D_loss=0.663088, reward=-7.847107
Epoch: 149: 2022-04-21 02:00:23.630069
Epoch 150/1000, D_loss=0.664321, reward=-7.844603
Test_MRR=0.341200, Test_MR=319.952720, Test_H@10=0.583380
Epoch: 150: 2022-04-21 02:07:51.594761
Epoch 151/1000, D_loss=0.663240, reward=-7.849676
Epoch: 151: 2022-04-21 02:07:57.056791
Epoch 152/1000, D_loss=0.665019, reward=-7.845947
Epoch: 152: 2022-04-21 02:08:02.715237
Epoch 153/1000, D_loss=0.669629, reward=-7.842122
Epoch: 153: 2022-04-21 02:08:08.595737
Epoch 154/1000, D_loss=0.669227, reward=-7.844597
Epoch: 154: 2022-04-21 02:08:14.174297
Epoch 155/1000, D_loss=0.666918, reward=-7.849153
Epoch: 155: 2022-04-21 02:08:19.614474
Epoch 156/1000, D_loss=0.669723, reward=-7.845366
Epoch: 156: 2022-04-21 02:08:25.164281
Epoch 157/1000, D_loss=0.669042, reward=-7.847165
Epoch: 157: 2022-04-21 02:08:30.647807
Epoch 158/1000, D_loss=0.667886, reward=-7.848874
Epoch: 158: 2022-04-21 02:08:36.185237
Epoch 159/1000, D_loss=0.672337, reward=-7.843643
Epoch: 159: 2022-04-21 02:08:41.681945
Epoch 160/1000, D_loss=0.670867, reward=-7.849622
Test_MRR=0.345499, Test_MR=330.203420, Test_H@10=0.584920
Epoch: 160: 2022-04-21 02:16:00.875910
Epoch 161/1000, D_loss=0.671308, reward=-7.849651
Epoch: 161: 2022-04-21 02:16:06.749160
Epoch 162/1000, D_loss=0.671127, reward=-7.849482
Epoch: 162: 2022-04-21 02:16:12.770419
Epoch 163/1000, D_loss=0.674622, reward=-7.848396
Epoch: 163: 2022-04-21 02:16:18.464588
Epoch 164/1000, D_loss=0.674305, reward=-7.850402
Epoch: 164: 2022-04-21 02:16:24.178871
Epoch 165/1000, D_loss=0.673578, reward=-7.850882
Epoch: 165: 2022-04-21 02:16:29.965707
Epoch 166/1000, D_loss=0.675006, reward=-7.850437
Epoch: 166: 2022-04-21 02:16:35.631714
Epoch 167/1000, D_loss=0.676605, reward=-7.849577
Epoch: 167: 2022-04-21 02:16:41.738211
Epoch 168/1000, D_loss=0.679084, reward=-7.847855
Epoch: 168: 2022-04-21 02:16:47.331067
Epoch 169/1000, D_loss=0.678596, reward=-7.849287
Epoch: 169: 2022-04-21 02:16:52.921562
Epoch 170/1000, D_loss=0.677445, reward=-7.849135
Test_MRR=0.346900, Test_MR=340.066790, Test_H@10=0.587920
Epoch: 170: 2022-04-21 02:24:14.230492
Epoch 171/1000, D_loss=0.679693, reward=-7.847484
Epoch: 171: 2022-04-21 02:24:19.903163
Epoch 172/1000, D_loss=0.678339, reward=-7.849923
Epoch: 172: 2022-04-21 02:24:25.734496
Epoch 173/1000, D_loss=0.677375, reward=-7.851886
Epoch: 173: 2022-04-21 02:24:31.264431
Epoch 174/1000, D_loss=0.678088, reward=-7.851983
Epoch: 174: 2022-04-21 02:24:36.888635
Epoch 175/1000, D_loss=0.680030, reward=-7.848813
Epoch: 175: 2022-04-21 02:24:42.518991
Epoch 176/1000, D_loss=0.680691, reward=-7.850708
Epoch: 176: 2022-04-21 02:24:48.038969
Epoch 177/1000, D_loss=0.681050, reward=-7.852066
Epoch: 177: 2022-04-21 02:24:53.757254
Epoch 178/1000, D_loss=0.681533, reward=-7.850423
Epoch: 178: 2022-04-21 02:24:59.351723
Epoch 179/1000, D_loss=0.682885, reward=-7.848442
Epoch: 179: 2022-04-21 02:25:04.971404
Epoch 180/1000, D_loss=0.684189, reward=-7.845870
Test_MRR=0.350808, Test_MR=343.845800, Test_H@10=0.590660
Epoch: 180: 2022-04-21 02:32:28.624461
Epoch 181/1000, D_loss=0.682993, reward=-7.847811
Epoch: 181: 2022-04-21 02:32:34.092002
Epoch 182/1000, D_loss=0.687014, reward=-7.843399
Epoch: 182: 2022-04-21 02:32:39.680901
Epoch 183/1000, D_loss=0.683698, reward=-7.849370
Epoch: 183: 2022-04-21 02:32:45.278738
Epoch 184/1000, D_loss=0.683917, reward=-7.849602
Epoch: 184: 2022-04-21 02:32:50.896209
Epoch 185/1000, D_loss=0.685629, reward=-7.846991
Epoch: 185: 2022-04-21 02:32:56.529305
Epoch 186/1000, D_loss=0.685659, reward=-7.848582
Epoch: 186: 2022-04-21 02:33:02.612739
Epoch 187/1000, D_loss=0.685681, reward=-7.847684
Epoch: 187: 2022-04-21 02:33:08.204039
Epoch 188/1000, D_loss=0.685539, reward=-7.849682
Epoch: 188: 2022-04-21 02:33:13.672247
Epoch 189/1000, D_loss=0.682573, reward=-7.854439
Epoch: 189: 2022-04-21 02:33:19.246292
Epoch 190/1000, D_loss=0.685779, reward=-7.850352
Test_MRR=0.352461, Test_MR=353.704150, Test_H@10=0.592980
Epoch: 190: 2022-04-21 02:40:50.240509
Epoch 191/1000, D_loss=0.687779, reward=-7.849067
Epoch: 191: 2022-04-21 02:40:55.690837
Epoch 192/1000, D_loss=0.686616, reward=-7.854557
Epoch: 192: 2022-04-21 02:41:01.385441
Epoch 193/1000, D_loss=0.686673, reward=-7.852357
Epoch: 193: 2022-04-21 02:41:07.034399
Epoch 194/1000, D_loss=0.687332, reward=-7.852084
Epoch: 194: 2022-04-21 02:41:12.767272
Epoch 195/1000, D_loss=0.688745, reward=-7.852021
Epoch: 195: 2022-04-21 02:41:18.480459
Epoch 196/1000, D_loss=0.688498, reward=-7.852013
Epoch: 196: 2022-04-21 02:41:24.095382
Epoch 197/1000, D_loss=0.690445, reward=-7.847757
Epoch: 197: 2022-04-21 02:41:29.789879
Epoch 198/1000, D_loss=0.689045, reward=-7.850079
Epoch: 198: 2022-04-21 02:41:35.220622
Epoch 199/1000, D_loss=0.689636, reward=-7.849835
Epoch: 199: 2022-04-21 02:41:41.347101
Epoch 200/1000, D_loss=0.690383, reward=-7.848770
Test_MRR=0.355832, Test_MR=356.503580, Test_H@10=0.596300
Epoch: 200: 2022-04-21 02:49:08.604226
Epoch 201/1000, D_loss=0.689272, reward=-7.849795
Epoch: 201: 2022-04-21 02:49:14.585254
Epoch 202/1000, D_loss=0.690722, reward=-7.848045
Epoch: 202: 2022-04-21 02:49:20.373457
Epoch 203/1000, D_loss=0.693553, reward=-7.845688
Epoch: 203: 2022-04-21 02:49:25.999133
Epoch 204/1000, D_loss=0.691530, reward=-7.849669
Epoch: 204: 2022-04-21 02:49:31.804947
Epoch 205/1000, D_loss=0.692583, reward=-7.847712
Epoch: 205: 2022-04-21 02:49:37.764902
Epoch 206/1000, D_loss=0.694040, reward=-7.846571
Epoch: 206: 2022-04-21 02:49:43.564032
Epoch 207/1000, D_loss=0.692076, reward=-7.847302
Epoch: 207: 2022-04-21 02:49:49.423913
Epoch 208/1000, D_loss=0.692413, reward=-7.849589
Epoch: 208: 2022-04-21 02:49:55.466411
Epoch 209/1000, D_loss=0.691724, reward=-7.851214
Epoch: 209: 2022-04-21 02:50:01.351166
Epoch 210/1000, D_loss=0.692934, reward=-7.846205
Test_MRR=0.356976, Test_MR=357.268390, Test_H@10=0.597770
Epoch: 210: 2022-04-21 02:57:32.414022
Epoch 211/1000, D_loss=0.694196, reward=-7.844897
Epoch: 211: 2022-04-21 02:57:37.944586
Epoch 212/1000, D_loss=0.692798, reward=-7.848675
Epoch: 212: 2022-04-21 02:57:43.673627
Epoch 213/1000, D_loss=0.693975, reward=-7.848800
Epoch: 213: 2022-04-21 02:57:49.432279
Epoch 214/1000, D_loss=0.694607, reward=-7.849120
Epoch: 214: 2022-04-21 02:57:55.305572
Epoch 215/1000, D_loss=0.692710, reward=-7.850770
Epoch: 215: 2022-04-21 02:58:01.026779
Epoch 216/1000, D_loss=0.695817, reward=-7.846096
Epoch: 216: 2022-04-21 02:58:06.473573
Epoch 217/1000, D_loss=0.696500, reward=-7.844841
Epoch: 217: 2022-04-21 02:58:12.242104
Epoch 218/1000, D_loss=0.698055, reward=-7.841154
Epoch: 218: 2022-04-21 02:58:17.683403
Epoch 219/1000, D_loss=0.696316, reward=-7.845211
Epoch: 219: 2022-04-21 02:58:23.397584
Epoch 220/1000, D_loss=0.695768, reward=-7.848605
Test_MRR=0.358832, Test_MR=363.081200, Test_H@10=0.600450
Epoch: 220: 2022-04-21 03:05:56.893391
Epoch 221/1000, D_loss=0.697103, reward=-7.844841
Epoch: 221: 2022-04-21 03:06:02.961305
Epoch 222/1000, D_loss=0.694818, reward=-7.848138
Epoch: 222: 2022-04-21 03:06:08.554374
Epoch 223/1000, D_loss=0.697239, reward=-7.845235
Epoch: 223: 2022-04-21 03:06:14.447818
Epoch 224/1000, D_loss=0.698635, reward=-7.843574
Epoch: 224: 2022-04-21 03:06:20.228773
Epoch 225/1000, D_loss=0.698597, reward=-7.844090
Epoch: 225: 2022-04-21 03:06:25.977941
Epoch 226/1000, D_loss=0.698703, reward=-7.843279
Epoch: 226: 2022-04-21 03:06:31.703669
Epoch 227/1000, D_loss=0.697761, reward=-7.844346
Epoch: 227: 2022-04-21 03:06:37.455225
Epoch 228/1000, D_loss=0.699304, reward=-7.841920
Epoch: 228: 2022-04-21 03:06:43.093591
Epoch 229/1000, D_loss=0.699054, reward=-7.842668
Epoch: 229: 2022-04-21 03:06:48.637216
Epoch 230/1000, D_loss=0.699443, reward=-7.842307
Test_MRR=0.359285, Test_MR=364.521480, Test_H@10=0.601360
Epoch: 230: 2022-04-21 03:14:10.006903
Epoch 231/1000, D_loss=0.700769, reward=-7.839551
Epoch: 231: 2022-04-21 03:14:15.573989
Epoch 232/1000, D_loss=0.699875, reward=-7.843212
Epoch: 232: 2022-04-21 03:14:21.234251
Epoch 233/1000, D_loss=0.698256, reward=-7.843814
Epoch: 233: 2022-04-21 03:14:27.026177
Epoch 234/1000, D_loss=0.701483, reward=-7.838248
Epoch: 234: 2022-04-21 03:14:32.570961
Epoch 235/1000, D_loss=0.702600, reward=-7.837848
Epoch: 235: 2022-04-21 03:14:38.541591
Epoch 236/1000, D_loss=0.698638, reward=-7.843163
Epoch: 236: 2022-04-21 03:14:44.381510
Epoch 237/1000, D_loss=0.697711, reward=-7.846411
Epoch: 237: 2022-04-21 03:14:50.001094
Epoch 238/1000, D_loss=0.699751, reward=-7.842684
Epoch: 238: 2022-04-21 03:14:55.899808
Epoch 239/1000, D_loss=0.700631, reward=-7.841489
Epoch: 239: 2022-04-21 03:15:01.953231
Epoch 240/1000, D_loss=0.699713, reward=-7.841985
Test_MRR=0.361967, Test_MR=363.933580, Test_H@10=0.603910
Epoch: 240: 2022-04-21 03:22:33.864371
Epoch 241/1000, D_loss=0.701715, reward=-7.841102
Epoch: 241: 2022-04-21 03:22:39.348485
Epoch 242/1000, D_loss=0.698974, reward=-7.842038
Epoch: 242: 2022-04-21 03:22:45.234247
Epoch 243/1000, D_loss=0.703269, reward=-7.839306
Epoch: 243: 2022-04-21 03:22:51.047627
Epoch 244/1000, D_loss=0.699711, reward=-7.841456
Epoch: 244: 2022-04-21 03:22:56.763107
Epoch 245/1000, D_loss=0.702761, reward=-7.838535
Epoch: 245: 2022-04-21 03:23:02.381767
Epoch 246/1000, D_loss=0.703797, reward=-7.838185
Epoch: 246: 2022-04-21 03:23:07.977689
Epoch 247/1000, D_loss=0.701051, reward=-7.841194
Epoch: 247: 2022-04-21 03:23:13.781712
Epoch 248/1000, D_loss=0.705188, reward=-7.835425
Epoch: 248: 2022-04-21 03:23:19.551365
Epoch 249/1000, D_loss=0.701879, reward=-7.841564
Epoch: 249: 2022-04-21 03:23:25.321098
Epoch 250/1000, D_loss=0.703533, reward=-7.837335
Test_MRR=0.361895, Test_MR=366.001160, Test_H@10=0.606590
Epoch: 250: 2022-04-21 03:30:46.048926
Epoch 251/1000, D_loss=0.703904, reward=-7.837841
Epoch: 251: 2022-04-21 03:30:51.686033
Epoch 252/1000, D_loss=0.705545, reward=-7.835071
Epoch: 252: 2022-04-21 03:30:57.341269
Epoch 253/1000, D_loss=0.702403, reward=-7.839730
Epoch: 253: 2022-04-21 03:31:03.201425
Epoch 254/1000, D_loss=0.704371, reward=-7.837511
Epoch: 254: 2022-04-21 03:31:08.886990
Epoch 255/1000, D_loss=0.704086, reward=-7.834868
Epoch: 255: 2022-04-21 03:31:14.503470
Epoch 256/1000, D_loss=0.703804, reward=-7.836574
Epoch: 256: 2022-04-21 03:31:20.239387
Epoch 257/1000, D_loss=0.704112, reward=-7.836801
Epoch: 257: 2022-04-21 03:31:26.183201
Epoch 258/1000, D_loss=0.702212, reward=-7.838516
Epoch: 258: 2022-04-21 03:31:31.622357
Epoch 259/1000, D_loss=0.705812, reward=-7.834831
Epoch: 259: 2022-04-21 03:31:37.283916
Epoch 260/1000, D_loss=0.706710, reward=-7.832931
Test_MRR=0.362360, Test_MR=367.751730, Test_H@10=0.607090
Epoch: 260: 2022-04-21 03:39:03.590134
Epoch 261/1000, D_loss=0.703043, reward=-7.837639
Epoch: 261: 2022-04-21 03:39:09.210405
Epoch 262/1000, D_loss=0.705518, reward=-7.833465
Epoch: 262: 2022-04-21 03:39:14.648806
Epoch 263/1000, D_loss=0.705993, reward=-7.834567
Epoch: 263: 2022-04-21 03:39:20.199602
Epoch 264/1000, D_loss=0.706929, reward=-7.832309
Epoch: 264: 2022-04-21 03:39:26.143385
Epoch 265/1000, D_loss=0.704612, reward=-7.835823
Epoch: 265: 2022-04-21 03:39:32.101289
Epoch 266/1000, D_loss=0.706173, reward=-7.832462
Epoch: 266: 2022-04-21 03:39:37.770772
Epoch 267/1000, D_loss=0.703735, reward=-7.836261
Epoch: 267: 2022-04-21 03:39:43.313274
Epoch 268/1000, D_loss=0.707531, reward=-7.833905
Epoch: 268: 2022-04-21 03:39:48.882261
Epoch 269/1000, D_loss=0.706827, reward=-7.833489
Epoch: 269: 2022-04-21 03:39:54.553364
Epoch 270/1000, D_loss=0.706932, reward=-7.833125
Test_MRR=0.363995, Test_MR=369.697170, Test_H@10=0.609490
Epoch: 270: 2022-04-21 03:47:22.065601
Epoch 271/1000, D_loss=0.707141, reward=-7.832930
Epoch: 271: 2022-04-21 03:47:27.746571
Epoch 272/1000, D_loss=0.708747, reward=-7.830690
Epoch: 272: 2022-04-21 03:47:33.646808
Epoch 273/1000, D_loss=0.704095, reward=-7.835166
Epoch: 273: 2022-04-21 03:47:39.151337
Epoch 274/1000, D_loss=0.708401, reward=-7.828485
Epoch: 274: 2022-04-21 03:47:44.613393
Epoch 275/1000, D_loss=0.709099, reward=-7.827190
Epoch: 275: 2022-04-21 03:47:50.153286
Epoch 276/1000, D_loss=0.708399, reward=-7.829341
Epoch: 276: 2022-04-21 03:47:55.645070
Epoch 277/1000, D_loss=0.706434, reward=-7.833516
Epoch: 277: 2022-04-21 03:48:01.050104
Epoch 278/1000, D_loss=0.709794, reward=-7.828783
Epoch: 278: 2022-04-21 03:48:06.854237
Epoch 279/1000, D_loss=0.710258, reward=-7.827042
Epoch: 279: 2022-04-21 03:48:12.305126
Epoch 280/1000, D_loss=0.710971, reward=-7.826958
Test_MRR=0.365956, Test_MR=371.957080, Test_H@10=0.611380
Epoch: 280: 2022-04-21 03:55:41.410783
Epoch 281/1000, D_loss=0.710622, reward=-7.826850
Epoch: 281: 2022-04-21 03:55:47.069810
Epoch 282/1000, D_loss=0.706755, reward=-7.832202
Epoch: 282: 2022-04-21 03:55:52.744145
Epoch 283/1000, D_loss=0.708068, reward=-7.831419
Epoch: 283: 2022-04-21 03:55:58.206979
Epoch 284/1000, D_loss=0.709639, reward=-7.828754
Epoch: 284: 2022-04-21 03:56:03.834578
Epoch 285/1000, D_loss=0.711369, reward=-7.825339
Epoch: 285: 2022-04-21 03:56:09.570020
Epoch 286/1000, D_loss=0.709867, reward=-7.827549
Epoch: 286: 2022-04-21 03:56:15.239814
Epoch 287/1000, D_loss=0.708384, reward=-7.829038
Epoch: 287: 2022-04-21 03:56:21.049053
Epoch 288/1000, D_loss=0.708661, reward=-7.830199
Epoch: 288: 2022-04-21 03:56:26.726659
Epoch 289/1000, D_loss=0.706867, reward=-7.832608
Epoch: 289: 2022-04-21 03:56:32.644298
Epoch 290/1000, D_loss=0.709660, reward=-7.829098
Test_MRR=0.366941, Test_MR=371.654530, Test_H@10=0.611530
Epoch: 290: 2022-04-21 04:04:02.247051
Epoch 291/1000, D_loss=0.713349, reward=-7.822244
Epoch: 291: 2022-04-21 04:04:08.096217
Epoch 292/1000, D_loss=0.710541, reward=-7.827100
Epoch: 292: 2022-04-21 04:04:13.670326
Epoch 293/1000, D_loss=0.712370, reward=-7.822684
Epoch: 293: 2022-04-21 04:04:19.355941
Epoch 294/1000, D_loss=0.711515, reward=-7.822498
Epoch: 294: 2022-04-21 04:04:24.801932
Epoch 295/1000, D_loss=0.710869, reward=-7.823866
Epoch: 295: 2022-04-21 04:04:30.438561
Epoch 296/1000, D_loss=0.711654, reward=-7.824015
Epoch: 296: 2022-04-21 04:04:36.251705
Epoch 297/1000, D_loss=0.712064, reward=-7.824865
Epoch: 297: 2022-04-21 04:04:42.001493
Epoch 298/1000, D_loss=0.713519, reward=-7.823179
Epoch: 298: 2022-04-21 04:04:47.750955
Epoch 299/1000, D_loss=0.711157, reward=-7.825973
Epoch: 299: 2022-04-21 04:04:53.508132
Epoch 300/1000, D_loss=0.714509, reward=-7.821632
Test_MRR=0.368185, Test_MR=365.007230, Test_H@10=0.613720
Epoch: 300: 2022-04-21 04:12:18.214503
Epoch 301/1000, D_loss=0.712614, reward=-7.822527
Epoch: 301: 2022-04-21 04:12:23.869698
Epoch 302/1000, D_loss=0.712805, reward=-7.823214
Epoch: 302: 2022-04-21 04:12:29.562602
Epoch 303/1000, D_loss=0.712543, reward=-7.820906
Epoch: 303: 2022-04-21 04:12:35.221236
Epoch 304/1000, D_loss=0.712339, reward=-7.823454
Epoch: 304: 2022-04-21 04:12:40.892046
Epoch 305/1000, D_loss=0.713827, reward=-7.822311
Epoch: 305: 2022-04-21 04:12:46.546012
Epoch 306/1000, D_loss=0.713212, reward=-7.820980
Epoch: 306: 2022-04-21 04:12:51.974853
Epoch 307/1000, D_loss=0.713542, reward=-7.821301
Epoch: 307: 2022-04-21 04:12:57.621944
Epoch 308/1000, D_loss=0.714657, reward=-7.820070
Epoch: 308: 2022-04-21 04:13:03.231900
Epoch 309/1000, D_loss=0.714080, reward=-7.820589
Epoch: 309: 2022-04-21 04:13:08.713033
Epoch 310/1000, D_loss=0.715256, reward=-7.818577
Test_MRR=0.368619, Test_MR=366.577300, Test_H@10=0.615770
Epoch: 310: 2022-04-21 04:20:39.668219
Epoch 311/1000, D_loss=0.714308, reward=-7.819295
Epoch: 311: 2022-04-21 04:20:45.268992
Epoch 312/1000, D_loss=0.713409, reward=-7.820044
Epoch: 312: 2022-04-21 04:20:51.004025
Epoch 313/1000, D_loss=0.714706, reward=-7.819431
Epoch: 313: 2022-04-21 04:20:56.791581
Epoch 314/1000, D_loss=0.714052, reward=-7.819750
Epoch: 314: 2022-04-21 04:21:02.839527
Epoch 315/1000, D_loss=0.713173, reward=-7.820629
Epoch: 315: 2022-04-21 04:21:08.647698
Epoch 316/1000, D_loss=0.714480, reward=-7.818269
Epoch: 316: 2022-04-21 04:21:14.215510
Epoch 317/1000, D_loss=0.712667, reward=-7.821411
Epoch: 317: 2022-04-21 04:21:19.953163
Epoch 318/1000, D_loss=0.713956, reward=-7.818766
Epoch: 318: 2022-04-21 04:21:25.664353
Epoch 319/1000, D_loss=0.716716, reward=-7.814222
Epoch: 319: 2022-04-21 04:21:31.337398
Epoch 320/1000, D_loss=0.713605, reward=-7.819996
Test_MRR=0.369672, Test_MR=366.623980, Test_H@10=0.617130
Epoch: 320: 2022-04-21 04:28:57.052075
Epoch 321/1000, D_loss=0.715920, reward=-7.815669
Epoch: 321: 2022-04-21 04:29:02.563874
Epoch 322/1000, D_loss=0.715713, reward=-7.815642
Epoch: 322: 2022-04-21 04:29:08.325954
Epoch 323/1000, D_loss=0.716975, reward=-7.814423
Epoch: 323: 2022-04-21 04:29:14.121043
Epoch 324/1000, D_loss=0.716137, reward=-7.812683
Epoch: 324: 2022-04-21 04:29:19.761095
Epoch 325/1000, D_loss=0.715596, reward=-7.813730
Epoch: 325: 2022-04-21 04:29:25.253762
Epoch 326/1000, D_loss=0.716008, reward=-7.814303
Epoch: 326: 2022-04-21 04:29:30.979480
Epoch 327/1000, D_loss=0.717342, reward=-7.812404
Epoch: 327: 2022-04-21 04:29:36.843371
Epoch 328/1000, D_loss=0.716229, reward=-7.814384
Epoch: 328: 2022-04-21 04:29:42.369640
Epoch 329/1000, D_loss=0.715283, reward=-7.815958
Epoch: 329: 2022-04-21 04:29:47.966798
Epoch 330/1000, D_loss=0.716161, reward=-7.814659
Test_MRR=0.371140, Test_MR=370.558460, Test_H@10=0.617460
Epoch: 330: 2022-04-21 04:37:14.968575
Epoch 331/1000, D_loss=0.715695, reward=-7.813663
Epoch: 331: 2022-04-21 04:37:20.718516
Epoch 332/1000, D_loss=0.715071, reward=-7.815326
Epoch: 332: 2022-04-21 04:37:26.564017
Epoch 333/1000, D_loss=0.715786, reward=-7.811788
Epoch: 333: 2022-04-21 04:37:32.141641
Epoch 334/1000, D_loss=0.716819, reward=-7.812068
Epoch: 334: 2022-04-21 04:37:37.753982
Epoch 335/1000, D_loss=0.716533, reward=-7.812311
Epoch: 335: 2022-04-21 04:37:43.506215
Epoch 336/1000, D_loss=0.716982, reward=-7.810261
Epoch: 336: 2022-04-21 04:37:49.257556
Epoch 337/1000, D_loss=0.717507, reward=-7.810245
Epoch: 337: 2022-04-21 04:37:55.167248
Epoch 338/1000, D_loss=0.718108, reward=-7.810637
Epoch: 338: 2022-04-21 04:38:00.933973
Epoch 339/1000, D_loss=0.718182, reward=-7.807966
Epoch: 339: 2022-04-21 04:38:06.627411
Epoch 340/1000, D_loss=0.717560, reward=-7.810135
Test_MRR=0.372645, Test_MR=369.527700, Test_H@10=0.620430
Epoch: 340: 2022-04-21 04:45:31.165522
Epoch 341/1000, D_loss=0.717636, reward=-7.808437
Epoch: 341: 2022-04-21 04:45:36.872158
Epoch 342/1000, D_loss=0.718345, reward=-7.808862
Epoch: 342: 2022-04-21 04:45:42.561663
Epoch 343/1000, D_loss=0.717133, reward=-7.809594
Epoch: 343: 2022-04-21 04:45:48.117747
Epoch 344/1000, D_loss=0.716213, reward=-7.810050
Epoch: 344: 2022-04-21 04:45:53.683012
Epoch 345/1000, D_loss=0.719216, reward=-7.807596
Epoch: 345: 2022-04-21 04:45:59.553890
Epoch 346/1000, D_loss=0.717712, reward=-7.808474
Epoch: 346: 2022-04-21 04:46:05.044953
Epoch 347/1000, D_loss=0.717080, reward=-7.806873
Epoch: 347: 2022-04-21 04:46:10.558090
Epoch 348/1000, D_loss=0.717306, reward=-7.808358
Epoch: 348: 2022-04-21 04:46:16.095184
Epoch 349/1000, D_loss=0.717673, reward=-7.807450
Epoch: 349: 2022-04-21 04:46:21.965646
Epoch 350/1000, D_loss=0.717550, reward=-7.808282
Test_MRR=0.372905, Test_MR=366.761790, Test_H@10=0.620100
Epoch: 350: 2022-04-21 04:53:47.296088
Epoch 351/1000, D_loss=0.719931, reward=-7.803712
Epoch: 351: 2022-04-21 04:53:52.924029
Epoch 352/1000, D_loss=0.715965, reward=-7.807130
Epoch: 352: 2022-04-21 04:53:58.411032
Epoch 353/1000, D_loss=0.715593, reward=-7.808253
Epoch: 353: 2022-04-21 04:54:04.010670
Epoch 354/1000, D_loss=0.718622, reward=-7.804788
Epoch: 354: 2022-04-21 04:54:09.452545
Epoch 355/1000, D_loss=0.718538, reward=-7.804467
Epoch: 355: 2022-04-21 04:54:15.133840
Epoch 356/1000, D_loss=0.718333, reward=-7.804563
Epoch: 356: 2022-04-21 04:54:20.768056
Epoch 357/1000, D_loss=0.721518, reward=-7.798913
Epoch: 357: 2022-04-21 04:54:26.405900
Epoch 358/1000, D_loss=0.719219, reward=-7.801746
Epoch: 358: 2022-04-21 04:54:32.104657
Epoch 359/1000, D_loss=0.719188, reward=-7.804055
Epoch: 359: 2022-04-21 04:54:38.030791
Epoch 360/1000, D_loss=0.718029, reward=-7.804345
Test_MRR=0.375879, Test_MR=365.760000, Test_H@10=0.621540
Epoch: 360: 2022-04-21 05:02:04.668043
Epoch 361/1000, D_loss=0.717988, reward=-7.803375
Epoch: 361: 2022-04-21 05:02:10.566705
Epoch 362/1000, D_loss=0.718856, reward=-7.803806
Epoch: 362: 2022-04-21 05:02:16.647963
Epoch 363/1000, D_loss=0.720207, reward=-7.801634
Epoch: 363: 2022-04-21 05:02:22.887955
Epoch 364/1000, D_loss=0.720518, reward=-7.799995
Epoch: 364: 2022-04-21 05:02:28.681493
Epoch 365/1000, D_loss=0.718476, reward=-7.803703
Epoch: 365: 2022-04-21 05:02:34.273477
Epoch 366/1000, D_loss=0.723448, reward=-7.795617
Epoch: 366: 2022-04-21 05:02:39.786309
Epoch 367/1000, D_loss=0.718934, reward=-7.800584
Epoch: 367: 2022-04-21 05:02:45.393828
Epoch 368/1000, D_loss=0.720598, reward=-7.796893
Epoch: 368: 2022-04-21 05:02:51.147707
Epoch 369/1000, D_loss=0.718933, reward=-7.797831
Epoch: 369: 2022-04-21 05:02:56.965810
Epoch 370/1000, D_loss=0.723966, reward=-7.792043
Test_MRR=0.375205, Test_MR=366.057330, Test_H@10=0.622730
Epoch: 370: 2022-04-21 05:10:23.184124
Epoch 371/1000, D_loss=0.720277, reward=-7.797562
Epoch: 371: 2022-04-21 05:10:28.780839
Epoch 372/1000, D_loss=0.720827, reward=-7.796754
Epoch: 372: 2022-04-21 05:10:34.300197
Epoch 373/1000, D_loss=0.722232, reward=-7.793872
Epoch: 373: 2022-04-21 05:10:39.885326
Epoch 374/1000, D_loss=0.721640, reward=-7.797170
Epoch: 374: 2022-04-21 05:10:45.496442
Epoch 375/1000, D_loss=0.721160, reward=-7.796617
Epoch: 375: 2022-04-21 05:10:51.081205
Epoch 376/1000, D_loss=0.720513, reward=-7.797331
Epoch: 376: 2022-04-21 05:10:56.604108
Epoch 377/1000, D_loss=0.720752, reward=-7.794930
Epoch: 377: 2022-04-21 05:11:02.297944
Epoch 378/1000, D_loss=0.722003, reward=-7.794202
Epoch: 378: 2022-04-21 05:11:07.836479
Epoch 379/1000, D_loss=0.721211, reward=-7.794867
Epoch: 379: 2022-04-21 05:11:13.501627
Epoch 380/1000, D_loss=0.720202, reward=-7.795838
Test_MRR=0.375964, Test_MR=364.951360, Test_H@10=0.623120
Epoch: 380: 2022-04-21 05:18:38.211817
Epoch 381/1000, D_loss=0.721451, reward=-7.793363
Epoch: 381: 2022-04-21 05:18:44.009171
Epoch 382/1000, D_loss=0.720567, reward=-7.794296
Epoch: 382: 2022-04-21 05:18:50.009747
Epoch 383/1000, D_loss=0.720713, reward=-7.792113
Epoch: 383: 2022-04-21 05:18:55.806319
Epoch 384/1000, D_loss=0.722126, reward=-7.791764
Epoch: 384: 2022-04-21 05:19:01.604004
Epoch 385/1000, D_loss=0.723273, reward=-7.789926
Epoch: 385: 2022-04-21 05:19:07.378241
Epoch 386/1000, D_loss=0.722752, reward=-7.790358
Epoch: 386: 2022-04-21 05:19:13.115976
Epoch 387/1000, D_loss=0.720663, reward=-7.793517
Epoch: 387: 2022-04-21 05:19:19.331500
Epoch 388/1000, D_loss=0.723078, reward=-7.788839
Epoch: 388: 2022-04-21 05:19:25.078710
Epoch 389/1000, D_loss=0.722042, reward=-7.790611
Epoch: 389: 2022-04-21 05:19:30.679464
Epoch 390/1000, D_loss=0.723634, reward=-7.789427
Test_MRR=0.377498, Test_MR=364.830260, Test_H@10=0.625850
Epoch: 390: 2022-04-21 05:26:56.776727
Epoch 391/1000, D_loss=0.724348, reward=-7.787427
Epoch: 391: 2022-04-21 05:27:02.485571
Epoch 392/1000, D_loss=0.722214, reward=-7.790113
Epoch: 392: 2022-04-21 05:27:08.048499
Epoch 393/1000, D_loss=0.722158, reward=-7.788982
Epoch: 393: 2022-04-21 05:27:13.647369
Epoch 394/1000, D_loss=0.722892, reward=-7.786867
Epoch: 394: 2022-04-21 05:27:19.098104
Epoch 395/1000, D_loss=0.721669, reward=-7.787469
Epoch: 395: 2022-04-21 05:27:24.634019
Epoch 396/1000, D_loss=0.726250, reward=-7.781089
Epoch: 396: 2022-04-21 05:27:30.103665
Epoch 397/1000, D_loss=0.723961, reward=-7.783604
Epoch: 397: 2022-04-21 05:27:35.556241
Epoch 398/1000, D_loss=0.724227, reward=-7.783440
Epoch: 398: 2022-04-21 05:27:41.271784
Epoch 399/1000, D_loss=0.724225, reward=-7.782958
Epoch: 399: 2022-04-21 05:27:46.773415
Epoch 400/1000, D_loss=0.723276, reward=-7.782037
Test_MRR=0.377637, Test_MR=363.577240, Test_H@10=0.626210
Epoch: 400: 2022-04-21 05:35:15.468623
Epoch 401/1000, D_loss=0.723919, reward=-7.781318
Epoch: 401: 2022-04-21 05:35:21.055443
Epoch 402/1000, D_loss=0.723542, reward=-7.781496
Epoch: 402: 2022-04-21 05:35:26.590858
Epoch 403/1000, D_loss=0.723998, reward=-7.782242
Epoch: 403: 2022-04-21 05:35:32.419831
Epoch 404/1000, D_loss=0.725506, reward=-7.780108
Epoch: 404: 2022-04-21 05:35:37.846685
Epoch 405/1000, D_loss=0.729071, reward=-7.773658
Epoch: 405: 2022-04-21 05:35:43.810533
Epoch 406/1000, D_loss=0.726237, reward=-7.779024
Epoch: 406: 2022-04-21 05:35:49.401307
Epoch 407/1000, D_loss=0.724896, reward=-7.781021
Epoch: 407: 2022-04-21 05:35:54.871750
Epoch 408/1000, D_loss=0.723979, reward=-7.781905
Epoch: 408: 2022-04-21 05:36:00.514618
Epoch 409/1000, D_loss=0.725426, reward=-7.781054
Epoch: 409: 2022-04-21 05:36:06.328860
Epoch 410/1000, D_loss=0.724346, reward=-7.780392
Test_MRR=0.378336, Test_MR=362.759290, Test_H@10=0.628020
Epoch: 410: 2022-04-21 05:43:37.397316
Epoch 411/1000, D_loss=0.726010, reward=-7.779124
Epoch: 411: 2022-04-21 05:43:43.060133
Epoch 412/1000, D_loss=0.725987, reward=-7.778870
Epoch: 412: 2022-04-21 05:43:48.887334
Epoch 413/1000, D_loss=0.724945, reward=-7.778755
Epoch: 413: 2022-04-21 05:43:54.619279
Epoch 414/1000, D_loss=0.726772, reward=-7.776151
Epoch: 414: 2022-04-21 05:44:00.123596
Epoch 415/1000, D_loss=0.725807, reward=-7.777767
Epoch: 415: 2022-04-21 05:44:05.844289
Epoch 416/1000, D_loss=0.728325, reward=-7.773715
Epoch: 416: 2022-04-21 05:44:11.729639
Epoch 417/1000, D_loss=0.727091, reward=-7.775202
Epoch: 417: 2022-04-21 05:44:17.421229
Epoch 418/1000, D_loss=0.727700, reward=-7.776673
Epoch: 418: 2022-04-21 05:44:23.113608
Epoch 419/1000, D_loss=0.725557, reward=-7.776535
Epoch: 419: 2022-04-21 05:44:28.727816
Epoch 420/1000, D_loss=0.727135, reward=-7.774268
Test_MRR=0.379030, Test_MR=358.336270, Test_H@10=0.628730
Epoch: 420: 2022-04-21 05:51:56.002128
Epoch 421/1000, D_loss=0.726738, reward=-7.776463
Epoch: 421: 2022-04-21 05:52:01.676623
Epoch 422/1000, D_loss=0.727965, reward=-7.771124
Epoch: 422: 2022-04-21 05:52:07.399070
Epoch 423/1000, D_loss=0.724495, reward=-7.774848
Epoch: 423: 2022-04-21 05:52:13.216790
Epoch 424/1000, D_loss=0.726343, reward=-7.773132
Epoch: 424: 2022-04-21 05:52:19.034535
Epoch 425/1000, D_loss=0.726448, reward=-7.771103
Epoch: 425: 2022-04-21 05:52:24.734307
Epoch 426/1000, D_loss=0.728127, reward=-7.770532
Epoch: 426: 2022-04-21 05:52:30.371134
Epoch 427/1000, D_loss=0.725147, reward=-7.775757
Epoch: 427: 2022-04-21 05:52:36.165767
Epoch 428/1000, D_loss=0.727998, reward=-7.770761
Epoch: 428: 2022-04-21 05:52:41.969580
Epoch 429/1000, D_loss=0.725112, reward=-7.773770
Epoch: 429: 2022-04-21 05:52:47.825350
Epoch 430/1000, D_loss=0.727275, reward=-7.770533
Test_MRR=0.381682, Test_MR=360.713680, Test_H@10=0.630060
Epoch: 430: 2022-04-21 06:00:26.302959
Epoch 431/1000, D_loss=0.726006, reward=-7.773663
Epoch: 431: 2022-04-21 06:00:32.060685
Epoch 432/1000, D_loss=0.729011, reward=-7.768713
Epoch: 432: 2022-04-21 06:00:38.313170
Epoch 433/1000, D_loss=0.727251, reward=-7.769628
Epoch: 433: 2022-04-21 06:00:44.350276
Epoch 434/1000, D_loss=0.725674, reward=-7.773110
Epoch: 434: 2022-04-21 06:00:50.698650
Epoch 435/1000, D_loss=0.727596, reward=-7.770697
Epoch: 435: 2022-04-21 06:00:56.328982
Epoch 436/1000, D_loss=0.727995, reward=-7.770030
Epoch: 436: 2022-04-21 06:01:01.789095
Epoch 437/1000, D_loss=0.723916, reward=-7.772956
Epoch: 437: 2022-04-21 06:01:07.633937
Epoch 438/1000, D_loss=0.727778, reward=-7.769972
Epoch: 438: 2022-04-21 06:01:13.182357
Epoch 439/1000, D_loss=0.727849, reward=-7.768198
Epoch: 439: 2022-04-21 06:01:18.675649
Epoch 440/1000, D_loss=0.727224, reward=-7.768961
Test_MRR=0.383147, Test_MR=359.821400, Test_H@10=0.631120
Epoch: 440: 2022-04-21 06:08:50.561720
Epoch 441/1000, D_loss=0.727064, reward=-7.769237
Epoch: 441: 2022-04-21 06:08:56.261823
Epoch 442/1000, D_loss=0.728566, reward=-7.766579
Epoch: 442: 2022-04-21 06:09:02.287005
Epoch 443/1000, D_loss=0.729687, reward=-7.765111
Epoch: 443: 2022-04-21 06:09:07.933924
Epoch 444/1000, D_loss=0.728427, reward=-7.766573
Epoch: 444: 2022-04-21 06:09:13.678388
Epoch 445/1000, D_loss=0.728138, reward=-7.767342
Epoch: 445: 2022-04-21 06:09:19.762900
Epoch 446/1000, D_loss=0.729348, reward=-7.765527
Epoch: 446: 2022-04-21 06:09:25.234612
Epoch 447/1000, D_loss=0.727475, reward=-7.767264
Epoch: 447: 2022-04-21 06:09:31.203282
Epoch 448/1000, D_loss=0.724996, reward=-7.768381
Epoch: 448: 2022-04-21 06:09:37.043029
Epoch 449/1000, D_loss=0.726421, reward=-7.767109
Epoch: 449: 2022-04-21 06:09:42.756984
Epoch 450/1000, D_loss=0.730194, reward=-7.762072
Test_MRR=0.383149, Test_MR=360.512810, Test_H@10=0.632230
Epoch: 450: 2022-04-21 06:17:12.755714
Epoch 451/1000, D_loss=0.729026, reward=-7.760518
Epoch: 451: 2022-04-21 06:17:18.246367
Epoch 452/1000, D_loss=0.728290, reward=-7.764161
Epoch: 452: 2022-04-21 06:17:23.865892
Epoch 453/1000, D_loss=0.727581, reward=-7.765772
Epoch: 453: 2022-04-21 06:17:29.428496
Epoch 454/1000, D_loss=0.729603, reward=-7.760972
Epoch: 454: 2022-04-21 06:17:35.282008
Epoch 455/1000, D_loss=0.731084, reward=-7.759832
Epoch: 455: 2022-04-21 06:17:40.816161
Epoch 456/1000, D_loss=0.729364, reward=-7.763003
Epoch: 456: 2022-04-21 06:17:46.664016
Epoch 457/1000, D_loss=0.729710, reward=-7.760707
Epoch: 457: 2022-04-21 06:17:52.347684
Epoch 458/1000, D_loss=0.728135, reward=-7.764827
Epoch: 458: 2022-04-21 06:17:57.991739
Epoch 459/1000, D_loss=0.729641, reward=-7.762510
Epoch: 459: 2022-04-21 06:18:03.942314
Epoch 460/1000, D_loss=0.727076, reward=-7.764539
Test_MRR=0.385082, Test_MR=357.513940, Test_H@10=0.632550
Epoch: 460: 2022-04-21 06:25:26.602540
Epoch 461/1000, D_loss=0.732938, reward=-7.756648
Epoch: 461: 2022-04-21 06:25:32.232531
Epoch 462/1000, D_loss=0.733055, reward=-7.756372
Epoch: 462: 2022-04-21 06:25:37.979483
Epoch 463/1000, D_loss=0.731128, reward=-7.757311
Epoch: 463: 2022-04-21 06:25:43.449939
Epoch 464/1000, D_loss=0.731088, reward=-7.758498
Epoch: 464: 2022-04-21 06:25:48.994913
Epoch 465/1000, D_loss=0.730688, reward=-7.757882
Epoch: 465: 2022-04-21 06:25:54.836577
Epoch 466/1000, D_loss=0.727258, reward=-7.759742
Epoch: 466: 2022-04-21 06:26:00.395432
Epoch 467/1000, D_loss=0.730185, reward=-7.755044
Epoch: 467: 2022-04-21 06:26:05.941470
Epoch 468/1000, D_loss=0.728702, reward=-7.758879
Epoch: 468: 2022-04-21 06:26:11.696088
Epoch 469/1000, D_loss=0.729381, reward=-7.759506
Epoch: 469: 2022-04-21 06:26:17.525650
Epoch 470/1000, D_loss=0.729694, reward=-7.756588
Test_MRR=0.385873, Test_MR=356.524610, Test_H@10=0.634240
Epoch: 470: 2022-04-21 06:33:52.002613
Epoch 471/1000, D_loss=0.728400, reward=-7.758395
Epoch: 471: 2022-04-21 06:33:58.186408
Epoch 472/1000, D_loss=0.731108, reward=-7.755625
Epoch: 472: 2022-04-21 06:34:03.779476
Epoch 473/1000, D_loss=0.729739, reward=-7.757258
Epoch: 473: 2022-04-21 06:34:09.334075
Epoch 474/1000, D_loss=0.730464, reward=-7.755999
Epoch: 474: 2022-04-21 06:34:14.873494
Epoch 475/1000, D_loss=0.731981, reward=-7.753166
Epoch: 475: 2022-04-21 06:34:20.481706
Epoch 476/1000, D_loss=0.729755, reward=-7.756835
Epoch: 476: 2022-04-21 06:34:25.951234
Epoch 477/1000, D_loss=0.729833, reward=-7.756098
Epoch: 477: 2022-04-21 06:34:31.739070
Epoch 478/1000, D_loss=0.730323, reward=-7.756667
Epoch: 478: 2022-04-21 06:34:37.221987
Epoch 479/1000, D_loss=0.731619, reward=-7.753645
Epoch: 479: 2022-04-21 06:34:43.009905
Epoch 480/1000, D_loss=0.733857, reward=-7.751122
Test_MRR=0.386905, Test_MR=358.357550, Test_H@10=0.636970
Epoch: 480: 2022-04-21 06:42:08.769065
Epoch 481/1000, D_loss=0.729313, reward=-7.756228
Epoch: 481: 2022-04-21 06:42:14.405196
Epoch 482/1000, D_loss=0.735029, reward=-7.746833
Epoch: 482: 2022-04-21 06:42:20.272025
Epoch 483/1000, D_loss=0.731165, reward=-7.751209
Epoch: 483: 2022-04-21 06:42:25.856281
Epoch 484/1000, D_loss=0.731122, reward=-7.749891
Epoch: 484: 2022-04-21 06:42:31.659838
Epoch 485/1000, D_loss=0.729007, reward=-7.754746
Epoch: 485: 2022-04-21 06:42:37.426318
Epoch 486/1000, D_loss=0.735465, reward=-7.744582
Epoch: 486: 2022-04-21 06:42:43.502371
Epoch 487/1000, D_loss=0.733135, reward=-7.750043
Epoch: 487: 2022-04-21 06:42:49.037186
Epoch 488/1000, D_loss=0.733195, reward=-7.749263
Epoch: 488: 2022-04-21 06:42:54.640914
Epoch 489/1000, D_loss=0.731577, reward=-7.750555
Epoch: 489: 2022-04-21 06:43:00.238636
Epoch 490/1000, D_loss=0.733879, reward=-7.747598
Test_MRR=0.386801, Test_MR=359.498970, Test_H@10=0.637210
Epoch: 490: 2022-04-21 06:50:32.888260
Epoch 491/1000, D_loss=0.732122, reward=-7.748512
Epoch: 491: 2022-04-21 06:50:38.577679
Epoch 492/1000, D_loss=0.734094, reward=-7.744718
Epoch: 492: 2022-04-21 06:50:44.500443
Epoch 493/1000, D_loss=0.731458, reward=-7.748123
Epoch: 493: 2022-04-21 06:50:50.583223
Epoch 494/1000, D_loss=0.732946, reward=-7.745703
Epoch: 494: 2022-04-21 06:50:56.387958
Epoch 495/1000, D_loss=0.734131, reward=-7.744070
Epoch: 495: 2022-04-21 06:51:02.445495
Epoch 496/1000, D_loss=0.731450, reward=-7.747167
Epoch: 496: 2022-04-21 06:51:08.023343
Epoch 497/1000, D_loss=0.732097, reward=-7.746469
Epoch: 497: 2022-04-21 06:51:13.534748
Epoch 498/1000, D_loss=0.732291, reward=-7.744827
Epoch: 498: 2022-04-21 06:51:19.234697
Epoch 499/1000, D_loss=0.734105, reward=-7.742240
Epoch: 499: 2022-04-21 06:51:24.788294
Epoch 500/1000, D_loss=0.733727, reward=-7.742801
Test_MRR=0.388354, Test_MR=354.994940, Test_H@10=0.637710
Epoch: 500: 2022-04-21 06:58:56.799044
Epoch 501/1000, D_loss=0.730918, reward=-7.745323
Epoch: 501: 2022-04-21 06:59:02.777296
Epoch 502/1000, D_loss=0.735518, reward=-7.737913
Epoch: 502: 2022-04-21 06:59:08.667286
Epoch 503/1000, D_loss=0.731424, reward=-7.742143
Epoch: 503: 2022-04-21 06:59:14.516749
Epoch 504/1000, D_loss=0.732406, reward=-7.739494
Epoch: 504: 2022-04-21 06:59:20.190829
Epoch 505/1000, D_loss=0.731443, reward=-7.738971
Epoch: 505: 2022-04-21 06:59:26.095385
Epoch 506/1000, D_loss=0.735097, reward=-7.730142
Epoch: 506: 2022-04-21 06:59:31.916794
Epoch 507/1000, D_loss=0.735341, reward=-7.725633
Epoch: 507: 2022-04-21 06:59:37.668280
Epoch 508/1000, D_loss=0.731259, reward=-7.730278
Epoch: 508: 2022-04-21 06:59:43.322605
Epoch 509/1000, D_loss=0.731107, reward=-7.728447
Epoch: 509: 2022-04-21 06:59:48.827261
Epoch 510/1000, D_loss=0.731470, reward=-7.730052
Test_MRR=0.389101, Test_MR=353.703860, Test_H@10=0.638450
Epoch: 510: 2022-04-21 07:07:15.396049
Epoch 511/1000, D_loss=0.732805, reward=-7.725884
Epoch: 511: 2022-04-21 07:07:21.200172
Epoch 512/1000, D_loss=0.733538, reward=-7.723021
Epoch: 512: 2022-04-21 07:07:26.720353
Epoch 513/1000, D_loss=0.733068, reward=-7.725099
Epoch: 513: 2022-04-21 07:07:32.501657
Epoch 514/1000, D_loss=0.734999, reward=-7.722931
Epoch: 514: 2022-04-21 07:07:38.015781
Epoch 515/1000, D_loss=0.731458, reward=-7.728864
Epoch: 515: 2022-04-21 07:07:43.742049
Epoch 516/1000, D_loss=0.733524, reward=-7.722741
Epoch: 516: 2022-04-21 07:07:49.430616
Epoch 517/1000, D_loss=0.734272, reward=-7.722932
Epoch: 517: 2022-04-21 07:07:55.188242
Epoch 518/1000, D_loss=0.734104, reward=-7.722907
Epoch: 518: 2022-04-21 07:08:00.829604
Epoch 519/1000, D_loss=0.733167, reward=-7.724646
Epoch: 519: 2022-04-21 07:08:06.333464
Epoch 520/1000, D_loss=0.733199, reward=-7.724305
Test_MRR=0.388733, Test_MR=351.789920, Test_H@10=0.641050
Epoch: 520: 2022-04-21 07:15:35.436859
Epoch 521/1000, D_loss=0.734342, reward=-7.722362
Epoch: 521: 2022-04-21 07:15:40.904428
Epoch 522/1000, D_loss=0.732337, reward=-7.725687
Epoch: 522: 2022-04-21 07:15:46.688375
Epoch 523/1000, D_loss=0.732550, reward=-7.724930
Epoch: 523: 2022-04-21 07:15:52.294272
Epoch 524/1000, D_loss=0.732283, reward=-7.723440
Epoch: 524: 2022-04-21 07:15:58.012172
Epoch 525/1000, D_loss=0.736253, reward=-7.717559
Epoch: 525: 2022-04-21 07:16:03.758103
Epoch 526/1000, D_loss=0.734085, reward=-7.721349
Epoch: 526: 2022-04-21 07:16:09.454591
Epoch 527/1000, D_loss=0.733890, reward=-7.721251
Epoch: 527: 2022-04-21 07:16:15.510784
Epoch 528/1000, D_loss=0.734435, reward=-7.719744
Epoch: 528: 2022-04-21 07:16:21.156547
Epoch 529/1000, D_loss=0.735182, reward=-7.719935
Epoch: 529: 2022-04-21 07:16:26.618856
Epoch 530/1000, D_loss=0.733325, reward=-7.719554
Test_MRR=0.390000, Test_MR=347.297060, Test_H@10=0.641610
Epoch: 530: 2022-04-21 07:23:45.478115
Epoch 531/1000, D_loss=0.736275, reward=-7.713778
Epoch: 531: 2022-04-21 07:23:51.303810
Epoch 532/1000, D_loss=0.734692, reward=-7.717024
Epoch: 532: 2022-04-21 07:23:56.898045
Epoch 533/1000, D_loss=0.734196, reward=-7.717727
Epoch: 533: 2022-04-21 07:24:02.704511
Epoch 534/1000, D_loss=0.735024, reward=-7.714333
Epoch: 534: 2022-04-21 07:24:08.355162
Epoch 535/1000, D_loss=0.737016, reward=-7.711852
Epoch: 535: 2022-04-21 07:24:14.024978
Epoch 536/1000, D_loss=0.734797, reward=-7.716141
Epoch: 536: 2022-04-21 07:24:19.945539
Epoch 537/1000, D_loss=0.734010, reward=-7.715215
Epoch: 537: 2022-04-21 07:24:25.913909
Epoch 538/1000, D_loss=0.732812, reward=-7.719365
Epoch: 538: 2022-04-21 07:24:31.390286
Epoch 539/1000, D_loss=0.736084, reward=-7.713475
Epoch: 539: 2022-04-21 07:24:36.833112
Epoch 540/1000, D_loss=0.735714, reward=-7.714888
Test_MRR=0.392543, Test_MR=343.595310, Test_H@10=0.642590
Epoch: 540: 2022-04-21 07:32:08.115507
Epoch 541/1000, D_loss=0.734774, reward=-7.714500
Epoch: 541: 2022-04-21 07:32:13.765158
Epoch 542/1000, D_loss=0.733862, reward=-7.714112
Epoch: 542: 2022-04-21 07:32:19.186565
Epoch 543/1000, D_loss=0.734239, reward=-7.715522
Epoch: 543: 2022-04-21 07:32:24.636513
Epoch 544/1000, D_loss=0.736008, reward=-7.712897
Epoch: 544: 2022-04-21 07:32:30.664518
Epoch 545/1000, D_loss=0.735701, reward=-7.713372
Epoch: 545: 2022-04-21 07:32:36.278540
Epoch 546/1000, D_loss=0.736330, reward=-7.711246
Epoch: 546: 2022-04-21 07:32:41.789510
Epoch 547/1000, D_loss=0.735800, reward=-7.711186
Epoch: 547: 2022-04-21 07:32:47.303043
Epoch 548/1000, D_loss=0.736829, reward=-7.710301
Epoch: 548: 2022-04-21 07:32:52.876215
Epoch 549/1000, D_loss=0.733712, reward=-7.714111
Epoch: 549: 2022-04-21 07:32:58.610158
Epoch 550/1000, D_loss=0.736478, reward=-7.708802
Test_MRR=0.391691, Test_MR=341.798150, Test_H@10=0.643620
Epoch: 550: 2022-04-21 07:40:20.477018
Epoch 551/1000, D_loss=0.734896, reward=-7.712267
Epoch: 551: 2022-04-21 07:40:25.936606
Epoch 552/1000, D_loss=0.734702, reward=-7.710342
Epoch: 552: 2022-04-21 07:40:31.727788
Epoch 553/1000, D_loss=0.733526, reward=-7.712214
Epoch: 553: 2022-04-21 07:40:37.159706
Epoch 554/1000, D_loss=0.735258, reward=-7.711766
Epoch: 554: 2022-04-21 07:40:42.827546
Epoch 555/1000, D_loss=0.732871, reward=-7.714110
Epoch: 555: 2022-04-21 07:40:48.837072
Epoch 556/1000, D_loss=0.737316, reward=-7.706137
Epoch: 556: 2022-04-21 07:40:54.319927
Epoch 557/1000, D_loss=0.736331, reward=-7.710227
Epoch: 557: 2022-04-21 07:40:59.881265
Epoch 558/1000, D_loss=0.735688, reward=-7.710357
Epoch: 558: 2022-04-21 07:41:05.445308
Epoch 559/1000, D_loss=0.736442, reward=-7.708181
Epoch: 559: 2022-04-21 07:41:11.090676
Epoch 560/1000, D_loss=0.738498, reward=-7.706598
Test_MRR=0.393687, Test_MR=343.299770, Test_H@10=0.643930
Epoch: 560: 2022-04-21 07:48:39.188293
Epoch 561/1000, D_loss=0.739395, reward=-7.703878
Epoch: 561: 2022-04-21 07:48:44.695766
Epoch 562/1000, D_loss=0.738715, reward=-7.704372
Epoch: 562: 2022-04-21 07:48:50.446168
Epoch 563/1000, D_loss=0.736220, reward=-7.709697
Epoch: 563: 2022-04-21 07:48:56.310126
Epoch 564/1000, D_loss=0.737217, reward=-7.707592
Epoch: 564: 2022-04-21 07:49:02.190564
Epoch 565/1000, D_loss=0.738723, reward=-7.704673
Epoch: 565: 2022-04-21 07:49:07.889487
Epoch 566/1000, D_loss=0.735808, reward=-7.709533
Epoch: 566: 2022-04-21 07:49:13.355129
Epoch 567/1000, D_loss=0.736769, reward=-7.708946
Epoch: 567: 2022-04-21 07:49:18.900673
Epoch 568/1000, D_loss=0.738099, reward=-7.706178
Epoch: 568: 2022-04-21 07:49:24.624446
Epoch 569/1000, D_loss=0.736587, reward=-7.705736
Epoch: 569: 2022-04-21 07:49:30.468463
Epoch 570/1000, D_loss=0.736230, reward=-7.706264
Test_MRR=0.393978, Test_MR=345.955660, Test_H@10=0.644250
Epoch: 570: 2022-04-21 07:57:06.030083
Epoch 571/1000, D_loss=0.741323, reward=-7.699683
Epoch: 571: 2022-04-21 07:57:12.097755
Epoch 572/1000, D_loss=0.737404, reward=-7.703775
Epoch: 572: 2022-04-21 07:57:18.173605
Epoch 573/1000, D_loss=0.739103, reward=-7.702480
Epoch: 573: 2022-04-21 07:57:24.344133
Epoch 574/1000, D_loss=0.735354, reward=-7.706127
Epoch: 574: 2022-04-21 07:57:30.348529
Epoch 575/1000, D_loss=0.738257, reward=-7.702423
Epoch: 575: 2022-04-21 07:57:36.269922
Epoch 576/1000, D_loss=0.738479, reward=-7.703163
Epoch: 576: 2022-04-21 07:57:42.016672
Epoch 577/1000, D_loss=0.735983, reward=-7.707656
Epoch: 577: 2022-04-21 07:57:47.620665
Epoch 578/1000, D_loss=0.736814, reward=-7.704737
Epoch: 578: 2022-04-21 07:57:53.602497
Epoch 579/1000, D_loss=0.735235, reward=-7.707574
Epoch: 579: 2022-04-21 07:57:59.239217
Epoch 580/1000, D_loss=0.737413, reward=-7.704873
Test_MRR=0.396185, Test_MR=343.497970, Test_H@10=0.646400
Epoch: 580: 2022-04-21 08:05:16.353215
Epoch 581/1000, D_loss=0.736714, reward=-7.704860
Epoch: 581: 2022-04-21 08:05:22.107707
Epoch 582/1000, D_loss=0.738453, reward=-7.701573
Epoch: 582: 2022-04-21 08:05:27.818472
Epoch 583/1000, D_loss=0.737617, reward=-7.703609
Epoch: 583: 2022-04-21 08:05:33.408403
Epoch 584/1000, D_loss=0.736969, reward=-7.702739
Epoch: 584: 2022-04-21 08:05:39.156588
Epoch 585/1000, D_loss=0.737411, reward=-7.703520
Epoch: 585: 2022-04-21 08:05:45.149775
Epoch 586/1000, D_loss=0.734866, reward=-7.706133
Epoch: 586: 2022-04-21 08:05:50.853086
Epoch 587/1000, D_loss=0.738333, reward=-7.700998
Epoch: 587: 2022-04-21 08:05:56.591236
Epoch 588/1000, D_loss=0.736131, reward=-7.704980
Epoch: 588: 2022-04-21 08:06:02.270026
Epoch 589/1000, D_loss=0.741626, reward=-7.695425
Epoch: 589: 2022-04-21 08:06:07.948887
Epoch 590/1000, D_loss=0.736744, reward=-7.701799
Test_MRR=0.396478, Test_MR=347.279620, Test_H@10=0.645730
Epoch: 590: 2022-04-21 08:13:38.234162
Epoch 591/1000, D_loss=0.737019, reward=-7.701080
Epoch: 591: 2022-04-21 08:13:44.177614
Epoch 592/1000, D_loss=0.738445, reward=-7.698431
Epoch: 592: 2022-04-21 08:13:49.685640
Epoch 593/1000, D_loss=0.737966, reward=-7.700484
Epoch: 593: 2022-04-21 08:13:55.344779
Epoch 594/1000, D_loss=0.737528, reward=-7.700006
Epoch: 594: 2022-04-21 08:14:00.802285
Epoch 595/1000, D_loss=0.737247, reward=-7.699112
Epoch: 595: 2022-04-21 08:14:06.390865
Epoch 596/1000, D_loss=0.737564, reward=-7.698988
Epoch: 596: 2022-04-21 08:14:11.986095
Epoch 597/1000, D_loss=0.739066, reward=-7.696443
Epoch: 597: 2022-04-21 08:14:18.030059
Epoch 598/1000, D_loss=0.738341, reward=-7.699993
Epoch: 598: 2022-04-21 08:14:23.684249
Epoch 599/1000, D_loss=0.735109, reward=-7.701895
Epoch: 599: 2022-04-21 08:14:29.320054
Epoch 600/1000, D_loss=0.737545, reward=-7.699341
Test_MRR=0.397567, Test_MR=342.445930, Test_H@10=0.646660
Epoch: 600: 2022-04-21 08:21:49.977829
Epoch 601/1000, D_loss=0.738542, reward=-7.696830
Epoch: 601: 2022-04-21 08:21:55.961563
Epoch 602/1000, D_loss=0.737061, reward=-7.699950
Epoch: 602: 2022-04-21 08:22:01.593295
Epoch 603/1000, D_loss=0.739021, reward=-7.694954
Epoch: 603: 2022-04-21 08:22:07.433634
Epoch 604/1000, D_loss=0.736900, reward=-7.697345
Epoch: 604: 2022-04-21 08:22:13.331114
Epoch 605/1000, D_loss=0.737521, reward=-7.697941
Epoch: 605: 2022-04-21 08:22:18.998825
Epoch 606/1000, D_loss=0.739931, reward=-7.693927
Epoch: 606: 2022-04-21 08:22:24.544252
Epoch 607/1000, D_loss=0.737192, reward=-7.697256
Epoch: 607: 2022-04-21 08:22:30.253883
Epoch 608/1000, D_loss=0.737594, reward=-7.698006
Epoch: 608: 2022-04-21 08:22:36.566652
Epoch 609/1000, D_loss=0.740970, reward=-7.694308
Epoch: 609: 2022-04-21 08:22:42.192544
Epoch 610/1000, D_loss=0.740619, reward=-7.693346
Test_MRR=0.397710, Test_MR=344.716820, Test_H@10=0.648080
Epoch: 610: 2022-04-21 08:30:15.450976
Epoch 611/1000, D_loss=0.739943, reward=-7.695769
Epoch: 611: 2022-04-21 08:30:21.425436
Epoch 612/1000, D_loss=0.736907, reward=-7.698237
Epoch: 612: 2022-04-21 08:30:27.064060
Epoch 613/1000, D_loss=0.738669, reward=-7.694480
Epoch: 613: 2022-04-21 08:30:32.749253
Epoch 614/1000, D_loss=0.738666, reward=-7.695236
Epoch: 614: 2022-04-21 08:30:38.456888
Epoch 615/1000, D_loss=0.741900, reward=-7.692576
Epoch: 615: 2022-04-21 08:30:44.210644
Epoch 616/1000, D_loss=0.739234, reward=-7.695039
Epoch: 616: 2022-04-21 08:30:50.172049
Epoch 617/1000, D_loss=0.738244, reward=-7.694607
Epoch: 617: 2022-04-21 08:30:55.770281
Epoch 618/1000, D_loss=0.740212, reward=-7.692285
Epoch: 618: 2022-04-21 08:31:01.368951
Epoch 619/1000, D_loss=0.741281, reward=-7.689514
Epoch: 619: 2022-04-21 08:31:06.899467
Epoch 620/1000, D_loss=0.740372, reward=-7.691260
Test_MRR=0.399987, Test_MR=340.849700, Test_H@10=0.647550
Epoch: 620: 2022-04-21 08:38:30.105684
Epoch 621/1000, D_loss=0.739509, reward=-7.693590
Epoch: 621: 2022-04-21 08:38:35.606028
Epoch 622/1000, D_loss=0.738301, reward=-7.694011
Epoch: 622: 2022-04-21 08:38:41.109176
Epoch 623/1000, D_loss=0.738708, reward=-7.694184
Epoch: 623: 2022-04-21 08:38:47.180916
Epoch 624/1000, D_loss=0.738951, reward=-7.693305
Epoch: 624: 2022-04-21 08:38:53.103864
Epoch 625/1000, D_loss=0.738752, reward=-7.693561
Epoch: 625: 2022-04-21 08:38:59.106156
Epoch 626/1000, D_loss=0.740825, reward=-7.689613
Epoch: 626: 2022-04-21 08:39:04.926968
Epoch 627/1000, D_loss=0.739955, reward=-7.691839
Epoch: 627: 2022-04-21 08:39:10.573930
Epoch 628/1000, D_loss=0.739515, reward=-7.691413
Epoch: 628: 2022-04-21 08:39:16.170670
Epoch 629/1000, D_loss=0.738747, reward=-7.693603
Epoch: 629: 2022-04-21 08:39:21.933060
Epoch 630/1000, D_loss=0.739062, reward=-7.693107
Test_MRR=0.401445, Test_MR=340.001330, Test_H@10=0.648580
Epoch: 630: 2022-04-21 08:46:49.595073
Epoch 631/1000, D_loss=0.740482, reward=-7.689019
Epoch: 631: 2022-04-21 08:46:55.509934
Epoch 632/1000, D_loss=0.741657, reward=-7.687665
Epoch: 632: 2022-04-21 08:47:01.327588
Epoch 633/1000, D_loss=0.739368, reward=-7.690002
Epoch: 633: 2022-04-21 08:47:06.875462
Epoch 634/1000, D_loss=0.741118, reward=-7.688538
Epoch: 634: 2022-04-21 08:47:12.750345
Epoch 635/1000, D_loss=0.739971, reward=-7.689538
Epoch: 635: 2022-04-21 08:47:18.305337
Epoch 636/1000, D_loss=0.738208, reward=-7.692636
Epoch: 636: 2022-04-21 08:47:23.864758
Epoch 637/1000, D_loss=0.739345, reward=-7.690769
Epoch: 637: 2022-04-21 08:47:29.556043
Epoch 638/1000, D_loss=0.737987, reward=-7.691990
Epoch: 638: 2022-04-21 08:47:35.309994
Epoch 639/1000, D_loss=0.737598, reward=-7.691018
Epoch: 639: 2022-04-21 08:47:40.949421
Epoch 640/1000, D_loss=0.741912, reward=-7.685481
Test_MRR=0.400351, Test_MR=338.364490, Test_H@10=0.649360
Epoch: 640: 2022-04-21 08:55:03.882523
Epoch 641/1000, D_loss=0.737451, reward=-7.691717
Epoch: 641: 2022-04-21 08:55:09.912581
Epoch 642/1000, D_loss=0.739116, reward=-7.690123
Epoch: 642: 2022-04-21 08:55:15.634759
Epoch 643/1000, D_loss=0.740723, reward=-7.688095
Epoch: 643: 2022-04-21 08:55:21.385315
Epoch 644/1000, D_loss=0.739928, reward=-7.688797
Epoch: 644: 2022-04-21 08:55:27.302366
Epoch 645/1000, D_loss=0.741827, reward=-7.687312
Epoch: 645: 2022-04-21 08:55:33.053488
Epoch 646/1000, D_loss=0.738146, reward=-7.692270
Epoch: 646: 2022-04-21 08:55:39.095478
Epoch 647/1000, D_loss=0.742700, reward=-7.685739
Epoch: 647: 2022-04-21 08:55:45.058626
Epoch 648/1000, D_loss=0.741499, reward=-7.686171
Epoch: 648: 2022-04-21 08:55:50.913724
Epoch 649/1000, D_loss=0.742069, reward=-7.684882
Epoch: 649: 2022-04-21 08:55:56.690828
Epoch 650/1000, D_loss=0.741592, reward=-7.684577
Test_MRR=0.400944, Test_MR=342.001650, Test_H@10=0.649810
Epoch: 650: 2022-04-21 09:03:15.361040
Epoch 651/1000, D_loss=0.740297, reward=-7.686408
Epoch: 651: 2022-04-21 09:03:21.286200
Epoch 652/1000, D_loss=0.740498, reward=-7.685099
Epoch: 652: 2022-04-21 09:03:27.217090
Epoch 653/1000, D_loss=0.738999, reward=-7.686395
Epoch: 653: 2022-04-21 09:03:32.935713
Epoch 654/1000, D_loss=0.743726, reward=-7.681182
Epoch: 654: 2022-04-21 09:03:38.555642
Epoch 655/1000, D_loss=0.741581, reward=-7.682669
Epoch: 655: 2022-04-21 09:03:44.687536
Epoch 656/1000, D_loss=0.739202, reward=-7.686256
Epoch: 656: 2022-04-21 09:03:50.519892
Epoch 657/1000, D_loss=0.740787, reward=-7.683833
Epoch: 657: 2022-04-21 09:03:56.017988
Epoch 658/1000, D_loss=0.742107, reward=-7.682758
Epoch: 658: 2022-04-21 09:04:01.825196
Epoch 659/1000, D_loss=0.740207, reward=-7.685372
Epoch: 659: 2022-04-21 09:04:07.517185
Epoch 660/1000, D_loss=0.740596, reward=-7.682823
Test_MRR=0.402583, Test_MR=335.768130, Test_H@10=0.650440
Epoch: 660: 2022-04-21 09:11:41.138421
Epoch 661/1000, D_loss=0.739395, reward=-7.685219
Epoch: 661: 2022-04-21 09:11:46.842678
Epoch 662/1000, D_loss=0.740037, reward=-7.685340
Epoch: 662: 2022-04-21 09:11:52.630398
Epoch 663/1000, D_loss=0.737376, reward=-7.688265
Epoch: 663: 2022-04-21 09:11:58.457877
Epoch 664/1000, D_loss=0.744350, reward=-7.678881
Epoch: 664: 2022-04-21 09:12:04.511628
Epoch 665/1000, D_loss=0.739195, reward=-7.686606
Epoch: 665: 2022-04-21 09:12:10.006911
Epoch 666/1000, D_loss=0.743752, reward=-7.680195
Epoch: 666: 2022-04-21 09:12:15.444409
Epoch 667/1000, D_loss=0.740661, reward=-7.682546
Epoch: 667: 2022-04-21 09:12:21.159832
Epoch 668/1000, D_loss=0.743095, reward=-7.679282
Epoch: 668: 2022-04-21 09:12:27.032077
Epoch 669/1000, D_loss=0.740314, reward=-7.683794
Epoch: 669: 2022-04-21 09:12:33.095125
Epoch 670/1000, D_loss=0.742277, reward=-7.680429
Test_MRR=0.401444, Test_MR=340.761070, Test_H@10=0.650500
Epoch: 670: 2022-04-21 09:19:58.046873
Epoch 671/1000, D_loss=0.742015, reward=-7.680323
Epoch: 671: 2022-04-21 09:20:03.997118
Epoch 672/1000, D_loss=0.744614, reward=-7.677757
Epoch: 672: 2022-04-21 09:20:09.451384
Epoch 673/1000, D_loss=0.742386, reward=-7.676836
Epoch: 673: 2022-04-21 09:20:15.045756
Epoch 674/1000, D_loss=0.740686, reward=-7.680509
Epoch: 674: 2022-04-21 09:20:20.466811
Epoch 675/1000, D_loss=0.741797, reward=-7.679784
Epoch: 675: 2022-04-21 09:20:25.897256
Epoch 676/1000, D_loss=0.744490, reward=-7.677033
Epoch: 676: 2022-04-21 09:20:31.407323
Epoch 677/1000, D_loss=0.744276, reward=-7.677226
Epoch: 677: 2022-04-21 09:20:36.974096
Epoch 678/1000, D_loss=0.740386, reward=-7.681685
Epoch: 678: 2022-04-21 09:20:42.721385
Epoch 679/1000, D_loss=0.743043, reward=-7.678123
Epoch: 679: 2022-04-21 09:20:48.164776
Epoch 680/1000, D_loss=0.740390, reward=-7.681901
Test_MRR=0.401781, Test_MR=335.932400, Test_H@10=0.650390
Epoch: 680: 2022-04-21 09:28:15.524269
Epoch 681/1000, D_loss=0.741017, reward=-7.681359
Epoch: 681: 2022-04-21 09:28:21.343454
Epoch 682/1000, D_loss=0.740565, reward=-7.681524
Epoch: 682: 2022-04-21 09:28:27.077258
Epoch 683/1000, D_loss=0.740724, reward=-7.680980
Epoch: 683: 2022-04-21 09:28:32.909886
Epoch 684/1000, D_loss=0.741406, reward=-7.678624
Epoch: 684: 2022-04-21 09:28:38.667187
Epoch 685/1000, D_loss=0.742685, reward=-7.677045
Epoch: 685: 2022-04-21 09:28:44.110649
Epoch 686/1000, D_loss=0.744543, reward=-7.673789
Epoch: 686: 2022-04-21 09:28:49.573803
Epoch 687/1000, D_loss=0.741679, reward=-7.678634
Epoch: 687: 2022-04-21 09:28:55.135174
Epoch 688/1000, D_loss=0.741714, reward=-7.679427
Epoch: 688: 2022-04-21 09:29:00.811443
Epoch 689/1000, D_loss=0.742186, reward=-7.678053
Epoch: 689: 2022-04-21 09:29:06.424608
Epoch 690/1000, D_loss=0.744061, reward=-7.675218
Test_MRR=0.403531, Test_MR=338.307850, Test_H@10=0.651350
Epoch: 690: 2022-04-21 09:36:34.091736
Epoch 691/1000, D_loss=0.741886, reward=-7.676365
Epoch: 691: 2022-04-21 09:36:39.573687
Epoch 692/1000, D_loss=0.742735, reward=-7.675613
Epoch: 692: 2022-04-21 09:36:45.243409
Epoch 693/1000, D_loss=0.743102, reward=-7.674083
Epoch: 693: 2022-04-21 09:36:50.999410
Epoch 694/1000, D_loss=0.742556, reward=-7.675320
Epoch: 694: 2022-04-21 09:36:56.598144
Epoch 695/1000, D_loss=0.743791, reward=-7.673689
Epoch: 695: 2022-04-21 09:37:02.239171
Epoch 696/1000, D_loss=0.742740, reward=-7.675170
Epoch: 696: 2022-04-21 09:37:07.724354
Epoch 697/1000, D_loss=0.744190, reward=-7.673520
Epoch: 697: 2022-04-21 09:37:13.695502
Epoch 698/1000, D_loss=0.741104, reward=-7.676693
Epoch: 698: 2022-04-21 09:37:19.260970
Epoch 699/1000, D_loss=0.741637, reward=-7.677207
Epoch: 699: 2022-04-21 09:37:25.014982
Epoch 700/1000, D_loss=0.741872, reward=-7.675116
Test_MRR=0.404016, Test_MR=331.510400, Test_H@10=0.651170
Epoch: 700: 2022-04-21 09:44:54.370060
Epoch 701/1000, D_loss=0.744899, reward=-7.672414
Epoch: 701: 2022-04-21 09:45:00.122121
Epoch 702/1000, D_loss=0.744506, reward=-7.672643
Epoch: 702: 2022-04-21 09:45:05.633603
Epoch 703/1000, D_loss=0.741003, reward=-7.674660
Epoch: 703: 2022-04-21 09:45:11.088925
Epoch 704/1000, D_loss=0.743502, reward=-7.671547
Epoch: 704: 2022-04-21 09:45:16.850153
Epoch 705/1000, D_loss=0.744314, reward=-7.670766
Epoch: 705: 2022-04-21 09:45:22.402905
Epoch 706/1000, D_loss=0.744228, reward=-7.669014
Epoch: 706: 2022-04-21 09:45:28.043109
Epoch 707/1000, D_loss=0.745197, reward=-7.668712
Epoch: 707: 2022-04-21 09:45:33.701368
Epoch 708/1000, D_loss=0.743126, reward=-7.672272
Epoch: 708: 2022-04-21 09:45:39.721553
Epoch 709/1000, D_loss=0.746450, reward=-7.668116
Epoch: 709: 2022-04-21 09:45:45.499300
Epoch 710/1000, D_loss=0.744380, reward=-7.672833
Test_MRR=0.407276, Test_MR=336.288650, Test_H@10=0.650750
Epoch: 710: 2022-04-21 09:53:08.591743
Epoch 711/1000, D_loss=0.745022, reward=-7.670584
Epoch: 711: 2022-04-21 09:53:14.604015
Epoch 712/1000, D_loss=0.745993, reward=-7.670825
Epoch: 712: 2022-04-21 09:53:20.691188
Epoch 713/1000, D_loss=0.745408, reward=-7.668978
Epoch: 713: 2022-04-21 09:53:26.756801
Epoch 714/1000, D_loss=0.740836, reward=-7.677030
Epoch: 714: 2022-04-21 09:53:33.042785
Epoch 715/1000, D_loss=0.744019, reward=-7.671276
Epoch: 715: 2022-04-21 09:53:39.295841
Epoch 716/1000, D_loss=0.743283, reward=-7.672153
Epoch: 716: 2022-04-21 09:53:45.411311
Epoch 717/1000, D_loss=0.744931, reward=-7.668868
Epoch: 717: 2022-04-21 09:53:51.687611
Epoch 718/1000, D_loss=0.745644, reward=-7.667843
Epoch: 718: 2022-04-21 09:53:57.699193
Epoch 719/1000, D_loss=0.743657, reward=-7.670183
Epoch: 719: 2022-04-21 09:54:03.876519
Epoch 720/1000, D_loss=0.740922, reward=-7.674714
Test_MRR=0.406297, Test_MR=333.010550, Test_H@10=0.652330
Epoch: 720: 2022-04-21 10:01:27.800817
Epoch 721/1000, D_loss=0.744618, reward=-7.668814
Epoch: 721: 2022-04-21 10:01:33.492008
Epoch 722/1000, D_loss=0.743971, reward=-7.669805
Epoch: 722: 2022-04-21 10:01:39.181927
Epoch 723/1000, D_loss=0.742366, reward=-7.669931
Epoch: 723: 2022-04-21 10:01:44.674821
Epoch 724/1000, D_loss=0.743676, reward=-7.668944
Epoch: 724: 2022-04-21 10:01:50.425696
Epoch 725/1000, D_loss=0.742612, reward=-7.667343
Epoch: 725: 2022-04-21 10:01:56.148801
Epoch 726/1000, D_loss=0.747195, reward=-7.663221
Epoch: 726: 2022-04-21 10:02:01.999266
Epoch 727/1000, D_loss=0.744500, reward=-7.667737
Epoch: 727: 2022-04-21 10:02:07.864057
Epoch 728/1000, D_loss=0.745162, reward=-7.667815
Epoch: 728: 2022-04-21 10:02:13.592315
Epoch 729/1000, D_loss=0.742421, reward=-7.671169
Epoch: 729: 2022-04-21 10:02:19.344447
Epoch 730/1000, D_loss=0.746677, reward=-7.664348
Test_MRR=0.406771, Test_MR=332.581570, Test_H@10=0.652600
Epoch: 730: 2022-04-21 10:09:46.435020
Epoch 731/1000, D_loss=0.744769, reward=-7.667605
Epoch: 731: 2022-04-21 10:09:51.951721
Epoch 732/1000, D_loss=0.744905, reward=-7.665497
Epoch: 732: 2022-04-21 10:09:57.660874
Epoch 733/1000, D_loss=0.743892, reward=-7.666906
Epoch: 733: 2022-04-21 10:10:03.526652
Epoch 734/1000, D_loss=0.744174, reward=-7.668265
Epoch: 734: 2022-04-21 10:10:09.437059
Epoch 735/1000, D_loss=0.743113, reward=-7.668936
Epoch: 735: 2022-04-21 10:10:14.897747
Epoch 736/1000, D_loss=0.745972, reward=-7.665122
Epoch: 736: 2022-04-21 10:10:20.340703
Epoch 737/1000, D_loss=0.743675, reward=-7.667988
Epoch: 737: 2022-04-21 10:10:25.848371
Epoch 738/1000, D_loss=0.742596, reward=-7.668670
Epoch: 738: 2022-04-21 10:10:31.406484
Epoch 739/1000, D_loss=0.742882, reward=-7.669535
Epoch: 739: 2022-04-21 10:10:37.224804
Epoch 740/1000, D_loss=0.744482, reward=-7.664396
Test_MRR=0.407205, Test_MR=330.633400, Test_H@10=0.653310
Epoch: 740: 2022-04-21 10:18:04.034925
Epoch 741/1000, D_loss=0.745319, reward=-7.664038
Epoch: 741: 2022-04-21 10:18:09.632992
Epoch 742/1000, D_loss=0.745045, reward=-7.665926
Epoch: 742: 2022-04-21 10:18:15.079572
Epoch 743/1000, D_loss=0.746565, reward=-7.663012
Epoch: 743: 2022-04-21 10:18:20.924067
Epoch 744/1000, D_loss=0.746259, reward=-7.662982
Epoch: 744: 2022-04-21 10:18:26.464531
Epoch 745/1000, D_loss=0.743594, reward=-7.664101
Epoch: 745: 2022-04-21 10:18:32.139968
Epoch 746/1000, D_loss=0.743767, reward=-7.664269
Epoch: 746: 2022-04-21 10:18:37.866314
Epoch 747/1000, D_loss=0.745178, reward=-7.663445
Epoch: 747: 2022-04-21 10:18:43.658674
Epoch 748/1000, D_loss=0.745747, reward=-7.662375
Epoch: 748: 2022-04-21 10:18:49.460954
Epoch 749/1000, D_loss=0.744959, reward=-7.663688
Epoch: 749: 2022-04-21 10:18:55.114372
Epoch 750/1000, D_loss=0.747072, reward=-7.661007
Test_MRR=0.408610, Test_MR=326.252940, Test_H@10=0.651930
Epoch: 750: 2022-04-21 10:26:24.607647
Epoch 751/1000, D_loss=0.743990, reward=-7.664182
Epoch: 751: 2022-04-21 10:26:30.100113
Epoch 752/1000, D_loss=0.744619, reward=-7.661710
Epoch: 752: 2022-04-21 10:26:35.589992
Epoch 753/1000, D_loss=0.744630, reward=-7.662149
Epoch: 753: 2022-04-21 10:26:41.313268
Epoch 754/1000, D_loss=0.745072, reward=-7.663413
Epoch: 754: 2022-04-21 10:26:47.267930
Epoch 755/1000, D_loss=0.745421, reward=-7.661127
Epoch: 755: 2022-04-21 10:26:53.038101
Epoch 756/1000, D_loss=0.743746, reward=-7.663874
Epoch: 756: 2022-04-21 10:26:58.530537
Epoch 757/1000, D_loss=0.748266, reward=-7.659258
Epoch: 757: 2022-04-21 10:27:04.196530
Epoch 758/1000, D_loss=0.745297, reward=-7.663511
Epoch: 758: 2022-04-21 10:27:09.784063
Epoch 759/1000, D_loss=0.745159, reward=-7.662462
Epoch: 759: 2022-04-21 10:27:15.426833
Epoch 760/1000, D_loss=0.746616, reward=-7.659569
Test_MRR=0.408462, Test_MR=332.026020, Test_H@10=0.653110
Epoch: 760: 2022-04-21 10:34:39.804793
Epoch 761/1000, D_loss=0.742400, reward=-7.663906
Epoch: 761: 2022-04-21 10:34:45.884326
Epoch 762/1000, D_loss=0.746656, reward=-7.658499
Epoch: 762: 2022-04-21 10:34:51.760138
Epoch 763/1000, D_loss=0.744317, reward=-7.661649
Epoch: 763: 2022-04-21 10:34:57.435378
Epoch 764/1000, D_loss=0.744645, reward=-7.658166
Epoch: 764: 2022-04-21 10:35:02.974530
Epoch 765/1000, D_loss=0.745675, reward=-7.658772
Epoch: 765: 2022-04-21 10:35:08.557053
Epoch 766/1000, D_loss=0.744587, reward=-7.658704
Epoch: 766: 2022-04-21 10:35:14.033768
Epoch 767/1000, D_loss=0.746334, reward=-7.657186
Epoch: 767: 2022-04-21 10:35:19.783138
Epoch 768/1000, D_loss=0.745358, reward=-7.658199
Epoch: 768: 2022-04-21 10:35:25.335963
Epoch 769/1000, D_loss=0.743557, reward=-7.660414
Epoch: 769: 2022-04-21 10:35:31.061292
Epoch 770/1000, D_loss=0.746612, reward=-7.655976
Test_MRR=0.409747, Test_MR=330.016980, Test_H@10=0.652900
Epoch: 770: 2022-04-21 10:43:00.544674
Epoch 771/1000, D_loss=0.746555, reward=-7.656597
Epoch: 771: 2022-04-21 10:43:06.176985
Epoch 772/1000, D_loss=0.747340, reward=-7.655879
Epoch: 772: 2022-04-21 10:43:11.880354
Epoch 773/1000, D_loss=0.746606, reward=-7.655740
Epoch: 773: 2022-04-21 10:43:17.636757
Epoch 774/1000, D_loss=0.745626, reward=-7.656573
Epoch: 774: 2022-04-21 10:43:23.164348
Epoch 775/1000, D_loss=0.747821, reward=-7.653751
Epoch: 775: 2022-04-21 10:43:28.980717
Epoch 776/1000, D_loss=0.747039, reward=-7.655167
Epoch: 776: 2022-04-21 10:43:34.751782
Epoch 777/1000, D_loss=0.745648, reward=-7.656770
Epoch: 777: 2022-04-21 10:43:40.849391
Epoch 778/1000, D_loss=0.745877, reward=-7.656095
Epoch: 778: 2022-04-21 10:43:46.619748
Epoch 779/1000, D_loss=0.746260, reward=-7.654219
Epoch: 779: 2022-04-21 10:43:52.315924
Epoch 780/1000, D_loss=0.746596, reward=-7.654231
Test_MRR=0.408933, Test_MR=330.415200, Test_H@10=0.653040
Epoch: 780: 2022-04-21 10:51:22.886221
Epoch 781/1000, D_loss=0.746515, reward=-7.654459
Epoch: 781: 2022-04-21 10:51:28.716137
Epoch 782/1000, D_loss=0.744612, reward=-7.656191
Epoch: 782: 2022-04-21 10:51:34.665001
Epoch 783/1000, D_loss=0.745260, reward=-7.655887
Epoch: 783: 2022-04-21 10:51:40.698632
Epoch 784/1000, D_loss=0.746790, reward=-7.653082
Epoch: 784: 2022-04-21 10:51:46.868426
Epoch 785/1000, D_loss=0.746369, reward=-7.653034
Epoch: 785: 2022-04-21 10:51:52.834662
Epoch 786/1000, D_loss=0.750573, reward=-7.648884
Epoch: 786: 2022-04-21 10:51:58.565595
Epoch 787/1000, D_loss=0.744920, reward=-7.654181
Epoch: 787: 2022-04-21 10:52:05.027242
Epoch 788/1000, D_loss=0.745559, reward=-7.653404
Epoch: 788: 2022-04-21 10:52:11.560515
Epoch 789/1000, D_loss=0.745091, reward=-7.655969
Epoch: 789: 2022-04-21 10:52:17.622960
Epoch 790/1000, D_loss=0.744067, reward=-7.655287
Test_MRR=0.410543, Test_MR=330.981220, Test_H@10=0.653540
Epoch: 790: 2022-04-21 10:59:51.972963
Epoch 791/1000, D_loss=0.745783, reward=-7.654682
Epoch: 791: 2022-04-21 10:59:57.429987
Epoch 792/1000, D_loss=0.747078, reward=-7.651988
Epoch: 792: 2022-04-21 11:00:03.175663
Epoch 793/1000, D_loss=0.745925, reward=-7.655198
Epoch: 793: 2022-04-21 11:00:08.793727
Epoch 794/1000, D_loss=0.746538, reward=-7.652428
Epoch: 794: 2022-04-21 11:00:14.549080
Epoch 795/1000, D_loss=0.747885, reward=-7.652581
Epoch: 795: 2022-04-21 11:00:20.481946
Epoch 796/1000, D_loss=0.746456, reward=-7.653738
Epoch: 796: 2022-04-21 11:00:26.233258
Epoch 797/1000, D_loss=0.749344, reward=-7.648075
Epoch: 797: 2022-04-21 11:00:31.829245
Epoch 798/1000, D_loss=0.748706, reward=-7.649404
Epoch: 798: 2022-04-21 11:00:37.451154
Epoch 799/1000, D_loss=0.746539, reward=-7.652067
Epoch: 799: 2022-04-21 11:00:43.080921
Epoch 800/1000, D_loss=0.747721, reward=-7.649638
Test_MRR=0.409343, Test_MR=329.121780, Test_H@10=0.654630
Epoch: 800: 2022-04-21 11:08:14.232316
Epoch 801/1000, D_loss=0.747495, reward=-7.650033
Epoch: 801: 2022-04-21 11:08:19.777640
Epoch 802/1000, D_loss=0.747088, reward=-7.650442
Epoch: 802: 2022-04-21 11:08:25.342759
Epoch 803/1000, D_loss=0.747873, reward=-7.649779
Epoch: 803: 2022-04-21 11:08:30.895372
Epoch 804/1000, D_loss=0.744821, reward=-7.654022
Epoch: 804: 2022-04-21 11:08:36.719731
Epoch 805/1000, D_loss=0.745930, reward=-7.652234
Epoch: 805: 2022-04-21 11:08:42.336568
Epoch 806/1000, D_loss=0.748487, reward=-7.650177
Epoch: 806: 2022-04-21 11:08:47.974538
Epoch 807/1000, D_loss=0.746738, reward=-7.651601
Epoch: 807: 2022-04-21 11:08:53.492984
Epoch 808/1000, D_loss=0.748317, reward=-7.647937
Epoch: 808: 2022-04-21 11:08:59.261575
Epoch 809/1000, D_loss=0.746395, reward=-7.653441
Epoch: 809: 2022-04-21 11:09:05.007893
Epoch 810/1000, D_loss=0.747254, reward=-7.652098
Test_MRR=0.411803, Test_MR=326.066060, Test_H@10=0.656120
Epoch: 810: 2022-04-21 11:16:33.804275
Epoch 811/1000, D_loss=0.746943, reward=-7.650931
Epoch: 811: 2022-04-21 11:16:39.439147
Epoch 812/1000, D_loss=0.748461, reward=-7.649987
Epoch: 812: 2022-04-21 11:16:45.140314
Epoch 813/1000, D_loss=0.744997, reward=-7.653352
Epoch: 813: 2022-04-21 11:16:50.646401
Epoch 814/1000, D_loss=0.746273, reward=-7.651721
Epoch: 814: 2022-04-21 11:16:56.416589
Epoch 815/1000, D_loss=0.747737, reward=-7.648498
Epoch: 815: 2022-04-21 11:17:01.962718
Epoch 816/1000, D_loss=0.746387, reward=-7.651450
Epoch: 816: 2022-04-21 11:17:07.656116
Epoch 817/1000, D_loss=0.746692, reward=-7.650321
Epoch: 817: 2022-04-21 11:17:13.475065
Epoch 818/1000, D_loss=0.748499, reward=-7.647413
Epoch: 818: 2022-04-21 11:17:19.152597
Epoch 819/1000, D_loss=0.745547, reward=-7.649302
Epoch: 819: 2022-04-21 11:17:25.119708
Epoch 820/1000, D_loss=0.750400, reward=-7.644393
Test_MRR=0.412033, Test_MR=327.144220, Test_H@10=0.655960
Epoch: 820: 2022-04-21 11:25:01.524433
Epoch 821/1000, D_loss=0.749333, reward=-7.645893
Epoch: 821: 2022-04-21 11:25:07.303429
Epoch 822/1000, D_loss=0.744801, reward=-7.652427
Epoch: 822: 2022-04-21 11:25:12.799737
Epoch 823/1000, D_loss=0.749221, reward=-7.645148
Epoch: 823: 2022-04-21 11:25:18.363551
Epoch 824/1000, D_loss=0.747494, reward=-7.647457
Epoch: 824: 2022-04-21 11:25:24.124492
Epoch 825/1000, D_loss=0.746921, reward=-7.648845
Epoch: 825: 2022-04-21 11:25:29.742121
Epoch 826/1000, D_loss=0.746977, reward=-7.648134
Epoch: 826: 2022-04-21 11:25:35.373500
Epoch 827/1000, D_loss=0.750625, reward=-7.644033
Epoch: 827: 2022-04-21 11:25:41.119803
Epoch 828/1000, D_loss=0.747437, reward=-7.649581
Epoch: 828: 2022-04-21 11:25:46.767470
Epoch 829/1000, D_loss=0.748483, reward=-7.646703
Epoch: 829: 2022-04-21 11:25:52.295504
Epoch 830/1000, D_loss=0.748040, reward=-7.647124
Test_MRR=0.413791, Test_MR=329.834290, Test_H@10=0.654020
Epoch: 830: 2022-04-21 11:33:20.961429
Epoch 831/1000, D_loss=0.747666, reward=-7.646969
Epoch: 831: 2022-04-21 11:33:26.505463
Epoch 832/1000, D_loss=0.748207, reward=-7.646009
Epoch: 832: 2022-04-21 11:33:31.997156
Epoch 833/1000, D_loss=0.749036, reward=-7.646492
Epoch: 833: 2022-04-21 11:33:37.469001
Epoch 834/1000, D_loss=0.749851, reward=-7.642644
Epoch: 834: 2022-04-21 11:33:43.348370
Epoch 835/1000, D_loss=0.748488, reward=-7.643960
Epoch: 835: 2022-04-21 11:33:49.289787
Epoch 836/1000, D_loss=0.749161, reward=-7.643551
Epoch: 836: 2022-04-21 11:33:54.982521
Epoch 837/1000, D_loss=0.747099, reward=-7.644226
Epoch: 837: 2022-04-21 11:34:00.742005
Epoch 838/1000, D_loss=0.747038, reward=-7.646244
Epoch: 838: 2022-04-21 11:34:06.514768
Epoch 839/1000, D_loss=0.748756, reward=-7.643788
Epoch: 839: 2022-04-21 11:34:12.303065
Epoch 840/1000, D_loss=0.746707, reward=-7.646906
Test_MRR=0.412161, Test_MR=326.186730, Test_H@10=0.655020
Epoch: 840: 2022-04-21 11:41:41.261879
Epoch 841/1000, D_loss=0.747650, reward=-7.643983
Epoch: 841: 2022-04-21 11:41:47.083558
Epoch 842/1000, D_loss=0.749249, reward=-7.641255
Epoch: 842: 2022-04-21 11:41:52.941927
Epoch 843/1000, D_loss=0.750099, reward=-7.640522
Epoch: 843: 2022-04-21 11:41:58.806396
Epoch 844/1000, D_loss=0.748505, reward=-7.642139
Epoch: 844: 2022-04-21 11:42:04.517589
Epoch 845/1000, D_loss=0.747918, reward=-7.642553
Epoch: 845: 2022-04-21 11:42:10.458507
Epoch 846/1000, D_loss=0.750757, reward=-7.640043
Epoch: 846: 2022-04-21 11:42:16.279182
Epoch 847/1000, D_loss=0.748164, reward=-7.641716
Epoch: 847: 2022-04-21 11:42:21.857242
Epoch 848/1000, D_loss=0.748761, reward=-7.641333
Epoch: 848: 2022-04-21 11:42:27.730166
Epoch 849/1000, D_loss=0.746798, reward=-7.644289
Epoch: 849: 2022-04-21 11:42:33.503807
Epoch 850/1000, D_loss=0.748704, reward=-7.641586
Test_MRR=0.413543, Test_MR=329.002650, Test_H@10=0.656140
Epoch: 850: 2022-04-21 11:50:00.104296
Epoch 851/1000, D_loss=0.748749, reward=-7.639674
Epoch: 851: 2022-04-21 11:50:05.761860
Epoch 852/1000, D_loss=0.749850, reward=-7.640349
Epoch: 852: 2022-04-21 11:50:11.706670
Epoch 853/1000, D_loss=0.749723, reward=-7.641027
Epoch: 853: 2022-04-21 11:50:17.804730
Epoch 854/1000, D_loss=0.748338, reward=-7.641245
Epoch: 854: 2022-04-21 11:50:23.732839
Epoch 855/1000, D_loss=0.748391, reward=-7.641539
Epoch: 855: 2022-04-21 11:50:30.077385
Epoch 856/1000, D_loss=0.747899, reward=-7.642521
Epoch: 856: 2022-04-21 11:50:36.579053
Epoch 857/1000, D_loss=0.748212, reward=-7.641303
Epoch: 857: 2022-04-21 11:50:42.720727
Epoch 858/1000, D_loss=0.746737, reward=-7.644550
Epoch: 858: 2022-04-21 11:50:48.833234
Epoch 859/1000, D_loss=0.746835, reward=-7.642127
Epoch: 859: 2022-04-21 11:50:54.913579
Epoch 860/1000, D_loss=0.747764, reward=-7.640588
Test_MRR=0.414469, Test_MR=328.598970, Test_H@10=0.655730
Epoch: 860: 2022-04-21 11:58:17.536271
Epoch 861/1000, D_loss=0.747759, reward=-7.640454
Epoch: 861: 2022-04-21 11:58:23.046096
Epoch 862/1000, D_loss=0.746696, reward=-7.641699
Epoch: 862: 2022-04-21 11:58:28.912929
Epoch 863/1000, D_loss=0.749046, reward=-7.640835
Epoch: 863: 2022-04-21 11:58:34.693095
Epoch 864/1000, D_loss=0.750181, reward=-7.637715
Epoch: 864: 2022-04-21 11:58:40.478863
Epoch 865/1000, D_loss=0.748751, reward=-7.639550
Epoch: 865: 2022-04-21 11:58:46.298255
Epoch 866/1000, D_loss=0.749924, reward=-7.639338
Epoch: 866: 2022-04-21 11:58:51.914423
Epoch 867/1000, D_loss=0.747203, reward=-7.640563
Epoch: 867: 2022-04-21 11:58:57.655943
Epoch 868/1000, D_loss=0.748641, reward=-7.639787
Epoch: 868: 2022-04-21 11:59:03.233134
Epoch 869/1000, D_loss=0.750815, reward=-7.636138
Epoch: 869: 2022-04-21 11:59:08.725292
Epoch 870/1000, D_loss=0.750331, reward=-7.636236
Test_MRR=0.414082, Test_MR=326.443890, Test_H@10=0.655920
Epoch: 870: 2022-04-21 12:06:38.679563
Epoch 871/1000, D_loss=0.748571, reward=-7.639086
Epoch: 871: 2022-04-21 12:06:44.202823
Epoch 872/1000, D_loss=0.750376, reward=-7.635663
Epoch: 872: 2022-04-21 12:06:49.945501
Epoch 873/1000, D_loss=0.748861, reward=-7.636757
Epoch: 873: 2022-04-21 12:06:55.665884
Epoch 874/1000, D_loss=0.748821, reward=-7.638400
Epoch: 874: 2022-04-21 12:07:01.335280
Epoch 875/1000, D_loss=0.752015, reward=-7.634572
Epoch: 875: 2022-04-21 12:07:06.942180
Epoch 876/1000, D_loss=0.750620, reward=-7.634472
Epoch: 876: 2022-04-21 12:07:12.424804
Epoch 877/1000, D_loss=0.747935, reward=-7.638415
Epoch: 877: 2022-04-21 12:07:18.187176
Epoch 878/1000, D_loss=0.750665, reward=-7.635550
Epoch: 878: 2022-04-21 12:07:23.880849
Epoch 879/1000, D_loss=0.747689, reward=-7.637543
Epoch: 879: 2022-04-21 12:07:29.434381
Epoch 880/1000, D_loss=0.750046, reward=-7.637923
Test_MRR=0.415001, Test_MR=322.044680, Test_H@10=0.655030
Epoch: 880: 2022-04-21 12:14:50.731991
Epoch 881/1000, D_loss=0.746886, reward=-7.640356
Epoch: 881: 2022-04-21 12:14:56.626257
Epoch 882/1000, D_loss=0.746770, reward=-7.641180
Epoch: 882: 2022-04-21 12:15:02.263559
Epoch 883/1000, D_loss=0.748784, reward=-7.634470
Epoch: 883: 2022-04-21 12:15:07.948809
Epoch 884/1000, D_loss=0.750152, reward=-7.634646
Epoch: 884: 2022-04-21 12:15:13.473241
Epoch 885/1000, D_loss=0.750777, reward=-7.634711
Epoch: 885: 2022-04-21 12:15:19.396886
Epoch 886/1000, D_loss=0.750006, reward=-7.633121
Epoch: 886: 2022-04-21 12:15:24.961808
Epoch 887/1000, D_loss=0.747704, reward=-7.634871
Epoch: 887: 2022-04-21 12:15:30.409178
Epoch 888/1000, D_loss=0.748993, reward=-7.635917
Epoch: 888: 2022-04-21 12:15:35.900573
Epoch 889/1000, D_loss=0.747752, reward=-7.637159
Epoch: 889: 2022-04-21 12:15:41.955272
Epoch 890/1000, D_loss=0.749167, reward=-7.633892
Test_MRR=0.415912, Test_MR=320.157930, Test_H@10=0.655250
Epoch: 890: 2022-04-21 12:23:08.332726
Epoch 891/1000, D_loss=0.751411, reward=-7.631104
Epoch: 891: 2022-04-21 12:23:14.036260
Epoch 892/1000, D_loss=0.747457, reward=-7.636371
Epoch: 892: 2022-04-21 12:23:19.847282
Epoch 893/1000, D_loss=0.749563, reward=-7.634125
Epoch: 893: 2022-04-21 12:23:25.694469
Epoch 894/1000, D_loss=0.749506, reward=-7.633701
Epoch: 894: 2022-04-21 12:23:31.718955
Epoch 895/1000, D_loss=0.752007, reward=-7.629807
Epoch: 895: 2022-04-21 12:23:37.458918
Epoch 896/1000, D_loss=0.750520, reward=-7.632199
Epoch: 896: 2022-04-21 12:23:43.263922
Epoch 897/1000, D_loss=0.750308, reward=-7.632602
Epoch: 897: 2022-04-21 12:23:48.982464
Epoch 898/1000, D_loss=0.748131, reward=-7.634604
Epoch: 898: 2022-04-21 12:23:54.792596
Epoch 899/1000, D_loss=0.748567, reward=-7.634696
Epoch: 899: 2022-04-21 12:24:00.523932
Epoch 900/1000, D_loss=0.750128, reward=-7.630729
Test_MRR=0.418172, Test_MR=322.799390, Test_H@10=0.656730
Epoch: 900: 2022-04-21 12:31:29.719035
Epoch 901/1000, D_loss=0.752512, reward=-7.629403
Epoch: 901: 2022-04-21 12:31:35.363461
Epoch 902/1000, D_loss=0.749373, reward=-7.633150
Epoch: 902: 2022-04-21 12:31:41.044370
Epoch 903/1000, D_loss=0.752012, reward=-7.629934
Epoch: 903: 2022-04-21 12:31:46.713642
Epoch 904/1000, D_loss=0.750864, reward=-7.629506
Epoch: 904: 2022-04-21 12:31:52.319284
Epoch 905/1000, D_loss=0.750924, reward=-7.629055
Epoch: 905: 2022-04-21 12:31:58.280399
Epoch 906/1000, D_loss=0.751030, reward=-7.628597
Epoch: 906: 2022-04-21 12:32:04.360946
Epoch 907/1000, D_loss=0.751459, reward=-7.629270
Epoch: 907: 2022-04-21 12:32:10.186827
Epoch 908/1000, D_loss=0.747349, reward=-7.634392
Epoch: 908: 2022-04-21 12:32:15.736698
Epoch 909/1000, D_loss=0.752774, reward=-7.626673
Epoch: 909: 2022-04-21 12:32:21.343428
Epoch 910/1000, D_loss=0.747154, reward=-7.634686
Test_MRR=0.418305, Test_MR=318.835430, Test_H@10=0.656910
Epoch: 910: 2022-04-21 12:39:56.659551
Epoch 911/1000, D_loss=0.752019, reward=-7.628128
Epoch: 911: 2022-04-21 12:40:02.418395
Epoch 912/1000, D_loss=0.747791, reward=-7.632325
Epoch: 912: 2022-04-21 12:40:08.119027
Epoch 913/1000, D_loss=0.751509, reward=-7.627649
Epoch: 913: 2022-04-21 12:40:13.819944
Epoch 914/1000, D_loss=0.748135, reward=-7.632621
Epoch: 914: 2022-04-21 12:40:19.558302
Epoch 915/1000, D_loss=0.748918, reward=-7.629241
Epoch: 915: 2022-04-21 12:40:25.366550
Epoch 916/1000, D_loss=0.753442, reward=-7.624743
Epoch: 916: 2022-04-21 12:40:31.196630
Epoch 917/1000, D_loss=0.749453, reward=-7.628395
Epoch: 917: 2022-04-21 12:40:36.956648
Epoch 918/1000, D_loss=0.752018, reward=-7.625925
Epoch: 918: 2022-04-21 12:40:42.689232
Epoch 919/1000, D_loss=0.751499, reward=-7.625466
Epoch: 919: 2022-04-21 12:40:48.392030
Epoch 920/1000, D_loss=0.752042, reward=-7.626567
Test_MRR=0.417951, Test_MR=318.310860, Test_H@10=0.656770
Epoch: 920: 2022-04-21 12:48:13.488161
Epoch 921/1000, D_loss=0.750928, reward=-7.627314
Epoch: 921: 2022-04-21 12:48:19.064235
Epoch 922/1000, D_loss=0.751280, reward=-7.624696
Epoch: 922: 2022-04-21 12:48:24.698779
Epoch 923/1000, D_loss=0.751977, reward=-7.623642
Epoch: 923: 2022-04-21 12:48:30.722247
Epoch 924/1000, D_loss=0.747524, reward=-7.630849
Epoch: 924: 2022-04-21 12:48:36.993157
Epoch 925/1000, D_loss=0.752246, reward=-7.624240
Epoch: 925: 2022-04-21 12:48:42.976521
Epoch 926/1000, D_loss=0.752236, reward=-7.622505
Epoch: 926: 2022-04-21 12:48:48.972617
Epoch 927/1000, D_loss=0.749508, reward=-7.625984
Epoch: 927: 2022-04-21 12:48:54.919359
Epoch 928/1000, D_loss=0.751435, reward=-7.623783
Epoch: 928: 2022-04-21 12:49:00.664792
Epoch 929/1000, D_loss=0.752870, reward=-7.622905
Epoch: 929: 2022-04-21 12:49:06.556867
Epoch 930/1000, D_loss=0.752209, reward=-7.623247
Test_MRR=0.418547, Test_MR=316.059630, Test_H@10=0.656210
Epoch: 930: 2022-04-21 12:56:39.867723
Epoch 931/1000, D_loss=0.751637, reward=-7.624131
Epoch: 931: 2022-04-21 12:56:45.494393
Epoch 932/1000, D_loss=0.751467, reward=-7.624545
Epoch: 932: 2022-04-21 12:56:51.274060
Epoch 933/1000, D_loss=0.751955, reward=-7.624020
Epoch: 933: 2022-04-21 12:56:56.821839
Epoch 934/1000, D_loss=0.748688, reward=-7.627645
Epoch: 934: 2022-04-21 12:57:02.585735
Epoch 935/1000, D_loss=0.748427, reward=-7.627120
Epoch: 935: 2022-04-21 12:57:08.055653
Epoch 936/1000, D_loss=0.749188, reward=-7.626409
Epoch: 936: 2022-04-21 12:57:13.913749
Epoch 937/1000, D_loss=0.750220, reward=-7.626665
Epoch: 937: 2022-04-21 12:57:19.737986
Epoch 938/1000, D_loss=0.748512, reward=-7.629288
Epoch: 938: 2022-04-21 12:57:25.589686
Epoch 939/1000, D_loss=0.750473, reward=-7.624936
Epoch: 939: 2022-04-21 12:57:31.220237
Epoch 940/1000, D_loss=0.750217, reward=-7.622831
Test_MRR=0.419659, Test_MR=314.482180, Test_H@10=0.656310
Epoch: 940: 2022-04-21 13:04:57.632161
Epoch 941/1000, D_loss=0.752315, reward=-7.620889
Epoch: 941: 2022-04-21 13:05:03.450956
Epoch 942/1000, D_loss=0.749911, reward=-7.624516
Epoch: 942: 2022-04-21 13:05:09.104241
Epoch 943/1000, D_loss=0.751677, reward=-7.623475
Epoch: 943: 2022-04-21 13:05:14.700033
Epoch 944/1000, D_loss=0.751749, reward=-7.621307
Epoch: 944: 2022-04-21 13:05:20.126394
Epoch 945/1000, D_loss=0.749815, reward=-7.623415
Epoch: 945: 2022-04-21 13:05:25.650482
Epoch 946/1000, D_loss=0.749652, reward=-7.622683
Epoch: 946: 2022-04-21 13:05:31.158756
Epoch 947/1000, D_loss=0.751468, reward=-7.622653
Epoch: 947: 2022-04-21 13:05:36.741681
Epoch 948/1000, D_loss=0.751403, reward=-7.620720
Epoch: 948: 2022-04-21 13:05:42.323685
Epoch 949/1000, D_loss=0.752513, reward=-7.619429
Epoch: 949: 2022-04-21 13:05:47.912620
Epoch 950/1000, D_loss=0.750459, reward=-7.621563
Test_MRR=0.420725, Test_MR=313.656420, Test_H@10=0.657900
Epoch: 950: 2022-04-21 13:13:13.353644
Epoch 951/1000, D_loss=0.751653, reward=-7.619055
Epoch: 951: 2022-04-21 13:13:19.113798
Epoch 952/1000, D_loss=0.750922, reward=-7.621432
Epoch: 952: 2022-04-21 13:13:24.723857
Epoch 953/1000, D_loss=0.752246, reward=-7.619234
Epoch: 953: 2022-04-21 13:13:30.454674
Epoch 954/1000, D_loss=0.748846, reward=-7.623707
Epoch: 954: 2022-04-21 13:13:36.121789
Epoch 955/1000, D_loss=0.750634, reward=-7.619195
Epoch: 955: 2022-04-21 13:13:42.165594
Epoch 956/1000, D_loss=0.750857, reward=-7.621363
Epoch: 956: 2022-04-21 13:13:47.967860
Epoch 957/1000, D_loss=0.749124, reward=-7.623617
Epoch: 957: 2022-04-21 13:13:53.761803
Epoch 958/1000, D_loss=0.750503, reward=-7.621842
Epoch: 958: 2022-04-21 13:13:59.506657
Epoch 959/1000, D_loss=0.753014, reward=-7.616840
Epoch: 959: 2022-04-21 13:14:05.133269
Epoch 960/1000, D_loss=0.749683, reward=-7.620460
Test_MRR=0.419321, Test_MR=317.951360, Test_H@10=0.656310
Epoch: 960: 2022-04-21 13:21:32.313159
Epoch 961/1000, D_loss=0.747745, reward=-7.624515
Epoch: 961: 2022-04-21 13:21:37.828618
Epoch 962/1000, D_loss=0.751244, reward=-7.619327
Epoch: 962: 2022-04-21 13:21:43.487773
Epoch 963/1000, D_loss=0.754935, reward=-7.615106
Epoch: 963: 2022-04-21 13:21:49.336103
Epoch 964/1000, D_loss=0.751450, reward=-7.618445
Epoch: 964: 2022-04-21 13:21:55.100883
Epoch 965/1000, D_loss=0.749059, reward=-7.622316
Epoch: 965: 2022-04-21 13:22:00.882999
Epoch 966/1000, D_loss=0.752214, reward=-7.617681
Epoch: 966: 2022-04-21 13:22:06.549252
Epoch 967/1000, D_loss=0.750260, reward=-7.619817
Epoch: 967: 2022-04-21 13:22:12.145879
Epoch 968/1000, D_loss=0.750687, reward=-7.620049
Epoch: 968: 2022-04-21 13:22:17.848515
Epoch 969/1000, D_loss=0.752214, reward=-7.617393
Epoch: 969: 2022-04-21 13:22:23.426728
Epoch 970/1000, D_loss=0.753046, reward=-7.616377
Test_MRR=0.420851, Test_MR=316.368370, Test_H@10=0.657440
Epoch: 970: 2022-04-21 13:29:51.615351
Epoch 971/1000, D_loss=0.751760, reward=-7.618063
Epoch: 971: 2022-04-21 13:29:57.075144
Epoch 972/1000, D_loss=0.752950, reward=-7.616471
Epoch: 972: 2022-04-21 13:30:02.725611
Epoch 973/1000, D_loss=0.750784, reward=-7.620244
Epoch: 973: 2022-04-21 13:30:08.392432
Epoch 974/1000, D_loss=0.750105, reward=-7.619225
Epoch: 974: 2022-04-21 13:30:14.193356
Epoch 975/1000, D_loss=0.753698, reward=-7.616276
Epoch: 975: 2022-04-21 13:30:19.622800
Epoch 976/1000, D_loss=0.750081, reward=-7.618827
Epoch: 976: 2022-04-21 13:30:25.115616
Epoch 977/1000, D_loss=0.751300, reward=-7.617831
Epoch: 977: 2022-04-21 13:30:30.796503
Epoch 978/1000, D_loss=0.754549, reward=-7.614713
Epoch: 978: 2022-04-21 13:30:36.316555
Epoch 979/1000, D_loss=0.749404, reward=-7.620806
Epoch: 979: 2022-04-21 13:30:41.900908
Epoch 980/1000, D_loss=0.751387, reward=-7.617249
Test_MRR=0.420244, Test_MR=315.801270, Test_H@10=0.655810
Epoch: 980: 2022-04-21 13:38:03.967448
Epoch 981/1000, D_loss=0.750050, reward=-7.617308
Epoch: 981: 2022-04-21 13:38:09.870757
Epoch 982/1000, D_loss=0.755419, reward=-7.611579
Epoch: 982: 2022-04-21 13:38:15.668001
Epoch 983/1000, D_loss=0.752325, reward=-7.616231
Epoch: 983: 2022-04-21 13:38:21.332420
Epoch 984/1000, D_loss=0.751651, reward=-7.616341
Epoch: 984: 2022-04-21 13:38:27.215842
Epoch 985/1000, D_loss=0.751860, reward=-7.616385
Epoch: 985: 2022-04-21 13:38:32.965911
Epoch 986/1000, D_loss=0.754121, reward=-7.613034
Epoch: 986: 2022-04-21 13:38:38.870343
Epoch 987/1000, D_loss=0.753914, reward=-7.614198
Epoch: 987: 2022-04-21 13:38:44.514349
Epoch 988/1000, D_loss=0.752645, reward=-7.613975
Epoch: 988: 2022-04-21 13:38:50.020961
Epoch 989/1000, D_loss=0.750431, reward=-7.615613
Epoch: 989: 2022-04-21 13:38:55.550723
Epoch 990/1000, D_loss=0.752504, reward=-7.614406
Test_MRR=0.422026, Test_MR=313.552370, Test_H@10=0.656470
Epoch: 990: 2022-04-21 13:46:22.095901
Epoch 991/1000, D_loss=0.752838, reward=-7.612816
Epoch: 991: 2022-04-21 13:46:27.884824
Epoch 992/1000, D_loss=0.754720, reward=-7.610851
Epoch: 992: 2022-04-21 13:46:33.870394
Epoch 993/1000, D_loss=0.752546, reward=-7.614423
Epoch: 993: 2022-04-21 13:46:39.682992
Epoch 994/1000, D_loss=0.749817, reward=-7.614562
Epoch: 994: 2022-04-21 13:46:45.421470
Epoch 995/1000, D_loss=0.751927, reward=-7.614981
Epoch: 995: 2022-04-21 13:46:51.413586
Epoch 996/1000, D_loss=0.751082, reward=-7.615306
Epoch: 996: 2022-04-21 13:46:57.347484
Epoch 997/1000, D_loss=0.750044, reward=-7.613103
Epoch: 997: 2022-04-21 13:47:04.493168
Epoch 998/1000, D_loss=0.750311, reward=-7.612565
Epoch: 998: 2022-04-21 13:47:10.568663
Epoch 999/1000, D_loss=0.749778, reward=-7.615265
Epoch: 999: 2022-04-21 13:47:16.891553
Epoch 1000/1000, D_loss=0.752066, reward=-7.613514
Test_MRR=0.421708, Test_MR=310.900680, Test_H@10=0.657730
