pretrain_config=TransE
g_config=ComplEx
d_config=TransE
test_batch_size=100
task.dir=kinship
task.type=link
adv.use_pretrained_models=False
adv.n_sample=20
adv.sample_type=original
adv.measure_type=entropy
adv.n_epoch=1000
adv.n_batch=100
adv.epoch_per_test=10
adv.temperature=1.0
TransE.dim=50
TransE.margin=3
TransE.p=1
TransE.n_epoch=1000
TransE.n_batch=100
TransE.epoch_per_test=10
TransE.model_file=transe.mdl
TransD.dim=50
TransD.margin=3
TransD.p=1
TransD.n_epoch=1000
TransD.n_batch=100
TransD.epoch_per_test=10
TransD.model_file=transd.mdl
DistMult.dim=50
DistMult.lam=0.1
DistMult.n_sample=20
DistMult.sample_freq=1
DistMult.n_epoch=1000
DistMult.n_batch=100
DistMult.epoch_per_test=10
DistMult.model_file=distmult.mdl
ComplEx.dim=25
ComplEx.lam=0.1
ComplEx.n_sample=20
ComplEx.sample_freq=1
ComplEx.n_epoch=1000
ComplEx.n_batch=100
ComplEx.epoch_per_test=10
ComplEx.model_file=complex.mdl
log.dump_config=False
log.log_train=True
log.log_config=True
log.dir=./logs
log.log_advtrain_graphs=True
log.log_pretrain_graph=True
log.graph_every_nth_epoch=10
2022-04-20 13:37:28.038259
Test_MRR=0.043918, Test_MR=47.428771, Test_H@10=0.096834
Epoch: 0: 2022-04-20 13:37:29.370352
Epoch 1/1000, D_loss=3.037907, reward=-9.587868
Epoch: 1: 2022-04-20 13:37:30.406319
Epoch 2/1000, D_loss=2.999382, reward=-9.480665
Epoch: 2: 2022-04-20 13:37:31.437523
Epoch 3/1000, D_loss=2.963565, reward=-9.396220
Epoch: 3: 2022-04-20 13:37:32.430003
Epoch 4/1000, D_loss=2.910501, reward=-9.345257
Epoch: 4: 2022-04-20 13:37:33.394823
Epoch 5/1000, D_loss=2.869465, reward=-9.288972
Epoch: 5: 2022-04-20 13:37:34.355095
Epoch 6/1000, D_loss=2.825073, reward=-9.243902
Epoch: 6: 2022-04-20 13:37:35.333498
Epoch 7/1000, D_loss=2.757650, reward=-9.215501
Epoch: 7: 2022-04-20 13:37:36.296160
Epoch 8/1000, D_loss=2.717409, reward=-9.167496
Epoch: 8: 2022-04-20 13:37:37.222589
Epoch 9/1000, D_loss=2.653022, reward=-9.138301
Epoch: 9: 2022-04-20 13:37:38.160979
Epoch 10/1000, D_loss=2.602233, reward=-9.105561
Test_MRR=0.064531, Test_MR=40.392322, Test_H@10=0.178371
Epoch: 10: 2022-04-20 13:37:40.428468
Epoch 11/1000, D_loss=2.546337, reward=-9.080764
Epoch: 11: 2022-04-20 13:37:41.569057
Epoch 12/1000, D_loss=2.493015, reward=-9.046526
Epoch: 12: 2022-04-20 13:37:42.586295
Epoch 13/1000, D_loss=2.418697, reward=-9.032762
Epoch: 13: 2022-04-20 13:37:43.453262
Epoch 14/1000, D_loss=2.339977, reward=-9.031291
Epoch: 14: 2022-04-20 13:37:44.124641
Epoch 15/1000, D_loss=2.322005, reward=-8.959774
Epoch: 15: 2022-04-20 13:37:44.787532
Epoch 16/1000, D_loss=2.253493, reward=-8.940343
Epoch: 16: 2022-04-20 13:37:45.446693
Epoch 17/1000, D_loss=2.189385, reward=-8.929676
Epoch: 17: 2022-04-20 13:37:46.383149
Epoch 18/1000, D_loss=2.115609, reward=-8.943768
Epoch: 18: 2022-04-20 13:37:47.247698
Epoch 19/1000, D_loss=2.092703, reward=-8.892884
Epoch: 19: 2022-04-20 13:37:48.141123
Epoch 20/1000, D_loss=2.050242, reward=-8.883871
Test_MRR=0.141188, Test_MR=27.902154, Test_H@10=0.361891
Epoch: 20: 2022-04-20 13:37:50.333903
Epoch 21/1000, D_loss=1.997869, reward=-8.883247
Epoch: 21: 2022-04-20 13:37:51.216823
Epoch 22/1000, D_loss=1.985873, reward=-8.840760
Epoch: 22: 2022-04-20 13:37:52.047536
Epoch 23/1000, D_loss=1.989756, reward=-8.781041
Epoch: 23: 2022-04-20 13:37:52.862798
Epoch 24/1000, D_loss=1.949595, reward=-8.786389
Epoch: 24: 2022-04-20 13:37:53.698260
Epoch 25/1000, D_loss=1.951394, reward=-8.740149
Epoch: 25: 2022-04-20 13:37:54.540081
Epoch 26/1000, D_loss=1.911894, reward=-8.728818
Epoch: 26: 2022-04-20 13:37:55.376542
Epoch 27/1000, D_loss=1.938377, reward=-8.662121
Epoch: 27: 2022-04-20 13:37:56.246521
Epoch 28/1000, D_loss=1.902956, reward=-8.670325
Epoch: 28: 2022-04-20 13:37:57.030207
Epoch 29/1000, D_loss=1.926011, reward=-8.604170
Epoch: 29: 2022-04-20 13:37:57.703294
Epoch 30/1000, D_loss=1.917937, reward=-8.576137
Test_MRR=0.193798, Test_MR=21.224251, Test_H@10=0.486891
Epoch: 30: 2022-04-20 13:37:59.812561
Epoch 31/1000, D_loss=1.915670, reward=-8.547605
Epoch: 31: 2022-04-20 13:38:00.882118
Epoch 32/1000, D_loss=1.895316, reward=-8.531209
Epoch: 32: 2022-04-20 13:38:01.830720
Epoch 33/1000, D_loss=1.924540, reward=-8.453383
Epoch: 33: 2022-04-20 13:38:02.756027
Epoch 34/1000, D_loss=1.911736, reward=-8.439973
Epoch: 34: 2022-04-20 13:38:03.729556
Epoch 35/1000, D_loss=1.971956, reward=-8.333770
Epoch: 35: 2022-04-20 13:38:04.687146
Epoch 36/1000, D_loss=1.977985, reward=-8.290022
Epoch: 36: 2022-04-20 13:38:05.637756
Epoch 37/1000, D_loss=1.989444, reward=-8.253318
Epoch: 37: 2022-04-20 13:38:06.578038
Epoch 38/1000, D_loss=2.002645, reward=-8.190585
Epoch: 38: 2022-04-20 13:38:07.502351
Epoch 39/1000, D_loss=2.047981, reward=-8.108520
Epoch: 39: 2022-04-20 13:38:08.475609
Epoch 40/1000, D_loss=2.037798, reward=-8.077151
Test_MRR=0.225242, Test_MR=18.860487, Test_H@10=0.533240
Epoch: 40: 2022-04-20 13:38:10.904420
Epoch 41/1000, D_loss=2.082392, reward=-7.991740
Epoch: 41: 2022-04-20 13:38:11.792816
Epoch 42/1000, D_loss=2.085038, reward=-7.950451
Epoch: 42: 2022-04-20 13:38:12.497422
Epoch 43/1000, D_loss=2.103556, reward=-7.911626
Epoch: 43: 2022-04-20 13:38:13.318922
Epoch 44/1000, D_loss=2.114311, reward=-7.872591
Epoch: 44: 2022-04-20 13:38:14.079825
Epoch 45/1000, D_loss=2.123318, reward=-7.824521
Epoch: 45: 2022-04-20 13:38:14.747651
Epoch 46/1000, D_loss=2.159568, reward=-7.765818
Epoch: 46: 2022-04-20 13:38:15.419813
Epoch 47/1000, D_loss=2.183789, reward=-7.699121
Epoch: 47: 2022-04-20 13:38:16.343599
Epoch 48/1000, D_loss=2.215248, reward=-7.631603
Epoch: 48: 2022-04-20 13:38:17.221103
Epoch 49/1000, D_loss=2.222398, reward=-7.599552
Epoch: 49: 2022-04-20 13:38:18.095892
Epoch 50/1000, D_loss=2.223331, reward=-7.581084
Test_MRR=0.255326, Test_MR=18.027154, Test_H@10=0.546816
Epoch: 50: 2022-04-20 13:38:20.318005
Epoch 51/1000, D_loss=2.263558, reward=-7.509499
Epoch: 51: 2022-04-20 13:38:21.411041
Epoch 52/1000, D_loss=2.275584, reward=-7.472465
Epoch: 52: 2022-04-20 13:38:22.468802
Epoch 53/1000, D_loss=2.293297, reward=-7.444435
Epoch: 53: 2022-04-20 13:38:23.457464
Epoch 54/1000, D_loss=2.287887, reward=-7.414893
Epoch: 54: 2022-04-20 13:38:24.446325
Epoch 55/1000, D_loss=2.283096, reward=-7.405905
Epoch: 55: 2022-04-20 13:38:25.425885
Epoch 56/1000, D_loss=2.343038, reward=-7.321626
Epoch: 56: 2022-04-20 13:38:26.372644
Epoch 57/1000, D_loss=2.324930, reward=-7.324254
Epoch: 57: 2022-04-20 13:38:27.271227
Epoch 58/1000, D_loss=2.338088, reward=-7.297841
Epoch: 58: 2022-04-20 13:38:28.119807
Epoch 59/1000, D_loss=2.366558, reward=-7.264199
Epoch: 59: 2022-04-20 13:38:28.968338
Epoch 60/1000, D_loss=2.361366, reward=-7.248914
Test_MRR=0.274345, Test_MR=17.943352, Test_H@10=0.540262
Epoch: 60: 2022-04-20 13:38:31.256051
Epoch 61/1000, D_loss=2.355026, reward=-7.244900
Epoch: 61: 2022-04-20 13:38:32.280516
Epoch 62/1000, D_loss=2.389549, reward=-7.203125
Epoch: 62: 2022-04-20 13:38:33.110521
Epoch 63/1000, D_loss=2.397332, reward=-7.191206
Epoch: 63: 2022-04-20 13:38:33.938120
Epoch 64/1000, D_loss=2.390599, reward=-7.199625
Epoch: 64: 2022-04-20 13:38:34.768387
Epoch 65/1000, D_loss=2.410138, reward=-7.166059
Epoch: 65: 2022-04-20 13:38:35.613481
Epoch 66/1000, D_loss=2.389410, reward=-7.170359
Epoch: 66: 2022-04-20 13:38:36.455267
Epoch 67/1000, D_loss=2.395723, reward=-7.153908
Epoch: 67: 2022-04-20 13:38:37.267344
Epoch 68/1000, D_loss=2.400240, reward=-7.146554
Epoch: 68: 2022-04-20 13:38:38.248679
Epoch 69/1000, D_loss=2.412890, reward=-7.127470
Epoch: 69: 2022-04-20 13:38:39.137707
Epoch 70/1000, D_loss=2.412456, reward=-7.125345
Test_MRR=0.267319, Test_MR=18.320693, Test_H@10=0.533708
Epoch: 70: 2022-04-20 13:38:41.432136
Epoch 71/1000, D_loss=2.418333, reward=-7.112337
Epoch: 71: 2022-04-20 13:38:42.303977
Epoch 72/1000, D_loss=2.436189, reward=-7.087803
Epoch: 72: 2022-04-20 13:38:43.079577
Epoch 73/1000, D_loss=2.399799, reward=-7.122944
Epoch: 73: 2022-04-20 13:38:43.918420
Epoch 74/1000, D_loss=2.422793, reward=-7.096183
Epoch: 74: 2022-04-20 13:38:44.685385
Epoch 75/1000, D_loss=2.432870, reward=-7.084716
Epoch: 75: 2022-04-20 13:38:45.647377
Epoch 76/1000, D_loss=2.417279, reward=-7.097106
Epoch: 76: 2022-04-20 13:38:46.475976
Epoch 77/1000, D_loss=2.443975, reward=-7.068291
Epoch: 77: 2022-04-20 13:38:47.315835
Epoch 78/1000, D_loss=2.469362, reward=-7.046571
Epoch: 78: 2022-04-20 13:38:48.152362
Epoch 79/1000, D_loss=2.460022, reward=-7.046444
Epoch: 79: 2022-04-20 13:38:48.979909
Epoch 80/1000, D_loss=2.452144, reward=-7.055297
Test_MRR=0.257400, Test_MR=18.733146, Test_H@10=0.526217
Epoch: 80: 2022-04-20 13:38:51.127970
Epoch 81/1000, D_loss=2.465013, reward=-7.042183
Epoch: 81: 2022-04-20 13:38:51.973943
Epoch 82/1000, D_loss=2.466963, reward=-7.048707
Epoch: 82: 2022-04-20 13:38:52.640826
Epoch 83/1000, D_loss=2.476809, reward=-7.036427
Epoch: 83: 2022-04-20 13:38:53.313196
Epoch 84/1000, D_loss=2.471027, reward=-7.043452
Epoch: 84: 2022-04-20 13:38:53.989476
Epoch 85/1000, D_loss=2.496982, reward=-7.019261
Epoch: 85: 2022-04-20 13:38:54.675868
Epoch 86/1000, D_loss=2.488154, reward=-7.029635
Epoch: 86: 2022-04-20 13:38:55.423525
Epoch 87/1000, D_loss=2.479622, reward=-7.033239
Epoch: 87: 2022-04-20 13:38:56.252265
Epoch 88/1000, D_loss=2.490287, reward=-7.027003
Epoch: 88: 2022-04-20 13:38:57.053631
Epoch 89/1000, D_loss=2.514228, reward=-7.008084
Epoch: 89: 2022-04-20 13:38:57.874175
Epoch 90/1000, D_loss=2.510399, reward=-7.010572
Test_MRR=0.253333, Test_MR=19.431648, Test_H@10=0.514513
Epoch: 90: 2022-04-20 13:39:00.287429
Epoch 91/1000, D_loss=2.522259, reward=-7.009233
Epoch: 91: 2022-04-20 13:39:01.367687
Epoch 92/1000, D_loss=2.544071, reward=-6.991262
Epoch: 92: 2022-04-20 13:39:02.500855
Epoch 93/1000, D_loss=2.526204, reward=-7.013041
Epoch: 93: 2022-04-20 13:39:03.458171
Epoch 94/1000, D_loss=2.542300, reward=-6.995646
Epoch: 94: 2022-04-20 13:39:04.353871
Epoch 95/1000, D_loss=2.547385, reward=-6.990705
Epoch: 95: 2022-04-20 13:39:05.237330
Epoch 96/1000, D_loss=2.551125, reward=-6.993258
Epoch: 96: 2022-04-20 13:39:06.116559
Epoch 97/1000, D_loss=2.558255, reward=-6.985540
Epoch: 97: 2022-04-20 13:39:07.007772
Epoch 98/1000, D_loss=2.560541, reward=-6.996307
Epoch: 98: 2022-04-20 13:39:07.869473
Epoch 99/1000, D_loss=2.558651, reward=-7.004948
Epoch: 99: 2022-04-20 13:39:08.727027
Epoch 100/1000, D_loss=2.584768, reward=-6.983300
Test_MRR=0.247124, Test_MR=20.378745, Test_H@10=0.496723
Epoch: 100: 2022-04-20 13:39:10.997843
Epoch 101/1000, D_loss=2.571091, reward=-7.000652
Epoch: 101: 2022-04-20 13:39:11.839432
Epoch 102/1000, D_loss=2.574927, reward=-7.007770
Epoch: 102: 2022-04-20 13:39:12.516388
Epoch 103/1000, D_loss=2.598830, reward=-6.987374
Epoch: 103: 2022-04-20 13:39:13.191557
Epoch 104/1000, D_loss=2.583949, reward=-7.009530
Epoch: 104: 2022-04-20 13:39:14.129302
Epoch 105/1000, D_loss=2.606205, reward=-7.005465
Epoch: 105: 2022-04-20 13:39:15.023485
Epoch 106/1000, D_loss=2.619620, reward=-7.004059
Epoch: 106: 2022-04-20 13:39:15.913401
Epoch 107/1000, D_loss=2.617112, reward=-7.009571
Epoch: 107: 2022-04-20 13:39:16.737395
Epoch 108/1000, D_loss=2.607963, reward=-7.027428
Epoch: 108: 2022-04-20 13:39:17.560456
Epoch 109/1000, D_loss=2.596894, reward=-7.051759
Epoch: 109: 2022-04-20 13:39:18.397508
Epoch 110/1000, D_loss=2.621669, reward=-7.033671
Test_MRR=0.225020, Test_MR=21.919944, Test_H@10=0.457397
Epoch: 110: 2022-04-20 13:39:20.418249
Epoch 111/1000, D_loss=2.617851, reward=-7.050228
Epoch: 111: 2022-04-20 13:39:21.535666
Epoch 112/1000, D_loss=2.633338, reward=-7.044134
Epoch: 112: 2022-04-20 13:39:22.393945
Epoch 113/1000, D_loss=2.629750, reward=-7.052625
Epoch: 113: 2022-04-20 13:39:23.199631
Epoch 114/1000, D_loss=2.643955, reward=-7.045828
Epoch: 114: 2022-04-20 13:39:24.027919
Epoch 115/1000, D_loss=2.644147, reward=-7.052430
Epoch: 115: 2022-04-20 13:39:24.699508
Epoch 116/1000, D_loss=2.646516, reward=-7.055836
Epoch: 116: 2022-04-20 13:39:25.556338
Epoch 117/1000, D_loss=2.649787, reward=-7.047700
Epoch: 117: 2022-04-20 13:39:26.442682
Epoch 118/1000, D_loss=2.659044, reward=-7.049176
Epoch: 118: 2022-04-20 13:39:27.284769
Epoch 119/1000, D_loss=2.653067, reward=-7.059941
Epoch: 119: 2022-04-20 13:39:28.143681
Epoch 120/1000, D_loss=2.668399, reward=-7.049858
Test_MRR=0.208288, Test_MR=23.480337, Test_H@10=0.419007
Epoch: 120: 2022-04-20 13:39:30.015876
Epoch 121/1000, D_loss=2.657343, reward=-7.063802
Epoch: 121: 2022-04-20 13:39:30.918485
Epoch 122/1000, D_loss=2.667038, reward=-7.059848
Epoch: 122: 2022-04-20 13:39:31.821132
Epoch 123/1000, D_loss=2.662729, reward=-7.071368
Epoch: 123: 2022-04-20 13:39:32.785495
Epoch 124/1000, D_loss=2.670092, reward=-7.073024
Epoch: 124: 2022-04-20 13:39:33.685141
Epoch 125/1000, D_loss=2.675003, reward=-7.074571
Epoch: 125: 2022-04-20 13:39:34.569302
Epoch 126/1000, D_loss=2.679402, reward=-7.078811
Epoch: 126: 2022-04-20 13:39:35.440350
Epoch 127/1000, D_loss=2.669980, reward=-7.097391
Epoch: 127: 2022-04-20 13:39:36.333934
Epoch 128/1000, D_loss=2.676983, reward=-7.099738
Epoch: 128: 2022-04-20 13:39:37.218305
Epoch 129/1000, D_loss=2.687201, reward=-7.094286
Epoch: 129: 2022-04-20 13:39:38.097493
Epoch 130/1000, D_loss=2.698963, reward=-7.090341
Test_MRR=0.186400, Test_MR=24.644195, Test_H@10=0.392322
Epoch: 130: 2022-04-20 13:39:40.271522
Epoch 131/1000, D_loss=2.719957, reward=-7.073649
Epoch: 131: 2022-04-20 13:39:41.329453
Epoch 132/1000, D_loss=2.698606, reward=-7.101217
Epoch: 132: 2022-04-20 13:39:42.259172
Epoch 133/1000, D_loss=2.711731, reward=-7.094705
Epoch: 133: 2022-04-20 13:39:43.174364
Epoch 134/1000, D_loss=2.706983, reward=-7.105054
Epoch: 134: 2022-04-20 13:39:44.067027
Epoch 135/1000, D_loss=2.709996, reward=-7.101147
Epoch: 135: 2022-04-20 13:39:44.926833
Epoch 136/1000, D_loss=2.713494, reward=-7.101267
Epoch: 136: 2022-04-20 13:39:45.822193
Epoch 137/1000, D_loss=2.715882, reward=-7.108286
Epoch: 137: 2022-04-20 13:39:46.725143
Epoch 138/1000, D_loss=2.708950, reward=-7.129055
Epoch: 138: 2022-04-20 13:39:47.631200
Epoch 139/1000, D_loss=2.718073, reward=-7.122594
Epoch: 139: 2022-04-20 13:39:48.535567
Epoch 140/1000, D_loss=2.721349, reward=-7.129610
Test_MRR=0.176786, Test_MR=25.578184, Test_H@10=0.371723
Epoch: 140: 2022-04-20 13:39:50.825826
Epoch 141/1000, D_loss=2.724435, reward=-7.133028
Epoch: 141: 2022-04-20 13:39:51.799840
Epoch 142/1000, D_loss=2.735648, reward=-7.126598
Epoch: 142: 2022-04-20 13:39:52.679924
Epoch 143/1000, D_loss=2.737019, reward=-7.124617
Epoch: 143: 2022-04-20 13:39:53.660288
Epoch 144/1000, D_loss=2.736214, reward=-7.129554
Epoch: 144: 2022-04-20 13:39:54.548003
Epoch 145/1000, D_loss=2.740599, reward=-7.127102
Epoch: 145: 2022-04-20 13:39:55.441621
Epoch 146/1000, D_loss=2.752208, reward=-7.126080
Epoch: 146: 2022-04-20 13:39:56.331118
Epoch 147/1000, D_loss=2.730733, reward=-7.150414
Epoch: 147: 2022-04-20 13:39:57.214510
Epoch 148/1000, D_loss=2.746262, reward=-7.146690
Epoch: 148: 2022-04-20 13:39:58.093498
Epoch 149/1000, D_loss=2.743312, reward=-7.158824
Epoch: 149: 2022-04-20 13:39:58.989472
Epoch 150/1000, D_loss=2.750747, reward=-7.157978
Test_MRR=0.156750, Test_MR=27.219569, Test_H@10=0.338951
Epoch: 150: 2022-04-20 13:40:01.225653
Epoch 151/1000, D_loss=2.769273, reward=-7.139163
Epoch: 151: 2022-04-20 13:40:02.134776
Epoch 152/1000, D_loss=2.766024, reward=-7.143715
Epoch: 152: 2022-04-20 13:40:02.976712
Epoch 153/1000, D_loss=2.758238, reward=-7.153413
Epoch: 153: 2022-04-20 13:40:03.662746
Epoch 154/1000, D_loss=2.761738, reward=-7.156004
Epoch: 154: 2022-04-20 13:40:04.400422
Epoch 155/1000, D_loss=2.756589, reward=-7.168046
Epoch: 155: 2022-04-20 13:40:05.240375
Epoch 156/1000, D_loss=2.764270, reward=-7.170207
Epoch: 156: 2022-04-20 13:40:06.056320
Epoch 157/1000, D_loss=2.774182, reward=-7.160128
Epoch: 157: 2022-04-20 13:40:06.802614
Epoch 158/1000, D_loss=2.744669, reward=-7.198856
Epoch: 158: 2022-04-20 13:40:07.642533
Epoch 159/1000, D_loss=2.775599, reward=-7.167543
Epoch: 159: 2022-04-20 13:40:08.459705
Epoch 160/1000, D_loss=2.759490, reward=-7.187262
Test_MRR=0.143681, Test_MR=29.132959, Test_H@10=0.324438
Epoch: 160: 2022-04-20 13:40:10.519434
Epoch 161/1000, D_loss=2.776989, reward=-7.172677
Epoch: 161: 2022-04-20 13:40:11.358952
Epoch 162/1000, D_loss=2.763319, reward=-7.197767
Epoch: 162: 2022-04-20 13:40:12.178062
Epoch 163/1000, D_loss=2.777728, reward=-7.192596
Epoch: 163: 2022-04-20 13:40:12.849629
Epoch 164/1000, D_loss=2.778454, reward=-7.191782
Epoch: 164: 2022-04-20 13:40:13.624424
Epoch 165/1000, D_loss=2.757880, reward=-7.213432
Epoch: 165: 2022-04-20 13:40:14.463037
Epoch 166/1000, D_loss=2.777345, reward=-7.197138
Epoch: 166: 2022-04-20 13:40:15.240486
Epoch 167/1000, D_loss=2.792294, reward=-7.175798
Epoch: 167: 2022-04-20 13:40:16.055811
Epoch 168/1000, D_loss=2.769279, reward=-7.201198
Epoch: 168: 2022-04-20 13:40:16.733158
Epoch 169/1000, D_loss=2.772390, reward=-7.199373
Epoch: 169: 2022-04-20 13:40:17.417935
Epoch 170/1000, D_loss=2.768456, reward=-7.204535
Test_MRR=0.142051, Test_MR=30.487360, Test_H@10=0.296348
Epoch: 170: 2022-04-20 13:40:19.442771
Epoch 171/1000, D_loss=2.774318, reward=-7.210635
Epoch: 171: 2022-04-20 13:40:20.121755
Epoch 172/1000, D_loss=2.781514, reward=-7.203575
Epoch: 172: 2022-04-20 13:40:21.151607
Epoch 173/1000, D_loss=2.789849, reward=-7.184229
Epoch: 173: 2022-04-20 13:40:21.839827
Epoch 174/1000, D_loss=2.783358, reward=-7.187373
Epoch: 174: 2022-04-20 13:40:22.515212
Epoch 175/1000, D_loss=2.788606, reward=-7.183609
Epoch: 175: 2022-04-20 13:40:23.188776
Epoch 176/1000, D_loss=2.790956, reward=-7.182184
Epoch: 176: 2022-04-20 13:40:23.860130
Epoch 177/1000, D_loss=2.796933, reward=-7.172759
Epoch: 177: 2022-04-20 13:40:24.575526
Epoch 178/1000, D_loss=2.782459, reward=-7.190245
Epoch: 178: 2022-04-20 13:40:25.329958
Epoch 179/1000, D_loss=2.786050, reward=-7.187317
Epoch: 179: 2022-04-20 13:40:26.121529
Epoch 180/1000, D_loss=2.781889, reward=-7.200178
Test_MRR=0.135034, Test_MR=32.079120, Test_H@10=0.272472
Epoch: 180: 2022-04-20 13:40:28.250443
Epoch 181/1000, D_loss=2.792017, reward=-7.183319
Epoch: 181: 2022-04-20 13:40:29.097700
Epoch 182/1000, D_loss=2.794148, reward=-7.176580
Epoch: 182: 2022-04-20 13:40:29.942793
Epoch 183/1000, D_loss=2.792454, reward=-7.172658
Epoch: 183: 2022-04-20 13:40:30.789822
Epoch 184/1000, D_loss=2.780565, reward=-7.187062
Epoch: 184: 2022-04-20 13:40:31.638177
Epoch 185/1000, D_loss=2.780616, reward=-7.187432
Epoch: 185: 2022-04-20 13:40:32.485017
Epoch 186/1000, D_loss=2.779475, reward=-7.186440
Epoch: 186: 2022-04-20 13:40:33.229501
Epoch 187/1000, D_loss=2.792549, reward=-7.178827
Epoch: 187: 2022-04-20 13:40:33.898709
Epoch 188/1000, D_loss=2.796082, reward=-7.166984
Epoch: 188: 2022-04-20 13:40:34.687867
Epoch 189/1000, D_loss=2.799032, reward=-7.168623
Epoch: 189: 2022-04-20 13:40:35.536415
Epoch 190/1000, D_loss=2.791051, reward=-7.178863
Test_MRR=0.131744, Test_MR=31.838951, Test_H@10=0.289794
Epoch: 190: 2022-04-20 13:40:37.728130
Epoch 191/1000, D_loss=2.796565, reward=-7.169847
Epoch: 191: 2022-04-20 13:40:38.458159
Epoch 192/1000, D_loss=2.803221, reward=-7.161291
Epoch: 192: 2022-04-20 13:40:39.297131
Epoch 193/1000, D_loss=2.787577, reward=-7.175349
Epoch: 193: 2022-04-20 13:40:40.145425
Epoch 194/1000, D_loss=2.798763, reward=-7.164342
Epoch: 194: 2022-04-20 13:40:40.973788
Epoch 195/1000, D_loss=2.794820, reward=-7.169978
Epoch: 195: 2022-04-20 13:40:41.808483
Epoch 196/1000, D_loss=2.802773, reward=-7.159876
Epoch: 196: 2022-04-20 13:40:42.640792
Epoch 197/1000, D_loss=2.799146, reward=-7.159056
Epoch: 197: 2022-04-20 13:40:43.487240
Epoch 198/1000, D_loss=2.794503, reward=-7.166212
Epoch: 198: 2022-04-20 13:40:44.248836
Epoch 199/1000, D_loss=2.808037, reward=-7.155455
Epoch: 199: 2022-04-20 13:40:44.910935
Epoch 200/1000, D_loss=2.803846, reward=-7.160264
Test_MRR=0.124648, Test_MR=32.403558, Test_H@10=0.264045
Epoch: 200: 2022-04-20 13:40:46.704830
Epoch 201/1000, D_loss=2.812398, reward=-7.155172
Epoch: 201: 2022-04-20 13:40:47.527425
Epoch 202/1000, D_loss=2.796901, reward=-7.163361
Epoch: 202: 2022-04-20 13:40:48.371385
Epoch 203/1000, D_loss=2.811188, reward=-7.145087
Epoch: 203: 2022-04-20 13:40:49.201241
Epoch 204/1000, D_loss=2.800381, reward=-7.154956
Epoch: 204: 2022-04-20 13:40:50.031502
Epoch 205/1000, D_loss=2.798082, reward=-7.155971
Epoch: 205: 2022-04-20 13:40:51.104537
Epoch 206/1000, D_loss=2.797045, reward=-7.157809
Epoch: 206: 2022-04-20 13:40:52.074643
Epoch 207/1000, D_loss=2.813311, reward=-7.153140
Epoch: 207: 2022-04-20 13:40:52.843458
Epoch 208/1000, D_loss=2.827425, reward=-7.137338
Epoch: 208: 2022-04-20 13:40:53.608739
Epoch 209/1000, D_loss=2.791472, reward=-7.173454
Epoch: 209: 2022-04-20 13:40:54.439535
Epoch 210/1000, D_loss=2.816924, reward=-7.157202
Test_MRR=0.111738, Test_MR=34.044007, Test_H@10=0.242978
Epoch: 210: 2022-04-20 13:40:56.669998
Epoch 211/1000, D_loss=2.830289, reward=-7.142502
Epoch: 211: 2022-04-20 13:40:57.500596
Epoch 212/1000, D_loss=2.825674, reward=-7.135978
Epoch: 212: 2022-04-20 13:40:58.336883
Epoch 213/1000, D_loss=2.816192, reward=-7.143821
Epoch: 213: 2022-04-20 13:40:59.350579
Epoch 214/1000, D_loss=2.820870, reward=-7.137427
Epoch: 214: 2022-04-20 13:41:00.245441
Epoch 215/1000, D_loss=2.814260, reward=-7.144980
Epoch: 215: 2022-04-20 13:41:01.133795
Epoch 216/1000, D_loss=2.816083, reward=-7.148194
Epoch: 216: 2022-04-20 13:41:02.026555
Epoch 217/1000, D_loss=2.808589, reward=-7.151896
Epoch: 217: 2022-04-20 13:41:02.914212
Epoch 218/1000, D_loss=2.823810, reward=-7.130141
Epoch: 218: 2022-04-20 13:41:03.806895
Epoch 219/1000, D_loss=2.817488, reward=-7.135624
Epoch: 219: 2022-04-20 13:41:04.702655
Epoch 220/1000, D_loss=2.818566, reward=-7.135387
Test_MRR=0.111948, Test_MR=34.619382, Test_H@10=0.234551
Epoch: 220: 2022-04-20 13:41:06.982363
Epoch 221/1000, D_loss=2.808454, reward=-7.141255
Epoch: 221: 2022-04-20 13:41:07.784429
Epoch 222/1000, D_loss=2.812093, reward=-7.143699
Epoch: 222: 2022-04-20 13:41:08.507270
Epoch 223/1000, D_loss=2.795730, reward=-7.165698
Epoch: 223: 2022-04-20 13:41:09.575392
Epoch 224/1000, D_loss=2.804249, reward=-7.159045
Epoch: 224: 2022-04-20 13:41:10.541837
Epoch 225/1000, D_loss=2.815784, reward=-7.151872
Epoch: 225: 2022-04-20 13:41:11.446235
Epoch 226/1000, D_loss=2.822739, reward=-7.143465
Epoch: 226: 2022-04-20 13:41:12.240507
Epoch 227/1000, D_loss=2.811555, reward=-7.150054
Epoch: 227: 2022-04-20 13:41:13.049113
Epoch 228/1000, D_loss=2.828641, reward=-7.134218
Epoch: 228: 2022-04-20 13:41:13.805491
Epoch 229/1000, D_loss=2.821406, reward=-7.146055
Epoch: 229: 2022-04-20 13:41:14.558734
Epoch 230/1000, D_loss=2.816956, reward=-7.151191
Test_MRR=0.106794, Test_MR=35.635300, Test_H@10=0.220037
Epoch: 230: 2022-04-20 13:41:16.794400
Epoch 231/1000, D_loss=2.815948, reward=-7.151854
Epoch: 231: 2022-04-20 13:41:17.684390
Epoch 232/1000, D_loss=2.824317, reward=-7.144306
Epoch: 232: 2022-04-20 13:41:18.545112
Epoch 233/1000, D_loss=2.823638, reward=-7.145486
Epoch: 233: 2022-04-20 13:41:19.302876
Epoch 234/1000, D_loss=2.809452, reward=-7.159513
Epoch: 234: 2022-04-20 13:41:20.179912
Epoch 235/1000, D_loss=2.819459, reward=-7.157811
Epoch: 235: 2022-04-20 13:41:20.986438
Epoch 236/1000, D_loss=2.811592, reward=-7.166028
Epoch: 236: 2022-04-20 13:41:22.007126
Epoch 237/1000, D_loss=2.809000, reward=-7.170236
Epoch: 237: 2022-04-20 13:41:22.880014
Epoch 238/1000, D_loss=2.821007, reward=-7.154724
Epoch: 238: 2022-04-20 13:41:23.555316
Epoch 239/1000, D_loss=2.814432, reward=-7.156713
Epoch: 239: 2022-04-20 13:41:24.228595
Epoch 240/1000, D_loss=2.808626, reward=-7.169585
Test_MRR=0.105163, Test_MR=35.877809, Test_H@10=0.218165
Epoch: 240: 2022-04-20 13:41:26.030303
Epoch 241/1000, D_loss=2.815996, reward=-7.169278
Epoch: 241: 2022-04-20 13:41:26.865851
Epoch 242/1000, D_loss=2.829282, reward=-7.157698
Epoch: 242: 2022-04-20 13:41:27.555682
Epoch 243/1000, D_loss=2.832753, reward=-7.149860
Epoch: 243: 2022-04-20 13:41:28.402987
Epoch 244/1000, D_loss=2.820347, reward=-7.157182
Epoch: 244: 2022-04-20 13:41:29.182288
Epoch 245/1000, D_loss=2.827382, reward=-7.148540
Epoch: 245: 2022-04-20 13:41:29.844600
Epoch 246/1000, D_loss=2.822809, reward=-7.144669
Epoch: 246: 2022-04-20 13:41:30.558981
Epoch 247/1000, D_loss=2.821696, reward=-7.143527
Epoch: 247: 2022-04-20 13:41:31.325342
Epoch 248/1000, D_loss=2.826294, reward=-7.139594
Epoch: 248: 2022-04-20 13:41:32.365547
Epoch 249/1000, D_loss=2.816978, reward=-7.154476
Epoch: 249: 2022-04-20 13:41:33.316059
Epoch 250/1000, D_loss=2.833765, reward=-7.144780
Test_MRR=0.101436, Test_MR=35.959270, Test_H@10=0.209738
Epoch: 250: 2022-04-20 13:41:35.657713
Epoch 251/1000, D_loss=2.820934, reward=-7.152192
Epoch: 251: 2022-04-20 13:41:36.694958
Epoch 252/1000, D_loss=2.831683, reward=-7.133578
Epoch: 252: 2022-04-20 13:41:37.613532
Epoch 253/1000, D_loss=2.819384, reward=-7.148807
Epoch: 253: 2022-04-20 13:41:38.425107
Epoch 254/1000, D_loss=2.810554, reward=-7.160643
Epoch: 254: 2022-04-20 13:41:39.092437
Epoch 255/1000, D_loss=2.824066, reward=-7.145815
Epoch: 255: 2022-04-20 13:41:39.765665
Epoch 256/1000, D_loss=2.836362, reward=-7.126213
Epoch: 256: 2022-04-20 13:41:40.479448
Epoch 257/1000, D_loss=2.828257, reward=-7.134831
Epoch: 257: 2022-04-20 13:41:41.527014
Epoch 258/1000, D_loss=2.824859, reward=-7.141190
Epoch: 258: 2022-04-20 13:41:42.446274
Epoch 259/1000, D_loss=2.825611, reward=-7.142941
Epoch: 259: 2022-04-20 13:41:43.343573
Epoch 260/1000, D_loss=2.831657, reward=-7.139320
Test_MRR=0.103578, Test_MR=35.860487, Test_H@10=0.212547
Epoch: 260: 2022-04-20 13:41:45.314876
Epoch 261/1000, D_loss=2.830114, reward=-7.145191
Epoch: 261: 2022-04-20 13:41:46.228200
Epoch 262/1000, D_loss=2.827434, reward=-7.147133
Epoch: 262: 2022-04-20 13:41:47.094394
Epoch 263/1000, D_loss=2.825116, reward=-7.156430
Epoch: 263: 2022-04-20 13:41:48.217461
Epoch 264/1000, D_loss=2.831850, reward=-7.149872
Epoch: 264: 2022-04-20 13:41:49.223493
Epoch 265/1000, D_loss=2.819527, reward=-7.159611
Epoch: 265: 2022-04-20 13:41:50.168629
Epoch 266/1000, D_loss=2.819528, reward=-7.157236
Epoch: 266: 2022-04-20 13:41:51.241434
Epoch 267/1000, D_loss=2.830010, reward=-7.151517
Epoch: 267: 2022-04-20 13:41:52.187442
Epoch 268/1000, D_loss=2.820175, reward=-7.161602
Epoch: 268: 2022-04-20 13:41:53.148367
Epoch 269/1000, D_loss=2.827697, reward=-7.153093
Epoch: 269: 2022-04-20 13:41:54.142413
Epoch 270/1000, D_loss=2.822501, reward=-7.163434
Test_MRR=0.107027, Test_MR=35.072566, Test_H@10=0.229401
Epoch: 270: 2022-04-20 13:41:56.398957
Epoch 271/1000, D_loss=2.818795, reward=-7.170793
Epoch: 271: 2022-04-20 13:41:57.440245
Epoch 272/1000, D_loss=2.834779, reward=-7.160427
Epoch: 272: 2022-04-20 13:41:58.473059
Epoch 273/1000, D_loss=2.832801, reward=-7.159724
Epoch: 273: 2022-04-20 13:41:59.334200
Epoch 274/1000, D_loss=2.835101, reward=-7.154841
Epoch: 274: 2022-04-20 13:42:00.052865
Epoch 275/1000, D_loss=2.834374, reward=-7.154082
Epoch: 275: 2022-04-20 13:42:00.730211
Epoch 276/1000, D_loss=2.819272, reward=-7.166796
Epoch: 276: 2022-04-20 13:42:01.402666
Epoch 277/1000, D_loss=2.838289, reward=-7.152045
Epoch: 277: 2022-04-20 13:42:02.565457
Epoch 278/1000, D_loss=2.848793, reward=-7.141842
Epoch: 278: 2022-04-20 13:42:03.693235
Epoch 279/1000, D_loss=2.821161, reward=-7.169211
Epoch: 279: 2022-04-20 13:42:04.769887
Epoch 280/1000, D_loss=2.835112, reward=-7.163540
Test_MRR=0.105308, Test_MR=34.392322, Test_H@10=0.230337
Epoch: 280: 2022-04-20 13:42:07.194756
Epoch 281/1000, D_loss=2.835553, reward=-7.162086
Epoch: 281: 2022-04-20 13:42:08.226544
Epoch 282/1000, D_loss=2.827557, reward=-7.171897
Epoch: 282: 2022-04-20 13:42:09.253942
Epoch 283/1000, D_loss=2.828358, reward=-7.173612
Epoch: 283: 2022-04-20 13:42:10.219780
Epoch 284/1000, D_loss=2.851231, reward=-7.146783
Epoch: 284: 2022-04-20 13:42:11.188277
Epoch 285/1000, D_loss=2.839747, reward=-7.156013
Epoch: 285: 2022-04-20 13:42:12.076043
Epoch 286/1000, D_loss=2.846695, reward=-7.151449
Epoch: 286: 2022-04-20 13:42:12.908920
Epoch 287/1000, D_loss=2.853280, reward=-7.146048
Epoch: 287: 2022-04-20 13:42:13.746666
Epoch 288/1000, D_loss=2.838407, reward=-7.150676
Epoch: 288: 2022-04-20 13:42:14.589142
Epoch 289/1000, D_loss=2.836610, reward=-7.154279
Epoch: 289: 2022-04-20 13:42:15.429903
Epoch 290/1000, D_loss=2.839277, reward=-7.158642
Test_MRR=0.102495, Test_MR=35.098783, Test_H@10=0.229401
Epoch: 290: 2022-04-20 13:42:17.623649
Epoch 291/1000, D_loss=2.842937, reward=-7.153613
Epoch: 291: 2022-04-20 13:42:18.472520
Epoch 292/1000, D_loss=2.842979, reward=-7.152802
Epoch: 292: 2022-04-20 13:42:19.314711
Epoch 293/1000, D_loss=2.849473, reward=-7.140029
Epoch: 293: 2022-04-20 13:42:20.159027
Epoch 294/1000, D_loss=2.843594, reward=-7.149377
Epoch: 294: 2022-04-20 13:42:20.994028
Epoch 295/1000, D_loss=2.851215, reward=-7.142074
Epoch: 295: 2022-04-20 13:42:21.751229
Epoch 296/1000, D_loss=2.848297, reward=-7.139670
Epoch: 296: 2022-04-20 13:42:22.432000
Epoch 297/1000, D_loss=2.841876, reward=-7.144429
Epoch: 297: 2022-04-20 13:42:23.111297
Epoch 298/1000, D_loss=2.844589, reward=-7.144553
Epoch: 298: 2022-04-20 13:42:23.790140
Epoch 299/1000, D_loss=2.849054, reward=-7.139373
Epoch: 299: 2022-04-20 13:42:24.471857
Epoch 300/1000, D_loss=2.838181, reward=-7.148855
Test_MRR=0.103629, Test_MR=34.809457, Test_H@10=0.222846
Epoch: 300: 2022-04-20 13:42:26.809372
Epoch 301/1000, D_loss=2.854005, reward=-7.133690
Epoch: 301: 2022-04-20 13:42:27.849808
Epoch 302/1000, D_loss=2.841055, reward=-7.137303
Epoch: 302: 2022-04-20 13:42:28.733302
Epoch 303/1000, D_loss=2.846051, reward=-7.127783
Epoch: 303: 2022-04-20 13:42:29.464582
Epoch 304/1000, D_loss=2.851239, reward=-7.120257
Epoch: 304: 2022-04-20 13:42:30.134643
Epoch 305/1000, D_loss=2.854752, reward=-7.112528
Epoch: 305: 2022-04-20 13:42:30.806433
Epoch 306/1000, D_loss=2.858335, reward=-7.106961
Epoch: 306: 2022-04-20 13:42:31.526704
Epoch 307/1000, D_loss=2.837083, reward=-7.125129
Epoch: 307: 2022-04-20 13:42:32.373382
Epoch 308/1000, D_loss=2.863470, reward=-7.090260
Epoch: 308: 2022-04-20 13:42:33.146397
Epoch 309/1000, D_loss=2.851128, reward=-7.098924
Epoch: 309: 2022-04-20 13:42:33.807421
Epoch 310/1000, D_loss=2.854873, reward=-7.092613
Test_MRR=0.106514, Test_MR=34.789794, Test_H@10=0.227528
Epoch: 310: 2022-04-20 13:42:35.959828
Epoch 311/1000, D_loss=2.856236, reward=-7.096942
Epoch: 311: 2022-04-20 13:42:36.801957
Epoch 312/1000, D_loss=2.848369, reward=-7.105809
Epoch: 312: 2022-04-20 13:42:37.631987
Epoch 313/1000, D_loss=2.867760, reward=-7.079364
Epoch: 313: 2022-04-20 13:42:38.466839
Epoch 314/1000, D_loss=2.854753, reward=-7.091658
Epoch: 314: 2022-04-20 13:42:39.254388
Epoch 315/1000, D_loss=2.858273, reward=-7.087299
Epoch: 315: 2022-04-20 13:42:40.086264
Epoch 316/1000, D_loss=2.853173, reward=-7.088240
Epoch: 316: 2022-04-20 13:42:41.105408
Epoch 317/1000, D_loss=2.852624, reward=-7.091627
Epoch: 317: 2022-04-20 13:42:41.995328
Epoch 318/1000, D_loss=2.866520, reward=-7.075372
Epoch: 318: 2022-04-20 13:42:42.893951
Epoch 319/1000, D_loss=2.853914, reward=-7.084843
Epoch: 319: 2022-04-20 13:42:43.795489
Epoch 320/1000, D_loss=2.859154, reward=-7.080790
Test_MRR=0.101927, Test_MR=35.005618, Test_H@10=0.223783
Epoch: 320: 2022-04-20 13:42:46.096167
Epoch 321/1000, D_loss=2.867835, reward=-7.068280
Epoch: 321: 2022-04-20 13:42:47.131046
Epoch 322/1000, D_loss=2.864005, reward=-7.071685
Epoch: 322: 2022-04-20 13:42:48.146340
Epoch 323/1000, D_loss=2.851175, reward=-7.080800
Epoch: 323: 2022-04-20 13:42:49.129148
Epoch 324/1000, D_loss=2.865637, reward=-7.070620
Epoch: 324: 2022-04-20 13:42:50.088464
Epoch 325/1000, D_loss=2.855229, reward=-7.080985
Epoch: 325: 2022-04-20 13:42:51.007070
Epoch 326/1000, D_loss=2.864258, reward=-7.073422
Epoch: 326: 2022-04-20 13:42:51.922694
Epoch 327/1000, D_loss=2.848552, reward=-7.093247
Epoch: 327: 2022-04-20 13:42:52.774370
Epoch 328/1000, D_loss=2.862089, reward=-7.083851
Epoch: 328: 2022-04-20 13:42:53.474647
Epoch 329/1000, D_loss=2.858507, reward=-7.085267
Epoch: 329: 2022-04-20 13:42:54.146451
Epoch 330/1000, D_loss=2.855049, reward=-7.087043
Test_MRR=0.105184, Test_MR=34.900749, Test_H@10=0.229869
Epoch: 330: 2022-04-20 13:42:55.922431
Epoch 331/1000, D_loss=2.859844, reward=-7.080823
Epoch: 331: 2022-04-20 13:42:56.594529
Epoch 332/1000, D_loss=2.869123, reward=-7.066234
Epoch: 332: 2022-04-20 13:42:57.259094
Epoch 333/1000, D_loss=2.864383, reward=-7.070279
Epoch: 333: 2022-04-20 13:42:57.918268
Epoch 334/1000, D_loss=2.866030, reward=-7.074956
Epoch: 334: 2022-04-20 13:42:58.594633
Epoch 335/1000, D_loss=2.866929, reward=-7.081155
Epoch: 335: 2022-04-20 13:42:59.636628
Epoch 336/1000, D_loss=2.865439, reward=-7.084871
Epoch: 336: 2022-04-20 13:43:00.618625
Epoch 337/1000, D_loss=2.863883, reward=-7.083812
Epoch: 337: 2022-04-20 13:43:01.519191
Epoch 338/1000, D_loss=2.861603, reward=-7.083948
Epoch: 338: 2022-04-20 13:43:02.398701
Epoch 339/1000, D_loss=2.866243, reward=-7.081084
Epoch: 339: 2022-04-20 13:43:03.216056
Epoch 340/1000, D_loss=2.863845, reward=-7.083709
Test_MRR=0.103186, Test_MR=35.132491, Test_H@10=0.218165
Epoch: 340: 2022-04-20 13:43:05.525628
Epoch 341/1000, D_loss=2.866524, reward=-7.080654
Epoch: 341: 2022-04-20 13:43:06.559490
Epoch 342/1000, D_loss=2.869761, reward=-7.080194
Epoch: 342: 2022-04-20 13:43:07.524146
Epoch 343/1000, D_loss=2.871935, reward=-7.070228
Epoch: 343: 2022-04-20 13:43:08.410849
Epoch 344/1000, D_loss=2.868786, reward=-7.075599
Epoch: 344: 2022-04-20 13:43:09.277660
Epoch 345/1000, D_loss=2.873218, reward=-7.070513
Epoch: 345: 2022-04-20 13:43:10.228359
Epoch 346/1000, D_loss=2.858320, reward=-7.080839
Epoch: 346: 2022-04-20 13:43:11.163048
Epoch 347/1000, D_loss=2.863720, reward=-7.071360
Epoch: 347: 2022-04-20 13:43:11.984590
Epoch 348/1000, D_loss=2.865445, reward=-7.073721
Epoch: 348: 2022-04-20 13:43:12.794267
Epoch 349/1000, D_loss=2.860123, reward=-7.082714
Epoch: 349: 2022-04-20 13:43:13.500384
Epoch 350/1000, D_loss=2.876328, reward=-7.066124
Test_MRR=0.103238, Test_MR=35.555712, Test_H@10=0.220506
Epoch: 350: 2022-04-20 13:43:15.405006
Epoch 351/1000, D_loss=2.869096, reward=-7.076530
Epoch: 351: 2022-04-20 13:43:16.123896
Epoch 352/1000, D_loss=2.879116, reward=-7.063163
Epoch: 352: 2022-04-20 13:43:16.785956
Epoch 353/1000, D_loss=2.867163, reward=-7.075205
Epoch: 353: 2022-04-20 13:43:17.463725
Epoch 354/1000, D_loss=2.874345, reward=-7.062545
Epoch: 354: 2022-04-20 13:43:18.121894
Epoch 355/1000, D_loss=2.881986, reward=-7.054186
Epoch: 355: 2022-04-20 13:43:18.786737
Epoch 356/1000, D_loss=2.870473, reward=-7.069710
Epoch: 356: 2022-04-20 13:43:19.601878
Epoch 357/1000, D_loss=2.877180, reward=-7.058156
Epoch: 357: 2022-04-20 13:43:20.448289
Epoch 358/1000, D_loss=2.874285, reward=-7.064513
Epoch: 358: 2022-04-20 13:43:21.120815
Epoch 359/1000, D_loss=2.874133, reward=-7.064249
Epoch: 359: 2022-04-20 13:43:21.791463
Epoch 360/1000, D_loss=2.869715, reward=-7.067686
Test_MRR=0.103650, Test_MR=35.025281, Test_H@10=0.214888
Epoch: 360: 2022-04-20 13:43:24.146028
Epoch 361/1000, D_loss=2.867363, reward=-7.064145
Epoch: 361: 2022-04-20 13:43:25.176568
Epoch 362/1000, D_loss=2.864969, reward=-7.067936
Epoch: 362: 2022-04-20 13:43:26.204537
Epoch 363/1000, D_loss=2.876733, reward=-7.055683
Epoch: 363: 2022-04-20 13:43:27.234203
Epoch 364/1000, D_loss=2.864780, reward=-7.068974
Epoch: 364: 2022-04-20 13:43:28.272954
Epoch 365/1000, D_loss=2.870312, reward=-7.066364
Epoch: 365: 2022-04-20 13:43:29.126598
Epoch 366/1000, D_loss=2.873426, reward=-7.063241
Epoch: 366: 2022-04-20 13:43:29.907482
Epoch 367/1000, D_loss=2.858090, reward=-7.085393
Epoch: 367: 2022-04-20 13:43:30.584389
Epoch 368/1000, D_loss=2.881945, reward=-7.056928
Epoch: 368: 2022-04-20 13:43:31.257355
Epoch 369/1000, D_loss=2.872413, reward=-7.058144
Epoch: 369: 2022-04-20 13:43:31.935583
Epoch 370/1000, D_loss=2.856369, reward=-7.079942
Test_MRR=0.099206, Test_MR=35.508427, Test_H@10=0.206929
Epoch: 370: 2022-04-20 13:43:34.204530
Epoch 371/1000, D_loss=2.869183, reward=-7.072602
Epoch: 371: 2022-04-20 13:43:35.238207
Epoch 372/1000, D_loss=2.867199, reward=-7.081995
Epoch: 372: 2022-04-20 13:43:36.274508
Epoch 373/1000, D_loss=2.877488, reward=-7.069181
Epoch: 373: 2022-04-20 13:43:37.303348
Epoch 374/1000, D_loss=2.880476, reward=-7.057336
Epoch: 374: 2022-04-20 13:43:38.269055
Epoch 375/1000, D_loss=2.875319, reward=-7.060115
Epoch: 375: 2022-04-20 13:43:39.295914
Epoch 376/1000, D_loss=2.878191, reward=-7.058288
Epoch: 376: 2022-04-20 13:43:40.295528
Epoch 377/1000, D_loss=2.873187, reward=-7.055803
Epoch: 377: 2022-04-20 13:43:41.136780
Epoch 378/1000, D_loss=2.868376, reward=-7.063025
Epoch: 378: 2022-04-20 13:43:41.930131
Epoch 379/1000, D_loss=2.882967, reward=-7.048043
Epoch: 379: 2022-04-20 13:43:42.673974
Epoch 380/1000, D_loss=2.879731, reward=-7.045447
Test_MRR=0.096470, Test_MR=35.340356, Test_H@10=0.216760
Epoch: 380: 2022-04-20 13:43:44.567055
Epoch 381/1000, D_loss=2.877720, reward=-7.049617
Epoch: 381: 2022-04-20 13:43:45.271056
Epoch 382/1000, D_loss=2.889546, reward=-7.031604
Epoch: 382: 2022-04-20 13:43:45.931830
Epoch 383/1000, D_loss=2.881306, reward=-7.032026
Epoch: 383: 2022-04-20 13:43:46.727768
Epoch 384/1000, D_loss=2.883949, reward=-7.028474
Epoch: 384: 2022-04-20 13:43:47.577051
Epoch 385/1000, D_loss=2.875448, reward=-7.041482
Epoch: 385: 2022-04-20 13:43:48.420872
Epoch 386/1000, D_loss=2.872682, reward=-7.046814
Epoch: 386: 2022-04-20 13:43:49.208393
Epoch 387/1000, D_loss=2.884624, reward=-7.035304
Epoch: 387: 2022-04-20 13:43:50.017925
Epoch 388/1000, D_loss=2.869295, reward=-7.045389
Epoch: 388: 2022-04-20 13:43:50.690836
Epoch 389/1000, D_loss=2.876047, reward=-7.043440
Epoch: 389: 2022-04-20 13:43:51.632940
Epoch 390/1000, D_loss=2.883965, reward=-7.035669
Test_MRR=0.099150, Test_MR=35.393258, Test_H@10=0.211142
Epoch: 390: 2022-04-20 13:43:53.913409
Epoch 391/1000, D_loss=2.886990, reward=-7.035877
Epoch: 391: 2022-04-20 13:43:54.783486
Epoch 392/1000, D_loss=2.874709, reward=-7.043621
Epoch: 392: 2022-04-20 13:43:55.630181
Epoch 393/1000, D_loss=2.872547, reward=-7.047858
Epoch: 393: 2022-04-20 13:43:56.471433
Epoch 394/1000, D_loss=2.882038, reward=-7.034153
Epoch: 394: 2022-04-20 13:43:57.300274
Epoch 395/1000, D_loss=2.874563, reward=-7.041261
Epoch: 395: 2022-04-20 13:43:58.109973
Epoch 396/1000, D_loss=2.884285, reward=-7.031284
Epoch: 396: 2022-04-20 13:43:58.783964
Epoch 397/1000, D_loss=2.880120, reward=-7.024333
Epoch: 397: 2022-04-20 13:43:59.456367
Epoch 398/1000, D_loss=2.879980, reward=-7.030053
Epoch: 398: 2022-04-20 13:44:00.126023
Epoch 399/1000, D_loss=2.888661, reward=-7.023183
Epoch: 399: 2022-04-20 13:44:00.791780
Epoch 400/1000, D_loss=2.878027, reward=-7.039803
Test_MRR=0.097069, Test_MR=35.227060, Test_H@10=0.222378
Epoch: 400: 2022-04-20 13:44:02.558476
Epoch 401/1000, D_loss=2.885211, reward=-7.029896
Epoch: 401: 2022-04-20 13:44:03.751755
Epoch 402/1000, D_loss=2.877273, reward=-7.040565
Epoch: 402: 2022-04-20 13:44:04.819013
Epoch 403/1000, D_loss=2.885130, reward=-7.034132
Epoch: 403: 2022-04-20 13:44:05.770612
Epoch 404/1000, D_loss=2.880433, reward=-7.037711
Epoch: 404: 2022-04-20 13:44:06.702801
Epoch 405/1000, D_loss=2.880108, reward=-7.032334
Epoch: 405: 2022-04-20 13:44:07.647942
Epoch 406/1000, D_loss=2.884191, reward=-7.019669
Epoch: 406: 2022-04-20 13:44:08.579306
Epoch 407/1000, D_loss=2.886014, reward=-7.016467
Epoch: 407: 2022-04-20 13:44:09.517407
Epoch 408/1000, D_loss=2.885081, reward=-7.025591
Epoch: 408: 2022-04-20 13:44:10.475806
Epoch 409/1000, D_loss=2.888381, reward=-7.020282
Epoch: 409: 2022-04-20 13:44:11.360126
Epoch 410/1000, D_loss=2.900535, reward=-7.000147
Test_MRR=0.093985, Test_MR=35.544944, Test_H@10=0.218165
Epoch: 410: 2022-04-20 13:44:13.448426
Epoch 411/1000, D_loss=2.874445, reward=-7.020558
Epoch: 411: 2022-04-20 13:44:14.300043
Epoch 412/1000, D_loss=2.884494, reward=-7.009577
Epoch: 412: 2022-04-20 13:44:15.101581
Epoch 413/1000, D_loss=2.886472, reward=-7.005484
Epoch: 413: 2022-04-20 13:44:15.770088
Epoch 414/1000, D_loss=2.880631, reward=-7.014908
Epoch: 414: 2022-04-20 13:44:16.524870
Epoch 415/1000, D_loss=2.881521, reward=-7.015142
Epoch: 415: 2022-04-20 13:44:17.328444
Epoch 416/1000, D_loss=2.894145, reward=-7.000942
Epoch: 416: 2022-04-20 13:44:18.154038
Epoch 417/1000, D_loss=2.886974, reward=-7.013395
Epoch: 417: 2022-04-20 13:44:18.946205
Epoch 418/1000, D_loss=2.893152, reward=-7.001257
Epoch: 418: 2022-04-20 13:44:19.750465
Epoch 419/1000, D_loss=2.892531, reward=-7.004033
Epoch: 419: 2022-04-20 13:44:20.595881
Epoch 420/1000, D_loss=2.881439, reward=-7.014053
Test_MRR=0.096246, Test_MR=35.866105, Test_H@10=0.201311
Epoch: 420: 2022-04-20 13:44:23.056679
Epoch 421/1000, D_loss=2.876635, reward=-7.021593
Epoch: 421: 2022-04-20 13:44:23.884040
Epoch 422/1000, D_loss=2.897154, reward=-7.000652
Epoch: 422: 2022-04-20 13:44:24.612694
Epoch 423/1000, D_loss=2.880109, reward=-7.012458
Epoch: 423: 2022-04-20 13:44:25.443873
Epoch 424/1000, D_loss=2.885102, reward=-7.005999
Epoch: 424: 2022-04-20 13:44:26.224960
Epoch 425/1000, D_loss=2.889586, reward=-7.002340
Epoch: 425: 2022-04-20 13:44:27.024988
Epoch 426/1000, D_loss=2.883817, reward=-7.009971
Epoch: 426: 2022-04-20 13:44:27.691343
Epoch 427/1000, D_loss=2.880502, reward=-7.016198
Epoch: 427: 2022-04-20 13:44:28.761094
Epoch 428/1000, D_loss=2.890685, reward=-7.012348
Epoch: 428: 2022-04-20 13:44:29.658959
Epoch 429/1000, D_loss=2.892284, reward=-7.008926
Epoch: 429: 2022-04-20 13:44:30.529272
Epoch 430/1000, D_loss=2.897181, reward=-7.000908
Test_MRR=0.093885, Test_MR=35.492978, Test_H@10=0.210674
Epoch: 430: 2022-04-20 13:44:32.788699
Epoch 431/1000, D_loss=2.878776, reward=-7.019223
Epoch: 431: 2022-04-20 13:44:33.642532
Epoch 432/1000, D_loss=2.894762, reward=-7.007195
Epoch: 432: 2022-04-20 13:44:34.348519
Epoch 433/1000, D_loss=2.890346, reward=-7.007429
Epoch: 433: 2022-04-20 13:44:35.189091
Epoch 434/1000, D_loss=2.893541, reward=-6.993485
Epoch: 434: 2022-04-20 13:44:36.034526
Epoch 435/1000, D_loss=2.878765, reward=-7.012214
Epoch: 435: 2022-04-20 13:44:36.860395
Epoch 436/1000, D_loss=2.889020, reward=-7.006455
Epoch: 436: 2022-04-20 13:44:37.688413
Epoch 437/1000, D_loss=2.879401, reward=-7.014922
Epoch: 437: 2022-04-20 13:44:38.513058
Epoch 438/1000, D_loss=2.882847, reward=-7.008873
Epoch: 438: 2022-04-20 13:44:39.353718
Epoch 439/1000, D_loss=2.886058, reward=-7.004529
Epoch: 439: 2022-04-20 13:44:40.347999
Epoch 440/1000, D_loss=2.886969, reward=-6.999699
Test_MRR=0.091929, Test_MR=35.311798, Test_H@10=0.201779
Epoch: 440: 2022-04-20 13:44:42.557997
Epoch 441/1000, D_loss=2.886201, reward=-7.000484
Epoch: 441: 2022-04-20 13:44:43.402155
Epoch 442/1000, D_loss=2.887725, reward=-7.001997
Epoch: 442: 2022-04-20 13:44:44.241281
Epoch 443/1000, D_loss=2.886749, reward=-7.000183
Epoch: 443: 2022-04-20 13:44:45.037733
Epoch 444/1000, D_loss=2.884524, reward=-7.001575
Epoch: 444: 2022-04-20 13:44:45.694428
Epoch 445/1000, D_loss=2.889552, reward=-6.999866
Epoch: 445: 2022-04-20 13:44:46.414448
Epoch 446/1000, D_loss=2.878490, reward=-7.013803
Epoch: 446: 2022-04-20 13:44:47.252645
Epoch 447/1000, D_loss=2.890806, reward=-7.007733
Epoch: 447: 2022-04-20 13:44:47.960932
Epoch 448/1000, D_loss=2.886883, reward=-7.011331
Epoch: 448: 2022-04-20 13:44:48.625882
Epoch 449/1000, D_loss=2.893865, reward=-6.998239
Epoch: 449: 2022-04-20 13:44:49.288868
Epoch 450/1000, D_loss=2.891424, reward=-6.994422
Test_MRR=0.089805, Test_MR=35.447097, Test_H@10=0.204120
Epoch: 450: 2022-04-20 13:44:51.290325
Epoch 451/1000, D_loss=2.899114, reward=-6.982246
Epoch: 451: 2022-04-20 13:44:52.088475
Epoch 452/1000, D_loss=2.886565, reward=-6.988660
Epoch: 452: 2022-04-20 13:44:53.125964
Epoch 453/1000, D_loss=2.886138, reward=-6.989627
Epoch: 453: 2022-04-20 13:44:54.015892
Epoch 454/1000, D_loss=2.899603, reward=-6.972355
Epoch: 454: 2022-04-20 13:44:54.897137
Epoch 455/1000, D_loss=2.884710, reward=-6.980205
Epoch: 455: 2022-04-20 13:44:55.789874
Epoch 456/1000, D_loss=2.892155, reward=-6.971255
Epoch: 456: 2022-04-20 13:44:56.660913
Epoch 457/1000, D_loss=2.887573, reward=-6.980354
Epoch: 457: 2022-04-20 13:44:57.376194
Epoch 458/1000, D_loss=2.894273, reward=-6.976758
Epoch: 458: 2022-04-20 13:44:58.217965
Epoch 459/1000, D_loss=2.906228, reward=-6.957946
Epoch: 459: 2022-04-20 13:44:59.270229
Epoch 460/1000, D_loss=2.894504, reward=-6.969441
Test_MRR=0.092511, Test_MR=35.017322, Test_H@10=0.201311
Epoch: 460: 2022-04-20 13:45:01.444302
Epoch 461/1000, D_loss=2.886011, reward=-6.977788
Epoch: 461: 2022-04-20 13:45:02.455650
Epoch 462/1000, D_loss=2.889336, reward=-6.976513
Epoch: 462: 2022-04-20 13:45:03.319692
Epoch 463/1000, D_loss=2.895298, reward=-6.973125
Epoch: 463: 2022-04-20 13:45:04.133203
Epoch 464/1000, D_loss=2.906415, reward=-6.961481
Epoch: 464: 2022-04-20 13:45:04.913968
Epoch 465/1000, D_loss=2.898922, reward=-6.966339
Epoch: 465: 2022-04-20 13:45:05.644852
Epoch 466/1000, D_loss=2.886538, reward=-6.974546
Epoch: 466: 2022-04-20 13:45:06.480565
Epoch 467/1000, D_loss=2.894040, reward=-6.969272
Epoch: 467: 2022-04-20 13:45:07.327429
Epoch 468/1000, D_loss=2.892716, reward=-6.976770
Epoch: 468: 2022-04-20 13:45:08.176367
Epoch 469/1000, D_loss=2.884670, reward=-6.991137
Epoch: 469: 2022-04-20 13:45:08.948532
Epoch 470/1000, D_loss=2.895017, reward=-6.981477
Test_MRR=0.089280, Test_MR=35.309925, Test_H@10=0.202715
Epoch: 470: 2022-04-20 13:45:11.267016
Epoch 471/1000, D_loss=2.892249, reward=-6.981947
Epoch: 471: 2022-04-20 13:45:12.067209
Epoch 472/1000, D_loss=2.892876, reward=-6.982047
Epoch: 472: 2022-04-20 13:45:12.732322
Epoch 473/1000, D_loss=2.888033, reward=-6.982832
Epoch: 473: 2022-04-20 13:45:13.417764
Epoch 474/1000, D_loss=2.885734, reward=-6.990772
Epoch: 474: 2022-04-20 13:45:14.199577
Epoch 475/1000, D_loss=2.887229, reward=-6.989360
Epoch: 475: 2022-04-20 13:45:15.029098
Epoch 476/1000, D_loss=2.897379, reward=-6.982274
Epoch: 476: 2022-04-20 13:45:15.697092
Epoch 477/1000, D_loss=2.894743, reward=-6.985274
Epoch: 477: 2022-04-20 13:45:16.432050
Epoch 478/1000, D_loss=2.886942, reward=-6.995827
Epoch: 478: 2022-04-20 13:45:17.257273
Epoch 479/1000, D_loss=2.904737, reward=-6.971842
Epoch: 479: 2022-04-20 13:45:18.087288
Epoch 480/1000, D_loss=2.891616, reward=-6.983391
Test_MRR=0.092225, Test_MR=35.109082, Test_H@10=0.207865
Epoch: 480: 2022-04-20 13:45:20.161700
Epoch 481/1000, D_loss=2.887712, reward=-6.984285
Epoch: 481: 2022-04-20 13:45:20.996670
Epoch 482/1000, D_loss=2.896886, reward=-6.971951
Epoch: 482: 2022-04-20 13:45:21.997769
Epoch 483/1000, D_loss=2.891679, reward=-6.982364
Epoch: 483: 2022-04-20 13:45:22.836594
Epoch 484/1000, D_loss=2.897396, reward=-6.972409
Epoch: 484: 2022-04-20 13:45:23.680679
Epoch 485/1000, D_loss=2.889263, reward=-6.977741
Epoch: 485: 2022-04-20 13:45:24.417230
Epoch 486/1000, D_loss=2.891491, reward=-6.971982
Epoch: 486: 2022-04-20 13:45:25.076714
Epoch 487/1000, D_loss=2.898907, reward=-6.964597
Epoch: 487: 2022-04-20 13:45:25.732579
Epoch 488/1000, D_loss=2.894674, reward=-6.966371
Epoch: 488: 2022-04-20 13:45:26.410960
Epoch 489/1000, D_loss=2.894484, reward=-6.970562
Epoch: 489: 2022-04-20 13:45:27.249188
Epoch 490/1000, D_loss=2.899420, reward=-6.963670
Test_MRR=0.094560, Test_MR=35.061330, Test_H@10=0.201311
Epoch: 490: 2022-04-20 13:45:29.328254
Epoch 491/1000, D_loss=2.889013, reward=-6.970609
Epoch: 491: 2022-04-20 13:45:30.333862
Epoch 492/1000, D_loss=2.897666, reward=-6.961789
Epoch: 492: 2022-04-20 13:45:31.331666
Epoch 493/1000, D_loss=2.892050, reward=-6.970530
Epoch: 493: 2022-04-20 13:45:32.296066
Epoch 494/1000, D_loss=2.895965, reward=-6.972102
Epoch: 494: 2022-04-20 13:45:33.094148
Epoch 495/1000, D_loss=2.901243, reward=-6.965163
Epoch: 495: 2022-04-20 13:45:33.752698
Epoch 496/1000, D_loss=2.895344, reward=-6.970263
Epoch: 496: 2022-04-20 13:45:34.487542
Epoch 497/1000, D_loss=2.889145, reward=-6.974816
Epoch: 497: 2022-04-20 13:45:35.230953
Epoch 498/1000, D_loss=2.904678, reward=-6.960879
Epoch: 498: 2022-04-20 13:45:36.053247
Epoch 499/1000, D_loss=2.900673, reward=-6.960369
Epoch: 499: 2022-04-20 13:45:36.852075
Epoch 500/1000, D_loss=2.897987, reward=-6.957748
Test_MRR=0.092472, Test_MR=34.818352, Test_H@10=0.213483
Epoch: 500: 2022-04-20 13:45:38.862825
Epoch 501/1000, D_loss=2.887038, reward=-6.968158
Epoch: 501: 2022-04-20 13:45:39.909279
Epoch 502/1000, D_loss=2.906340, reward=-6.961526
Epoch: 502: 2022-04-20 13:45:40.795503
Epoch 503/1000, D_loss=2.898927, reward=-6.972836
Epoch: 503: 2022-04-20 13:45:41.626198
Epoch 504/1000, D_loss=2.901303, reward=-6.974424
Epoch: 504: 2022-04-20 13:45:42.453930
Epoch 505/1000, D_loss=2.900376, reward=-6.978456
Epoch: 505: 2022-04-20 13:45:43.210783
Epoch 506/1000, D_loss=2.905852, reward=-6.972746
Epoch: 506: 2022-04-20 13:45:43.881065
Epoch 507/1000, D_loss=2.902941, reward=-6.964754
Epoch: 507: 2022-04-20 13:45:44.654416
Epoch 508/1000, D_loss=2.905793, reward=-6.962074
Epoch: 508: 2022-04-20 13:45:45.480635
Epoch 509/1000, D_loss=2.893443, reward=-6.973796
Epoch: 509: 2022-04-20 13:45:46.266862
Epoch 510/1000, D_loss=2.913356, reward=-6.958629
Test_MRR=0.089607, Test_MR=35.221442, Test_H@10=0.200843
Epoch: 510: 2022-04-20 13:45:48.476061
Epoch 511/1000, D_loss=2.901577, reward=-6.970859
Epoch: 511: 2022-04-20 13:45:49.251919
Epoch 512/1000, D_loss=2.902708, reward=-6.971637
Epoch: 512: 2022-04-20 13:45:49.911096
Epoch 513/1000, D_loss=2.898271, reward=-6.967375
Epoch: 513: 2022-04-20 13:45:50.622266
Epoch 514/1000, D_loss=2.901225, reward=-6.962399
Epoch: 514: 2022-04-20 13:45:51.461633
Epoch 515/1000, D_loss=2.900192, reward=-6.964664
Epoch: 515: 2022-04-20 13:45:52.526505
Epoch 516/1000, D_loss=2.900710, reward=-6.966415
Epoch: 516: 2022-04-20 13:45:53.368353
Epoch 517/1000, D_loss=2.899161, reward=-6.970510
Epoch: 517: 2022-04-20 13:45:54.156737
Epoch 518/1000, D_loss=2.902601, reward=-6.964889
Epoch: 518: 2022-04-20 13:45:54.990249
Epoch 519/1000, D_loss=2.893524, reward=-6.971389
Epoch: 519: 2022-04-20 13:45:55.827038
Epoch 520/1000, D_loss=2.903625, reward=-6.964288
Test_MRR=0.088899, Test_MR=34.794007, Test_H@10=0.196629
Epoch: 520: 2022-04-20 13:45:58.051343
Epoch 521/1000, D_loss=2.896528, reward=-6.968980
Epoch: 521: 2022-04-20 13:45:58.851010
Epoch 522/1000, D_loss=2.913150, reward=-6.956168
Epoch: 522: 2022-04-20 13:45:59.849480
Epoch 523/1000, D_loss=2.910954, reward=-6.957674
Epoch: 523: 2022-04-20 13:46:00.699237
Epoch 524/1000, D_loss=2.904131, reward=-6.960442
Epoch: 524: 2022-04-20 13:46:01.533875
Epoch 525/1000, D_loss=2.906188, reward=-6.962356
Epoch: 525: 2022-04-20 13:46:02.411360
Epoch 526/1000, D_loss=2.901639, reward=-6.964205
Epoch: 526: 2022-04-20 13:46:03.302359
Epoch 527/1000, D_loss=2.904378, reward=-6.962511
Epoch: 527: 2022-04-20 13:46:04.174985
Epoch 528/1000, D_loss=2.905739, reward=-6.963003
Epoch: 528: 2022-04-20 13:46:05.050455
Epoch 529/1000, D_loss=2.903109, reward=-6.964975
Epoch: 529: 2022-04-20 13:46:05.924019
Epoch 530/1000, D_loss=2.902940, reward=-6.961699
Test_MRR=0.094350, Test_MR=34.623596, Test_H@10=0.220037
Epoch: 530: 2022-04-20 13:46:08.196458
Epoch 531/1000, D_loss=2.911422, reward=-6.949900
Epoch: 531: 2022-04-20 13:46:09.185442
Epoch 532/1000, D_loss=2.897791, reward=-6.966718
Epoch: 532: 2022-04-20 13:46:10.028249
Epoch 533/1000, D_loss=2.898509, reward=-6.970031
Epoch: 533: 2022-04-20 13:46:10.736425
Epoch 534/1000, D_loss=2.906972, reward=-6.961517
Epoch: 534: 2022-04-20 13:46:11.406488
Epoch 535/1000, D_loss=2.896532, reward=-6.977959
Epoch: 535: 2022-04-20 13:46:12.249253
Epoch 536/1000, D_loss=2.899296, reward=-6.979785
Epoch: 536: 2022-04-20 13:46:13.081118
Epoch 537/1000, D_loss=2.905265, reward=-6.973690
Epoch: 537: 2022-04-20 13:46:13.866288
Epoch 538/1000, D_loss=2.908756, reward=-6.975299
Epoch: 538: 2022-04-20 13:46:14.632840
Epoch 539/1000, D_loss=2.912111, reward=-6.969120
Epoch: 539: 2022-04-20 13:46:15.474548
Epoch 540/1000, D_loss=2.905480, reward=-6.970150
Test_MRR=0.095147, Test_MR=34.951779, Test_H@10=0.211142
Epoch: 540: 2022-04-20 13:46:17.692427
Epoch 541/1000, D_loss=2.907284, reward=-6.964477
Epoch: 541: 2022-04-20 13:46:18.532111
Epoch 542/1000, D_loss=2.905892, reward=-6.966343
Epoch: 542: 2022-04-20 13:46:19.375291
Epoch 543/1000, D_loss=2.900511, reward=-6.973635
Epoch: 543: 2022-04-20 13:46:20.216960
Epoch 544/1000, D_loss=2.910990, reward=-6.959699
Epoch: 544: 2022-04-20 13:46:21.046823
Epoch 545/1000, D_loss=2.914872, reward=-6.950725
Epoch: 545: 2022-04-20 13:46:21.875144
Epoch 546/1000, D_loss=2.900887, reward=-6.970291
Epoch: 546: 2022-04-20 13:46:22.712257
Epoch 547/1000, D_loss=2.911001, reward=-6.959412
Epoch: 547: 2022-04-20 13:46:23.555644
Epoch 548/1000, D_loss=2.898052, reward=-6.968380
Epoch: 548: 2022-04-20 13:46:24.304186
Epoch 549/1000, D_loss=2.898467, reward=-6.964267
Epoch: 549: 2022-04-20 13:46:25.171455
Epoch 550/1000, D_loss=2.905088, reward=-6.955602
Test_MRR=0.090925, Test_MR=34.375936, Test_H@10=0.217228
Epoch: 550: 2022-04-20 13:46:27.387485
Epoch 551/1000, D_loss=2.908018, reward=-6.949465
Epoch: 551: 2022-04-20 13:46:28.232592
Epoch 552/1000, D_loss=2.909081, reward=-6.946688
Epoch: 552: 2022-04-20 13:46:29.032856
Epoch 553/1000, D_loss=2.909232, reward=-6.947862
Epoch: 553: 2022-04-20 13:46:29.691345
Epoch 554/1000, D_loss=2.904118, reward=-6.953842
Epoch: 554: 2022-04-20 13:46:30.359449
Epoch 555/1000, D_loss=2.903457, reward=-6.955181
Epoch: 555: 2022-04-20 13:46:31.013579
Epoch 556/1000, D_loss=2.901382, reward=-6.954405
Epoch: 556: 2022-04-20 13:46:31.687516
Epoch 557/1000, D_loss=2.907376, reward=-6.949805
Epoch: 557: 2022-04-20 13:46:32.355900
Epoch 558/1000, D_loss=2.904109, reward=-6.955555
Epoch: 558: 2022-04-20 13:46:33.289966
Epoch 559/1000, D_loss=2.906879, reward=-6.953509
Epoch: 559: 2022-04-20 13:46:34.114994
Epoch 560/1000, D_loss=2.909013, reward=-6.947467
Test_MRR=0.096484, Test_MR=34.084738, Test_H@10=0.212547
Epoch: 560: 2022-04-20 13:46:36.189822
Epoch 561/1000, D_loss=2.905567, reward=-6.946828
Epoch: 561: 2022-04-20 13:46:37.197954
Epoch 562/1000, D_loss=2.904729, reward=-6.938927
Epoch: 562: 2022-04-20 13:46:38.194667
Epoch 563/1000, D_loss=2.911892, reward=-6.926382
Epoch: 563: 2022-04-20 13:46:39.174265
Epoch 564/1000, D_loss=2.899223, reward=-6.939990
Epoch: 564: 2022-04-20 13:46:39.980898
Epoch 565/1000, D_loss=2.913491, reward=-6.928862
Epoch: 565: 2022-04-20 13:46:40.647891
Epoch 566/1000, D_loss=2.898559, reward=-6.946048
Epoch: 566: 2022-04-20 13:46:41.657815
Epoch 567/1000, D_loss=2.911637, reward=-6.932441
Epoch: 567: 2022-04-20 13:46:42.536020
Epoch 568/1000, D_loss=2.908428, reward=-6.937748
Epoch: 568: 2022-04-20 13:46:43.374483
Epoch 569/1000, D_loss=2.915504, reward=-6.931069
Epoch: 569: 2022-04-20 13:46:44.184199
Epoch 570/1000, D_loss=2.907367, reward=-6.940808
Test_MRR=0.088740, Test_MR=34.651685, Test_H@10=0.209738
Epoch: 570: 2022-04-20 13:46:46.116278
Epoch 571/1000, D_loss=2.926005, reward=-6.924516
Epoch: 571: 2022-04-20 13:46:46.802351
Epoch 572/1000, D_loss=2.905710, reward=-6.939797
Epoch: 572: 2022-04-20 13:46:47.507128
Epoch 573/1000, D_loss=2.907397, reward=-6.940191
Epoch: 573: 2022-04-20 13:46:48.369301
Epoch 574/1000, D_loss=2.908358, reward=-6.941786
Epoch: 574: 2022-04-20 13:46:49.170102
Epoch 575/1000, D_loss=2.900411, reward=-6.949744
Epoch: 575: 2022-04-20 13:46:49.849588
Epoch 576/1000, D_loss=2.909358, reward=-6.939973
Epoch: 576: 2022-04-20 13:46:50.574850
Epoch 577/1000, D_loss=2.906083, reward=-6.945001
Epoch: 577: 2022-04-20 13:46:51.342329
Epoch 578/1000, D_loss=2.908545, reward=-6.948887
Epoch: 578: 2022-04-20 13:46:52.153880
Epoch 579/1000, D_loss=2.909314, reward=-6.949397
Epoch: 579: 2022-04-20 13:46:53.221253
Epoch 580/1000, D_loss=2.907774, reward=-6.955576
Test_MRR=0.099677, Test_MR=34.154494, Test_H@10=0.225187
Epoch: 580: 2022-04-20 13:46:55.586738
Epoch 581/1000, D_loss=2.906436, reward=-6.960837
Epoch: 581: 2022-04-20 13:46:56.477259
Epoch 582/1000, D_loss=2.913486, reward=-6.957800
Epoch: 582: 2022-04-20 13:46:57.354385
Epoch 583/1000, D_loss=2.901271, reward=-6.970160
Epoch: 583: 2022-04-20 13:46:58.234701
Epoch 584/1000, D_loss=2.907060, reward=-6.961067
Epoch: 584: 2022-04-20 13:46:59.045535
Epoch 585/1000, D_loss=2.908576, reward=-6.956217
Epoch: 585: 2022-04-20 13:46:59.716819
Epoch 586/1000, D_loss=2.911280, reward=-6.955335
Epoch: 586: 2022-04-20 13:47:00.389865
Epoch 587/1000, D_loss=2.899442, reward=-6.969744
Epoch: 587: 2022-04-20 13:47:01.054122
Epoch 588/1000, D_loss=2.914216, reward=-6.955568
Epoch: 588: 2022-04-20 13:47:01.713410
Epoch 589/1000, D_loss=2.909169, reward=-6.954994
Epoch: 589: 2022-04-20 13:47:02.385053
Epoch 590/1000, D_loss=2.909260, reward=-6.951375
Test_MRR=0.098998, Test_MR=34.701311, Test_H@10=0.228464
Epoch: 590: 2022-04-20 13:47:04.812257
Epoch 591/1000, D_loss=2.909896, reward=-6.950772
Epoch: 591: 2022-04-20 13:47:05.810470
Epoch 592/1000, D_loss=2.917634, reward=-6.935409
Epoch: 592: 2022-04-20 13:47:06.782819
Epoch 593/1000, D_loss=2.911855, reward=-6.942213
Epoch: 593: 2022-04-20 13:47:07.753047
Epoch 594/1000, D_loss=2.907122, reward=-6.949150
Epoch: 594: 2022-04-20 13:47:08.709210
Epoch 595/1000, D_loss=2.909449, reward=-6.945491
Epoch: 595: 2022-04-20 13:47:09.552845
Epoch 596/1000, D_loss=2.909719, reward=-6.950380
Epoch: 596: 2022-04-20 13:47:10.539332
Epoch 597/1000, D_loss=2.916895, reward=-6.948815
Epoch: 597: 2022-04-20 13:47:11.388775
Epoch 598/1000, D_loss=2.916113, reward=-6.954623
Epoch: 598: 2022-04-20 13:47:12.229907
Epoch 599/1000, D_loss=2.909644, reward=-6.962996
Epoch: 599: 2022-04-20 13:47:13.043110
Epoch 600/1000, D_loss=2.912909, reward=-6.960816
Test_MRR=0.094205, Test_MR=34.707865, Test_H@10=0.225655
Epoch: 600: 2022-04-20 13:47:14.971515
Epoch 601/1000, D_loss=2.905324, reward=-6.964259
Epoch: 601: 2022-04-20 13:47:15.759462
Epoch 602/1000, D_loss=2.901791, reward=-6.968524
Epoch: 602: 2022-04-20 13:47:16.464004
Epoch 603/1000, D_loss=2.913040, reward=-6.959267
Epoch: 603: 2022-04-20 13:47:17.244331
Epoch 604/1000, D_loss=2.909777, reward=-6.970604
Epoch: 604: 2022-04-20 13:47:17.910174
Epoch 605/1000, D_loss=2.912406, reward=-6.969172
Epoch: 605: 2022-04-20 13:47:18.644061
Epoch 606/1000, D_loss=2.898825, reward=-6.989244
Epoch: 606: 2022-04-20 13:47:19.378888
Epoch 607/1000, D_loss=2.906912, reward=-6.985241
Epoch: 607: 2022-04-20 13:47:20.048966
Epoch 608/1000, D_loss=2.911870, reward=-6.976187
Epoch: 608: 2022-04-20 13:47:20.709497
Epoch 609/1000, D_loss=2.895479, reward=-6.985952
Epoch: 609: 2022-04-20 13:47:21.376748
Epoch 610/1000, D_loss=2.913526, reward=-6.973661
Test_MRR=0.095208, Test_MR=34.429775, Test_H@10=0.230337
Epoch: 610: 2022-04-20 13:47:23.308850
Epoch 611/1000, D_loss=2.908824, reward=-6.976690
Epoch: 611: 2022-04-20 13:47:24.252488
Epoch 612/1000, D_loss=2.911640, reward=-6.971828
Epoch: 612: 2022-04-20 13:47:25.177974
Epoch 613/1000, D_loss=2.914660, reward=-6.969903
Epoch: 613: 2022-04-20 13:47:26.086817
Epoch 614/1000, D_loss=2.909335, reward=-6.974337
Epoch: 614: 2022-04-20 13:47:26.984792
Epoch 615/1000, D_loss=2.913007, reward=-6.963286
Epoch: 615: 2022-04-20 13:47:27.868779
Epoch 616/1000, D_loss=2.917131, reward=-6.958152
Epoch: 616: 2022-04-20 13:47:28.757341
Epoch 617/1000, D_loss=2.900955, reward=-6.976559
Epoch: 617: 2022-04-20 13:47:29.601779
Epoch 618/1000, D_loss=2.913253, reward=-6.963598
Epoch: 618: 2022-04-20 13:47:30.428878
Epoch 619/1000, D_loss=2.908120, reward=-6.971061
Epoch: 619: 2022-04-20 13:47:31.162047
Epoch 620/1000, D_loss=2.913795, reward=-6.964491
Test_MRR=0.100562, Test_MR=34.728464, Test_H@10=0.205524
Epoch: 620: 2022-04-20 13:47:33.247731
Epoch 621/1000, D_loss=2.911862, reward=-6.968836
Epoch: 621: 2022-04-20 13:47:34.209431
Epoch 622/1000, D_loss=2.914873, reward=-6.964700
Epoch: 622: 2022-04-20 13:47:35.162970
Epoch 623/1000, D_loss=2.902911, reward=-6.974635
Epoch: 623: 2022-04-20 13:47:36.116830
Epoch 624/1000, D_loss=2.916972, reward=-6.962807
Epoch: 624: 2022-04-20 13:47:37.045771
Epoch 625/1000, D_loss=2.914233, reward=-6.965724
Epoch: 625: 2022-04-20 13:47:37.976833
Epoch 626/1000, D_loss=2.917119, reward=-6.961977
Epoch: 626: 2022-04-20 13:47:38.725577
Epoch 627/1000, D_loss=2.914395, reward=-6.962310
Epoch: 627: 2022-04-20 13:47:39.464713
Epoch 628/1000, D_loss=2.913092, reward=-6.964094
Epoch: 628: 2022-04-20 13:47:40.304369
Epoch 629/1000, D_loss=2.906985, reward=-6.972045
Epoch: 629: 2022-04-20 13:47:41.097208
Epoch 630/1000, D_loss=2.911359, reward=-6.962205
Test_MRR=0.096373, Test_MR=34.753277, Test_H@10=0.227996
Epoch: 630: 2022-04-20 13:47:43.535117
Epoch 631/1000, D_loss=2.910701, reward=-6.961508
Epoch: 631: 2022-04-20 13:47:44.544457
Epoch 632/1000, D_loss=2.911214, reward=-6.964132
Epoch: 632: 2022-04-20 13:47:45.519570
Epoch 633/1000, D_loss=2.915365, reward=-6.960240
Epoch: 633: 2022-04-20 13:47:46.465526
Epoch 634/1000, D_loss=2.914894, reward=-6.965179
Epoch: 634: 2022-04-20 13:47:47.435027
Epoch 635/1000, D_loss=2.910924, reward=-6.969334
Epoch: 635: 2022-04-20 13:47:48.400090
Epoch 636/1000, D_loss=2.912076, reward=-6.974815
Epoch: 636: 2022-04-20 13:47:49.344979
Epoch 637/1000, D_loss=2.914607, reward=-6.980154
Epoch: 637: 2022-04-20 13:47:50.251713
Epoch 638/1000, D_loss=2.923760, reward=-6.967856
Epoch: 638: 2022-04-20 13:47:51.154732
Epoch 639/1000, D_loss=2.908112, reward=-6.981719
Epoch: 639: 2022-04-20 13:47:52.048192
Epoch 640/1000, D_loss=2.916824, reward=-6.974758
Test_MRR=0.094483, Test_MR=35.443820, Test_H@10=0.197566
Epoch: 640: 2022-04-20 13:47:54.059972
Epoch 641/1000, D_loss=2.910224, reward=-6.982979
Epoch: 641: 2022-04-20 13:47:54.855981
Epoch 642/1000, D_loss=2.914309, reward=-6.983912
Epoch: 642: 2022-04-20 13:47:55.564036
Epoch 643/1000, D_loss=2.915141, reward=-6.982745
Epoch: 643: 2022-04-20 13:47:56.406028
Epoch 644/1000, D_loss=2.913009, reward=-6.985824
Epoch: 644: 2022-04-20 13:47:57.078864
Epoch 645/1000, D_loss=2.913504, reward=-6.986705
Epoch: 645: 2022-04-20 13:47:57.907549
Epoch 646/1000, D_loss=2.915473, reward=-6.985617
Epoch: 646: 2022-04-20 13:47:58.989674
Epoch 647/1000, D_loss=2.907972, reward=-6.988588
Epoch: 647: 2022-04-20 13:47:59.728235
Epoch 648/1000, D_loss=2.910444, reward=-6.984740
Epoch: 648: 2022-04-20 13:48:00.634864
Epoch 649/1000, D_loss=2.914646, reward=-6.983948
Epoch: 649: 2022-04-20 13:48:01.584803
Epoch 650/1000, D_loss=2.916074, reward=-6.978395
Test_MRR=0.093637, Test_MR=35.990169, Test_H@10=0.198970
Epoch: 650: 2022-04-20 13:48:03.812741
Epoch 651/1000, D_loss=2.912786, reward=-6.984734
Epoch: 651: 2022-04-20 13:48:04.677441
Epoch 652/1000, D_loss=2.916263, reward=-6.977690
Epoch: 652: 2022-04-20 13:48:05.503188
Epoch 653/1000, D_loss=2.913734, reward=-6.978164
Epoch: 653: 2022-04-20 13:48:06.352144
Epoch 654/1000, D_loss=2.918117, reward=-6.975956
Epoch: 654: 2022-04-20 13:48:07.315704
Epoch 655/1000, D_loss=2.908323, reward=-6.986038
Epoch: 655: 2022-04-20 13:48:08.212539
Epoch 656/1000, D_loss=2.924464, reward=-6.964366
Epoch: 656: 2022-04-20 13:48:09.101621
Epoch 657/1000, D_loss=2.920031, reward=-6.965531
Epoch: 657: 2022-04-20 13:48:09.877198
Epoch 658/1000, D_loss=2.910104, reward=-6.968170
Epoch: 658: 2022-04-20 13:48:10.608163
Epoch 659/1000, D_loss=2.915663, reward=-6.954969
Epoch: 659: 2022-04-20 13:48:11.449289
Epoch 660/1000, D_loss=2.916446, reward=-6.957603
Test_MRR=0.096469, Test_MR=34.869382, Test_H@10=0.213483
Epoch: 660: 2022-04-20 13:48:13.353593
Epoch 661/1000, D_loss=2.924783, reward=-6.948107
Epoch: 661: 2022-04-20 13:48:14.011158
Epoch 662/1000, D_loss=2.914353, reward=-6.955648
Epoch: 662: 2022-04-20 13:48:14.682147
Epoch 663/1000, D_loss=2.910120, reward=-6.969614
Epoch: 663: 2022-04-20 13:48:15.351504
Epoch 664/1000, D_loss=2.904200, reward=-6.974161
Epoch: 664: 2022-04-20 13:48:16.022129
Epoch 665/1000, D_loss=2.912095, reward=-6.965432
Epoch: 665: 2022-04-20 13:48:16.695044
Epoch 666/1000, D_loss=2.915842, reward=-6.963790
Epoch: 666: 2022-04-20 13:48:17.372870
Epoch 667/1000, D_loss=2.917232, reward=-6.965440
Epoch: 667: 2022-04-20 13:48:18.140683
Epoch 668/1000, D_loss=2.914160, reward=-6.966935
Epoch: 668: 2022-04-20 13:48:18.801390
Epoch 669/1000, D_loss=2.920591, reward=-6.959233
Epoch: 669: 2022-04-20 13:48:19.485064
Epoch 670/1000, D_loss=2.917873, reward=-6.960961
Test_MRR=0.097267, Test_MR=34.799625, Test_H@10=0.229401
Epoch: 670: 2022-04-20 13:48:21.622548
Epoch 671/1000, D_loss=2.917910, reward=-6.962572
Epoch: 671: 2022-04-20 13:48:22.457469
Epoch 672/1000, D_loss=2.907362, reward=-6.981037
Epoch: 672: 2022-04-20 13:48:23.538642
Epoch 673/1000, D_loss=2.911896, reward=-6.980770
Epoch: 673: 2022-04-20 13:48:24.559926
Epoch 674/1000, D_loss=2.910308, reward=-6.984816
Epoch: 674: 2022-04-20 13:48:25.517079
Epoch 675/1000, D_loss=2.908328, reward=-6.982794
Epoch: 675: 2022-04-20 13:48:26.444855
Epoch 676/1000, D_loss=2.915511, reward=-6.971047
Epoch: 676: 2022-04-20 13:48:27.352180
Epoch 677/1000, D_loss=2.911628, reward=-6.966426
Epoch: 677: 2022-04-20 13:48:28.240477
Epoch 678/1000, D_loss=2.915352, reward=-6.962540
Epoch: 678: 2022-04-20 13:48:29.120667
Epoch 679/1000, D_loss=2.909296, reward=-6.972544
Epoch: 679: 2022-04-20 13:48:30.000239
Epoch 680/1000, D_loss=2.917403, reward=-6.966754
Test_MRR=0.092124, Test_MR=35.340356, Test_H@10=0.206929
Epoch: 680: 2022-04-20 13:48:32.283659
Epoch 681/1000, D_loss=2.914319, reward=-6.974792
Epoch: 681: 2022-04-20 13:48:33.051366
Epoch 682/1000, D_loss=2.914427, reward=-6.971154
Epoch: 682: 2022-04-20 13:48:33.723745
Epoch 683/1000, D_loss=2.913892, reward=-6.972247
Epoch: 683: 2022-04-20 13:48:34.469299
Epoch 684/1000, D_loss=2.912573, reward=-6.972180
Epoch: 684: 2022-04-20 13:48:35.309966
Epoch 685/1000, D_loss=2.916568, reward=-6.967091
Epoch: 685: 2022-04-20 13:48:36.155029
Epoch 686/1000, D_loss=2.916266, reward=-6.962438
Epoch: 686: 2022-04-20 13:48:36.984952
Epoch 687/1000, D_loss=2.912813, reward=-6.964506
Epoch: 687: 2022-04-20 13:48:37.812945
Epoch 688/1000, D_loss=2.913106, reward=-6.957973
Epoch: 688: 2022-04-20 13:48:38.653055
Epoch 689/1000, D_loss=2.916449, reward=-6.949368
Epoch: 689: 2022-04-20 13:48:39.500909
Epoch 690/1000, D_loss=2.916358, reward=-6.949865
Test_MRR=0.092414, Test_MR=34.431180, Test_H@10=0.212079
Epoch: 690: 2022-04-20 13:48:41.709087
Epoch 691/1000, D_loss=2.922029, reward=-6.939940
Epoch: 691: 2022-04-20 13:48:42.772110
Epoch 692/1000, D_loss=2.908543, reward=-6.954223
Epoch: 692: 2022-04-20 13:48:43.802447
Epoch 693/1000, D_loss=2.911309, reward=-6.953053
Epoch: 693: 2022-04-20 13:48:44.790072
Epoch 694/1000, D_loss=2.913108, reward=-6.954641
Epoch: 694: 2022-04-20 13:48:45.740765
Epoch 695/1000, D_loss=2.912760, reward=-6.960292
Epoch: 695: 2022-04-20 13:48:46.665214
Epoch 696/1000, D_loss=2.914917, reward=-6.959574
Epoch: 696: 2022-04-20 13:48:47.604612
Epoch 697/1000, D_loss=2.918757, reward=-6.955164
Epoch: 697: 2022-04-20 13:48:48.517777
Epoch 698/1000, D_loss=2.912452, reward=-6.957245
Epoch: 698: 2022-04-20 13:48:49.395993
Epoch 699/1000, D_loss=2.908075, reward=-6.967196
Epoch: 699: 2022-04-20 13:48:50.272362
Epoch 700/1000, D_loss=2.919437, reward=-6.963726
Test_MRR=0.088147, Test_MR=35.656367, Test_H@10=0.207397
Epoch: 700: 2022-04-20 13:48:52.461512
Epoch 701/1000, D_loss=2.915659, reward=-6.962699
Epoch: 701: 2022-04-20 13:48:53.511301
Epoch 702/1000, D_loss=2.910989, reward=-6.957520
Epoch: 702: 2022-04-20 13:48:54.540891
Epoch 703/1000, D_loss=2.914462, reward=-6.949385
Epoch: 703: 2022-04-20 13:48:55.533855
Epoch 704/1000, D_loss=2.914068, reward=-6.950158
Epoch: 704: 2022-04-20 13:48:56.488653
Epoch 705/1000, D_loss=2.920962, reward=-6.938898
Epoch: 705: 2022-04-20 13:48:57.386410
Epoch 706/1000, D_loss=2.918250, reward=-6.942559
Epoch: 706: 2022-04-20 13:48:58.284355
Epoch 707/1000, D_loss=2.917412, reward=-6.940870
Epoch: 707: 2022-04-20 13:48:59.171844
Epoch 708/1000, D_loss=2.913931, reward=-6.948050
Epoch: 708: 2022-04-20 13:49:00.072431
Epoch 709/1000, D_loss=2.912888, reward=-6.956100
Epoch: 709: 2022-04-20 13:49:00.964694
Epoch 710/1000, D_loss=2.919805, reward=-6.953551
Test_MRR=0.096431, Test_MR=34.459738, Test_H@10=0.210674
Epoch: 710: 2022-04-20 13:49:03.306980
Epoch 711/1000, D_loss=2.918634, reward=-6.954129
Epoch: 711: 2022-04-20 13:49:04.307234
Epoch 712/1000, D_loss=2.915619, reward=-6.961859
Epoch: 712: 2022-04-20 13:49:05.276918
Epoch 713/1000, D_loss=2.912180, reward=-6.970721
Epoch: 713: 2022-04-20 13:49:06.233283
Epoch 714/1000, D_loss=2.921898, reward=-6.961350
Epoch: 714: 2022-04-20 13:49:07.141675
Epoch 715/1000, D_loss=2.904618, reward=-6.982029
Epoch: 715: 2022-04-20 13:49:08.051853
Epoch 716/1000, D_loss=2.914224, reward=-6.976858
Epoch: 716: 2022-04-20 13:49:08.829807
Epoch 717/1000, D_loss=2.917145, reward=-6.976262
Epoch: 717: 2022-04-20 13:49:09.550053
Epoch 718/1000, D_loss=2.922600, reward=-6.968734
Epoch: 718: 2022-04-20 13:49:10.509647
Epoch 719/1000, D_loss=2.907986, reward=-6.979075
Epoch: 719: 2022-04-20 13:49:11.419625
Epoch 720/1000, D_loss=2.921791, reward=-6.968091
Test_MRR=0.093411, Test_MR=34.938670, Test_H@10=0.230337
Epoch: 720: 2022-04-20 13:49:13.705973
Epoch 721/1000, D_loss=2.911173, reward=-6.976566
Epoch: 721: 2022-04-20 13:49:14.730748
Epoch 722/1000, D_loss=2.924074, reward=-6.962832
Epoch: 722: 2022-04-20 13:49:15.626935
Epoch 723/1000, D_loss=2.912895, reward=-6.969859
Epoch: 723: 2022-04-20 13:49:16.508790
Epoch 724/1000, D_loss=2.914628, reward=-6.964890
Epoch: 724: 2022-04-20 13:49:17.405635
Epoch 725/1000, D_loss=2.909576, reward=-6.971786
Epoch: 725: 2022-04-20 13:49:18.300537
Epoch 726/1000, D_loss=2.914226, reward=-6.966234
Epoch: 726: 2022-04-20 13:49:19.189977
Epoch 727/1000, D_loss=2.914999, reward=-6.967350
Epoch: 727: 2022-04-20 13:49:20.086790
Epoch 728/1000, D_loss=2.922162, reward=-6.964164
Epoch: 728: 2022-04-20 13:49:20.982417
Epoch 729/1000, D_loss=2.917730, reward=-6.970489
Epoch: 729: 2022-04-20 13:49:21.840011
Epoch 730/1000, D_loss=2.919619, reward=-6.967244
Test_MRR=0.095566, Test_MR=34.992509, Test_H@10=0.215824
Epoch: 730: 2022-04-20 13:49:23.975069
Epoch 731/1000, D_loss=2.905024, reward=-6.978101
Epoch: 731: 2022-04-20 13:49:24.641901
Epoch 732/1000, D_loss=2.911984, reward=-6.970746
Epoch: 732: 2022-04-20 13:49:25.300077
Epoch 733/1000, D_loss=2.913535, reward=-6.969025
Epoch: 733: 2022-04-20 13:49:25.965762
Epoch 734/1000, D_loss=2.918756, reward=-6.963723
Epoch: 734: 2022-04-20 13:49:26.632401
Epoch 735/1000, D_loss=2.916426, reward=-6.967054
Epoch: 735: 2022-04-20 13:49:27.301861
Epoch 736/1000, D_loss=2.919534, reward=-6.964924
Epoch: 736: 2022-04-20 13:49:27.972257
Epoch 737/1000, D_loss=2.906690, reward=-6.976940
Epoch: 737: 2022-04-20 13:49:28.647042
Epoch 738/1000, D_loss=2.912116, reward=-6.972105
Epoch: 738: 2022-04-20 13:49:29.320172
Epoch 739/1000, D_loss=2.913932, reward=-6.974174
Epoch: 739: 2022-04-20 13:49:30.358900
Epoch 740/1000, D_loss=2.917362, reward=-6.967464
Test_MRR=0.097647, Test_MR=35.175562, Test_H@10=0.222378
Epoch: 740: 2022-04-20 13:49:32.652797
Epoch 741/1000, D_loss=2.911643, reward=-6.978727
Epoch: 741: 2022-04-20 13:49:33.546506
Epoch 742/1000, D_loss=2.914530, reward=-6.977854
Epoch: 742: 2022-04-20 13:49:34.224229
Epoch 743/1000, D_loss=2.913655, reward=-6.972254
Epoch: 743: 2022-04-20 13:49:34.893173
Epoch 744/1000, D_loss=2.913796, reward=-6.967891
Epoch: 744: 2022-04-20 13:49:35.628586
Epoch 745/1000, D_loss=2.917534, reward=-6.964588
Epoch: 745: 2022-04-20 13:49:36.380220
Epoch 746/1000, D_loss=2.914022, reward=-6.971611
Epoch: 746: 2022-04-20 13:49:37.157446
Epoch 747/1000, D_loss=2.922379, reward=-6.963619
Epoch: 747: 2022-04-20 13:49:37.997914
Epoch 748/1000, D_loss=2.916374, reward=-6.970240
Epoch: 748: 2022-04-20 13:49:38.798959
Epoch 749/1000, D_loss=2.914440, reward=-6.970318
Epoch: 749: 2022-04-20 13:49:39.838216
Epoch 750/1000, D_loss=2.913939, reward=-6.972209
Test_MRR=0.097527, Test_MR=35.131086, Test_H@10=0.226124
Epoch: 750: 2022-04-20 13:49:42.185507
Epoch 751/1000, D_loss=2.924207, reward=-6.962727
Epoch: 751: 2022-04-20 13:49:43.216845
Epoch 752/1000, D_loss=2.915832, reward=-6.967121
Epoch: 752: 2022-04-20 13:49:44.243071
Epoch 753/1000, D_loss=2.908353, reward=-6.976867
Epoch: 753: 2022-04-20 13:49:45.204926
Epoch 754/1000, D_loss=2.912563, reward=-6.970029
Epoch: 754: 2022-04-20 13:49:46.162287
Epoch 755/1000, D_loss=2.914232, reward=-6.970666
Epoch: 755: 2022-04-20 13:49:47.105987
Epoch 756/1000, D_loss=2.916436, reward=-6.969816
Epoch: 756: 2022-04-20 13:49:48.044775
Epoch 757/1000, D_loss=2.918578, reward=-6.964035
Epoch: 757: 2022-04-20 13:49:48.960504
Epoch 758/1000, D_loss=2.917329, reward=-6.962914
Epoch: 758: 2022-04-20 13:49:49.871231
Epoch 759/1000, D_loss=2.924863, reward=-6.954256
Epoch: 759: 2022-04-20 13:49:50.784903
Epoch 760/1000, D_loss=2.920478, reward=-6.957799
Test_MRR=0.097884, Test_MR=34.647472, Test_H@10=0.218633
Epoch: 760: 2022-04-20 13:49:53.117253
Epoch 761/1000, D_loss=2.922872, reward=-6.952074
Epoch: 761: 2022-04-20 13:49:53.959964
Epoch 762/1000, D_loss=2.918154, reward=-6.960059
Epoch: 762: 2022-04-20 13:49:54.695404
Epoch 763/1000, D_loss=2.913470, reward=-6.976185
Epoch: 763: 2022-04-20 13:49:55.542097
Epoch 764/1000, D_loss=2.917572, reward=-6.968386
Epoch: 764: 2022-04-20 13:49:56.389674
Epoch 765/1000, D_loss=2.916230, reward=-6.969491
Epoch: 765: 2022-04-20 13:49:57.218987
Epoch 766/1000, D_loss=2.921700, reward=-6.965506
Epoch: 766: 2022-04-20 13:49:58.044389
Epoch 767/1000, D_loss=2.911287, reward=-6.974061
Epoch: 767: 2022-04-20 13:49:58.837438
Epoch 768/1000, D_loss=2.908833, reward=-6.979629
Epoch: 768: 2022-04-20 13:49:59.616587
Epoch 769/1000, D_loss=2.916299, reward=-6.977086
Epoch: 769: 2022-04-20 13:50:00.476634
Epoch 770/1000, D_loss=2.925050, reward=-6.962130
Test_MRR=0.097320, Test_MR=34.948034, Test_H@10=0.215824
Epoch: 770: 2022-04-20 13:50:02.703814
Epoch 771/1000, D_loss=2.926465, reward=-6.957829
Epoch: 771: 2022-04-20 13:50:03.574999
Epoch 772/1000, D_loss=2.909849, reward=-6.975435
Epoch: 772: 2022-04-20 13:50:04.351996
Epoch 773/1000, D_loss=2.917153, reward=-6.968012
Epoch: 773: 2022-04-20 13:50:05.196434
Epoch 774/1000, D_loss=2.918771, reward=-6.967383
Epoch: 774: 2022-04-20 13:50:06.009640
Epoch 775/1000, D_loss=2.909260, reward=-6.974089
Epoch: 775: 2022-04-20 13:50:06.683954
Epoch 776/1000, D_loss=2.922794, reward=-6.961453
Epoch: 776: 2022-04-20 13:50:07.348496
Epoch 777/1000, D_loss=2.924624, reward=-6.961485
Epoch: 777: 2022-04-20 13:50:08.018950
Epoch 778/1000, D_loss=2.913042, reward=-6.974273
Epoch: 778: 2022-04-20 13:50:08.680722
Epoch 779/1000, D_loss=2.910179, reward=-6.971148
Epoch: 779: 2022-04-20 13:50:09.382489
Epoch 780/1000, D_loss=2.916006, reward=-6.967776
Test_MRR=0.095306, Test_MR=34.860019, Test_H@10=0.220037
Epoch: 780: 2022-04-20 13:50:11.556581
Epoch 781/1000, D_loss=2.929430, reward=-6.952700
Epoch: 781: 2022-04-20 13:50:12.306159
Epoch 782/1000, D_loss=2.917039, reward=-6.965717
Epoch: 782: 2022-04-20 13:50:13.331439
Epoch 783/1000, D_loss=2.914970, reward=-6.969877
Epoch: 783: 2022-04-20 13:50:14.293245
Epoch 784/1000, D_loss=2.917792, reward=-6.963934
Epoch: 784: 2022-04-20 13:50:15.251589
Epoch 785/1000, D_loss=2.918725, reward=-6.962541
Epoch: 785: 2022-04-20 13:50:16.224830
Epoch 786/1000, D_loss=2.917216, reward=-6.956693
Epoch: 786: 2022-04-20 13:50:17.149818
Epoch 787/1000, D_loss=2.924280, reward=-6.943766
Epoch: 787: 2022-04-20 13:50:18.053981
Epoch 788/1000, D_loss=2.915897, reward=-6.951427
Epoch: 788: 2022-04-20 13:50:18.946068
Epoch 789/1000, D_loss=2.924953, reward=-6.949483
Epoch: 789: 2022-04-20 13:50:19.855167
Epoch 790/1000, D_loss=2.917074, reward=-6.956501
Test_MRR=0.090025, Test_MR=35.259363, Test_H@10=0.205524
Epoch: 790: 2022-04-20 13:50:22.133249
Epoch 791/1000, D_loss=2.916438, reward=-6.964240
Epoch: 791: 2022-04-20 13:50:22.980815
Epoch 792/1000, D_loss=2.917137, reward=-6.964046
Epoch: 792: 2022-04-20 13:50:23.753922
Epoch 793/1000, D_loss=2.929321, reward=-6.951678
Epoch: 793: 2022-04-20 13:50:24.656914
Epoch 794/1000, D_loss=2.912341, reward=-6.967973
Epoch: 794: 2022-04-20 13:50:25.515113
Epoch 795/1000, D_loss=2.924277, reward=-6.958805
Epoch: 795: 2022-04-20 13:50:26.394528
Epoch 796/1000, D_loss=2.928199, reward=-6.954281
Epoch: 796: 2022-04-20 13:50:27.280803
Epoch 797/1000, D_loss=2.919893, reward=-6.956317
Epoch: 797: 2022-04-20 13:50:28.181408
Epoch 798/1000, D_loss=2.915917, reward=-6.959085
Epoch: 798: 2022-04-20 13:50:29.160057
Epoch 799/1000, D_loss=2.912323, reward=-6.968493
Epoch: 799: 2022-04-20 13:50:30.002911
Epoch 800/1000, D_loss=2.919228, reward=-6.962536
Test_MRR=0.092381, Test_MR=35.244850, Test_H@10=0.208333
Epoch: 800: 2022-04-20 13:50:32.274361
Epoch 801/1000, D_loss=2.927182, reward=-6.947771
Epoch: 801: 2022-04-20 13:50:33.364018
Epoch 802/1000, D_loss=2.928433, reward=-6.946044
Epoch: 802: 2022-04-20 13:50:34.380743
Epoch 803/1000, D_loss=2.913190, reward=-6.960830
Epoch: 803: 2022-04-20 13:50:35.395901
Epoch 804/1000, D_loss=2.919024, reward=-6.963672
Epoch: 804: 2022-04-20 13:50:36.382830
Epoch 805/1000, D_loss=2.924671, reward=-6.959101
Epoch: 805: 2022-04-20 13:50:37.377458
Epoch 806/1000, D_loss=2.912883, reward=-6.966122
Epoch: 806: 2022-04-20 13:50:38.360669
Epoch 807/1000, D_loss=2.918953, reward=-6.960943
Epoch: 807: 2022-04-20 13:50:39.201159
Epoch 808/1000, D_loss=2.920332, reward=-6.962188
Epoch: 808: 2022-04-20 13:50:40.019192
Epoch 809/1000, D_loss=2.918103, reward=-6.962440
Epoch: 809: 2022-04-20 13:50:40.856341
Epoch 810/1000, D_loss=2.921090, reward=-6.962402
Test_MRR=0.088917, Test_MR=36.201311, Test_H@10=0.200843
Epoch: 810: 2022-04-20 13:50:43.068402
Epoch 811/1000, D_loss=2.925274, reward=-6.962702
Epoch: 811: 2022-04-20 13:50:43.908054
Epoch 812/1000, D_loss=2.915089, reward=-6.970338
Epoch: 812: 2022-04-20 13:50:44.674285
Epoch 813/1000, D_loss=2.922978, reward=-6.968883
Epoch: 813: 2022-04-20 13:50:45.505445
Epoch 814/1000, D_loss=2.923112, reward=-6.967951
Epoch: 814: 2022-04-20 13:50:46.330407
Epoch 815/1000, D_loss=2.918680, reward=-6.969814
Epoch: 815: 2022-04-20 13:50:47.167639
Epoch 816/1000, D_loss=2.912942, reward=-6.973097
Epoch: 816: 2022-04-20 13:50:48.011411
Epoch 817/1000, D_loss=2.918405, reward=-6.967603
Epoch: 817: 2022-04-20 13:50:48.778706
Epoch 818/1000, D_loss=2.915161, reward=-6.977147
Epoch: 818: 2022-04-20 13:50:49.446894
Epoch 819/1000, D_loss=2.917860, reward=-6.975674
Epoch: 819: 2022-04-20 13:50:50.112297
Epoch 820/1000, D_loss=2.932506, reward=-6.965593
Test_MRR=0.085670, Test_MR=35.980805, Test_H@10=0.187734
Epoch: 820: 2022-04-20 13:50:52.080820
Epoch 821/1000, D_loss=2.927876, reward=-6.966022
Epoch: 821: 2022-04-20 13:50:52.929973
Epoch 822/1000, D_loss=2.925997, reward=-6.960203
Epoch: 822: 2022-04-20 13:50:54.000432
Epoch 823/1000, D_loss=2.919468, reward=-6.959976
Epoch: 823: 2022-04-20 13:50:54.942094
Epoch 824/1000, D_loss=2.915839, reward=-6.968121
Epoch: 824: 2022-04-20 13:50:55.833493
Epoch 825/1000, D_loss=2.923066, reward=-6.959605
Epoch: 825: 2022-04-20 13:50:56.714902
Epoch 826/1000, D_loss=2.909987, reward=-6.971660
Epoch: 826: 2022-04-20 13:50:57.589009
Epoch 827/1000, D_loss=2.917953, reward=-6.969323
Epoch: 827: 2022-04-20 13:50:58.477620
Epoch 828/1000, D_loss=2.920881, reward=-6.969467
Epoch: 828: 2022-04-20 13:50:59.370059
Epoch 829/1000, D_loss=2.931767, reward=-6.952145
Epoch: 829: 2022-04-20 13:51:00.231607
Epoch 830/1000, D_loss=2.917882, reward=-6.960826
Test_MRR=0.086329, Test_MR=35.890918, Test_H@10=0.192416
Epoch: 830: 2022-04-20 13:51:02.486941
Epoch 831/1000, D_loss=2.922542, reward=-6.955203
Epoch: 831: 2022-04-20 13:51:03.344017
Epoch 832/1000, D_loss=2.921293, reward=-6.957505
Epoch: 832: 2022-04-20 13:51:04.186586
Epoch 833/1000, D_loss=2.927926, reward=-6.951313
Epoch: 833: 2022-04-20 13:51:05.018293
Epoch 834/1000, D_loss=2.918779, reward=-6.962526
Epoch: 834: 2022-04-20 13:51:05.843530
Epoch 835/1000, D_loss=2.915162, reward=-6.966213
Epoch: 835: 2022-04-20 13:51:06.632631
Epoch 836/1000, D_loss=2.916889, reward=-6.966921
Epoch: 836: 2022-04-20 13:51:07.473600
Epoch 837/1000, D_loss=2.934641, reward=-6.952449
Epoch: 837: 2022-04-20 13:51:08.315207
Epoch 838/1000, D_loss=2.924944, reward=-6.955577
Epoch: 838: 2022-04-20 13:51:09.144216
Epoch 839/1000, D_loss=2.922789, reward=-6.953011
Epoch: 839: 2022-04-20 13:51:09.969800
Epoch 840/1000, D_loss=2.923871, reward=-6.950035
Test_MRR=0.091546, Test_MR=36.028090, Test_H@10=0.204588
Epoch: 840: 2022-04-20 13:51:12.192020
Epoch 841/1000, D_loss=2.925272, reward=-6.947618
Epoch: 841: 2022-04-20 13:51:13.340178
Epoch 842/1000, D_loss=2.929339, reward=-6.942137
Epoch: 842: 2022-04-20 13:51:14.341343
Epoch 843/1000, D_loss=2.919973, reward=-6.951861
Epoch: 843: 2022-04-20 13:51:15.298284
Epoch 844/1000, D_loss=2.919260, reward=-6.959794
Epoch: 844: 2022-04-20 13:51:16.235648
Epoch 845/1000, D_loss=2.928936, reward=-6.951017
Epoch: 845: 2022-04-20 13:51:17.108681
Epoch 846/1000, D_loss=2.923453, reward=-6.955236
Epoch: 846: 2022-04-20 13:51:18.029929
Epoch 847/1000, D_loss=2.922313, reward=-6.958136
Epoch: 847: 2022-04-20 13:51:18.955567
Epoch 848/1000, D_loss=2.924362, reward=-6.961121
Epoch: 848: 2022-04-20 13:51:19.940554
Epoch 849/1000, D_loss=2.929244, reward=-6.957322
Epoch: 849: 2022-04-20 13:51:20.902078
Epoch 850/1000, D_loss=2.919151, reward=-6.972240
Test_MRR=0.087303, Test_MR=36.530431, Test_H@10=0.198502
Epoch: 850: 2022-04-20 13:51:23.255649
Epoch 851/1000, D_loss=2.928630, reward=-6.966374
Epoch: 851: 2022-04-20 13:51:24.073917
Epoch 852/1000, D_loss=2.922514, reward=-6.970470
Epoch: 852: 2022-04-20 13:51:24.741961
Epoch 853/1000, D_loss=2.931564, reward=-6.961992
Epoch: 853: 2022-04-20 13:51:25.413727
Epoch 854/1000, D_loss=2.928810, reward=-6.962547
Epoch: 854: 2022-04-20 13:51:26.079727
Epoch 855/1000, D_loss=2.923002, reward=-6.968677
Epoch: 855: 2022-04-20 13:51:26.878290
Epoch 856/1000, D_loss=2.931088, reward=-6.964289
Epoch: 856: 2022-04-20 13:51:27.718389
Epoch 857/1000, D_loss=2.924003, reward=-6.969615
Epoch: 857: 2022-04-20 13:51:28.567217
Epoch 858/1000, D_loss=2.926316, reward=-6.963399
Epoch: 858: 2022-04-20 13:51:29.410214
Epoch 859/1000, D_loss=2.927280, reward=-6.960375
Epoch: 859: 2022-04-20 13:51:30.386708
Epoch 860/1000, D_loss=2.921248, reward=-6.963502
Test_MRR=0.089812, Test_MR=36.137640, Test_H@10=0.204120
Epoch: 860: 2022-04-20 13:51:32.496720
Epoch 861/1000, D_loss=2.919261, reward=-6.964913
Epoch: 861: 2022-04-20 13:51:33.387183
Epoch 862/1000, D_loss=2.916850, reward=-6.966794
Epoch: 862: 2022-04-20 13:51:34.227205
Epoch 863/1000, D_loss=2.919682, reward=-6.964596
Epoch: 863: 2022-04-20 13:51:35.068090
Epoch 864/1000, D_loss=2.919004, reward=-6.967349
Epoch: 864: 2022-04-20 13:51:35.912538
Epoch 865/1000, D_loss=2.930830, reward=-6.954495
Epoch: 865: 2022-04-20 13:51:36.729133
Epoch 866/1000, D_loss=2.925124, reward=-6.956931
Epoch: 866: 2022-04-20 13:51:37.570766
Epoch 867/1000, D_loss=2.928163, reward=-6.944193
Epoch: 867: 2022-04-20 13:51:38.412504
Epoch 868/1000, D_loss=2.919122, reward=-6.954420
Epoch: 868: 2022-04-20 13:51:39.252424
Epoch 869/1000, D_loss=2.930631, reward=-6.941799
Epoch: 869: 2022-04-20 13:51:40.097824
Epoch 870/1000, D_loss=2.928975, reward=-6.943260
Test_MRR=0.087191, Test_MR=36.242978, Test_H@10=0.203184
Epoch: 870: 2022-04-20 13:51:42.349591
Epoch 871/1000, D_loss=2.922349, reward=-6.951276
Epoch: 871: 2022-04-20 13:51:43.444380
Epoch 872/1000, D_loss=2.926059, reward=-6.948931
Epoch: 872: 2022-04-20 13:51:44.442195
Epoch 873/1000, D_loss=2.933091, reward=-6.938616
Epoch: 873: 2022-04-20 13:51:45.386862
Epoch 874/1000, D_loss=2.919343, reward=-6.954157
Epoch: 874: 2022-04-20 13:51:46.172755
Epoch 875/1000, D_loss=2.921631, reward=-6.948336
Epoch: 875: 2022-04-20 13:51:46.962528
Epoch 876/1000, D_loss=2.923756, reward=-6.947183
Epoch: 876: 2022-04-20 13:51:47.804423
Epoch 877/1000, D_loss=2.926475, reward=-6.944144
Epoch: 877: 2022-04-20 13:51:48.648760
Epoch 878/1000, D_loss=2.924771, reward=-6.953853
Epoch: 878: 2022-04-20 13:51:49.494556
Epoch 879/1000, D_loss=2.935608, reward=-6.941031
Epoch: 879: 2022-04-20 13:51:50.343306
Epoch 880/1000, D_loss=2.931614, reward=-6.941755
Test_MRR=0.093592, Test_MR=36.259831, Test_H@10=0.210206
Epoch: 880: 2022-04-20 13:51:52.568728
Epoch 881/1000, D_loss=2.926255, reward=-6.951396
Epoch: 881: 2022-04-20 13:51:53.734383
Epoch 882/1000, D_loss=2.920025, reward=-6.956433
Epoch: 882: 2022-04-20 13:51:54.780074
Epoch 883/1000, D_loss=2.927652, reward=-6.953261
Epoch: 883: 2022-04-20 13:51:55.761247
Epoch 884/1000, D_loss=2.926852, reward=-6.951825
Epoch: 884: 2022-04-20 13:51:56.688644
Epoch 885/1000, D_loss=2.924727, reward=-6.943427
Epoch: 885: 2022-04-20 13:51:57.577815
Epoch 886/1000, D_loss=2.925369, reward=-6.941970
Epoch: 886: 2022-04-20 13:51:58.468157
Epoch 887/1000, D_loss=2.933432, reward=-6.938894
Epoch: 887: 2022-04-20 13:51:59.368684
Epoch 888/1000, D_loss=2.914661, reward=-6.956285
Epoch: 888: 2022-04-20 13:52:00.267121
Epoch 889/1000, D_loss=2.925149, reward=-6.950569
Epoch: 889: 2022-04-20 13:52:01.069495
Epoch 890/1000, D_loss=2.923599, reward=-6.951561
Test_MRR=0.092284, Test_MR=35.669476, Test_H@10=0.205524
Epoch: 890: 2022-04-20 13:52:03.284739
Epoch 891/1000, D_loss=2.926510, reward=-6.950295
Epoch: 891: 2022-04-20 13:52:04.475462
Epoch 892/1000, D_loss=2.926399, reward=-6.950934
Epoch: 892: 2022-04-20 13:52:05.531632
Epoch 893/1000, D_loss=2.915005, reward=-6.968038
Epoch: 893: 2022-04-20 13:52:06.553186
Epoch 894/1000, D_loss=2.930154, reward=-6.958023
Epoch: 894: 2022-04-20 13:52:07.554717
Epoch 895/1000, D_loss=2.920922, reward=-6.962945
Epoch: 895: 2022-04-20 13:52:08.517481
Epoch 896/1000, D_loss=2.932674, reward=-6.948811
Epoch: 896: 2022-04-20 13:52:09.315162
Epoch 897/1000, D_loss=2.924830, reward=-6.953371
Epoch: 897: 2022-04-20 13:52:10.044795
Epoch 898/1000, D_loss=2.915649, reward=-6.964348
Epoch: 898: 2022-04-20 13:52:10.869533
Epoch 899/1000, D_loss=2.926975, reward=-6.953062
Epoch: 899: 2022-04-20 13:52:11.718213
Epoch 900/1000, D_loss=2.928209, reward=-6.952483
Test_MRR=0.089266, Test_MR=35.856742, Test_H@10=0.197097
Epoch: 900: 2022-04-20 13:52:13.852385
Epoch 901/1000, D_loss=2.932243, reward=-6.949543
Epoch: 901: 2022-04-20 13:52:14.720125
Epoch 902/1000, D_loss=2.924697, reward=-6.956316
Epoch: 902: 2022-04-20 13:52:15.566806
Epoch 903/1000, D_loss=2.920142, reward=-6.962859
Epoch: 903: 2022-04-20 13:52:16.406939
Epoch 904/1000, D_loss=2.926984, reward=-6.957761
Epoch: 904: 2022-04-20 13:52:17.157927
Epoch 905/1000, D_loss=2.912226, reward=-6.975684
Epoch: 905: 2022-04-20 13:52:17.819090
Epoch 906/1000, D_loss=2.916086, reward=-6.980332
Epoch: 906: 2022-04-20 13:52:18.580322
Epoch 907/1000, D_loss=2.929552, reward=-6.967280
Epoch: 907: 2022-04-20 13:52:19.356386
Epoch 908/1000, D_loss=2.929309, reward=-6.961607
Epoch: 908: 2022-04-20 13:52:20.150264
Epoch 909/1000, D_loss=2.924595, reward=-6.969708
Epoch: 909: 2022-04-20 13:52:20.814242
Epoch 910/1000, D_loss=2.929087, reward=-6.962876
Test_MRR=0.091518, Test_MR=35.411049, Test_H@10=0.209270
Epoch: 910: 2022-04-20 13:52:22.959630
Epoch 911/1000, D_loss=2.923309, reward=-6.959945
Epoch: 911: 2022-04-20 13:52:23.809681
Epoch 912/1000, D_loss=2.924568, reward=-6.955948
Epoch: 912: 2022-04-20 13:52:24.579271
Epoch 913/1000, D_loss=2.923248, reward=-6.954004
Epoch: 913: 2022-04-20 13:52:25.369138
Epoch 914/1000, D_loss=2.924659, reward=-6.949249
Epoch: 914: 2022-04-20 13:52:26.151847
Epoch 915/1000, D_loss=2.919611, reward=-6.953261
Epoch: 915: 2022-04-20 13:52:26.956071
Epoch 916/1000, D_loss=2.932508, reward=-6.940226
Epoch: 916: 2022-04-20 13:52:27.740886
Epoch 917/1000, D_loss=2.921992, reward=-6.941954
Epoch: 917: 2022-04-20 13:52:28.500952
Epoch 918/1000, D_loss=2.925869, reward=-6.929338
Epoch: 918: 2022-04-20 13:52:29.265479
Epoch 919/1000, D_loss=2.926790, reward=-6.927165
Epoch: 919: 2022-04-20 13:52:30.286843
Epoch 920/1000, D_loss=2.919789, reward=-6.933931
Test_MRR=0.100239, Test_MR=34.225655, Test_H@10=0.220506
Epoch: 920: 2022-04-20 13:52:32.518777
Epoch 921/1000, D_loss=2.928978, reward=-6.923110
Epoch: 921: 2022-04-20 13:52:33.509147
Epoch 922/1000, D_loss=2.924345, reward=-6.923347
Epoch: 922: 2022-04-20 13:52:34.479927
Epoch 923/1000, D_loss=2.927263, reward=-6.924912
Epoch: 923: 2022-04-20 13:52:35.442962
Epoch 924/1000, D_loss=2.920166, reward=-6.939912
Epoch: 924: 2022-04-20 13:52:36.382830
Epoch 925/1000, D_loss=2.921024, reward=-6.938707
Epoch: 925: 2022-04-20 13:52:37.263683
Epoch 926/1000, D_loss=2.925275, reward=-6.926087
Epoch: 926: 2022-04-20 13:52:38.168551
Epoch 927/1000, D_loss=2.918119, reward=-6.927971
Epoch: 927: 2022-04-20 13:52:39.097849
Epoch 928/1000, D_loss=2.929972, reward=-6.912722
Epoch: 928: 2022-04-20 13:52:40.036916
Epoch 929/1000, D_loss=2.921525, reward=-6.918653
Epoch: 929: 2022-04-20 13:52:40.948826
Epoch 930/1000, D_loss=2.930362, reward=-6.906146
Test_MRR=0.097171, Test_MR=34.093633, Test_H@10=0.228464
Epoch: 930: 2022-04-20 13:52:43.274121
Epoch 931/1000, D_loss=2.922835, reward=-6.905287
Epoch: 931: 2022-04-20 13:52:44.093259
Epoch 932/1000, D_loss=2.926211, reward=-6.898569
Epoch: 932: 2022-04-20 13:52:44.752976
Epoch 933/1000, D_loss=2.928296, reward=-6.894931
Epoch: 933: 2022-04-20 13:52:45.419515
Epoch 934/1000, D_loss=2.929360, reward=-6.896218
Epoch: 934: 2022-04-20 13:52:46.195506
Epoch 935/1000, D_loss=2.923688, reward=-6.899283
Epoch: 935: 2022-04-20 13:52:46.872803
Epoch 936/1000, D_loss=2.926898, reward=-6.898270
Epoch: 936: 2022-04-20 13:52:47.686096
Epoch 937/1000, D_loss=2.933977, reward=-6.886533
Epoch: 937: 2022-04-20 13:52:48.524813
Epoch 938/1000, D_loss=2.919455, reward=-6.904570
Epoch: 938: 2022-04-20 13:52:49.354769
Epoch 939/1000, D_loss=2.921373, reward=-6.907668
Epoch: 939: 2022-04-20 13:52:50.199734
Epoch 940/1000, D_loss=2.931406, reward=-6.898429
Test_MRR=0.095947, Test_MR=33.619850, Test_H@10=0.212547
Epoch: 940: 2022-04-20 13:52:52.329125
Epoch 941/1000, D_loss=2.925189, reward=-6.903494
Epoch: 941: 2022-04-20 13:52:53.467769
Epoch 942/1000, D_loss=2.923531, reward=-6.911516
Epoch: 942: 2022-04-20 13:52:54.351181
Epoch 943/1000, D_loss=2.923231, reward=-6.916470
Epoch: 943: 2022-04-20 13:52:55.131361
Epoch 944/1000, D_loss=2.918319, reward=-6.918323
Epoch: 944: 2022-04-20 13:52:55.806506
Epoch 945/1000, D_loss=2.914051, reward=-6.929376
Epoch: 945: 2022-04-20 13:52:56.482062
Epoch 946/1000, D_loss=2.918383, reward=-6.928655
Epoch: 946: 2022-04-20 13:52:57.193960
Epoch 947/1000, D_loss=2.923443, reward=-6.927290
Epoch: 947: 2022-04-20 13:52:58.026721
Epoch 948/1000, D_loss=2.932067, reward=-6.923226
Epoch: 948: 2022-04-20 13:52:58.868080
Epoch 949/1000, D_loss=2.921097, reward=-6.931763
Epoch: 949: 2022-04-20 13:52:59.714778
Epoch 950/1000, D_loss=2.923294, reward=-6.928096
Test_MRR=0.093844, Test_MR=34.780431, Test_H@10=0.214888
Epoch: 950: 2022-04-20 13:53:02.148086
Epoch 951/1000, D_loss=2.923543, reward=-6.929505
Epoch: 951: 2022-04-20 13:53:03.019414
Epoch 952/1000, D_loss=2.936393, reward=-6.915648
Epoch: 952: 2022-04-20 13:53:03.890063
Epoch 953/1000, D_loss=2.929854, reward=-6.918103
Epoch: 953: 2022-04-20 13:53:04.724488
Epoch 954/1000, D_loss=2.921754, reward=-6.926861
Epoch: 954: 2022-04-20 13:53:05.554673
Epoch 955/1000, D_loss=2.915659, reward=-6.935272
Epoch: 955: 2022-04-20 13:53:06.384046
Epoch 956/1000, D_loss=2.928593, reward=-6.924639
Epoch: 956: 2022-04-20 13:53:07.227611
Epoch 957/1000, D_loss=2.930792, reward=-6.916737
Epoch: 957: 2022-04-20 13:53:08.071846
Epoch 958/1000, D_loss=2.929474, reward=-6.912098
Epoch: 958: 2022-04-20 13:53:08.904859
Epoch 959/1000, D_loss=2.919419, reward=-6.922855
Epoch: 959: 2022-04-20 13:53:09.734831
Epoch 960/1000, D_loss=2.926625, reward=-6.916374
Test_MRR=0.086149, Test_MR=34.577715, Test_H@10=0.197566
Epoch: 960: 2022-04-20 13:53:11.958046
Epoch 961/1000, D_loss=2.932978, reward=-6.910707
Epoch: 961: 2022-04-20 13:53:13.136686
Epoch 962/1000, D_loss=2.935970, reward=-6.902009
Epoch: 962: 2022-04-20 13:53:14.139423
Epoch 963/1000, D_loss=2.928048, reward=-6.911142
Epoch: 963: 2022-04-20 13:53:15.116814
Epoch 964/1000, D_loss=2.921291, reward=-6.920789
Epoch: 964: 2022-04-20 13:53:16.057894
Epoch 965/1000, D_loss=2.931975, reward=-6.901493
Epoch: 965: 2022-04-20 13:53:16.998993
Epoch 966/1000, D_loss=2.930599, reward=-6.894005
Epoch: 966: 2022-04-20 13:53:17.921577
Epoch 967/1000, D_loss=2.917128, reward=-6.911501
Epoch: 967: 2022-04-20 13:53:18.833749
Epoch 968/1000, D_loss=2.926841, reward=-6.903789
Epoch: 968: 2022-04-20 13:53:19.786840
Epoch 969/1000, D_loss=2.935549, reward=-6.899437
Epoch: 969: 2022-04-20 13:53:20.678955
Epoch 970/1000, D_loss=2.923722, reward=-6.915768
Test_MRR=0.094107, Test_MR=34.223783, Test_H@10=0.220974
Epoch: 970: 2022-04-20 13:53:22.877380
Epoch 971/1000, D_loss=2.924429, reward=-6.918701
Epoch: 971: 2022-04-20 13:53:23.756080
Epoch 972/1000, D_loss=2.921088, reward=-6.922558
Epoch: 972: 2022-04-20 13:53:24.449886
Epoch 973/1000, D_loss=2.918341, reward=-6.925778
Epoch: 973: 2022-04-20 13:53:25.210788
Epoch 974/1000, D_loss=2.922123, reward=-6.927376
Epoch: 974: 2022-04-20 13:53:25.993481
Epoch 975/1000, D_loss=2.927064, reward=-6.921638
Epoch: 975: 2022-04-20 13:53:26.806590
Epoch 976/1000, D_loss=2.924615, reward=-6.922645
Epoch: 976: 2022-04-20 13:53:27.648841
Epoch 977/1000, D_loss=2.925431, reward=-6.915433
Epoch: 977: 2022-04-20 13:53:28.486862
Epoch 978/1000, D_loss=2.917402, reward=-6.923634
Epoch: 978: 2022-04-20 13:53:29.215698
Epoch 979/1000, D_loss=2.922127, reward=-6.918556
Epoch: 979: 2022-04-20 13:53:29.882966
Epoch 980/1000, D_loss=2.917859, reward=-6.928020
Test_MRR=0.092039, Test_MR=34.298689, Test_H@10=0.211142
Epoch: 980: 2022-04-20 13:53:31.739186
Epoch 981/1000, D_loss=2.934490, reward=-6.909886
Epoch: 981: 2022-04-20 13:53:32.593175
Epoch 982/1000, D_loss=2.915712, reward=-6.922102
Epoch: 982: 2022-04-20 13:53:33.384154
Epoch 983/1000, D_loss=2.923346, reward=-6.913696
Epoch: 983: 2022-04-20 13:53:34.214251
Epoch 984/1000, D_loss=2.916556, reward=-6.922965
Epoch: 984: 2022-04-20 13:53:35.058641
Epoch 985/1000, D_loss=2.927843, reward=-6.912899
Epoch: 985: 2022-04-20 13:53:35.906590
Epoch 986/1000, D_loss=2.922995, reward=-6.923512
Epoch: 986: 2022-04-20 13:53:36.742109
Epoch 987/1000, D_loss=2.925335, reward=-6.920362
Epoch: 987: 2022-04-20 13:53:37.571002
Epoch 988/1000, D_loss=2.917106, reward=-6.929121
Epoch: 988: 2022-04-20 13:53:38.315948
Epoch 989/1000, D_loss=2.916102, reward=-6.927715
Epoch: 989: 2022-04-20 13:53:38.976386
Epoch 990/1000, D_loss=2.927666, reward=-6.913150
Test_MRR=0.092568, Test_MR=34.256086, Test_H@10=0.217228
Epoch: 990: 2022-04-20 13:53:41.370597
Epoch 991/1000, D_loss=2.923560, reward=-6.913834
Epoch: 991: 2022-04-20 13:53:42.207440
Epoch 992/1000, D_loss=2.924073, reward=-6.914701
Epoch: 992: 2022-04-20 13:53:43.028646
Epoch 993/1000, D_loss=2.919258, reward=-6.921185
Epoch: 993: 2022-04-20 13:53:43.700304
Epoch 994/1000, D_loss=2.919727, reward=-6.927968
Epoch: 994: 2022-04-20 13:53:44.432209
Epoch 995/1000, D_loss=2.924435, reward=-6.923669
Epoch: 995: 2022-04-20 13:53:45.215857
Epoch 996/1000, D_loss=2.928446, reward=-6.919420
Epoch: 996: 2022-04-20 13:53:45.885036
Epoch 997/1000, D_loss=2.929049, reward=-6.914299
Epoch: 997: 2022-04-20 13:53:46.556853
Epoch 998/1000, D_loss=2.914883, reward=-6.933674
Epoch: 998: 2022-04-20 13:53:47.224945
Epoch 999/1000, D_loss=2.928497, reward=-6.922440
Epoch: 999: 2022-04-20 13:53:48.016852
Epoch 1000/1000, D_loss=2.931077, reward=-6.913264
Test_MRR=0.084218, Test_MR=35.198970, Test_H@10=0.197566
Best Performance:
Test_MRR=0.262457, Test_MR=18.515829, Test_H@10=0.525140
