pretrain_config=TransE
g_config=DistMult
d_config=TransD
test_batch_size=100
task.dir=fb15k
task.type=link
adv.use_pretrained_models=False
adv.n_sample=20
adv.sample_type=original
adv.measure_type=entropy
adv.n_epoch=1000
adv.n_batch=100
adv.epoch_per_test=10
adv.temperature=1.0
TransE.dim=50
TransE.margin=3
TransE.p=1
TransE.n_epoch=1000
TransE.n_batch=100
TransE.epoch_per_test=50
TransE.model_file=transe.mdl
TransD.dim=50
TransD.margin=3
TransD.p=1
TransD.n_epoch=1000
TransD.n_batch=100
TransD.epoch_per_test=50
TransD.model_file=transd.mdl
DistMult.dim=50
DistMult.lam=0.1
DistMult.n_sample=20
DistMult.sample_freq=1
DistMult.n_epoch=1000
DistMult.n_batch=100
DistMult.epoch_per_test=50
DistMult.model_file=distmult.mdl
ComplEx.dim=25
ComplEx.lam=0.1
ComplEx.n_sample=20
ComplEx.sample_freq=1
ComplEx.n_epoch=1000
ComplEx.n_batch=100
ComplEx.epoch_per_test=50
ComplEx.model_file=complex.mdl
log.dump_config=False
log.log_train=True
log.log_config=True
log.dir=./logs
log.log_advtrain_graphs=True
log.log_pretrain_graph=True
log.graph_every_nth_epoch=10
2022-04-23 14:42:35.245728
Test_MRR=0.004332, Test_MR=7419.107362, Test_H@10=0.004334
Epoch: 0: 2022-04-23 14:44:42.231259
Epoch 1/1000, D_loss=2.737054, reward=-9.475362
Epoch: 1: 2022-04-23 14:44:44.501812
Epoch 2/1000, D_loss=2.270862, reward=-8.984224
Epoch: 2: 2022-04-23 14:44:46.576919
Epoch 3/1000, D_loss=1.888343, reward=-8.620407
Epoch: 3: 2022-04-23 14:44:48.649878
Epoch 4/1000, D_loss=1.549583, reward=-8.399433
Epoch: 4: 2022-04-23 14:44:50.780252
Epoch 5/1000, D_loss=1.278268, reward=-8.297381
Epoch: 5: 2022-04-23 14:44:53.038328
Epoch 6/1000, D_loss=1.064423, reward=-8.290203
Epoch: 6: 2022-04-23 14:44:55.078734
Epoch 7/1000, D_loss=0.894190, reward=-8.337907
Epoch: 7: 2022-04-23 14:44:57.153053
Epoch 8/1000, D_loss=0.762869, reward=-8.401546
Epoch: 8: 2022-04-23 14:44:59.244170
Epoch 9/1000, D_loss=0.665586, reward=-8.452329
Epoch: 9: 2022-04-23 14:45:01.344475
Epoch 10/1000, D_loss=0.584584, reward=-8.513979
Test_MRR=0.186463, Test_MR=762.312240, Test_H@10=0.331830
Epoch: 10: 2022-04-23 14:46:52.638980
Epoch 11/1000, D_loss=0.521531, reward=-8.566396
Epoch: 11: 2022-04-23 14:46:54.929256
Epoch 12/1000, D_loss=0.473183, reward=-8.612832
Epoch: 12: 2022-04-23 14:46:57.175816
Epoch 13/1000, D_loss=0.434273, reward=-8.649935
Epoch: 13: 2022-04-23 14:46:59.419658
Epoch 14/1000, D_loss=0.397860, reward=-8.694556
Epoch: 14: 2022-04-23 14:47:01.515032
Epoch 15/1000, D_loss=0.370932, reward=-8.729891
Epoch: 15: 2022-04-23 14:47:03.462667
Epoch 16/1000, D_loss=0.345637, reward=-8.769654
Epoch: 16: 2022-04-23 14:47:05.410141
Epoch 17/1000, D_loss=0.324410, reward=-8.804718
Epoch: 17: 2022-04-23 14:47:07.391639
Epoch 18/1000, D_loss=0.307355, reward=-8.839352
Epoch: 18: 2022-04-23 14:47:09.426156
Epoch 19/1000, D_loss=0.292026, reward=-8.868508
Epoch: 19: 2022-04-23 14:47:11.697371
Epoch 20/1000, D_loss=0.277834, reward=-8.897966
Test_MRR=0.246942, Test_MR=316.702610, Test_H@10=0.413010
Epoch: 20: 2022-04-23 14:49:10.744707
Epoch 21/1000, D_loss=0.268047, reward=-8.922392
Epoch: 21: 2022-04-23 14:49:12.860920
Epoch 22/1000, D_loss=0.256893, reward=-8.950811
Epoch: 22: 2022-04-23 14:49:14.808899
Epoch 23/1000, D_loss=0.248061, reward=-8.972311
Epoch: 23: 2022-04-23 14:49:16.751057
Epoch 24/1000, D_loss=0.241039, reward=-8.987736
Epoch: 24: 2022-04-23 14:49:18.691170
Epoch 25/1000, D_loss=0.234209, reward=-9.006730
Epoch: 25: 2022-04-23 14:49:20.633047
Epoch 26/1000, D_loss=0.229321, reward=-9.025654
Epoch: 26: 2022-04-23 14:49:22.574646
Epoch 27/1000, D_loss=0.223839, reward=-9.041488
Epoch: 27: 2022-04-23 14:49:24.527725
Epoch 28/1000, D_loss=0.219454, reward=-9.056996
Epoch: 28: 2022-04-23 14:49:26.831015
Epoch 29/1000, D_loss=0.215045, reward=-9.071453
Epoch: 29: 2022-04-23 14:49:29.104328
Epoch 30/1000, D_loss=0.211288, reward=-9.079823
Test_MRR=0.270550, Test_MR=223.791100, Test_H@10=0.449150
Epoch: 30: 2022-04-23 14:51:23.650895
Epoch 31/1000, D_loss=0.209695, reward=-9.086860
Epoch: 31: 2022-04-23 14:51:25.985924
Epoch 32/1000, D_loss=0.206527, reward=-9.097374
Epoch: 32: 2022-04-23 14:51:28.296333
Epoch 33/1000, D_loss=0.205457, reward=-9.097529
Epoch: 33: 2022-04-23 14:51:30.459138
Epoch 34/1000, D_loss=0.207415, reward=-9.091799
Epoch: 34: 2022-04-23 14:51:32.777818
Epoch 35/1000, D_loss=0.208524, reward=-9.085052
Epoch: 35: 2022-04-23 14:51:35.023742
Epoch 36/1000, D_loss=0.211306, reward=-9.070511
Epoch: 36: 2022-04-23 14:51:37.294454
Epoch 37/1000, D_loss=0.215246, reward=-9.053137
Epoch: 37: 2022-04-23 14:51:39.547916
Epoch 38/1000, D_loss=0.222362, reward=-9.018643
Epoch: 38: 2022-04-23 14:51:41.495551
Epoch 39/1000, D_loss=0.229039, reward=-8.983758
Epoch: 39: 2022-04-23 14:51:43.442736
Epoch 40/1000, D_loss=0.235436, reward=-8.942470
Test_MRR=0.281451, Test_MR=186.210440, Test_H@10=0.467280
Epoch: 40: 2022-04-23 14:53:35.447071
Epoch 41/1000, D_loss=0.245007, reward=-8.888869
Epoch: 41: 2022-04-23 14:53:37.764613
Epoch 42/1000, D_loss=0.256722, reward=-8.834056
Epoch: 42: 2022-04-23 14:53:40.113921
Epoch 43/1000, D_loss=0.266734, reward=-8.786916
Epoch: 43: 2022-04-23 14:53:42.428225
Epoch 44/1000, D_loss=0.280673, reward=-8.721416
Epoch: 44: 2022-04-23 14:53:44.557267
Epoch 45/1000, D_loss=0.293128, reward=-8.668844
Epoch: 45: 2022-04-23 14:53:46.683880
Epoch 46/1000, D_loss=0.309183, reward=-8.618158
Epoch: 46: 2022-04-23 14:53:48.982833
Epoch 47/1000, D_loss=0.323338, reward=-8.568152
Epoch: 47: 2022-04-23 14:53:51.296094
Epoch 48/1000, D_loss=0.336931, reward=-8.534127
Epoch: 48: 2022-04-23 14:53:53.629150
Epoch 49/1000, D_loss=0.355059, reward=-8.490234
Epoch: 49: 2022-04-23 14:53:55.941555
Epoch 50/1000, D_loss=0.365955, reward=-8.463483
Test_MRR=0.285172, Test_MR=184.121140, Test_H@10=0.476780
Epoch: 50: 2022-04-23 14:55:42.913921
Epoch 51/1000, D_loss=0.381052, reward=-8.434376
Epoch: 51: 2022-04-23 14:55:45.208789
Epoch 52/1000, D_loss=0.388645, reward=-8.418676
Epoch: 52: 2022-04-23 14:55:47.407947
Epoch 53/1000, D_loss=0.400557, reward=-8.403816
Epoch: 53: 2022-04-23 14:55:49.664331
Epoch 54/1000, D_loss=0.411457, reward=-8.386648
Epoch: 54: 2022-04-23 14:55:51.752883
Epoch 55/1000, D_loss=0.417665, reward=-8.379744
Epoch: 55: 2022-04-23 14:55:53.782870
Epoch 56/1000, D_loss=0.426577, reward=-8.364491
Epoch: 56: 2022-04-23 14:55:55.725339
Epoch 57/1000, D_loss=0.434792, reward=-8.359807
Epoch: 57: 2022-04-23 14:55:57.727219
Epoch 58/1000, D_loss=0.440267, reward=-8.346199
Epoch: 58: 2022-04-23 14:55:59.968037
Epoch 59/1000, D_loss=0.445803, reward=-8.340843
Epoch: 59: 2022-04-23 14:56:02.185854
Epoch 60/1000, D_loss=0.451655, reward=-8.328911
Test_MRR=0.295259, Test_MR=180.247660, Test_H@10=0.496770
Epoch: 60: 2022-04-23 14:57:47.654941
Epoch 61/1000, D_loss=0.458456, reward=-8.322692
Epoch: 61: 2022-04-23 14:57:49.891334
Epoch 62/1000, D_loss=0.463661, reward=-8.315136
Epoch: 62: 2022-04-23 14:57:52.100618
Epoch 63/1000, D_loss=0.469062, reward=-8.306452
Epoch: 63: 2022-04-23 14:57:54.171484
Epoch 64/1000, D_loss=0.470991, reward=-8.302732
Epoch: 64: 2022-04-23 14:57:56.382908
Epoch 65/1000, D_loss=0.474723, reward=-8.299285
Epoch: 65: 2022-04-23 14:57:58.604152
Epoch 66/1000, D_loss=0.479572, reward=-8.290059
Epoch: 66: 2022-04-23 14:58:00.764694
Epoch 67/1000, D_loss=0.482295, reward=-8.281824
Epoch: 67: 2022-04-23 14:58:02.999012
Epoch 68/1000, D_loss=0.487947, reward=-8.275894
Epoch: 68: 2022-04-23 14:58:05.228091
Epoch 69/1000, D_loss=0.490761, reward=-8.269695
Epoch: 69: 2022-04-23 14:58:07.515890
Epoch 70/1000, D_loss=0.497156, reward=-8.259277
Test_MRR=0.305986, Test_MR=177.967250, Test_H@10=0.513390
Epoch: 70: 2022-04-23 14:59:58.083418
Epoch 71/1000, D_loss=0.500618, reward=-8.250594
Epoch: 71: 2022-04-23 15:00:00.351219
Epoch 72/1000, D_loss=0.503837, reward=-8.246524
Epoch: 72: 2022-04-23 15:00:02.658369
Epoch 73/1000, D_loss=0.509870, reward=-8.233103
Epoch: 73: 2022-04-23 15:00:04.973414
Epoch 74/1000, D_loss=0.513604, reward=-8.227638
Epoch: 74: 2022-04-23 15:00:07.274398
Epoch 75/1000, D_loss=0.516358, reward=-8.222728
Epoch: 75: 2022-04-23 15:00:09.589453
Epoch 76/1000, D_loss=0.521200, reward=-8.213099
Epoch: 76: 2022-04-23 15:00:11.844730
Epoch 77/1000, D_loss=0.524444, reward=-8.212126
Epoch: 77: 2022-04-23 15:00:14.108720
Epoch 78/1000, D_loss=0.530440, reward=-8.204306
Epoch: 78: 2022-04-23 15:00:16.417069
Epoch 79/1000, D_loss=0.533649, reward=-8.195067
Epoch: 79: 2022-04-23 15:00:18.695849
Epoch 80/1000, D_loss=0.535607, reward=-8.195189
Test_MRR=0.309392, Test_MR=188.221480, Test_H@10=0.523260
Epoch: 80: 2022-04-23 15:02:06.420754
Epoch 81/1000, D_loss=0.539773, reward=-8.189620
Epoch: 81: 2022-04-23 15:02:08.765382
Epoch 82/1000, D_loss=0.544244, reward=-8.180379
Epoch: 82: 2022-04-23 15:02:11.065840
Epoch 83/1000, D_loss=0.547394, reward=-8.179745
Epoch: 83: 2022-04-23 15:02:13.270589
Epoch 84/1000, D_loss=0.548592, reward=-8.176564
Epoch: 84: 2022-04-23 15:02:15.411674
Epoch 85/1000, D_loss=0.555234, reward=-8.164599
Epoch: 85: 2022-04-23 15:02:17.360125
Epoch 86/1000, D_loss=0.559265, reward=-8.162827
Epoch: 86: 2022-04-23 15:02:19.310218
Epoch 87/1000, D_loss=0.560463, reward=-8.159068
Epoch: 87: 2022-04-23 15:02:21.259642
Epoch 88/1000, D_loss=0.563106, reward=-8.153496
Epoch: 88: 2022-04-23 15:02:23.207400
Epoch 89/1000, D_loss=0.568826, reward=-8.144093
Epoch: 89: 2022-04-23 15:02:25.187444
Epoch 90/1000, D_loss=0.569129, reward=-8.145754
Test_MRR=0.319698, Test_MR=192.542200, Test_H@10=0.540090
Epoch: 90: 2022-04-23 15:04:15.527135
Epoch 91/1000, D_loss=0.575148, reward=-8.136581
Epoch: 91: 2022-04-23 15:04:17.792637
Epoch 92/1000, D_loss=0.572934, reward=-8.141710
Epoch: 92: 2022-04-23 15:04:20.061811
Epoch 93/1000, D_loss=0.577689, reward=-8.137242
Epoch: 93: 2022-04-23 15:04:22.199493
Epoch 94/1000, D_loss=0.579160, reward=-8.135727
Epoch: 94: 2022-04-23 15:04:24.328677
Epoch 95/1000, D_loss=0.584626, reward=-8.127827
Epoch: 95: 2022-04-23 15:04:26.485534
Epoch 96/1000, D_loss=0.583204, reward=-8.128475
Epoch: 96: 2022-04-23 15:04:28.617185
Epoch 97/1000, D_loss=0.582044, reward=-8.130112
Epoch: 97: 2022-04-23 15:04:30.739144
Epoch 98/1000, D_loss=0.587516, reward=-8.126103
Epoch: 98: 2022-04-23 15:04:32.805297
Epoch 99/1000, D_loss=0.589139, reward=-8.122530
Epoch: 99: 2022-04-23 15:04:34.756169
Epoch 100/1000, D_loss=0.590069, reward=-8.121304
Test_MRR=0.323811, Test_MR=199.866870, Test_H@10=0.550900
Epoch: 100: 2022-04-23 15:06:28.861017
Epoch 101/1000, D_loss=0.591564, reward=-8.122599
Epoch: 101: 2022-04-23 15:06:31.115507
Epoch 102/1000, D_loss=0.591602, reward=-8.122302
Epoch: 102: 2022-04-23 15:06:33.295339
Epoch 103/1000, D_loss=0.591900, reward=-8.121260
Epoch: 103: 2022-04-23 15:06:35.420838
Epoch 104/1000, D_loss=0.592810, reward=-8.123295
Epoch: 104: 2022-04-23 15:06:37.387869
Epoch 105/1000, D_loss=0.595275, reward=-8.119833
Epoch: 105: 2022-04-23 15:06:39.331188
Epoch 106/1000, D_loss=0.596894, reward=-8.118258
Epoch: 106: 2022-04-23 15:06:41.273862
Epoch 107/1000, D_loss=0.595789, reward=-8.119890
Epoch: 107: 2022-04-23 15:06:43.225406
Epoch 108/1000, D_loss=0.595760, reward=-8.121597
Epoch: 108: 2022-04-23 15:06:45.399863
Epoch 109/1000, D_loss=0.598229, reward=-8.120139
Epoch: 109: 2022-04-23 15:06:47.626252
Epoch 110/1000, D_loss=0.598824, reward=-8.121535
Test_MRR=0.330810, Test_MR=211.655680, Test_H@10=0.563890
Epoch: 110: 2022-04-23 15:08:35.694790
Epoch 111/1000, D_loss=0.596885, reward=-8.123158
Epoch: 111: 2022-04-23 15:08:37.811575
Epoch 112/1000, D_loss=0.603248, reward=-8.118476
Epoch: 112: 2022-04-23 15:08:39.845746
Epoch 113/1000, D_loss=0.602127, reward=-8.115376
Epoch: 113: 2022-04-23 15:08:41.763690
Epoch 114/1000, D_loss=0.602915, reward=-8.116879
Epoch: 114: 2022-04-23 15:08:43.806403
Epoch 115/1000, D_loss=0.603988, reward=-8.119145
Epoch: 115: 2022-04-23 15:08:45.817640
Epoch 116/1000, D_loss=0.604754, reward=-8.116123
Epoch: 116: 2022-04-23 15:08:47.836140
Epoch 117/1000, D_loss=0.605307, reward=-8.119723
Epoch: 117: 2022-04-23 15:08:49.839481
Epoch 118/1000, D_loss=0.605075, reward=-8.119359
Epoch: 118: 2022-04-23 15:08:51.853994
Epoch 119/1000, D_loss=0.606123, reward=-8.117095
Epoch: 119: 2022-04-23 15:08:53.865968
Epoch 120/1000, D_loss=0.605090, reward=-8.118060
Test_MRR=0.334401, Test_MR=220.296500, Test_H@10=0.571500
Epoch: 120: 2022-04-23 15:10:39.453098
Epoch 121/1000, D_loss=0.608011, reward=-8.113028
Epoch: 121: 2022-04-23 15:10:41.559573
Epoch 122/1000, D_loss=0.606820, reward=-8.116451
Epoch: 122: 2022-04-23 15:10:43.501515
Epoch 123/1000, D_loss=0.607265, reward=-8.115866
Epoch: 123: 2022-04-23 15:10:45.455379
Epoch 124/1000, D_loss=0.607351, reward=-8.117705
Epoch: 124: 2022-04-23 15:10:47.759052
Epoch 125/1000, D_loss=0.611405, reward=-8.112222
Epoch: 125: 2022-04-23 15:10:50.047165
Epoch 126/1000, D_loss=0.610904, reward=-8.113181
Epoch: 126: 2022-04-23 15:10:52.167104
Epoch 127/1000, D_loss=0.612588, reward=-8.111444
Epoch: 127: 2022-04-23 15:10:54.353239
Epoch 128/1000, D_loss=0.611298, reward=-8.113175
Epoch: 128: 2022-04-23 15:10:56.498978
Epoch 129/1000, D_loss=0.612081, reward=-8.110222
Epoch: 129: 2022-04-23 15:10:58.779363
Epoch 130/1000, D_loss=0.613149, reward=-8.109714
Test_MRR=0.339613, Test_MR=232.271420, Test_H@10=0.578450
Epoch: 130: 2022-04-23 15:12:57.276865
Epoch 131/1000, D_loss=0.611810, reward=-8.112367
Epoch: 131: 2022-04-23 15:12:59.604806
Epoch 132/1000, D_loss=0.616008, reward=-8.107488
Epoch: 132: 2022-04-23 15:13:01.867292
Epoch 133/1000, D_loss=0.615882, reward=-8.108844
Epoch: 133: 2022-04-23 15:13:04.120937
Epoch 134/1000, D_loss=0.614548, reward=-8.109950
Epoch: 134: 2022-04-23 15:13:06.236696
Epoch 135/1000, D_loss=0.616774, reward=-8.106843
Epoch: 135: 2022-04-23 15:13:08.381279
Epoch 136/1000, D_loss=0.617416, reward=-8.108667
Epoch: 136: 2022-04-23 15:13:10.661363
Epoch 137/1000, D_loss=0.618042, reward=-8.104784
Epoch: 137: 2022-04-23 15:13:12.684450
Epoch 138/1000, D_loss=0.618287, reward=-8.103823
Epoch: 138: 2022-04-23 15:13:14.633382
Epoch 139/1000, D_loss=0.620758, reward=-8.105487
Epoch: 139: 2022-04-23 15:13:16.579782
Epoch 140/1000, D_loss=0.620564, reward=-8.106240
Test_MRR=0.343157, Test_MR=240.175150, Test_H@10=0.585800
Epoch: 140: 2022-04-23 15:15:02.964641
Epoch 141/1000, D_loss=0.619678, reward=-8.106104
Epoch: 141: 2022-04-23 15:15:05.027782
Epoch 142/1000, D_loss=0.619230, reward=-8.102926
Epoch: 142: 2022-04-23 15:15:06.953315
Epoch 143/1000, D_loss=0.622428, reward=-8.100804
Epoch: 143: 2022-04-23 15:15:08.982995
Epoch 144/1000, D_loss=0.624476, reward=-8.097306
Epoch: 144: 2022-04-23 15:15:11.000458
Epoch 145/1000, D_loss=0.624035, reward=-8.098606
Epoch: 145: 2022-04-23 15:15:12.948352
Epoch 146/1000, D_loss=0.623627, reward=-8.100616
Epoch: 146: 2022-04-23 15:15:14.909235
Epoch 147/1000, D_loss=0.623527, reward=-8.099556
Epoch: 147: 2022-04-23 15:15:16.928763
Epoch 148/1000, D_loss=0.624035, reward=-8.099500
Epoch: 148: 2022-04-23 15:15:18.886156
Epoch 149/1000, D_loss=0.627259, reward=-8.094766
Epoch: 149: 2022-04-23 15:15:21.092230
Epoch 150/1000, D_loss=0.624603, reward=-8.098460
Test_MRR=0.344372, Test_MR=243.290880, Test_H@10=0.588680
Epoch: 150: 2022-04-23 15:17:08.112790
Epoch 151/1000, D_loss=0.625484, reward=-8.097113
Epoch: 151: 2022-04-23 15:17:10.225163
Epoch 152/1000, D_loss=0.625836, reward=-8.098150
Epoch: 152: 2022-04-23 15:17:12.167725
Epoch 153/1000, D_loss=0.630058, reward=-8.094756
Epoch: 153: 2022-04-23 15:17:14.116495
Epoch 154/1000, D_loss=0.625630, reward=-8.097750
Epoch: 154: 2022-04-23 15:17:16.268432
Epoch 155/1000, D_loss=0.628750, reward=-8.094852
Epoch: 155: 2022-04-23 15:17:18.368248
Epoch 156/1000, D_loss=0.629180, reward=-8.093760
Epoch: 156: 2022-04-23 15:17:20.317349
Epoch 157/1000, D_loss=0.628794, reward=-8.091090
Epoch: 157: 2022-04-23 15:17:22.269400
Epoch 158/1000, D_loss=0.629959, reward=-8.091290
Epoch: 158: 2022-04-23 15:17:24.219924
Epoch 159/1000, D_loss=0.628294, reward=-8.091866
Epoch: 159: 2022-04-23 15:17:26.397117
Epoch 160/1000, D_loss=0.627973, reward=-8.096039
Test_MRR=0.349563, Test_MR=249.568120, Test_H@10=0.593400
Epoch: 160: 2022-04-23 15:19:09.465974
Epoch 161/1000, D_loss=0.627699, reward=-8.096250
Epoch: 161: 2022-04-23 15:19:11.514227
Epoch 162/1000, D_loss=0.630090, reward=-8.090546
Epoch: 162: 2022-04-23 15:19:13.635826
Epoch 163/1000, D_loss=0.630501, reward=-8.090790
Epoch: 163: 2022-04-23 15:19:15.622683
Epoch 164/1000, D_loss=0.629755, reward=-8.089977
Epoch: 164: 2022-04-23 15:19:17.644283
Epoch 165/1000, D_loss=0.630547, reward=-8.090363
Epoch: 165: 2022-04-23 15:19:19.619560
Epoch 166/1000, D_loss=0.631581, reward=-8.088724
Epoch: 166: 2022-04-23 15:19:21.851846
Epoch 167/1000, D_loss=0.629493, reward=-8.090525
Epoch: 167: 2022-04-23 15:19:24.002754
Epoch 168/1000, D_loss=0.630696, reward=-8.090194
Epoch: 168: 2022-04-23 15:19:26.162998
Epoch 169/1000, D_loss=0.629625, reward=-8.091425
Epoch: 169: 2022-04-23 15:19:28.402457
Epoch 170/1000, D_loss=0.634171, reward=-8.086759
Test_MRR=0.352606, Test_MR=253.216330, Test_H@10=0.598220
Epoch: 170: 2022-04-23 15:21:13.545785
Epoch 171/1000, D_loss=0.636074, reward=-8.083619
Epoch: 171: 2022-04-23 15:21:15.658433
Epoch 172/1000, D_loss=0.633937, reward=-8.085327
Epoch: 172: 2022-04-23 15:21:17.603671
Epoch 173/1000, D_loss=0.635141, reward=-8.082615
Epoch: 173: 2022-04-23 15:21:19.645933
Epoch 174/1000, D_loss=0.634466, reward=-8.083065
Epoch: 174: 2022-04-23 15:21:21.583305
Epoch 175/1000, D_loss=0.634457, reward=-8.081552
Epoch: 175: 2022-04-23 15:21:23.633665
Epoch 176/1000, D_loss=0.633868, reward=-8.081989
Epoch: 176: 2022-04-23 15:21:25.574851
Epoch 177/1000, D_loss=0.636649, reward=-8.080232
Epoch: 177: 2022-04-23 15:21:27.622683
Epoch 178/1000, D_loss=0.637718, reward=-8.077443
Epoch: 178: 2022-04-23 15:21:29.669641
Epoch 179/1000, D_loss=0.635084, reward=-8.081755
Epoch: 179: 2022-04-23 15:21:31.969433
Epoch 180/1000, D_loss=0.636504, reward=-8.080852
Test_MRR=0.354986, Test_MR=254.602800, Test_H@10=0.600520
Epoch: 180: 2022-04-23 15:23:20.324957
Epoch 181/1000, D_loss=0.634636, reward=-8.080467
Epoch: 181: 2022-04-23 15:23:22.471995
Epoch 182/1000, D_loss=0.637459, reward=-8.078265
Epoch: 182: 2022-04-23 15:23:24.479100
Epoch 183/1000, D_loss=0.635892, reward=-8.081111
Epoch: 183: 2022-04-23 15:23:26.490204
Epoch 184/1000, D_loss=0.637525, reward=-8.079655
Epoch: 184: 2022-04-23 15:23:28.630956
Epoch 185/1000, D_loss=0.635594, reward=-8.080867
Epoch: 185: 2022-04-23 15:23:30.666921
Epoch 186/1000, D_loss=0.637077, reward=-8.079903
Epoch: 186: 2022-04-23 15:23:32.604173
Epoch 187/1000, D_loss=0.636694, reward=-8.079945
Epoch: 187: 2022-04-23 15:23:34.641434
Epoch 188/1000, D_loss=0.639823, reward=-8.074048
Epoch: 188: 2022-04-23 15:23:36.676326
Epoch 189/1000, D_loss=0.638516, reward=-8.076112
Epoch: 189: 2022-04-23 15:23:38.602288
Epoch 190/1000, D_loss=0.639415, reward=-8.074469
Test_MRR=0.358793, Test_MR=257.033050, Test_H@10=0.603950
Epoch: 190: 2022-04-23 15:25:29.066865
Epoch 191/1000, D_loss=0.637663, reward=-8.076053
Epoch: 191: 2022-04-23 15:25:31.392587
Epoch 192/1000, D_loss=0.641223, reward=-8.073468
Epoch: 192: 2022-04-23 15:25:33.647375
Epoch 193/1000, D_loss=0.641315, reward=-8.072093
Epoch: 193: 2022-04-23 15:25:35.898097
Epoch 194/1000, D_loss=0.640172, reward=-8.073479
Epoch: 194: 2022-04-23 15:25:38.191757
Epoch 195/1000, D_loss=0.640570, reward=-8.073890
Epoch: 195: 2022-04-23 15:25:40.474703
Epoch 196/1000, D_loss=0.640457, reward=-8.071737
Epoch: 196: 2022-04-23 15:25:42.752465
Epoch 197/1000, D_loss=0.642314, reward=-8.070023
Epoch: 197: 2022-04-23 15:25:44.794900
Epoch 198/1000, D_loss=0.643715, reward=-8.066245
Epoch: 198: 2022-04-23 15:25:46.812244
Epoch 199/1000, D_loss=0.641231, reward=-8.068500
Epoch: 199: 2022-04-23 15:25:48.814412
Epoch 200/1000, D_loss=0.640003, reward=-8.073086
Test_MRR=0.361196, Test_MR=260.155910, Test_H@10=0.605820
Epoch: 200: 2022-04-23 15:27:29.965705
Epoch 201/1000, D_loss=0.639771, reward=-8.072772
Epoch: 201: 2022-04-23 15:27:31.914444
Epoch 202/1000, D_loss=0.642273, reward=-8.069622
Epoch: 202: 2022-04-23 15:27:33.858646
Epoch 203/1000, D_loss=0.643796, reward=-8.068153
Epoch: 203: 2022-04-23 15:27:35.991713
Epoch 204/1000, D_loss=0.640287, reward=-8.070738
Epoch: 204: 2022-04-23 15:27:37.963016
Epoch 205/1000, D_loss=0.641672, reward=-8.068553
Epoch: 205: 2022-04-23 15:27:40.073056
Epoch 206/1000, D_loss=0.643254, reward=-8.065886
Epoch: 206: 2022-04-23 15:27:42.202655
Epoch 207/1000, D_loss=0.643150, reward=-8.066462
Epoch: 207: 2022-04-23 15:27:44.441453
Epoch 208/1000, D_loss=0.646484, reward=-8.063546
Epoch: 208: 2022-04-23 15:27:46.615997
Epoch 209/1000, D_loss=0.642909, reward=-8.067316
Epoch: 209: 2022-04-23 15:27:48.856309
Epoch 210/1000, D_loss=0.644966, reward=-8.061571
Test_MRR=0.364059, Test_MR=258.124190, Test_H@10=0.609560
Epoch: 210: 2022-04-23 15:29:30.048789
Epoch 211/1000, D_loss=0.643794, reward=-8.063262
Epoch: 211: 2022-04-23 15:29:32.061982
Epoch 212/1000, D_loss=0.643886, reward=-8.065491
Epoch: 212: 2022-04-23 15:29:33.995586
Epoch 213/1000, D_loss=0.645926, reward=-8.063280
Epoch: 213: 2022-04-23 15:29:35.934718
Epoch 214/1000, D_loss=0.647503, reward=-8.060259
Epoch: 214: 2022-04-23 15:29:37.943424
Epoch 215/1000, D_loss=0.643507, reward=-8.065273
Epoch: 215: 2022-04-23 15:29:39.889993
Epoch 216/1000, D_loss=0.645421, reward=-8.062782
Epoch: 216: 2022-04-23 15:29:41.834875
Epoch 217/1000, D_loss=0.645200, reward=-8.062442
Epoch: 217: 2022-04-23 15:29:43.779107
Epoch 218/1000, D_loss=0.644368, reward=-8.064212
Epoch: 218: 2022-04-23 15:29:45.778094
Epoch 219/1000, D_loss=0.650258, reward=-8.055964
Epoch: 219: 2022-04-23 15:29:47.823087
Epoch 220/1000, D_loss=0.645970, reward=-8.063042
Test_MRR=0.364823, Test_MR=261.454750, Test_H@10=0.610470
Epoch: 220: 2022-04-23 15:31:38.714703
Epoch 221/1000, D_loss=0.646262, reward=-8.059822
Epoch: 221: 2022-04-23 15:31:40.823230
Epoch 222/1000, D_loss=0.647067, reward=-8.057660
Epoch: 222: 2022-04-23 15:31:42.826544
Epoch 223/1000, D_loss=0.650831, reward=-8.054838
Epoch: 223: 2022-04-23 15:31:44.907740
Epoch 224/1000, D_loss=0.647426, reward=-8.058898
Epoch: 224: 2022-04-23 15:31:47.085022
Epoch 225/1000, D_loss=0.646604, reward=-8.058277
Epoch: 225: 2022-04-23 15:31:49.324255
Epoch 226/1000, D_loss=0.647984, reward=-8.056623
Epoch: 226: 2022-04-23 15:31:51.504397
Epoch 227/1000, D_loss=0.647902, reward=-8.056680
Epoch: 227: 2022-04-23 15:31:53.845402
Epoch 228/1000, D_loss=0.650010, reward=-8.054070
Epoch: 228: 2022-04-23 15:31:56.126684
Epoch 229/1000, D_loss=0.649593, reward=-8.057442
Epoch: 229: 2022-04-23 15:31:58.405604
Epoch 230/1000, D_loss=0.646537, reward=-8.059651
Test_MRR=0.365882, Test_MR=263.950860, Test_H@10=0.614230
Epoch: 230: 2022-04-23 15:33:43.725929
Epoch 231/1000, D_loss=0.649178, reward=-8.054590
Epoch: 231: 2022-04-23 15:33:45.807985
Epoch 232/1000, D_loss=0.649217, reward=-8.054647
Epoch: 232: 2022-04-23 15:33:47.804129
Epoch 233/1000, D_loss=0.649120, reward=-8.054362
Epoch: 233: 2022-04-23 15:33:49.803261
Epoch 234/1000, D_loss=0.649678, reward=-8.055283
Epoch: 234: 2022-04-23 15:33:51.834943
Epoch 235/1000, D_loss=0.646973, reward=-8.058629
Epoch: 235: 2022-04-23 15:33:53.840980
Epoch 236/1000, D_loss=0.652758, reward=-8.051149
Epoch: 236: 2022-04-23 15:33:55.851090
Epoch 237/1000, D_loss=0.648144, reward=-8.058423
Epoch: 237: 2022-04-23 15:33:57.915591
Epoch 238/1000, D_loss=0.650034, reward=-8.051996
Epoch: 238: 2022-04-23 15:33:59.859785
Epoch 239/1000, D_loss=0.652006, reward=-8.051815
Epoch: 239: 2022-04-23 15:34:01.807641
Epoch 240/1000, D_loss=0.651869, reward=-8.050048
Test_MRR=0.368402, Test_MR=265.317870, Test_H@10=0.614240
Epoch: 240: 2022-04-23 15:35:45.603784
Epoch 241/1000, D_loss=0.650082, reward=-8.052163
Epoch: 241: 2022-04-23 15:35:47.676102
Epoch 242/1000, D_loss=0.651105, reward=-8.052079
Epoch: 242: 2022-04-23 15:35:49.676005
Epoch 243/1000, D_loss=0.651762, reward=-8.049359
Epoch: 243: 2022-04-23 15:35:51.681022
Epoch 244/1000, D_loss=0.650547, reward=-8.048052
Epoch: 244: 2022-04-23 15:35:53.646853
Epoch 245/1000, D_loss=0.651510, reward=-8.048146
Epoch: 245: 2022-04-23 15:35:55.666369
Epoch 246/1000, D_loss=0.650453, reward=-8.049321
Epoch: 246: 2022-04-23 15:35:57.693915
Epoch 247/1000, D_loss=0.651838, reward=-8.045725
Epoch: 247: 2022-04-23 15:35:59.641043
Epoch 248/1000, D_loss=0.654410, reward=-8.042275
Epoch: 248: 2022-04-23 15:36:01.590613
Epoch 249/1000, D_loss=0.654443, reward=-8.043932
Epoch: 249: 2022-04-23 15:36:03.606687
Epoch 250/1000, D_loss=0.654124, reward=-8.045455
Test_MRR=0.370857, Test_MR=263.154490, Test_H@10=0.617320
Epoch: 250: 2022-04-23 15:37:48.466426
Epoch 251/1000, D_loss=0.652073, reward=-8.046680
Epoch: 251: 2022-04-23 15:37:50.669504
Epoch 252/1000, D_loss=0.654226, reward=-8.044031
Epoch: 252: 2022-04-23 15:37:52.820233
Epoch 253/1000, D_loss=0.652793, reward=-8.045289
Epoch: 253: 2022-04-23 15:37:55.151272
Epoch 254/1000, D_loss=0.654872, reward=-8.042372
Epoch: 254: 2022-04-23 15:37:57.484076
Epoch 255/1000, D_loss=0.653884, reward=-8.041733
Epoch: 255: 2022-04-23 15:37:59.788013
Epoch 256/1000, D_loss=0.654862, reward=-8.040993
Epoch: 256: 2022-04-23 15:38:02.063669
Epoch 257/1000, D_loss=0.652447, reward=-8.041963
Epoch: 257: 2022-04-23 15:38:04.307917
Epoch 258/1000, D_loss=0.656150, reward=-8.036904
Epoch: 258: 2022-04-23 15:38:06.518637
Epoch 259/1000, D_loss=0.653918, reward=-8.040167
Epoch: 259: 2022-04-23 15:38:08.629300
Epoch 260/1000, D_loss=0.654990, reward=-8.039628
Test_MRR=0.372851, Test_MR=266.124010, Test_H@10=0.618210
Epoch: 260: 2022-04-23 15:39:50.600485
Epoch 261/1000, D_loss=0.652980, reward=-8.041121
Epoch: 261: 2022-04-23 15:39:52.691230
Epoch 262/1000, D_loss=0.653042, reward=-8.042045
Epoch: 262: 2022-04-23 15:39:54.698154
Epoch 263/1000, D_loss=0.655009, reward=-8.037677
Epoch: 263: 2022-04-23 15:39:56.707829
Epoch 264/1000, D_loss=0.654730, reward=-8.038368
Epoch: 264: 2022-04-23 15:39:59.015035
Epoch 265/1000, D_loss=0.655160, reward=-8.039623
Epoch: 265: 2022-04-23 15:40:01.314765
Epoch 266/1000, D_loss=0.657532, reward=-8.034744
Epoch: 266: 2022-04-23 15:40:03.512939
Epoch 267/1000, D_loss=0.656758, reward=-8.034128
Epoch: 267: 2022-04-23 15:40:05.616694
Epoch 268/1000, D_loss=0.654091, reward=-8.036186
Epoch: 268: 2022-04-23 15:40:07.653432
Epoch 269/1000, D_loss=0.656112, reward=-8.034241
Epoch: 269: 2022-04-23 15:40:09.702858
Epoch 270/1000, D_loss=0.656275, reward=-8.029444
Test_MRR=0.372234, Test_MR=263.368890, Test_H@10=0.619730
Epoch: 270: 2022-04-23 15:42:06.044138
Epoch 271/1000, D_loss=0.655069, reward=-8.035018
Epoch: 271: 2022-04-23 15:42:08.129003
Epoch 272/1000, D_loss=0.655902, reward=-8.033274
Epoch: 272: 2022-04-23 15:42:10.058506
Epoch 273/1000, D_loss=0.655928, reward=-8.034179
Epoch: 273: 2022-04-23 15:42:11.989324
Epoch 274/1000, D_loss=0.657457, reward=-8.030719
Epoch: 274: 2022-04-23 15:42:13.936288
Epoch 275/1000, D_loss=0.655457, reward=-8.031530
Epoch: 275: 2022-04-23 15:42:15.973117
Epoch 276/1000, D_loss=0.658480, reward=-8.029148
Epoch: 276: 2022-04-23 15:42:17.926402
Epoch 277/1000, D_loss=0.657688, reward=-8.028882
Epoch: 277: 2022-04-23 15:42:20.254740
Epoch 278/1000, D_loss=0.660320, reward=-8.024108
Epoch: 278: 2022-04-23 15:42:22.481235
Epoch 279/1000, D_loss=0.657142, reward=-8.030022
Epoch: 279: 2022-04-23 15:42:24.800685
Epoch 280/1000, D_loss=0.656532, reward=-8.027946
Test_MRR=0.373271, Test_MR=265.375540, Test_H@10=0.620010
Epoch: 280: 2022-04-23 15:44:17.394284
Epoch 281/1000, D_loss=0.659309, reward=-8.022914
Epoch: 281: 2022-04-23 15:44:19.663880
Epoch 282/1000, D_loss=0.656070, reward=-8.029871
Epoch: 282: 2022-04-23 15:44:21.817888
Epoch 283/1000, D_loss=0.658080, reward=-8.023334
Epoch: 283: 2022-04-23 15:44:23.898820
Epoch 284/1000, D_loss=0.658235, reward=-8.024997
Epoch: 284: 2022-04-23 15:44:26.242394
Epoch 285/1000, D_loss=0.656153, reward=-8.028334
Epoch: 285: 2022-04-23 15:44:28.518364
Epoch 286/1000, D_loss=0.658903, reward=-8.022755
Epoch: 286: 2022-04-23 15:44:30.804133
Epoch 287/1000, D_loss=0.660318, reward=-8.022724
Epoch: 287: 2022-04-23 15:44:32.991384
Epoch 288/1000, D_loss=0.659771, reward=-8.022345
Epoch: 288: 2022-04-23 15:44:35.282177
Epoch 289/1000, D_loss=0.658862, reward=-8.022506
Epoch: 289: 2022-04-23 15:44:37.421813
Epoch 290/1000, D_loss=0.658937, reward=-8.021298
Test_MRR=0.375679, Test_MR=268.201530, Test_H@10=0.622680
Epoch: 290: 2022-04-23 15:46:30.516105
Epoch 291/1000, D_loss=0.662194, reward=-8.016753
Epoch: 291: 2022-04-23 15:46:32.805270
Epoch 292/1000, D_loss=0.657025, reward=-8.021992
Epoch: 292: 2022-04-23 15:46:35.068190
Epoch 293/1000, D_loss=0.659512, reward=-8.019039
Epoch: 293: 2022-04-23 15:46:37.194991
Epoch 294/1000, D_loss=0.659278, reward=-8.019568
Epoch: 294: 2022-04-23 15:46:39.361021
Epoch 295/1000, D_loss=0.659945, reward=-8.017514
Epoch: 295: 2022-04-23 15:46:41.313980
Epoch 296/1000, D_loss=0.659073, reward=-8.016990
Epoch: 296: 2022-04-23 15:46:43.266485
Epoch 297/1000, D_loss=0.661313, reward=-8.014816
Epoch: 297: 2022-04-23 15:46:45.218386
Epoch 298/1000, D_loss=0.659573, reward=-8.019095
Epoch: 298: 2022-04-23 15:46:47.169918
Epoch 299/1000, D_loss=0.660145, reward=-8.016943
Epoch: 299: 2022-04-23 15:46:49.121602
Epoch 300/1000, D_loss=0.659135, reward=-8.019026
Test_MRR=0.376556, Test_MR=264.441870, Test_H@10=0.624820
Epoch: 300: 2022-04-23 15:48:41.132996
Epoch 301/1000, D_loss=0.658863, reward=-8.019682
Epoch: 301: 2022-04-23 15:48:43.237219
Epoch 302/1000, D_loss=0.661827, reward=-8.014799
Epoch: 302: 2022-04-23 15:48:45.184688
Epoch 303/1000, D_loss=0.660584, reward=-8.015000
Epoch: 303: 2022-04-23 15:48:47.133297
Epoch 304/1000, D_loss=0.660516, reward=-8.013525
Epoch: 304: 2022-04-23 15:48:49.073136
Epoch 305/1000, D_loss=0.658565, reward=-8.017852
Epoch: 305: 2022-04-23 15:48:51.026561
Epoch 306/1000, D_loss=0.661636, reward=-8.013141
Epoch: 306: 2022-04-23 15:48:53.109322
Epoch 307/1000, D_loss=0.661279, reward=-8.011364
Epoch: 307: 2022-04-23 15:48:55.256598
Epoch 308/1000, D_loss=0.660975, reward=-8.012459
Epoch: 308: 2022-04-23 15:48:57.408673
Epoch 309/1000, D_loss=0.659005, reward=-8.014841
Epoch: 309: 2022-04-23 15:48:59.587114
Epoch 310/1000, D_loss=0.660829, reward=-8.013854
Test_MRR=0.378230, Test_MR=268.475180, Test_H@10=0.625470
Epoch: 310: 2022-04-23 15:50:51.288007
Epoch 311/1000, D_loss=0.662193, reward=-8.008999
Epoch: 311: 2022-04-23 15:50:53.590517
Epoch 312/1000, D_loss=0.660275, reward=-8.014235
Epoch: 312: 2022-04-23 15:50:55.857666
Epoch 313/1000, D_loss=0.661306, reward=-8.010887
Epoch: 313: 2022-04-23 15:50:58.136028
Epoch 314/1000, D_loss=0.662492, reward=-8.008670
Epoch: 314: 2022-04-23 15:51:00.223816
Epoch 315/1000, D_loss=0.663617, reward=-8.009220
Epoch: 315: 2022-04-23 15:51:02.528567
Epoch 316/1000, D_loss=0.659895, reward=-8.011970
Epoch: 316: 2022-04-23 15:51:04.822048
Epoch 317/1000, D_loss=0.661246, reward=-8.008496
Epoch: 317: 2022-04-23 15:51:07.073897
Epoch 318/1000, D_loss=0.660480, reward=-8.009191
Epoch: 318: 2022-04-23 15:51:09.126136
Epoch 319/1000, D_loss=0.661487, reward=-8.008153
Epoch: 319: 2022-04-23 15:51:11.270955
Epoch 320/1000, D_loss=0.661648, reward=-8.007872
Test_MRR=0.378146, Test_MR=269.431930, Test_H@10=0.625300
Epoch: 320: 2022-04-23 15:53:01.785004
Epoch 321/1000, D_loss=0.663891, reward=-8.004923
Epoch: 321: 2022-04-23 15:53:04.027045
Epoch 322/1000, D_loss=0.663405, reward=-8.004683
Epoch: 322: 2022-04-23 15:53:06.192235
Epoch 323/1000, D_loss=0.661412, reward=-8.008651
Epoch: 323: 2022-04-23 15:53:08.289637
Epoch 324/1000, D_loss=0.663263, reward=-8.005381
Epoch: 324: 2022-04-23 15:53:10.240944
Epoch 325/1000, D_loss=0.663174, reward=-8.007095
Epoch: 325: 2022-04-23 15:53:12.532544
Epoch 326/1000, D_loss=0.662494, reward=-8.006164
Epoch: 326: 2022-04-23 15:53:14.788930
Epoch 327/1000, D_loss=0.662400, reward=-8.008006
Epoch: 327: 2022-04-23 15:53:17.042837
Epoch 328/1000, D_loss=0.662955, reward=-8.006315
Epoch: 328: 2022-04-23 15:53:19.218494
Epoch 329/1000, D_loss=0.660285, reward=-8.010571
Epoch: 329: 2022-04-23 15:53:21.492592
Epoch 330/1000, D_loss=0.660612, reward=-8.008053
Test_MRR=0.379593, Test_MR=269.008710, Test_H@10=0.626150
Epoch: 330: 2022-04-23 15:55:09.395336
Epoch 331/1000, D_loss=0.666686, reward=-7.999711
Epoch: 331: 2022-04-23 15:55:11.472996
Epoch 332/1000, D_loss=0.664437, reward=-8.003128
Epoch: 332: 2022-04-23 15:55:13.426815
Epoch 333/1000, D_loss=0.662251, reward=-8.004695
Epoch: 333: 2022-04-23 15:55:15.382986
Epoch 334/1000, D_loss=0.661629, reward=-8.006411
Epoch: 334: 2022-04-23 15:55:17.704450
Epoch 335/1000, D_loss=0.663466, reward=-8.006505
Epoch: 335: 2022-04-23 15:55:19.963620
Epoch 336/1000, D_loss=0.660618, reward=-8.009897
Epoch: 336: 2022-04-23 15:55:22.247437
Epoch 337/1000, D_loss=0.666498, reward=-7.999045
Epoch: 337: 2022-04-23 15:55:24.495353
Epoch 338/1000, D_loss=0.666641, reward=-7.998818
Epoch: 338: 2022-04-23 15:55:26.751250
Epoch 339/1000, D_loss=0.664871, reward=-8.000856
Epoch: 339: 2022-04-23 15:55:29.011413
Epoch 340/1000, D_loss=0.663030, reward=-8.001912
Test_MRR=0.379792, Test_MR=269.587390, Test_H@10=0.628270
Epoch: 340: 2022-04-23 15:57:17.277752
Epoch 341/1000, D_loss=0.666549, reward=-7.997532
Epoch: 341: 2022-04-23 15:57:19.524127
Epoch 342/1000, D_loss=0.664362, reward=-8.000516
Epoch: 342: 2022-04-23 15:57:21.684523
Epoch 343/1000, D_loss=0.662299, reward=-8.000937
Epoch: 343: 2022-04-23 15:57:23.934412
Epoch 344/1000, D_loss=0.664325, reward=-7.999855
Epoch: 344: 2022-04-23 15:57:26.237675
Epoch 345/1000, D_loss=0.664002, reward=-7.998494
Epoch: 345: 2022-04-23 15:57:28.547897
Epoch 346/1000, D_loss=0.666131, reward=-7.995583
Epoch: 346: 2022-04-23 15:57:30.830624
Epoch 347/1000, D_loss=0.664471, reward=-7.999041
Epoch: 347: 2022-04-23 15:57:33.167622
Epoch 348/1000, D_loss=0.665137, reward=-7.995746
Epoch: 348: 2022-04-23 15:57:35.466405
Epoch 349/1000, D_loss=0.663059, reward=-7.999002
Epoch: 349: 2022-04-23 15:57:37.696128
Epoch 350/1000, D_loss=0.665995, reward=-7.994151
Test_MRR=0.379727, Test_MR=269.869020, Test_H@10=0.627650
Epoch: 350: 2022-04-23 15:59:28.358379
Epoch 351/1000, D_loss=0.666086, reward=-7.995345
Epoch: 351: 2022-04-23 15:59:30.630407
Epoch 352/1000, D_loss=0.667655, reward=-7.994610
Epoch: 352: 2022-04-23 15:59:32.771414
Epoch 353/1000, D_loss=0.667273, reward=-7.992738
Epoch: 353: 2022-04-23 15:59:34.957572
Epoch 354/1000, D_loss=0.661863, reward=-8.000565
Epoch: 354: 2022-04-23 15:59:37.188651
Epoch 355/1000, D_loss=0.663114, reward=-7.997851
Epoch: 355: 2022-04-23 15:59:39.361228
Epoch 356/1000, D_loss=0.666737, reward=-7.993852
Epoch: 356: 2022-04-23 15:59:41.316616
Epoch 357/1000, D_loss=0.665864, reward=-7.995888
Epoch: 357: 2022-04-23 15:59:43.538869
Epoch 358/1000, D_loss=0.667681, reward=-7.992874
Epoch: 358: 2022-04-23 15:59:45.780729
Epoch 359/1000, D_loss=0.667576, reward=-7.991973
Epoch: 359: 2022-04-23 15:59:48.023104
Epoch 360/1000, D_loss=0.665536, reward=-7.993760
Test_MRR=0.381074, Test_MR=272.799700, Test_H@10=0.629130
Epoch: 360: 2022-04-23 16:01:34.401763
Epoch 361/1000, D_loss=0.667033, reward=-7.995439
Epoch: 361: 2022-04-23 16:01:36.512569
Epoch 362/1000, D_loss=0.666771, reward=-7.992931
Epoch: 362: 2022-04-23 16:01:38.741140
Epoch 363/1000, D_loss=0.665612, reward=-7.994271
Epoch: 363: 2022-04-23 16:01:40.875895
Epoch 364/1000, D_loss=0.664306, reward=-7.997406
Epoch: 364: 2022-04-23 16:01:43.213617
Epoch 365/1000, D_loss=0.667804, reward=-7.991864
Epoch: 365: 2022-04-23 16:01:45.520435
Epoch 366/1000, D_loss=0.665751, reward=-7.993880
Epoch: 366: 2022-04-23 16:01:47.815062
Epoch 367/1000, D_loss=0.667362, reward=-7.992386
Epoch: 367: 2022-04-23 16:01:50.118861
Epoch 368/1000, D_loss=0.666131, reward=-7.989872
Epoch: 368: 2022-04-23 16:01:52.430293
Epoch 369/1000, D_loss=0.666502, reward=-7.989441
Epoch: 369: 2022-04-23 16:01:54.568007
Epoch 370/1000, D_loss=0.666596, reward=-7.989006
Test_MRR=0.381761, Test_MR=273.897190, Test_H@10=0.629650
Epoch: 370: 2022-04-23 16:03:46.050984
Epoch 371/1000, D_loss=0.667696, reward=-7.989022
Epoch: 371: 2022-04-23 16:03:48.302184
Epoch 372/1000, D_loss=0.666859, reward=-7.992009
Epoch: 372: 2022-04-23 16:03:50.493301
Epoch 373/1000, D_loss=0.666565, reward=-7.987509
Epoch: 373: 2022-04-23 16:03:52.570728
Epoch 374/1000, D_loss=0.665912, reward=-7.989769
Epoch: 374: 2022-04-23 16:03:54.757377
Epoch 375/1000, D_loss=0.669142, reward=-7.985425
Epoch: 375: 2022-04-23 16:03:57.020175
Epoch 376/1000, D_loss=0.669544, reward=-7.984544
Epoch: 376: 2022-04-23 16:03:59.290262
Epoch 377/1000, D_loss=0.666814, reward=-7.986754
Epoch: 377: 2022-04-23 16:04:01.599935
Epoch 378/1000, D_loss=0.670347, reward=-7.982576
Epoch: 378: 2022-04-23 16:04:03.906431
Epoch 379/1000, D_loss=0.668011, reward=-7.985060
Epoch: 379: 2022-04-23 16:04:06.161135
Epoch 380/1000, D_loss=0.666613, reward=-7.988081
Test_MRR=0.382694, Test_MR=275.658140, Test_H@10=0.631190
Epoch: 380: 2022-04-23 16:05:52.635966
Epoch 381/1000, D_loss=0.670229, reward=-7.981637
Epoch: 381: 2022-04-23 16:05:54.718619
Epoch 382/1000, D_loss=0.669974, reward=-7.981164
Epoch: 382: 2022-04-23 16:05:56.772549
Epoch 383/1000, D_loss=0.667401, reward=-7.983781
Epoch: 383: 2022-04-23 16:05:58.900480
Epoch 384/1000, D_loss=0.667199, reward=-7.985838
Epoch: 384: 2022-04-23 16:06:00.954784
Epoch 385/1000, D_loss=0.667804, reward=-7.982903
Epoch: 385: 2022-04-23 16:06:02.894749
Epoch 386/1000, D_loss=0.667873, reward=-7.984477
Epoch: 386: 2022-04-23 16:06:04.839151
Epoch 387/1000, D_loss=0.667698, reward=-7.982199
Epoch: 387: 2022-04-23 16:06:06.837278
Epoch 388/1000, D_loss=0.668901, reward=-7.980793
Epoch: 388: 2022-04-23 16:06:08.837413
Epoch 389/1000, D_loss=0.668318, reward=-7.981415
Epoch: 389: 2022-04-23 16:06:10.780139
Epoch 390/1000, D_loss=0.670097, reward=-7.980078
Test_MRR=0.382652, Test_MR=274.567420, Test_H@10=0.632410
Epoch: 390: 2022-04-23 16:07:55.843825
Epoch 391/1000, D_loss=0.668524, reward=-7.982442
Epoch: 391: 2022-04-23 16:07:57.915324
Epoch 392/1000, D_loss=0.670143, reward=-7.979978
Epoch: 392: 2022-04-23 16:07:59.864438
Epoch 393/1000, D_loss=0.668336, reward=-7.983341
Epoch: 393: 2022-04-23 16:08:01.815492
Epoch 394/1000, D_loss=0.669429, reward=-7.979902
Epoch: 394: 2022-04-23 16:08:04.008624
Epoch 395/1000, D_loss=0.671146, reward=-7.978867
Epoch: 395: 2022-04-23 16:08:06.208522
Epoch 396/1000, D_loss=0.669764, reward=-7.978152
Epoch: 396: 2022-04-23 16:08:08.383096
Epoch 397/1000, D_loss=0.670353, reward=-7.978620
Epoch: 397: 2022-04-23 16:08:10.612888
Epoch 398/1000, D_loss=0.669993, reward=-7.978144
Epoch: 398: 2022-04-23 16:08:12.968690
Epoch 399/1000, D_loss=0.668009, reward=-7.981402
Epoch: 399: 2022-04-23 16:08:15.164001
Epoch 400/1000, D_loss=0.669829, reward=-7.975886
Test_MRR=0.381876, Test_MR=276.805320, Test_H@10=0.631980
Epoch: 400: 2022-04-23 16:10:03.205512
Epoch 401/1000, D_loss=0.668807, reward=-7.977899
Epoch: 401: 2022-04-23 16:10:05.382010
Epoch 402/1000, D_loss=0.667955, reward=-7.977501
Epoch: 402: 2022-04-23 16:10:07.473560
Epoch 403/1000, D_loss=0.672441, reward=-7.974477
Epoch: 403: 2022-04-23 16:10:09.625107
Epoch 404/1000, D_loss=0.669672, reward=-7.976365
Epoch: 404: 2022-04-23 16:10:11.679305
Epoch 405/1000, D_loss=0.669142, reward=-7.975476
Epoch: 405: 2022-04-23 16:10:13.970827
Epoch 406/1000, D_loss=0.668580, reward=-7.975151
Epoch: 406: 2022-04-23 16:10:15.998460
Epoch 407/1000, D_loss=0.668656, reward=-7.976202
Epoch: 407: 2022-04-23 16:10:18.187972
Epoch 408/1000, D_loss=0.670249, reward=-7.973607
Epoch: 408: 2022-04-23 16:10:20.403297
Epoch 409/1000, D_loss=0.670921, reward=-7.970703
Epoch: 409: 2022-04-23 16:10:22.549819
Epoch 410/1000, D_loss=0.670291, reward=-7.974512
Test_MRR=0.383649, Test_MR=275.121310, Test_H@10=0.633810
Epoch: 410: 2022-04-23 16:12:11.322385
Epoch 411/1000, D_loss=0.672169, reward=-7.972330
Epoch: 411: 2022-04-23 16:12:13.592435
Epoch 412/1000, D_loss=0.670085, reward=-7.974838
Epoch: 412: 2022-04-23 16:12:15.714414
Epoch 413/1000, D_loss=0.670417, reward=-7.973918
Epoch: 413: 2022-04-23 16:12:17.967798
Epoch 414/1000, D_loss=0.670287, reward=-7.973106
Epoch: 414: 2022-04-23 16:12:20.065108
Epoch 415/1000, D_loss=0.671681, reward=-7.969859
Epoch: 415: 2022-04-23 16:12:22.328076
Epoch 416/1000, D_loss=0.670266, reward=-7.971363
Epoch: 416: 2022-04-23 16:12:24.617632
Epoch 417/1000, D_loss=0.669903, reward=-7.974185
Epoch: 417: 2022-04-23 16:12:26.921659
Epoch 418/1000, D_loss=0.669183, reward=-7.972853
Epoch: 418: 2022-04-23 16:12:29.205961
Epoch 419/1000, D_loss=0.671236, reward=-7.970733
Epoch: 419: 2022-04-23 16:12:31.426157
Epoch 420/1000, D_loss=0.669071, reward=-7.973181
Test_MRR=0.383008, Test_MR=279.386450, Test_H@10=0.634220
Epoch: 420: 2022-04-23 16:14:20.892719
Epoch 421/1000, D_loss=0.671210, reward=-7.970209
Epoch: 421: 2022-04-23 16:14:22.993574
Epoch 422/1000, D_loss=0.673581, reward=-7.966842
Epoch: 422: 2022-04-23 16:14:25.210706
Epoch 423/1000, D_loss=0.671595, reward=-7.968977
Epoch: 423: 2022-04-23 16:14:27.494142
Epoch 424/1000, D_loss=0.671663, reward=-7.968966
Epoch: 424: 2022-04-23 16:14:29.785521
Epoch 425/1000, D_loss=0.670077, reward=-7.971507
Epoch: 425: 2022-04-23 16:14:31.884686
Epoch 426/1000, D_loss=0.668177, reward=-7.972984
Epoch: 426: 2022-04-23 16:14:33.898160
Epoch 427/1000, D_loss=0.669913, reward=-7.968714
Epoch: 427: 2022-04-23 16:14:35.901675
Epoch 428/1000, D_loss=0.670048, reward=-7.971966
Epoch: 428: 2022-04-23 16:14:37.929598
Epoch 429/1000, D_loss=0.671596, reward=-7.969533
Epoch: 429: 2022-04-23 16:14:39.949474
Epoch 430/1000, D_loss=0.670234, reward=-7.969267
Test_MRR=0.383111, Test_MR=275.882080, Test_H@10=0.633040
Epoch: 430: 2022-04-23 16:16:27.814220
Epoch 431/1000, D_loss=0.673621, reward=-7.964083
Epoch: 431: 2022-04-23 16:16:30.139530
Epoch 432/1000, D_loss=0.670847, reward=-7.970935
Epoch: 432: 2022-04-23 16:16:32.444364
Epoch 433/1000, D_loss=0.672383, reward=-7.966298
Epoch: 433: 2022-04-23 16:16:34.768367
Epoch 434/1000, D_loss=0.671067, reward=-7.967631
Epoch: 434: 2022-04-23 16:16:36.953742
Epoch 435/1000, D_loss=0.672266, reward=-7.965447
Epoch: 435: 2022-04-23 16:16:39.185851
Epoch 436/1000, D_loss=0.671114, reward=-7.965697
Epoch: 436: 2022-04-23 16:16:41.435501
Epoch 437/1000, D_loss=0.672541, reward=-7.965700
Epoch: 437: 2022-04-23 16:16:43.748736
Epoch 438/1000, D_loss=0.673230, reward=-7.963390
Epoch: 438: 2022-04-23 16:16:46.030480
Epoch 439/1000, D_loss=0.671457, reward=-7.965070
Epoch: 439: 2022-04-23 16:16:48.363106
Epoch 440/1000, D_loss=0.672641, reward=-7.963565
Test_MRR=0.383969, Test_MR=280.503380, Test_H@10=0.635460
Epoch: 440: 2022-04-23 16:18:36.294006
Epoch 441/1000, D_loss=0.672738, reward=-7.962662
Epoch: 441: 2022-04-23 16:18:38.403256
Epoch 442/1000, D_loss=0.673626, reward=-7.961119
Epoch: 442: 2022-04-23 16:18:40.331374
Epoch 443/1000, D_loss=0.671086, reward=-7.965005
Epoch: 443: 2022-04-23 16:18:42.263548
Epoch 444/1000, D_loss=0.669973, reward=-7.968699
Epoch: 444: 2022-04-23 16:18:44.539626
Epoch 445/1000, D_loss=0.672984, reward=-7.963678
Epoch: 445: 2022-04-23 16:18:46.657197
Epoch 446/1000, D_loss=0.674111, reward=-7.961082
Epoch: 446: 2022-04-23 16:18:48.886021
Epoch 447/1000, D_loss=0.672966, reward=-7.963130
Epoch: 447: 2022-04-23 16:18:51.149967
Epoch 448/1000, D_loss=0.674240, reward=-7.960531
Epoch: 448: 2022-04-23 16:18:53.379332
Epoch 449/1000, D_loss=0.671186, reward=-7.967547
Epoch: 449: 2022-04-23 16:18:55.609529
Epoch 450/1000, D_loss=0.672467, reward=-7.965097
Test_MRR=0.384886, Test_MR=279.401540, Test_H@10=0.636530
Epoch: 450: 2022-04-23 16:20:41.228640
Epoch 451/1000, D_loss=0.671672, reward=-7.965339
Epoch: 451: 2022-04-23 16:20:43.473542
Epoch 452/1000, D_loss=0.674336, reward=-7.962022
Epoch: 452: 2022-04-23 16:20:45.531427
Epoch 453/1000, D_loss=0.670402, reward=-7.963573
Epoch: 453: 2022-04-23 16:20:47.789281
Epoch 454/1000, D_loss=0.673301, reward=-7.959754
Epoch: 454: 2022-04-23 16:20:49.704283
Epoch 455/1000, D_loss=0.672475, reward=-7.962095
Epoch: 455: 2022-04-23 16:20:51.923165
Epoch 456/1000, D_loss=0.673946, reward=-7.958258
Epoch: 456: 2022-04-23 16:20:54.163875
Epoch 457/1000, D_loss=0.672215, reward=-7.961051
Epoch: 457: 2022-04-23 16:20:56.459683
Epoch 458/1000, D_loss=0.673815, reward=-7.960773
Epoch: 458: 2022-04-23 16:20:58.709675
Epoch 459/1000, D_loss=0.673951, reward=-7.958872
Epoch: 459: 2022-04-23 16:21:00.890898
Epoch 460/1000, D_loss=0.674334, reward=-7.958935
Test_MRR=0.384971, Test_MR=280.821420, Test_H@10=0.637270
Epoch: 460: 2022-04-23 16:22:47.847494
Epoch 461/1000, D_loss=0.672141, reward=-7.961150
Epoch: 461: 2022-04-23 16:22:49.935734
Epoch 462/1000, D_loss=0.674350, reward=-7.957839
Epoch: 462: 2022-04-23 16:22:51.886607
Epoch 463/1000, D_loss=0.670032, reward=-7.964877
Epoch: 463: 2022-04-23 16:22:53.918628
Epoch 464/1000, D_loss=0.672204, reward=-7.960463
Epoch: 464: 2022-04-23 16:22:56.185729
Epoch 465/1000, D_loss=0.672719, reward=-7.960698
Epoch: 465: 2022-04-23 16:22:58.418722
Epoch 466/1000, D_loss=0.671732, reward=-7.961086
Epoch: 466: 2022-04-23 16:23:00.644882
Epoch 467/1000, D_loss=0.675102, reward=-7.958702
Epoch: 467: 2022-04-23 16:23:02.746281
Epoch 468/1000, D_loss=0.672602, reward=-7.961451
Epoch: 468: 2022-04-23 16:23:04.894088
Epoch 469/1000, D_loss=0.674580, reward=-7.958556
Epoch: 469: 2022-04-23 16:23:07.061301
Epoch 470/1000, D_loss=0.673729, reward=-7.958540
Test_MRR=0.385058, Test_MR=281.936490, Test_H@10=0.636040
Epoch: 470: 2022-04-23 16:24:56.473796
Epoch 471/1000, D_loss=0.674315, reward=-7.957846
Epoch: 471: 2022-04-23 16:24:58.793023
Epoch 472/1000, D_loss=0.675965, reward=-7.954243
Epoch: 472: 2022-04-23 16:25:01.076085
Epoch 473/1000, D_loss=0.674472, reward=-7.955665
Epoch: 473: 2022-04-23 16:25:03.327059
Epoch 474/1000, D_loss=0.673468, reward=-7.957839
Epoch: 474: 2022-04-23 16:25:05.596066
Epoch 475/1000, D_loss=0.673332, reward=-7.958544
Epoch: 475: 2022-04-23 16:25:07.855503
Epoch 476/1000, D_loss=0.674695, reward=-7.954941
Epoch: 476: 2022-04-23 16:25:10.156727
Epoch 477/1000, D_loss=0.675583, reward=-7.954843
Epoch: 477: 2022-04-23 16:25:12.453194
Epoch 478/1000, D_loss=0.673137, reward=-7.955550
Epoch: 478: 2022-04-23 16:25:14.703000
Epoch 479/1000, D_loss=0.675611, reward=-7.953002
Epoch: 479: 2022-04-23 16:25:16.939695
Epoch 480/1000, D_loss=0.673092, reward=-7.956980
Test_MRR=0.386634, Test_MR=279.000660, Test_H@10=0.637550
Epoch: 480: 2022-04-23 16:27:02.371406
Epoch 481/1000, D_loss=0.675519, reward=-7.955190
Epoch: 481: 2022-04-23 16:27:04.644904
Epoch 482/1000, D_loss=0.675529, reward=-7.954051
Epoch: 482: 2022-04-23 16:27:06.809351
Epoch 483/1000, D_loss=0.676129, reward=-7.952765
Epoch: 483: 2022-04-23 16:27:09.050627
Epoch 484/1000, D_loss=0.675925, reward=-7.952093
Epoch: 484: 2022-04-23 16:27:11.120026
Epoch 485/1000, D_loss=0.674170, reward=-7.955683
Epoch: 485: 2022-04-23 16:27:13.232003
Epoch 486/1000, D_loss=0.676760, reward=-7.952590
Epoch: 486: 2022-04-23 16:27:15.346078
Epoch 487/1000, D_loss=0.676452, reward=-7.951924
Epoch: 487: 2022-04-23 16:27:17.464116
Epoch 488/1000, D_loss=0.674183, reward=-7.956285
Epoch: 488: 2022-04-23 16:27:19.478565
Epoch 489/1000, D_loss=0.674918, reward=-7.955493
Epoch: 489: 2022-04-23 16:27:21.522801
Epoch 490/1000, D_loss=0.675293, reward=-7.953812
Test_MRR=0.386867, Test_MR=282.315530, Test_H@10=0.638110
Epoch: 490: 2022-04-23 16:29:05.566436
Epoch 491/1000, D_loss=0.675914, reward=-7.952559
Epoch: 491: 2022-04-23 16:29:07.655036
Epoch 492/1000, D_loss=0.677502, reward=-7.952323
Epoch: 492: 2022-04-23 16:29:09.586552
Epoch 493/1000, D_loss=0.675190, reward=-7.953723
Epoch: 493: 2022-04-23 16:29:11.518250
Epoch 494/1000, D_loss=0.672621, reward=-7.958213
Epoch: 494: 2022-04-23 16:29:13.588111
Epoch 495/1000, D_loss=0.676384, reward=-7.951989
Epoch: 495: 2022-04-23 16:29:15.515156
Epoch 496/1000, D_loss=0.675791, reward=-7.953876
Epoch: 496: 2022-04-23 16:29:17.446419
Epoch 497/1000, D_loss=0.676140, reward=-7.950371
Epoch: 497: 2022-04-23 16:29:19.376082
Epoch 498/1000, D_loss=0.675355, reward=-7.953351
Epoch: 498: 2022-04-23 16:29:21.303673
Epoch 499/1000, D_loss=0.674645, reward=-7.952980
Epoch: 499: 2022-04-23 16:29:23.231240
Epoch 500/1000, D_loss=0.676314, reward=-7.951726
Test_MRR=0.386495, Test_MR=284.692720, Test_H@10=0.639970
Epoch: 500: 2022-04-23 16:31:07.588938
Epoch 501/1000, D_loss=0.675261, reward=-7.953541
Epoch: 501: 2022-04-23 16:31:09.658029
Epoch 502/1000, D_loss=0.677858, reward=-7.948765
Epoch: 502: 2022-04-23 16:31:11.893863
Epoch 503/1000, D_loss=0.676445, reward=-7.950876
Epoch: 503: 2022-04-23 16:31:14.151379
Epoch 504/1000, D_loss=0.674937, reward=-7.952008
Epoch: 504: 2022-04-23 16:31:16.363843
Epoch 505/1000, D_loss=0.676536, reward=-7.948276
Epoch: 505: 2022-04-23 16:31:18.661148
Epoch 506/1000, D_loss=0.677200, reward=-7.949935
Epoch: 506: 2022-04-23 16:31:20.899191
Epoch 507/1000, D_loss=0.676398, reward=-7.950095
Epoch: 507: 2022-04-23 16:31:22.953437
Epoch 508/1000, D_loss=0.675663, reward=-7.950687
Epoch: 508: 2022-04-23 16:31:24.974377
Epoch 509/1000, D_loss=0.675484, reward=-7.952311
Epoch: 509: 2022-04-23 16:31:26.991521
Epoch 510/1000, D_loss=0.677112, reward=-7.949605
Test_MRR=0.387105, Test_MR=285.107430, Test_H@10=0.638020
Epoch: 510: 2022-04-23 16:33:17.408360
Epoch 511/1000, D_loss=0.677238, reward=-7.947810
Epoch: 511: 2022-04-23 16:33:19.517566
Epoch 512/1000, D_loss=0.676383, reward=-7.948890
Epoch: 512: 2022-04-23 16:33:21.815624
Epoch 513/1000, D_loss=0.676692, reward=-7.949559
Epoch: 513: 2022-04-23 16:33:23.944532
Epoch 514/1000, D_loss=0.677424, reward=-7.948173
Epoch: 514: 2022-04-23 16:33:26.088519
Epoch 515/1000, D_loss=0.677658, reward=-7.949471
Epoch: 515: 2022-04-23 16:33:28.313728
Epoch 516/1000, D_loss=0.677107, reward=-7.948967
Epoch: 516: 2022-04-23 16:33:30.541793
Epoch 517/1000, D_loss=0.675032, reward=-7.951052
Epoch: 517: 2022-04-23 16:33:32.666815
Epoch 518/1000, D_loss=0.675791, reward=-7.951357
Epoch: 518: 2022-04-23 16:33:34.921660
Epoch 519/1000, D_loss=0.677044, reward=-7.948762
Epoch: 519: 2022-04-23 16:33:37.007243
Epoch 520/1000, D_loss=0.677301, reward=-7.947015
Test_MRR=0.387809, Test_MR=285.093980, Test_H@10=0.639410
Epoch: 520: 2022-04-23 16:35:22.011594
Epoch 521/1000, D_loss=0.677166, reward=-7.949722
Epoch: 521: 2022-04-23 16:35:24.206209
Epoch 522/1000, D_loss=0.676324, reward=-7.949526
Epoch: 522: 2022-04-23 16:35:26.402660
Epoch 523/1000, D_loss=0.675793, reward=-7.950969
Epoch: 523: 2022-04-23 16:35:28.674732
Epoch 524/1000, D_loss=0.676137, reward=-7.948903
Epoch: 524: 2022-04-23 16:35:30.958400
Epoch 525/1000, D_loss=0.677487, reward=-7.949764
Epoch: 525: 2022-04-23 16:35:33.196700
Epoch 526/1000, D_loss=0.677171, reward=-7.948648
Epoch: 526: 2022-04-23 16:35:35.457607
Epoch 527/1000, D_loss=0.678811, reward=-7.946475
Epoch: 527: 2022-04-23 16:35:37.572546
Epoch 528/1000, D_loss=0.675881, reward=-7.951396
Epoch: 528: 2022-04-23 16:35:39.826753
Epoch 529/1000, D_loss=0.681006, reward=-7.943194
Epoch: 529: 2022-04-23 16:35:42.042630
Epoch 530/1000, D_loss=0.675880, reward=-7.950218
Test_MRR=0.388399, Test_MR=281.194100, Test_H@10=0.640900
Epoch: 530: 2022-04-23 16:37:28.121204
Epoch 531/1000, D_loss=0.676705, reward=-7.950152
Epoch: 531: 2022-04-23 16:37:30.292515
Epoch 532/1000, D_loss=0.675592, reward=-7.952738
Epoch: 532: 2022-04-23 16:37:32.230597
Epoch 533/1000, D_loss=0.678216, reward=-7.947443
Epoch: 533: 2022-04-23 16:37:34.245485
Epoch 534/1000, D_loss=0.677948, reward=-7.949623
Epoch: 534: 2022-04-23 16:37:36.515596
Epoch 535/1000, D_loss=0.678490, reward=-7.947361
Epoch: 535: 2022-04-23 16:37:38.650812
Epoch 536/1000, D_loss=0.678261, reward=-7.947512
Epoch: 536: 2022-04-23 16:37:40.881611
Epoch 537/1000, D_loss=0.676176, reward=-7.949682
Epoch: 537: 2022-04-23 16:37:43.109724
Epoch 538/1000, D_loss=0.678362, reward=-7.946183
Epoch: 538: 2022-04-23 16:37:45.375729
Epoch 539/1000, D_loss=0.678135, reward=-7.946675
Epoch: 539: 2022-04-23 16:37:47.504659
Epoch 540/1000, D_loss=0.676276, reward=-7.949740
Test_MRR=0.387248, Test_MR=282.127370, Test_H@10=0.639790
Epoch: 540: 2022-04-23 16:39:32.749438
Epoch 541/1000, D_loss=0.678657, reward=-7.947735
Epoch: 541: 2022-04-23 16:39:34.896671
Epoch 542/1000, D_loss=0.678448, reward=-7.945180
Epoch: 542: 2022-04-23 16:39:36.831892
Epoch 543/1000, D_loss=0.675590, reward=-7.949779
Epoch: 543: 2022-04-23 16:39:38.987074
Epoch 544/1000, D_loss=0.675026, reward=-7.950758
Epoch: 544: 2022-04-23 16:39:41.155553
Epoch 545/1000, D_loss=0.679043, reward=-7.944813
Epoch: 545: 2022-04-23 16:39:43.192130
Epoch 546/1000, D_loss=0.677001, reward=-7.948411
Epoch: 546: 2022-04-23 16:39:45.127287
Epoch 547/1000, D_loss=0.677627, reward=-7.947585
Epoch: 547: 2022-04-23 16:39:47.119044
Epoch 548/1000, D_loss=0.677269, reward=-7.948216
Epoch: 548: 2022-04-23 16:39:49.237010
Epoch 549/1000, D_loss=0.675156, reward=-7.949982
Epoch: 549: 2022-04-23 16:39:51.442686
Epoch 550/1000, D_loss=0.679570, reward=-7.945403
Test_MRR=0.388254, Test_MR=283.413260, Test_H@10=0.640620
Epoch: 550: 2022-04-23 16:41:36.270414
Epoch 551/1000, D_loss=0.680906, reward=-7.946386
Epoch: 551: 2022-04-23 16:41:38.520592
Epoch 552/1000, D_loss=0.680237, reward=-7.947828
Epoch: 552: 2022-04-23 16:41:40.677024
Epoch 553/1000, D_loss=0.678457, reward=-7.949458
Epoch: 553: 2022-04-23 16:41:42.804707
Epoch 554/1000, D_loss=0.678967, reward=-7.949421
Epoch: 554: 2022-04-23 16:41:44.905825
Epoch 555/1000, D_loss=0.677442, reward=-7.950047
Epoch: 555: 2022-04-23 16:41:46.957121
Epoch 556/1000, D_loss=0.681105, reward=-7.942729
Epoch: 556: 2022-04-23 16:41:49.009143
Epoch 557/1000, D_loss=0.676935, reward=-7.950560
Epoch: 557: 2022-04-23 16:41:51.072023
Epoch 558/1000, D_loss=0.678489, reward=-7.945592
Epoch: 558: 2022-04-23 16:41:53.128794
Epoch 559/1000, D_loss=0.678344, reward=-7.945653
Epoch: 559: 2022-04-23 16:41:55.189723
Epoch 560/1000, D_loss=0.677730, reward=-7.948204
Test_MRR=0.389501, Test_MR=283.906550, Test_H@10=0.642760
Epoch: 560: 2022-04-23 16:43:39.511541
Epoch 561/1000, D_loss=0.680140, reward=-7.942304
Epoch: 561: 2022-04-23 16:43:41.700714
Epoch 562/1000, D_loss=0.677268, reward=-7.946653
Epoch: 562: 2022-04-23 16:43:43.963149
Epoch 563/1000, D_loss=0.678689, reward=-7.944911
Epoch: 563: 2022-04-23 16:43:46.255426
Epoch 564/1000, D_loss=0.677957, reward=-7.947700
Epoch: 564: 2022-04-23 16:43:48.555273
Epoch 565/1000, D_loss=0.681187, reward=-7.942269
Epoch: 565: 2022-04-23 16:43:50.840079
Epoch 566/1000, D_loss=0.678356, reward=-7.944407
Epoch: 566: 2022-04-23 16:43:53.078469
Epoch 567/1000, D_loss=0.677138, reward=-7.946653
Epoch: 567: 2022-04-23 16:43:55.337621
Epoch 568/1000, D_loss=0.676294, reward=-7.948901
Epoch: 568: 2022-04-23 16:43:57.613436
Epoch 569/1000, D_loss=0.677679, reward=-7.945738
Epoch: 569: 2022-04-23 16:43:59.695305
Epoch 570/1000, D_loss=0.679575, reward=-7.943396
Test_MRR=0.389836, Test_MR=280.049320, Test_H@10=0.642510
Epoch: 570: 2022-04-23 16:45:42.901801
Epoch 571/1000, D_loss=0.678140, reward=-7.945640
Epoch: 571: 2022-04-23 16:45:45.144485
Epoch 572/1000, D_loss=0.678979, reward=-7.943937
Epoch: 572: 2022-04-23 16:45:47.400066
Epoch 573/1000, D_loss=0.679279, reward=-7.944687
Epoch: 573: 2022-04-23 16:45:49.675004
Epoch 574/1000, D_loss=0.682131, reward=-7.940246
Epoch: 574: 2022-04-23 16:45:51.769819
Epoch 575/1000, D_loss=0.676698, reward=-7.948016
Epoch: 575: 2022-04-23 16:45:53.978674
Epoch 576/1000, D_loss=0.679297, reward=-7.945207
Epoch: 576: 2022-04-23 16:45:56.209391
Epoch 577/1000, D_loss=0.681786, reward=-7.941050
Epoch: 577: 2022-04-23 16:45:58.307678
Epoch 578/1000, D_loss=0.678436, reward=-7.946359
Epoch: 578: 2022-04-23 16:46:00.351332
Epoch 579/1000, D_loss=0.679550, reward=-7.942377
Epoch: 579: 2022-04-23 16:46:02.398379
Epoch 580/1000, D_loss=0.679853, reward=-7.942211
Test_MRR=0.388806, Test_MR=278.888780, Test_H@10=0.643250
Epoch: 580: 2022-04-23 16:47:44.952385
Epoch 581/1000, D_loss=0.681142, reward=-7.942229
Epoch: 581: 2022-04-23 16:47:47.182496
Epoch 582/1000, D_loss=0.679719, reward=-7.944533
Epoch: 582: 2022-04-23 16:47:49.413684
Epoch 583/1000, D_loss=0.677797, reward=-7.946469
Epoch: 583: 2022-04-23 16:47:51.560603
Epoch 584/1000, D_loss=0.680760, reward=-7.942783
Epoch: 584: 2022-04-23 16:47:53.792189
Epoch 585/1000, D_loss=0.677109, reward=-7.944539
Epoch: 585: 2022-04-23 16:47:56.002638
Epoch 586/1000, D_loss=0.678958, reward=-7.942956
Epoch: 586: 2022-04-23 16:47:58.058356
Epoch 587/1000, D_loss=0.680428, reward=-7.941293
Epoch: 587: 2022-04-23 16:48:00.248446
Epoch 588/1000, D_loss=0.679967, reward=-7.940732
Epoch: 588: 2022-04-23 16:48:02.367727
Epoch 589/1000, D_loss=0.677548, reward=-7.945318
Epoch: 589: 2022-04-23 16:48:04.618718
Epoch 590/1000, D_loss=0.680446, reward=-7.941292
Test_MRR=0.389984, Test_MR=272.930990, Test_H@10=0.643180
Epoch: 590: 2022-04-23 16:49:55.809571
Epoch 591/1000, D_loss=0.679727, reward=-7.940531
Epoch: 591: 2022-04-23 16:49:58.082004
Epoch 592/1000, D_loss=0.679960, reward=-7.941417
Epoch: 592: 2022-04-23 16:50:00.353905
Epoch 593/1000, D_loss=0.680571, reward=-7.939625
Epoch: 593: 2022-04-23 16:50:02.647162
Epoch 594/1000, D_loss=0.680851, reward=-7.938869
Epoch: 594: 2022-04-23 16:50:04.746307
Epoch 595/1000, D_loss=0.681712, reward=-7.936922
Epoch: 595: 2022-04-23 16:50:06.742720
Epoch 596/1000, D_loss=0.680340, reward=-7.937365
Epoch: 596: 2022-04-23 16:50:08.742663
Epoch 597/1000, D_loss=0.681657, reward=-7.938035
Epoch: 597: 2022-04-23 16:50:10.740748
Epoch 598/1000, D_loss=0.679442, reward=-7.940401
Epoch: 598: 2022-04-23 16:50:12.727090
Epoch 599/1000, D_loss=0.676241, reward=-7.945604
Epoch: 599: 2022-04-23 16:50:14.627909
Epoch 600/1000, D_loss=0.681308, reward=-7.939263
Test_MRR=0.390110, Test_MR=273.723850, Test_H@10=0.642150
Epoch: 600: 2022-04-23 16:51:59.876927
Epoch 601/1000, D_loss=0.681213, reward=-7.938398
Epoch: 601: 2022-04-23 16:52:01.947711
Epoch 602/1000, D_loss=0.679862, reward=-7.940514
Epoch: 602: 2022-04-23 16:52:03.934224
Epoch 603/1000, D_loss=0.684132, reward=-7.934874
Epoch: 603: 2022-04-23 16:52:05.931839
Epoch 604/1000, D_loss=0.674497, reward=-7.949335
Epoch: 604: 2022-04-23 16:52:08.230124
Epoch 605/1000, D_loss=0.680320, reward=-7.940087
Epoch: 605: 2022-04-23 16:52:10.475939
Epoch 606/1000, D_loss=0.680434, reward=-7.938849
Epoch: 606: 2022-04-23 16:52:12.696716
Epoch 607/1000, D_loss=0.679542, reward=-7.940869
Epoch: 607: 2022-04-23 16:52:14.876641
Epoch 608/1000, D_loss=0.680627, reward=-7.938167
Epoch: 608: 2022-04-23 16:52:17.131135
Epoch 609/1000, D_loss=0.679702, reward=-7.939742
Epoch: 609: 2022-04-23 16:52:19.388889
Epoch 610/1000, D_loss=0.677703, reward=-7.941958
Test_MRR=0.389168, Test_MR=276.420170, Test_H@10=0.643730
Epoch: 610: 2022-04-23 16:54:02.357287
Epoch 611/1000, D_loss=0.680105, reward=-7.940414
Epoch: 611: 2022-04-23 16:54:04.646552
Epoch 612/1000, D_loss=0.680603, reward=-7.936698
Epoch: 612: 2022-04-23 16:54:06.870016
Epoch 613/1000, D_loss=0.679717, reward=-7.939547
Epoch: 613: 2022-04-23 16:54:09.000418
Epoch 614/1000, D_loss=0.679723, reward=-7.940201
Epoch: 614: 2022-04-23 16:54:11.238999
Epoch 615/1000, D_loss=0.679569, reward=-7.938169
Epoch: 615: 2022-04-23 16:54:13.324488
Epoch 616/1000, D_loss=0.681099, reward=-7.937857
Epoch: 616: 2022-04-23 16:54:15.370454
Epoch 617/1000, D_loss=0.679048, reward=-7.940440
Epoch: 617: 2022-04-23 16:54:17.567117
Epoch 618/1000, D_loss=0.680987, reward=-7.939369
Epoch: 618: 2022-04-23 16:54:19.770696
Epoch 619/1000, D_loss=0.684526, reward=-7.932348
Epoch: 619: 2022-04-23 16:54:21.976212
Epoch 620/1000, D_loss=0.682918, reward=-7.933841
Test_MRR=0.391497, Test_MR=274.847890, Test_H@10=0.644350
Epoch: 620: 2022-04-23 16:56:09.535059
Epoch 621/1000, D_loss=0.680765, reward=-7.938892
Epoch: 621: 2022-04-23 16:56:11.816970
Epoch 622/1000, D_loss=0.680615, reward=-7.940645
Epoch: 622: 2022-04-23 16:56:13.943657
Epoch 623/1000, D_loss=0.680567, reward=-7.937631
Epoch: 623: 2022-04-23 16:56:16.216825
Epoch 624/1000, D_loss=0.681172, reward=-7.936458
Epoch: 624: 2022-04-23 16:56:18.283904
Epoch 625/1000, D_loss=0.681177, reward=-7.938275
Epoch: 625: 2022-04-23 16:56:20.569393
Epoch 626/1000, D_loss=0.677593, reward=-7.942017
Epoch: 626: 2022-04-23 16:56:22.676987
Epoch 627/1000, D_loss=0.680648, reward=-7.936670
Epoch: 627: 2022-04-23 16:56:24.681745
Epoch 628/1000, D_loss=0.681483, reward=-7.934781
Epoch: 628: 2022-04-23 16:56:26.611994
Epoch 629/1000, D_loss=0.682282, reward=-7.933000
Epoch: 629: 2022-04-23 16:56:28.709317
Epoch 630/1000, D_loss=0.682664, reward=-7.932466
Test_MRR=0.391138, Test_MR=274.543090, Test_H@10=0.644810
Epoch: 630: 2022-04-23 16:58:19.790218
Epoch 631/1000, D_loss=0.678868, reward=-7.936767
Epoch: 631: 2022-04-23 16:58:22.066900
Epoch 632/1000, D_loss=0.683431, reward=-7.932341
Epoch: 632: 2022-04-23 16:58:24.241314
Epoch 633/1000, D_loss=0.679584, reward=-7.936872
Epoch: 633: 2022-04-23 16:58:26.499473
Epoch 634/1000, D_loss=0.683680, reward=-7.931394
Epoch: 634: 2022-04-23 16:58:28.615129
Epoch 635/1000, D_loss=0.681015, reward=-7.934839
Epoch: 635: 2022-04-23 16:58:30.903682
Epoch 636/1000, D_loss=0.678920, reward=-7.937670
Epoch: 636: 2022-04-23 16:58:33.162273
Epoch 637/1000, D_loss=0.679530, reward=-7.935470
Epoch: 637: 2022-04-23 16:58:35.263607
Epoch 638/1000, D_loss=0.681261, reward=-7.932801
Epoch: 638: 2022-04-23 16:58:37.541319
Epoch 639/1000, D_loss=0.683196, reward=-7.932737
Epoch: 639: 2022-04-23 16:58:39.737585
Epoch 640/1000, D_loss=0.682448, reward=-7.931864
Test_MRR=0.391124, Test_MR=272.840580, Test_H@10=0.642550
Epoch: 640: 2022-04-23 17:00:24.378120
Epoch 641/1000, D_loss=0.680826, reward=-7.934651
Epoch: 641: 2022-04-23 17:00:26.399925
Epoch 642/1000, D_loss=0.681534, reward=-7.933963
Epoch: 642: 2022-04-23 17:00:28.406613
Epoch 643/1000, D_loss=0.678608, reward=-7.937788
Epoch: 643: 2022-04-23 17:00:30.442578
Epoch 644/1000, D_loss=0.682368, reward=-7.933107
Epoch: 644: 2022-04-23 17:00:32.368186
Epoch 645/1000, D_loss=0.679918, reward=-7.936642
Epoch: 645: 2022-04-23 17:00:34.300648
Epoch 646/1000, D_loss=0.682294, reward=-7.932834
Epoch: 646: 2022-04-23 17:00:36.440644
Epoch 647/1000, D_loss=0.680301, reward=-7.934443
Epoch: 647: 2022-04-23 17:00:38.546088
Epoch 648/1000, D_loss=0.680434, reward=-7.938167
Epoch: 648: 2022-04-23 17:00:40.817514
Epoch 649/1000, D_loss=0.682254, reward=-7.933077
Epoch: 649: 2022-04-23 17:00:42.997570
Epoch 650/1000, D_loss=0.682105, reward=-7.931118
Test_MRR=0.390656, Test_MR=273.615810, Test_H@10=0.644160
Epoch: 650: 2022-04-23 17:02:28.736865
Epoch 651/1000, D_loss=0.681964, reward=-7.934072
Epoch: 651: 2022-04-23 17:02:30.975082
Epoch 652/1000, D_loss=0.681816, reward=-7.932678
Epoch: 652: 2022-04-23 17:02:33.059014
Epoch 653/1000, D_loss=0.683765, reward=-7.930634
Epoch: 653: 2022-04-23 17:02:35.331474
Epoch 654/1000, D_loss=0.681951, reward=-7.934409
Epoch: 654: 2022-04-23 17:02:37.547336
Epoch 655/1000, D_loss=0.684105, reward=-7.929533
Epoch: 655: 2022-04-23 17:02:39.758658
Epoch 656/1000, D_loss=0.680784, reward=-7.936251
Epoch: 656: 2022-04-23 17:02:41.961281
Epoch 657/1000, D_loss=0.681002, reward=-7.933298
Epoch: 657: 2022-04-23 17:02:44.191869
Epoch 658/1000, D_loss=0.681716, reward=-7.931931
Epoch: 658: 2022-04-23 17:02:46.422906
Epoch 659/1000, D_loss=0.681782, reward=-7.931733
Epoch: 659: 2022-04-23 17:02:48.588105
Epoch 660/1000, D_loss=0.680722, reward=-7.932307
Test_MRR=0.392448, Test_MR=276.038310, Test_H@10=0.645460
Epoch: 660: 2022-04-23 17:04:51.223016
Epoch 661/1000, D_loss=0.681674, reward=-7.933120
Epoch: 661: 2022-04-23 17:04:53.485645
Epoch 662/1000, D_loss=0.682695, reward=-7.932507
Epoch: 662: 2022-04-23 17:04:55.688404
Epoch 663/1000, D_loss=0.684233, reward=-7.929440
Epoch: 663: 2022-04-23 17:04:57.784070
Epoch 664/1000, D_loss=0.678855, reward=-7.936350
Epoch: 664: 2022-04-23 17:04:59.835822
Epoch 665/1000, D_loss=0.680016, reward=-7.932648
Epoch: 665: 2022-04-23 17:05:01.832602
Epoch 666/1000, D_loss=0.680139, reward=-7.932942
Epoch: 666: 2022-04-23 17:05:04.071387
Epoch 667/1000, D_loss=0.679588, reward=-7.932924
Epoch: 667: 2022-04-23 17:05:06.269192
Epoch 668/1000, D_loss=0.679169, reward=-7.934061
Epoch: 668: 2022-04-23 17:05:08.308435
Epoch 669/1000, D_loss=0.681693, reward=-7.930105
Epoch: 669: 2022-04-23 17:05:10.334684
Epoch 670/1000, D_loss=0.680736, reward=-7.934029
Test_MRR=0.392016, Test_MR=274.619720, Test_H@10=0.644620
Epoch: 670: 2022-04-23 17:06:55.524002
Epoch 671/1000, D_loss=0.682533, reward=-7.930622
Epoch: 671: 2022-04-23 17:06:57.746931
Epoch 672/1000, D_loss=0.681844, reward=-7.931810
Epoch: 672: 2022-04-23 17:06:59.812773
Epoch 673/1000, D_loss=0.684192, reward=-7.929608
Epoch: 673: 2022-04-23 17:07:01.851332
Epoch 674/1000, D_loss=0.680507, reward=-7.932589
Epoch: 674: 2022-04-23 17:07:03.940639
Epoch 675/1000, D_loss=0.682239, reward=-7.930821
Epoch: 675: 2022-04-23 17:07:05.995783
Epoch 676/1000, D_loss=0.680568, reward=-7.932280
Epoch: 676: 2022-04-23 17:07:07.998014
Epoch 677/1000, D_loss=0.682594, reward=-7.930242
Epoch: 677: 2022-04-23 17:07:10.009533
Epoch 678/1000, D_loss=0.681677, reward=-7.930048
Epoch: 678: 2022-04-23 17:07:12.171751
Epoch 679/1000, D_loss=0.681543, reward=-7.930345
Epoch: 679: 2022-04-23 17:07:14.312063
Epoch 680/1000, D_loss=0.682059, reward=-7.929870
Test_MRR=0.391943, Test_MR=273.271590, Test_H@10=0.645800
Epoch: 680: 2022-04-23 17:09:03.266916
Epoch 681/1000, D_loss=0.680027, reward=-7.932684
Epoch: 681: 2022-04-23 17:09:05.509897
Epoch 682/1000, D_loss=0.684727, reward=-7.925318
Epoch: 682: 2022-04-23 17:09:07.707085
Epoch 683/1000, D_loss=0.683110, reward=-7.927430
Epoch: 683: 2022-04-23 17:09:09.709875
Epoch 684/1000, D_loss=0.682705, reward=-7.928875
Epoch: 684: 2022-04-23 17:09:11.742694
Epoch 685/1000, D_loss=0.681664, reward=-7.929437
Epoch: 685: 2022-04-23 17:09:13.896439
Epoch 686/1000, D_loss=0.680947, reward=-7.929905
Epoch: 686: 2022-04-23 17:09:16.058471
Epoch 687/1000, D_loss=0.680652, reward=-7.929509
Epoch: 687: 2022-04-23 17:09:18.210425
Epoch 688/1000, D_loss=0.682351, reward=-7.926593
Epoch: 688: 2022-04-23 17:09:20.432558
Epoch 689/1000, D_loss=0.682621, reward=-7.927023
Epoch: 689: 2022-04-23 17:09:22.500976
Epoch 690/1000, D_loss=0.684085, reward=-7.925239
Test_MRR=0.393423, Test_MR=275.955890, Test_H@10=0.645710
Epoch: 690: 2022-04-23 17:11:13.547297
Epoch 691/1000, D_loss=0.683644, reward=-7.925955
Epoch: 691: 2022-04-23 17:11:15.661185
Epoch 692/1000, D_loss=0.683750, reward=-7.927450
Epoch: 692: 2022-04-23 17:11:17.742743
Epoch 693/1000, D_loss=0.685019, reward=-7.923675
Epoch: 693: 2022-04-23 17:11:19.805757
Epoch 694/1000, D_loss=0.682725, reward=-7.925834
Epoch: 694: 2022-04-23 17:11:21.887222
Epoch 695/1000, D_loss=0.682840, reward=-7.925919
Epoch: 695: 2022-04-23 17:11:23.959498
Epoch 696/1000, D_loss=0.685339, reward=-7.922662
Epoch: 696: 2022-04-23 17:11:25.882535
Epoch 697/1000, D_loss=0.684864, reward=-7.923626
Epoch: 697: 2022-04-23 17:11:27.864845
Epoch 698/1000, D_loss=0.682292, reward=-7.929015
Epoch: 698: 2022-04-23 17:11:29.930511
Epoch 699/1000, D_loss=0.683998, reward=-7.923546
Epoch: 699: 2022-04-23 17:11:32.009748
Epoch 700/1000, D_loss=0.682500, reward=-7.923201
Test_MRR=0.394694, Test_MR=275.400580, Test_H@10=0.645950
Epoch: 700: 2022-04-23 17:13:17.451257
Epoch 701/1000, D_loss=0.684971, reward=-7.921317
Epoch: 701: 2022-04-23 17:13:19.472277
Epoch 702/1000, D_loss=0.683267, reward=-7.922741
Epoch: 702: 2022-04-23 17:13:21.493244
Epoch 703/1000, D_loss=0.682891, reward=-7.923129
Epoch: 703: 2022-04-23 17:13:23.491852
Epoch 704/1000, D_loss=0.682240, reward=-7.923991
Epoch: 704: 2022-04-23 17:13:25.772801
Epoch 705/1000, D_loss=0.682088, reward=-7.923304
Epoch: 705: 2022-04-23 17:13:27.959674
Epoch 706/1000, D_loss=0.682149, reward=-7.926390
Epoch: 706: 2022-04-23 17:13:30.119602
Epoch 707/1000, D_loss=0.680874, reward=-7.926659
Epoch: 707: 2022-04-23 17:13:32.048455
Epoch 708/1000, D_loss=0.684204, reward=-7.922062
Epoch: 708: 2022-04-23 17:13:33.979637
Epoch 709/1000, D_loss=0.680253, reward=-7.926022
Epoch: 709: 2022-04-23 17:13:35.905372
Epoch 710/1000, D_loss=0.685741, reward=-7.918409
Test_MRR=0.392943, Test_MR=275.176710, Test_H@10=0.645120
Epoch: 710: 2022-04-23 17:15:19.018158
Epoch 711/1000, D_loss=0.683384, reward=-7.922029
Epoch: 711: 2022-04-23 17:15:20.993209
Epoch 712/1000, D_loss=0.684199, reward=-7.920541
Epoch: 712: 2022-04-23 17:15:23.030553
Epoch 713/1000, D_loss=0.681238, reward=-7.927164
Epoch: 713: 2022-04-23 17:15:25.013003
Epoch 714/1000, D_loss=0.683558, reward=-7.922984
Epoch: 714: 2022-04-23 17:15:26.931880
Epoch 715/1000, D_loss=0.684299, reward=-7.921607
Epoch: 715: 2022-04-23 17:15:28.918448
Epoch 716/1000, D_loss=0.683036, reward=-7.922875
Epoch: 716: 2022-04-23 17:15:30.924059
Epoch 717/1000, D_loss=0.683155, reward=-7.923360
Epoch: 717: 2022-04-23 17:15:32.977594
Epoch 718/1000, D_loss=0.683160, reward=-7.922055
Epoch: 718: 2022-04-23 17:15:35.205948
Epoch 719/1000, D_loss=0.684246, reward=-7.919634
Epoch: 719: 2022-04-23 17:15:37.278195
Epoch 720/1000, D_loss=0.682870, reward=-7.922629
Test_MRR=0.394375, Test_MR=273.464720, Test_H@10=0.644490
Epoch: 720: 2022-04-23 17:17:20.938317
Epoch 721/1000, D_loss=0.681571, reward=-7.922813
Epoch: 721: 2022-04-23 17:17:23.004555
Epoch 722/1000, D_loss=0.682827, reward=-7.921377
Epoch: 722: 2022-04-23 17:17:25.031223
Epoch 723/1000, D_loss=0.684223, reward=-7.916657
Epoch: 723: 2022-04-23 17:17:27.055564
Epoch 724/1000, D_loss=0.682597, reward=-7.922050
Epoch: 724: 2022-04-23 17:17:29.063582
Epoch 725/1000, D_loss=0.684239, reward=-7.918432
Epoch: 725: 2022-04-23 17:17:30.981716
Epoch 726/1000, D_loss=0.681219, reward=-7.922717
Epoch: 726: 2022-04-23 17:17:32.998895
Epoch 727/1000, D_loss=0.684954, reward=-7.916255
Epoch: 727: 2022-04-23 17:17:34.931681
Epoch 728/1000, D_loss=0.680968, reward=-7.922814
Epoch: 728: 2022-04-23 17:17:36.857927
Epoch 729/1000, D_loss=0.683379, reward=-7.919725
Epoch: 729: 2022-04-23 17:17:38.785347
Epoch 730/1000, D_loss=0.686020, reward=-7.916352
Test_MRR=0.394808, Test_MR=276.708140, Test_H@10=0.645760
Epoch: 730: 2022-04-23 17:19:22.248360
Epoch 731/1000, D_loss=0.686455, reward=-7.915405
Epoch: 731: 2022-04-23 17:19:24.355901
Epoch 732/1000, D_loss=0.680586, reward=-7.924592
Epoch: 732: 2022-04-23 17:19:26.476349
Epoch 733/1000, D_loss=0.683616, reward=-7.918331
Epoch: 733: 2022-04-23 17:19:28.688388
Epoch 734/1000, D_loss=0.685638, reward=-7.917073
Epoch: 734: 2022-04-23 17:19:30.941931
Epoch 735/1000, D_loss=0.683598, reward=-7.916656
Epoch: 735: 2022-04-23 17:19:33.123693
Epoch 736/1000, D_loss=0.682307, reward=-7.919066
Epoch: 736: 2022-04-23 17:19:35.356620
Epoch 737/1000, D_loss=0.684567, reward=-7.916513
Epoch: 737: 2022-04-23 17:19:37.574164
Epoch 738/1000, D_loss=0.683436, reward=-7.917210
Epoch: 738: 2022-04-23 17:19:39.743588
Epoch 739/1000, D_loss=0.683526, reward=-7.917310
Epoch: 739: 2022-04-23 17:19:41.863183
Epoch 740/1000, D_loss=0.687293, reward=-7.913687
Test_MRR=0.394542, Test_MR=280.886380, Test_H@10=0.645480
Epoch: 740: 2022-04-23 17:21:25.425107
Epoch 741/1000, D_loss=0.685555, reward=-7.915234
Epoch: 741: 2022-04-23 17:21:27.455601
Epoch 742/1000, D_loss=0.686224, reward=-7.914398
Epoch: 742: 2022-04-23 17:21:29.525394
Epoch 743/1000, D_loss=0.681980, reward=-7.919630
Epoch: 743: 2022-04-23 17:21:31.664071
Epoch 744/1000, D_loss=0.683811, reward=-7.918326
Epoch: 744: 2022-04-23 17:21:33.809537
Epoch 745/1000, D_loss=0.684566, reward=-7.917121
Epoch: 745: 2022-04-23 17:21:35.883743
Epoch 746/1000, D_loss=0.684018, reward=-7.918598
Epoch: 746: 2022-04-23 17:21:37.941071
Epoch 747/1000, D_loss=0.685349, reward=-7.915298
Epoch: 747: 2022-04-23 17:21:40.040108
Epoch 748/1000, D_loss=0.684396, reward=-7.915573
Epoch: 748: 2022-04-23 17:21:42.288155
Epoch 749/1000, D_loss=0.685628, reward=-7.915265
Epoch: 749: 2022-04-23 17:21:44.477388
Epoch 750/1000, D_loss=0.684281, reward=-7.917909
Test_MRR=0.395117, Test_MR=278.313940, Test_H@10=0.645370
Epoch: 750: 2022-04-23 17:23:27.002110
Epoch 751/1000, D_loss=0.683985, reward=-7.917922
Epoch: 751: 2022-04-23 17:23:29.124601
Epoch 752/1000, D_loss=0.681664, reward=-7.920444
Epoch: 752: 2022-04-23 17:23:31.291254
Epoch 753/1000, D_loss=0.683925, reward=-7.917508
Epoch: 753: 2022-04-23 17:23:33.463917
Epoch 754/1000, D_loss=0.686274, reward=-7.915189
Epoch: 754: 2022-04-23 17:23:35.726541
Epoch 755/1000, D_loss=0.685228, reward=-7.915768
Epoch: 755: 2022-04-23 17:23:37.927162
Epoch 756/1000, D_loss=0.681904, reward=-7.919917
Epoch: 756: 2022-04-23 17:23:40.139383
Epoch 757/1000, D_loss=0.687269, reward=-7.910947
Epoch: 757: 2022-04-23 17:23:42.193096
Epoch 758/1000, D_loss=0.684636, reward=-7.915721
Epoch: 758: 2022-04-23 17:23:44.261042
Epoch 759/1000, D_loss=0.683172, reward=-7.917908
Epoch: 759: 2022-04-23 17:23:46.474330
Epoch 760/1000, D_loss=0.682998, reward=-7.917748
Test_MRR=0.395646, Test_MR=278.313100, Test_H@10=0.646650
Epoch: 760: 2022-04-23 17:25:29.275238
Epoch 761/1000, D_loss=0.684449, reward=-7.914969
Epoch: 761: 2022-04-23 17:25:31.434712
Epoch 762/1000, D_loss=0.686994, reward=-7.910611
Epoch: 762: 2022-04-23 17:25:33.653777
Epoch 763/1000, D_loss=0.686232, reward=-7.911377
Epoch: 763: 2022-04-23 17:25:35.857533
Epoch 764/1000, D_loss=0.684322, reward=-7.915091
Epoch: 764: 2022-04-23 17:25:38.081443
Epoch 765/1000, D_loss=0.684247, reward=-7.913869
Epoch: 765: 2022-04-23 17:25:40.270711
Epoch 766/1000, D_loss=0.685843, reward=-7.913858
Epoch: 766: 2022-04-23 17:25:42.502790
Epoch 767/1000, D_loss=0.684762, reward=-7.913074
Epoch: 767: 2022-04-23 17:25:44.698260
Epoch 768/1000, D_loss=0.684240, reward=-7.916522
Epoch: 768: 2022-04-23 17:25:46.759789
Epoch 769/1000, D_loss=0.687250, reward=-7.909621
Epoch: 769: 2022-04-23 17:25:48.773991
Epoch 770/1000, D_loss=0.685630, reward=-7.912810
Test_MRR=0.397137, Test_MR=280.140820, Test_H@10=0.647000
Epoch: 770: 2022-04-23 17:27:35.175374
Epoch 771/1000, D_loss=0.682789, reward=-7.916137
Epoch: 771: 2022-04-23 17:27:37.396291
Epoch 772/1000, D_loss=0.685854, reward=-7.912019
Epoch: 772: 2022-04-23 17:27:39.570209
Epoch 773/1000, D_loss=0.686494, reward=-7.909907
Epoch: 773: 2022-04-23 17:27:41.776895
Epoch 774/1000, D_loss=0.685678, reward=-7.911282
Epoch: 774: 2022-04-23 17:27:43.957804
Epoch 775/1000, D_loss=0.685102, reward=-7.912087
Epoch: 775: 2022-04-23 17:27:46.126489
Epoch 776/1000, D_loss=0.683100, reward=-7.914803
Epoch: 776: 2022-04-23 17:27:48.333265
Epoch 777/1000, D_loss=0.685883, reward=-7.910304
Epoch: 777: 2022-04-23 17:27:50.535156
Epoch 778/1000, D_loss=0.684454, reward=-7.912358
Epoch: 778: 2022-04-23 17:27:52.617414
Epoch 779/1000, D_loss=0.684719, reward=-7.911366
Epoch: 779: 2022-04-23 17:27:54.616545
Epoch 780/1000, D_loss=0.684968, reward=-7.914116
Test_MRR=0.397069, Test_MR=279.869230, Test_H@10=0.647520
Epoch: 780: 2022-04-23 17:29:40.416433
Epoch 781/1000, D_loss=0.686276, reward=-7.910408
Epoch: 781: 2022-04-23 17:29:42.666705
Epoch 782/1000, D_loss=0.686328, reward=-7.910448
Epoch: 782: 2022-04-23 17:29:44.891454
Epoch 783/1000, D_loss=0.685831, reward=-7.910685
Epoch: 783: 2022-04-23 17:29:47.104693
Epoch 784/1000, D_loss=0.685297, reward=-7.911875
Epoch: 784: 2022-04-23 17:29:49.330513
Epoch 785/1000, D_loss=0.686197, reward=-7.908084
Epoch: 785: 2022-04-23 17:29:51.582655
Epoch 786/1000, D_loss=0.683249, reward=-7.911226
Epoch: 786: 2022-04-23 17:29:53.732777
Epoch 787/1000, D_loss=0.686427, reward=-7.908901
Epoch: 787: 2022-04-23 17:29:55.919347
Epoch 788/1000, D_loss=0.684302, reward=-7.910597
Epoch: 788: 2022-04-23 17:29:58.124184
Epoch 789/1000, D_loss=0.684829, reward=-7.913106
Epoch: 789: 2022-04-23 17:30:00.328048
Epoch 790/1000, D_loss=0.685102, reward=-7.912176
Test_MRR=0.396722, Test_MR=280.210990, Test_H@10=0.647030
Epoch: 790: 2022-04-23 17:31:43.161723
Epoch 791/1000, D_loss=0.683580, reward=-7.914774
Epoch: 791: 2022-04-23 17:31:45.404768
Epoch 792/1000, D_loss=0.683800, reward=-7.912213
Epoch: 792: 2022-04-23 17:31:47.436408
Epoch 793/1000, D_loss=0.683182, reward=-7.914701
Epoch: 793: 2022-04-23 17:31:49.560593
Epoch 794/1000, D_loss=0.684632, reward=-7.910903
Epoch: 794: 2022-04-23 17:31:51.723749
Epoch 795/1000, D_loss=0.683777, reward=-7.911455
Epoch: 795: 2022-04-23 17:31:53.881351
Epoch 796/1000, D_loss=0.682728, reward=-7.913023
Epoch: 796: 2022-04-23 17:31:55.923025
Epoch 797/1000, D_loss=0.685257, reward=-7.908376
Epoch: 797: 2022-04-23 17:31:57.937749
Epoch 798/1000, D_loss=0.684370, reward=-7.910083
Epoch: 798: 2022-04-23 17:32:00.161306
Epoch 799/1000, D_loss=0.685361, reward=-7.911064
Epoch: 799: 2022-04-23 17:32:02.307400
Epoch 800/1000, D_loss=0.682120, reward=-7.913139
Test_MRR=0.397003, Test_MR=277.913390, Test_H@10=0.648130
Epoch: 800: 2022-04-23 17:33:47.321779
Epoch 801/1000, D_loss=0.684242, reward=-7.911773
Epoch: 801: 2022-04-23 17:33:49.560640
Epoch 802/1000, D_loss=0.686509, reward=-7.905394
Epoch: 802: 2022-04-23 17:33:51.751184
Epoch 803/1000, D_loss=0.687075, reward=-7.905737
Epoch: 803: 2022-04-23 17:33:53.956533
Epoch 804/1000, D_loss=0.685957, reward=-7.906676
Epoch: 804: 2022-04-23 17:33:56.140065
Epoch 805/1000, D_loss=0.685262, reward=-7.906664
Epoch: 805: 2022-04-23 17:33:58.147436
Epoch 806/1000, D_loss=0.686382, reward=-7.905103
Epoch: 806: 2022-04-23 17:34:00.076051
Epoch 807/1000, D_loss=0.685311, reward=-7.910111
Epoch: 807: 2022-04-23 17:34:02.009303
Epoch 808/1000, D_loss=0.683743, reward=-7.910064
Epoch: 808: 2022-04-23 17:34:04.204348
Epoch 809/1000, D_loss=0.686995, reward=-7.905942
Epoch: 809: 2022-04-23 17:34:06.386600
Epoch 810/1000, D_loss=0.685860, reward=-7.907628
Test_MRR=0.396248, Test_MR=276.621580, Test_H@10=0.646640
Epoch: 810: 2022-04-23 17:35:47.742021
Epoch 811/1000, D_loss=0.684649, reward=-7.909791
Epoch: 811: 2022-04-23 17:35:49.681281
Epoch 812/1000, D_loss=0.683667, reward=-7.909350
Epoch: 812: 2022-04-23 17:35:51.614925
Epoch 813/1000, D_loss=0.683764, reward=-7.907776
Epoch: 813: 2022-04-23 17:35:53.549671
Epoch 814/1000, D_loss=0.687982, reward=-7.903059
Epoch: 814: 2022-04-23 17:35:55.482506
Epoch 815/1000, D_loss=0.686309, reward=-7.906795
Epoch: 815: 2022-04-23 17:35:57.415960
Epoch 816/1000, D_loss=0.687201, reward=-7.904480
Epoch: 816: 2022-04-23 17:35:59.347680
Epoch 817/1000, D_loss=0.684144, reward=-7.908331
Epoch: 817: 2022-04-23 17:36:01.280686
Epoch 818/1000, D_loss=0.685864, reward=-7.906895
Epoch: 818: 2022-04-23 17:36:03.472220
Epoch 819/1000, D_loss=0.684744, reward=-7.907712
Epoch: 819: 2022-04-23 17:36:05.610270
Epoch 820/1000, D_loss=0.685018, reward=-7.905046
Test_MRR=0.396048, Test_MR=273.741730, Test_H@10=0.647680
Epoch: 820: 2022-04-23 17:37:47.446907
Epoch 821/1000, D_loss=0.687228, reward=-7.901256
Epoch: 821: 2022-04-23 17:37:49.406600
Epoch 822/1000, D_loss=0.687234, reward=-7.902995
Epoch: 822: 2022-04-23 17:37:51.338493
Epoch 823/1000, D_loss=0.687735, reward=-7.899978
Epoch: 823: 2022-04-23 17:37:53.401601
Epoch 824/1000, D_loss=0.687093, reward=-7.903278
Epoch: 824: 2022-04-23 17:37:55.333230
Epoch 825/1000, D_loss=0.687070, reward=-7.902955
Epoch: 825: 2022-04-23 17:37:57.268067
Epoch 826/1000, D_loss=0.685656, reward=-7.904015
Epoch: 826: 2022-04-23 17:37:59.479623
Epoch 827/1000, D_loss=0.686848, reward=-7.903583
Epoch: 827: 2022-04-23 17:38:01.616863
Epoch 828/1000, D_loss=0.687850, reward=-7.903353
Epoch: 828: 2022-04-23 17:38:03.832546
Epoch 829/1000, D_loss=0.686360, reward=-7.903420
Epoch: 829: 2022-04-23 17:38:05.996897
Epoch 830/1000, D_loss=0.685649, reward=-7.903860
Test_MRR=0.397182, Test_MR=275.769360, Test_H@10=0.648280
Epoch: 830: 2022-04-23 17:39:51.701857
Epoch 831/1000, D_loss=0.685339, reward=-7.904224
Epoch: 831: 2022-04-23 17:39:53.917014
Epoch 832/1000, D_loss=0.685681, reward=-7.903373
Epoch: 832: 2022-04-23 17:39:56.115553
Epoch 833/1000, D_loss=0.686689, reward=-7.903039
Epoch: 833: 2022-04-23 17:39:58.339773
Epoch 834/1000, D_loss=0.682576, reward=-7.908028
Epoch: 834: 2022-04-23 17:40:00.411999
Epoch 835/1000, D_loss=0.689971, reward=-7.898300
Epoch: 835: 2022-04-23 17:40:02.355954
Epoch 836/1000, D_loss=0.687231, reward=-7.902870
Epoch: 836: 2022-04-23 17:40:04.277556
Epoch 837/1000, D_loss=0.688235, reward=-7.898634
Epoch: 837: 2022-04-23 17:40:06.202264
Epoch 838/1000, D_loss=0.686561, reward=-7.903426
Epoch: 838: 2022-04-23 17:40:08.127971
Epoch 839/1000, D_loss=0.686225, reward=-7.902778
Epoch: 839: 2022-04-23 17:40:10.051723
Epoch 840/1000, D_loss=0.686661, reward=-7.900743
Test_MRR=0.397270, Test_MR=275.213050, Test_H@10=0.648950
Epoch: 840: 2022-04-23 17:41:55.241712
Epoch 841/1000, D_loss=0.687114, reward=-7.900716
Epoch: 841: 2022-04-23 17:41:57.180414
Epoch 842/1000, D_loss=0.686488, reward=-7.902524
Epoch: 842: 2022-04-23 17:41:59.103012
Epoch 843/1000, D_loss=0.685429, reward=-7.904171
Epoch: 843: 2022-04-23 17:42:01.028888
Epoch 844/1000, D_loss=0.688016, reward=-7.900026
Epoch: 844: 2022-04-23 17:42:02.948411
Epoch 845/1000, D_loss=0.688591, reward=-7.899773
Epoch: 845: 2022-04-23 17:42:05.177828
Epoch 846/1000, D_loss=0.685413, reward=-7.903892
Epoch: 846: 2022-04-23 17:42:07.227009
Epoch 847/1000, D_loss=0.687648, reward=-7.901319
Epoch: 847: 2022-04-23 17:42:09.346275
Epoch 848/1000, D_loss=0.686165, reward=-7.901462
Epoch: 848: 2022-04-23 17:42:11.542290
Epoch 849/1000, D_loss=0.686185, reward=-7.900497
Epoch: 849: 2022-04-23 17:42:13.725616
Epoch 850/1000, D_loss=0.686010, reward=-7.902514
Test_MRR=0.397660, Test_MR=278.812910, Test_H@10=0.648420
Epoch: 850: 2022-04-23 17:43:55.408729
Epoch 851/1000, D_loss=0.685713, reward=-7.902733
Epoch: 851: 2022-04-23 17:43:57.366274
Epoch 852/1000, D_loss=0.681152, reward=-7.907648
Epoch: 852: 2022-04-23 17:43:59.339870
Epoch 853/1000, D_loss=0.687253, reward=-7.898531
Epoch: 853: 2022-04-23 17:44:01.271611
Epoch 854/1000, D_loss=0.686546, reward=-7.900191
Epoch: 854: 2022-04-23 17:44:03.206297
Epoch 855/1000, D_loss=0.684673, reward=-7.901584
Epoch: 855: 2022-04-23 17:44:05.419895
Epoch 856/1000, D_loss=0.688050, reward=-7.898010
Epoch: 856: 2022-04-23 17:44:07.503128
Epoch 857/1000, D_loss=0.685933, reward=-7.901811
Epoch: 857: 2022-04-23 17:44:09.715429
Epoch 858/1000, D_loss=0.685209, reward=-7.902450
Epoch: 858: 2022-04-23 17:44:11.877502
Epoch 859/1000, D_loss=0.685319, reward=-7.899872
Epoch: 859: 2022-04-23 17:44:14.058800
Epoch 860/1000, D_loss=0.688542, reward=-7.898797
Test_MRR=0.397895, Test_MR=278.774190, Test_H@10=0.647970
Epoch: 860: 2022-04-23 17:45:55.635138
Epoch 861/1000, D_loss=0.687692, reward=-7.898577
Epoch: 861: 2022-04-23 17:45:57.565502
Epoch 862/1000, D_loss=0.687723, reward=-7.897166
Epoch: 862: 2022-04-23 17:45:59.566284
Epoch 863/1000, D_loss=0.688873, reward=-7.897511
Epoch: 863: 2022-04-23 17:46:01.496939
Epoch 864/1000, D_loss=0.683517, reward=-7.902210
Epoch: 864: 2022-04-23 17:46:03.429428
Epoch 865/1000, D_loss=0.687101, reward=-7.896770
Epoch: 865: 2022-04-23 17:46:05.382891
Epoch 866/1000, D_loss=0.685940, reward=-7.897270
Epoch: 866: 2022-04-23 17:46:07.314712
Epoch 867/1000, D_loss=0.688726, reward=-7.894394
Epoch: 867: 2022-04-23 17:46:09.245545
Epoch 868/1000, D_loss=0.688600, reward=-7.894591
Epoch: 868: 2022-04-23 17:46:11.176757
Epoch 869/1000, D_loss=0.688809, reward=-7.896804
Epoch: 869: 2022-04-23 17:46:13.105711
Epoch 870/1000, D_loss=0.686673, reward=-7.897529
Test_MRR=0.397378, Test_MR=277.878100, Test_H@10=0.649150
Epoch: 870: 2022-04-23 17:47:54.194580
Epoch 871/1000, D_loss=0.687753, reward=-7.894629
Epoch: 871: 2022-04-23 17:47:56.426735
Epoch 872/1000, D_loss=0.684427, reward=-7.900550
Epoch: 872: 2022-04-23 17:47:58.560456
Epoch 873/1000, D_loss=0.686364, reward=-7.898529
Epoch: 873: 2022-04-23 17:48:00.601458
Epoch 874/1000, D_loss=0.687459, reward=-7.894558
Epoch: 874: 2022-04-23 17:48:02.690520
Epoch 875/1000, D_loss=0.686334, reward=-7.897902
Epoch: 875: 2022-04-23 17:48:04.624633
Epoch 876/1000, D_loss=0.686464, reward=-7.896663
Epoch: 876: 2022-04-23 17:48:06.557120
Epoch 877/1000, D_loss=0.686564, reward=-7.897629
Epoch: 877: 2022-04-23 17:48:08.492239
Epoch 878/1000, D_loss=0.687258, reward=-7.894455
Epoch: 878: 2022-04-23 17:48:10.424025
Epoch 879/1000, D_loss=0.685284, reward=-7.898710
Epoch: 879: 2022-04-23 17:48:12.359174
Epoch 880/1000, D_loss=0.685480, reward=-7.895019
Test_MRR=0.398883, Test_MR=277.639620, Test_H@10=0.648790
Epoch: 880: 2022-04-23 17:49:53.642412
Epoch 881/1000, D_loss=0.685428, reward=-7.897093
Epoch: 881: 2022-04-23 17:49:55.580766
Epoch 882/1000, D_loss=0.687853, reward=-7.893018
Epoch: 882: 2022-04-23 17:49:57.511471
Epoch 883/1000, D_loss=0.685508, reward=-7.895556
Epoch: 883: 2022-04-23 17:49:59.441907
Epoch 884/1000, D_loss=0.688122, reward=-7.892555
Epoch: 884: 2022-04-23 17:50:01.374225
Epoch 885/1000, D_loss=0.688643, reward=-7.891873
Epoch: 885: 2022-04-23 17:50:03.605023
Epoch 886/1000, D_loss=0.687043, reward=-7.894168
Epoch: 886: 2022-04-23 17:50:05.797065
Epoch 887/1000, D_loss=0.688505, reward=-7.890412
Epoch: 887: 2022-04-23 17:50:07.978694
Epoch 888/1000, D_loss=0.687178, reward=-7.893288
Epoch: 888: 2022-04-23 17:50:10.154430
Epoch 889/1000, D_loss=0.688919, reward=-7.893257
Epoch: 889: 2022-04-23 17:50:12.245561
Epoch 890/1000, D_loss=0.688462, reward=-7.894889
Test_MRR=0.396935, Test_MR=282.003510, Test_H@10=0.648360
Epoch: 890: 2022-04-23 17:51:53.995566
Epoch 891/1000, D_loss=0.687736, reward=-7.892496
Epoch: 891: 2022-04-23 17:51:55.913907
Epoch 892/1000, D_loss=0.687522, reward=-7.892991
Epoch: 892: 2022-04-23 17:51:57.847039
Epoch 893/1000, D_loss=0.687691, reward=-7.892953
Epoch: 893: 2022-04-23 17:51:59.778353
Epoch 894/1000, D_loss=0.687899, reward=-7.891495
Epoch: 894: 2022-04-23 17:52:01.710853
Epoch 895/1000, D_loss=0.683848, reward=-7.898254
Epoch: 895: 2022-04-23 17:52:03.645374
Epoch 896/1000, D_loss=0.687180, reward=-7.891902
Epoch: 896: 2022-04-23 17:52:05.850068
Epoch 897/1000, D_loss=0.687974, reward=-7.891035
Epoch: 897: 2022-04-23 17:52:07.987497
Epoch 898/1000, D_loss=0.688560, reward=-7.889474
Epoch: 898: 2022-04-23 17:52:10.122353
Epoch 899/1000, D_loss=0.687069, reward=-7.891847
Epoch: 899: 2022-04-23 17:52:12.053812
Epoch 900/1000, D_loss=0.687690, reward=-7.890087
Test_MRR=0.397257, Test_MR=281.548510, Test_H@10=0.648830
Epoch: 900: 2022-04-23 17:53:56.402485
Epoch 901/1000, D_loss=0.687172, reward=-7.892807
Epoch: 901: 2022-04-23 17:53:58.335240
Epoch 902/1000, D_loss=0.688255, reward=-7.890821
Epoch: 902: 2022-04-23 17:54:00.266330
Epoch 903/1000, D_loss=0.684375, reward=-7.895575
Epoch: 903: 2022-04-23 17:54:02.198739
Epoch 904/1000, D_loss=0.688535, reward=-7.890493
Epoch: 904: 2022-04-23 17:54:04.130177
Epoch 905/1000, D_loss=0.685892, reward=-7.894611
Epoch: 905: 2022-04-23 17:54:06.064398
Epoch 906/1000, D_loss=0.687502, reward=-7.890108
Epoch: 906: 2022-04-23 17:54:08.281607
Epoch 907/1000, D_loss=0.687084, reward=-7.889668
Epoch: 907: 2022-04-23 17:54:10.483654
Epoch 908/1000, D_loss=0.685362, reward=-7.891914
Epoch: 908: 2022-04-23 17:54:12.662172
Epoch 909/1000, D_loss=0.687519, reward=-7.890109
Epoch: 909: 2022-04-23 17:54:14.867513
Epoch 910/1000, D_loss=0.691048, reward=-7.884098
Test_MRR=0.396849, Test_MR=281.979250, Test_H@10=0.648490
Epoch: 910: 2022-04-23 17:55:56.275178
Epoch 911/1000, D_loss=0.684991, reward=-7.892351
Epoch: 911: 2022-04-23 17:55:58.206945
Epoch 912/1000, D_loss=0.689689, reward=-7.887388
Epoch: 912: 2022-04-23 17:56:00.136363
Epoch 913/1000, D_loss=0.687932, reward=-7.888477
Epoch: 913: 2022-04-23 17:56:02.067244
Epoch 914/1000, D_loss=0.687995, reward=-7.888637
Epoch: 914: 2022-04-23 17:56:03.996630
Epoch 915/1000, D_loss=0.686614, reward=-7.891140
Epoch: 915: 2022-04-23 17:56:05.916410
Epoch 916/1000, D_loss=0.688490, reward=-7.890171
Epoch: 916: 2022-04-23 17:56:08.103271
Epoch 917/1000, D_loss=0.687261, reward=-7.888865
Epoch: 917: 2022-04-23 17:56:10.291045
Epoch 918/1000, D_loss=0.686739, reward=-7.890044
Epoch: 918: 2022-04-23 17:56:12.338754
Epoch 919/1000, D_loss=0.688072, reward=-7.888516
Epoch: 919: 2022-04-23 17:56:14.271143
Epoch 920/1000, D_loss=0.687527, reward=-7.891901
Test_MRR=0.397773, Test_MR=280.609300, Test_H@10=0.649120
Epoch: 920: 2022-04-23 17:57:55.525750
Epoch 921/1000, D_loss=0.687736, reward=-7.890563
Epoch: 921: 2022-04-23 17:57:57.457394
Epoch 922/1000, D_loss=0.688314, reward=-7.889515
Epoch: 922: 2022-04-23 17:57:59.389893
Epoch 923/1000, D_loss=0.688054, reward=-7.890363
Epoch: 923: 2022-04-23 17:58:01.394300
Epoch 924/1000, D_loss=0.690560, reward=-7.886440
Epoch: 924: 2022-04-23 17:58:03.441701
Epoch 925/1000, D_loss=0.686379, reward=-7.893011
Epoch: 925: 2022-04-23 17:58:05.378169
Epoch 926/1000, D_loss=0.689934, reward=-7.886636
Epoch: 926: 2022-04-23 17:58:07.572201
Epoch 927/1000, D_loss=0.690828, reward=-7.886513
Epoch: 927: 2022-04-23 17:58:09.718371
Epoch 928/1000, D_loss=0.687444, reward=-7.889167
Epoch: 928: 2022-04-23 17:58:11.904268
Epoch 929/1000, D_loss=0.687678, reward=-7.889812
Epoch: 929: 2022-04-23 17:58:14.108011
Epoch 930/1000, D_loss=0.687357, reward=-7.889377
Test_MRR=0.397918, Test_MR=280.272630, Test_H@10=0.649800
Epoch: 930: 2022-04-23 17:59:56.947238
Epoch 931/1000, D_loss=0.688466, reward=-7.888386
Epoch: 931: 2022-04-23 17:59:59.025550
Epoch 932/1000, D_loss=0.687564, reward=-7.888291
Epoch: 932: 2022-04-23 18:00:01.029792
Epoch 933/1000, D_loss=0.689168, reward=-7.888641
Epoch: 933: 2022-04-23 18:00:02.964300
Epoch 934/1000, D_loss=0.688710, reward=-7.890558
Epoch: 934: 2022-04-23 18:00:04.885638
Epoch 935/1000, D_loss=0.688178, reward=-7.888802
Epoch: 935: 2022-04-23 18:00:06.822490
Epoch 936/1000, D_loss=0.686002, reward=-7.891789
Epoch: 936: 2022-04-23 18:00:08.830742
Epoch 937/1000, D_loss=0.688677, reward=-7.887836
Epoch: 937: 2022-04-23 18:00:10.763504
Epoch 938/1000, D_loss=0.686252, reward=-7.889106
Epoch: 938: 2022-04-23 18:00:12.969386
Epoch 939/1000, D_loss=0.688484, reward=-7.888040
Epoch: 939: 2022-04-23 18:00:15.137298
Epoch 940/1000, D_loss=0.686469, reward=-7.888763
Test_MRR=0.397870, Test_MR=282.996590, Test_H@10=0.650370
Epoch: 940: 2022-04-23 18:01:56.464145
Epoch 941/1000, D_loss=0.687174, reward=-7.890499
Epoch: 941: 2022-04-23 18:01:58.440772
Epoch 942/1000, D_loss=0.687606, reward=-7.889086
Epoch: 942: 2022-04-23 18:02:00.371338
Epoch 943/1000, D_loss=0.688299, reward=-7.887882
Epoch: 943: 2022-04-23 18:02:02.301074
Epoch 944/1000, D_loss=0.688523, reward=-7.887589
Epoch: 944: 2022-04-23 18:02:04.230580
Epoch 945/1000, D_loss=0.687366, reward=-7.888565
Epoch: 945: 2022-04-23 18:02:06.160232
Epoch 946/1000, D_loss=0.688824, reward=-7.885460
Epoch: 946: 2022-04-23 18:02:08.387943
Epoch 947/1000, D_loss=0.688438, reward=-7.887446
Epoch: 947: 2022-04-23 18:02:10.569155
Epoch 948/1000, D_loss=0.687940, reward=-7.885754
Epoch: 948: 2022-04-23 18:02:12.721386
Epoch 949/1000, D_loss=0.688374, reward=-7.886852
Epoch: 949: 2022-04-23 18:02:14.868617
Epoch 950/1000, D_loss=0.692076, reward=-7.881127
Test_MRR=0.397290, Test_MR=284.961290, Test_H@10=0.651090
Epoch: 950: 2022-04-23 18:04:02.039117
Epoch 951/1000, D_loss=0.686946, reward=-7.889273
Epoch: 951: 2022-04-23 18:04:04.220484
Epoch 952/1000, D_loss=0.688545, reward=-7.887124
Epoch: 952: 2022-04-23 18:04:06.417398
Epoch 953/1000, D_loss=0.690138, reward=-7.880160
Epoch: 953: 2022-04-23 18:04:08.552433
Epoch 954/1000, D_loss=0.690242, reward=-7.882833
Epoch: 954: 2022-04-23 18:04:10.495310
Epoch 955/1000, D_loss=0.688228, reward=-7.883729
Epoch: 955: 2022-04-23 18:04:12.490687
Epoch 956/1000, D_loss=0.688901, reward=-7.883620
Epoch: 956: 2022-04-23 18:04:14.423642
Epoch 957/1000, D_loss=0.690393, reward=-7.882334
Epoch: 957: 2022-04-23 18:04:16.452732
Epoch 958/1000, D_loss=0.688826, reward=-7.882790
Epoch: 958: 2022-04-23 18:04:18.729786
Epoch 959/1000, D_loss=0.687985, reward=-7.883939
Epoch: 959: 2022-04-23 18:04:20.987085
Epoch 960/1000, D_loss=0.688162, reward=-7.885605
Test_MRR=0.399433, Test_MR=279.453860, Test_H@10=0.650150
Epoch: 960: 2022-04-23 18:06:02.753942
Epoch 961/1000, D_loss=0.686710, reward=-7.887953
Epoch: 961: 2022-04-23 18:06:04.762482
Epoch 962/1000, D_loss=0.688322, reward=-7.883798
Epoch: 962: 2022-04-23 18:06:06.691559
Epoch 963/1000, D_loss=0.687791, reward=-7.884349
Epoch: 963: 2022-04-23 18:06:08.623734
Epoch 964/1000, D_loss=0.689002, reward=-7.881591
Epoch: 964: 2022-04-23 18:06:10.556545
Epoch 965/1000, D_loss=0.687585, reward=-7.883420
Epoch: 965: 2022-04-23 18:06:12.564540
Epoch 966/1000, D_loss=0.688444, reward=-7.882272
Epoch: 966: 2022-04-23 18:06:14.497592
Epoch 967/1000, D_loss=0.688297, reward=-7.886597
Epoch: 967: 2022-04-23 18:06:16.435814
Epoch 968/1000, D_loss=0.689427, reward=-7.883574
Epoch: 968: 2022-04-23 18:06:18.368576
Epoch 969/1000, D_loss=0.685732, reward=-7.889916
Epoch: 969: 2022-04-23 18:06:20.368110
Epoch 970/1000, D_loss=0.688985, reward=-7.881775
Test_MRR=0.398755, Test_MR=281.879810, Test_H@10=0.650070
Epoch: 970: 2022-04-23 18:08:01.703506
Epoch 971/1000, D_loss=0.690867, reward=-7.879262
Epoch: 971: 2022-04-23 18:08:03.603234
Epoch 972/1000, D_loss=0.689321, reward=-7.881059
Epoch: 972: 2022-04-23 18:08:05.534697
Epoch 973/1000, D_loss=0.688579, reward=-7.880901
Epoch: 973: 2022-04-23 18:08:07.465229
Epoch 974/1000, D_loss=0.690242, reward=-7.879766
Epoch: 974: 2022-04-23 18:08:09.396899
Epoch 975/1000, D_loss=0.689958, reward=-7.878876
Epoch: 975: 2022-04-23 18:08:11.328677
Epoch 976/1000, D_loss=0.689673, reward=-7.879849
Epoch: 976: 2022-04-23 18:08:13.258008
Epoch 977/1000, D_loss=0.690950, reward=-7.876324
Epoch: 977: 2022-04-23 18:08:15.190887
Epoch 978/1000, D_loss=0.688052, reward=-7.882629
Epoch: 978: 2022-04-23 18:08:17.410564
Epoch 979/1000, D_loss=0.691444, reward=-7.876867
Epoch: 979: 2022-04-23 18:08:19.574262
Epoch 980/1000, D_loss=0.689723, reward=-7.881206
Test_MRR=0.397202, Test_MR=282.113300, Test_H@10=0.651200
Epoch: 980: 2022-04-23 18:10:03.337682
Epoch 981/1000, D_loss=0.688638, reward=-7.879965
Epoch: 981: 2022-04-23 18:10:05.567822
Epoch 982/1000, D_loss=0.689661, reward=-7.878399
Epoch: 982: 2022-04-23 18:10:07.730281
Epoch 983/1000, D_loss=0.689731, reward=-7.879872
Epoch: 983: 2022-04-23 18:10:09.910993
Epoch 984/1000, D_loss=0.688649, reward=-7.881107
Epoch: 984: 2022-04-23 18:10:11.989108
Epoch 985/1000, D_loss=0.689432, reward=-7.882081
Epoch: 985: 2022-04-23 18:10:14.089788
Epoch 986/1000, D_loss=0.690416, reward=-7.880915
Epoch: 986: 2022-04-23 18:10:16.300967
Epoch 987/1000, D_loss=0.687409, reward=-7.882662
Epoch: 987: 2022-04-23 18:10:18.466687
Epoch 988/1000, D_loss=0.689771, reward=-7.882252
Epoch: 988: 2022-04-23 18:10:20.579877
Epoch 989/1000, D_loss=0.689740, reward=-7.878839
Epoch: 989: 2022-04-23 18:10:22.633794
Epoch 990/1000, D_loss=0.690081, reward=-7.877362
Test_MRR=0.398177, Test_MR=280.139110, Test_H@10=0.650300
Epoch: 990: 2022-04-23 18:12:08.985778
Epoch 991/1000, D_loss=0.690104, reward=-7.877865
Epoch: 991: 2022-04-23 18:12:11.090863
Epoch 992/1000, D_loss=0.690574, reward=-7.876609
Epoch: 992: 2022-04-23 18:12:13.292743
Epoch 993/1000, D_loss=0.686473, reward=-7.882135
Epoch: 993: 2022-04-23 18:12:15.496129
Epoch 994/1000, D_loss=0.689800, reward=-7.880218
Epoch: 994: 2022-04-23 18:12:17.703053
Epoch 995/1000, D_loss=0.688592, reward=-7.879261
Epoch: 995: 2022-04-23 18:12:19.872920
Epoch 996/1000, D_loss=0.687768, reward=-7.880544
Epoch: 996: 2022-04-23 18:12:21.880363
Epoch 997/1000, D_loss=0.688123, reward=-7.882289
Epoch: 997: 2022-04-23 18:12:23.879980
Epoch 998/1000, D_loss=0.686696, reward=-7.881701
Epoch: 998: 2022-04-23 18:12:26.136256
Epoch 999/1000, D_loss=0.689874, reward=-7.877928
Epoch: 999: 2022-04-23 18:12:28.381097
Epoch 1000/1000, D_loss=0.689546, reward=-7.876677
Test_MRR=0.399125, Test_MR=281.803470, Test_H@10=0.650450
Best Performance:
Test_MRR=0.398628, Test_MR=284.096917, Test_H@10=0.652300
