pretrain_config=TransE
g_config=ComplEx
d_config=TransE
test_batch_size=50
task.dir=yago3_10
task.type=link
adv.use_pretrained_models=False
adv.n_sample=20
adv.sample_type=original
adv.measure_type=entropy
adv.n_epoch=1000
adv.n_batch=200
adv.epoch_per_test=50
adv.temperature=1.0
TransE.dim=50
TransE.margin=3
TransE.p=1
TransE.n_epoch=1000
TransE.n_batch=200
TransE.epoch_per_test=50
TransE.model_file=transe.mdl
TransD.dim=50
TransD.margin=3
TransD.p=1
TransD.n_epoch=1000
TransD.n_batch=500
TransD.epoch_per_test=50
TransD.model_file=transd.mdl
DistMult.dim=50
DistMult.lam=0.1
DistMult.n_sample=20
DistMult.sample_freq=1
DistMult.n_epoch=1000
DistMult.n_batch=200
DistMult.epoch_per_test=50
DistMult.model_file=distmult.mdl
ComplEx.dim=25
ComplEx.lam=0.1
ComplEx.n_sample=20
ComplEx.sample_freq=1
ComplEx.n_epoch=1000
ComplEx.n_batch=200
ComplEx.epoch_per_test=50
ComplEx.model_file=complex.mdl
log.dump_config=False
log.log_train=True
log.log_config=True
log.dir=./logs
log.log_advtrain_graphs=True
log.log_pretrain_graph=True
log.graph_every_nth_epoch=10
2022-04-26 23:27:49.475934
Test_MRR=0.000086, Test_MR=62167.117824, Test_H@10=0.000000
Epoch: 0: 2022-04-26 23:35:29.156805
Epoch 1/1000, D_loss=2.585621, reward=-9.241735
Epoch: 1: 2022-04-26 23:36:14.023867
Epoch 2/1000, D_loss=1.921298, reward=-8.524792
Epoch: 2: 2022-04-26 23:36:57.342353
Epoch 3/1000, D_loss=1.572906, reward=-8.118482
Epoch: 3: 2022-04-26 23:37:40.380541
Epoch 4/1000, D_loss=1.343717, reward=-7.861482
Epoch: 4: 2022-04-26 23:38:23.913034
Epoch 5/1000, D_loss=1.175619, reward=-7.685229
Epoch: 5: 2022-04-26 23:39:06.183397
Epoch 6/1000, D_loss=1.049371, reward=-7.567325
Epoch: 6: 2022-04-26 23:39:48.359013
Epoch 7/1000, D_loss=0.950982, reward=-7.492502
Epoch: 7: 2022-04-26 23:40:30.343760
Epoch 8/1000, D_loss=0.871267, reward=-7.445616
Epoch: 8: 2022-04-26 23:41:12.231591
Epoch 9/1000, D_loss=0.799098, reward=-7.429318
Epoch: 9: 2022-04-26 23:41:54.132634
Epoch 10/1000, D_loss=0.732025, reward=-7.437931
Epoch: 10: 2022-04-26 23:42:35.787857
Epoch 11/1000, D_loss=0.676193, reward=-7.456145
Epoch: 11: 2022-04-26 23:43:17.596457
Epoch 12/1000, D_loss=0.620360, reward=-7.491759
Epoch: 12: 2022-04-26 23:43:59.345333
Epoch 13/1000, D_loss=0.567961, reward=-7.540983
Epoch: 13: 2022-04-26 23:44:41.066450
Epoch 14/1000, D_loss=0.520271, reward=-7.593774
Epoch: 14: 2022-04-26 23:45:23.183967
Epoch 15/1000, D_loss=0.476720, reward=-7.652361
Epoch: 15: 2022-04-26 23:46:05.246631
Epoch 16/1000, D_loss=0.442137, reward=-7.703471
Epoch: 16: 2022-04-26 23:46:47.331432
Epoch 17/1000, D_loss=0.409123, reward=-7.758984
Epoch: 17: 2022-04-26 23:47:29.230805
Epoch 18/1000, D_loss=0.379475, reward=-7.811926
Epoch: 18: 2022-04-26 23:48:11.201470
Epoch 19/1000, D_loss=0.357140, reward=-7.855882
Epoch: 19: 2022-04-26 23:48:52.761371
Epoch 20/1000, D_loss=0.335363, reward=-7.900731
Epoch: 20: 2022-04-26 23:49:34.995981
Epoch 21/1000, D_loss=0.319058, reward=-7.939417
Epoch: 21: 2022-04-26 23:50:16.945570
Epoch 22/1000, D_loss=0.303481, reward=-7.974054
Epoch: 22: 2022-04-26 23:50:58.582814
Epoch 23/1000, D_loss=0.290424, reward=-8.007072
Epoch: 23: 2022-04-26 23:51:40.781880
Epoch 24/1000, D_loss=0.275382, reward=-8.041758
Epoch: 24: 2022-04-26 23:52:22.940163
Epoch 25/1000, D_loss=0.265734, reward=-8.066859
Epoch: 25: 2022-04-26 23:53:04.734223
Epoch 26/1000, D_loss=0.256065, reward=-8.093372
Epoch: 26: 2022-04-26 23:53:46.656604
Epoch 27/1000, D_loss=0.245911, reward=-8.117973
Epoch: 27: 2022-04-26 23:54:28.621702
Epoch 28/1000, D_loss=0.236779, reward=-8.142138
Epoch: 28: 2022-04-26 23:55:10.549914
Epoch 29/1000, D_loss=0.229864, reward=-8.160331
Epoch: 29: 2022-04-26 23:55:52.261632
Epoch 30/1000, D_loss=0.224104, reward=-8.175866
Epoch: 30: 2022-04-26 23:56:34.163938
Epoch 31/1000, D_loss=0.218637, reward=-8.189040
Epoch: 31: 2022-04-26 23:57:17.027980
Epoch 32/1000, D_loss=0.214687, reward=-8.199568
Epoch: 32: 2022-04-26 23:57:58.912637
Epoch 33/1000, D_loss=0.212737, reward=-8.204747
Epoch: 33: 2022-04-26 23:58:40.721347
Epoch 34/1000, D_loss=0.211822, reward=-8.206613
Epoch: 34: 2022-04-26 23:59:22.973415
Epoch 35/1000, D_loss=0.212450, reward=-8.202388
Epoch: 35: 2022-04-27 00:00:04.855374
Epoch 36/1000, D_loss=0.215047, reward=-8.191043
Epoch: 36: 2022-04-27 00:00:46.820232
Epoch 37/1000, D_loss=0.218516, reward=-8.175821
Epoch: 37: 2022-04-27 00:01:29.059959
Epoch 38/1000, D_loss=0.223410, reward=-8.155351
Epoch: 38: 2022-04-27 00:02:11.179280
Epoch 39/1000, D_loss=0.226560, reward=-8.135373
Epoch: 39: 2022-04-27 00:02:53.033213
Epoch 40/1000, D_loss=0.229366, reward=-8.113862
Epoch: 40: 2022-04-27 00:03:34.643296
Epoch 41/1000, D_loss=0.231527, reward=-8.091763
Epoch: 41: 2022-04-27 00:04:16.332578
Epoch 42/1000, D_loss=0.233668, reward=-8.073424
Epoch: 42: 2022-04-27 00:04:57.944139
Epoch 43/1000, D_loss=0.233893, reward=-8.059560
Epoch: 43: 2022-04-27 00:05:40.047231
Epoch 44/1000, D_loss=0.233679, reward=-8.048968
Epoch: 44: 2022-04-27 00:06:22.272065
Epoch 45/1000, D_loss=0.233583, reward=-8.037485
Epoch: 45: 2022-04-27 00:07:04.099057
Epoch 46/1000, D_loss=0.233107, reward=-8.029105
Epoch: 46: 2022-04-27 00:07:45.891334
Epoch 47/1000, D_loss=0.232142, reward=-8.024777
Epoch: 47: 2022-04-27 00:08:27.622210
Epoch 48/1000, D_loss=0.231293, reward=-8.017712
Epoch: 48: 2022-04-27 00:09:10.366953
Epoch 49/1000, D_loss=0.229907, reward=-8.013109
Epoch: 49: 2022-04-27 00:09:52.498308
Epoch 50/1000, D_loss=0.229473, reward=-8.010399
Test_MRR=0.105926, Test_MR=1674.446665, Test_H@10=0.211732
Epoch: 50: 2022-04-27 00:16:52.290315
Epoch 51/1000, D_loss=0.229098, reward=-8.005658
Epoch: 51: 2022-04-27 00:17:35.318928
Epoch 52/1000, D_loss=0.228715, reward=-8.002433
Epoch: 52: 2022-04-27 00:18:17.641210
Epoch 53/1000, D_loss=0.228704, reward=-8.001273
Epoch: 53: 2022-04-27 00:18:59.733952
Epoch 54/1000, D_loss=0.226873, reward=-8.003666
Epoch: 54: 2022-04-27 00:19:42.100868
Epoch 55/1000, D_loss=0.228138, reward=-8.001186
Epoch: 55: 2022-04-27 00:20:23.802894
Epoch 56/1000, D_loss=0.227069, reward=-7.999238
Epoch: 56: 2022-04-27 00:21:05.531439
Epoch 57/1000, D_loss=0.225848, reward=-8.001691
Epoch: 57: 2022-04-27 00:21:47.719155
Epoch 58/1000, D_loss=0.226783, reward=-8.000049
Epoch: 58: 2022-04-27 00:22:29.534626
Epoch 59/1000, D_loss=0.226406, reward=-8.001698
Epoch: 59: 2022-04-27 00:23:11.288697
Epoch 60/1000, D_loss=0.227150, reward=-8.000833
Epoch: 60: 2022-04-27 00:23:53.434304
Epoch 61/1000, D_loss=0.226629, reward=-8.002105
Epoch: 61: 2022-04-27 00:24:35.427959
Epoch 62/1000, D_loss=0.226380, reward=-8.001392
Epoch: 62: 2022-04-27 00:25:17.570214
Epoch 63/1000, D_loss=0.225922, reward=-8.003716
Epoch: 63: 2022-04-27 00:25:59.489710
Epoch 64/1000, D_loss=0.226723, reward=-8.004334
Epoch: 64: 2022-04-27 00:26:41.432326
Epoch 65/1000, D_loss=0.226436, reward=-8.005653
Epoch: 65: 2022-04-27 00:27:23.353311
Epoch 66/1000, D_loss=0.227255, reward=-8.006680
Epoch: 66: 2022-04-27 00:28:05.918546
Epoch 67/1000, D_loss=0.227625, reward=-8.006972
Epoch: 67: 2022-04-27 00:28:49.537797
Epoch 68/1000, D_loss=0.229342, reward=-8.004156
Epoch: 68: 2022-04-27 00:29:31.686765
Epoch 69/1000, D_loss=0.229838, reward=-8.005282
Epoch: 69: 2022-04-27 00:30:14.073864
Epoch 70/1000, D_loss=0.231190, reward=-8.003993
Epoch: 70: 2022-04-27 00:30:56.806173
Epoch 71/1000, D_loss=0.232782, reward=-8.005061
Epoch: 71: 2022-04-27 00:31:38.667088
Epoch 72/1000, D_loss=0.233238, reward=-8.003633
Epoch: 72: 2022-04-27 00:32:20.968181
Epoch 73/1000, D_loss=0.235022, reward=-8.003762
Epoch: 73: 2022-04-27 00:33:03.650737
Epoch 74/1000, D_loss=0.238083, reward=-7.998642
Epoch: 74: 2022-04-27 00:33:45.649503
Epoch 75/1000, D_loss=0.240707, reward=-7.995227
Epoch: 75: 2022-04-27 00:34:28.519309
Epoch 76/1000, D_loss=0.241748, reward=-7.997690
Epoch: 76: 2022-04-27 00:35:11.083309
Epoch 77/1000, D_loss=0.243501, reward=-7.995744
Epoch: 77: 2022-04-27 00:35:53.500273
Epoch 78/1000, D_loss=0.245682, reward=-7.993227
Epoch: 78: 2022-04-27 00:36:35.980434
Epoch 79/1000, D_loss=0.247984, reward=-7.992666
Epoch: 79: 2022-04-27 00:37:17.865534
Epoch 80/1000, D_loss=0.248509, reward=-7.991813
Epoch: 80: 2022-04-27 00:38:00.689989
Epoch 81/1000, D_loss=0.250594, reward=-7.991093
Epoch: 81: 2022-04-27 00:38:43.256630
Epoch 82/1000, D_loss=0.252816, reward=-7.986668
Epoch: 82: 2022-04-27 00:39:25.668284
Epoch 83/1000, D_loss=0.255762, reward=-7.985991
Epoch: 83: 2022-04-27 00:40:07.473171
Epoch 84/1000, D_loss=0.256296, reward=-7.986730
Epoch: 84: 2022-04-27 00:40:49.431692
Epoch 85/1000, D_loss=0.255933, reward=-7.987598
Epoch: 85: 2022-04-27 00:41:31.296866
Epoch 86/1000, D_loss=0.258920, reward=-7.986367
Epoch: 86: 2022-04-27 00:42:13.169818
Epoch 87/1000, D_loss=0.259711, reward=-7.987640
Epoch: 87: 2022-04-27 00:42:54.975199
Epoch 88/1000, D_loss=0.259692, reward=-7.990506
Epoch: 88: 2022-04-27 00:43:37.078816
Epoch 89/1000, D_loss=0.260888, reward=-7.991219
Epoch: 89: 2022-04-27 00:44:18.858053
Epoch 90/1000, D_loss=0.262026, reward=-7.990037
Epoch: 90: 2022-04-27 00:45:00.858326
Epoch 91/1000, D_loss=0.263869, reward=-7.990834
Epoch: 91: 2022-04-27 00:45:42.844550
Epoch 92/1000, D_loss=0.263609, reward=-7.994658
Epoch: 92: 2022-04-27 00:46:24.973291
Epoch 93/1000, D_loss=0.264232, reward=-7.995797
Epoch: 93: 2022-04-27 00:47:07.070401
Epoch 94/1000, D_loss=0.266039, reward=-7.995343
Epoch: 94: 2022-04-27 00:47:48.856996
Epoch 95/1000, D_loss=0.263817, reward=-7.999712
Epoch: 95: 2022-04-27 00:48:30.718546
Epoch 96/1000, D_loss=0.264582, reward=-8.001243
Epoch: 96: 2022-04-27 00:49:12.704613
Epoch 97/1000, D_loss=0.265661, reward=-8.001690
Epoch: 97: 2022-04-27 00:49:55.018464
Epoch 98/1000, D_loss=0.266452, reward=-8.003512
Epoch: 98: 2022-04-27 00:50:37.122184
Epoch 99/1000, D_loss=0.266854, reward=-8.004612
Epoch: 99: 2022-04-27 00:51:18.944846
Epoch 100/1000, D_loss=0.266893, reward=-8.006949
Test_MRR=0.107182, Test_MR=1642.548915, Test_H@10=0.234231
Epoch: 100: 2022-04-27 00:58:22.318327
Epoch 101/1000, D_loss=0.266803, reward=-8.008609
Epoch: 101: 2022-04-27 00:59:04.613683
Epoch 102/1000, D_loss=0.266875, reward=-8.011700
Epoch: 102: 2022-04-27 00:59:47.010810
Epoch 103/1000, D_loss=0.267486, reward=-8.011353
Epoch: 103: 2022-04-27 01:00:29.430047
Epoch 104/1000, D_loss=0.268043, reward=-8.013218
Epoch: 104: 2022-04-27 01:01:11.967514
Epoch 105/1000, D_loss=0.267418, reward=-8.016113
Epoch: 105: 2022-04-27 01:01:53.923545
Epoch 106/1000, D_loss=0.268190, reward=-8.016831
Epoch: 106: 2022-04-27 01:02:36.375320
Epoch 107/1000, D_loss=0.267981, reward=-8.019684
Epoch: 107: 2022-04-27 01:03:18.271709
Epoch 108/1000, D_loss=0.269121, reward=-8.018012
Epoch: 108: 2022-04-27 01:04:00.778871
Epoch 109/1000, D_loss=0.270412, reward=-8.020195
Epoch: 109: 2022-04-27 01:04:42.934674
Epoch 110/1000, D_loss=0.270362, reward=-8.022903
Epoch: 110: 2022-04-27 01:05:25.436695
Epoch 111/1000, D_loss=0.270254, reward=-8.024184
Epoch: 111: 2022-04-27 01:06:07.446800
Epoch 112/1000, D_loss=0.271728, reward=-8.025218
Epoch: 112: 2022-04-27 01:06:49.479776
Epoch 113/1000, D_loss=0.271165, reward=-8.026367
Epoch: 113: 2022-04-27 01:07:31.276367
Epoch 114/1000, D_loss=0.272418, reward=-8.028494
Epoch: 114: 2022-04-27 01:08:13.201813
Epoch 115/1000, D_loss=0.271968, reward=-8.028953
Epoch: 115: 2022-04-27 01:08:55.074280
Epoch 116/1000, D_loss=0.272432, reward=-8.032417
Epoch: 116: 2022-04-27 01:09:37.071811
Epoch 117/1000, D_loss=0.273090, reward=-8.032354
Epoch: 117: 2022-04-27 01:10:19.173964
Epoch 118/1000, D_loss=0.273289, reward=-8.033198
Epoch: 118: 2022-04-27 01:11:01.238065
Epoch 119/1000, D_loss=0.273902, reward=-8.035509
Epoch: 119: 2022-04-27 01:11:43.059705
Epoch 120/1000, D_loss=0.274620, reward=-8.035353
Epoch: 120: 2022-04-27 01:12:24.990375
Epoch 121/1000, D_loss=0.276348, reward=-8.035558
Epoch: 121: 2022-04-27 01:13:07.082013
Epoch 122/1000, D_loss=0.275468, reward=-8.038550
Epoch: 122: 2022-04-27 01:13:48.795461
Epoch 123/1000, D_loss=0.277363, reward=-8.035998
Epoch: 123: 2022-04-27 01:14:31.004227
Epoch 124/1000, D_loss=0.275395, reward=-8.042248
Epoch: 124: 2022-04-27 01:15:13.093394
Epoch 125/1000, D_loss=0.277018, reward=-8.041710
Epoch: 125: 2022-04-27 01:15:55.252172
Epoch 126/1000, D_loss=0.278144, reward=-8.042119
Epoch: 126: 2022-04-27 01:16:36.974048
Epoch 127/1000, D_loss=0.278745, reward=-8.042121
Epoch: 127: 2022-04-27 01:17:19.224994
Epoch 128/1000, D_loss=0.279663, reward=-8.042969
Epoch: 128: 2022-04-27 01:18:01.087897
Epoch 129/1000, D_loss=0.279025, reward=-8.042985
Epoch: 129: 2022-04-27 01:18:43.015455
Epoch 130/1000, D_loss=0.280888, reward=-8.044571
Epoch: 130: 2022-04-27 01:19:24.825371
Epoch 131/1000, D_loss=0.281106, reward=-8.046185
Epoch: 131: 2022-04-27 01:20:07.817560
Epoch 132/1000, D_loss=0.282170, reward=-8.047284
Epoch: 132: 2022-04-27 01:20:50.426120
Epoch 133/1000, D_loss=0.283324, reward=-8.046396
Epoch: 133: 2022-04-27 01:21:32.954273
Epoch 134/1000, D_loss=0.284358, reward=-8.047272
Epoch: 134: 2022-04-27 01:22:15.272674
Epoch 135/1000, D_loss=0.283698, reward=-8.048319
Epoch: 135: 2022-04-27 01:22:57.224544
Epoch 136/1000, D_loss=0.284885, reward=-8.049013
Epoch: 136: 2022-04-27 01:23:39.337667
Epoch 137/1000, D_loss=0.286066, reward=-8.048709
Epoch: 137: 2022-04-27 01:24:21.655575
Epoch 138/1000, D_loss=0.287135, reward=-8.046647
Epoch: 138: 2022-04-27 01:25:03.924733
Epoch 139/1000, D_loss=0.285787, reward=-8.051416
Epoch: 139: 2022-04-27 01:25:46.069482
Epoch 140/1000, D_loss=0.287118, reward=-8.049380
Epoch: 140: 2022-04-27 01:26:28.017037
Epoch 141/1000, D_loss=0.287312, reward=-8.051242
Epoch: 141: 2022-04-27 01:27:10.309938
Epoch 142/1000, D_loss=0.288547, reward=-8.052032
Epoch: 142: 2022-04-27 01:27:52.407477
Epoch 143/1000, D_loss=0.289691, reward=-8.049739
Epoch: 143: 2022-04-27 01:28:35.146602
Epoch 144/1000, D_loss=0.291148, reward=-8.052228
Epoch: 144: 2022-04-27 01:29:18.484755
Epoch 145/1000, D_loss=0.291565, reward=-8.053021
Epoch: 145: 2022-04-27 01:30:01.420949
Epoch 146/1000, D_loss=0.292283, reward=-8.052426
Epoch: 146: 2022-04-27 01:30:44.407321
Epoch 147/1000, D_loss=0.293180, reward=-8.053191
Epoch: 147: 2022-04-27 01:31:26.834416
Epoch 148/1000, D_loss=0.292975, reward=-8.054386
Epoch: 148: 2022-04-27 01:32:10.916752
Epoch 149/1000, D_loss=0.294497, reward=-8.054517
Epoch: 149: 2022-04-27 01:32:53.411504
Epoch 150/1000, D_loss=0.296455, reward=-8.053595
Test_MRR=0.120843, Test_MR=2307.042688, Test_H@10=0.261752
Epoch: 150: 2022-04-27 01:39:59.349961
Epoch 151/1000, D_loss=0.296602, reward=-8.052168
Epoch: 151: 2022-04-27 01:40:41.969087
Epoch 152/1000, D_loss=0.297465, reward=-8.053927
Epoch: 152: 2022-04-27 01:41:24.670904
Epoch 153/1000, D_loss=0.298063, reward=-8.053425
Epoch: 153: 2022-04-27 01:42:06.708965
Epoch 154/1000, D_loss=0.297711, reward=-8.055720
Epoch: 154: 2022-04-27 01:42:49.270172
Epoch 155/1000, D_loss=0.299231, reward=-8.054934
Epoch: 155: 2022-04-27 01:43:31.475827
Epoch 156/1000, D_loss=0.299158, reward=-8.056816
Epoch: 156: 2022-04-27 01:44:13.404620
Epoch 157/1000, D_loss=0.299952, reward=-8.056591
Epoch: 157: 2022-04-27 01:44:55.852109
Epoch 158/1000, D_loss=0.301162, reward=-8.057236
Epoch: 158: 2022-04-27 01:45:38.656797
Epoch 159/1000, D_loss=0.301215, reward=-8.057511
Epoch: 159: 2022-04-27 01:46:20.975264
Epoch 160/1000, D_loss=0.302593, reward=-8.058001
Epoch: 160: 2022-04-27 01:47:03.302111
Epoch 161/1000, D_loss=0.302968, reward=-8.057917
Epoch: 161: 2022-04-27 01:47:45.178983
Epoch 162/1000, D_loss=0.303588, reward=-8.058082
Epoch: 162: 2022-04-27 01:48:27.075205
Epoch 163/1000, D_loss=0.304184, reward=-8.058231
Epoch: 163: 2022-04-27 01:49:09.001747
Epoch 164/1000, D_loss=0.304980, reward=-8.057179
Epoch: 164: 2022-04-27 01:49:51.918393
Epoch 165/1000, D_loss=0.304142, reward=-8.061902
Epoch: 165: 2022-04-27 01:50:34.258431
Epoch 166/1000, D_loss=0.304800, reward=-8.061458
Epoch: 166: 2022-04-27 01:51:16.647332
Epoch 167/1000, D_loss=0.306234, reward=-8.059440
Epoch: 167: 2022-04-27 01:51:58.515097
Epoch 168/1000, D_loss=0.307249, reward=-8.060108
Epoch: 168: 2022-04-27 01:52:40.448380
Epoch 169/1000, D_loss=0.307055, reward=-8.061301
Epoch: 169: 2022-04-27 01:53:22.467518
Epoch 170/1000, D_loss=0.307772, reward=-8.060054
Epoch: 170: 2022-04-27 01:54:04.367866
Epoch 171/1000, D_loss=0.308947, reward=-8.060651
Epoch: 171: 2022-04-27 01:54:46.280467
Epoch 172/1000, D_loss=0.308528, reward=-8.062751
Epoch: 172: 2022-04-27 01:55:28.212393
Epoch 173/1000, D_loss=0.309350, reward=-8.061868
Epoch: 173: 2022-04-27 01:56:10.086560
Epoch 174/1000, D_loss=0.310614, reward=-8.060404
Epoch: 174: 2022-04-27 01:56:52.009458
Epoch 175/1000, D_loss=0.310595, reward=-8.061653
Epoch: 175: 2022-04-27 01:57:34.335328
Epoch 176/1000, D_loss=0.311579, reward=-8.061440
Epoch: 176: 2022-04-27 01:58:16.278697
Epoch 177/1000, D_loss=0.310993, reward=-8.062846
Epoch: 177: 2022-04-27 01:58:58.567828
Epoch 178/1000, D_loss=0.311841, reward=-8.061704
Epoch: 178: 2022-04-27 01:59:40.625273
Epoch 179/1000, D_loss=0.311944, reward=-8.063850
Epoch: 179: 2022-04-27 02:00:22.660602
Epoch 180/1000, D_loss=0.312650, reward=-8.062084
Epoch: 180: 2022-04-27 02:01:04.895037
Epoch 181/1000, D_loss=0.314328, reward=-8.061154
Epoch: 181: 2022-04-27 02:01:46.896219
Epoch 182/1000, D_loss=0.314539, reward=-8.063182
Epoch: 182: 2022-04-27 02:02:29.244461
Epoch 183/1000, D_loss=0.313670, reward=-8.063532
Epoch: 183: 2022-04-27 02:03:11.697489
Epoch 184/1000, D_loss=0.314696, reward=-8.063143
Epoch: 184: 2022-04-27 02:03:53.794090
Epoch 185/1000, D_loss=0.314712, reward=-8.064342
Epoch: 185: 2022-04-27 02:04:35.723890
Epoch 186/1000, D_loss=0.315716, reward=-8.064402
Epoch: 186: 2022-04-27 02:05:18.207296
Epoch 187/1000, D_loss=0.316516, reward=-8.063840
Epoch: 187: 2022-04-27 02:06:00.122703
Epoch 188/1000, D_loss=0.317083, reward=-8.064864
Epoch: 188: 2022-04-27 02:06:42.391625
Epoch 189/1000, D_loss=0.316372, reward=-8.066492
Epoch: 189: 2022-04-27 02:07:24.276233
Epoch 190/1000, D_loss=0.317029, reward=-8.064890
Epoch: 190: 2022-04-27 02:08:06.745217
Epoch 191/1000, D_loss=0.316529, reward=-8.068117
Epoch: 191: 2022-04-27 02:08:48.912723
Epoch 192/1000, D_loss=0.317797, reward=-8.066620
Epoch: 192: 2022-04-27 02:09:31.644290
Epoch 193/1000, D_loss=0.318447, reward=-8.066615
Epoch: 193: 2022-04-27 02:10:13.991591
Epoch 194/1000, D_loss=0.318632, reward=-8.065840
Epoch: 194: 2022-04-27 02:10:56.008726
Epoch 195/1000, D_loss=0.319607, reward=-8.065950
Epoch: 195: 2022-04-27 02:11:38.705637
Epoch 196/1000, D_loss=0.318995, reward=-8.067557
Epoch: 196: 2022-04-27 02:12:20.908958
Epoch 197/1000, D_loss=0.320334, reward=-8.066040
Epoch: 197: 2022-04-27 02:13:03.576975
Epoch 198/1000, D_loss=0.319927, reward=-8.067228
Epoch: 198: 2022-04-27 02:13:46.112431
Epoch 199/1000, D_loss=0.320543, reward=-8.067231
Epoch: 199: 2022-04-27 02:14:28.532987
Epoch 200/1000, D_loss=0.322807, reward=-8.064371
Test_MRR=0.129204, Test_MR=2618.559361, Test_H@10=0.280133
Epoch: 200: 2022-04-27 02:21:19.898412
Epoch 201/1000, D_loss=0.321474, reward=-8.067764
Epoch: 201: 2022-04-27 02:22:02.327360
Epoch 202/1000, D_loss=0.321446, reward=-8.066283
Epoch: 202: 2022-04-27 02:22:44.709990
Epoch 203/1000, D_loss=0.320857, reward=-8.068692
Epoch: 203: 2022-04-27 02:23:26.843019
Epoch 204/1000, D_loss=0.321593, reward=-8.070206
Epoch: 204: 2022-04-27 02:24:08.899363
Epoch 205/1000, D_loss=0.323002, reward=-8.067746
Epoch: 205: 2022-04-27 02:24:51.110292
Epoch 206/1000, D_loss=0.323275, reward=-8.068019
Epoch: 206: 2022-04-27 02:25:33.191752
Epoch 207/1000, D_loss=0.323767, reward=-8.067307
Epoch: 207: 2022-04-27 02:26:15.260807
Epoch 208/1000, D_loss=0.323115, reward=-8.068300
Epoch: 208: 2022-04-27 02:26:57.407133
Epoch 209/1000, D_loss=0.323888, reward=-8.067200
Epoch: 209: 2022-04-27 02:27:39.995772
Epoch 210/1000, D_loss=0.324390, reward=-8.066735
Epoch: 210: 2022-04-27 02:28:22.791771
Epoch 211/1000, D_loss=0.325834, reward=-8.065332
Epoch: 211: 2022-04-27 02:29:04.974054
Epoch 212/1000, D_loss=0.325276, reward=-8.066980
Epoch: 212: 2022-04-27 02:29:48.411879
Epoch 213/1000, D_loss=0.325138, reward=-8.068417
Epoch: 213: 2022-04-27 02:30:30.851409
Epoch 214/1000, D_loss=0.324738, reward=-8.069728
Epoch: 214: 2022-04-27 02:31:13.227622
Epoch 215/1000, D_loss=0.327010, reward=-8.066774
Epoch: 215: 2022-04-27 02:31:55.395990
Epoch 216/1000, D_loss=0.325202, reward=-8.069962
Epoch: 216: 2022-04-27 02:32:38.185830
Epoch 217/1000, D_loss=0.326765, reward=-8.067665
Epoch: 217: 2022-04-27 02:33:20.837346
Epoch 218/1000, D_loss=0.328020, reward=-8.066876
Epoch: 218: 2022-04-27 02:34:03.657929
Epoch 219/1000, D_loss=0.326317, reward=-8.068427
Epoch: 219: 2022-04-27 02:34:46.400247
Epoch 220/1000, D_loss=0.328681, reward=-8.064612
Epoch: 220: 2022-04-27 02:35:28.718378
Epoch 221/1000, D_loss=0.328296, reward=-8.066325
Epoch: 221: 2022-04-27 02:36:10.809363
Epoch 222/1000, D_loss=0.328066, reward=-8.068407
Epoch: 222: 2022-04-27 02:36:52.924337
Epoch 223/1000, D_loss=0.329223, reward=-8.066839
Epoch: 223: 2022-04-27 02:37:35.808542
Epoch 224/1000, D_loss=0.329124, reward=-8.065801
Epoch: 224: 2022-04-27 02:38:17.894597
Epoch 225/1000, D_loss=0.329870, reward=-8.065897
Epoch: 225: 2022-04-27 02:38:59.417581
Epoch 226/1000, D_loss=0.329912, reward=-8.066684
Epoch: 226: 2022-04-27 02:39:41.248610
Epoch 227/1000, D_loss=0.331014, reward=-8.065184
Epoch: 227: 2022-04-27 02:40:23.630792
Epoch 228/1000, D_loss=0.330482, reward=-8.067482
Epoch: 228: 2022-04-27 02:41:05.479506
Epoch 229/1000, D_loss=0.330135, reward=-8.068851
Epoch: 229: 2022-04-27 02:41:47.441009
Epoch 230/1000, D_loss=0.330947, reward=-8.066951
Epoch: 230: 2022-04-27 02:42:29.297335
Epoch 231/1000, D_loss=0.332589, reward=-8.063978
Epoch: 231: 2022-04-27 02:43:11.150756
Epoch 232/1000, D_loss=0.331017, reward=-8.067118
Epoch: 232: 2022-04-27 02:43:53.242197
Epoch 233/1000, D_loss=0.332280, reward=-8.066033
Epoch: 233: 2022-04-27 02:44:35.494147
Epoch 234/1000, D_loss=0.332106, reward=-8.067428
Epoch: 234: 2022-04-27 02:45:18.369877
Epoch 235/1000, D_loss=0.332637, reward=-8.066677
Epoch: 235: 2022-04-27 02:46:00.383528
Epoch 236/1000, D_loss=0.331334, reward=-8.067691
Epoch: 236: 2022-04-27 02:46:42.325380
Epoch 237/1000, D_loss=0.333865, reward=-8.064872
Epoch: 237: 2022-04-27 02:47:24.324484
Epoch 238/1000, D_loss=0.333343, reward=-8.066608
Epoch: 238: 2022-04-27 02:48:06.380965
Epoch 239/1000, D_loss=0.333166, reward=-8.067593
Epoch: 239: 2022-04-27 02:48:48.623182
Epoch 240/1000, D_loss=0.332261, reward=-8.068308
Epoch: 240: 2022-04-27 02:49:30.603326
Epoch 241/1000, D_loss=0.333352, reward=-8.067706
Epoch: 241: 2022-04-27 02:50:12.880703
Epoch 242/1000, D_loss=0.333915, reward=-8.066722
Epoch: 242: 2022-04-27 02:50:54.779073
Epoch 243/1000, D_loss=0.334495, reward=-8.066261
Epoch: 243: 2022-04-27 02:51:36.917209
Epoch 244/1000, D_loss=0.334761, reward=-8.065203
Epoch: 244: 2022-04-27 02:52:19.699865
Epoch 245/1000, D_loss=0.334199, reward=-8.067427
Epoch: 245: 2022-04-27 02:53:01.961891
Epoch 246/1000, D_loss=0.335883, reward=-8.065427
Epoch: 246: 2022-04-27 02:53:44.014002
Epoch 247/1000, D_loss=0.334899, reward=-8.065499
Epoch: 247: 2022-04-27 02:54:26.035783
Epoch 248/1000, D_loss=0.335982, reward=-8.065095
Epoch: 248: 2022-04-27 02:55:08.009207
Epoch 249/1000, D_loss=0.335427, reward=-8.068148
Epoch: 249: 2022-04-27 02:55:50.370626
Epoch 250/1000, D_loss=0.335698, reward=-8.066757
Test_MRR=0.134188, Test_MR=2782.081559, Test_H@10=0.298815
Epoch: 250: 2022-04-27 03:02:43.848016
Epoch 251/1000, D_loss=0.336470, reward=-8.065681
Epoch: 251: 2022-04-27 03:03:25.889440
Epoch 252/1000, D_loss=0.336142, reward=-8.066352
Epoch: 252: 2022-04-27 03:04:08.435128
Epoch 253/1000, D_loss=0.336547, reward=-8.065489
Epoch: 253: 2022-04-27 03:04:50.805617
Epoch 254/1000, D_loss=0.337521, reward=-8.064753
Epoch: 254: 2022-04-27 03:05:33.327576
Epoch 255/1000, D_loss=0.337605, reward=-8.065115
Epoch: 255: 2022-04-27 03:06:15.450352
Epoch 256/1000, D_loss=0.336697, reward=-8.066363
Epoch: 256: 2022-04-27 03:06:57.374162
Epoch 257/1000, D_loss=0.337391, reward=-8.063395
Epoch: 257: 2022-04-27 03:07:39.549946
Epoch 258/1000, D_loss=0.339150, reward=-8.059908
Epoch: 258: 2022-04-27 03:08:21.970200
Epoch 259/1000, D_loss=0.337470, reward=-8.064913
Epoch: 259: 2022-04-27 03:09:04.160723
Epoch 260/1000, D_loss=0.339130, reward=-8.062069
Epoch: 260: 2022-04-27 03:09:46.436535
Epoch 261/1000, D_loss=0.337424, reward=-8.064476
Epoch: 261: 2022-04-27 03:10:28.700692
Epoch 262/1000, D_loss=0.339215, reward=-8.061655
Epoch: 262: 2022-04-27 03:11:11.339876
Epoch 263/1000, D_loss=0.339058, reward=-8.062176
Epoch: 263: 2022-04-27 03:11:54.325990
Epoch 264/1000, D_loss=0.339313, reward=-8.060965
Epoch: 264: 2022-04-27 03:12:37.144599
Epoch 265/1000, D_loss=0.340143, reward=-8.061577
Epoch: 265: 2022-04-27 03:13:19.431353
Epoch 266/1000, D_loss=0.340115, reward=-8.061030
Epoch: 266: 2022-04-27 03:14:01.500591
Epoch 267/1000, D_loss=0.339431, reward=-8.062506
Epoch: 267: 2022-04-27 03:14:43.636253
Epoch 268/1000, D_loss=0.340774, reward=-8.059838
Epoch: 268: 2022-04-27 03:15:26.654615
Epoch 269/1000, D_loss=0.340326, reward=-8.060507
Epoch: 269: 2022-04-27 03:16:08.874578
Epoch 270/1000, D_loss=0.341786, reward=-8.059440
Epoch: 270: 2022-04-27 03:16:51.156322
Epoch 271/1000, D_loss=0.340459, reward=-8.060870
Epoch: 271: 2022-04-27 03:17:33.557595
Epoch 272/1000, D_loss=0.341131, reward=-8.059072
Epoch: 272: 2022-04-27 03:18:15.772556
Epoch 273/1000, D_loss=0.341900, reward=-8.059553
Epoch: 273: 2022-04-27 03:18:57.958404
Epoch 274/1000, D_loss=0.341170, reward=-8.061382
Epoch: 274: 2022-04-27 03:19:41.104221
Epoch 275/1000, D_loss=0.340767, reward=-8.060140
Epoch: 275: 2022-04-27 03:20:23.576231
Epoch 276/1000, D_loss=0.342364, reward=-8.059524
Epoch: 276: 2022-04-27 03:21:06.094825
Epoch 277/1000, D_loss=0.342090, reward=-8.059166
Epoch: 277: 2022-04-27 03:21:49.144100
Epoch 278/1000, D_loss=0.341861, reward=-8.059645
Epoch: 278: 2022-04-27 03:22:31.685285
Epoch 279/1000, D_loss=0.342443, reward=-8.058774
Epoch: 279: 2022-04-27 03:23:13.867874
Epoch 280/1000, D_loss=0.344333, reward=-8.055924
Epoch: 280: 2022-04-27 03:23:56.240471
Epoch 281/1000, D_loss=0.343346, reward=-8.056780
Epoch: 281: 2022-04-27 03:24:38.507328
Epoch 282/1000, D_loss=0.342960, reward=-8.057240
Epoch: 282: 2022-04-27 03:25:21.095550
Epoch 283/1000, D_loss=0.344476, reward=-8.056522
Epoch: 283: 2022-04-27 03:26:03.172992
Epoch 284/1000, D_loss=0.344670, reward=-8.055721
Epoch: 284: 2022-04-27 03:26:45.403776
Epoch 285/1000, D_loss=0.343813, reward=-8.058146
Epoch: 285: 2022-04-27 03:27:27.807952
Epoch 286/1000, D_loss=0.343388, reward=-8.059047
Epoch: 286: 2022-04-27 03:28:10.313472
Epoch 287/1000, D_loss=0.345061, reward=-8.056349
Epoch: 287: 2022-04-27 03:28:53.572595
Epoch 288/1000, D_loss=0.344884, reward=-8.056937
Epoch: 288: 2022-04-27 03:29:36.916598
Epoch 289/1000, D_loss=0.344654, reward=-8.056555
Epoch: 289: 2022-04-27 03:30:19.726936
Epoch 290/1000, D_loss=0.344433, reward=-8.056273
Epoch: 290: 2022-04-27 03:31:02.965886
Epoch 291/1000, D_loss=0.344185, reward=-8.057201
Epoch: 291: 2022-04-27 03:31:47.337357
Epoch 292/1000, D_loss=0.346347, reward=-8.054695
Epoch: 292: 2022-04-27 03:32:30.750153
Epoch 293/1000, D_loss=0.345557, reward=-8.054700
Epoch: 293: 2022-04-27 03:33:13.498782
Epoch 294/1000, D_loss=0.346635, reward=-8.053380
Epoch: 294: 2022-04-27 03:33:55.855702
Epoch 295/1000, D_loss=0.346228, reward=-8.054440
Epoch: 295: 2022-04-27 03:34:38.464332
Epoch 296/1000, D_loss=0.347207, reward=-8.052502
Epoch: 296: 2022-04-27 03:35:20.884462
Epoch 297/1000, D_loss=0.345509, reward=-8.054545
Epoch: 297: 2022-04-27 03:36:03.098044
Epoch 298/1000, D_loss=0.347866, reward=-8.052061
Epoch: 298: 2022-04-27 03:36:45.849495
Epoch 299/1000, D_loss=0.345408, reward=-8.056030
Epoch: 299: 2022-04-27 03:37:29.099674
Epoch 300/1000, D_loss=0.347539, reward=-8.051519
Test_MRR=0.136625, Test_MR=2847.004319, Test_H@10=0.302230
Epoch: 300: 2022-04-27 03:44:22.156060
Epoch 301/1000, D_loss=0.346467, reward=-8.052176
Epoch: 301: 2022-04-27 03:45:04.677753
Epoch 302/1000, D_loss=0.346438, reward=-8.052669
Epoch: 302: 2022-04-27 03:45:47.179806
Epoch 303/1000, D_loss=0.347308, reward=-8.052207
Epoch: 303: 2022-04-27 03:46:29.435496
Epoch 304/1000, D_loss=0.346050, reward=-8.055328
Epoch: 304: 2022-04-27 03:47:11.867885
Epoch 305/1000, D_loss=0.347420, reward=-8.051716
Epoch: 305: 2022-04-27 03:47:54.576031
Epoch 306/1000, D_loss=0.348711, reward=-8.049128
Epoch: 306: 2022-04-27 03:48:36.920263
Epoch 307/1000, D_loss=0.347029, reward=-8.051627
Epoch: 307: 2022-04-27 03:49:19.718661
Epoch 308/1000, D_loss=0.348425, reward=-8.050295
Epoch: 308: 2022-04-27 03:50:02.883958
Epoch 309/1000, D_loss=0.348430, reward=-8.049096
Epoch: 309: 2022-04-27 03:50:45.889749
Epoch 310/1000, D_loss=0.348648, reward=-8.050199
Epoch: 310: 2022-04-27 03:51:27.904202
Epoch 311/1000, D_loss=0.349386, reward=-8.050275
Epoch: 311: 2022-04-27 03:52:10.170664
Epoch 312/1000, D_loss=0.350001, reward=-8.047651
Epoch: 312: 2022-04-27 03:52:52.536825
Epoch 313/1000, D_loss=0.348882, reward=-8.047971
Epoch: 313: 2022-04-27 03:53:34.633518
Epoch 314/1000, D_loss=0.348532, reward=-8.049716
Epoch: 314: 2022-04-27 03:54:16.809344
Epoch 315/1000, D_loss=0.348982, reward=-8.047297
Epoch: 315: 2022-04-27 03:54:59.347085
Epoch 316/1000, D_loss=0.348820, reward=-8.046515
Epoch: 316: 2022-04-27 03:55:41.652694
Epoch 317/1000, D_loss=0.349391, reward=-8.047123
Epoch: 317: 2022-04-27 03:56:23.908461
Epoch 318/1000, D_loss=0.350068, reward=-8.045086
Epoch: 318: 2022-04-27 03:57:06.263904
Epoch 319/1000, D_loss=0.349885, reward=-8.045371
Epoch: 319: 2022-04-27 03:57:48.738246
Epoch 320/1000, D_loss=0.350253, reward=-8.045182
Epoch: 320: 2022-04-27 03:58:31.350397
Epoch 321/1000, D_loss=0.350488, reward=-8.044291
Epoch: 321: 2022-04-27 03:59:14.006701
Epoch 322/1000, D_loss=0.350606, reward=-8.044920
Epoch: 322: 2022-04-27 03:59:56.690948
Epoch 323/1000, D_loss=0.350681, reward=-8.045069
Epoch: 323: 2022-04-27 04:00:39.140375
Epoch 324/1000, D_loss=0.350956, reward=-8.044058
Epoch: 324: 2022-04-27 04:01:21.667745
Epoch 325/1000, D_loss=0.351489, reward=-8.044296
Epoch: 325: 2022-04-27 04:02:04.152940
Epoch 326/1000, D_loss=0.351248, reward=-8.044052
Epoch: 326: 2022-04-27 04:02:46.902751
Epoch 327/1000, D_loss=0.351701, reward=-8.042631
Epoch: 327: 2022-04-27 04:03:29.420208
Epoch 328/1000, D_loss=0.350403, reward=-8.045172
Epoch: 328: 2022-04-27 04:04:11.957132
Epoch 329/1000, D_loss=0.352569, reward=-8.042818
Epoch: 329: 2022-04-27 04:04:54.492141
Epoch 330/1000, D_loss=0.352497, reward=-8.040759
Epoch: 330: 2022-04-27 04:05:36.896728
Epoch 331/1000, D_loss=0.352323, reward=-8.041426
Epoch: 331: 2022-04-27 04:06:19.141414
Epoch 332/1000, D_loss=0.352322, reward=-8.041569
Epoch: 332: 2022-04-27 04:07:01.682179
Epoch 333/1000, D_loss=0.352860, reward=-8.041907
Epoch: 333: 2022-04-27 04:07:44.204729
Epoch 334/1000, D_loss=0.352452, reward=-8.039966
Epoch: 334: 2022-04-27 04:08:26.454846
Epoch 335/1000, D_loss=0.352113, reward=-8.042374
Epoch: 335: 2022-04-27 04:09:08.981557
Epoch 336/1000, D_loss=0.351796, reward=-8.042347
Epoch: 336: 2022-04-27 04:09:51.259344
Epoch 337/1000, D_loss=0.352687, reward=-8.042296
Epoch: 337: 2022-04-27 04:10:33.840576
Epoch 338/1000, D_loss=0.351838, reward=-8.041899
Epoch: 338: 2022-04-27 04:11:16.333564
Epoch 339/1000, D_loss=0.353369, reward=-8.040774
Epoch: 339: 2022-04-27 04:11:58.743210
Epoch 340/1000, D_loss=0.353668, reward=-8.039988
Epoch: 340: 2022-04-27 04:12:41.338812
Epoch 341/1000, D_loss=0.352396, reward=-8.040916
Epoch: 341: 2022-04-27 04:13:24.020071
Epoch 342/1000, D_loss=0.352969, reward=-8.039945
Epoch: 342: 2022-04-27 04:14:06.657695
Epoch 343/1000, D_loss=0.353786, reward=-8.037206
Epoch: 343: 2022-04-27 04:14:49.053068
Epoch 344/1000, D_loss=0.354344, reward=-8.036486
Epoch: 344: 2022-04-27 04:15:31.371939
Epoch 345/1000, D_loss=0.354068, reward=-8.037265
Epoch: 345: 2022-04-27 04:16:13.915357
Epoch 346/1000, D_loss=0.354735, reward=-8.036645
Epoch: 346: 2022-04-27 04:16:56.718976
Epoch 347/1000, D_loss=0.354393, reward=-8.036680
Epoch: 347: 2022-04-27 04:17:39.246460
Epoch 348/1000, D_loss=0.353395, reward=-8.036740
Epoch: 348: 2022-04-27 04:18:21.884170
Epoch 349/1000, D_loss=0.354635, reward=-8.035111
Epoch: 349: 2022-04-27 04:19:04.731989
Epoch 350/1000, D_loss=0.355329, reward=-8.033433
Test_MRR=0.143513, Test_MR=2857.274207, Test_H@10=0.312475
Epoch: 350: 2022-04-27 04:25:57.897256
Epoch 351/1000, D_loss=0.355203, reward=-8.034534
Epoch: 351: 2022-04-27 04:26:40.570888
Epoch 352/1000, D_loss=0.355337, reward=-8.033256
Epoch: 352: 2022-04-27 04:27:22.838745
Epoch 353/1000, D_loss=0.355774, reward=-8.033640
Epoch: 353: 2022-04-27 04:28:05.774598
Epoch 354/1000, D_loss=0.355342, reward=-8.034126
Epoch: 354: 2022-04-27 04:28:48.310172
Epoch 355/1000, D_loss=0.354967, reward=-8.033538
Epoch: 355: 2022-04-27 04:29:31.561492
Epoch 356/1000, D_loss=0.356515, reward=-8.030981
Epoch: 356: 2022-04-27 04:30:14.732005
Epoch 357/1000, D_loss=0.356123, reward=-8.032083
Epoch: 357: 2022-04-27 04:30:57.903078
Epoch 358/1000, D_loss=0.356310, reward=-8.030210
Epoch: 358: 2022-04-27 04:31:41.358857
Epoch 359/1000, D_loss=0.356833, reward=-8.030089
Epoch: 359: 2022-04-27 04:32:23.956037
Epoch 360/1000, D_loss=0.356878, reward=-8.029143
Epoch: 360: 2022-04-27 04:33:08.008658
Epoch 361/1000, D_loss=0.356997, reward=-8.029790
Epoch: 361: 2022-04-27 04:33:50.893488
Epoch 362/1000, D_loss=0.357128, reward=-8.028830
Epoch: 362: 2022-04-27 04:34:35.421499
Epoch 363/1000, D_loss=0.356615, reward=-8.029897
Epoch: 363: 2022-04-27 04:35:19.117970
Epoch 364/1000, D_loss=0.357167, reward=-8.029411
Epoch: 364: 2022-04-27 04:36:02.099877
Epoch 365/1000, D_loss=0.357200, reward=-8.028904
Epoch: 365: 2022-04-27 04:36:45.801929
Epoch 366/1000, D_loss=0.356375, reward=-8.027369
Epoch: 366: 2022-04-27 04:37:28.451230
Epoch 367/1000, D_loss=0.358558, reward=-8.025346
Epoch: 367: 2022-04-27 04:38:11.306227
Epoch 368/1000, D_loss=0.357646, reward=-8.026484
Epoch: 368: 2022-04-27 04:39:12.512760
Epoch 369/1000, D_loss=0.357215, reward=-8.027904
Epoch: 369: 2022-04-27 04:39:55.627740
Epoch 370/1000, D_loss=0.357315, reward=-8.027853
Epoch: 370: 2022-04-27 04:40:38.210045
Epoch 371/1000, D_loss=0.356664, reward=-8.028437
Epoch: 371: 2022-04-27 04:41:20.741931
Epoch 372/1000, D_loss=0.356523, reward=-8.029046
Epoch: 372: 2022-04-27 04:42:03.360376
Epoch 373/1000, D_loss=0.359131, reward=-8.024055
Epoch: 373: 2022-04-27 04:42:46.428417
Epoch 374/1000, D_loss=0.357238, reward=-8.025865
Epoch: 374: 2022-04-27 04:43:29.325937
Epoch 375/1000, D_loss=0.358932, reward=-8.025341
Epoch: 375: 2022-04-27 04:44:12.419521
Epoch 376/1000, D_loss=0.357356, reward=-8.023027
Epoch: 376: 2022-04-27 04:44:55.450166
Epoch 377/1000, D_loss=0.357809, reward=-8.025461
Epoch: 377: 2022-04-27 04:45:38.181911
Epoch 378/1000, D_loss=0.358067, reward=-8.023656
Epoch: 378: 2022-04-27 04:46:20.844057
Epoch 379/1000, D_loss=0.359291, reward=-8.021288
Epoch: 379: 2022-04-27 04:47:03.616668
Epoch 380/1000, D_loss=0.359309, reward=-8.021571
Epoch: 380: 2022-04-27 04:47:46.741386
Epoch 381/1000, D_loss=0.358366, reward=-8.022417
Epoch: 381: 2022-04-27 04:48:29.825451
Epoch 382/1000, D_loss=0.358360, reward=-8.021345
Epoch: 382: 2022-04-27 04:49:12.582174
Epoch 383/1000, D_loss=0.359449, reward=-8.020259
Epoch: 383: 2022-04-27 04:49:55.647930
Epoch 384/1000, D_loss=0.358810, reward=-8.021209
Epoch: 384: 2022-04-27 04:50:38.483674
Epoch 385/1000, D_loss=0.359963, reward=-8.020327
Epoch: 385: 2022-04-27 04:51:21.147660
Epoch 386/1000, D_loss=0.360253, reward=-8.018727
Epoch: 386: 2022-04-27 04:52:03.748707
Epoch 387/1000, D_loss=0.360003, reward=-8.018142
Epoch: 387: 2022-04-27 04:52:46.562871
Epoch 388/1000, D_loss=0.360816, reward=-8.016179
Epoch: 388: 2022-04-27 04:53:29.213006
Epoch 389/1000, D_loss=0.360688, reward=-8.017112
Epoch: 389: 2022-04-27 04:54:12.073482
Epoch 390/1000, D_loss=0.361857, reward=-8.015417
Epoch: 390: 2022-04-27 04:54:55.114922
Epoch 391/1000, D_loss=0.359050, reward=-8.018989
Epoch: 391: 2022-04-27 04:55:38.404863
Epoch 392/1000, D_loss=0.361104, reward=-8.015616
Epoch: 392: 2022-04-27 04:56:21.734853
Epoch 393/1000, D_loss=0.360377, reward=-8.016619
Epoch: 393: 2022-04-27 04:57:04.496459
Epoch 394/1000, D_loss=0.361825, reward=-8.014284
Epoch: 394: 2022-04-27 04:57:47.238501
Epoch 395/1000, D_loss=0.359639, reward=-8.019200
Epoch: 395: 2022-04-27 04:58:30.556821
Epoch 396/1000, D_loss=0.360711, reward=-8.017083
Epoch: 396: 2022-04-27 04:59:13.556290
Epoch 397/1000, D_loss=0.360656, reward=-8.015605
Epoch: 397: 2022-04-27 04:59:56.555644
Epoch 398/1000, D_loss=0.359796, reward=-8.017270
Epoch: 398: 2022-04-27 05:00:39.919229
Epoch 399/1000, D_loss=0.360590, reward=-8.014931
Epoch: 399: 2022-04-27 05:01:23.036713
Epoch 400/1000, D_loss=0.361865, reward=-8.013554
Test_MRR=0.144325, Test_MR=2975.331258, Test_H@10=0.319305
Epoch: 400: 2022-04-27 05:08:14.225673
Epoch 401/1000, D_loss=0.361186, reward=-8.013081
Epoch: 401: 2022-04-27 05:08:57.742325
Epoch 402/1000, D_loss=0.361796, reward=-8.011841
Epoch: 402: 2022-04-27 05:09:40.475448
Epoch 403/1000, D_loss=0.362506, reward=-8.012939
Epoch: 403: 2022-04-27 05:10:23.828917
Epoch 404/1000, D_loss=0.362032, reward=-8.012325
Epoch: 404: 2022-04-27 05:11:06.785233
Epoch 405/1000, D_loss=0.362714, reward=-8.009909
Epoch: 405: 2022-04-27 05:11:49.665220
Epoch 406/1000, D_loss=0.362266, reward=-8.009478
Epoch: 406: 2022-04-27 05:12:32.907429
Epoch 407/1000, D_loss=0.363440, reward=-8.010461
Epoch: 407: 2022-04-27 05:13:16.136323
Epoch 408/1000, D_loss=0.363045, reward=-8.007971
Epoch: 408: 2022-04-27 05:13:58.982526
Epoch 409/1000, D_loss=0.361758, reward=-8.010478
Epoch: 409: 2022-04-27 05:14:41.925990
Epoch 410/1000, D_loss=0.363365, reward=-8.007540
Epoch: 410: 2022-04-27 05:15:24.925172
Epoch 411/1000, D_loss=0.363008, reward=-8.008817
Epoch: 411: 2022-04-27 05:16:08.187082
Epoch 412/1000, D_loss=0.363601, reward=-8.006586
Epoch: 412: 2022-04-27 05:16:51.336797
Epoch 413/1000, D_loss=0.362576, reward=-8.007452
Epoch: 413: 2022-04-27 05:17:34.377773
Epoch 414/1000, D_loss=0.362282, reward=-8.007631
Epoch: 414: 2022-04-27 05:18:17.364451
Epoch 415/1000, D_loss=0.364173, reward=-8.006474
Epoch: 415: 2022-04-27 05:19:00.881561
Epoch 416/1000, D_loss=0.363087, reward=-8.006289
Epoch: 416: 2022-04-27 05:19:44.576834
Epoch 417/1000, D_loss=0.363401, reward=-8.006752
Epoch: 417: 2022-04-27 05:20:28.153654
Epoch 418/1000, D_loss=0.363599, reward=-8.005286
Epoch: 418: 2022-04-27 05:21:11.352550
Epoch 419/1000, D_loss=0.363781, reward=-8.004685
Epoch: 419: 2022-04-27 05:21:54.242298
Epoch 420/1000, D_loss=0.362265, reward=-8.006642
Epoch: 420: 2022-04-27 05:22:37.610049
Epoch 421/1000, D_loss=0.363819, reward=-8.004084
Epoch: 421: 2022-04-27 05:23:20.603777
Epoch 422/1000, D_loss=0.364372, reward=-8.003068
Epoch: 422: 2022-04-27 05:24:03.509911
Epoch 423/1000, D_loss=0.364104, reward=-8.002386
Epoch: 423: 2022-04-27 05:24:46.655789
Epoch 424/1000, D_loss=0.365376, reward=-8.000925
Epoch: 424: 2022-04-27 05:25:29.867843
Epoch 425/1000, D_loss=0.363395, reward=-8.003126
Epoch: 425: 2022-04-27 05:26:13.121162
Epoch 426/1000, D_loss=0.363936, reward=-8.002210
Epoch: 426: 2022-04-27 05:26:56.549041
Epoch 427/1000, D_loss=0.364383, reward=-8.001561
Epoch: 427: 2022-04-27 05:27:39.933977
Epoch 428/1000, D_loss=0.364776, reward=-8.001146
Epoch: 428: 2022-04-27 05:28:23.572067
Epoch 429/1000, D_loss=0.364764, reward=-8.000087
Epoch: 429: 2022-04-27 05:29:06.816308
Epoch 430/1000, D_loss=0.365517, reward=-7.998609
Epoch: 430: 2022-04-27 05:29:49.951073
Epoch 431/1000, D_loss=0.363352, reward=-8.001758
Epoch: 431: 2022-04-27 05:30:34.035107
Epoch 432/1000, D_loss=0.364825, reward=-7.998624
Epoch: 432: 2022-04-27 05:31:18.101478
Epoch 433/1000, D_loss=0.365126, reward=-7.998627
Epoch: 433: 2022-04-27 05:32:01.490618
Epoch 434/1000, D_loss=0.364986, reward=-7.998681
Epoch: 434: 2022-04-27 05:32:45.348163
Epoch 435/1000, D_loss=0.365419, reward=-7.996107
Epoch: 435: 2022-04-27 05:33:29.593552
Epoch 436/1000, D_loss=0.365427, reward=-7.997398
Epoch: 436: 2022-04-27 05:34:13.713863
Epoch 437/1000, D_loss=0.365107, reward=-7.997313
Epoch: 437: 2022-04-27 05:34:56.906850
Epoch 438/1000, D_loss=0.364897, reward=-7.996934
Epoch: 438: 2022-04-27 05:35:40.963553
Epoch 439/1000, D_loss=0.364521, reward=-7.996815
Epoch: 439: 2022-04-27 05:36:24.397923
Epoch 440/1000, D_loss=0.365178, reward=-7.995286
Epoch: 440: 2022-04-27 05:37:08.029878
Epoch 441/1000, D_loss=0.367081, reward=-7.994610
Epoch: 441: 2022-04-27 05:37:51.888226
Epoch 442/1000, D_loss=0.365333, reward=-7.995655
Epoch: 442: 2022-04-27 05:38:35.964240
Epoch 443/1000, D_loss=0.366955, reward=-7.993787
Epoch: 443: 2022-04-27 05:39:20.035554
Epoch 444/1000, D_loss=0.365667, reward=-7.994462
Epoch: 444: 2022-04-27 05:40:01.921722
Epoch 445/1000, D_loss=0.366856, reward=-7.991974
Epoch: 445: 2022-04-27 05:40:45.617371
Epoch 446/1000, D_loss=0.364764, reward=-7.995794
Epoch: 446: 2022-04-27 05:41:29.041158
Epoch 447/1000, D_loss=0.366502, reward=-7.991369
Epoch: 447: 2022-04-27 05:42:12.625807
Epoch 448/1000, D_loss=0.365984, reward=-7.992336
Epoch: 448: 2022-04-27 05:42:55.753744
Epoch 449/1000, D_loss=0.365212, reward=-7.993945
Epoch: 449: 2022-04-27 05:43:39.252715
Epoch 450/1000, D_loss=0.365985, reward=-7.992534
Test_MRR=0.151560, Test_MR=2861.086581, Test_H@10=0.327843
Epoch: 450: 2022-04-27 05:50:28.297178
Epoch 451/1000, D_loss=0.366444, reward=-7.992792
Epoch: 451: 2022-04-27 05:51:12.323399
Epoch 452/1000, D_loss=0.367092, reward=-7.991326
Epoch: 452: 2022-04-27 05:51:55.891438
Epoch 453/1000, D_loss=0.366899, reward=-7.990239
Epoch: 453: 2022-04-27 05:52:39.859410
Epoch 454/1000, D_loss=0.367337, reward=-7.990861
Epoch: 454: 2022-04-27 05:53:22.947086
Epoch 455/1000, D_loss=0.366954, reward=-7.990905
Epoch: 455: 2022-04-27 05:54:06.114685
Epoch 456/1000, D_loss=0.366155, reward=-7.990903
Epoch: 456: 2022-04-27 05:54:49.374619
Epoch 457/1000, D_loss=0.366957, reward=-7.990135
Epoch: 457: 2022-04-27 05:55:33.195703
Epoch 458/1000, D_loss=0.367922, reward=-7.989136
Epoch: 458: 2022-04-27 05:56:17.029935
Epoch 459/1000, D_loss=0.367668, reward=-7.988033
Epoch: 459: 2022-04-27 05:57:00.315905
Epoch 460/1000, D_loss=0.366344, reward=-7.990586
Epoch: 460: 2022-04-27 05:57:44.206427
Epoch 461/1000, D_loss=0.367602, reward=-7.989211
Epoch: 461: 2022-04-27 05:58:28.032877
Epoch 462/1000, D_loss=0.367399, reward=-7.986713
Epoch: 462: 2022-04-27 05:59:11.733513
Epoch 463/1000, D_loss=0.366376, reward=-7.987233
Epoch: 463: 2022-04-27 05:59:55.245434
Epoch 464/1000, D_loss=0.368055, reward=-7.984929
Epoch: 464: 2022-04-27 06:00:39.066332
Epoch 465/1000, D_loss=0.367296, reward=-7.986554
Epoch: 465: 2022-04-27 06:01:22.840399
Epoch 466/1000, D_loss=0.368479, reward=-7.984684
Epoch: 466: 2022-04-27 06:02:06.449853
Epoch 467/1000, D_loss=0.367826, reward=-7.986012
Epoch: 467: 2022-04-27 06:02:50.368043
Epoch 468/1000, D_loss=0.367312, reward=-7.987024
Epoch: 468: 2022-04-27 06:03:33.790805
Epoch 469/1000, D_loss=0.367644, reward=-7.985387
Epoch: 469: 2022-04-27 06:04:17.259029
Epoch 470/1000, D_loss=0.368892, reward=-7.983820
Epoch: 470: 2022-04-27 06:05:00.375595
Epoch 471/1000, D_loss=0.368194, reward=-7.984746
Epoch: 471: 2022-04-27 06:05:44.080408
Epoch 472/1000, D_loss=0.367674, reward=-7.984377
Epoch: 472: 2022-04-27 06:06:27.516276
Epoch 473/1000, D_loss=0.368155, reward=-7.984006
Epoch: 473: 2022-04-27 06:07:10.861290
Epoch 474/1000, D_loss=0.367220, reward=-7.984468
Epoch: 474: 2022-04-27 06:07:54.280188
Epoch 475/1000, D_loss=0.369056, reward=-7.982074
Epoch: 475: 2022-04-27 06:08:37.600257
Epoch 476/1000, D_loss=0.368355, reward=-7.980456
Epoch: 476: 2022-04-27 06:09:21.284952
Epoch 477/1000, D_loss=0.367988, reward=-7.982173
Epoch: 477: 2022-04-27 06:10:04.722319
Epoch 478/1000, D_loss=0.369525, reward=-7.979462
Epoch: 478: 2022-04-27 06:10:48.940683
Epoch 479/1000, D_loss=0.369571, reward=-7.980494
Epoch: 479: 2022-04-27 06:11:33.253928
Epoch 480/1000, D_loss=0.369747, reward=-7.978690
Epoch: 480: 2022-04-27 06:12:16.921929
Epoch 481/1000, D_loss=0.368074, reward=-7.981836
Epoch: 481: 2022-04-27 06:13:00.212628
Epoch 482/1000, D_loss=0.370178, reward=-7.978877
Epoch: 482: 2022-04-27 06:13:43.669709
Epoch 483/1000, D_loss=0.368759, reward=-7.979428
Epoch: 483: 2022-04-27 06:14:27.169260
Epoch 484/1000, D_loss=0.368584, reward=-7.980219
Epoch: 484: 2022-04-27 06:15:11.222026
Epoch 485/1000, D_loss=0.369543, reward=-7.977110
Epoch: 485: 2022-04-27 06:15:55.411170
Epoch 486/1000, D_loss=0.369748, reward=-7.977886
Epoch: 486: 2022-04-27 06:16:38.958747
Epoch 487/1000, D_loss=0.370086, reward=-7.976264
Epoch: 487: 2022-04-27 06:17:23.161192
Epoch 488/1000, D_loss=0.369690, reward=-7.976948
Epoch: 488: 2022-04-27 06:18:07.255749
Epoch 489/1000, D_loss=0.370149, reward=-7.975481
Epoch: 489: 2022-04-27 06:18:50.706466
Epoch 490/1000, D_loss=0.369478, reward=-7.977237
Epoch: 490: 2022-04-27 06:19:34.213980
Epoch 491/1000, D_loss=0.371057, reward=-7.975430
Epoch: 491: 2022-04-27 06:20:17.906731
Epoch 492/1000, D_loss=0.369758, reward=-7.975613
Epoch: 492: 2022-04-27 06:21:01.322242
Epoch 493/1000, D_loss=0.370750, reward=-7.973018
Epoch: 493: 2022-04-27 06:21:44.854270
Epoch 494/1000, D_loss=0.370547, reward=-7.975413
Epoch: 494: 2022-04-27 06:22:28.443912
Epoch 495/1000, D_loss=0.369681, reward=-7.973789
Epoch: 495: 2022-04-27 06:23:12.019900
Epoch 496/1000, D_loss=0.369698, reward=-7.975016
Epoch: 496: 2022-04-27 06:23:55.776452
Epoch 497/1000, D_loss=0.371137, reward=-7.973427
Epoch: 497: 2022-04-27 06:24:39.520948
Epoch 498/1000, D_loss=0.370804, reward=-7.971893
Epoch: 498: 2022-04-27 06:25:23.056146
Epoch 499/1000, D_loss=0.371650, reward=-7.972757
Epoch: 499: 2022-04-27 06:26:06.798201
Epoch 500/1000, D_loss=0.370245, reward=-7.971947
Test_MRR=0.158416, Test_MR=2916.928988, Test_H@10=0.333467
Epoch: 500: 2022-04-27 06:33:07.777590
Epoch 501/1000, D_loss=0.371299, reward=-7.970508
Epoch: 501: 2022-04-27 06:33:51.582467
Epoch 502/1000, D_loss=0.370692, reward=-7.971821
Epoch: 502: 2022-04-27 06:34:35.877206
Epoch 503/1000, D_loss=0.370049, reward=-7.972052
Epoch: 503: 2022-04-27 06:35:19.972708
Epoch 504/1000, D_loss=0.370522, reward=-7.971330
Epoch: 504: 2022-04-27 06:36:03.981433
Epoch 505/1000, D_loss=0.372604, reward=-7.967482
Epoch: 505: 2022-04-27 06:36:47.944621
Epoch 506/1000, D_loss=0.371430, reward=-7.968361
Epoch: 506: 2022-04-27 06:37:32.111871
Epoch 507/1000, D_loss=0.371400, reward=-7.970057
Epoch: 507: 2022-04-27 06:38:16.663795
Epoch 508/1000, D_loss=0.371120, reward=-7.970259
Epoch: 508: 2022-04-27 06:39:00.420101
Epoch 509/1000, D_loss=0.370763, reward=-7.971255
Epoch: 509: 2022-04-27 06:39:44.865428
Epoch 510/1000, D_loss=0.372094, reward=-7.966385
Epoch: 510: 2022-04-27 06:40:29.185335
Epoch 511/1000, D_loss=0.370821, reward=-7.967917
Epoch: 511: 2022-04-27 06:41:13.461421
Epoch 512/1000, D_loss=0.371503, reward=-7.967250
Epoch: 512: 2022-04-27 06:41:57.905925
Epoch 513/1000, D_loss=0.371287, reward=-7.967962
Epoch: 513: 2022-04-27 06:42:41.280662
Epoch 514/1000, D_loss=0.371858, reward=-7.967616
Epoch: 514: 2022-04-27 06:43:24.811496
Epoch 515/1000, D_loss=0.370781, reward=-7.968954
Epoch: 515: 2022-04-27 06:44:08.496973
Epoch 516/1000, D_loss=0.370984, reward=-7.968370
Epoch: 516: 2022-04-27 06:44:52.217304
Epoch 517/1000, D_loss=0.371635, reward=-7.966652
Epoch: 517: 2022-04-27 06:45:35.828631
Epoch 518/1000, D_loss=0.371069, reward=-7.967073
Epoch: 518: 2022-04-27 06:46:20.128940
Epoch 519/1000, D_loss=0.370975, reward=-7.967703
Epoch: 519: 2022-04-27 06:47:03.774574
Epoch 520/1000, D_loss=0.371433, reward=-7.966644
Epoch: 520: 2022-04-27 06:47:47.387567
Epoch 521/1000, D_loss=0.372095, reward=-7.966490
Epoch: 521: 2022-04-27 06:48:31.047507
Epoch 522/1000, D_loss=0.372712, reward=-7.963857
Epoch: 522: 2022-04-27 06:49:14.948533
Epoch 523/1000, D_loss=0.372988, reward=-7.963989
Epoch: 523: 2022-04-27 06:49:58.811481
Epoch 524/1000, D_loss=0.372249, reward=-7.963261
Epoch: 524: 2022-04-27 06:50:42.792729
Epoch 525/1000, D_loss=0.372157, reward=-7.962242
Epoch: 525: 2022-04-27 06:51:26.438725
Epoch 526/1000, D_loss=0.373235, reward=-7.961778
Epoch: 526: 2022-04-27 06:52:10.695537
Epoch 527/1000, D_loss=0.373641, reward=-7.960620
Epoch: 527: 2022-04-27 06:52:54.474335
Epoch 528/1000, D_loss=0.372879, reward=-7.961827
Epoch: 528: 2022-04-27 06:53:38.607147
Epoch 529/1000, D_loss=0.372947, reward=-7.960554
Epoch: 529: 2022-04-27 06:54:22.698979
Epoch 530/1000, D_loss=0.372971, reward=-7.959520
Epoch: 530: 2022-04-27 06:55:06.830709
Epoch 531/1000, D_loss=0.372588, reward=-7.961962
Epoch: 531: 2022-04-27 06:55:50.549229
Epoch 532/1000, D_loss=0.374092, reward=-7.959752
Epoch: 532: 2022-04-27 06:56:34.381997
Epoch 533/1000, D_loss=0.372560, reward=-7.960159
Epoch: 533: 2022-04-27 06:57:18.125735
Epoch 534/1000, D_loss=0.372688, reward=-7.959676
Epoch: 534: 2022-04-27 06:58:01.889617
Epoch 535/1000, D_loss=0.372964, reward=-7.959842
Epoch: 535: 2022-04-27 06:58:46.019439
Epoch 536/1000, D_loss=0.373208, reward=-7.959528
Epoch: 536: 2022-04-27 06:59:29.982450
Epoch 537/1000, D_loss=0.373185, reward=-7.958952
Epoch: 537: 2022-04-27 07:00:14.799912
Epoch 538/1000, D_loss=0.374196, reward=-7.958113
Epoch: 538: 2022-04-27 07:00:58.688948
Epoch 539/1000, D_loss=0.373012, reward=-7.960228
Epoch: 539: 2022-04-27 07:01:42.607397
Epoch 540/1000, D_loss=0.372961, reward=-7.959058
Epoch: 540: 2022-04-27 07:02:26.910324
Epoch 541/1000, D_loss=0.373636, reward=-7.958167
Epoch: 541: 2022-04-27 07:03:11.621113
Epoch 542/1000, D_loss=0.373732, reward=-7.957745
Epoch: 542: 2022-04-27 07:03:55.655127
Epoch 543/1000, D_loss=0.374749, reward=-7.956287
Epoch: 543: 2022-04-27 07:04:40.194104
Epoch 544/1000, D_loss=0.373537, reward=-7.957325
Epoch: 544: 2022-04-27 07:05:24.192860
Epoch 545/1000, D_loss=0.374357, reward=-7.955598
Epoch: 545: 2022-04-27 07:06:08.104295
Epoch 546/1000, D_loss=0.373687, reward=-7.956692
Epoch: 546: 2022-04-27 07:06:52.318442
Epoch 547/1000, D_loss=0.374811, reward=-7.956742
Epoch: 547: 2022-04-27 07:07:36.808948
Epoch 548/1000, D_loss=0.374102, reward=-7.955058
Epoch: 548: 2022-04-27 07:08:21.055143
Epoch 549/1000, D_loss=0.374742, reward=-7.954882
Epoch: 549: 2022-04-27 07:09:05.073945
Epoch 550/1000, D_loss=0.373098, reward=-7.955296
Test_MRR=0.155739, Test_MR=2925.421254, Test_H@10=0.329148
Epoch: 550: 2022-04-27 07:15:54.191977
Epoch 551/1000, D_loss=0.375356, reward=-7.952657
Epoch: 551: 2022-04-27 07:16:38.286384
Epoch 552/1000, D_loss=0.375173, reward=-7.952360
Epoch: 552: 2022-04-27 07:17:22.786387
Epoch 553/1000, D_loss=0.374204, reward=-7.953758
Epoch: 553: 2022-04-27 07:18:07.402342
Epoch 554/1000, D_loss=0.375278, reward=-7.951863
Epoch: 554: 2022-04-27 07:18:51.914779
Epoch 555/1000, D_loss=0.373337, reward=-7.955267
Epoch: 555: 2022-04-27 07:19:35.993429
Epoch 556/1000, D_loss=0.374012, reward=-7.953892
Epoch: 556: 2022-04-27 07:20:20.217708
Epoch 557/1000, D_loss=0.374154, reward=-7.953737
Epoch: 557: 2022-04-27 07:21:04.178332
Epoch 558/1000, D_loss=0.374606, reward=-7.952603
Epoch: 558: 2022-04-27 07:21:48.338854
Epoch 559/1000, D_loss=0.374652, reward=-7.952055
Epoch: 559: 2022-04-27 07:22:32.753722
Epoch 560/1000, D_loss=0.376239, reward=-7.949654
Epoch: 560: 2022-04-27 07:23:17.483005
Epoch 561/1000, D_loss=0.375002, reward=-7.952007
Epoch: 561: 2022-04-27 07:24:01.543329
Epoch 562/1000, D_loss=0.375714, reward=-7.950063
Epoch: 562: 2022-04-27 07:24:45.888621
Epoch 563/1000, D_loss=0.375125, reward=-7.950725
Epoch: 563: 2022-04-27 07:25:29.866924
Epoch 564/1000, D_loss=0.374198, reward=-7.951389
Epoch: 564: 2022-04-27 07:26:13.903647
Epoch 565/1000, D_loss=0.376205, reward=-7.947363
Epoch: 565: 2022-04-27 07:26:57.889862
Epoch 566/1000, D_loss=0.374317, reward=-7.949719
Epoch: 566: 2022-04-27 07:27:42.257123
Epoch 567/1000, D_loss=0.374963, reward=-7.950039
Epoch: 567: 2022-04-27 07:28:26.390050
Epoch 568/1000, D_loss=0.373605, reward=-7.951660
Epoch: 568: 2022-04-27 07:29:10.948273
Epoch 569/1000, D_loss=0.375712, reward=-7.947246
Epoch: 569: 2022-04-27 07:29:55.202564
Epoch 570/1000, D_loss=0.375160, reward=-7.949063
Epoch: 570: 2022-04-27 07:30:39.851608
Epoch 571/1000, D_loss=0.374615, reward=-7.949408
Epoch: 571: 2022-04-27 07:31:24.305492
Epoch 572/1000, D_loss=0.376378, reward=-7.945477
Epoch: 572: 2022-04-27 07:32:08.678547
Epoch 573/1000, D_loss=0.375666, reward=-7.947247
Epoch: 573: 2022-04-27 07:32:54.863107
Epoch 574/1000, D_loss=0.375654, reward=-7.946685
Epoch: 574: 2022-04-27 07:33:39.283059
Epoch 575/1000, D_loss=0.375296, reward=-7.946592
Epoch: 575: 2022-04-27 07:34:23.723005
Epoch 576/1000, D_loss=0.376244, reward=-7.945302
Epoch: 576: 2022-04-27 07:35:08.376795
Epoch 577/1000, D_loss=0.376141, reward=-7.945287
Epoch: 577: 2022-04-27 07:35:53.732479
Epoch 578/1000, D_loss=0.376659, reward=-7.944313
Epoch: 578: 2022-04-27 07:36:38.298985
Epoch 579/1000, D_loss=0.375402, reward=-7.945784
Epoch: 579: 2022-04-27 07:37:22.508153
Epoch 580/1000, D_loss=0.375282, reward=-7.945765
Epoch: 580: 2022-04-27 07:38:07.494893
Epoch 581/1000, D_loss=0.375289, reward=-7.946480
Epoch: 581: 2022-04-27 07:38:52.215794
Epoch 582/1000, D_loss=0.375780, reward=-7.944983
Epoch: 582: 2022-04-27 07:39:37.215173
Epoch 583/1000, D_loss=0.375541, reward=-7.946458
Epoch: 583: 2022-04-27 07:40:22.814272
Epoch 584/1000, D_loss=0.376968, reward=-7.942830
Epoch: 584: 2022-04-27 07:41:07.191947
Epoch 585/1000, D_loss=0.377852, reward=-7.941533
Epoch: 585: 2022-04-27 07:41:51.805712
Epoch 586/1000, D_loss=0.376361, reward=-7.943637
Epoch: 586: 2022-04-27 07:42:42.736109
Epoch 587/1000, D_loss=0.376490, reward=-7.943449
Epoch: 587: 2022-04-27 07:43:27.538337
Epoch 588/1000, D_loss=0.376226, reward=-7.944759
Epoch: 588: 2022-04-27 07:44:11.636964
Epoch 589/1000, D_loss=0.374903, reward=-7.944727
Epoch: 589: 2022-04-27 07:44:55.702925
Epoch 590/1000, D_loss=0.376797, reward=-7.940925
Epoch: 590: 2022-04-27 07:45:39.996784
Epoch 591/1000, D_loss=0.376692, reward=-7.940179
Epoch: 591: 2022-04-27 07:46:24.566014
Epoch 592/1000, D_loss=0.376152, reward=-7.942370
Epoch: 592: 2022-04-27 07:47:09.372742
Epoch 593/1000, D_loss=0.378388, reward=-7.938307
Epoch: 593: 2022-04-27 07:47:53.564615
Epoch 594/1000, D_loss=0.376377, reward=-7.940531
Epoch: 594: 2022-04-27 07:48:37.760932
Epoch 595/1000, D_loss=0.376784, reward=-7.939311
Epoch: 595: 2022-04-27 07:49:22.300787
Epoch 596/1000, D_loss=0.377361, reward=-7.938903
Epoch: 596: 2022-04-27 07:50:06.827876
Epoch 597/1000, D_loss=0.376153, reward=-7.939919
Epoch: 597: 2022-04-27 07:50:50.890706
Epoch 598/1000, D_loss=0.376945, reward=-7.938787
Epoch: 598: 2022-04-27 07:51:35.420142
Epoch 599/1000, D_loss=0.376146, reward=-7.940238
Epoch: 599: 2022-04-27 07:52:19.561059
Epoch 600/1000, D_loss=0.376767, reward=-7.938958
Test_MRR=0.164891, Test_MR=2820.484431, Test_H@10=0.336179
Epoch: 600: 2022-04-27 07:59:14.559338
Epoch 601/1000, D_loss=0.377183, reward=-7.937922
Epoch: 601: 2022-04-27 07:59:58.701234
Epoch 602/1000, D_loss=0.378207, reward=-7.937141
Epoch: 602: 2022-04-27 08:00:43.047089
Epoch 603/1000, D_loss=0.376389, reward=-7.939541
Epoch: 603: 2022-04-27 08:01:27.841688
Epoch 604/1000, D_loss=0.378678, reward=-7.936341
Epoch: 604: 2022-04-27 08:02:12.618413
Epoch 605/1000, D_loss=0.378201, reward=-7.935058
Epoch: 605: 2022-04-27 08:02:57.022725
Epoch 606/1000, D_loss=0.376886, reward=-7.937675
Epoch: 606: 2022-04-27 08:03:41.481083
Epoch 607/1000, D_loss=0.377402, reward=-7.935639
Epoch: 607: 2022-04-27 08:04:26.222181
Epoch 608/1000, D_loss=0.378563, reward=-7.933380
Epoch: 608: 2022-04-27 08:05:10.782751
Epoch 609/1000, D_loss=0.378916, reward=-7.933417
Epoch: 609: 2022-04-27 08:05:55.372198
Epoch 610/1000, D_loss=0.378764, reward=-7.934837
Epoch: 610: 2022-04-27 08:06:40.059352
Epoch 611/1000, D_loss=0.376715, reward=-7.935780
Epoch: 611: 2022-04-27 08:07:24.818687
Epoch 612/1000, D_loss=0.378171, reward=-7.934471
Epoch: 612: 2022-04-27 08:08:09.140984
Epoch 613/1000, D_loss=0.377800, reward=-7.934483
Epoch: 613: 2022-04-27 08:08:53.673559
Epoch 614/1000, D_loss=0.378379, reward=-7.934205
Epoch: 614: 2022-04-27 08:09:38.457206
Epoch 615/1000, D_loss=0.378243, reward=-7.931771
Epoch: 615: 2022-04-27 08:10:22.856531
Epoch 616/1000, D_loss=0.378724, reward=-7.932766
Epoch: 616: 2022-04-27 08:11:07.078377
Epoch 617/1000, D_loss=0.377764, reward=-7.934249
Epoch: 617: 2022-04-27 08:11:51.809662
Epoch 618/1000, D_loss=0.378758, reward=-7.931686
Epoch: 618: 2022-04-27 08:12:36.173451
Epoch 619/1000, D_loss=0.378317, reward=-7.933131
Epoch: 619: 2022-04-27 08:13:20.924760
Epoch 620/1000, D_loss=0.378122, reward=-7.932333
Epoch: 620: 2022-04-27 08:14:05.505308
Epoch 621/1000, D_loss=0.378984, reward=-7.931612
Epoch: 621: 2022-04-27 08:14:50.129292
Epoch 622/1000, D_loss=0.378008, reward=-7.931588
Epoch: 622: 2022-04-27 08:15:35.503985
Epoch 623/1000, D_loss=0.377577, reward=-7.932837
Epoch: 623: 2022-04-27 08:16:19.746656
Epoch 624/1000, D_loss=0.379151, reward=-7.928752
Epoch: 624: 2022-04-27 08:17:04.298188
Epoch 625/1000, D_loss=0.377852, reward=-7.930327
Epoch: 625: 2022-04-27 08:17:49.026977
Epoch 626/1000, D_loss=0.378058, reward=-7.929766
Epoch: 626: 2022-04-27 08:18:33.311854
Epoch 627/1000, D_loss=0.378064, reward=-7.928680
Epoch: 627: 2022-04-27 08:19:17.623520
Epoch 628/1000, D_loss=0.378404, reward=-7.930391
Epoch: 628: 2022-04-27 08:20:02.430601
Epoch 629/1000, D_loss=0.378303, reward=-7.929130
Epoch: 629: 2022-04-27 08:20:46.825059
Epoch 630/1000, D_loss=0.378577, reward=-7.927947
Epoch: 630: 2022-04-27 08:21:31.448745
Epoch 631/1000, D_loss=0.379537, reward=-7.927210
Epoch: 631: 2022-04-27 08:22:16.085953
Epoch 632/1000, D_loss=0.380067, reward=-7.926491
Epoch: 632: 2022-04-27 08:23:01.741150
Epoch 633/1000, D_loss=0.379722, reward=-7.926695
Epoch: 633: 2022-04-27 08:23:46.026262
Epoch 634/1000, D_loss=0.378559, reward=-7.927866
Epoch: 634: 2022-04-27 08:24:30.911597
Epoch 635/1000, D_loss=0.379106, reward=-7.927868
Epoch: 635: 2022-04-27 08:25:16.066063
Epoch 636/1000, D_loss=0.380414, reward=-7.926807
Epoch: 636: 2022-04-27 08:26:00.572216
Epoch 637/1000, D_loss=0.377985, reward=-7.927149
Epoch: 637: 2022-04-27 08:26:45.046716
Epoch 638/1000, D_loss=0.379389, reward=-7.925479
Epoch: 638: 2022-04-27 08:27:29.726022
Epoch 639/1000, D_loss=0.379175, reward=-7.924853
Epoch: 639: 2022-04-27 08:28:14.898114
Epoch 640/1000, D_loss=0.379360, reward=-7.924312
Epoch: 640: 2022-04-27 08:28:59.861075
Epoch 641/1000, D_loss=0.379000, reward=-7.924183
Epoch: 641: 2022-04-27 08:29:44.543036
Epoch 642/1000, D_loss=0.379548, reward=-7.923347
Epoch: 642: 2022-04-27 08:30:29.943818
Epoch 643/1000, D_loss=0.379583, reward=-7.923799
Epoch: 643: 2022-04-27 08:31:14.655231
Epoch 644/1000, D_loss=0.380674, reward=-7.921373
Epoch: 644: 2022-04-27 08:31:59.512670
Epoch 645/1000, D_loss=0.378795, reward=-7.923705
Epoch: 645: 2022-04-27 08:32:44.205001
Epoch 646/1000, D_loss=0.378256, reward=-7.925050
Epoch: 646: 2022-04-27 08:33:28.907311
Epoch 647/1000, D_loss=0.380796, reward=-7.921477
Epoch: 647: 2022-04-27 08:34:13.442385
Epoch 648/1000, D_loss=0.379417, reward=-7.923491
Epoch: 648: 2022-04-27 08:34:59.214558
Epoch 649/1000, D_loss=0.380347, reward=-7.921353
Epoch: 649: 2022-04-27 08:35:44.723522
Epoch 650/1000, D_loss=0.380146, reward=-7.921964
Test_MRR=0.167692, Test_MR=2893.003716, Test_H@10=0.338891
Epoch: 650: 2022-04-27 08:42:54.338015
Epoch 651/1000, D_loss=0.380214, reward=-7.920596
Epoch: 651: 2022-04-27 08:43:39.232223
Epoch 652/1000, D_loss=0.380672, reward=-7.921672
Epoch: 652: 2022-04-27 08:44:24.135829
Epoch 653/1000, D_loss=0.380127, reward=-7.921341
Epoch: 653: 2022-04-27 08:45:09.439078
Epoch 654/1000, D_loss=0.380607, reward=-7.920205
Epoch: 654: 2022-04-27 08:45:54.403613
Epoch 655/1000, D_loss=0.379326, reward=-7.923181
Epoch: 655: 2022-04-27 08:46:39.104454
Epoch 656/1000, D_loss=0.380045, reward=-7.920846
Epoch: 656: 2022-04-27 08:47:23.920957
Epoch 657/1000, D_loss=0.380893, reward=-7.919447
Epoch: 657: 2022-04-27 08:48:09.207829
Epoch 658/1000, D_loss=0.380194, reward=-7.919297
Epoch: 658: 2022-04-27 08:48:54.079984
Epoch 659/1000, D_loss=0.379839, reward=-7.920578
Epoch: 659: 2022-04-27 08:49:39.109742
Epoch 660/1000, D_loss=0.380442, reward=-7.918881
Epoch: 660: 2022-04-27 08:50:24.167533
Epoch 661/1000, D_loss=0.381327, reward=-7.916969
Epoch: 661: 2022-04-27 08:51:08.844358
Epoch 662/1000, D_loss=0.380207, reward=-7.919531
Epoch: 662: 2022-04-27 08:51:53.279774
Epoch 663/1000, D_loss=0.380150, reward=-7.919341
Epoch: 663: 2022-04-27 08:52:37.795535
Epoch 664/1000, D_loss=0.381429, reward=-7.918008
Epoch: 664: 2022-04-27 08:53:22.648604
Epoch 665/1000, D_loss=0.379150, reward=-7.920468
Epoch: 665: 2022-04-27 08:54:07.703666
Epoch 666/1000, D_loss=0.379478, reward=-7.918935
Epoch: 666: 2022-04-27 08:54:52.428585
Epoch 667/1000, D_loss=0.381228, reward=-7.916520
Epoch: 667: 2022-04-27 08:55:37.408204
Epoch 668/1000, D_loss=0.380682, reward=-7.917480
Epoch: 668: 2022-04-27 08:56:22.040138
Epoch 669/1000, D_loss=0.381902, reward=-7.915186
Epoch: 669: 2022-04-27 08:57:06.789108
Epoch 670/1000, D_loss=0.380275, reward=-7.917736
Epoch: 670: 2022-04-27 08:57:51.460755
Epoch 671/1000, D_loss=0.381424, reward=-7.913952
Epoch: 671: 2022-04-27 08:58:36.452337
Epoch 672/1000, D_loss=0.380939, reward=-7.915407
Epoch: 672: 2022-04-27 08:59:21.195725
Epoch 673/1000, D_loss=0.381102, reward=-7.916019
Epoch: 673: 2022-04-27 09:00:06.052942
Epoch 674/1000, D_loss=0.381334, reward=-7.914579
Epoch: 674: 2022-04-27 09:00:50.984873
Epoch 675/1000, D_loss=0.381986, reward=-7.912133
Epoch: 675: 2022-04-27 09:01:35.955967
Epoch 676/1000, D_loss=0.382617, reward=-7.910949
Epoch: 676: 2022-04-27 09:02:20.745890
Epoch 677/1000, D_loss=0.381258, reward=-7.913557
Epoch: 677: 2022-04-27 09:03:05.920627
Epoch 678/1000, D_loss=0.380516, reward=-7.915252
Epoch: 678: 2022-04-27 09:03:51.204506
Epoch 679/1000, D_loss=0.381409, reward=-7.913224
Epoch: 679: 2022-04-27 09:04:36.074382
Epoch 680/1000, D_loss=0.380862, reward=-7.913380
Epoch: 680: 2022-04-27 09:05:20.909831
Epoch 681/1000, D_loss=0.381888, reward=-7.912239
Epoch: 681: 2022-04-27 09:06:05.765797
Epoch 682/1000, D_loss=0.380312, reward=-7.913932
Epoch: 682: 2022-04-27 09:06:50.689846
Epoch 683/1000, D_loss=0.381321, reward=-7.912457
Epoch: 683: 2022-04-27 09:07:35.776086
Epoch 684/1000, D_loss=0.380247, reward=-7.913222
Epoch: 684: 2022-04-27 09:08:20.539033
Epoch 685/1000, D_loss=0.380669, reward=-7.912496
Epoch: 685: 2022-04-27 09:09:05.290407
Epoch 686/1000, D_loss=0.380219, reward=-7.913002
Epoch: 686: 2022-04-27 09:09:50.028833
Epoch 687/1000, D_loss=0.381270, reward=-7.911150
Epoch: 687: 2022-04-27 09:10:34.788074
Epoch 688/1000, D_loss=0.381246, reward=-7.910459
Epoch: 688: 2022-04-27 09:11:19.609176
Epoch 689/1000, D_loss=0.382491, reward=-7.909194
Epoch: 689: 2022-04-27 09:12:04.945375
Epoch 690/1000, D_loss=0.381992, reward=-7.909178
Epoch: 690: 2022-04-27 09:12:49.682732
Epoch 691/1000, D_loss=0.381119, reward=-7.909787
Epoch: 691: 2022-04-27 09:13:34.694865
Epoch 692/1000, D_loss=0.381792, reward=-7.908791
Epoch: 692: 2022-04-27 09:14:20.362584
Epoch 693/1000, D_loss=0.381355, reward=-7.910833
Epoch: 693: 2022-04-27 09:15:05.655462
Epoch 694/1000, D_loss=0.381943, reward=-7.909253
Epoch: 694: 2022-04-27 09:15:50.824321
Epoch 695/1000, D_loss=0.382056, reward=-7.908368
Epoch: 695: 2022-04-27 09:16:36.319984
Epoch 696/1000, D_loss=0.381011, reward=-7.910244
Epoch: 696: 2022-04-27 09:17:21.931472
Epoch 697/1000, D_loss=0.381342, reward=-7.909590
Epoch: 697: 2022-04-27 09:18:06.927170
Epoch 698/1000, D_loss=0.380943, reward=-7.909512
Epoch: 698: 2022-04-27 09:18:51.551339
Epoch 699/1000, D_loss=0.382946, reward=-7.906253
Epoch: 699: 2022-04-27 09:19:36.160602
Epoch 700/1000, D_loss=0.381926, reward=-7.908240
Test_MRR=0.170937, Test_MR=2864.842507, Test_H@10=0.342909
Epoch: 700: 2022-04-27 09:26:32.449920
Epoch 701/1000, D_loss=0.381355, reward=-7.908804
Epoch: 701: 2022-04-27 09:27:17.462206
Epoch 702/1000, D_loss=0.382639, reward=-7.907013
Epoch: 702: 2022-04-27 09:28:02.149875
Epoch 703/1000, D_loss=0.382647, reward=-7.906533
Epoch: 703: 2022-04-27 09:28:47.161365
Epoch 704/1000, D_loss=0.381449, reward=-7.907935
Epoch: 704: 2022-04-27 09:29:32.217194
Epoch 705/1000, D_loss=0.381301, reward=-7.907737
Epoch: 705: 2022-04-27 09:30:17.167550
Epoch 706/1000, D_loss=0.382769, reward=-7.905233
Epoch: 706: 2022-04-27 09:31:02.011088
Epoch 707/1000, D_loss=0.382952, reward=-7.905337
Epoch: 707: 2022-04-27 09:31:46.694181
Epoch 708/1000, D_loss=0.382462, reward=-7.904783
Epoch: 708: 2022-04-27 09:32:31.698362
Epoch 709/1000, D_loss=0.381371, reward=-7.907825
Epoch: 709: 2022-04-27 09:33:16.487338
Epoch 710/1000, D_loss=0.381447, reward=-7.905651
Epoch: 710: 2022-04-27 09:34:01.493175
Epoch 711/1000, D_loss=0.381168, reward=-7.905981
Epoch: 711: 2022-04-27 09:34:46.646193
Epoch 712/1000, D_loss=0.382579, reward=-7.904130
Epoch: 712: 2022-04-27 09:35:31.496202
Epoch 713/1000, D_loss=0.382996, reward=-7.905125
Epoch: 713: 2022-04-27 09:36:16.997309
Epoch 714/1000, D_loss=0.382823, reward=-7.903555
Epoch: 714: 2022-04-27 09:37:01.730434
Epoch 715/1000, D_loss=0.381632, reward=-7.904317
Epoch: 715: 2022-04-27 09:37:46.675252
Epoch 716/1000, D_loss=0.383045, reward=-7.903493
Epoch: 716: 2022-04-27 09:38:32.267525
Epoch 717/1000, D_loss=0.383275, reward=-7.901829
Epoch: 717: 2022-04-27 09:39:17.855513
Epoch 718/1000, D_loss=0.383047, reward=-7.900551
Epoch: 718: 2022-04-27 09:40:02.787182
Epoch 719/1000, D_loss=0.382963, reward=-7.900416
Epoch: 719: 2022-04-27 09:40:48.011297
Epoch 720/1000, D_loss=0.382524, reward=-7.901840
Epoch: 720: 2022-04-27 09:41:33.873748
Epoch 721/1000, D_loss=0.381583, reward=-7.903540
Epoch: 721: 2022-04-27 09:42:19.958627
Epoch 722/1000, D_loss=0.382488, reward=-7.903203
Epoch: 722: 2022-04-27 09:43:05.306299
Epoch 723/1000, D_loss=0.382897, reward=-7.901344
Epoch: 723: 2022-04-27 09:43:50.514577
Epoch 724/1000, D_loss=0.383425, reward=-7.899381
Epoch: 724: 2022-04-27 09:44:36.589203
Epoch 725/1000, D_loss=0.382744, reward=-7.900367
Epoch: 725: 2022-04-27 09:45:22.985916
Epoch 726/1000, D_loss=0.382012, reward=-7.901892
Epoch: 726: 2022-04-27 09:46:08.397373
Epoch 727/1000, D_loss=0.382939, reward=-7.900155
Epoch: 727: 2022-04-27 09:46:53.973666
Epoch 728/1000, D_loss=0.383517, reward=-7.898673
Epoch: 728: 2022-04-27 09:47:38.871184
Epoch 729/1000, D_loss=0.382610, reward=-7.900743
Epoch: 729: 2022-04-27 09:48:23.853576
Epoch 730/1000, D_loss=0.382725, reward=-7.899980
Epoch: 730: 2022-04-27 09:49:09.044472
Epoch 731/1000, D_loss=0.383193, reward=-7.897503
Epoch: 731: 2022-04-27 09:49:54.444702
Epoch 732/1000, D_loss=0.383475, reward=-7.898318
Epoch: 732: 2022-04-27 09:50:39.378382
Epoch 733/1000, D_loss=0.383319, reward=-7.899530
Epoch: 733: 2022-04-27 09:51:24.532606
Epoch 734/1000, D_loss=0.384469, reward=-7.896848
Epoch: 734: 2022-04-27 09:52:10.098767
Epoch 735/1000, D_loss=0.382920, reward=-7.899818
Epoch: 735: 2022-04-27 09:52:54.971783
Epoch 736/1000, D_loss=0.381787, reward=-7.897757
Epoch: 736: 2022-04-27 09:53:39.727175
Epoch 737/1000, D_loss=0.384464, reward=-7.895611
Epoch: 737: 2022-04-27 09:54:25.152962
Epoch 738/1000, D_loss=0.382706, reward=-7.898346
Epoch: 738: 2022-04-27 09:55:09.987479
Epoch 739/1000, D_loss=0.384855, reward=-7.895321
Epoch: 739: 2022-04-27 09:55:54.875269
Epoch 740/1000, D_loss=0.384594, reward=-7.895100
Epoch: 740: 2022-04-27 09:56:39.915552
Epoch 741/1000, D_loss=0.384070, reward=-7.895558
Epoch: 741: 2022-04-27 09:57:24.798345
Epoch 742/1000, D_loss=0.384116, reward=-7.895658
Epoch: 742: 2022-04-27 09:58:10.342746
Epoch 743/1000, D_loss=0.383478, reward=-7.895912
Epoch: 743: 2022-04-27 09:58:55.062789
Epoch 744/1000, D_loss=0.384237, reward=-7.895373
Epoch: 744: 2022-04-27 09:59:39.843610
Epoch 745/1000, D_loss=0.383979, reward=-7.895669
Epoch: 745: 2022-04-27 10:00:25.185856
Epoch 746/1000, D_loss=0.384317, reward=-7.894443
Epoch: 746: 2022-04-27 10:01:10.233405
Epoch 747/1000, D_loss=0.384294, reward=-7.894765
Epoch: 747: 2022-04-27 10:01:55.176857
Epoch 748/1000, D_loss=0.384601, reward=-7.891996
Epoch: 748: 2022-04-27 10:02:40.483280
Epoch 749/1000, D_loss=0.384085, reward=-7.895201
Epoch: 749: 2022-04-27 10:03:25.317632
Epoch 750/1000, D_loss=0.383354, reward=-7.894964
Test_MRR=0.175305, Test_MR=2896.429289, Test_H@10=0.345219
Epoch: 750: 2022-04-27 10:10:20.563743
Epoch 751/1000, D_loss=0.383934, reward=-7.893240
Epoch: 751: 2022-04-27 10:11:05.824551
Epoch 752/1000, D_loss=0.385301, reward=-7.891678
Epoch: 752: 2022-04-27 10:11:50.714756
Epoch 753/1000, D_loss=0.383627, reward=-7.892815
Epoch: 753: 2022-04-27 10:12:35.571688
Epoch 754/1000, D_loss=0.384408, reward=-7.893257
Epoch: 754: 2022-04-27 10:13:20.785584
Epoch 755/1000, D_loss=0.384922, reward=-7.891810
Epoch: 755: 2022-04-27 10:14:05.885438
Epoch 756/1000, D_loss=0.384244, reward=-7.892733
Epoch: 756: 2022-04-27 10:14:52.008005
Epoch 757/1000, D_loss=0.384206, reward=-7.891744
Epoch: 757: 2022-04-27 10:15:37.077513
Epoch 758/1000, D_loss=0.384516, reward=-7.891159
Epoch: 758: 2022-04-27 10:16:22.233292
Epoch 759/1000, D_loss=0.384503, reward=-7.890663
Epoch: 759: 2022-04-27 10:17:07.526475
Epoch 760/1000, D_loss=0.384647, reward=-7.890439
Epoch: 760: 2022-04-27 10:17:52.715413
Epoch 761/1000, D_loss=0.384316, reward=-7.891079
Epoch: 761: 2022-04-27 10:18:37.529706
Epoch 762/1000, D_loss=0.383856, reward=-7.891238
Epoch: 762: 2022-04-27 10:19:22.958441
Epoch 763/1000, D_loss=0.384435, reward=-7.890292
Epoch: 763: 2022-04-27 10:20:08.133962
Epoch 764/1000, D_loss=0.383707, reward=-7.888630
Epoch: 764: 2022-04-27 10:20:52.994029
Epoch 765/1000, D_loss=0.384532, reward=-7.888924
Epoch: 765: 2022-04-27 10:21:38.253042
Epoch 766/1000, D_loss=0.385260, reward=-7.888196
Epoch: 766: 2022-04-27 10:22:23.172090
Epoch 767/1000, D_loss=0.385006, reward=-7.888010
Epoch: 767: 2022-04-27 10:23:08.391080
Epoch 768/1000, D_loss=0.384404, reward=-7.888877
Epoch: 768: 2022-04-27 10:23:53.686539
Epoch 769/1000, D_loss=0.385280, reward=-7.887235
Epoch: 769: 2022-04-27 10:24:39.206442
Epoch 770/1000, D_loss=0.385422, reward=-7.887733
Epoch: 770: 2022-04-27 10:25:24.072261
Epoch 771/1000, D_loss=0.385197, reward=-7.888849
Epoch: 771: 2022-04-27 10:26:09.114129
Epoch 772/1000, D_loss=0.385676, reward=-7.886490
Epoch: 772: 2022-04-27 10:26:55.511322
Epoch 773/1000, D_loss=0.383865, reward=-7.889030
Epoch: 773: 2022-04-27 10:27:41.248542
Epoch 774/1000, D_loss=0.384571, reward=-7.888005
Epoch: 774: 2022-04-27 10:28:26.476113
Epoch 775/1000, D_loss=0.384002, reward=-7.888073
Epoch: 775: 2022-04-27 10:29:12.126243
Epoch 776/1000, D_loss=0.383605, reward=-7.889722
Epoch: 776: 2022-04-27 10:29:57.113520
Epoch 777/1000, D_loss=0.384339, reward=-7.888049
Epoch: 777: 2022-04-27 10:30:42.732638
Epoch 778/1000, D_loss=0.385330, reward=-7.885047
Epoch: 778: 2022-04-27 10:31:28.156769
Epoch 779/1000, D_loss=0.385624, reward=-7.883994
Epoch: 779: 2022-04-27 10:32:13.200360
Epoch 780/1000, D_loss=0.384660, reward=-7.885048
Epoch: 780: 2022-04-27 10:32:58.452930
Epoch 781/1000, D_loss=0.384746, reward=-7.884996
Epoch: 781: 2022-04-27 10:33:43.670041
Epoch 782/1000, D_loss=0.386028, reward=-7.883790
Epoch: 782: 2022-04-27 10:34:29.145248
Epoch 783/1000, D_loss=0.384869, reward=-7.885455
Epoch: 783: 2022-04-27 10:35:14.238926
Epoch 784/1000, D_loss=0.385289, reward=-7.885565
Epoch: 784: 2022-04-27 10:35:59.273044
Epoch 785/1000, D_loss=0.385048, reward=-7.884068
Epoch: 785: 2022-04-27 10:36:44.701064
Epoch 786/1000, D_loss=0.385204, reward=-7.882823
Epoch: 786: 2022-04-27 10:37:30.203492
Epoch 787/1000, D_loss=0.384763, reward=-7.884376
Epoch: 787: 2022-04-27 10:38:15.692845
Epoch 788/1000, D_loss=0.384977, reward=-7.884064
Epoch: 788: 2022-04-27 10:39:01.898488
Epoch 789/1000, D_loss=0.384673, reward=-7.883733
Epoch: 789: 2022-04-27 10:39:47.573705
Epoch 790/1000, D_loss=0.385253, reward=-7.882303
Epoch: 790: 2022-04-27 10:40:33.480802
Epoch 791/1000, D_loss=0.386653, reward=-7.880810
Epoch: 791: 2022-04-27 10:41:19.699974
Epoch 792/1000, D_loss=0.385335, reward=-7.883356
Epoch: 792: 2022-04-27 10:42:05.765836
Epoch 793/1000, D_loss=0.386411, reward=-7.880587
Epoch: 793: 2022-04-27 10:42:51.255254
Epoch 794/1000, D_loss=0.385304, reward=-7.881097
Epoch: 794: 2022-04-27 10:43:36.668204
Epoch 795/1000, D_loss=0.386009, reward=-7.880181
Epoch: 795: 2022-04-27 10:44:23.458712
Epoch 796/1000, D_loss=0.384633, reward=-7.882753
Epoch: 796: 2022-04-27 10:45:09.020139
Epoch 797/1000, D_loss=0.385759, reward=-7.882324
Epoch: 797: 2022-04-27 10:45:54.184075
Epoch 798/1000, D_loss=0.385787, reward=-7.882524
Epoch: 798: 2022-04-27 10:46:40.941568
Epoch 799/1000, D_loss=0.384786, reward=-7.882812
Epoch: 799: 2022-04-27 10:47:26.914151
Epoch 800/1000, D_loss=0.384842, reward=-7.882391
Test_MRR=0.177974, Test_MR=2925.920751, Test_H@10=0.352049
Epoch: 800: 2022-04-27 10:54:34.035261
Epoch 801/1000, D_loss=0.386102, reward=-7.879173
Epoch: 801: 2022-04-27 10:55:19.753087
Epoch 802/1000, D_loss=0.386474, reward=-7.879636
Epoch: 802: 2022-04-27 10:56:05.282039
Epoch 803/1000, D_loss=0.384311, reward=-7.881837
Epoch: 803: 2022-04-27 10:56:50.791303
Epoch 804/1000, D_loss=0.386820, reward=-7.878101
Epoch: 804: 2022-04-27 10:57:35.891456
Epoch 805/1000, D_loss=0.386221, reward=-7.877875
Epoch: 805: 2022-04-27 10:58:21.065439
Epoch 806/1000, D_loss=0.385715, reward=-7.878942
Epoch: 806: 2022-04-27 10:59:05.995167
Epoch 807/1000, D_loss=0.386158, reward=-7.878132
Epoch: 807: 2022-04-27 10:59:51.606578
Epoch 808/1000, D_loss=0.386384, reward=-7.877953
Epoch: 808: 2022-04-27 11:00:37.007720
Epoch 809/1000, D_loss=0.386137, reward=-7.878828
Epoch: 809: 2022-04-27 11:01:22.949575
Epoch 810/1000, D_loss=0.386595, reward=-7.877550
Epoch: 810: 2022-04-27 11:02:08.138430
Epoch 811/1000, D_loss=0.385903, reward=-7.877920
Epoch: 811: 2022-04-27 11:02:53.445335
Epoch 812/1000, D_loss=0.385711, reward=-7.879514
Epoch: 812: 2022-04-27 11:03:38.621009
Epoch 813/1000, D_loss=0.386435, reward=-7.876582
Epoch: 813: 2022-04-27 11:04:24.060734
Epoch 814/1000, D_loss=0.385666, reward=-7.876645
Epoch: 814: 2022-04-27 11:05:09.553152
Epoch 815/1000, D_loss=0.386072, reward=-7.876816
Epoch: 815: 2022-04-27 11:05:55.001624
Epoch 816/1000, D_loss=0.386851, reward=-7.874778
Epoch: 816: 2022-04-27 11:06:41.297792
Epoch 817/1000, D_loss=0.385954, reward=-7.876902
Epoch: 817: 2022-04-27 11:07:27.115448
Epoch 818/1000, D_loss=0.386265, reward=-7.876894
Epoch: 818: 2022-04-27 11:08:12.540930
Epoch 819/1000, D_loss=0.386966, reward=-7.876373
Epoch: 819: 2022-04-27 11:08:58.027453
Epoch 820/1000, D_loss=0.386920, reward=-7.876045
Epoch: 820: 2022-04-27 11:09:43.509740
Epoch 821/1000, D_loss=0.386436, reward=-7.875811
Epoch: 821: 2022-04-27 11:10:28.950749
Epoch 822/1000, D_loss=0.385169, reward=-7.876498
Epoch: 822: 2022-04-27 11:11:14.287118
Epoch 823/1000, D_loss=0.386552, reward=-7.873592
Epoch: 823: 2022-04-27 11:11:59.539114
Epoch 824/1000, D_loss=0.385490, reward=-7.877314
Epoch: 824: 2022-04-27 11:12:45.109415
Epoch 825/1000, D_loss=0.387439, reward=-7.875488
Epoch: 825: 2022-04-27 11:13:30.301233
Epoch 826/1000, D_loss=0.387047, reward=-7.874859
Epoch: 826: 2022-04-27 11:14:15.485750
Epoch 827/1000, D_loss=0.386983, reward=-7.873875
Epoch: 827: 2022-04-27 11:15:00.690908
Epoch 828/1000, D_loss=0.386781, reward=-7.872822
Epoch: 828: 2022-04-27 11:15:46.467090
Epoch 829/1000, D_loss=0.387157, reward=-7.872454
Epoch: 829: 2022-04-27 11:16:32.267375
Epoch 830/1000, D_loss=0.386272, reward=-7.874107
Epoch: 830: 2022-04-27 11:17:18.521318
Epoch 831/1000, D_loss=0.386470, reward=-7.874018
Epoch: 831: 2022-04-27 11:18:03.944976
Epoch 832/1000, D_loss=0.386236, reward=-7.873763
Epoch: 832: 2022-04-27 11:18:49.707404
Epoch 833/1000, D_loss=0.386611, reward=-7.872871
Epoch: 833: 2022-04-27 11:19:34.992136
Epoch 834/1000, D_loss=0.386727, reward=-7.872139
Epoch: 834: 2022-04-27 11:20:20.449605
Epoch 835/1000, D_loss=0.386575, reward=-7.872568
Epoch: 835: 2022-04-27 11:21:05.793074
Epoch 836/1000, D_loss=0.386999, reward=-7.870910
Epoch: 836: 2022-04-27 11:21:51.474570
Epoch 837/1000, D_loss=0.387044, reward=-7.871163
Epoch: 837: 2022-04-27 11:22:37.196124
Epoch 838/1000, D_loss=0.386782, reward=-7.870382
Epoch: 838: 2022-04-27 11:23:22.620350
Epoch 839/1000, D_loss=0.386957, reward=-7.869412
Epoch: 839: 2022-04-27 11:24:08.124456
Epoch 840/1000, D_loss=0.386438, reward=-7.872277
Epoch: 840: 2022-04-27 11:24:53.674048
Epoch 841/1000, D_loss=0.387824, reward=-7.870298
Epoch: 841: 2022-04-27 11:25:38.949134
Epoch 842/1000, D_loss=0.388210, reward=-7.869491
Epoch: 842: 2022-04-27 11:26:24.616012
Epoch 843/1000, D_loss=0.387328, reward=-7.870567
Epoch: 843: 2022-04-27 11:27:10.192694
Epoch 844/1000, D_loss=0.387834, reward=-7.869382
Epoch: 844: 2022-04-27 11:27:56.484062
Epoch 845/1000, D_loss=0.386803, reward=-7.870121
Epoch: 845: 2022-04-27 11:28:41.908877
Epoch 846/1000, D_loss=0.385523, reward=-7.870805
Epoch: 846: 2022-04-27 11:29:27.269334
Epoch 847/1000, D_loss=0.387806, reward=-7.867778
Epoch: 847: 2022-04-27 11:30:12.753654
Epoch 848/1000, D_loss=0.387873, reward=-7.868995
Epoch: 848: 2022-04-27 11:30:58.827256
Epoch 849/1000, D_loss=0.386990, reward=-7.869988
Epoch: 849: 2022-04-27 11:31:44.854232
Epoch 850/1000, D_loss=0.387461, reward=-7.868446
Test_MRR=0.182818, Test_MR=2915.327742, Test_H@10=0.353254
Epoch: 850: 2022-04-27 11:38:47.416722
Epoch 851/1000, D_loss=0.386870, reward=-7.869432
Epoch: 851: 2022-04-27 11:39:33.063797
Epoch 852/1000, D_loss=0.386009, reward=-7.870743
Epoch: 852: 2022-04-27 11:40:18.878857
Epoch 853/1000, D_loss=0.387882, reward=-7.868395
Epoch: 853: 2022-04-27 11:41:04.063746
Epoch 854/1000, D_loss=0.387531, reward=-7.868483
Epoch: 854: 2022-04-27 11:41:49.581358
Epoch 855/1000, D_loss=0.388205, reward=-7.866702
Epoch: 855: 2022-04-27 11:42:35.065739
Epoch 856/1000, D_loss=0.387231, reward=-7.869866
Epoch: 856: 2022-04-27 11:43:20.986867
Epoch 857/1000, D_loss=0.387246, reward=-7.867924
Epoch: 857: 2022-04-27 11:44:07.227898
Epoch 858/1000, D_loss=0.388430, reward=-7.866038
Epoch: 858: 2022-04-27 11:44:52.611728
Epoch 859/1000, D_loss=0.386760, reward=-7.867745
Epoch: 859: 2022-04-27 11:45:39.721163
Epoch 860/1000, D_loss=0.387012, reward=-7.866448
Epoch: 860: 2022-04-27 11:46:25.640767
Epoch 861/1000, D_loss=0.386919, reward=-7.867892
Epoch: 861: 2022-04-27 11:47:12.078326
Epoch 862/1000, D_loss=0.388814, reward=-7.865391
Epoch: 862: 2022-04-27 11:47:57.738392
Epoch 863/1000, D_loss=0.386546, reward=-7.867023
Epoch: 863: 2022-04-27 11:48:43.865392
Epoch 864/1000, D_loss=0.387557, reward=-7.865607
Epoch: 864: 2022-04-27 11:49:30.072545
Epoch 865/1000, D_loss=0.387962, reward=-7.864615
Epoch: 865: 2022-04-27 11:50:16.354742
Epoch 866/1000, D_loss=0.388275, reward=-7.865181
Epoch: 866: 2022-04-27 11:51:02.435395
Epoch 867/1000, D_loss=0.388489, reward=-7.864119
Epoch: 867: 2022-04-27 11:51:49.276256
Epoch 868/1000, D_loss=0.387212, reward=-7.865298
Epoch: 868: 2022-04-27 11:52:35.717960
Epoch 869/1000, D_loss=0.386315, reward=-7.866527
Epoch: 869: 2022-04-27 11:53:21.467575
Epoch 870/1000, D_loss=0.387202, reward=-7.865492
Epoch: 870: 2022-04-27 11:54:09.345031
Epoch 871/1000, D_loss=0.389422, reward=-7.862148
Epoch: 871: 2022-04-27 11:54:54.887463
Epoch 872/1000, D_loss=0.387669, reward=-7.866219
Epoch: 872: 2022-04-27 11:55:40.848255
Epoch 873/1000, D_loss=0.389450, reward=-7.860191
Epoch: 873: 2022-04-27 11:56:26.107648
Epoch 874/1000, D_loss=0.388008, reward=-7.862342
Epoch: 874: 2022-04-27 11:57:11.961084
Epoch 875/1000, D_loss=0.388815, reward=-7.861163
Epoch: 875: 2022-04-27 11:57:57.471004
Epoch 876/1000, D_loss=0.387544, reward=-7.864236
Epoch: 876: 2022-04-27 11:58:42.969007
Epoch 877/1000, D_loss=0.387634, reward=-7.862875
Epoch: 877: 2022-04-27 11:59:28.225622
Epoch 878/1000, D_loss=0.387977, reward=-7.862405
Epoch: 878: 2022-04-27 12:00:14.278879
Epoch 879/1000, D_loss=0.388478, reward=-7.861662
Epoch: 879: 2022-04-27 12:01:00.084227
Epoch 880/1000, D_loss=0.387659, reward=-7.861802
Epoch: 880: 2022-04-27 12:01:45.390739
Epoch 881/1000, D_loss=0.388785, reward=-7.861705
Epoch: 881: 2022-04-27 12:02:30.946884
Epoch 882/1000, D_loss=0.389133, reward=-7.859909
Epoch: 882: 2022-04-27 12:03:16.445434
Epoch 883/1000, D_loss=0.389216, reward=-7.859949
Epoch: 883: 2022-04-27 12:04:01.966702
Epoch 884/1000, D_loss=0.388727, reward=-7.858490
Epoch: 884: 2022-04-27 12:04:47.496374
Epoch 885/1000, D_loss=0.388959, reward=-7.860408
Epoch: 885: 2022-04-27 12:05:32.917166
Epoch 886/1000, D_loss=0.388429, reward=-7.860350
Epoch: 886: 2022-04-27 12:06:18.543754
Epoch 887/1000, D_loss=0.388277, reward=-7.860224
Epoch: 887: 2022-04-27 12:07:04.228767
Epoch 888/1000, D_loss=0.388478, reward=-7.859738
Epoch: 888: 2022-04-27 12:07:49.811385
Epoch 889/1000, D_loss=0.388243, reward=-7.859807
Epoch: 889: 2022-04-27 12:08:35.041146
Epoch 890/1000, D_loss=0.387089, reward=-7.860789
Epoch: 890: 2022-04-27 12:09:20.395959
Epoch 891/1000, D_loss=0.388548, reward=-7.859004
Epoch: 891: 2022-04-27 12:10:06.080070
Epoch 892/1000, D_loss=0.388265, reward=-7.858687
Epoch: 892: 2022-04-27 12:10:51.496674
Epoch 893/1000, D_loss=0.389775, reward=-7.856105
Epoch: 893: 2022-04-27 12:11:36.942547
Epoch 894/1000, D_loss=0.389654, reward=-7.857755
Epoch: 894: 2022-04-27 12:12:22.212983
Epoch 895/1000, D_loss=0.389063, reward=-7.858750
Epoch: 895: 2022-04-27 12:13:07.511176
Epoch 896/1000, D_loss=0.388498, reward=-7.859354
Epoch: 896: 2022-04-27 12:13:52.675580
Epoch 897/1000, D_loss=0.389135, reward=-7.858403
Epoch: 897: 2022-04-27 12:14:38.141796
Epoch 898/1000, D_loss=0.389487, reward=-7.856973
Epoch: 898: 2022-04-27 12:15:23.813351
Epoch 899/1000, D_loss=0.388406, reward=-7.858192
Epoch: 899: 2022-04-27 12:16:09.724374
Epoch 900/1000, D_loss=0.388502, reward=-7.858039
Test_MRR=0.180168, Test_MR=2817.772599, Test_H@10=0.356167
Epoch: 900: 2022-04-27 12:23:04.608933
Epoch 901/1000, D_loss=0.388723, reward=-7.856902
Epoch: 901: 2022-04-27 12:23:50.361736
Epoch 902/1000, D_loss=0.388996, reward=-7.857251
Epoch: 902: 2022-04-27 12:24:35.633361
Epoch 903/1000, D_loss=0.388313, reward=-7.859154
Epoch: 903: 2022-04-27 12:25:21.198395
Epoch 904/1000, D_loss=0.389324, reward=-7.855445
Epoch: 904: 2022-04-27 12:26:07.422012
Epoch 905/1000, D_loss=0.388275, reward=-7.858171
Epoch: 905: 2022-04-27 12:26:53.251842
Epoch 906/1000, D_loss=0.389530, reward=-7.856613
Epoch: 906: 2022-04-27 12:27:38.603775
Epoch 907/1000, D_loss=0.389137, reward=-7.857711
Epoch: 907: 2022-04-27 12:28:24.247521
Epoch 908/1000, D_loss=0.389320, reward=-7.856177
Epoch: 908: 2022-04-27 12:29:09.806026
Epoch 909/1000, D_loss=0.389813, reward=-7.854321
Epoch: 909: 2022-04-27 12:29:55.865096
Epoch 910/1000, D_loss=0.389769, reward=-7.854156
Epoch: 910: 2022-04-27 12:30:41.769366
Epoch 911/1000, D_loss=0.389128, reward=-7.853947
Epoch: 911: 2022-04-27 12:31:27.285914
Epoch 912/1000, D_loss=0.389809, reward=-7.853874
Epoch: 912: 2022-04-27 12:32:13.037572
Epoch 913/1000, D_loss=0.388381, reward=-7.856130
Epoch: 913: 2022-04-27 12:32:58.813387
Epoch 914/1000, D_loss=0.388445, reward=-7.855116
Epoch: 914: 2022-04-27 12:33:45.428471
Epoch 915/1000, D_loss=0.389095, reward=-7.854474
Epoch: 915: 2022-04-27 12:34:31.342681
Epoch 916/1000, D_loss=0.389737, reward=-7.853133
Epoch: 916: 2022-04-27 12:35:16.977630
Epoch 917/1000, D_loss=0.388818, reward=-7.854667
Epoch: 917: 2022-04-27 12:36:02.506069
Epoch 918/1000, D_loss=0.390115, reward=-7.853109
Epoch: 918: 2022-04-27 12:36:48.287529
Epoch 919/1000, D_loss=0.388383, reward=-7.855635
Epoch: 919: 2022-04-27 12:37:34.261686
Epoch 920/1000, D_loss=0.389501, reward=-7.854373
Epoch: 920: 2022-04-27 12:38:20.316203
Epoch 921/1000, D_loss=0.387307, reward=-7.855461
Epoch: 921: 2022-04-27 12:39:06.423682
Epoch 922/1000, D_loss=0.389363, reward=-7.853866
Epoch: 922: 2022-04-27 12:39:51.991607
Epoch 923/1000, D_loss=0.389814, reward=-7.852204
Epoch: 923: 2022-04-27 12:40:37.683886
Epoch 924/1000, D_loss=0.388920, reward=-7.852610
Epoch: 924: 2022-04-27 12:41:23.277669
Epoch 925/1000, D_loss=0.389261, reward=-7.851811
Epoch: 925: 2022-04-27 12:42:09.002113
Epoch 926/1000, D_loss=0.389893, reward=-7.851597
Epoch: 926: 2022-04-27 12:42:54.822120
Epoch 927/1000, D_loss=0.390235, reward=-7.851137
Epoch: 927: 2022-04-27 12:43:40.650618
Epoch 928/1000, D_loss=0.389581, reward=-7.852358
Epoch: 928: 2022-04-27 12:44:26.504339
Epoch 929/1000, D_loss=0.388153, reward=-7.854540
Epoch: 929: 2022-04-27 12:45:12.071409
Epoch 930/1000, D_loss=0.388958, reward=-7.854321
Epoch: 930: 2022-04-27 12:45:58.051396
Epoch 931/1000, D_loss=0.389509, reward=-7.852873
Epoch: 931: 2022-04-27 12:46:43.773345
Epoch 932/1000, D_loss=0.388332, reward=-7.853093
Epoch: 932: 2022-04-27 12:47:29.774786
Epoch 933/1000, D_loss=0.389847, reward=-7.850784
Epoch: 933: 2022-04-27 12:48:15.247508
Epoch 934/1000, D_loss=0.390144, reward=-7.848588
Epoch: 934: 2022-04-27 12:49:01.799187
Epoch 935/1000, D_loss=0.390349, reward=-7.848447
Epoch: 935: 2022-04-27 12:49:47.517553
Epoch 936/1000, D_loss=0.390787, reward=-7.848671
Epoch: 936: 2022-04-27 12:50:33.044879
Epoch 937/1000, D_loss=0.390199, reward=-7.848646
Epoch: 937: 2022-04-27 12:51:18.731273
Epoch 938/1000, D_loss=0.390409, reward=-7.847886
Epoch: 938: 2022-04-27 12:52:04.435927
Epoch 939/1000, D_loss=0.390197, reward=-7.847371
Epoch: 939: 2022-04-27 12:52:52.182878
Epoch 940/1000, D_loss=0.388417, reward=-7.850194
Epoch: 940: 2022-04-27 12:53:37.935635
Epoch 941/1000, D_loss=0.390263, reward=-7.847828
Epoch: 941: 2022-04-27 12:54:23.978475
Epoch 942/1000, D_loss=0.389689, reward=-7.849411
Epoch: 942: 2022-04-27 12:55:10.471518
Epoch 943/1000, D_loss=0.388857, reward=-7.851149
Epoch: 943: 2022-04-27 12:55:55.881950
Epoch 944/1000, D_loss=0.390621, reward=-7.847978
Epoch: 944: 2022-04-27 12:56:41.917296
Epoch 945/1000, D_loss=0.390401, reward=-7.848755
Epoch: 945: 2022-04-27 12:57:27.455885
Epoch 946/1000, D_loss=0.390632, reward=-7.848042
Epoch: 946: 2022-04-27 12:58:13.315929
Epoch 947/1000, D_loss=0.390406, reward=-7.847934
Epoch: 947: 2022-04-27 12:58:58.667477
Epoch 948/1000, D_loss=0.391428, reward=-7.846270
Epoch: 948: 2022-04-27 12:59:44.386972
Epoch 949/1000, D_loss=0.390985, reward=-7.847452
Epoch: 949: 2022-04-27 13:00:30.515202
Epoch 950/1000, D_loss=0.390429, reward=-7.847538
Test_MRR=0.182994, Test_MR=2812.772800, Test_H@10=0.352853
Epoch: 950: 2022-04-27 13:07:27.645426
Epoch 951/1000, D_loss=0.389123, reward=-7.849121
Epoch: 951: 2022-04-27 13:08:13.330411
Epoch 952/1000, D_loss=0.390306, reward=-7.847509
Epoch: 952: 2022-04-27 13:08:58.855523
Epoch 953/1000, D_loss=0.389588, reward=-7.848687
Epoch: 953: 2022-04-27 13:09:44.523252
Epoch 954/1000, D_loss=0.390793, reward=-7.846493
Epoch: 954: 2022-04-27 13:10:30.876921
Epoch 955/1000, D_loss=0.389845, reward=-7.846378
Epoch: 955: 2022-04-27 13:11:16.353906
Epoch 956/1000, D_loss=0.389383, reward=-7.846637
Epoch: 956: 2022-04-27 13:12:01.721217
Epoch 957/1000, D_loss=0.389357, reward=-7.845373
Epoch: 957: 2022-04-27 13:12:47.345971
Epoch 958/1000, D_loss=0.391312, reward=-7.843401
Epoch: 958: 2022-04-27 13:13:33.078092
Epoch 959/1000, D_loss=0.391120, reward=-7.842039
Epoch: 959: 2022-04-27 13:14:18.987090
Epoch 960/1000, D_loss=0.390865, reward=-7.842060
Epoch: 960: 2022-04-27 13:15:04.496260
Epoch 961/1000, D_loss=0.391000, reward=-7.842070
Epoch: 961: 2022-04-27 13:15:50.196323
Epoch 962/1000, D_loss=0.390908, reward=-7.843219
Epoch: 962: 2022-04-27 13:16:35.953698
Epoch 963/1000, D_loss=0.389064, reward=-7.845107
Epoch: 963: 2022-04-27 13:17:21.186016
Epoch 964/1000, D_loss=0.391395, reward=-7.841750
Epoch: 964: 2022-04-27 13:18:06.758662
Epoch 965/1000, D_loss=0.390450, reward=-7.843854
Epoch: 965: 2022-04-27 13:18:52.545732
Epoch 966/1000, D_loss=0.390601, reward=-7.842527
Epoch: 966: 2022-04-27 13:19:38.423362
Epoch 967/1000, D_loss=0.391587, reward=-7.841944
Epoch: 967: 2022-04-27 13:20:24.543941
Epoch 968/1000, D_loss=0.390938, reward=-7.844538
Epoch: 968: 2022-04-27 13:21:10.358991
Epoch 969/1000, D_loss=0.390878, reward=-7.842432
Epoch: 969: 2022-04-27 13:21:56.759721
Epoch 970/1000, D_loss=0.392355, reward=-7.840578
Epoch: 970: 2022-04-27 13:22:42.880605
Epoch 971/1000, D_loss=0.390332, reward=-7.842692
Epoch: 971: 2022-04-27 13:23:29.076853
Epoch 972/1000, D_loss=0.391087, reward=-7.841890
Epoch: 972: 2022-04-27 13:24:15.099546
Epoch 973/1000, D_loss=0.390438, reward=-7.842672
Epoch: 973: 2022-04-27 13:25:00.775306
Epoch 974/1000, D_loss=0.390208, reward=-7.843338
Epoch: 974: 2022-04-27 13:25:46.602532
Epoch 975/1000, D_loss=0.390696, reward=-7.843192
Epoch: 975: 2022-04-27 13:26:32.306772
Epoch 976/1000, D_loss=0.391226, reward=-7.841728
Epoch: 976: 2022-04-27 13:27:18.165860
Epoch 977/1000, D_loss=0.391060, reward=-7.841329
Epoch: 977: 2022-04-27 13:28:03.847076
Epoch 978/1000, D_loss=0.390909, reward=-7.841555
Epoch: 978: 2022-04-27 13:28:49.794280
Epoch 979/1000, D_loss=0.390999, reward=-7.840996
Epoch: 979: 2022-04-27 13:29:35.657242
Epoch 980/1000, D_loss=0.390704, reward=-7.841232
Epoch: 980: 2022-04-27 13:30:21.475864
Epoch 981/1000, D_loss=0.390883, reward=-7.839993
Epoch: 981: 2022-04-27 13:31:07.507033
Epoch 982/1000, D_loss=0.390639, reward=-7.842850
Epoch: 982: 2022-04-27 13:31:53.307598
Epoch 983/1000, D_loss=0.389622, reward=-7.843344
Epoch: 983: 2022-04-27 13:32:38.802268
Epoch 984/1000, D_loss=0.390745, reward=-7.841045
Epoch: 984: 2022-04-27 13:33:24.272297
Epoch 985/1000, D_loss=0.390812, reward=-7.840572
Epoch: 985: 2022-04-27 13:34:09.910842
Epoch 986/1000, D_loss=0.390447, reward=-7.839834
Epoch: 986: 2022-04-27 13:34:55.560881
Epoch 987/1000, D_loss=0.390675, reward=-7.839458
Epoch: 987: 2022-04-27 13:35:41.057713
Epoch 988/1000, D_loss=0.391583, reward=-7.838220
Epoch: 988: 2022-04-27 13:36:26.534819
Epoch 989/1000, D_loss=0.391811, reward=-7.836021
Epoch: 989: 2022-04-27 13:37:12.114481
Epoch 990/1000, D_loss=0.391666, reward=-7.837317
Epoch: 990: 2022-04-27 13:37:57.905620
Epoch 991/1000, D_loss=0.391943, reward=-7.837781
Epoch: 991: 2022-04-27 13:38:44.335192
Epoch 992/1000, D_loss=0.391398, reward=-7.838403
Epoch: 992: 2022-04-27 13:39:30.365420
Epoch 993/1000, D_loss=0.390648, reward=-7.840300
Epoch: 993: 2022-04-27 13:40:15.656048
Epoch 994/1000, D_loss=0.390708, reward=-7.839572
Epoch: 994: 2022-04-27 13:41:00.920882
Epoch 995/1000, D_loss=0.390822, reward=-7.839014
Epoch: 995: 2022-04-27 13:41:46.429048
Epoch 996/1000, D_loss=0.391282, reward=-7.836590
Epoch: 996: 2022-04-27 13:42:32.193373
Epoch 997/1000, D_loss=0.392000, reward=-7.836518
Epoch: 997: 2022-04-27 13:43:18.250448
Epoch 998/1000, D_loss=0.390201, reward=-7.839846
Epoch: 998: 2022-04-27 13:44:03.751275
Epoch 999/1000, D_loss=0.390541, reward=-7.837758
Epoch: 999: 2022-04-27 13:44:49.416677
Epoch 1000/1000, D_loss=0.390836, reward=-7.837883
Test_MRR=0.184566, Test_MR=2820.915830, Test_H@10=0.358980
Best Performance:
Test_MRR=0.177923, Test_MR=2905.323866, Test_H@10=0.350060
