pretrain_config=TransE
g_config=DistMult
d_config=TransE
test_batch_size=50
task.dir=yago3_10
task.type=link
adv.use_pretrained_models=False
adv.n_sample=20
adv.sample_type=original
adv.measure_type=entropy
adv.n_epoch=1000
adv.n_batch=200
adv.epoch_per_test=50
adv.temperature=1.0
TransE.dim=50
TransE.margin=3
TransE.p=1
TransE.n_epoch=1000
TransE.n_batch=200
TransE.epoch_per_test=50
TransE.model_file=transe.mdl
TransD.dim=50
TransD.margin=3
TransD.p=1
TransD.n_epoch=1000
TransD.n_batch=500
TransD.epoch_per_test=50
TransD.model_file=transd.mdl
DistMult.dim=50
DistMult.lam=0.1
DistMult.n_sample=20
DistMult.sample_freq=1
DistMult.n_epoch=1000
DistMult.n_batch=200
DistMult.epoch_per_test=50
DistMult.model_file=distmult.mdl
ComplEx.dim=25
ComplEx.lam=0.1
ComplEx.n_sample=20
ComplEx.sample_freq=1
ComplEx.n_epoch=1000
ComplEx.n_batch=200
ComplEx.epoch_per_test=50
ComplEx.model_file=complex.mdl
log.dump_config=False
log.log_train=True
log.log_config=True
log.dir=./logs
log.log_advtrain_graphs=True
log.log_pretrain_graph=True
log.graph_every_nth_epoch=10
2022-04-26 23:27:49.866717
Test_MRR=0.000071, Test_MR=61730.290345, Test_H@10=0.000000
Epoch: 0: 2022-04-26 23:34:28.369394
Epoch 1/1000, D_loss=2.581921, reward=-9.203452
Epoch: 1: 2022-04-26 23:34:56.027345
Epoch 2/1000, D_loss=1.919557, reward=-8.500832
Epoch: 2: 2022-04-26 23:35:23.903194
Epoch 3/1000, D_loss=1.571448, reward=-8.099269
Epoch: 3: 2022-04-26 23:35:51.904695
Epoch 4/1000, D_loss=1.340449, reward=-7.841783
Epoch: 4: 2022-04-26 23:36:18.991978
Epoch 5/1000, D_loss=1.172426, reward=-7.667079
Epoch: 5: 2022-04-26 23:36:47.227499
Epoch 6/1000, D_loss=1.048578, reward=-7.545027
Epoch: 6: 2022-04-26 23:37:14.939224
Epoch 7/1000, D_loss=0.951820, reward=-7.470881
Epoch: 7: 2022-04-26 23:37:42.965655
Epoch 8/1000, D_loss=0.873394, reward=-7.427335
Epoch: 8: 2022-04-26 23:38:10.846270
Epoch 9/1000, D_loss=0.802527, reward=-7.414154
Epoch: 9: 2022-04-26 23:38:38.561176
Epoch 10/1000, D_loss=0.736930, reward=-7.423355
Epoch: 10: 2022-04-26 23:39:06.364354
Epoch 11/1000, D_loss=0.681592, reward=-7.445329
Epoch: 11: 2022-04-26 23:39:33.868365
Epoch 12/1000, D_loss=0.623722, reward=-7.487933
Epoch: 12: 2022-04-26 23:40:01.408395
Epoch 13/1000, D_loss=0.575702, reward=-7.532321
Epoch: 13: 2022-04-26 23:40:28.218290
Epoch 14/1000, D_loss=0.529892, reward=-7.583979
Epoch: 14: 2022-04-26 23:40:55.718807
Epoch 15/1000, D_loss=0.485743, reward=-7.643214
Epoch: 15: 2022-04-26 23:41:23.240480
Epoch 16/1000, D_loss=0.450983, reward=-7.696805
Epoch: 16: 2022-04-26 23:41:50.785693
Epoch 17/1000, D_loss=0.419429, reward=-7.749743
Epoch: 17: 2022-04-26 23:42:18.306434
Epoch 18/1000, D_loss=0.392009, reward=-7.800781
Epoch: 18: 2022-04-26 23:42:46.172669
Epoch 19/1000, D_loss=0.369352, reward=-7.848783
Epoch: 19: 2022-04-26 23:43:13.141032
Epoch 20/1000, D_loss=0.348717, reward=-7.890951
Epoch: 20: 2022-04-26 23:43:40.590350
Epoch 21/1000, D_loss=0.331407, reward=-7.929957
Epoch: 21: 2022-04-26 23:44:08.179037
Epoch 22/1000, D_loss=0.313437, reward=-7.967403
Epoch: 22: 2022-04-26 23:44:34.928042
Epoch 23/1000, D_loss=0.301766, reward=-7.991739
Epoch: 23: 2022-04-26 23:45:02.669794
Epoch 24/1000, D_loss=0.293992, reward=-8.005454
Epoch: 24: 2022-04-26 23:45:29.330695
Epoch 25/1000, D_loss=0.291395, reward=-8.006298
Epoch: 25: 2022-04-26 23:45:56.980973
Epoch 26/1000, D_loss=0.290993, reward=-7.998390
Epoch: 26: 2022-04-26 23:46:23.819337
Epoch 27/1000, D_loss=0.290196, reward=-7.991997
Epoch: 27: 2022-04-26 23:46:51.676577
Epoch 28/1000, D_loss=0.290206, reward=-7.984122
Epoch: 28: 2022-04-26 23:47:18.404530
Epoch 29/1000, D_loss=0.289411, reward=-7.981550
Epoch: 29: 2022-04-26 23:47:45.954127
Epoch 30/1000, D_loss=0.289348, reward=-7.978043
Epoch: 30: 2022-04-26 23:48:13.469698
Epoch 31/1000, D_loss=0.284790, reward=-7.981521
Epoch: 31: 2022-04-26 23:48:40.994081
Epoch 32/1000, D_loss=0.284001, reward=-7.976418
Epoch: 32: 2022-04-26 23:49:08.499432
Epoch 33/1000, D_loss=0.280984, reward=-7.973365
Epoch: 33: 2022-04-26 23:49:36.086606
Epoch 34/1000, D_loss=0.276791, reward=-7.972304
Epoch: 34: 2022-04-26 23:50:03.670417
Epoch 35/1000, D_loss=0.273257, reward=-7.968578
Epoch: 35: 2022-04-26 23:50:31.389767
Epoch 36/1000, D_loss=0.269378, reward=-7.965984
Epoch: 36: 2022-04-26 23:50:59.465251
Epoch 37/1000, D_loss=0.266534, reward=-7.964022
Epoch: 37: 2022-04-26 23:51:27.103710
Epoch 38/1000, D_loss=0.262266, reward=-7.964104
Epoch: 38: 2022-04-26 23:51:54.598119
Epoch 39/1000, D_loss=0.259143, reward=-7.963931
Epoch: 39: 2022-04-26 23:52:22.123569
Epoch 40/1000, D_loss=0.257663, reward=-7.964647
Epoch: 40: 2022-04-26 23:52:49.904053
Epoch 41/1000, D_loss=0.253448, reward=-7.967355
Epoch: 41: 2022-04-26 23:53:17.500947
Epoch 42/1000, D_loss=0.251273, reward=-7.969498
Epoch: 42: 2022-04-26 23:53:44.212848
Epoch 43/1000, D_loss=0.247916, reward=-7.972901
Epoch: 43: 2022-04-26 23:54:11.700505
Epoch 44/1000, D_loss=0.246766, reward=-7.969659
Epoch: 44: 2022-04-26 23:54:38.467760
Epoch 45/1000, D_loss=0.244738, reward=-7.977224
Epoch: 45: 2022-04-26 23:55:06.128262
Epoch 46/1000, D_loss=0.242775, reward=-7.975022
Epoch: 46: 2022-04-26 23:55:33.646259
Epoch 47/1000, D_loss=0.242955, reward=-7.976424
Epoch: 47: 2022-04-26 23:56:01.159169
Epoch 48/1000, D_loss=0.241660, reward=-7.978617
Epoch: 48: 2022-04-26 23:56:28.695592
Epoch 49/1000, D_loss=0.242548, reward=-7.977411
Epoch: 49: 2022-04-26 23:56:56.238489
Epoch 50/1000, D_loss=0.244501, reward=-7.971894
Test_MRR=0.110492, Test_MR=1826.597931, Test_H@10=0.217959
Epoch: 50: 2022-04-27 00:03:38.621566
Epoch 51/1000, D_loss=0.246893, reward=-7.967673
Epoch: 51: 2022-04-27 00:04:05.168078
Epoch 52/1000, D_loss=0.249468, reward=-7.962712
Epoch: 52: 2022-04-27 00:04:32.440206
Epoch 53/1000, D_loss=0.252107, reward=-7.957543
Epoch: 53: 2022-04-27 00:04:58.838801
Epoch 54/1000, D_loss=0.254674, reward=-7.950094
Epoch: 54: 2022-04-27 00:05:25.983805
Epoch 55/1000, D_loss=0.258304, reward=-7.945562
Epoch: 55: 2022-04-27 00:05:53.252488
Epoch 56/1000, D_loss=0.260922, reward=-7.941485
Epoch: 56: 2022-04-27 00:06:19.616808
Epoch 57/1000, D_loss=0.261953, reward=-7.940486
Epoch: 57: 2022-04-27 00:06:46.807744
Epoch 58/1000, D_loss=0.264599, reward=-7.935927
Epoch: 58: 2022-04-27 00:07:13.177373
Epoch 59/1000, D_loss=0.266876, reward=-7.935001
Epoch: 59: 2022-04-27 00:07:40.364551
Epoch 60/1000, D_loss=0.265976, reward=-7.938319
Epoch: 60: 2022-04-27 00:08:06.746098
Epoch 61/1000, D_loss=0.267969, reward=-7.935785
Epoch: 61: 2022-04-27 00:08:34.136838
Epoch 62/1000, D_loss=0.268775, reward=-7.939832
Epoch: 62: 2022-04-27 00:09:01.302847
Epoch 63/1000, D_loss=0.268464, reward=-7.942959
Epoch: 63: 2022-04-27 00:09:28.510643
Epoch 64/1000, D_loss=0.268897, reward=-7.946487
Epoch: 64: 2022-04-27 00:09:55.789450
Epoch 65/1000, D_loss=0.269047, reward=-7.950335
Epoch: 65: 2022-04-27 00:10:22.225859
Epoch 66/1000, D_loss=0.270948, reward=-7.951652
Epoch: 66: 2022-04-27 00:10:49.430886
Epoch 67/1000, D_loss=0.270322, reward=-7.955275
Epoch: 67: 2022-04-27 00:11:15.803118
Epoch 68/1000, D_loss=0.270037, reward=-7.961648
Epoch: 68: 2022-04-27 00:11:43.028093
Epoch 69/1000, D_loss=0.269648, reward=-7.966983
Epoch: 69: 2022-04-27 00:12:10.288025
Epoch 70/1000, D_loss=0.270308, reward=-7.970302
Epoch: 70: 2022-04-27 00:12:37.630405
Epoch 71/1000, D_loss=0.270424, reward=-7.971780
Epoch: 71: 2022-04-27 00:13:04.027905
Epoch 72/1000, D_loss=0.270196, reward=-7.976631
Epoch: 72: 2022-04-27 00:13:31.169707
Epoch 73/1000, D_loss=0.270389, reward=-7.980855
Epoch: 73: 2022-04-27 00:13:58.391752
Epoch 74/1000, D_loss=0.271427, reward=-7.982703
Epoch: 74: 2022-04-27 00:14:24.831310
Epoch 75/1000, D_loss=0.270967, reward=-7.988265
Epoch: 75: 2022-04-27 00:14:52.148174
Epoch 76/1000, D_loss=0.270370, reward=-7.991581
Epoch: 76: 2022-04-27 00:15:19.027655
Epoch 77/1000, D_loss=0.270903, reward=-7.993191
Epoch: 77: 2022-04-27 00:15:46.406599
Epoch 78/1000, D_loss=0.272550, reward=-7.997220
Epoch: 78: 2022-04-27 00:16:13.840571
Epoch 79/1000, D_loss=0.272240, reward=-7.999243
Epoch: 79: 2022-04-27 00:16:41.348949
Epoch 80/1000, D_loss=0.273295, reward=-8.001247
Epoch: 80: 2022-04-27 00:17:08.752665
Epoch 81/1000, D_loss=0.274455, reward=-8.003166
Epoch: 81: 2022-04-27 00:17:36.323412
Epoch 82/1000, D_loss=0.273770, reward=-8.006902
Epoch: 82: 2022-04-27 00:18:02.776557
Epoch 83/1000, D_loss=0.274368, reward=-8.009409
Epoch: 83: 2022-04-27 00:18:30.507905
Epoch 84/1000, D_loss=0.274824, reward=-8.010392
Epoch: 84: 2022-04-27 00:18:57.758852
Epoch 85/1000, D_loss=0.275661, reward=-8.012503
Epoch: 85: 2022-04-27 00:19:25.218145
Epoch 86/1000, D_loss=0.274612, reward=-8.014463
Epoch: 86: 2022-04-27 00:19:51.969193
Epoch 87/1000, D_loss=0.277070, reward=-8.013857
Epoch: 87: 2022-04-27 00:20:19.472422
Epoch 88/1000, D_loss=0.279123, reward=-8.014276
Epoch: 88: 2022-04-27 00:20:46.886184
Epoch 89/1000, D_loss=0.280788, reward=-8.013548
Epoch: 89: 2022-04-27 00:21:14.531607
Epoch 90/1000, D_loss=0.281258, reward=-8.013510
Epoch: 90: 2022-04-27 00:21:42.149996
Epoch 91/1000, D_loss=0.280818, reward=-8.016466
Epoch: 91: 2022-04-27 00:22:10.027330
Epoch 92/1000, D_loss=0.283226, reward=-8.016046
Epoch: 92: 2022-04-27 00:22:36.806502
Epoch 93/1000, D_loss=0.284568, reward=-8.016710
Epoch: 93: 2022-04-27 00:23:04.197138
Epoch 94/1000, D_loss=0.285475, reward=-8.016242
Epoch: 94: 2022-04-27 00:23:30.907873
Epoch 95/1000, D_loss=0.286979, reward=-8.015706
Epoch: 95: 2022-04-27 00:23:58.517538
Epoch 96/1000, D_loss=0.287089, reward=-8.017771
Epoch: 96: 2022-04-27 00:24:26.440278
Epoch 97/1000, D_loss=0.289012, reward=-8.015156
Epoch: 97: 2022-04-27 00:24:53.901313
Epoch 98/1000, D_loss=0.289705, reward=-8.014636
Epoch: 98: 2022-04-27 00:25:21.732712
Epoch 99/1000, D_loss=0.291600, reward=-8.013412
Epoch: 99: 2022-04-27 00:25:48.447209
Epoch 100/1000, D_loss=0.292419, reward=-8.011609
Test_MRR=0.118655, Test_MR=1763.603254, Test_H@10=0.248393
Epoch: 100: 2022-04-27 00:32:20.816653
Epoch 101/1000, D_loss=0.293403, reward=-8.011869
Epoch: 101: 2022-04-27 00:32:47.486557
Epoch 102/1000, D_loss=0.294659, reward=-8.010048
Epoch: 102: 2022-04-27 00:33:14.880657
Epoch 103/1000, D_loss=0.294935, reward=-8.011508
Epoch: 103: 2022-04-27 00:33:41.373782
Epoch 104/1000, D_loss=0.296372, reward=-8.010739
Epoch: 104: 2022-04-27 00:34:08.745761
Epoch 105/1000, D_loss=0.297454, reward=-8.010918
Epoch: 105: 2022-04-27 00:34:35.490552
Epoch 106/1000, D_loss=0.298077, reward=-8.012939
Epoch: 106: 2022-04-27 00:35:02.835165
Epoch 107/1000, D_loss=0.300127, reward=-8.008633
Epoch: 107: 2022-04-27 00:35:30.309781
Epoch 108/1000, D_loss=0.300649, reward=-8.007660
Epoch: 108: 2022-04-27 00:35:57.726496
Epoch 109/1000, D_loss=0.300933, reward=-8.009037
Epoch: 109: 2022-04-27 00:36:25.389935
Epoch 110/1000, D_loss=0.302834, reward=-8.009015
Epoch: 110: 2022-04-27 00:36:51.903439
Epoch 111/1000, D_loss=0.304224, reward=-8.006982
Epoch: 111: 2022-04-27 00:37:19.350578
Epoch 112/1000, D_loss=0.304788, reward=-8.007871
Epoch: 112: 2022-04-27 00:37:46.687572
Epoch 113/1000, D_loss=0.304596, reward=-8.007434
Epoch: 113: 2022-04-27 00:38:13.244862
Epoch 114/1000, D_loss=0.305260, reward=-8.007698
Epoch: 114: 2022-04-27 00:38:40.557427
Epoch 115/1000, D_loss=0.306278, reward=-8.009193
Epoch: 115: 2022-04-27 00:39:07.887850
Epoch 116/1000, D_loss=0.308115, reward=-8.006488
Epoch: 116: 2022-04-27 00:39:35.272394
Epoch 117/1000, D_loss=0.308891, reward=-8.006843
Epoch: 117: 2022-04-27 00:40:02.603365
Epoch 118/1000, D_loss=0.309735, reward=-8.007634
Epoch: 118: 2022-04-27 00:40:30.008164
Epoch 119/1000, D_loss=0.310582, reward=-8.008367
Epoch: 119: 2022-04-27 00:40:57.650244
Epoch 120/1000, D_loss=0.311163, reward=-8.007673
Epoch: 120: 2022-04-27 00:41:25.005916
Epoch 121/1000, D_loss=0.311263, reward=-8.008822
Epoch: 121: 2022-04-27 00:41:52.371665
Epoch 122/1000, D_loss=0.312022, reward=-8.009193
Epoch: 122: 2022-04-27 00:42:19.718089
Epoch 123/1000, D_loss=0.311730, reward=-8.008992
Epoch: 123: 2022-04-27 00:42:46.464807
Epoch 124/1000, D_loss=0.314510, reward=-8.006018
Epoch: 124: 2022-04-27 00:43:13.870188
Epoch 125/1000, D_loss=0.312544, reward=-8.009174
Epoch: 125: 2022-04-27 00:43:40.440132
Epoch 126/1000, D_loss=0.315055, reward=-8.007164
Epoch: 126: 2022-04-27 00:44:07.788401
Epoch 127/1000, D_loss=0.316569, reward=-8.006962
Epoch: 127: 2022-04-27 00:44:35.151132
Epoch 128/1000, D_loss=0.315948, reward=-8.009160
Epoch: 128: 2022-04-27 00:45:02.580809
Epoch 129/1000, D_loss=0.315522, reward=-8.011512
Epoch: 129: 2022-04-27 00:45:29.940367
Epoch 130/1000, D_loss=0.317604, reward=-8.008903
Epoch: 130: 2022-04-27 00:45:57.264324
Epoch 131/1000, D_loss=0.318567, reward=-8.008953
Epoch: 131: 2022-04-27 00:46:23.802683
Epoch 132/1000, D_loss=0.318805, reward=-8.010953
Epoch: 132: 2022-04-27 00:46:51.197881
Epoch 133/1000, D_loss=0.318577, reward=-8.010984
Epoch: 133: 2022-04-27 00:47:18.572946
Epoch 134/1000, D_loss=0.320365, reward=-8.009399
Epoch: 134: 2022-04-27 00:47:45.149768
Epoch 135/1000, D_loss=0.320930, reward=-8.010457
Epoch: 135: 2022-04-27 00:48:12.694150
Epoch 136/1000, D_loss=0.320944, reward=-8.010958
Epoch: 136: 2022-04-27 00:48:39.380528
Epoch 137/1000, D_loss=0.322276, reward=-8.010638
Epoch: 137: 2022-04-27 00:49:06.905184
Epoch 138/1000, D_loss=0.322757, reward=-8.011259
Epoch: 138: 2022-04-27 00:49:34.246645
Epoch 139/1000, D_loss=0.323530, reward=-8.011300
Epoch: 139: 2022-04-27 00:50:01.759386
Epoch 140/1000, D_loss=0.323826, reward=-8.011035
Epoch: 140: 2022-04-27 00:50:29.170188
Epoch 141/1000, D_loss=0.323358, reward=-8.013466
Epoch: 141: 2022-04-27 00:50:56.539850
Epoch 142/1000, D_loss=0.325110, reward=-8.012052
Epoch: 142: 2022-04-27 00:51:23.912995
Epoch 143/1000, D_loss=0.325028, reward=-8.013436
Epoch: 143: 2022-04-27 00:51:51.308760
Epoch 144/1000, D_loss=0.325758, reward=-8.012539
Epoch: 144: 2022-04-27 00:52:18.707045
Epoch 145/1000, D_loss=0.325232, reward=-8.016386
Epoch: 145: 2022-04-27 00:52:45.372417
Epoch 146/1000, D_loss=0.328137, reward=-8.013983
Epoch: 146: 2022-04-27 00:53:12.778083
Epoch 147/1000, D_loss=0.328098, reward=-8.014546
Epoch: 147: 2022-04-27 00:53:39.422889
Epoch 148/1000, D_loss=0.328773, reward=-8.014635
Epoch: 148: 2022-04-27 00:54:06.788519
Epoch 149/1000, D_loss=0.327617, reward=-8.016424
Epoch: 149: 2022-04-27 00:54:33.435919
Epoch 150/1000, D_loss=0.329398, reward=-8.014100
Test_MRR=0.140061, Test_MR=2181.295902, Test_H@10=0.278827
Epoch: 150: 2022-04-27 01:01:15.532231
Epoch 151/1000, D_loss=0.329690, reward=-8.016665
Epoch: 151: 2022-04-27 01:01:42.402715
Epoch 152/1000, D_loss=0.330216, reward=-8.015847
Epoch: 152: 2022-04-27 01:02:09.859915
Epoch 153/1000, D_loss=0.331047, reward=-8.016982
Epoch: 153: 2022-04-27 01:02:37.606168
Epoch 154/1000, D_loss=0.331876, reward=-8.015602
Epoch: 154: 2022-04-27 01:03:05.018199
Epoch 155/1000, D_loss=0.331722, reward=-8.016550
Epoch: 155: 2022-04-27 01:03:32.184967
Epoch 156/1000, D_loss=0.331354, reward=-8.018459
Epoch: 156: 2022-04-27 01:04:00.300422
Epoch 157/1000, D_loss=0.332219, reward=-8.017170
Epoch: 157: 2022-04-27 01:04:28.041529
Epoch 158/1000, D_loss=0.332791, reward=-8.018341
Epoch: 158: 2022-04-27 01:04:55.604725
Epoch 159/1000, D_loss=0.334509, reward=-8.016604
Epoch: 159: 2022-04-27 01:05:23.664638
Epoch 160/1000, D_loss=0.334340, reward=-8.017913
Epoch: 160: 2022-04-27 01:05:51.136968
Epoch 161/1000, D_loss=0.334465, reward=-8.019672
Epoch: 161: 2022-04-27 01:06:17.827101
Epoch 162/1000, D_loss=0.333898, reward=-8.019704
Epoch: 162: 2022-04-27 01:06:45.573983
Epoch 163/1000, D_loss=0.335349, reward=-8.021303
Epoch: 163: 2022-04-27 01:07:13.015326
Epoch 164/1000, D_loss=0.335910, reward=-8.020588
Epoch: 164: 2022-04-27 01:07:40.506541
Epoch 165/1000, D_loss=0.336441, reward=-8.020467
Epoch: 165: 2022-04-27 01:08:08.168855
Epoch 166/1000, D_loss=0.337196, reward=-8.019883
Epoch: 166: 2022-04-27 01:08:35.842355
Epoch 167/1000, D_loss=0.338164, reward=-8.019166
Epoch: 167: 2022-04-27 01:09:03.422377
Epoch 168/1000, D_loss=0.338586, reward=-8.019411
Epoch: 168: 2022-04-27 01:09:30.053906
Epoch 169/1000, D_loss=0.338490, reward=-8.019425
Epoch: 169: 2022-04-27 01:09:58.049631
Epoch 170/1000, D_loss=0.338118, reward=-8.020541
Epoch: 170: 2022-04-27 01:10:24.705903
Epoch 171/1000, D_loss=0.338820, reward=-8.020935
Epoch: 171: 2022-04-27 01:10:52.245566
Epoch 172/1000, D_loss=0.338907, reward=-8.021200
Epoch: 172: 2022-04-27 01:11:19.653046
Epoch 173/1000, D_loss=0.340710, reward=-8.020886
Epoch: 173: 2022-04-27 01:11:46.294199
Epoch 174/1000, D_loss=0.339147, reward=-8.023759
Epoch: 174: 2022-04-27 01:12:13.794463
Epoch 175/1000, D_loss=0.340988, reward=-8.020654
Epoch: 175: 2022-04-27 01:12:42.053419
Epoch 176/1000, D_loss=0.341206, reward=-8.022802
Epoch: 176: 2022-04-27 01:13:09.082300
Epoch 177/1000, D_loss=0.340737, reward=-8.021871
Epoch: 177: 2022-04-27 01:13:36.485231
Epoch 178/1000, D_loss=0.342157, reward=-8.021747
Epoch: 178: 2022-04-27 01:14:03.904683
Epoch 179/1000, D_loss=0.342418, reward=-8.021956
Epoch: 179: 2022-04-27 01:14:30.553575
Epoch 180/1000, D_loss=0.343297, reward=-8.021873
Epoch: 180: 2022-04-27 01:14:58.031553
Epoch 181/1000, D_loss=0.343497, reward=-8.020638
Epoch: 181: 2022-04-27 01:15:25.452449
Epoch 182/1000, D_loss=0.344410, reward=-8.020676
Epoch: 182: 2022-04-27 01:15:52.161027
Epoch 183/1000, D_loss=0.343361, reward=-8.023943
Epoch: 183: 2022-04-27 01:16:19.628882
Epoch 184/1000, D_loss=0.344184, reward=-8.023718
Epoch: 184: 2022-04-27 01:16:47.287441
Epoch 185/1000, D_loss=0.344893, reward=-8.021421
Epoch: 185: 2022-04-27 01:17:13.904161
Epoch 186/1000, D_loss=0.343849, reward=-8.022661
Epoch: 186: 2022-04-27 01:17:41.360882
Epoch 187/1000, D_loss=0.345486, reward=-8.021743
Epoch: 187: 2022-04-27 01:18:08.770498
Epoch 188/1000, D_loss=0.345499, reward=-8.023107
Epoch: 188: 2022-04-27 01:18:36.396898
Epoch 189/1000, D_loss=0.345632, reward=-8.024591
Epoch: 189: 2022-04-27 01:19:03.808970
Epoch 190/1000, D_loss=0.346378, reward=-8.023046
Epoch: 190: 2022-04-27 01:19:30.441919
Epoch 191/1000, D_loss=0.347252, reward=-8.022105
Epoch: 191: 2022-04-27 01:19:57.885467
Epoch 192/1000, D_loss=0.347109, reward=-8.022630
Epoch: 192: 2022-04-27 01:20:25.438767
Epoch 193/1000, D_loss=0.346458, reward=-8.023397
Epoch: 193: 2022-04-27 01:20:52.890111
Epoch 194/1000, D_loss=0.346951, reward=-8.023990
Epoch: 194: 2022-04-27 01:21:20.346474
Epoch 195/1000, D_loss=0.347929, reward=-8.023808
Epoch: 195: 2022-04-27 01:21:46.940377
Epoch 196/1000, D_loss=0.349097, reward=-8.020094
Epoch: 196: 2022-04-27 01:22:14.460064
Epoch 197/1000, D_loss=0.349216, reward=-8.021414
Epoch: 197: 2022-04-27 01:22:41.053002
Epoch 198/1000, D_loss=0.349492, reward=-8.021275
Epoch: 198: 2022-04-27 01:23:08.505544
Epoch 199/1000, D_loss=0.348424, reward=-8.024528
Epoch: 199: 2022-04-27 01:23:35.947736
Epoch 200/1000, D_loss=0.348822, reward=-8.022823
Test_MRR=0.147698, Test_MR=2633.920550, Test_H@10=0.301928
Epoch: 200: 2022-04-27 01:30:08.544671
Epoch 201/1000, D_loss=0.350795, reward=-8.021423
Epoch: 201: 2022-04-27 01:30:36.139302
Epoch 202/1000, D_loss=0.350629, reward=-8.021891
Epoch: 202: 2022-04-27 01:31:03.559469
Epoch 203/1000, D_loss=0.350303, reward=-8.021886
Epoch: 203: 2022-04-27 01:31:31.094282
Epoch 204/1000, D_loss=0.349413, reward=-8.023637
Epoch: 204: 2022-04-27 01:31:58.601259
Epoch 205/1000, D_loss=0.350564, reward=-8.022630
Epoch: 205: 2022-04-27 01:32:26.118734
Epoch 206/1000, D_loss=0.350748, reward=-8.021426
Epoch: 206: 2022-04-27 01:32:52.744716
Epoch 207/1000, D_loss=0.351176, reward=-8.022824
Epoch: 207: 2022-04-27 01:33:20.477061
Epoch 208/1000, D_loss=0.351528, reward=-8.021522
Epoch: 208: 2022-04-27 01:33:47.947641
Epoch 209/1000, D_loss=0.351852, reward=-8.021894
Epoch: 209: 2022-04-27 01:34:15.109717
Epoch 210/1000, D_loss=0.351648, reward=-8.021852
Epoch: 210: 2022-04-27 01:34:42.577868
Epoch 211/1000, D_loss=0.352087, reward=-8.021562
Epoch: 211: 2022-04-27 01:35:10.127550
Epoch 212/1000, D_loss=0.352185, reward=-8.021695
Epoch: 212: 2022-04-27 01:35:36.766212
Epoch 213/1000, D_loss=0.352095, reward=-8.022110
Epoch: 213: 2022-04-27 01:36:04.211695
Epoch 214/1000, D_loss=0.353074, reward=-8.020614
Epoch: 214: 2022-04-27 01:36:30.866379
Epoch 215/1000, D_loss=0.355222, reward=-8.019219
Epoch: 215: 2022-04-27 01:36:58.243809
Epoch 216/1000, D_loss=0.353380, reward=-8.021826
Epoch: 216: 2022-04-27 01:37:25.679898
Epoch 217/1000, D_loss=0.353819, reward=-8.020492
Epoch: 217: 2022-04-27 01:37:53.185509
Epoch 218/1000, D_loss=0.353834, reward=-8.020614
Epoch: 218: 2022-04-27 01:38:19.919821
Epoch 219/1000, D_loss=0.353531, reward=-8.022245
Epoch: 219: 2022-04-27 01:38:47.419960
Epoch 220/1000, D_loss=0.354709, reward=-8.019131
Epoch: 220: 2022-04-27 01:39:14.910534
Epoch 221/1000, D_loss=0.353173, reward=-8.022177
Epoch: 221: 2022-04-27 01:39:42.479427
Epoch 222/1000, D_loss=0.352604, reward=-8.023297
Epoch: 222: 2022-04-27 01:40:10.248916
Epoch 223/1000, D_loss=0.353773, reward=-8.020799
Epoch: 223: 2022-04-27 01:40:37.703668
Epoch 224/1000, D_loss=0.353828, reward=-8.022313
Epoch: 224: 2022-04-27 01:41:05.129463
Epoch 225/1000, D_loss=0.354928, reward=-8.020732
Epoch: 225: 2022-04-27 01:41:31.777157
Epoch 226/1000, D_loss=0.355290, reward=-8.019770
Epoch: 226: 2022-04-27 01:41:59.311770
Epoch 227/1000, D_loss=0.355345, reward=-8.019121
Epoch: 227: 2022-04-27 01:42:26.727054
Epoch 228/1000, D_loss=0.356160, reward=-8.018756
Epoch: 228: 2022-04-27 01:42:54.273994
Epoch 229/1000, D_loss=0.354900, reward=-8.020173
Epoch: 229: 2022-04-27 01:43:21.770743
Epoch 230/1000, D_loss=0.357260, reward=-8.017671
Epoch: 230: 2022-04-27 01:43:48.460739
Epoch 231/1000, D_loss=0.355863, reward=-8.021041
Epoch: 231: 2022-04-27 01:44:16.004021
Epoch 232/1000, D_loss=0.356267, reward=-8.019279
Epoch: 232: 2022-04-27 01:44:43.692624
Epoch 233/1000, D_loss=0.356268, reward=-8.018877
Epoch: 233: 2022-04-27 01:45:10.342577
Epoch 234/1000, D_loss=0.357186, reward=-8.018917
Epoch: 234: 2022-04-27 01:45:37.806077
Epoch 235/1000, D_loss=0.356058, reward=-8.020861
Epoch: 235: 2022-04-27 01:46:04.480064
Epoch 236/1000, D_loss=0.356788, reward=-8.020417
Epoch: 236: 2022-04-27 01:46:32.146124
Epoch 237/1000, D_loss=0.356439, reward=-8.021846
Epoch: 237: 2022-04-27 01:46:58.809822
Epoch 238/1000, D_loss=0.356966, reward=-8.019248
Epoch: 238: 2022-04-27 01:47:26.285044
Epoch 239/1000, D_loss=0.358134, reward=-8.018038
Epoch: 239: 2022-04-27 01:47:53.008158
Epoch 240/1000, D_loss=0.358686, reward=-8.018550
Epoch: 240: 2022-04-27 01:48:20.510169
Epoch 241/1000, D_loss=0.359031, reward=-8.016931
Epoch: 241: 2022-04-27 01:48:47.156406
Epoch 242/1000, D_loss=0.357972, reward=-8.018350
Epoch: 242: 2022-04-27 01:49:14.689008
Epoch 243/1000, D_loss=0.357757, reward=-8.019528
Epoch: 243: 2022-04-27 01:49:41.509577
Epoch 244/1000, D_loss=0.359083, reward=-8.015165
Epoch: 244: 2022-04-27 01:50:09.151429
Epoch 245/1000, D_loss=0.358399, reward=-8.017282
Epoch: 245: 2022-04-27 01:50:35.792698
Epoch 246/1000, D_loss=0.358684, reward=-8.016688
Epoch: 246: 2022-04-27 01:51:03.367694
Epoch 247/1000, D_loss=0.359447, reward=-8.017152
Epoch: 247: 2022-04-27 01:51:31.436806
Epoch 248/1000, D_loss=0.360056, reward=-8.015995
Epoch: 248: 2022-04-27 01:51:59.052726
Epoch 249/1000, D_loss=0.358910, reward=-8.017425
Epoch: 249: 2022-04-27 01:52:26.575738
Epoch 250/1000, D_loss=0.359420, reward=-8.016373
Test_MRR=0.152651, Test_MR=2735.263761, Test_H@10=0.314584
Epoch: 250: 2022-04-27 01:59:08.543667
Epoch 251/1000, D_loss=0.360160, reward=-8.014112
Epoch: 251: 2022-04-27 01:59:37.393283
Epoch 252/1000, D_loss=0.358788, reward=-8.016608
Epoch: 252: 2022-04-27 02:00:04.694592
Epoch 253/1000, D_loss=0.359232, reward=-8.016960
Epoch: 253: 2022-04-27 02:00:31.950289
Epoch 254/1000, D_loss=0.360809, reward=-8.014357
Epoch: 254: 2022-04-27 02:00:58.668325
Epoch 255/1000, D_loss=0.360788, reward=-8.014107
Epoch: 255: 2022-04-27 02:01:26.189678
Epoch 256/1000, D_loss=0.360519, reward=-8.014102
Epoch: 256: 2022-04-27 02:01:53.638874
Epoch 257/1000, D_loss=0.360933, reward=-8.012879
Epoch: 257: 2022-04-27 02:02:20.385808
Epoch 258/1000, D_loss=0.360323, reward=-8.014428
Epoch: 258: 2022-04-27 02:02:47.874252
Epoch 259/1000, D_loss=0.361108, reward=-8.012249
Epoch: 259: 2022-04-27 02:03:15.379666
Epoch 260/1000, D_loss=0.360637, reward=-8.012514
Epoch: 260: 2022-04-27 02:03:43.026934
Epoch 261/1000, D_loss=0.360176, reward=-8.014093
Epoch: 261: 2022-04-27 02:04:10.560951
Epoch 262/1000, D_loss=0.361841, reward=-8.011753
Epoch: 262: 2022-04-27 02:04:38.068533
Epoch 263/1000, D_loss=0.361963, reward=-8.012156
Epoch: 263: 2022-04-27 02:05:05.640988
Epoch 264/1000, D_loss=0.359981, reward=-8.012490
Epoch: 264: 2022-04-27 02:05:32.403233
Epoch 265/1000, D_loss=0.359944, reward=-8.013118
Epoch: 265: 2022-04-27 02:05:59.888679
Epoch 266/1000, D_loss=0.360433, reward=-8.012476
Epoch: 266: 2022-04-27 02:06:27.401208
Epoch 267/1000, D_loss=0.361335, reward=-8.011729
Epoch: 267: 2022-04-27 02:06:54.120261
Epoch 268/1000, D_loss=0.360301, reward=-8.012031
Epoch: 268: 2022-04-27 02:07:21.694900
Epoch 269/1000, D_loss=0.360781, reward=-8.012723
Epoch: 269: 2022-04-27 02:07:49.200874
Epoch 270/1000, D_loss=0.362234, reward=-8.010430
Epoch: 270: 2022-04-27 02:08:16.079407
Epoch 271/1000, D_loss=0.361180, reward=-8.011687
Epoch: 271: 2022-04-27 02:08:43.695594
Epoch 272/1000, D_loss=0.362824, reward=-8.009758
Epoch: 272: 2022-04-27 02:09:11.357445
Epoch 273/1000, D_loss=0.361017, reward=-8.010553
Epoch: 273: 2022-04-27 02:09:38.123899
Epoch 274/1000, D_loss=0.363496, reward=-8.008912
Epoch: 274: 2022-04-27 02:10:05.791412
Epoch 275/1000, D_loss=0.362953, reward=-8.007759
Epoch: 275: 2022-04-27 02:10:33.320318
Epoch 276/1000, D_loss=0.363529, reward=-8.007990
Epoch: 276: 2022-04-27 02:11:00.114494
Epoch 277/1000, D_loss=0.362223, reward=-8.008190
Epoch: 277: 2022-04-27 02:11:27.636682
Epoch 278/1000, D_loss=0.363731, reward=-8.006696
Epoch: 278: 2022-04-27 02:11:55.219272
Epoch 279/1000, D_loss=0.362743, reward=-8.008442
Epoch: 279: 2022-04-27 02:12:22.792476
Epoch 280/1000, D_loss=0.362870, reward=-8.008316
Epoch: 280: 2022-04-27 02:12:49.597521
Epoch 281/1000, D_loss=0.364069, reward=-8.006859
Epoch: 281: 2022-04-27 02:13:17.255958
Epoch 282/1000, D_loss=0.364878, reward=-8.004911
Epoch: 282: 2022-04-27 02:13:44.798119
Epoch 283/1000, D_loss=0.363977, reward=-8.005808
Epoch: 283: 2022-04-27 02:14:12.367963
Epoch 284/1000, D_loss=0.364838, reward=-8.004288
Epoch: 284: 2022-04-27 02:14:40.112705
Epoch 285/1000, D_loss=0.363123, reward=-8.007816
Epoch: 285: 2022-04-27 02:15:07.623549
Epoch 286/1000, D_loss=0.362966, reward=-8.008352
Epoch: 286: 2022-04-27 02:15:34.340088
Epoch 287/1000, D_loss=0.364382, reward=-8.004882
Epoch: 287: 2022-04-27 02:16:01.883046
Epoch 288/1000, D_loss=0.364224, reward=-8.005779
Epoch: 288: 2022-04-27 02:16:28.590523
Epoch 289/1000, D_loss=0.364927, reward=-8.004220
Epoch: 289: 2022-04-27 02:16:56.091328
Epoch 290/1000, D_loss=0.363865, reward=-8.006670
Epoch: 290: 2022-04-27 02:17:23.605688
Epoch 291/1000, D_loss=0.365826, reward=-8.002260
Epoch: 291: 2022-04-27 02:17:50.361716
Epoch 292/1000, D_loss=0.364599, reward=-8.005331
Epoch: 292: 2022-04-27 02:18:17.918421
Epoch 293/1000, D_loss=0.364860, reward=-8.002093
Epoch: 293: 2022-04-27 02:18:45.567125
Epoch 294/1000, D_loss=0.364128, reward=-8.003639
Epoch: 294: 2022-04-27 02:19:13.036038
Epoch 295/1000, D_loss=0.364872, reward=-8.003488
Epoch: 295: 2022-04-27 02:19:40.749423
Epoch 296/1000, D_loss=0.365954, reward=-8.001046
Epoch: 296: 2022-04-27 02:20:07.749507
Epoch 297/1000, D_loss=0.365800, reward=-8.000763
Epoch: 297: 2022-04-27 02:20:35.731387
Epoch 298/1000, D_loss=0.365379, reward=-7.999918
Epoch: 298: 2022-04-27 02:21:02.369251
Epoch 299/1000, D_loss=0.367144, reward=-7.997903
Epoch: 299: 2022-04-27 02:21:30.014338
Epoch 300/1000, D_loss=0.366558, reward=-7.997964
Test_MRR=0.156763, Test_MR=2801.994677, Test_H@10=0.322620
Epoch: 300: 2022-04-27 02:28:01.848129
Epoch 301/1000, D_loss=0.366168, reward=-7.999248
Epoch: 301: 2022-04-27 02:28:29.736753
Epoch 302/1000, D_loss=0.364892, reward=-7.999704
Epoch: 302: 2022-04-27 02:28:57.387186
Epoch 303/1000, D_loss=0.365668, reward=-7.997885
Epoch: 303: 2022-04-27 02:29:24.155668
Epoch 304/1000, D_loss=0.366050, reward=-7.998565
Epoch: 304: 2022-04-27 02:29:51.812729
Epoch 305/1000, D_loss=0.366542, reward=-7.997963
Epoch: 305: 2022-04-27 02:30:19.260987
Epoch 306/1000, D_loss=0.367314, reward=-7.996988
Epoch: 306: 2022-04-27 02:30:46.984307
Epoch 307/1000, D_loss=0.365568, reward=-7.998464
Epoch: 307: 2022-04-27 02:31:14.679438
Epoch 308/1000, D_loss=0.366307, reward=-7.997693
Epoch: 308: 2022-04-27 02:31:42.301226
Epoch 309/1000, D_loss=0.367108, reward=-7.995760
Epoch: 309: 2022-04-27 02:32:09.804912
Epoch 310/1000, D_loss=0.367999, reward=-7.995008
Epoch: 310: 2022-04-27 02:32:37.466781
Epoch 311/1000, D_loss=0.365879, reward=-7.996862
Epoch: 311: 2022-04-27 02:33:04.372028
Epoch 312/1000, D_loss=0.367572, reward=-7.994678
Epoch: 312: 2022-04-27 02:33:31.902912
Epoch 313/1000, D_loss=0.367051, reward=-7.995147
Epoch: 313: 2022-04-27 02:33:59.529947
Epoch 314/1000, D_loss=0.366604, reward=-7.995680
Epoch: 314: 2022-04-27 02:34:27.072665
Epoch 315/1000, D_loss=0.366535, reward=-7.996607
Epoch: 315: 2022-04-27 02:34:53.863875
Epoch 316/1000, D_loss=0.368066, reward=-7.993002
Epoch: 316: 2022-04-27 02:35:21.439023
Epoch 317/1000, D_loss=0.368338, reward=-7.992554
Epoch: 317: 2022-04-27 02:35:48.206416
Epoch 318/1000, D_loss=0.367057, reward=-7.993412
Epoch: 318: 2022-04-27 02:36:15.803285
Epoch 319/1000, D_loss=0.368957, reward=-7.991415
Epoch: 319: 2022-04-27 02:36:43.463487
Epoch 320/1000, D_loss=0.367374, reward=-7.993464
Epoch: 320: 2022-04-27 02:37:10.597292
Epoch 321/1000, D_loss=0.367313, reward=-7.993209
Epoch: 321: 2022-04-27 02:37:38.642556
Epoch 322/1000, D_loss=0.368660, reward=-7.990358
Epoch: 322: 2022-04-27 02:38:05.977082
Epoch 323/1000, D_loss=0.367951, reward=-7.991098
Epoch: 323: 2022-04-27 02:38:33.675716
Epoch 324/1000, D_loss=0.368434, reward=-7.990421
Epoch: 324: 2022-04-27 02:39:01.363766
Epoch 325/1000, D_loss=0.369379, reward=-7.987682
Epoch: 325: 2022-04-27 02:39:29.210063
Epoch 326/1000, D_loss=0.367674, reward=-7.989695
Epoch: 326: 2022-04-27 02:39:57.004134
Epoch 327/1000, D_loss=0.368051, reward=-7.990261
Epoch: 327: 2022-04-27 02:40:24.171471
Epoch 328/1000, D_loss=0.369351, reward=-7.986998
Epoch: 328: 2022-04-27 02:40:52.115349
Epoch 329/1000, D_loss=0.369278, reward=-7.987849
Epoch: 329: 2022-04-27 02:41:20.420687
Epoch 330/1000, D_loss=0.368415, reward=-7.987705
Epoch: 330: 2022-04-27 02:41:48.284696
Epoch 331/1000, D_loss=0.369927, reward=-7.985407
Epoch: 331: 2022-04-27 02:42:15.947980
Epoch 332/1000, D_loss=0.369809, reward=-7.985191
Epoch: 332: 2022-04-27 02:42:42.936888
Epoch 333/1000, D_loss=0.369231, reward=-7.987391
Epoch: 333: 2022-04-27 02:43:11.472667
Epoch 334/1000, D_loss=0.369572, reward=-7.987207
Epoch: 334: 2022-04-27 02:43:39.163839
Epoch 335/1000, D_loss=0.369921, reward=-7.983816
Epoch: 335: 2022-04-27 02:44:06.020120
Epoch 336/1000, D_loss=0.370848, reward=-7.982412
Epoch: 336: 2022-04-27 02:44:33.707530
Epoch 337/1000, D_loss=0.370601, reward=-7.982881
Epoch: 337: 2022-04-27 02:45:01.800242
Epoch 338/1000, D_loss=0.369878, reward=-7.982795
Epoch: 338: 2022-04-27 02:45:29.679228
Epoch 339/1000, D_loss=0.371474, reward=-7.979400
Epoch: 339: 2022-04-27 02:45:57.439804
Epoch 340/1000, D_loss=0.369262, reward=-7.983396
Epoch: 340: 2022-04-27 02:46:24.773934
Epoch 341/1000, D_loss=0.370889, reward=-7.980205
Epoch: 341: 2022-04-27 02:46:52.985021
Epoch 342/1000, D_loss=0.371235, reward=-7.979173
Epoch: 342: 2022-04-27 02:47:20.638668
Epoch 343/1000, D_loss=0.370618, reward=-7.980325
Epoch: 343: 2022-04-27 02:47:48.432409
Epoch 344/1000, D_loss=0.371381, reward=-7.980243
Epoch: 344: 2022-04-27 02:48:16.332454
Epoch 345/1000, D_loss=0.371129, reward=-7.978529
Epoch: 345: 2022-04-27 02:48:43.510683
Epoch 346/1000, D_loss=0.370880, reward=-7.978130
Epoch: 346: 2022-04-27 02:49:11.613894
Epoch 347/1000, D_loss=0.371973, reward=-7.975016
Epoch: 347: 2022-04-27 02:49:39.307254
Epoch 348/1000, D_loss=0.370357, reward=-7.978466
Epoch: 348: 2022-04-27 02:50:06.152895
Epoch 349/1000, D_loss=0.370992, reward=-7.977851
Epoch: 349: 2022-04-27 02:50:33.833598
Epoch 350/1000, D_loss=0.370368, reward=-7.979303
Test_MRR=0.158983, Test_MR=2811.135597, Test_H@10=0.327139
Epoch: 350: 2022-04-27 02:57:44.583077
Epoch 351/1000, D_loss=0.372056, reward=-7.975780
Epoch: 351: 2022-04-27 02:58:12.782613
Epoch 352/1000, D_loss=0.372558, reward=-7.975046
Epoch: 352: 2022-04-27 02:58:40.569897
Epoch 353/1000, D_loss=0.370906, reward=-7.976057
Epoch: 353: 2022-04-27 02:59:07.655844
Epoch 354/1000, D_loss=0.372073, reward=-7.973334
Epoch: 354: 2022-04-27 02:59:35.245250
Epoch 355/1000, D_loss=0.372283, reward=-7.973647
Epoch: 355: 2022-04-27 03:00:02.860764
Epoch 356/1000, D_loss=0.371923, reward=-7.974809
Epoch: 356: 2022-04-27 03:00:29.694412
Epoch 357/1000, D_loss=0.372157, reward=-7.973915
Epoch: 357: 2022-04-27 03:00:57.336811
Epoch 358/1000, D_loss=0.371229, reward=-7.974046
Epoch: 358: 2022-04-27 03:01:24.986935
Epoch 359/1000, D_loss=0.372358, reward=-7.971900
Epoch: 359: 2022-04-27 03:01:52.644545
Epoch 360/1000, D_loss=0.371987, reward=-7.972696
Epoch: 360: 2022-04-27 03:02:19.486096
Epoch 361/1000, D_loss=0.373534, reward=-7.970068
Epoch: 361: 2022-04-27 03:02:47.053947
Epoch 362/1000, D_loss=0.371874, reward=-7.972093
Epoch: 362: 2022-04-27 03:03:14.692077
Epoch 363/1000, D_loss=0.371949, reward=-7.971678
Epoch: 363: 2022-04-27 03:03:42.293990
Epoch 364/1000, D_loss=0.373195, reward=-7.969643
Epoch: 364: 2022-04-27 03:04:09.106486
Epoch 365/1000, D_loss=0.374265, reward=-7.967223
Epoch: 365: 2022-04-27 03:04:36.891768
Epoch 366/1000, D_loss=0.373168, reward=-7.968597
Epoch: 366: 2022-04-27 03:05:04.527201
Epoch 367/1000, D_loss=0.372806, reward=-7.969645
Epoch: 367: 2022-04-27 03:05:32.158991
Epoch 368/1000, D_loss=0.373340, reward=-7.968200
Epoch: 368: 2022-04-27 03:05:59.777367
Epoch 369/1000, D_loss=0.373778, reward=-7.965538
Epoch: 369: 2022-04-27 03:06:27.444582
Epoch 370/1000, D_loss=0.374370, reward=-7.965742
Epoch: 370: 2022-04-27 03:06:55.055470
Epoch 371/1000, D_loss=0.372963, reward=-7.966592
Epoch: 371: 2022-04-27 03:07:22.784599
Epoch 372/1000, D_loss=0.373343, reward=-7.966973
Epoch: 372: 2022-04-27 03:07:49.725180
Epoch 373/1000, D_loss=0.373254, reward=-7.965075
Epoch: 373: 2022-04-27 03:08:17.341894
Epoch 374/1000, D_loss=0.373832, reward=-7.964786
Epoch: 374: 2022-04-27 03:08:44.130543
Epoch 375/1000, D_loss=0.373027, reward=-7.965086
Epoch: 375: 2022-04-27 03:09:11.754280
Epoch 376/1000, D_loss=0.373451, reward=-7.963193
Epoch: 376: 2022-04-27 03:09:38.487356
Epoch 377/1000, D_loss=0.374469, reward=-7.962361
Epoch: 377: 2022-04-27 03:10:06.080430
Epoch 378/1000, D_loss=0.374098, reward=-7.961991
Epoch: 378: 2022-04-27 03:10:32.895565
Epoch 379/1000, D_loss=0.373403, reward=-7.964356
Epoch: 379: 2022-04-27 03:11:00.505291
Epoch 380/1000, D_loss=0.373206, reward=-7.963582
Epoch: 380: 2022-04-27 03:11:28.153680
Epoch 381/1000, D_loss=0.373394, reward=-7.962915
Epoch: 381: 2022-04-27 03:11:55.399144
Epoch 382/1000, D_loss=0.375537, reward=-7.959116
Epoch: 382: 2022-04-27 03:12:23.008787
Epoch 383/1000, D_loss=0.375278, reward=-7.960363
Epoch: 383: 2022-04-27 03:12:50.613005
Epoch 384/1000, D_loss=0.373749, reward=-7.961726
Epoch: 384: 2022-04-27 03:13:17.494839
Epoch 385/1000, D_loss=0.374927, reward=-7.960482
Epoch: 385: 2022-04-27 03:13:45.112971
Epoch 386/1000, D_loss=0.374632, reward=-7.959182
Epoch: 386: 2022-04-27 03:14:12.758919
Epoch 387/1000, D_loss=0.374772, reward=-7.957747
Epoch: 387: 2022-04-27 03:14:39.693568
Epoch 388/1000, D_loss=0.375398, reward=-7.957869
Epoch: 388: 2022-04-27 03:15:07.321839
Epoch 389/1000, D_loss=0.375037, reward=-7.957778
Epoch: 389: 2022-04-27 03:15:35.300691
Epoch 390/1000, D_loss=0.375059, reward=-7.956322
Epoch: 390: 2022-04-27 03:16:02.939521
Epoch 391/1000, D_loss=0.375842, reward=-7.956149
Epoch: 391: 2022-04-27 03:16:29.866484
Epoch 392/1000, D_loss=0.374704, reward=-7.957013
Epoch: 392: 2022-04-27 03:16:57.493785
Epoch 393/1000, D_loss=0.373656, reward=-7.958099
Epoch: 393: 2022-04-27 03:17:24.302261
Epoch 394/1000, D_loss=0.377224, reward=-7.952887
Epoch: 394: 2022-04-27 03:17:51.942858
Epoch 395/1000, D_loss=0.375431, reward=-7.955001
Epoch: 395: 2022-04-27 03:18:18.797424
Epoch 396/1000, D_loss=0.375510, reward=-7.953132
Epoch: 396: 2022-04-27 03:18:46.527858
Epoch 397/1000, D_loss=0.376618, reward=-7.952037
Epoch: 397: 2022-04-27 03:19:14.185973
Epoch 398/1000, D_loss=0.376383, reward=-7.952110
Epoch: 398: 2022-04-27 03:19:40.961965
Epoch 399/1000, D_loss=0.375872, reward=-7.952892
Epoch: 399: 2022-04-27 03:20:08.750841
Epoch 400/1000, D_loss=0.375967, reward=-7.952193
Test_MRR=0.162973, Test_MR=2873.325532, Test_H@10=0.332764
Epoch: 400: 2022-04-27 03:26:44.623697
Epoch 401/1000, D_loss=0.377405, reward=-7.950453
Epoch: 401: 2022-04-27 03:27:12.013455
Epoch 402/1000, D_loss=0.376237, reward=-7.951272
Epoch: 402: 2022-04-27 03:27:39.772507
Epoch 403/1000, D_loss=0.376573, reward=-7.950711
Epoch: 403: 2022-04-27 03:28:07.503375
Epoch 404/1000, D_loss=0.376551, reward=-7.949744
Epoch: 404: 2022-04-27 03:28:35.557474
Epoch 405/1000, D_loss=0.377047, reward=-7.949183
Epoch: 405: 2022-04-27 03:29:04.140128
Epoch 406/1000, D_loss=0.375587, reward=-7.951272
Epoch: 406: 2022-04-27 03:29:31.094040
Epoch 407/1000, D_loss=0.375503, reward=-7.950524
Epoch: 407: 2022-04-27 03:29:59.033931
Epoch 408/1000, D_loss=0.376389, reward=-7.948496
Epoch: 408: 2022-04-27 03:30:27.006626
Epoch 409/1000, D_loss=0.377072, reward=-7.947205
Epoch: 409: 2022-04-27 03:30:54.220325
Epoch 410/1000, D_loss=0.378046, reward=-7.946136
Epoch: 410: 2022-04-27 03:31:22.313661
Epoch 411/1000, D_loss=0.376630, reward=-7.946111
Epoch: 411: 2022-04-27 03:31:48.964950
Epoch 412/1000, D_loss=0.377667, reward=-7.944256
Epoch: 412: 2022-04-27 03:32:16.849498
Epoch 413/1000, D_loss=0.377391, reward=-7.945058
Epoch: 413: 2022-04-27 03:32:44.555662
Epoch 414/1000, D_loss=0.377456, reward=-7.945055
Epoch: 414: 2022-04-27 03:33:11.512150
Epoch 415/1000, D_loss=0.377197, reward=-7.943985
Epoch: 415: 2022-04-27 03:33:39.366399
Epoch 416/1000, D_loss=0.377240, reward=-7.944006
Epoch: 416: 2022-04-27 03:34:06.300411
Epoch 417/1000, D_loss=0.377112, reward=-7.944424
Epoch: 417: 2022-04-27 03:34:34.293219
Epoch 418/1000, D_loss=0.378642, reward=-7.941326
Epoch: 418: 2022-04-27 03:35:02.083771
Epoch 419/1000, D_loss=0.377260, reward=-7.944091
Epoch: 419: 2022-04-27 03:35:29.545129
Epoch 420/1000, D_loss=0.377331, reward=-7.942372
Epoch: 420: 2022-04-27 03:35:56.419956
Epoch 421/1000, D_loss=0.378140, reward=-7.942036
Epoch: 421: 2022-04-27 03:36:24.237459
Epoch 422/1000, D_loss=0.376698, reward=-7.943807
Epoch: 422: 2022-04-27 03:36:51.218698
Epoch 423/1000, D_loss=0.378987, reward=-7.940391
Epoch: 423: 2022-04-27 03:37:19.009560
Epoch 424/1000, D_loss=0.378610, reward=-7.941013
Epoch: 424: 2022-04-27 03:37:45.959732
Epoch 425/1000, D_loss=0.378032, reward=-7.940609
Epoch: 425: 2022-04-27 03:38:13.679493
Epoch 426/1000, D_loss=0.379752, reward=-7.937384
Epoch: 426: 2022-04-27 03:38:40.613949
Epoch 427/1000, D_loss=0.378924, reward=-7.937287
Epoch: 427: 2022-04-27 03:39:08.362884
Epoch 428/1000, D_loss=0.377941, reward=-7.938422
Epoch: 428: 2022-04-27 03:39:36.060110
Epoch 429/1000, D_loss=0.378534, reward=-7.938611
Epoch: 429: 2022-04-27 03:40:03.899872
Epoch 430/1000, D_loss=0.378625, reward=-7.937633
Epoch: 430: 2022-04-27 03:40:31.091918
Epoch 431/1000, D_loss=0.379459, reward=-7.934410
Epoch: 431: 2022-04-27 03:40:58.868789
Epoch 432/1000, D_loss=0.379201, reward=-7.935469
Epoch: 432: 2022-04-27 03:41:25.960230
Epoch 433/1000, D_loss=0.378601, reward=-7.935471
Epoch: 433: 2022-04-27 03:41:53.733287
Epoch 434/1000, D_loss=0.379537, reward=-7.934149
Epoch: 434: 2022-04-27 03:42:21.490323
Epoch 435/1000, D_loss=0.379085, reward=-7.934998
Epoch: 435: 2022-04-27 03:42:49.197792
Epoch 436/1000, D_loss=0.377984, reward=-7.935957
Epoch: 436: 2022-04-27 03:43:16.988149
Epoch 437/1000, D_loss=0.380493, reward=-7.931386
Epoch: 437: 2022-04-27 03:43:44.722065
Epoch 438/1000, D_loss=0.378649, reward=-7.932867
Epoch: 438: 2022-04-27 03:44:11.796340
Epoch 439/1000, D_loss=0.379127, reward=-7.933072
Epoch: 439: 2022-04-27 03:44:39.572704
Epoch 440/1000, D_loss=0.378490, reward=-7.933623
Epoch: 440: 2022-04-27 03:45:07.277077
Epoch 441/1000, D_loss=0.379388, reward=-7.930852
Epoch: 441: 2022-04-27 03:45:35.045875
Epoch 442/1000, D_loss=0.379570, reward=-7.930093
Epoch: 442: 2022-04-27 03:46:02.185642
Epoch 443/1000, D_loss=0.379919, reward=-7.929206
Epoch: 443: 2022-04-27 03:46:29.946267
Epoch 444/1000, D_loss=0.380133, reward=-7.928319
Epoch: 444: 2022-04-27 03:46:57.910395
Epoch 445/1000, D_loss=0.379177, reward=-7.929827
Epoch: 445: 2022-04-27 03:47:25.880522
Epoch 446/1000, D_loss=0.380313, reward=-7.929022
Epoch: 446: 2022-04-27 03:47:52.807835
Epoch 447/1000, D_loss=0.379372, reward=-7.929866
Epoch: 447: 2022-04-27 03:48:20.637817
Epoch 448/1000, D_loss=0.379890, reward=-7.927946
Epoch: 448: 2022-04-27 03:48:47.666974
Epoch 449/1000, D_loss=0.380299, reward=-7.926567
Epoch: 449: 2022-04-27 03:49:15.473342
Epoch 450/1000, D_loss=0.379399, reward=-7.927763
Test_MRR=0.167806, Test_MR=2865.948775, Test_H@10=0.340197
Epoch: 450: 2022-04-27 03:55:48.039733
Epoch 451/1000, D_loss=0.379455, reward=-7.927462
Epoch: 451: 2022-04-27 03:56:15.848063
Epoch 452/1000, D_loss=0.379444, reward=-7.927203
Epoch: 452: 2022-04-27 03:56:42.719139
Epoch 453/1000, D_loss=0.380019, reward=-7.925579
Epoch: 453: 2022-04-27 03:57:10.445691
Epoch 454/1000, D_loss=0.380840, reward=-7.924701
Epoch: 454: 2022-04-27 03:57:37.204333
Epoch 455/1000, D_loss=0.380294, reward=-7.924012
Epoch: 455: 2022-04-27 03:58:04.891785
Epoch 456/1000, D_loss=0.380025, reward=-7.925669
Epoch: 456: 2022-04-27 03:58:32.710294
Epoch 457/1000, D_loss=0.380662, reward=-7.923097
Epoch: 457: 2022-04-27 03:58:59.959543
Epoch 458/1000, D_loss=0.381332, reward=-7.922174
Epoch: 458: 2022-04-27 03:59:27.709000
Epoch 459/1000, D_loss=0.380901, reward=-7.922509
Epoch: 459: 2022-04-27 03:59:55.465698
Epoch 460/1000, D_loss=0.380884, reward=-7.921938
Epoch: 460: 2022-04-27 04:00:23.226779
Epoch 461/1000, D_loss=0.381618, reward=-7.921067
Epoch: 461: 2022-04-27 04:00:50.972817
Epoch 462/1000, D_loss=0.381932, reward=-7.919875
Epoch: 462: 2022-04-27 04:01:18.757256
Epoch 463/1000, D_loss=0.381213, reward=-7.921493
Epoch: 463: 2022-04-27 04:01:46.513098
Epoch 464/1000, D_loss=0.379654, reward=-7.921196
Epoch: 464: 2022-04-27 04:02:14.449159
Epoch 465/1000, D_loss=0.382188, reward=-7.917669
Epoch: 465: 2022-04-27 04:02:42.255740
Epoch 466/1000, D_loss=0.381312, reward=-7.919034
Epoch: 466: 2022-04-27 04:03:10.018071
Epoch 467/1000, D_loss=0.380748, reward=-7.918699
Epoch: 467: 2022-04-27 04:03:37.086997
Epoch 468/1000, D_loss=0.382912, reward=-7.916188
Epoch: 468: 2022-04-27 04:04:04.830252
Epoch 469/1000, D_loss=0.381294, reward=-7.917275
Epoch: 469: 2022-04-27 04:04:31.813493
Epoch 470/1000, D_loss=0.381082, reward=-7.916789
Epoch: 470: 2022-04-27 04:04:59.568131
Epoch 471/1000, D_loss=0.381361, reward=-7.915161
Epoch: 471: 2022-04-27 04:05:26.599953
Epoch 472/1000, D_loss=0.381846, reward=-7.914846
Epoch: 472: 2022-04-27 04:05:54.423231
Epoch 473/1000, D_loss=0.381273, reward=-7.915183
Epoch: 473: 2022-04-27 04:06:22.375892
Epoch 474/1000, D_loss=0.382083, reward=-7.914071
Epoch: 474: 2022-04-27 04:06:49.348263
Epoch 475/1000, D_loss=0.382729, reward=-7.912202
Epoch: 475: 2022-04-27 04:07:17.083742
Epoch 476/1000, D_loss=0.381669, reward=-7.913766
Epoch: 476: 2022-04-27 04:07:44.899948
Epoch 477/1000, D_loss=0.383413, reward=-7.909813
Epoch: 477: 2022-04-27 04:08:11.968578
Epoch 478/1000, D_loss=0.382029, reward=-7.911825
Epoch: 478: 2022-04-27 04:08:39.744586
Epoch 479/1000, D_loss=0.382785, reward=-7.910871
Epoch: 479: 2022-04-27 04:09:06.801025
Epoch 480/1000, D_loss=0.381958, reward=-7.910113
Epoch: 480: 2022-04-27 04:09:34.614377
Epoch 481/1000, D_loss=0.382190, reward=-7.910423
Epoch: 481: 2022-04-27 04:10:02.456220
Epoch 482/1000, D_loss=0.382830, reward=-7.908019
Epoch: 482: 2022-04-27 04:10:29.420500
Epoch 483/1000, D_loss=0.381443, reward=-7.910413
Epoch: 483: 2022-04-27 04:10:57.317711
Epoch 484/1000, D_loss=0.382594, reward=-7.908699
Epoch: 484: 2022-04-27 04:11:25.093934
Epoch 485/1000, D_loss=0.382427, reward=-7.907741
Epoch: 485: 2022-04-27 04:11:52.236144
Epoch 486/1000, D_loss=0.383093, reward=-7.909228
Epoch: 486: 2022-04-27 04:12:20.084621
Epoch 487/1000, D_loss=0.382618, reward=-7.907496
Epoch: 487: 2022-04-27 04:12:47.936606
Epoch 488/1000, D_loss=0.382406, reward=-7.907644
Epoch: 488: 2022-04-27 04:13:15.836957
Epoch 489/1000, D_loss=0.382030, reward=-7.907497
Epoch: 489: 2022-04-27 04:13:43.995730
Epoch 490/1000, D_loss=0.383333, reward=-7.906093
Epoch: 490: 2022-04-27 04:14:11.881299
Epoch 491/1000, D_loss=0.380873, reward=-7.909457
Epoch: 491: 2022-04-27 04:14:39.760919
Epoch 492/1000, D_loss=0.382432, reward=-7.905775
Epoch: 492: 2022-04-27 04:15:08.027705
Epoch 493/1000, D_loss=0.383785, reward=-7.904501
Epoch: 493: 2022-04-27 04:15:36.290596
Epoch 494/1000, D_loss=0.382891, reward=-7.905209
Epoch: 494: 2022-04-27 04:16:04.335363
Epoch 495/1000, D_loss=0.381991, reward=-7.907109
Epoch: 495: 2022-04-27 04:16:32.297818
Epoch 496/1000, D_loss=0.382808, reward=-7.905244
Epoch: 496: 2022-04-27 04:16:59.470467
Epoch 497/1000, D_loss=0.383572, reward=-7.903353
Epoch: 497: 2022-04-27 04:17:27.342400
Epoch 498/1000, D_loss=0.382442, reward=-7.904084
Epoch: 498: 2022-04-27 04:17:54.788714
Epoch 499/1000, D_loss=0.383209, reward=-7.902880
Epoch: 499: 2022-04-27 04:18:23.272860
Epoch 500/1000, D_loss=0.383926, reward=-7.900977
Test_MRR=0.172494, Test_MR=2878.565890, Test_H@10=0.343813
Epoch: 500: 2022-04-27 04:25:05.653931
Epoch 501/1000, D_loss=0.383812, reward=-7.899926
Epoch: 501: 2022-04-27 04:25:33.516936
Epoch 502/1000, D_loss=0.384953, reward=-7.898371
Epoch: 502: 2022-04-27 04:26:00.488513
Epoch 503/1000, D_loss=0.382536, reward=-7.902771
Epoch: 503: 2022-04-27 04:26:28.403131
Epoch 504/1000, D_loss=0.383090, reward=-7.901177
Epoch: 504: 2022-04-27 04:26:56.156111
Epoch 505/1000, D_loss=0.383886, reward=-7.898805
Epoch: 505: 2022-04-27 04:27:24.004082
Epoch 506/1000, D_loss=0.384153, reward=-7.898592
Epoch: 506: 2022-04-27 04:27:51.798475
Epoch 507/1000, D_loss=0.382538, reward=-7.901573
Epoch: 507: 2022-04-27 04:28:19.636666
Epoch 508/1000, D_loss=0.383332, reward=-7.899818
Epoch: 508: 2022-04-27 04:28:47.502812
Epoch 509/1000, D_loss=0.383327, reward=-7.899495
Epoch: 509: 2022-04-27 04:29:15.294670
Epoch 510/1000, D_loss=0.382763, reward=-7.901033
Epoch: 510: 2022-04-27 04:29:42.255715
Epoch 511/1000, D_loss=0.384875, reward=-7.898153
Epoch: 511: 2022-04-27 04:30:10.106490
Epoch 512/1000, D_loss=0.384374, reward=-7.897819
Epoch: 512: 2022-04-27 04:30:37.109780
Epoch 513/1000, D_loss=0.384089, reward=-7.897104
Epoch: 513: 2022-04-27 04:31:04.930761
Epoch 514/1000, D_loss=0.384409, reward=-7.895621
Epoch: 514: 2022-04-27 04:31:32.013101
Epoch 515/1000, D_loss=0.383452, reward=-7.896646
Epoch: 515: 2022-04-27 04:31:59.807638
Epoch 516/1000, D_loss=0.384235, reward=-7.895201
Epoch: 516: 2022-04-27 04:32:27.616604
Epoch 517/1000, D_loss=0.384948, reward=-7.894549
Epoch: 517: 2022-04-27 04:32:55.454337
Epoch 518/1000, D_loss=0.383268, reward=-7.896496
Epoch: 518: 2022-04-27 04:33:23.114586
Epoch 519/1000, D_loss=0.384582, reward=-7.895475
Epoch: 519: 2022-04-27 04:33:50.904432
Epoch 520/1000, D_loss=0.384347, reward=-7.895645
Epoch: 520: 2022-04-27 04:34:18.786215
Epoch 521/1000, D_loss=0.385057, reward=-7.893443
Epoch: 521: 2022-04-27 04:34:46.640611
Epoch 522/1000, D_loss=0.384971, reward=-7.892467
Epoch: 522: 2022-04-27 04:35:13.705203
Epoch 523/1000, D_loss=0.385477, reward=-7.890787
Epoch: 523: 2022-04-27 04:35:41.493484
Epoch 524/1000, D_loss=0.384596, reward=-7.892340
Epoch: 524: 2022-04-27 04:36:08.523636
Epoch 525/1000, D_loss=0.384504, reward=-7.892166
Epoch: 525: 2022-04-27 04:36:36.312334
Epoch 526/1000, D_loss=0.385527, reward=-7.887903
Epoch: 526: 2022-04-27 04:37:04.183315
Epoch 527/1000, D_loss=0.385170, reward=-7.889070
Epoch: 527: 2022-04-27 04:37:31.244331
Epoch 528/1000, D_loss=0.384616, reward=-7.890398
Epoch: 528: 2022-04-27 04:37:59.055265
Epoch 529/1000, D_loss=0.384095, reward=-7.890804
Epoch: 529: 2022-04-27 04:38:26.209380
Epoch 530/1000, D_loss=0.384796, reward=-7.889660
Epoch: 530: 2022-04-27 04:38:54.055854
Epoch 531/1000, D_loss=0.384522, reward=-7.890585
Epoch: 531: 2022-04-27 04:39:21.085429
Epoch 532/1000, D_loss=0.384804, reward=-7.888307
Epoch: 532: 2022-04-27 04:39:48.921136
Epoch 533/1000, D_loss=0.385174, reward=-7.887318
Epoch: 533: 2022-04-27 04:40:16.845421
Epoch 534/1000, D_loss=0.384702, reward=-7.888236
Epoch: 534: 2022-04-27 04:40:43.873417
Epoch 535/1000, D_loss=0.384220, reward=-7.888838
Epoch: 535: 2022-04-27 04:41:11.725204
Epoch 536/1000, D_loss=0.384200, reward=-7.888691
Epoch: 536: 2022-04-27 04:41:39.561427
Epoch 537/1000, D_loss=0.384549, reward=-7.887158
Epoch: 537: 2022-04-27 04:42:06.895854
Epoch 538/1000, D_loss=0.386276, reward=-7.884368
Epoch: 538: 2022-04-27 04:42:34.847089
Epoch 539/1000, D_loss=0.385020, reward=-7.884810
Epoch: 539: 2022-04-27 04:43:02.685905
Epoch 540/1000, D_loss=0.386143, reward=-7.883733
Epoch: 540: 2022-04-27 04:43:29.681099
Epoch 541/1000, D_loss=0.385131, reward=-7.883140
Epoch: 541: 2022-04-27 04:43:57.549419
Epoch 542/1000, D_loss=0.385932, reward=-7.883532
Epoch: 542: 2022-04-27 04:44:24.647510
Epoch 543/1000, D_loss=0.384447, reward=-7.884799
Epoch: 543: 2022-04-27 04:44:52.515701
Epoch 544/1000, D_loss=0.385278, reward=-7.883287
Epoch: 544: 2022-04-27 04:45:20.371297
Epoch 545/1000, D_loss=0.385529, reward=-7.882557
Epoch: 545: 2022-04-27 04:45:48.281854
Epoch 546/1000, D_loss=0.385432, reward=-7.881942
Epoch: 546: 2022-04-27 04:46:16.194733
Epoch 547/1000, D_loss=0.386027, reward=-7.881433
Epoch: 547: 2022-04-27 04:46:44.075505
Epoch 548/1000, D_loss=0.385949, reward=-7.879668
Epoch: 548: 2022-04-27 04:47:11.264106
Epoch 549/1000, D_loss=0.386792, reward=-7.878941
Epoch: 549: 2022-04-27 04:47:39.174029
Epoch 550/1000, D_loss=0.385404, reward=-7.880927
Test_MRR=0.173277, Test_MR=2817.673865, Test_H@10=0.345119
Epoch: 550: 2022-04-27 04:54:14.619856
Epoch 551/1000, D_loss=0.386612, reward=-7.879562
Epoch: 551: 2022-04-27 04:54:43.270011
Epoch 552/1000, D_loss=0.385789, reward=-7.879902
Epoch: 552: 2022-04-27 04:55:11.129270
Epoch 553/1000, D_loss=0.387024, reward=-7.879284
Epoch: 553: 2022-04-27 04:55:38.173398
Epoch 554/1000, D_loss=0.385737, reward=-7.880780
Epoch: 554: 2022-04-27 04:56:05.997212
Epoch 555/1000, D_loss=0.385940, reward=-7.878948
Epoch: 555: 2022-04-27 04:56:33.862096
Epoch 556/1000, D_loss=0.386694, reward=-7.877984
Epoch: 556: 2022-04-27 04:57:01.801772
Epoch 557/1000, D_loss=0.386423, reward=-7.877841
Epoch: 557: 2022-04-27 04:57:30.284751
Epoch 558/1000, D_loss=0.385786, reward=-7.877778
Epoch: 558: 2022-04-27 04:57:57.389420
Epoch 559/1000, D_loss=0.385753, reward=-7.877850
Epoch: 559: 2022-04-27 04:58:25.342375
Epoch 560/1000, D_loss=0.386369, reward=-7.877034
Epoch: 560: 2022-04-27 04:58:52.589427
Epoch 561/1000, D_loss=0.386254, reward=-7.877827
Epoch: 561: 2022-04-27 04:59:20.506982
Epoch 562/1000, D_loss=0.387105, reward=-7.874962
Epoch: 562: 2022-04-27 04:59:47.614921
Epoch 563/1000, D_loss=0.387177, reward=-7.876108
Epoch: 563: 2022-04-27 05:00:15.745818
Epoch 564/1000, D_loss=0.387080, reward=-7.874384
Epoch: 564: 2022-04-27 05:00:44.322194
Epoch 565/1000, D_loss=0.387233, reward=-7.874114
Epoch: 565: 2022-04-27 05:01:12.452061
Epoch 566/1000, D_loss=0.386952, reward=-7.874069
Epoch: 566: 2022-04-27 05:01:39.735518
Epoch 567/1000, D_loss=0.387222, reward=-7.873813
Epoch: 567: 2022-04-27 05:02:07.755298
Epoch 568/1000, D_loss=0.387319, reward=-7.873735
Epoch: 568: 2022-04-27 05:02:36.500898
Epoch 569/1000, D_loss=0.387554, reward=-7.872088
Epoch: 569: 2022-04-27 05:03:03.839755
Epoch 570/1000, D_loss=0.387315, reward=-7.872015
Epoch: 570: 2022-04-27 05:03:31.829049
Epoch 571/1000, D_loss=0.385685, reward=-7.874258
Epoch: 571: 2022-04-27 05:04:00.360135
Epoch 572/1000, D_loss=0.388025, reward=-7.870348
Epoch: 572: 2022-04-27 05:04:28.590453
Epoch 573/1000, D_loss=0.386747, reward=-7.872586
Epoch: 573: 2022-04-27 05:04:55.738514
Epoch 574/1000, D_loss=0.387123, reward=-7.871559
Epoch: 574: 2022-04-27 05:05:23.771082
Epoch 575/1000, D_loss=0.385984, reward=-7.874187
Epoch: 575: 2022-04-27 05:05:52.205510
Epoch 576/1000, D_loss=0.385753, reward=-7.873188
Epoch: 576: 2022-04-27 05:06:20.309393
Epoch 577/1000, D_loss=0.386708, reward=-7.872755
Epoch: 577: 2022-04-27 05:06:48.436686
Epoch 578/1000, D_loss=0.388904, reward=-7.868243
Epoch: 578: 2022-04-27 05:07:16.399078
Epoch 579/1000, D_loss=0.386880, reward=-7.871103
Epoch: 579: 2022-04-27 05:07:44.208620
Epoch 580/1000, D_loss=0.386816, reward=-7.871439
Epoch: 580: 2022-04-27 05:08:12.427258
Epoch 581/1000, D_loss=0.387283, reward=-7.870848
Epoch: 581: 2022-04-27 05:08:39.615175
Epoch 582/1000, D_loss=0.388235, reward=-7.868592
Epoch: 582: 2022-04-27 05:09:08.525255
Epoch 583/1000, D_loss=0.387191, reward=-7.870947
Epoch: 583: 2022-04-27 05:09:36.800203
Epoch 584/1000, D_loss=0.386975, reward=-7.868237
Epoch: 584: 2022-04-27 05:10:05.256771
Epoch 585/1000, D_loss=0.386615, reward=-7.867913
Epoch: 585: 2022-04-27 05:10:33.340023
Epoch 586/1000, D_loss=0.387669, reward=-7.868527
Epoch: 586: 2022-04-27 05:11:01.284209
Epoch 587/1000, D_loss=0.387379, reward=-7.868351
Epoch: 587: 2022-04-27 05:11:29.509875
Epoch 588/1000, D_loss=0.387896, reward=-7.867219
Epoch: 588: 2022-04-27 05:11:57.397189
Epoch 589/1000, D_loss=0.388125, reward=-7.866261
Epoch: 589: 2022-04-27 05:12:25.281293
Epoch 590/1000, D_loss=0.388790, reward=-7.865425
Epoch: 590: 2022-04-27 05:12:53.180411
Epoch 591/1000, D_loss=0.388664, reward=-7.866788
Epoch: 591: 2022-04-27 05:13:20.570988
Epoch 592/1000, D_loss=0.387768, reward=-7.866490
Epoch: 592: 2022-04-27 05:13:48.543901
Epoch 593/1000, D_loss=0.386909, reward=-7.866544
Epoch: 593: 2022-04-27 05:14:16.468674
Epoch 594/1000, D_loss=0.387868, reward=-7.865232
Epoch: 594: 2022-04-27 05:14:43.840599
Epoch 595/1000, D_loss=0.388512, reward=-7.864086
Epoch: 595: 2022-04-27 05:15:11.895406
Epoch 596/1000, D_loss=0.388323, reward=-7.864913
Epoch: 596: 2022-04-27 05:15:39.920046
Epoch 597/1000, D_loss=0.388456, reward=-7.863575
Epoch: 597: 2022-04-27 05:16:07.814766
Epoch 598/1000, D_loss=0.387738, reward=-7.863888
Epoch: 598: 2022-04-27 05:16:35.698623
Epoch 599/1000, D_loss=0.387680, reward=-7.865102
Epoch: 599: 2022-04-27 05:17:03.619284
Epoch 600/1000, D_loss=0.387595, reward=-7.864284
Test_MRR=0.177750, Test_MR=2799.167135, Test_H@10=0.344817
Epoch: 600: 2022-04-27 05:23:35.689892
Epoch 601/1000, D_loss=0.389295, reward=-7.860904
Epoch: 601: 2022-04-27 05:24:03.804827
Epoch 602/1000, D_loss=0.387058, reward=-7.866552
Epoch: 602: 2022-04-27 05:24:31.753978
Epoch 603/1000, D_loss=0.388678, reward=-7.861845
Epoch: 603: 2022-04-27 05:24:59.710257
Epoch 604/1000, D_loss=0.388328, reward=-7.861932
Epoch: 604: 2022-04-27 05:25:26.925609
Epoch 605/1000, D_loss=0.388549, reward=-7.860633
Epoch: 605: 2022-04-27 05:25:54.902415
Epoch 606/1000, D_loss=0.387000, reward=-7.863839
Epoch: 606: 2022-04-27 05:26:22.985441
Epoch 607/1000, D_loss=0.388131, reward=-7.860323
Epoch: 607: 2022-04-27 05:26:50.903481
Epoch 608/1000, D_loss=0.387596, reward=-7.861710
Epoch: 608: 2022-04-27 05:27:18.873717
Epoch 609/1000, D_loss=0.388460, reward=-7.861157
Epoch: 609: 2022-04-27 05:27:46.858887
Epoch 610/1000, D_loss=0.387465, reward=-7.861992
Epoch: 610: 2022-04-27 05:28:14.895716
Epoch 611/1000, D_loss=0.387937, reward=-7.861788
Epoch: 611: 2022-04-27 05:28:41.833695
Epoch 612/1000, D_loss=0.387710, reward=-7.861825
Epoch: 612: 2022-04-27 05:29:09.762197
Epoch 613/1000, D_loss=0.387518, reward=-7.862106
Epoch: 613: 2022-04-27 05:29:37.704734
Epoch 614/1000, D_loss=0.387401, reward=-7.860884
Epoch: 614: 2022-04-27 05:30:05.712799
Epoch 615/1000, D_loss=0.389044, reward=-7.859167
Epoch: 615: 2022-04-27 05:30:33.695346
Epoch 616/1000, D_loss=0.388875, reward=-7.858180
Epoch: 616: 2022-04-27 05:31:00.847958
Epoch 617/1000, D_loss=0.389912, reward=-7.858068
Epoch: 617: 2022-04-27 05:31:28.796628
Epoch 618/1000, D_loss=0.388443, reward=-7.858657
Epoch: 618: 2022-04-27 05:31:56.047794
Epoch 619/1000, D_loss=0.390009, reward=-7.856553
Epoch: 619: 2022-04-27 05:32:24.244659
Epoch 620/1000, D_loss=0.387988, reward=-7.859953
Epoch: 620: 2022-04-27 05:32:51.404639
Epoch 621/1000, D_loss=0.388604, reward=-7.857575
Epoch: 621: 2022-04-27 05:33:19.372782
Epoch 622/1000, D_loss=0.387365, reward=-7.859876
Epoch: 622: 2022-04-27 05:33:47.346919
Epoch 623/1000, D_loss=0.388945, reward=-7.857293
Epoch: 623: 2022-04-27 05:34:15.320094
Epoch 624/1000, D_loss=0.388486, reward=-7.855785
Epoch: 624: 2022-04-27 05:34:42.459305
Epoch 625/1000, D_loss=0.390009, reward=-7.854232
Epoch: 625: 2022-04-27 05:35:10.465416
Epoch 626/1000, D_loss=0.389014, reward=-7.854939
Epoch: 626: 2022-04-27 05:35:38.521243
Epoch 627/1000, D_loss=0.389640, reward=-7.854612
Epoch: 627: 2022-04-27 05:36:06.583223
Epoch 628/1000, D_loss=0.389345, reward=-7.855647
Epoch: 628: 2022-04-27 05:36:33.776437
Epoch 629/1000, D_loss=0.388770, reward=-7.856030
Epoch: 629: 2022-04-27 05:37:01.749114
Epoch 630/1000, D_loss=0.388622, reward=-7.855099
Epoch: 630: 2022-04-27 05:37:28.931518
Epoch 631/1000, D_loss=0.389353, reward=-7.853892
Epoch: 631: 2022-04-27 05:37:56.881949
Epoch 632/1000, D_loss=0.389019, reward=-7.854058
Epoch: 632: 2022-04-27 05:38:24.203885
Epoch 633/1000, D_loss=0.390017, reward=-7.853640
Epoch: 633: 2022-04-27 05:38:52.173402
Epoch 634/1000, D_loss=0.388473, reward=-7.855740
Epoch: 634: 2022-04-27 05:39:20.226808
Epoch 635/1000, D_loss=0.390386, reward=-7.852181
Epoch: 635: 2022-04-27 05:39:48.239786
Epoch 636/1000, D_loss=0.388875, reward=-7.854119
Epoch: 636: 2022-04-27 05:40:16.231055
Epoch 637/1000, D_loss=0.389510, reward=-7.852988
Epoch: 637: 2022-04-27 05:40:43.397371
Epoch 638/1000, D_loss=0.388066, reward=-7.853380
Epoch: 638: 2022-04-27 05:41:11.449978
Epoch 639/1000, D_loss=0.389514, reward=-7.852760
Epoch: 639: 2022-04-27 05:41:39.444932
Epoch 640/1000, D_loss=0.389247, reward=-7.852651
Epoch: 640: 2022-04-27 05:42:07.378842
Epoch 641/1000, D_loss=0.390165, reward=-7.850495
Epoch: 641: 2022-04-27 05:42:34.639733
Epoch 642/1000, D_loss=0.389981, reward=-7.849872
Epoch: 642: 2022-04-27 05:43:02.903928
Epoch 643/1000, D_loss=0.389699, reward=-7.850297
Epoch: 643: 2022-04-27 05:43:30.110632
Epoch 644/1000, D_loss=0.388455, reward=-7.852659
Epoch: 644: 2022-04-27 05:43:58.051223
Epoch 645/1000, D_loss=0.390272, reward=-7.849479
Epoch: 645: 2022-04-27 05:44:26.176281
Epoch 646/1000, D_loss=0.389388, reward=-7.850932
Epoch: 646: 2022-04-27 05:44:54.708889
Epoch 647/1000, D_loss=0.391465, reward=-7.846837
Epoch: 647: 2022-04-27 05:45:22.792419
Epoch 648/1000, D_loss=0.389926, reward=-7.849582
Epoch: 648: 2022-04-27 05:45:50.776393
Epoch 649/1000, D_loss=0.388666, reward=-7.851426
Epoch: 649: 2022-04-27 05:46:18.742510
Epoch 650/1000, D_loss=0.389177, reward=-7.850946
Test_MRR=0.175158, Test_MR=2789.498694, Test_H@10=0.344014
Epoch: 650: 2022-04-27 05:53:07.075225
Epoch 651/1000, D_loss=0.390321, reward=-7.847612
Epoch: 651: 2022-04-27 05:53:35.242351
Epoch 652/1000, D_loss=0.390229, reward=-7.847322
Epoch: 652: 2022-04-27 05:54:03.717239
Epoch 653/1000, D_loss=0.389850, reward=-7.848848
Epoch: 653: 2022-04-27 05:54:31.016063
Epoch 654/1000, D_loss=0.390026, reward=-7.845096
Epoch: 654: 2022-04-27 05:54:59.069943
Epoch 655/1000, D_loss=0.390918, reward=-7.846192
Epoch: 655: 2022-04-27 05:55:26.829723
Epoch 656/1000, D_loss=0.390754, reward=-7.846470
Epoch: 656: 2022-04-27 05:55:55.316049
Epoch 657/1000, D_loss=0.389726, reward=-7.846715
Epoch: 657: 2022-04-27 05:56:23.020788
Epoch 658/1000, D_loss=0.389899, reward=-7.846171
Epoch: 658: 2022-04-27 05:56:51.109529
Epoch 659/1000, D_loss=0.388752, reward=-7.846893
Epoch: 659: 2022-04-27 05:57:18.664231
Epoch 660/1000, D_loss=0.388956, reward=-7.846346
Epoch: 660: 2022-04-27 05:57:46.947441
Epoch 661/1000, D_loss=0.390947, reward=-7.844246
Epoch: 661: 2022-04-27 05:58:14.286546
Epoch 662/1000, D_loss=0.390690, reward=-7.844311
Epoch: 662: 2022-04-27 05:58:42.483710
Epoch 663/1000, D_loss=0.390439, reward=-7.844665
Epoch: 663: 2022-04-27 05:59:10.145995
Epoch 664/1000, D_loss=0.389105, reward=-7.844491
Epoch: 664: 2022-04-27 05:59:38.347739
Epoch 665/1000, D_loss=0.390118, reward=-7.844078
Epoch: 665: 2022-04-27 06:00:06.527875
Epoch 666/1000, D_loss=0.390882, reward=-7.843200
Epoch: 666: 2022-04-27 06:00:33.537227
Epoch 667/1000, D_loss=0.389795, reward=-7.845295
Epoch: 667: 2022-04-27 06:01:01.586331
Epoch 668/1000, D_loss=0.390650, reward=-7.842487
Epoch: 668: 2022-04-27 06:01:29.032092
Epoch 669/1000, D_loss=0.389213, reward=-7.843282
Epoch: 669: 2022-04-27 06:01:57.038001
Epoch 670/1000, D_loss=0.390441, reward=-7.841960
Epoch: 670: 2022-04-27 06:02:25.688689
Epoch 671/1000, D_loss=0.390586, reward=-7.841465
Epoch: 671: 2022-04-27 06:02:53.041310
Epoch 672/1000, D_loss=0.390710, reward=-7.841435
Epoch: 672: 2022-04-27 06:03:21.018100
Epoch 673/1000, D_loss=0.390725, reward=-7.840308
Epoch: 673: 2022-04-27 06:03:49.146312
Epoch 674/1000, D_loss=0.390251, reward=-7.840439
Epoch: 674: 2022-04-27 06:04:17.274041
Epoch 675/1000, D_loss=0.391227, reward=-7.839472
Epoch: 675: 2022-04-27 06:04:45.326281
Epoch 676/1000, D_loss=0.390263, reward=-7.840453
Epoch: 676: 2022-04-27 06:05:13.370302
Epoch 677/1000, D_loss=0.391384, reward=-7.840564
Epoch: 677: 2022-04-27 06:05:41.360232
Epoch 678/1000, D_loss=0.391987, reward=-7.840063
Epoch: 678: 2022-04-27 06:06:08.547586
Epoch 679/1000, D_loss=0.390203, reward=-7.841624
Epoch: 679: 2022-04-27 06:06:36.590946
Epoch 680/1000, D_loss=0.390634, reward=-7.841624
Epoch: 680: 2022-04-27 06:07:04.732988
Epoch 681/1000, D_loss=0.390801, reward=-7.839694
Epoch: 681: 2022-04-27 06:07:32.024569
Epoch 682/1000, D_loss=0.391782, reward=-7.838018
Epoch: 682: 2022-04-27 06:08:00.055025
Epoch 683/1000, D_loss=0.390566, reward=-7.839428
Epoch: 683: 2022-04-27 06:08:27.424253
Epoch 684/1000, D_loss=0.391540, reward=-7.837977
Epoch: 684: 2022-04-27 06:08:55.481512
Epoch 685/1000, D_loss=0.391336, reward=-7.838212
Epoch: 685: 2022-04-27 06:09:23.543176
Epoch 686/1000, D_loss=0.391296, reward=-7.837667
Epoch: 686: 2022-04-27 06:09:51.578846
Epoch 687/1000, D_loss=0.390999, reward=-7.838506
Epoch: 687: 2022-04-27 06:10:19.759032
Epoch 688/1000, D_loss=0.391698, reward=-7.836863
Epoch: 688: 2022-04-27 06:10:47.062952
Epoch 689/1000, D_loss=0.389899, reward=-7.838632
Epoch: 689: 2022-04-27 06:11:15.054990
Epoch 690/1000, D_loss=0.391299, reward=-7.837149
Epoch: 690: 2022-04-27 06:11:42.223680
Epoch 691/1000, D_loss=0.391590, reward=-7.836750
Epoch: 691: 2022-04-27 06:12:10.299697
Epoch 692/1000, D_loss=0.391793, reward=-7.835645
Epoch: 692: 2022-04-27 06:12:38.404124
Epoch 693/1000, D_loss=0.390955, reward=-7.836761
Epoch: 693: 2022-04-27 06:13:05.644372
Epoch 694/1000, D_loss=0.391209, reward=-7.836123
Epoch: 694: 2022-04-27 06:13:33.689788
Epoch 695/1000, D_loss=0.391371, reward=-7.835781
Epoch: 695: 2022-04-27 06:14:00.884617
Epoch 696/1000, D_loss=0.390108, reward=-7.835814
Epoch: 696: 2022-04-27 06:14:28.933284
Epoch 697/1000, D_loss=0.390816, reward=-7.835401
Epoch: 697: 2022-04-27 06:14:57.000097
Epoch 698/1000, D_loss=0.390783, reward=-7.834285
Epoch: 698: 2022-04-27 06:15:25.058273
Epoch 699/1000, D_loss=0.390270, reward=-7.835724
Epoch: 699: 2022-04-27 06:15:52.290812
Epoch 700/1000, D_loss=0.391344, reward=-7.833724
Test_MRR=0.181797, Test_MR=2813.810667, Test_H@10=0.354761
Epoch: 700: 2022-04-27 06:22:30.638566
Epoch 701/1000, D_loss=0.391405, reward=-7.833823
Epoch: 701: 2022-04-27 06:22:58.694588
Epoch 702/1000, D_loss=0.391007, reward=-7.835256
Epoch: 702: 2022-04-27 06:23:26.829150
Epoch 703/1000, D_loss=0.391031, reward=-7.833992
Epoch: 703: 2022-04-27 06:23:54.953226
Epoch 704/1000, D_loss=0.390964, reward=-7.834775
Epoch: 704: 2022-04-27 06:24:22.283984
Epoch 705/1000, D_loss=0.392268, reward=-7.832222
Epoch: 705: 2022-04-27 06:24:50.333903
Epoch 706/1000, D_loss=0.390295, reward=-7.834851
Epoch: 706: 2022-04-27 06:25:18.391810
Epoch 707/1000, D_loss=0.393040, reward=-7.830069
Epoch: 707: 2022-04-27 06:25:46.427188
Epoch 708/1000, D_loss=0.390914, reward=-7.833311
Epoch: 708: 2022-04-27 06:26:14.479049
Epoch 709/1000, D_loss=0.392580, reward=-7.830586
Epoch: 709: 2022-04-27 06:26:42.627209
Epoch 710/1000, D_loss=0.391138, reward=-7.831403
Epoch: 710: 2022-04-27 06:27:10.692600
Epoch 711/1000, D_loss=0.391385, reward=-7.832029
Epoch: 711: 2022-04-27 06:27:38.767865
Epoch 712/1000, D_loss=0.390998, reward=-7.832064
Epoch: 712: 2022-04-27 06:28:06.850620
Epoch 713/1000, D_loss=0.391911, reward=-7.831420
Epoch: 713: 2022-04-27 06:28:34.129262
Epoch 714/1000, D_loss=0.392571, reward=-7.829806
Epoch: 714: 2022-04-27 06:29:02.187546
Epoch 715/1000, D_loss=0.390645, reward=-7.833034
Epoch: 715: 2022-04-27 06:29:30.312304
Epoch 716/1000, D_loss=0.390101, reward=-7.833519
Epoch: 716: 2022-04-27 06:29:57.582502
Epoch 717/1000, D_loss=0.390770, reward=-7.831506
Epoch: 717: 2022-04-27 06:30:25.706556
Epoch 718/1000, D_loss=0.392274, reward=-7.828063
Epoch: 718: 2022-04-27 06:30:53.008882
Epoch 719/1000, D_loss=0.391517, reward=-7.830360
Epoch: 719: 2022-04-27 06:31:21.059902
Epoch 720/1000, D_loss=0.392039, reward=-7.829554
Epoch: 720: 2022-04-27 06:31:48.283727
Epoch 721/1000, D_loss=0.391570, reward=-7.830517
Epoch: 721: 2022-04-27 06:32:16.372431
Epoch 722/1000, D_loss=0.393207, reward=-7.828527
Epoch: 722: 2022-04-27 06:32:44.556440
Epoch 723/1000, D_loss=0.391827, reward=-7.829630
Epoch: 723: 2022-04-27 06:33:12.615511
Epoch 724/1000, D_loss=0.391861, reward=-7.828884
Epoch: 724: 2022-04-27 06:33:40.785532
Epoch 725/1000, D_loss=0.391552, reward=-7.828975
Epoch: 725: 2022-04-27 06:34:09.082034
Epoch 726/1000, D_loss=0.393263, reward=-7.827421
Epoch: 726: 2022-04-27 06:34:37.137988
Epoch 727/1000, D_loss=0.392087, reward=-7.827054
Epoch: 727: 2022-04-27 06:35:05.424192
Epoch 728/1000, D_loss=0.391534, reward=-7.827453
Epoch: 728: 2022-04-27 06:35:33.730159
Epoch 729/1000, D_loss=0.391462, reward=-7.827220
Epoch: 729: 2022-04-27 06:36:01.924252
Epoch 730/1000, D_loss=0.392922, reward=-7.825043
Epoch: 730: 2022-04-27 06:36:30.017591
Epoch 731/1000, D_loss=0.392352, reward=-7.826440
Epoch: 731: 2022-04-27 06:36:58.155665
Epoch 732/1000, D_loss=0.393072, reward=-7.825332
Epoch: 732: 2022-04-27 06:37:26.314389
Epoch 733/1000, D_loss=0.392225, reward=-7.826848
Epoch: 733: 2022-04-27 06:37:53.657529
Epoch 734/1000, D_loss=0.391415, reward=-7.827099
Epoch: 734: 2022-04-27 06:38:21.794290
Epoch 735/1000, D_loss=0.390999, reward=-7.827569
Epoch: 735: 2022-04-27 06:38:49.298800
Epoch 736/1000, D_loss=0.391869, reward=-7.825448
Epoch: 736: 2022-04-27 06:39:17.724369
Epoch 737/1000, D_loss=0.392543, reward=-7.826778
Epoch: 737: 2022-04-27 06:39:45.885494
Epoch 738/1000, D_loss=0.391075, reward=-7.826242
Epoch: 738: 2022-04-27 06:40:14.423391
Epoch 739/1000, D_loss=0.391462, reward=-7.826289
Epoch: 739: 2022-04-27 06:40:43.244666
Epoch 740/1000, D_loss=0.392591, reward=-7.824180
Epoch: 740: 2022-04-27 06:41:11.583756
Epoch 741/1000, D_loss=0.392172, reward=-7.825034
Epoch: 741: 2022-04-27 06:41:39.734575
Epoch 742/1000, D_loss=0.390994, reward=-7.827754
Epoch: 742: 2022-04-27 06:42:07.970957
Epoch 743/1000, D_loss=0.393812, reward=-7.823112
Epoch: 743: 2022-04-27 06:42:35.438348
Epoch 744/1000, D_loss=0.393806, reward=-7.822225
Epoch: 744: 2022-04-27 06:43:03.748437
Epoch 745/1000, D_loss=0.392353, reward=-7.822560
Epoch: 745: 2022-04-27 06:43:31.735694
Epoch 746/1000, D_loss=0.393095, reward=-7.822242
Epoch: 746: 2022-04-27 06:44:00.105917
Epoch 747/1000, D_loss=0.392486, reward=-7.821677
Epoch: 747: 2022-04-27 06:44:28.921124
Epoch 748/1000, D_loss=0.391912, reward=-7.823087
Epoch: 748: 2022-04-27 06:44:57.746032
Epoch 749/1000, D_loss=0.392437, reward=-7.823079
Epoch: 749: 2022-04-27 06:45:26.355686
Epoch 750/1000, D_loss=0.393106, reward=-7.821522
Test_MRR=0.181586, Test_MR=2889.257332, Test_H@10=0.354359
Epoch: 750: 2022-04-27 06:52:00.934515
Epoch 751/1000, D_loss=0.393027, reward=-7.821499
Epoch: 751: 2022-04-27 06:52:28.302416
Epoch 752/1000, D_loss=0.392548, reward=-7.821171
Epoch: 752: 2022-04-27 06:52:56.499906
Epoch 753/1000, D_loss=0.392331, reward=-7.821549
Epoch: 753: 2022-04-27 06:53:24.707082
Epoch 754/1000, D_loss=0.392952, reward=-7.821043
Epoch: 754: 2022-04-27 06:53:51.984427
Epoch 755/1000, D_loss=0.392774, reward=-7.820486
Epoch: 755: 2022-04-27 06:54:20.069897
Epoch 756/1000, D_loss=0.392144, reward=-7.821167
Epoch: 756: 2022-04-27 06:54:48.202145
Epoch 757/1000, D_loss=0.393054, reward=-7.820054
Epoch: 757: 2022-04-27 06:55:16.334194
Epoch 758/1000, D_loss=0.392331, reward=-7.820780
Epoch: 758: 2022-04-27 06:55:43.691884
Epoch 759/1000, D_loss=0.391798, reward=-7.822885
Epoch: 759: 2022-04-27 06:56:11.801759
Epoch 760/1000, D_loss=0.392450, reward=-7.821070
Epoch: 760: 2022-04-27 06:56:40.043749
Epoch 761/1000, D_loss=0.392282, reward=-7.821749
Epoch: 761: 2022-04-27 06:57:08.200401
Epoch 762/1000, D_loss=0.391902, reward=-7.820458
Epoch: 762: 2022-04-27 06:57:35.517221
Epoch 763/1000, D_loss=0.392702, reward=-7.820036
Epoch: 763: 2022-04-27 06:58:03.616618
Epoch 764/1000, D_loss=0.392244, reward=-7.821098
Epoch: 764: 2022-04-27 06:58:31.827951
Epoch 765/1000, D_loss=0.392897, reward=-7.819249
Epoch: 765: 2022-04-27 06:58:59.918674
Epoch 766/1000, D_loss=0.393281, reward=-7.818251
Epoch: 766: 2022-04-27 06:59:28.106499
Epoch 767/1000, D_loss=0.392233, reward=-7.819050
Epoch: 767: 2022-04-27 06:59:56.567912
Epoch 768/1000, D_loss=0.392834, reward=-7.817949
Epoch: 768: 2022-04-27 07:00:23.794155
Epoch 769/1000, D_loss=0.394443, reward=-7.815839
Epoch: 769: 2022-04-27 07:00:51.889533
Epoch 770/1000, D_loss=0.392528, reward=-7.817518
Epoch: 770: 2022-04-27 07:01:20.052562
Epoch 771/1000, D_loss=0.391993, reward=-7.818704
Epoch: 771: 2022-04-27 07:01:48.140194
Epoch 772/1000, D_loss=0.392731, reward=-7.816945
Epoch: 772: 2022-04-27 07:02:16.247275
Epoch 773/1000, D_loss=0.393084, reward=-7.817725
Epoch: 773: 2022-04-27 07:02:44.370714
Epoch 774/1000, D_loss=0.393304, reward=-7.816809
Epoch: 774: 2022-04-27 07:03:12.534434
Epoch 775/1000, D_loss=0.392870, reward=-7.817682
Epoch: 775: 2022-04-27 07:03:40.623217
Epoch 776/1000, D_loss=0.393056, reward=-7.815632
Epoch: 776: 2022-04-27 07:04:08.744033
Epoch 777/1000, D_loss=0.393173, reward=-7.816119
Epoch: 777: 2022-04-27 07:04:36.049581
Epoch 778/1000, D_loss=0.392654, reward=-7.816763
Epoch: 778: 2022-04-27 07:05:04.263486
Epoch 779/1000, D_loss=0.394107, reward=-7.813444
Epoch: 779: 2022-04-27 07:05:32.351147
Epoch 780/1000, D_loss=0.391938, reward=-7.817103
Epoch: 780: 2022-04-27 07:06:00.506766
Epoch 781/1000, D_loss=0.393518, reward=-7.815086
Epoch: 781: 2022-04-27 07:06:28.695193
Epoch 782/1000, D_loss=0.393055, reward=-7.816053
Epoch: 782: 2022-04-27 07:06:56.894345
Epoch 783/1000, D_loss=0.393727, reward=-7.814822
Epoch: 783: 2022-04-27 07:07:24.245314
Epoch 784/1000, D_loss=0.393345, reward=-7.814859
Epoch: 784: 2022-04-27 07:07:52.558203
Epoch 785/1000, D_loss=0.393877, reward=-7.814490
Epoch: 785: 2022-04-27 07:08:20.701635
Epoch 786/1000, D_loss=0.393734, reward=-7.813723
Epoch: 786: 2022-04-27 07:08:48.866780
Epoch 787/1000, D_loss=0.393976, reward=-7.814485
Epoch: 787: 2022-04-27 07:09:17.211736
Epoch 788/1000, D_loss=0.394182, reward=-7.812841
Epoch: 788: 2022-04-27 07:09:44.694459
Epoch 789/1000, D_loss=0.393990, reward=-7.812924
Epoch: 789: 2022-04-27 07:10:12.931954
Epoch 790/1000, D_loss=0.393144, reward=-7.815025
Epoch: 790: 2022-04-27 07:10:41.094572
Epoch 791/1000, D_loss=0.393792, reward=-7.813677
Epoch: 791: 2022-04-27 07:11:09.227294
Epoch 792/1000, D_loss=0.393266, reward=-7.814447
Epoch: 792: 2022-04-27 07:11:37.358919
Epoch 793/1000, D_loss=0.393641, reward=-7.813840
Epoch: 793: 2022-04-27 07:12:05.718326
Epoch 794/1000, D_loss=0.394381, reward=-7.813206
Epoch: 794: 2022-04-27 07:12:33.439419
Epoch 795/1000, D_loss=0.393012, reward=-7.815433
Epoch: 795: 2022-04-27 07:13:01.646120
Epoch 796/1000, D_loss=0.393760, reward=-7.812614
Epoch: 796: 2022-04-27 07:13:29.782853
Epoch 797/1000, D_loss=0.394194, reward=-7.811010
Epoch: 797: 2022-04-27 07:13:58.008685
Epoch 798/1000, D_loss=0.393324, reward=-7.812512
Epoch: 798: 2022-04-27 07:14:26.111239
Epoch 799/1000, D_loss=0.392475, reward=-7.814217
Epoch: 799: 2022-04-27 07:14:53.442268
Epoch 800/1000, D_loss=0.394224, reward=-7.811001
Test_MRR=0.183810, Test_MR=2793.334873, Test_H@10=0.355364
Epoch: 800: 2022-04-27 07:21:21.267239
Epoch 801/1000, D_loss=0.394150, reward=-7.812461
Epoch: 801: 2022-04-27 07:21:48.802855
Epoch 802/1000, D_loss=0.394440, reward=-7.811669
Epoch: 802: 2022-04-27 07:22:17.368463
Epoch 803/1000, D_loss=0.394020, reward=-7.811293
Epoch: 803: 2022-04-27 07:22:45.590958
Epoch 804/1000, D_loss=0.393677, reward=-7.811683
Epoch: 804: 2022-04-27 07:23:13.880026
Epoch 805/1000, D_loss=0.393151, reward=-7.812280
Epoch: 805: 2022-04-27 07:23:42.016490
Epoch 806/1000, D_loss=0.394134, reward=-7.809847
Epoch: 806: 2022-04-27 07:24:10.128988
Epoch 807/1000, D_loss=0.393940, reward=-7.809947
Epoch: 807: 2022-04-27 07:24:38.314751
Epoch 808/1000, D_loss=0.393443, reward=-7.809434
Epoch: 808: 2022-04-27 07:25:06.490521
Epoch 809/1000, D_loss=0.394206, reward=-7.808160
Epoch: 809: 2022-04-27 07:25:34.750176
Epoch 810/1000, D_loss=0.393869, reward=-7.808701
Epoch: 810: 2022-04-27 07:26:03.483807
Epoch 811/1000, D_loss=0.394894, reward=-7.808059
Epoch: 811: 2022-04-27 07:26:31.937412
Epoch 812/1000, D_loss=0.393961, reward=-7.808929
Epoch: 812: 2022-04-27 07:26:59.524429
Epoch 813/1000, D_loss=0.395661, reward=-7.806142
Epoch: 813: 2022-04-27 07:27:27.893275
Epoch 814/1000, D_loss=0.393691, reward=-7.809104
Epoch: 814: 2022-04-27 07:27:55.447589
Epoch 815/1000, D_loss=0.394570, reward=-7.808147
Epoch: 815: 2022-04-27 07:28:24.038082
Epoch 816/1000, D_loss=0.395052, reward=-7.807280
Epoch: 816: 2022-04-27 07:28:52.596880
Epoch 817/1000, D_loss=0.394325, reward=-7.809105
Epoch: 817: 2022-04-27 07:29:21.001805
Epoch 818/1000, D_loss=0.392381, reward=-7.810586
Epoch: 818: 2022-04-27 07:29:49.229188
Epoch 819/1000, D_loss=0.393847, reward=-7.807955
Epoch: 819: 2022-04-27 07:30:17.764112
Epoch 820/1000, D_loss=0.393870, reward=-7.808139
Epoch: 820: 2022-04-27 07:30:45.674792
Epoch 821/1000, D_loss=0.392834, reward=-7.809144
Epoch: 821: 2022-04-27 07:31:14.109972
Epoch 822/1000, D_loss=0.393314, reward=-7.807657
Epoch: 822: 2022-04-27 07:31:41.734095
Epoch 823/1000, D_loss=0.394358, reward=-7.806820
Epoch: 823: 2022-04-27 07:32:10.568268
Epoch 824/1000, D_loss=0.393993, reward=-7.809013
Epoch: 824: 2022-04-27 07:32:37.973768
Epoch 825/1000, D_loss=0.393062, reward=-7.808419
Epoch: 825: 2022-04-27 07:33:06.710556
Epoch 826/1000, D_loss=0.394074, reward=-7.808064
Epoch: 826: 2022-04-27 07:33:35.126917
Epoch 827/1000, D_loss=0.394260, reward=-7.807206
Epoch: 827: 2022-04-27 07:34:02.786917
Epoch 828/1000, D_loss=0.393949, reward=-7.806677
Epoch: 828: 2022-04-27 07:34:31.095196
Epoch 829/1000, D_loss=0.393608, reward=-7.807387
Epoch: 829: 2022-04-27 07:34:58.627768
Epoch 830/1000, D_loss=0.394213, reward=-7.805713
Epoch: 830: 2022-04-27 07:35:27.581908
Epoch 831/1000, D_loss=0.394161, reward=-7.806176
Epoch: 831: 2022-04-27 07:35:55.009474
Epoch 832/1000, D_loss=0.393382, reward=-7.808303
Epoch: 832: 2022-04-27 07:36:23.177151
Epoch 833/1000, D_loss=0.394004, reward=-7.806805
Epoch: 833: 2022-04-27 07:36:51.388254
Epoch 834/1000, D_loss=0.395175, reward=-7.804060
Epoch: 834: 2022-04-27 07:37:18.748244
Epoch 835/1000, D_loss=0.394611, reward=-7.804614
Epoch: 835: 2022-04-27 07:37:46.915600
Epoch 836/1000, D_loss=0.393574, reward=-7.806497
Epoch: 836: 2022-04-27 07:38:14.289499
Epoch 837/1000, D_loss=0.394297, reward=-7.805469
Epoch: 837: 2022-04-27 07:38:42.549533
Epoch 838/1000, D_loss=0.394065, reward=-7.806424
Epoch: 838: 2022-04-27 07:39:10.691505
Epoch 839/1000, D_loss=0.393934, reward=-7.805287
Epoch: 839: 2022-04-27 07:39:38.848621
Epoch 840/1000, D_loss=0.394485, reward=-7.805069
Epoch: 840: 2022-04-27 07:40:07.027926
Epoch 841/1000, D_loss=0.393681, reward=-7.805552
Epoch: 841: 2022-04-27 07:40:34.525524
Epoch 842/1000, D_loss=0.394895, reward=-7.805368
Epoch: 842: 2022-04-27 07:41:02.704191
Epoch 843/1000, D_loss=0.393926, reward=-7.804083
Epoch: 843: 2022-04-27 07:41:30.956599
Epoch 844/1000, D_loss=0.393421, reward=-7.805494
Epoch: 844: 2022-04-27 07:41:59.145524
Epoch 845/1000, D_loss=0.393343, reward=-7.803875
Epoch: 845: 2022-04-27 07:42:26.566179
Epoch 846/1000, D_loss=0.395169, reward=-7.801429
Epoch: 846: 2022-04-27 07:42:54.759191
Epoch 847/1000, D_loss=0.393831, reward=-7.802911
Epoch: 847: 2022-04-27 07:43:22.211247
Epoch 848/1000, D_loss=0.393361, reward=-7.804006
Epoch: 848: 2022-04-27 07:43:50.440631
Epoch 849/1000, D_loss=0.395071, reward=-7.802618
Epoch: 849: 2022-04-27 07:44:17.850697
Epoch 850/1000, D_loss=0.394882, reward=-7.801545
Test_MRR=0.185309, Test_MR=2794.515669, Test_H@10=0.355966
Epoch: 850: 2022-04-27 07:50:54.609249
Epoch 851/1000, D_loss=0.395276, reward=-7.801605
Epoch: 851: 2022-04-27 07:51:23.135397
Epoch 852/1000, D_loss=0.394307, reward=-7.802906
Epoch: 852: 2022-04-27 07:51:51.173542
Epoch 853/1000, D_loss=0.396202, reward=-7.800036
Epoch: 853: 2022-04-27 07:52:18.601393
Epoch 854/1000, D_loss=0.395218, reward=-7.802007
Epoch: 854: 2022-04-27 07:52:47.236046
Epoch 855/1000, D_loss=0.394753, reward=-7.802595
Epoch: 855: 2022-04-27 07:53:15.446981
Epoch 856/1000, D_loss=0.394896, reward=-7.802178
Epoch: 856: 2022-04-27 07:53:42.908552
Epoch 857/1000, D_loss=0.394505, reward=-7.801949
Epoch: 857: 2022-04-27 07:54:11.176622
Epoch 858/1000, D_loss=0.394438, reward=-7.802149
Epoch: 858: 2022-04-27 07:54:39.388021
Epoch 859/1000, D_loss=0.394893, reward=-7.801714
Epoch: 859: 2022-04-27 07:55:07.614118
Epoch 860/1000, D_loss=0.394994, reward=-7.801228
Epoch: 860: 2022-04-27 07:55:34.977619
Epoch 861/1000, D_loss=0.394969, reward=-7.798803
Epoch: 861: 2022-04-27 07:56:03.163808
Epoch 862/1000, D_loss=0.395721, reward=-7.798773
Epoch: 862: 2022-04-27 07:56:31.346913
Epoch 863/1000, D_loss=0.394121, reward=-7.800478
Epoch: 863: 2022-04-27 07:56:58.740892
Epoch 864/1000, D_loss=0.394055, reward=-7.800336
Epoch: 864: 2022-04-27 07:57:27.199137
Epoch 865/1000, D_loss=0.394453, reward=-7.801860
Epoch: 865: 2022-04-27 07:57:55.428759
Epoch 866/1000, D_loss=0.394442, reward=-7.800464
Epoch: 866: 2022-04-27 07:58:23.739948
Epoch 867/1000, D_loss=0.396548, reward=-7.796588
Epoch: 867: 2022-04-27 07:58:51.202995
Epoch 868/1000, D_loss=0.396814, reward=-7.795474
Epoch: 868: 2022-04-27 07:59:19.572687
Epoch 869/1000, D_loss=0.395123, reward=-7.799061
Epoch: 869: 2022-04-27 07:59:47.039982
Epoch 870/1000, D_loss=0.393800, reward=-7.801069
Epoch: 870: 2022-04-27 08:00:15.376214
Epoch 871/1000, D_loss=0.393549, reward=-7.801348
Epoch: 871: 2022-04-27 08:00:43.632302
Epoch 872/1000, D_loss=0.395254, reward=-7.797795
Epoch: 872: 2022-04-27 08:01:12.019239
Epoch 873/1000, D_loss=0.396263, reward=-7.795959
Epoch: 873: 2022-04-27 08:01:40.281070
Epoch 874/1000, D_loss=0.394932, reward=-7.798567
Epoch: 874: 2022-04-27 08:02:07.730738
Epoch 875/1000, D_loss=0.395814, reward=-7.797233
Epoch: 875: 2022-04-27 08:02:35.994145
Epoch 876/1000, D_loss=0.395239, reward=-7.797246
Epoch: 876: 2022-04-27 08:03:04.376779
Epoch 877/1000, D_loss=0.396044, reward=-7.796227
Epoch: 877: 2022-04-27 08:03:32.668620
Epoch 878/1000, D_loss=0.394829, reward=-7.798364
Epoch: 878: 2022-04-27 08:04:01.069950
Epoch 879/1000, D_loss=0.395791, reward=-7.797094
Epoch: 879: 2022-04-27 08:04:29.023923
Epoch 880/1000, D_loss=0.396079, reward=-7.795579
Epoch: 880: 2022-04-27 08:04:57.319279
Epoch 881/1000, D_loss=0.396654, reward=-7.794790
Epoch: 881: 2022-04-27 08:05:24.724227
Epoch 882/1000, D_loss=0.395613, reward=-7.795747
Epoch: 882: 2022-04-27 08:05:52.976944
Epoch 883/1000, D_loss=0.395374, reward=-7.796457
Epoch: 883: 2022-04-27 08:06:21.428613
Epoch 884/1000, D_loss=0.395100, reward=-7.796908
Epoch: 884: 2022-04-27 08:06:49.889144
Epoch 885/1000, D_loss=0.396581, reward=-7.795370
Epoch: 885: 2022-04-27 08:07:18.147177
Epoch 886/1000, D_loss=0.394567, reward=-7.797666
Epoch: 886: 2022-04-27 08:07:46.384977
Epoch 887/1000, D_loss=0.394979, reward=-7.796705
Epoch: 887: 2022-04-27 08:08:14.605753
Epoch 888/1000, D_loss=0.396844, reward=-7.794529
Epoch: 888: 2022-04-27 08:08:42.860275
Epoch 889/1000, D_loss=0.395750, reward=-7.795748
Epoch: 889: 2022-04-27 08:09:10.290051
Epoch 890/1000, D_loss=0.394990, reward=-7.795715
Epoch: 890: 2022-04-27 08:09:38.487639
Epoch 891/1000, D_loss=0.395215, reward=-7.795128
Epoch: 891: 2022-04-27 08:10:06.010067
Epoch 892/1000, D_loss=0.395883, reward=-7.794578
Epoch: 892: 2022-04-27 08:10:34.202379
Epoch 893/1000, D_loss=0.394525, reward=-7.797323
Epoch: 893: 2022-04-27 08:11:01.589426
Epoch 894/1000, D_loss=0.395022, reward=-7.796552
Epoch: 894: 2022-04-27 08:11:29.804595
Epoch 895/1000, D_loss=0.395541, reward=-7.795481
Epoch: 895: 2022-04-27 08:11:58.034603
Epoch 896/1000, D_loss=0.396420, reward=-7.793732
Epoch: 896: 2022-04-27 08:12:25.434795
Epoch 897/1000, D_loss=0.395652, reward=-7.794175
Epoch: 897: 2022-04-27 08:12:53.670469
Epoch 898/1000, D_loss=0.395191, reward=-7.794217
Epoch: 898: 2022-04-27 08:13:21.925866
Epoch 899/1000, D_loss=0.395622, reward=-7.794425
Epoch: 899: 2022-04-27 08:13:49.622703
Epoch 900/1000, D_loss=0.395634, reward=-7.794647
Test_MRR=0.185621, Test_MR=2729.749598, Test_H@10=0.356870
Epoch: 900: 2022-04-27 08:20:40.065780
Epoch 901/1000, D_loss=0.393865, reward=-7.796647
Epoch: 901: 2022-04-27 08:21:09.500007
Epoch 902/1000, D_loss=0.394568, reward=-7.793894
Epoch: 902: 2022-04-27 08:21:37.795840
Epoch 903/1000, D_loss=0.395846, reward=-7.793483
Epoch: 903: 2022-04-27 08:22:05.899743
Epoch 904/1000, D_loss=0.395816, reward=-7.792312
Epoch: 904: 2022-04-27 08:22:34.789187
Epoch 905/1000, D_loss=0.395437, reward=-7.792694
Epoch: 905: 2022-04-27 08:23:03.065245
Epoch 906/1000, D_loss=0.396655, reward=-7.790424
Epoch: 906: 2022-04-27 08:23:31.451455
Epoch 907/1000, D_loss=0.394912, reward=-7.793120
Epoch: 907: 2022-04-27 08:24:00.207236
Epoch 908/1000, D_loss=0.394001, reward=-7.793867
Epoch: 908: 2022-04-27 08:24:28.589894
Epoch 909/1000, D_loss=0.395947, reward=-7.792630
Epoch: 909: 2022-04-27 08:24:56.822464
Epoch 910/1000, D_loss=0.395811, reward=-7.792938
Epoch: 910: 2022-04-27 08:25:25.254119
Epoch 911/1000, D_loss=0.396809, reward=-7.790712
Epoch: 911: 2022-04-27 08:25:53.499132
Epoch 912/1000, D_loss=0.396247, reward=-7.791319
Epoch: 912: 2022-04-27 08:26:21.001320
Epoch 913/1000, D_loss=0.395527, reward=-7.792815
Epoch: 913: 2022-04-27 08:26:49.250632
Epoch 914/1000, D_loss=0.395498, reward=-7.792776
Epoch: 914: 2022-04-27 08:27:17.497042
Epoch 915/1000, D_loss=0.395716, reward=-7.791615
Epoch: 915: 2022-04-27 08:27:45.845724
Epoch 916/1000, D_loss=0.394446, reward=-7.793205
Epoch: 916: 2022-04-27 08:28:13.619469
Epoch 917/1000, D_loss=0.395707, reward=-7.791856
Epoch: 917: 2022-04-27 08:28:41.853090
Epoch 918/1000, D_loss=0.395514, reward=-7.792432
Epoch: 918: 2022-04-27 08:29:09.223559
Epoch 919/1000, D_loss=0.396284, reward=-7.791317
Epoch: 919: 2022-04-27 08:29:37.270547
Epoch 920/1000, D_loss=0.396916, reward=-7.788419
Epoch: 920: 2022-04-27 08:30:05.608159
Epoch 921/1000, D_loss=0.395853, reward=-7.790382
Epoch: 921: 2022-04-27 08:30:32.894840
Epoch 922/1000, D_loss=0.395747, reward=-7.790318
Epoch: 922: 2022-04-27 08:31:01.156900
Epoch 923/1000, D_loss=0.396365, reward=-7.790374
Epoch: 923: 2022-04-27 08:31:29.376730
Epoch 924/1000, D_loss=0.395159, reward=-7.790261
Epoch: 924: 2022-04-27 08:31:57.814724
Epoch 925/1000, D_loss=0.397126, reward=-7.789482
Epoch: 925: 2022-04-27 08:32:25.237396
Epoch 926/1000, D_loss=0.395602, reward=-7.791621
Epoch: 926: 2022-04-27 08:32:53.537236
Epoch 927/1000, D_loss=0.395220, reward=-7.792144
Epoch: 927: 2022-04-27 08:33:21.794094
Epoch 928/1000, D_loss=0.395609, reward=-7.790773
Epoch: 928: 2022-04-27 08:33:50.059466
Epoch 929/1000, D_loss=0.396818, reward=-7.787671
Epoch: 929: 2022-04-27 08:34:17.603593
Epoch 930/1000, D_loss=0.395692, reward=-7.790668
Epoch: 930: 2022-04-27 08:34:45.933361
Epoch 931/1000, D_loss=0.396214, reward=-7.788741
Epoch: 931: 2022-04-27 08:35:13.424850
Epoch 932/1000, D_loss=0.397146, reward=-7.787051
Epoch: 932: 2022-04-27 08:35:41.721761
Epoch 933/1000, D_loss=0.396342, reward=-7.789307
Epoch: 933: 2022-04-27 08:36:09.976075
Epoch 934/1000, D_loss=0.396653, reward=-7.787478
Epoch: 934: 2022-04-27 08:36:38.352789
Epoch 935/1000, D_loss=0.395805, reward=-7.789864
Epoch: 935: 2022-04-27 08:37:06.791791
Epoch 936/1000, D_loss=0.397524, reward=-7.786418
Epoch: 936: 2022-04-27 08:37:34.917479
Epoch 937/1000, D_loss=0.395906, reward=-7.788736
Epoch: 937: 2022-04-27 08:38:03.199042
Epoch 938/1000, D_loss=0.395804, reward=-7.788820
Epoch: 938: 2022-04-27 08:38:31.035643
Epoch 939/1000, D_loss=0.396070, reward=-7.787509
Epoch: 939: 2022-04-27 08:38:59.343196
Epoch 940/1000, D_loss=0.396777, reward=-7.785936
Epoch: 940: 2022-04-27 08:39:26.811437
Epoch 941/1000, D_loss=0.397064, reward=-7.785567
Epoch: 941: 2022-04-27 08:39:55.148438
Epoch 942/1000, D_loss=0.396997, reward=-7.786987
Epoch: 942: 2022-04-27 08:40:23.477378
Epoch 943/1000, D_loss=0.395505, reward=-7.789073
Epoch: 943: 2022-04-27 08:40:51.710044
Epoch 944/1000, D_loss=0.395977, reward=-7.788875
Epoch: 944: 2022-04-27 08:41:19.151568
Epoch 945/1000, D_loss=0.394737, reward=-7.788577
Epoch: 945: 2022-04-27 08:41:47.690635
Epoch 946/1000, D_loss=0.396353, reward=-7.786074
Epoch: 946: 2022-04-27 08:42:16.062349
Epoch 947/1000, D_loss=0.397132, reward=-7.785995
Epoch: 947: 2022-04-27 08:42:44.381883
Epoch 948/1000, D_loss=0.395621, reward=-7.786422
Epoch: 948: 2022-04-27 08:43:12.612999
Epoch 949/1000, D_loss=0.395302, reward=-7.787826
Epoch: 949: 2022-04-27 08:43:40.082182
Epoch 950/1000, D_loss=0.395633, reward=-7.787532
Test_MRR=0.187523, Test_MR=2828.104560, Test_H@10=0.355765
Epoch: 950: 2022-04-27 08:50:18.410588
Epoch 951/1000, D_loss=0.396651, reward=-7.786099
Epoch: 951: 2022-04-27 08:50:46.776744
Epoch 952/1000, D_loss=0.396386, reward=-7.786590
Epoch: 952: 2022-04-27 08:51:15.080723
Epoch 953/1000, D_loss=0.396146, reward=-7.786932
Epoch: 953: 2022-04-27 08:51:43.386288
Epoch 954/1000, D_loss=0.396060, reward=-7.786932
Epoch: 954: 2022-04-27 08:52:11.706282
Epoch 955/1000, D_loss=0.396258, reward=-7.786284
Epoch: 955: 2022-04-27 08:52:39.188535
Epoch 956/1000, D_loss=0.394781, reward=-7.788751
Epoch: 956: 2022-04-27 08:53:07.428952
Epoch 957/1000, D_loss=0.397550, reward=-7.784011
Epoch: 957: 2022-04-27 08:53:35.680981
Epoch 958/1000, D_loss=0.397142, reward=-7.784670
Epoch: 958: 2022-04-27 08:54:03.762838
Epoch 959/1000, D_loss=0.395431, reward=-7.787877
Epoch: 959: 2022-04-27 08:54:32.138022
Epoch 960/1000, D_loss=0.396896, reward=-7.785504
Epoch: 960: 2022-04-27 08:54:59.606521
Epoch 961/1000, D_loss=0.396660, reward=-7.785216
Epoch: 961: 2022-04-27 08:55:27.897867
Epoch 962/1000, D_loss=0.395072, reward=-7.785840
Epoch: 962: 2022-04-27 08:55:56.431851
Epoch 963/1000, D_loss=0.396121, reward=-7.785258
Epoch: 963: 2022-04-27 08:56:24.734096
Epoch 964/1000, D_loss=0.396462, reward=-7.785897
Epoch: 964: 2022-04-27 08:56:52.337190
Epoch 965/1000, D_loss=0.397093, reward=-7.784856
Epoch: 965: 2022-04-27 08:57:20.770181
Epoch 966/1000, D_loss=0.396777, reward=-7.784224
Epoch: 966: 2022-04-27 08:57:49.168303
Epoch 967/1000, D_loss=0.396206, reward=-7.785431
Epoch: 967: 2022-04-27 08:58:17.463438
Epoch 968/1000, D_loss=0.395495, reward=-7.786973
Epoch: 968: 2022-04-27 08:58:45.747957
Epoch 969/1000, D_loss=0.397207, reward=-7.782836
Epoch: 969: 2022-04-27 08:59:13.272913
Epoch 970/1000, D_loss=0.395744, reward=-7.787643
Epoch: 970: 2022-04-27 08:59:41.555706
Epoch 971/1000, D_loss=0.397977, reward=-7.782727
Epoch: 971: 2022-04-27 09:00:09.215930
Epoch 972/1000, D_loss=0.398251, reward=-7.782665
Epoch: 972: 2022-04-27 09:00:37.711461
Epoch 973/1000, D_loss=0.397412, reward=-7.782790
Epoch: 973: 2022-04-27 09:01:06.030823
Epoch 974/1000, D_loss=0.397601, reward=-7.783493
Epoch: 974: 2022-04-27 09:01:33.504679
Epoch 975/1000, D_loss=0.397744, reward=-7.782530
Epoch: 975: 2022-04-27 09:02:01.819607
Epoch 976/1000, D_loss=0.396676, reward=-7.783864
Epoch: 976: 2022-04-27 09:02:30.501174
Epoch 977/1000, D_loss=0.397044, reward=-7.783310
Epoch: 977: 2022-04-27 09:02:58.362485
Epoch 978/1000, D_loss=0.395769, reward=-7.784281
Epoch: 978: 2022-04-27 09:03:26.760178
Epoch 979/1000, D_loss=0.395572, reward=-7.785144
Epoch: 979: 2022-04-27 09:03:55.555873
Epoch 980/1000, D_loss=0.395435, reward=-7.785080
Epoch: 980: 2022-04-27 09:04:23.089682
Epoch 981/1000, D_loss=0.396345, reward=-7.783390
Epoch: 981: 2022-04-27 09:04:51.755519
Epoch 982/1000, D_loss=0.397096, reward=-7.782197
Epoch: 982: 2022-04-27 09:05:19.349534
Epoch 983/1000, D_loss=0.396467, reward=-7.784015
Epoch: 983: 2022-04-27 09:05:47.883845
Epoch 984/1000, D_loss=0.396760, reward=-7.781333
Epoch: 984: 2022-04-27 09:06:16.597034
Epoch 985/1000, D_loss=0.396713, reward=-7.781554
Epoch: 985: 2022-04-27 09:06:45.003982
Epoch 986/1000, D_loss=0.397207, reward=-7.781785
Epoch: 986: 2022-04-27 09:07:13.371444
Epoch 987/1000, D_loss=0.395761, reward=-7.783084
Epoch: 987: 2022-04-27 09:07:42.566395
Epoch 988/1000, D_loss=0.397077, reward=-7.782417
Epoch: 988: 2022-04-27 09:08:11.150043
Epoch 989/1000, D_loss=0.397957, reward=-7.780590
Epoch: 989: 2022-04-27 09:08:38.708720
Epoch 990/1000, D_loss=0.398168, reward=-7.779785
Epoch: 990: 2022-04-27 09:09:07.087419
Epoch 991/1000, D_loss=0.396407, reward=-7.782549
Epoch: 991: 2022-04-27 09:09:35.032986
Epoch 992/1000, D_loss=0.397291, reward=-7.781382
Epoch: 992: 2022-04-27 09:10:03.596275
Epoch 993/1000, D_loss=0.397452, reward=-7.780971
Epoch: 993: 2022-04-27 09:10:32.436005
Epoch 994/1000, D_loss=0.397441, reward=-7.781705
Epoch: 994: 2022-04-27 09:11:01.216613
Epoch 995/1000, D_loss=0.395753, reward=-7.783517
Epoch: 995: 2022-04-27 09:11:29.895566
Epoch 996/1000, D_loss=0.397399, reward=-7.781165
Epoch: 996: 2022-04-27 09:11:58.324105
Epoch 997/1000, D_loss=0.396493, reward=-7.781979
Epoch: 997: 2022-04-27 09:12:26.929519
Epoch 998/1000, D_loss=0.397088, reward=-7.781084
Epoch: 998: 2022-04-27 09:12:55.351321
Epoch 999/1000, D_loss=0.395751, reward=-7.783235
Epoch: 999: 2022-04-27 09:13:22.832949
Epoch 1000/1000, D_loss=0.395971, reward=-7.782334
Test_MRR=0.187162, Test_MR=2745.566794, Test_H@10=0.356368
Best Performance:
Test_MRR=0.187505, Test_MR=2820.611501, Test_H@10=0.356383
