pretrain_config=TransE
g_config=ComplEx
d_config=TransD
test_batch_size=50
task.dir=yago3_10
task.type=link
adv.use_pretrained_models=False
adv.n_sample=20
adv.sample_type=original
adv.measure_type=entropy
adv.n_epoch=1000
adv.n_batch=200
adv.epoch_per_test=50
adv.temperature=1.0
TransE.dim=50
TransE.margin=3
TransE.p=1
TransE.n_epoch=1000
TransE.n_batch=200
TransE.epoch_per_test=50
TransE.model_file=transe.mdl
TransD.dim=50
TransD.margin=3
TransD.p=1
TransD.n_epoch=1000
TransD.n_batch=500
TransD.epoch_per_test=50
TransD.model_file=transd.mdl
DistMult.dim=50
DistMult.lam=0.1
DistMult.n_sample=20
DistMult.sample_freq=1
DistMult.n_epoch=1000
DistMult.n_batch=200
DistMult.epoch_per_test=50
DistMult.model_file=distmult.mdl
ComplEx.dim=25
ComplEx.lam=0.1
ComplEx.n_sample=20
ComplEx.sample_freq=1
ComplEx.n_epoch=1000
ComplEx.n_batch=200
ComplEx.epoch_per_test=50
ComplEx.model_file=complex.mdl
log.dump_config=False
log.log_train=True
log.log_config=True
log.dir=./logs
log.log_advtrain_graphs=True
log.log_pretrain_graph=True
log.graph_every_nth_epoch=10
2022-04-26 23:27:47.441377
Test_MRR=0.000071, Test_MR=60985.693898, Test_H@10=0.000000
Epoch: 0: 2022-04-26 23:39:23.202860
Epoch 1/1000, D_loss=2.454380, reward=-9.162098
Epoch: 1: 2022-04-26 23:40:20.790458
Epoch 2/1000, D_loss=1.798974, reward=-8.425073
Epoch: 2: 2022-04-26 23:41:18.256242
Epoch 3/1000, D_loss=1.500429, reward=-8.115785
Epoch: 3: 2022-04-26 23:42:15.489320
Epoch 4/1000, D_loss=1.294832, reward=-7.934740
Epoch: 4: 2022-04-26 23:43:12.592858
Epoch 5/1000, D_loss=1.140509, reward=-7.837487
Epoch: 5: 2022-04-26 23:44:09.864323
Epoch 6/1000, D_loss=1.022852, reward=-7.797473
Epoch: 6: 2022-04-26 23:45:06.924718
Epoch 7/1000, D_loss=0.920441, reward=-7.814769
Epoch: 7: 2022-04-26 23:46:04.294836
Epoch 8/1000, D_loss=0.833672, reward=-7.863296
Epoch: 8: 2022-04-26 23:47:02.058197
Epoch 9/1000, D_loss=0.751983, reward=-7.943968
Epoch: 9: 2022-04-26 23:47:59.110542
Epoch 10/1000, D_loss=0.680158, reward=-8.042309
Epoch: 10: 2022-04-26 23:48:56.471680
Epoch 11/1000, D_loss=0.613915, reward=-8.156492
Epoch: 11: 2022-04-26 23:49:54.055412
Epoch 12/1000, D_loss=0.557428, reward=-8.271605
Epoch: 12: 2022-04-26 23:50:51.402716
Epoch 13/1000, D_loss=0.509282, reward=-8.386253
Epoch: 13: 2022-04-26 23:51:49.561249
Epoch 14/1000, D_loss=0.467033, reward=-8.496832
Epoch: 14: 2022-04-26 23:52:47.399853
Epoch 15/1000, D_loss=0.430139, reward=-8.601777
Epoch: 15: 2022-04-26 23:53:45.371248
Epoch 16/1000, D_loss=0.400356, reward=-8.696924
Epoch: 16: 2022-04-26 23:54:42.617376
Epoch 17/1000, D_loss=0.374097, reward=-8.783844
Epoch: 17: 2022-04-26 23:55:40.003431
Epoch 18/1000, D_loss=0.352237, reward=-8.864152
Epoch: 18: 2022-04-26 23:56:37.262166
Epoch 19/1000, D_loss=0.332701, reward=-8.939119
Epoch: 19: 2022-04-26 23:57:34.954922
Epoch 20/1000, D_loss=0.315445, reward=-9.011258
Epoch: 20: 2022-04-26 23:58:32.504133
Epoch 21/1000, D_loss=0.298657, reward=-9.078843
Epoch: 21: 2022-04-26 23:59:30.178514
Epoch 22/1000, D_loss=0.285999, reward=-9.134501
Epoch: 22: 2022-04-27 00:00:27.838725
Epoch 23/1000, D_loss=0.273609, reward=-9.183875
Epoch: 23: 2022-04-27 00:01:25.940806
Epoch 24/1000, D_loss=0.260923, reward=-9.232452
Epoch: 24: 2022-04-27 00:02:23.471651
Epoch 25/1000, D_loss=0.251441, reward=-9.276777
Epoch: 25: 2022-04-27 00:03:20.582960
Epoch 26/1000, D_loss=0.242832, reward=-9.302551
Epoch: 26: 2022-04-27 00:04:17.765253
Epoch 27/1000, D_loss=0.234879, reward=-9.333305
Epoch: 27: 2022-04-27 00:05:14.843649
Epoch 28/1000, D_loss=0.229141, reward=-9.343282
Epoch: 28: 2022-04-27 00:06:12.702880
Epoch 29/1000, D_loss=0.225963, reward=-9.333863
Epoch: 29: 2022-04-27 00:07:10.163401
Epoch 30/1000, D_loss=0.224651, reward=-9.315548
Epoch: 30: 2022-04-27 00:08:07.113399
Epoch 31/1000, D_loss=0.225083, reward=-9.282638
Epoch: 31: 2022-04-27 00:09:05.179619
Epoch 32/1000, D_loss=0.226562, reward=-9.234934
Epoch: 32: 2022-04-27 00:10:02.746339
Epoch 33/1000, D_loss=0.230388, reward=-9.184931
Epoch: 33: 2022-04-27 00:11:00.894192
Epoch 34/1000, D_loss=0.231416, reward=-9.139968
Epoch: 34: 2022-04-27 00:12:00.462635
Epoch 35/1000, D_loss=0.233089, reward=-9.097138
Epoch: 35: 2022-04-27 00:12:58.556358
Epoch 36/1000, D_loss=0.234646, reward=-9.057551
Epoch: 36: 2022-04-27 00:13:56.226577
Epoch 37/1000, D_loss=0.235372, reward=-9.022428
Epoch: 37: 2022-04-27 00:14:54.866778
Epoch 38/1000, D_loss=0.236415, reward=-8.986957
Epoch: 38: 2022-04-27 00:15:53.214862
Epoch 39/1000, D_loss=0.236264, reward=-8.955369
Epoch: 39: 2022-04-27 00:16:50.961035
Epoch 40/1000, D_loss=0.236790, reward=-8.924623
Epoch: 40: 2022-04-27 00:17:49.084442
Epoch 41/1000, D_loss=0.237331, reward=-8.896454
Epoch: 41: 2022-04-27 00:18:46.424151
Epoch 42/1000, D_loss=0.237064, reward=-8.871607
Epoch: 42: 2022-04-27 00:19:44.611564
Epoch 43/1000, D_loss=0.237366, reward=-8.848102
Epoch: 43: 2022-04-27 00:20:42.043733
Epoch 44/1000, D_loss=0.238015, reward=-8.820800
Epoch: 44: 2022-04-27 00:21:39.545484
Epoch 45/1000, D_loss=0.239131, reward=-8.794785
Epoch: 45: 2022-04-27 00:22:36.938023
Epoch 46/1000, D_loss=0.239291, reward=-8.770341
Epoch: 46: 2022-04-27 00:23:34.716024
Epoch 47/1000, D_loss=0.238722, reward=-8.751935
Epoch: 47: 2022-04-27 00:24:31.793047
Epoch 48/1000, D_loss=0.241075, reward=-8.724183
Epoch: 48: 2022-04-27 00:25:29.682051
Epoch 49/1000, D_loss=0.242544, reward=-8.698910
Epoch: 49: 2022-04-27 00:26:27.192089
Epoch 50/1000, D_loss=0.243617, reward=-8.679071
Test_MRR=0.099752, Test_MR=2001.266774, Test_H@10=0.199076
Epoch: 50: 2022-04-27 00:38:45.936478
Epoch 51/1000, D_loss=0.245234, reward=-8.656609
Epoch: 51: 2022-04-27 00:39:43.916718
Epoch 52/1000, D_loss=0.247149, reward=-8.631005
Epoch: 52: 2022-04-27 00:40:41.293451
Epoch 53/1000, D_loss=0.248318, reward=-8.609693
Epoch: 53: 2022-04-27 00:41:38.650705
Epoch 54/1000, D_loss=0.249363, reward=-8.590515
Epoch: 54: 2022-04-27 00:42:35.817073
Epoch 55/1000, D_loss=0.252706, reward=-8.566806
Epoch: 55: 2022-04-27 00:43:33.152838
Epoch 56/1000, D_loss=0.254378, reward=-8.544496
Epoch: 56: 2022-04-27 00:44:30.237955
Epoch 57/1000, D_loss=0.256226, reward=-8.524787
Epoch: 57: 2022-04-27 00:45:27.582295
Epoch 58/1000, D_loss=0.256948, reward=-8.508911
Epoch: 58: 2022-04-27 00:46:25.655289
Epoch 59/1000, D_loss=0.259062, reward=-8.489608
Epoch: 59: 2022-04-27 00:47:23.271944
Epoch 60/1000, D_loss=0.260485, reward=-8.472043
Epoch: 60: 2022-04-27 00:48:20.621078
Epoch 61/1000, D_loss=0.261778, reward=-8.455934
Epoch: 61: 2022-04-27 00:49:17.931873
Epoch 62/1000, D_loss=0.262821, reward=-8.442497
Epoch: 62: 2022-04-27 00:50:15.517860
Epoch 63/1000, D_loss=0.263527, reward=-8.430074
Epoch: 63: 2022-04-27 00:51:12.971079
Epoch 64/1000, D_loss=0.265169, reward=-8.417902
Epoch: 64: 2022-04-27 00:52:11.105193
Epoch 65/1000, D_loss=0.266011, reward=-8.404560
Epoch: 65: 2022-04-27 00:53:09.063253
Epoch 66/1000, D_loss=0.266283, reward=-8.396092
Epoch: 66: 2022-04-27 00:54:08.103649
Epoch 67/1000, D_loss=0.267788, reward=-8.387452
Epoch: 67: 2022-04-27 00:55:08.197506
Epoch 68/1000, D_loss=0.267601, reward=-8.376978
Epoch: 68: 2022-04-27 00:56:06.608680
Epoch 69/1000, D_loss=0.267574, reward=-8.372517
Epoch: 69: 2022-04-27 00:57:05.935217
Epoch 70/1000, D_loss=0.270132, reward=-8.360873
Epoch: 70: 2022-04-27 00:58:04.404070
Epoch 71/1000, D_loss=0.270208, reward=-8.353745
Epoch: 71: 2022-04-27 00:59:02.331542
Epoch 72/1000, D_loss=0.268576, reward=-8.350079
Epoch: 72: 2022-04-27 01:00:00.386467
Epoch 73/1000, D_loss=0.268133, reward=-8.345134
Epoch: 73: 2022-04-27 01:00:58.667016
Epoch 74/1000, D_loss=0.268941, reward=-8.341701
Epoch: 74: 2022-04-27 01:01:56.531563
Epoch 75/1000, D_loss=0.266973, reward=-8.342218
Epoch: 75: 2022-04-27 01:02:54.691058
Epoch 76/1000, D_loss=0.266949, reward=-8.337759
Epoch: 76: 2022-04-27 01:03:52.805405
Epoch 77/1000, D_loss=0.268452, reward=-8.331511
Epoch: 77: 2022-04-27 01:04:50.968251
Epoch 78/1000, D_loss=0.266249, reward=-8.330108
Epoch: 78: 2022-04-27 01:05:49.119324
Epoch 79/1000, D_loss=0.265329, reward=-8.332566
Epoch: 79: 2022-04-27 01:06:46.810828
Epoch 80/1000, D_loss=0.265852, reward=-8.324878
Epoch: 80: 2022-04-27 01:07:44.359304
Epoch 81/1000, D_loss=0.266167, reward=-8.324434
Epoch: 81: 2022-04-27 01:08:42.130553
Epoch 82/1000, D_loss=0.263982, reward=-8.325395
Epoch: 82: 2022-04-27 01:09:39.922985
Epoch 83/1000, D_loss=0.264777, reward=-8.323440
Epoch: 83: 2022-04-27 01:10:37.954877
Epoch 84/1000, D_loss=0.264403, reward=-8.325286
Epoch: 84: 2022-04-27 01:11:35.562973
Epoch 85/1000, D_loss=0.263669, reward=-8.324969
Epoch: 85: 2022-04-27 01:12:33.200398
Epoch 86/1000, D_loss=0.263258, reward=-8.326106
Epoch: 86: 2022-04-27 01:13:30.938334
Epoch 87/1000, D_loss=0.262818, reward=-8.327961
Epoch: 87: 2022-04-27 01:14:28.836477
Epoch 88/1000, D_loss=0.263374, reward=-8.328095
Epoch: 88: 2022-04-27 01:15:26.809151
Epoch 89/1000, D_loss=0.262970, reward=-8.327826
Epoch: 89: 2022-04-27 01:16:24.807602
Epoch 90/1000, D_loss=0.263905, reward=-8.329045
Epoch: 90: 2022-04-27 01:17:22.983623
Epoch 91/1000, D_loss=0.264569, reward=-8.330185
Epoch: 91: 2022-04-27 01:18:20.821178
Epoch 92/1000, D_loss=0.263785, reward=-8.330992
Epoch: 92: 2022-04-27 01:19:18.553372
Epoch 93/1000, D_loss=0.263615, reward=-8.332169
Epoch: 93: 2022-04-27 01:20:17.557238
Epoch 94/1000, D_loss=0.264862, reward=-8.331215
Epoch: 94: 2022-04-27 01:21:16.089893
Epoch 95/1000, D_loss=0.266191, reward=-8.332080
Epoch: 95: 2022-04-27 01:22:14.255090
Epoch 96/1000, D_loss=0.264355, reward=-8.337194
Epoch: 96: 2022-04-27 01:23:11.987388
Epoch 97/1000, D_loss=0.266696, reward=-8.340225
Epoch: 97: 2022-04-27 01:24:10.179654
Epoch 98/1000, D_loss=0.266656, reward=-8.345906
Epoch: 98: 2022-04-27 01:25:08.946726
Epoch 99/1000, D_loss=0.266659, reward=-8.345618
Epoch: 99: 2022-04-27 01:26:07.298079
Epoch 100/1000, D_loss=0.266387, reward=-8.351180
Test_MRR=0.117459, Test_MR=1950.973785, Test_H@10=0.247087
Epoch: 100: 2022-04-27 01:38:30.703804
Epoch 101/1000, D_loss=0.266206, reward=-8.357267
Epoch: 101: 2022-04-27 01:39:29.763997
Epoch 102/1000, D_loss=0.267259, reward=-8.361273
Epoch: 102: 2022-04-27 01:40:27.620045
Epoch 103/1000, D_loss=0.266225, reward=-8.368687
Epoch: 103: 2022-04-27 01:41:26.039342
Epoch 104/1000, D_loss=0.266420, reward=-8.372813
Epoch: 104: 2022-04-27 01:42:23.768607
Epoch 105/1000, D_loss=0.265198, reward=-8.382990
Epoch: 105: 2022-04-27 01:43:22.015133
Epoch 106/1000, D_loss=0.265582, reward=-8.389534
Epoch: 106: 2022-04-27 01:44:20.042891
Epoch 107/1000, D_loss=0.265863, reward=-8.395884
Epoch: 107: 2022-04-27 01:45:19.046123
Epoch 108/1000, D_loss=0.266487, reward=-8.400897
Epoch: 108: 2022-04-27 01:46:17.530489
Epoch 109/1000, D_loss=0.267067, reward=-8.408131
Epoch: 109: 2022-04-27 01:47:15.873209
Epoch 110/1000, D_loss=0.265822, reward=-8.417162
Epoch: 110: 2022-04-27 01:48:13.834769
Epoch 111/1000, D_loss=0.266934, reward=-8.420911
Epoch: 111: 2022-04-27 01:49:11.781242
Epoch 112/1000, D_loss=0.267685, reward=-8.426211
Epoch: 112: 2022-04-27 01:50:11.145849
Epoch 113/1000, D_loss=0.266929, reward=-8.433884
Epoch: 113: 2022-04-27 01:51:09.645319
Epoch 114/1000, D_loss=0.267392, reward=-8.438830
Epoch: 114: 2022-04-27 01:52:07.580545
Epoch 115/1000, D_loss=0.269254, reward=-8.443288
Epoch: 115: 2022-04-27 01:53:05.627908
Epoch 116/1000, D_loss=0.269479, reward=-8.450863
Epoch: 116: 2022-04-27 01:54:03.505834
Epoch 117/1000, D_loss=0.270235, reward=-8.453506
Epoch: 117: 2022-04-27 01:55:01.467929
Epoch 118/1000, D_loss=0.270086, reward=-8.459256
Epoch: 118: 2022-04-27 01:55:59.446336
Epoch 119/1000, D_loss=0.269745, reward=-8.460039
Epoch: 119: 2022-04-27 01:56:57.453998
Epoch 120/1000, D_loss=0.270550, reward=-8.456945
Epoch: 120: 2022-04-27 01:57:55.647963
Epoch 121/1000, D_loss=0.268176, reward=-8.459425
Epoch: 121: 2022-04-27 01:58:53.714125
Epoch 122/1000, D_loss=0.269625, reward=-8.456279
Epoch: 122: 2022-04-27 01:59:51.804873
Epoch 123/1000, D_loss=0.269745, reward=-8.455361
Epoch: 123: 2022-04-27 02:00:49.964288
Epoch 124/1000, D_loss=0.270414, reward=-8.454225
Epoch: 124: 2022-04-27 02:01:47.899342
Epoch 125/1000, D_loss=0.267794, reward=-8.457542
Epoch: 125: 2022-04-27 02:02:46.397691
Epoch 126/1000, D_loss=0.269413, reward=-8.455051
Epoch: 126: 2022-04-27 02:03:44.768967
Epoch 127/1000, D_loss=0.268393, reward=-8.455694
Epoch: 127: 2022-04-27 02:04:42.907653
Epoch 128/1000, D_loss=0.268534, reward=-8.456351
Epoch: 128: 2022-04-27 02:05:41.373771
Epoch 129/1000, D_loss=0.268207, reward=-8.455734
Epoch: 129: 2022-04-27 02:06:39.743522
Epoch 130/1000, D_loss=0.267269, reward=-8.453970
Epoch: 130: 2022-04-27 02:07:38.282233
Epoch 131/1000, D_loss=0.268360, reward=-8.453959
Epoch: 131: 2022-04-27 02:08:36.642558
Epoch 132/1000, D_loss=0.269073, reward=-8.450407
Epoch: 132: 2022-04-27 02:09:35.531257
Epoch 133/1000, D_loss=0.269084, reward=-8.447659
Epoch: 133: 2022-04-27 02:10:33.989177
Epoch 134/1000, D_loss=0.268261, reward=-8.448895
Epoch: 134: 2022-04-27 02:11:32.829433
Epoch 135/1000, D_loss=0.268592, reward=-8.450067
Epoch: 135: 2022-04-27 02:12:31.169285
Epoch 136/1000, D_loss=0.268397, reward=-8.451445
Epoch: 136: 2022-04-27 02:13:30.022809
Epoch 137/1000, D_loss=0.268484, reward=-8.448914
Epoch: 137: 2022-04-27 02:14:28.503975
Epoch 138/1000, D_loss=0.267802, reward=-8.452418
Epoch: 138: 2022-04-27 02:15:26.719151
Epoch 139/1000, D_loss=0.266868, reward=-8.452297
Epoch: 139: 2022-04-27 02:16:25.698283
Epoch 140/1000, D_loss=0.267359, reward=-8.452946
Epoch: 140: 2022-04-27 02:17:24.881839
Epoch 141/1000, D_loss=0.265498, reward=-8.455243
Epoch: 141: 2022-04-27 02:18:24.770993
Epoch 142/1000, D_loss=0.267606, reward=-8.451849
Epoch: 142: 2022-04-27 02:19:23.855262
Epoch 143/1000, D_loss=0.268378, reward=-8.450421
Epoch: 143: 2022-04-27 02:20:22.533711
Epoch 144/1000, D_loss=0.267811, reward=-8.451954
Epoch: 144: 2022-04-27 02:21:21.432790
Epoch 145/1000, D_loss=0.269385, reward=-8.448522
Epoch: 145: 2022-04-27 02:22:20.312447
Epoch 146/1000, D_loss=0.270854, reward=-8.445187
Epoch: 146: 2022-04-27 02:23:18.804942
Epoch 147/1000, D_loss=0.270255, reward=-8.444187
Epoch: 147: 2022-04-27 02:24:17.111073
Epoch 148/1000, D_loss=0.270435, reward=-8.443205
Epoch: 148: 2022-04-27 02:25:15.596985
Epoch 149/1000, D_loss=0.271057, reward=-8.442334
Epoch: 149: 2022-04-27 02:26:13.732862
Epoch 150/1000, D_loss=0.271980, reward=-8.439778
Test_MRR=0.117483, Test_MR=2720.636601, Test_H@10=0.254319
Epoch: 150: 2022-04-27 02:38:33.242054
Epoch 151/1000, D_loss=0.273651, reward=-8.438021
Epoch: 151: 2022-04-27 02:39:31.411948
Epoch 152/1000, D_loss=0.273319, reward=-8.440305
Epoch: 152: 2022-04-27 02:40:30.249807
Epoch 153/1000, D_loss=0.273392, reward=-8.439404
Epoch: 153: 2022-04-27 02:41:28.509115
Epoch 154/1000, D_loss=0.274402, reward=-8.438731
Epoch: 154: 2022-04-27 02:42:26.675669
Epoch 155/1000, D_loss=0.274350, reward=-8.438814
Epoch: 155: 2022-04-27 02:43:24.986088
Epoch 156/1000, D_loss=0.275128, reward=-8.437139
Epoch: 156: 2022-04-27 02:44:23.251289
Epoch 157/1000, D_loss=0.275032, reward=-8.437072
Epoch: 157: 2022-04-27 02:45:21.682040
Epoch 158/1000, D_loss=0.276022, reward=-8.434589
Epoch: 158: 2022-04-27 02:46:19.968964
Epoch 159/1000, D_loss=0.275464, reward=-8.434565
Epoch: 159: 2022-04-27 02:47:18.201306
Epoch 160/1000, D_loss=0.277958, reward=-8.432245
Epoch: 160: 2022-04-27 02:48:16.684497
Epoch 161/1000, D_loss=0.277149, reward=-8.432764
Epoch: 161: 2022-04-27 02:49:14.369298
Epoch 162/1000, D_loss=0.278744, reward=-8.430968
Epoch: 162: 2022-04-27 02:50:12.881776
Epoch 163/1000, D_loss=0.278285, reward=-8.430497
Epoch: 163: 2022-04-27 02:51:11.330627
Epoch 164/1000, D_loss=0.277878, reward=-8.431091
Epoch: 164: 2022-04-27 02:52:09.812095
Epoch 165/1000, D_loss=0.280393, reward=-8.426379
Epoch: 165: 2022-04-27 02:53:08.558674
Epoch 166/1000, D_loss=0.280185, reward=-8.427080
Epoch: 166: 2022-04-27 02:54:06.860932
Epoch 167/1000, D_loss=0.279734, reward=-8.427043
Epoch: 167: 2022-04-27 02:55:05.193216
Epoch 168/1000, D_loss=0.281334, reward=-8.424695
Epoch: 168: 2022-04-27 02:56:03.642972
Epoch 169/1000, D_loss=0.283270, reward=-8.418675
Epoch: 169: 2022-04-27 02:57:01.820934
Epoch 170/1000, D_loss=0.283651, reward=-8.420458
Epoch: 170: 2022-04-27 02:58:00.464231
Epoch 171/1000, D_loss=0.285135, reward=-8.418614
Epoch: 171: 2022-04-27 02:59:00.561759
Epoch 172/1000, D_loss=0.285189, reward=-8.417931
Epoch: 172: 2022-04-27 03:00:00.053453
Epoch 173/1000, D_loss=0.285495, reward=-8.415958
Epoch: 173: 2022-04-27 03:00:59.052166
Epoch 174/1000, D_loss=0.285247, reward=-8.417380
Epoch: 174: 2022-04-27 03:01:59.077141
Epoch 175/1000, D_loss=0.285993, reward=-8.415211
Epoch: 175: 2022-04-27 03:02:58.357356
Epoch 176/1000, D_loss=0.285087, reward=-8.416368
Epoch: 176: 2022-04-27 03:03:56.920116
Epoch 177/1000, D_loss=0.287032, reward=-8.414916
Epoch: 177: 2022-04-27 03:04:56.303661
Epoch 178/1000, D_loss=0.286431, reward=-8.414354
Epoch: 178: 2022-04-27 03:05:54.189683
Epoch 179/1000, D_loss=0.285838, reward=-8.416471
Epoch: 179: 2022-04-27 03:06:52.394904
Epoch 180/1000, D_loss=0.288053, reward=-8.414830
Epoch: 180: 2022-04-27 03:07:51.013009
Epoch 181/1000, D_loss=0.287252, reward=-8.415524
Epoch: 181: 2022-04-27 03:08:49.364444
Epoch 182/1000, D_loss=0.287279, reward=-8.414425
Epoch: 182: 2022-04-27 03:09:48.018068
Epoch 183/1000, D_loss=0.289763, reward=-8.410900
Epoch: 183: 2022-04-27 03:10:47.141676
Epoch 184/1000, D_loss=0.290302, reward=-8.412395
Epoch: 184: 2022-04-27 03:11:46.069681
Epoch 185/1000, D_loss=0.290153, reward=-8.411583
Epoch: 185: 2022-04-27 03:12:44.669411
Epoch 186/1000, D_loss=0.290505, reward=-8.411819
Epoch: 186: 2022-04-27 03:13:42.833783
Epoch 187/1000, D_loss=0.290397, reward=-8.412020
Epoch: 187: 2022-04-27 03:14:40.842463
Epoch 188/1000, D_loss=0.290582, reward=-8.414012
Epoch: 188: 2022-04-27 03:15:39.658198
Epoch 189/1000, D_loss=0.291522, reward=-8.410959
Epoch: 189: 2022-04-27 03:16:37.721486
Epoch 190/1000, D_loss=0.291795, reward=-8.409640
Epoch: 190: 2022-04-27 03:17:36.116587
Epoch 191/1000, D_loss=0.292176, reward=-8.410529
Epoch: 191: 2022-04-27 03:18:34.323374
Epoch 192/1000, D_loss=0.292267, reward=-8.408827
Epoch: 192: 2022-04-27 03:19:33.331353
Epoch 193/1000, D_loss=0.292325, reward=-8.409319
Epoch: 193: 2022-04-27 03:20:31.874968
Epoch 194/1000, D_loss=0.292420, reward=-8.408335
Epoch: 194: 2022-04-27 03:21:30.665725
Epoch 195/1000, D_loss=0.292659, reward=-8.406506
Epoch: 195: 2022-04-27 03:22:28.623038
Epoch 196/1000, D_loss=0.292822, reward=-8.407754
Epoch: 196: 2022-04-27 03:23:27.130764
Epoch 197/1000, D_loss=0.292962, reward=-8.405488
Epoch: 197: 2022-04-27 03:24:25.489910
Epoch 198/1000, D_loss=0.293844, reward=-8.401952
Epoch: 198: 2022-04-27 03:25:24.100336
Epoch 199/1000, D_loss=0.294190, reward=-8.403361
Epoch: 199: 2022-04-27 03:26:22.285453
Epoch 200/1000, D_loss=0.294921, reward=-8.400098
Test_MRR=0.123980, Test_MR=2689.314885, Test_H@10=0.267477
Epoch: 200: 2022-04-27 03:38:43.683459
Epoch 201/1000, D_loss=0.295005, reward=-8.399337
Epoch: 201: 2022-04-27 03:39:42.349844
Epoch 202/1000, D_loss=0.296247, reward=-8.400078
Epoch: 202: 2022-04-27 03:40:41.510064
Epoch 203/1000, D_loss=0.297624, reward=-8.396395
Epoch: 203: 2022-04-27 03:41:40.817110
Epoch 204/1000, D_loss=0.298471, reward=-8.393859
Epoch: 204: 2022-04-27 03:42:39.180702
Epoch 205/1000, D_loss=0.298800, reward=-8.393348
Epoch: 205: 2022-04-27 03:43:37.474539
Epoch 206/1000, D_loss=0.299439, reward=-8.391098
Epoch: 206: 2022-04-27 03:44:36.874314
Epoch 207/1000, D_loss=0.299875, reward=-8.390109
Epoch: 207: 2022-04-27 03:45:35.856859
Epoch 208/1000, D_loss=0.301215, reward=-8.387761
Epoch: 208: 2022-04-27 03:46:34.052482
Epoch 209/1000, D_loss=0.300676, reward=-8.390091
Epoch: 209: 2022-04-27 03:47:33.011242
Epoch 210/1000, D_loss=0.300679, reward=-8.389937
Epoch: 210: 2022-04-27 03:48:31.087122
Epoch 211/1000, D_loss=0.300857, reward=-8.389501
Epoch: 211: 2022-04-27 03:49:29.978767
Epoch 212/1000, D_loss=0.300842, reward=-8.391210
Epoch: 212: 2022-04-27 03:50:28.951381
Epoch 213/1000, D_loss=0.302516, reward=-8.385308
Epoch: 213: 2022-04-27 03:51:27.320563
Epoch 214/1000, D_loss=0.302112, reward=-8.385486
Epoch: 214: 2022-04-27 03:52:25.528398
Epoch 215/1000, D_loss=0.301812, reward=-8.388233
Epoch: 215: 2022-04-27 03:53:23.848354
Epoch 216/1000, D_loss=0.301276, reward=-8.388137
Epoch: 216: 2022-04-27 03:54:22.365434
Epoch 217/1000, D_loss=0.302375, reward=-8.386005
Epoch: 217: 2022-04-27 03:55:21.069823
Epoch 218/1000, D_loss=0.302812, reward=-8.384961
Epoch: 218: 2022-04-27 03:56:19.317515
Epoch 219/1000, D_loss=0.303656, reward=-8.383838
Epoch: 219: 2022-04-27 03:57:17.841580
Epoch 220/1000, D_loss=0.303576, reward=-8.383687
Epoch: 220: 2022-04-27 03:58:16.384948
Epoch 221/1000, D_loss=0.303786, reward=-8.382431
Epoch: 221: 2022-04-27 03:59:15.212478
Epoch 222/1000, D_loss=0.304392, reward=-8.380451
Epoch: 222: 2022-04-27 04:00:13.883830
Epoch 223/1000, D_loss=0.304881, reward=-8.380002
Epoch: 223: 2022-04-27 04:01:12.383372
Epoch 224/1000, D_loss=0.304350, reward=-8.380567
Epoch: 224: 2022-04-27 04:02:10.901314
Epoch 225/1000, D_loss=0.306399, reward=-8.379304
Epoch: 225: 2022-04-27 04:03:09.649106
Epoch 226/1000, D_loss=0.306199, reward=-8.380204
Epoch: 226: 2022-04-27 04:04:07.984436
Epoch 227/1000, D_loss=0.306142, reward=-8.380219
Epoch: 227: 2022-04-27 04:05:06.549732
Epoch 228/1000, D_loss=0.306346, reward=-8.378993
Epoch: 228: 2022-04-27 04:06:05.073337
Epoch 229/1000, D_loss=0.305855, reward=-8.381972
Epoch: 229: 2022-04-27 04:07:03.691055
Epoch 230/1000, D_loss=0.306124, reward=-8.380255
Epoch: 230: 2022-04-27 04:08:02.093580
Epoch 231/1000, D_loss=0.306037, reward=-8.380828
Epoch: 231: 2022-04-27 04:09:00.323242
Epoch 232/1000, D_loss=0.306649, reward=-8.379569
Epoch: 232: 2022-04-27 04:09:58.877000
Epoch 233/1000, D_loss=0.308137, reward=-8.378285
Epoch: 233: 2022-04-27 04:10:57.346696
Epoch 234/1000, D_loss=0.306698, reward=-8.380122
Epoch: 234: 2022-04-27 04:11:55.812674
Epoch 235/1000, D_loss=0.307973, reward=-8.377827
Epoch: 235: 2022-04-27 04:12:54.723272
Epoch 236/1000, D_loss=0.308385, reward=-8.375678
Epoch: 236: 2022-04-27 04:13:53.290575
Epoch 237/1000, D_loss=0.307533, reward=-8.375499
Epoch: 237: 2022-04-27 04:14:52.263096
Epoch 238/1000, D_loss=0.308900, reward=-8.374389
Epoch: 238: 2022-04-27 04:15:50.421442
Epoch 239/1000, D_loss=0.308336, reward=-8.375669
Epoch: 239: 2022-04-27 04:16:49.398177
Epoch 240/1000, D_loss=0.309696, reward=-8.371262
Epoch: 240: 2022-04-27 04:17:48.191530
Epoch 241/1000, D_loss=0.309992, reward=-8.370853
Epoch: 241: 2022-04-27 04:18:47.118216
Epoch 242/1000, D_loss=0.309346, reward=-8.373222
Epoch: 242: 2022-04-27 04:19:45.855764
Epoch 243/1000, D_loss=0.310843, reward=-8.372457
Epoch: 243: 2022-04-27 04:20:45.167401
Epoch 244/1000, D_loss=0.309363, reward=-8.376199
Epoch: 244: 2022-04-27 04:21:45.072716
Epoch 245/1000, D_loss=0.309034, reward=-8.376144
Epoch: 245: 2022-04-27 04:22:44.026401
Epoch 246/1000, D_loss=0.310311, reward=-8.374023
Epoch: 246: 2022-04-27 04:23:43.860311
Epoch 247/1000, D_loss=0.311383, reward=-8.374534
Epoch: 247: 2022-04-27 04:24:43.953584
Epoch 248/1000, D_loss=0.312001, reward=-8.372401
Epoch: 248: 2022-04-27 04:25:44.374111
Epoch 249/1000, D_loss=0.311257, reward=-8.370467
Epoch: 249: 2022-04-27 04:26:44.026792
Epoch 250/1000, D_loss=0.312646, reward=-8.368873
Test_MRR=0.134164, Test_MR=2810.067196, Test_H@10=0.286862
Epoch: 250: 2022-04-27 04:39:12.584288
Epoch 251/1000, D_loss=0.311692, reward=-8.368591
Epoch: 251: 2022-04-27 04:40:11.585423
Epoch 252/1000, D_loss=0.310518, reward=-8.368964
Epoch: 252: 2022-04-27 04:41:09.778982
Epoch 253/1000, D_loss=0.313372, reward=-8.363461
Epoch: 253: 2022-04-27 04:42:08.114892
Epoch 254/1000, D_loss=0.311432, reward=-8.367675
Epoch: 254: 2022-04-27 04:43:06.927654
Epoch 255/1000, D_loss=0.311710, reward=-8.369478
Epoch: 255: 2022-04-27 04:44:05.745876
Epoch 256/1000, D_loss=0.310560, reward=-8.371174
Epoch: 256: 2022-04-27 04:45:04.349928
Epoch 257/1000, D_loss=0.312254, reward=-8.368197
Epoch: 257: 2022-04-27 04:46:02.746507
Epoch 258/1000, D_loss=0.313009, reward=-8.367826
Epoch: 258: 2022-04-27 04:47:01.077836
Epoch 259/1000, D_loss=0.314258, reward=-8.363647
Epoch: 259: 2022-04-27 04:47:59.910585
Epoch 260/1000, D_loss=0.314745, reward=-8.364177
Epoch: 260: 2022-04-27 04:48:58.468476
Epoch 261/1000, D_loss=0.313660, reward=-8.366570
Epoch: 261: 2022-04-27 04:49:57.691773
Epoch 262/1000, D_loss=0.313531, reward=-8.366759
Epoch: 262: 2022-04-27 04:50:56.207266
Epoch 263/1000, D_loss=0.313940, reward=-8.368800
Epoch: 263: 2022-04-27 04:51:54.603410
Epoch 264/1000, D_loss=0.313673, reward=-8.366257
Epoch: 264: 2022-04-27 04:52:53.276479
Epoch 265/1000, D_loss=0.314549, reward=-8.365825
Epoch: 265: 2022-04-27 04:53:51.661253
Epoch 266/1000, D_loss=0.313852, reward=-8.366022
Epoch: 266: 2022-04-27 04:54:50.175910
Epoch 267/1000, D_loss=0.314158, reward=-8.365909
Epoch: 267: 2022-04-27 04:55:49.610489
Epoch 268/1000, D_loss=0.314580, reward=-8.366458
Epoch: 268: 2022-04-27 04:56:48.178359
Epoch 269/1000, D_loss=0.316555, reward=-8.365043
Epoch: 269: 2022-04-27 04:57:46.710081
Epoch 270/1000, D_loss=0.315631, reward=-8.363872
Epoch: 270: 2022-04-27 04:58:45.934620
Epoch 271/1000, D_loss=0.315837, reward=-8.363455
Epoch: 271: 2022-04-27 04:59:44.650711
Epoch 272/1000, D_loss=0.314089, reward=-8.365309
Epoch: 272: 2022-04-27 05:00:44.200918
Epoch 273/1000, D_loss=0.314636, reward=-8.364692
Epoch: 273: 2022-04-27 05:01:43.554395
Epoch 274/1000, D_loss=0.315313, reward=-8.363867
Epoch: 274: 2022-04-27 05:02:43.260315
Epoch 275/1000, D_loss=0.315074, reward=-8.365054
Epoch: 275: 2022-04-27 05:03:43.149967
Epoch 276/1000, D_loss=0.317838, reward=-8.359549
Epoch: 276: 2022-04-27 05:04:42.056348
Epoch 277/1000, D_loss=0.316564, reward=-8.361745
Epoch: 277: 2022-04-27 05:05:41.566981
Epoch 278/1000, D_loss=0.317448, reward=-8.362063
Epoch: 278: 2022-04-27 05:06:42.673870
Epoch 279/1000, D_loss=0.316926, reward=-8.362635
Epoch: 279: 2022-04-27 05:07:42.519224
Epoch 280/1000, D_loss=0.317001, reward=-8.362053
Epoch: 280: 2022-04-27 05:08:42.769681
Epoch 281/1000, D_loss=0.315899, reward=-8.364022
Epoch: 281: 2022-04-27 05:09:41.848980
Epoch 282/1000, D_loss=0.316660, reward=-8.362238
Epoch: 282: 2022-04-27 05:10:40.985993
Epoch 283/1000, D_loss=0.317949, reward=-8.360665
Epoch: 283: 2022-04-27 05:11:39.618557
Epoch 284/1000, D_loss=0.318698, reward=-8.358824
Epoch: 284: 2022-04-27 05:12:38.628160
Epoch 285/1000, D_loss=0.317701, reward=-8.359807
Epoch: 285: 2022-04-27 05:13:37.478170
Epoch 286/1000, D_loss=0.317272, reward=-8.359793
Epoch: 286: 2022-04-27 05:14:36.349393
Epoch 287/1000, D_loss=0.318137, reward=-8.359658
Epoch: 287: 2022-04-27 05:15:35.156705
Epoch 288/1000, D_loss=0.317860, reward=-8.359031
Epoch: 288: 2022-04-27 05:16:34.668051
Epoch 289/1000, D_loss=0.317705, reward=-8.359773
Epoch: 289: 2022-04-27 05:17:33.633900
Epoch 290/1000, D_loss=0.319150, reward=-8.358752
Epoch: 290: 2022-04-27 05:18:32.921157
Epoch 291/1000, D_loss=0.319799, reward=-8.359524
Epoch: 291: 2022-04-27 05:19:32.092147
Epoch 292/1000, D_loss=0.318176, reward=-8.363866
Epoch: 292: 2022-04-27 05:20:31.698294
Epoch 293/1000, D_loss=0.318348, reward=-8.364213
Epoch: 293: 2022-04-27 05:21:30.808579
Epoch 294/1000, D_loss=0.320101, reward=-8.363204
Epoch: 294: 2022-04-27 05:22:30.058884
Epoch 295/1000, D_loss=0.319012, reward=-8.363048
Epoch: 295: 2022-04-27 05:23:29.028040
Epoch 296/1000, D_loss=0.319936, reward=-8.360429
Epoch: 296: 2022-04-27 05:24:28.269768
Epoch 297/1000, D_loss=0.319721, reward=-8.360039
Epoch: 297: 2022-04-27 05:25:27.482502
Epoch 298/1000, D_loss=0.320037, reward=-8.358480
Epoch: 298: 2022-04-27 05:26:26.726947
Epoch 299/1000, D_loss=0.320393, reward=-8.357134
Epoch: 299: 2022-04-27 05:27:26.367359
Epoch 300/1000, D_loss=0.320041, reward=-8.356904
Test_MRR=0.143156, Test_MR=2923.159000, Test_H@10=0.304741
Epoch: 300: 2022-04-27 05:39:54.269171
Epoch 301/1000, D_loss=0.319640, reward=-8.361144
Epoch: 301: 2022-04-27 05:40:53.850893
Epoch 302/1000, D_loss=0.320320, reward=-8.361548
Epoch: 302: 2022-04-27 05:41:53.218797
Epoch 303/1000, D_loss=0.320349, reward=-8.361826
Epoch: 303: 2022-04-27 05:42:52.034578
Epoch 304/1000, D_loss=0.320428, reward=-8.363223
Epoch: 304: 2022-04-27 05:43:50.960242
Epoch 305/1000, D_loss=0.319169, reward=-8.366163
Epoch: 305: 2022-04-27 05:44:50.699287
Epoch 306/1000, D_loss=0.321492, reward=-8.361904
Epoch: 306: 2022-04-27 05:45:50.192741
Epoch 307/1000, D_loss=0.320437, reward=-8.364125
Epoch: 307: 2022-04-27 05:46:50.491443
Epoch 308/1000, D_loss=0.321637, reward=-8.360957
Epoch: 308: 2022-04-27 05:47:50.424090
Epoch 309/1000, D_loss=0.322306, reward=-8.359408
Epoch: 309: 2022-04-27 05:48:49.762883
Epoch 310/1000, D_loss=0.322277, reward=-8.360047
Epoch: 310: 2022-04-27 05:49:51.394680
Epoch 311/1000, D_loss=0.323205, reward=-8.356956
Epoch: 311: 2022-04-27 05:50:51.429999
Epoch 312/1000, D_loss=0.321900, reward=-8.358368
Epoch: 312: 2022-04-27 05:51:50.893282
Epoch 313/1000, D_loss=0.321102, reward=-8.361553
Epoch: 313: 2022-04-27 05:52:50.609773
Epoch 314/1000, D_loss=0.321692, reward=-8.360299
Epoch: 314: 2022-04-27 05:53:50.072170
Epoch 315/1000, D_loss=0.320135, reward=-8.362543
Epoch: 315: 2022-04-27 05:54:49.319743
Epoch 316/1000, D_loss=0.321086, reward=-8.361753
Epoch: 316: 2022-04-27 05:55:49.382617
Epoch 317/1000, D_loss=0.321984, reward=-8.361320
Epoch: 317: 2022-04-27 05:56:49.097951
Epoch 318/1000, D_loss=0.323085, reward=-8.359838
Epoch: 318: 2022-04-27 05:57:49.295208
Epoch 319/1000, D_loss=0.321564, reward=-8.361504
Epoch: 319: 2022-04-27 05:58:48.951883
Epoch 320/1000, D_loss=0.321628, reward=-8.361599
Epoch: 320: 2022-04-27 05:59:49.005556
Epoch 321/1000, D_loss=0.323564, reward=-8.358019
Epoch: 321: 2022-04-27 06:00:48.899004
Epoch 322/1000, D_loss=0.322011, reward=-8.360366
Epoch: 322: 2022-04-27 06:01:48.596284
Epoch 323/1000, D_loss=0.322335, reward=-8.359604
Epoch: 323: 2022-04-27 06:02:48.768146
Epoch 324/1000, D_loss=0.322891, reward=-8.358822
Epoch: 324: 2022-04-27 06:03:47.968592
Epoch 325/1000, D_loss=0.322967, reward=-8.358668
Epoch: 325: 2022-04-27 06:04:47.247765
Epoch 326/1000, D_loss=0.323024, reward=-8.360108
Epoch: 326: 2022-04-27 06:05:46.883629
Epoch 327/1000, D_loss=0.322317, reward=-8.360205
Epoch: 327: 2022-04-27 06:06:46.312582
Epoch 328/1000, D_loss=0.321745, reward=-8.362823
Epoch: 328: 2022-04-27 06:07:45.580698
Epoch 329/1000, D_loss=0.322751, reward=-8.360626
Epoch: 329: 2022-04-27 06:08:44.882219
Epoch 330/1000, D_loss=0.323287, reward=-8.359476
Epoch: 330: 2022-04-27 06:09:44.622858
Epoch 331/1000, D_loss=0.321812, reward=-8.361826
Epoch: 331: 2022-04-27 06:10:44.640329
Epoch 332/1000, D_loss=0.323886, reward=-8.358517
Epoch: 332: 2022-04-27 06:11:45.518413
Epoch 333/1000, D_loss=0.322960, reward=-8.356801
Epoch: 333: 2022-04-27 06:12:45.194789
Epoch 334/1000, D_loss=0.323021, reward=-8.355589
Epoch: 334: 2022-04-27 06:13:44.643916
Epoch 335/1000, D_loss=0.322309, reward=-8.357278
Epoch: 335: 2022-04-27 06:14:44.292000
Epoch 336/1000, D_loss=0.323381, reward=-8.357095
Epoch: 336: 2022-04-27 06:15:44.264895
Epoch 337/1000, D_loss=0.323200, reward=-8.356693
Epoch: 337: 2022-04-27 06:16:43.844881
Epoch 338/1000, D_loss=0.323508, reward=-8.354063
Epoch: 338: 2022-04-27 06:17:44.035407
Epoch 339/1000, D_loss=0.323563, reward=-8.356633
Epoch: 339: 2022-04-27 06:18:43.797368
Epoch 340/1000, D_loss=0.322778, reward=-8.356914
Epoch: 340: 2022-04-27 06:19:43.560116
Epoch 341/1000, D_loss=0.324023, reward=-8.354228
Epoch: 341: 2022-04-27 06:20:43.289097
Epoch 342/1000, D_loss=0.322986, reward=-8.355268
Epoch: 342: 2022-04-27 06:21:42.749127
Epoch 343/1000, D_loss=0.323193, reward=-8.353806
Epoch: 343: 2022-04-27 06:22:42.319767
Epoch 344/1000, D_loss=0.323427, reward=-8.354324
Epoch: 344: 2022-04-27 06:23:41.938652
Epoch 345/1000, D_loss=0.324977, reward=-8.353426
Epoch: 345: 2022-04-27 06:24:41.783126
Epoch 346/1000, D_loss=0.322922, reward=-8.354865
Epoch: 346: 2022-04-27 06:25:41.557346
Epoch 347/1000, D_loss=0.324690, reward=-8.354068
Epoch: 347: 2022-04-27 06:26:41.839371
Epoch 348/1000, D_loss=0.325209, reward=-8.351580
Epoch: 348: 2022-04-27 06:27:42.186771
Epoch 349/1000, D_loss=0.323572, reward=-8.352297
Epoch: 349: 2022-04-27 06:28:42.674803
Epoch 350/1000, D_loss=0.325073, reward=-8.350859
Test_MRR=0.146543, Test_MR=2794.776215, Test_H@10=0.302933
Epoch: 350: 2022-04-27 06:41:13.490247
Epoch 351/1000, D_loss=0.325852, reward=-8.351676
Epoch: 351: 2022-04-27 06:42:14.153664
Epoch 352/1000, D_loss=0.324828, reward=-8.350691
Epoch: 352: 2022-04-27 06:43:13.590181
Epoch 353/1000, D_loss=0.326323, reward=-8.349347
Epoch: 353: 2022-04-27 06:44:13.116631
Epoch 354/1000, D_loss=0.325531, reward=-8.347629
Epoch: 354: 2022-04-27 06:45:13.050823
Epoch 355/1000, D_loss=0.324923, reward=-8.346735
Epoch: 355: 2022-04-27 06:46:12.990078
Epoch 356/1000, D_loss=0.325451, reward=-8.346763
Epoch: 356: 2022-04-27 06:47:12.834846
Epoch 357/1000, D_loss=0.324820, reward=-8.346836
Epoch: 357: 2022-04-27 06:48:12.459421
Epoch 358/1000, D_loss=0.324969, reward=-8.346491
Epoch: 358: 2022-04-27 06:49:12.206345
Epoch 359/1000, D_loss=0.325393, reward=-8.346189
Epoch: 359: 2022-04-27 06:50:11.892864
Epoch 360/1000, D_loss=0.326233, reward=-8.346045
Epoch: 360: 2022-04-27 06:51:11.574720
Epoch 361/1000, D_loss=0.325284, reward=-8.346128
Epoch: 361: 2022-04-27 06:52:11.880521
Epoch 362/1000, D_loss=0.326794, reward=-8.343714
Epoch: 362: 2022-04-27 06:53:11.497813
Epoch 363/1000, D_loss=0.327121, reward=-8.343649
Epoch: 363: 2022-04-27 06:54:11.783762
Epoch 364/1000, D_loss=0.326694, reward=-8.342458
Epoch: 364: 2022-04-27 06:55:11.814660
Epoch 365/1000, D_loss=0.326428, reward=-8.343009
Epoch: 365: 2022-04-27 06:56:11.718807
Epoch 366/1000, D_loss=0.327213, reward=-8.342072
Epoch: 366: 2022-04-27 06:57:11.463228
Epoch 367/1000, D_loss=0.325932, reward=-8.342319
Epoch: 367: 2022-04-27 06:58:11.085780
Epoch 368/1000, D_loss=0.325557, reward=-8.344566
Epoch: 368: 2022-04-27 06:59:10.938503
Epoch 369/1000, D_loss=0.325125, reward=-8.343698
Epoch: 369: 2022-04-27 07:00:11.294997
Epoch 370/1000, D_loss=0.325690, reward=-8.342847
Epoch: 370: 2022-04-27 07:01:11.486995
Epoch 371/1000, D_loss=0.327093, reward=-8.341868
Epoch: 371: 2022-04-27 07:02:11.559777
Epoch 372/1000, D_loss=0.326060, reward=-8.342596
Epoch: 372: 2022-04-27 07:03:12.570559
Epoch 373/1000, D_loss=0.327338, reward=-8.341157
Epoch: 373: 2022-04-27 07:04:12.678923
Epoch 374/1000, D_loss=0.327363, reward=-8.339988
Epoch: 374: 2022-04-27 07:05:12.912483
Epoch 375/1000, D_loss=0.327122, reward=-8.340294
Epoch: 375: 2022-04-27 07:06:13.257008
Epoch 376/1000, D_loss=0.327763, reward=-8.338899
Epoch: 376: 2022-04-27 07:07:13.992172
Epoch 377/1000, D_loss=0.328697, reward=-8.337502
Epoch: 377: 2022-04-27 07:08:14.286940
Epoch 378/1000, D_loss=0.328170, reward=-8.336311
Epoch: 378: 2022-04-27 07:09:14.333144
Epoch 379/1000, D_loss=0.328800, reward=-8.335246
Epoch: 379: 2022-04-27 07:10:14.250281
Epoch 380/1000, D_loss=0.327277, reward=-8.334751
Epoch: 380: 2022-04-27 07:11:14.459455
Epoch 381/1000, D_loss=0.328782, reward=-8.331808
Epoch: 381: 2022-04-27 07:12:16.352239
Epoch 382/1000, D_loss=0.327364, reward=-8.333783
Epoch: 382: 2022-04-27 07:13:18.191801
Epoch 383/1000, D_loss=0.327309, reward=-8.334149
Epoch: 383: 2022-04-27 07:14:20.141226
Epoch 384/1000, D_loss=0.326686, reward=-8.334590
Epoch: 384: 2022-04-27 07:15:20.941183
Epoch 385/1000, D_loss=0.327567, reward=-8.333353
Epoch: 385: 2022-04-27 07:16:20.998675
Epoch 386/1000, D_loss=0.327207, reward=-8.335832
Epoch: 386: 2022-04-27 07:17:21.475224
Epoch 387/1000, D_loss=0.327494, reward=-8.335761
Epoch: 387: 2022-04-27 07:18:22.526122
Epoch 388/1000, D_loss=0.328286, reward=-8.334662
Epoch: 388: 2022-04-27 07:19:22.813599
Epoch 389/1000, D_loss=0.329994, reward=-8.332472
Epoch: 389: 2022-04-27 07:20:23.360476
Epoch 390/1000, D_loss=0.329259, reward=-8.331675
Epoch: 390: 2022-04-27 07:21:23.459635
Epoch 391/1000, D_loss=0.327261, reward=-8.333961
Epoch: 391: 2022-04-27 07:22:23.797283
Epoch 392/1000, D_loss=0.329471, reward=-8.329967
Epoch: 392: 2022-04-27 07:23:24.664333
Epoch 393/1000, D_loss=0.330206, reward=-8.327632
Epoch: 393: 2022-04-27 07:24:24.684572
Epoch 394/1000, D_loss=0.329299, reward=-8.332432
Epoch: 394: 2022-04-27 07:25:25.318921
Epoch 395/1000, D_loss=0.327984, reward=-8.331948
Epoch: 395: 2022-04-27 07:26:25.489023
Epoch 396/1000, D_loss=0.327684, reward=-8.332357
Epoch: 396: 2022-04-27 07:27:25.829358
Epoch 397/1000, D_loss=0.328479, reward=-8.330275
Epoch: 397: 2022-04-27 07:28:26.078438
Epoch 398/1000, D_loss=0.328960, reward=-8.327847
Epoch: 398: 2022-04-27 07:29:26.859007
Epoch 399/1000, D_loss=0.329820, reward=-8.325227
Epoch: 399: 2022-04-27 07:30:27.634743
Epoch 400/1000, D_loss=0.329874, reward=-8.324885
Test_MRR=0.148009, Test_MR=2952.445360, Test_H@10=0.309763
Epoch: 400: 2022-04-27 07:42:50.385717
Epoch 401/1000, D_loss=0.328828, reward=-8.326144
Epoch: 401: 2022-04-27 07:43:51.092743
Epoch 402/1000, D_loss=0.329328, reward=-8.324795
Epoch: 402: 2022-04-27 07:44:51.324407
Epoch 403/1000, D_loss=0.328671, reward=-8.325223
Epoch: 403: 2022-04-27 07:45:51.861484
Epoch 404/1000, D_loss=0.329305, reward=-8.323647
Epoch: 404: 2022-04-27 07:46:52.523904
Epoch 405/1000, D_loss=0.328188, reward=-8.324969
Epoch: 405: 2022-04-27 07:47:52.960280
Epoch 406/1000, D_loss=0.329852, reward=-8.323095
Epoch: 406: 2022-04-27 07:48:53.421491
Epoch 407/1000, D_loss=0.329816, reward=-8.324103
Epoch: 407: 2022-04-27 07:49:54.482047
Epoch 408/1000, D_loss=0.328983, reward=-8.325635
Epoch: 408: 2022-04-27 07:50:55.041622
Epoch 409/1000, D_loss=0.329583, reward=-8.324059
Epoch: 409: 2022-04-27 07:51:55.504234
Epoch 410/1000, D_loss=0.329408, reward=-8.325178
Epoch: 410: 2022-04-27 07:52:56.231206
Epoch 411/1000, D_loss=0.331157, reward=-8.321905
Epoch: 411: 2022-04-27 07:54:00.308393
Epoch 412/1000, D_loss=0.331468, reward=-8.321467
Epoch: 412: 2022-04-27 07:55:02.747669
Epoch 413/1000, D_loss=0.329350, reward=-8.324481
Epoch: 413: 2022-04-27 07:56:05.169852
Epoch 414/1000, D_loss=0.331111, reward=-8.319058
Epoch: 414: 2022-04-27 07:57:06.418256
Epoch 415/1000, D_loss=0.330363, reward=-8.319328
Epoch: 415: 2022-04-27 07:58:08.697138
Epoch 416/1000, D_loss=0.329837, reward=-8.318495
Epoch: 416: 2022-04-27 07:59:11.120567
Epoch 417/1000, D_loss=0.329859, reward=-8.316348
Epoch: 417: 2022-04-27 08:00:11.929471
Epoch 418/1000, D_loss=0.330448, reward=-8.313827
Epoch: 418: 2022-04-27 08:01:12.914818
Epoch 419/1000, D_loss=0.329885, reward=-8.316521
Epoch: 419: 2022-04-27 08:02:15.598018
Epoch 420/1000, D_loss=0.331493, reward=-8.315067
Epoch: 420: 2022-04-27 08:03:17.571705
Epoch 421/1000, D_loss=0.330445, reward=-8.315099
Epoch: 421: 2022-04-27 08:04:18.676608
Epoch 422/1000, D_loss=0.330166, reward=-8.318544
Epoch: 422: 2022-04-27 08:05:20.096822
Epoch 423/1000, D_loss=0.331773, reward=-8.314090
Epoch: 423: 2022-04-27 08:06:21.440817
Epoch 424/1000, D_loss=0.331080, reward=-8.315851
Epoch: 424: 2022-04-27 08:07:22.492752
Epoch 425/1000, D_loss=0.331016, reward=-8.316264
Epoch: 425: 2022-04-27 08:08:23.278503
Epoch 426/1000, D_loss=0.333303, reward=-8.313119
Epoch: 426: 2022-04-27 08:09:24.794144
Epoch 427/1000, D_loss=0.332521, reward=-8.313193
Epoch: 427: 2022-04-27 08:10:25.537312
Epoch 428/1000, D_loss=0.332772, reward=-8.311679
Epoch: 428: 2022-04-27 08:11:26.333360
Epoch 429/1000, D_loss=0.332019, reward=-8.311342
Epoch: 429: 2022-04-27 08:12:27.269252
Epoch 430/1000, D_loss=0.332072, reward=-8.312331
Epoch: 430: 2022-04-27 08:13:28.977143
Epoch 431/1000, D_loss=0.331954, reward=-8.310426
Epoch: 431: 2022-04-27 08:14:30.223868
Epoch 432/1000, D_loss=0.332226, reward=-8.310313
Epoch: 432: 2022-04-27 08:15:31.938971
Epoch 433/1000, D_loss=0.331001, reward=-8.311875
Epoch: 433: 2022-04-27 08:16:32.941893
Epoch 434/1000, D_loss=0.332541, reward=-8.309893
Epoch: 434: 2022-04-27 08:17:34.258257
Epoch 435/1000, D_loss=0.331877, reward=-8.312698
Epoch: 435: 2022-04-27 08:18:35.185433
Epoch 436/1000, D_loss=0.333725, reward=-8.309265
Epoch: 436: 2022-04-27 08:19:35.690819
Epoch 437/1000, D_loss=0.334285, reward=-8.309967
Epoch: 437: 2022-04-27 08:20:37.017022
Epoch 438/1000, D_loss=0.333343, reward=-8.309622
Epoch: 438: 2022-04-27 08:21:38.267017
Epoch 439/1000, D_loss=0.332840, reward=-8.307517
Epoch: 439: 2022-04-27 08:22:40.150987
Epoch 440/1000, D_loss=0.331964, reward=-8.308756
Epoch: 440: 2022-04-27 08:23:42.283164
Epoch 441/1000, D_loss=0.333277, reward=-8.306414
Epoch: 441: 2022-04-27 08:24:43.726357
Epoch 442/1000, D_loss=0.332669, reward=-8.306676
Epoch: 442: 2022-04-27 08:25:45.207977
Epoch 443/1000, D_loss=0.333286, reward=-8.304770
Epoch: 443: 2022-04-27 08:26:46.222820
Epoch 444/1000, D_loss=0.333722, reward=-8.304288
Epoch: 444: 2022-04-27 08:27:47.298958
Epoch 445/1000, D_loss=0.332914, reward=-8.305853
Epoch: 445: 2022-04-27 08:28:49.479965
Epoch 446/1000, D_loss=0.333135, reward=-8.306374
Epoch: 446: 2022-04-27 08:29:50.981672
Epoch 447/1000, D_loss=0.332199, reward=-8.309529
Epoch: 447: 2022-04-27 08:30:52.537994
Epoch 448/1000, D_loss=0.334013, reward=-8.306059
Epoch: 448: 2022-04-27 08:31:54.015483
Epoch 449/1000, D_loss=0.333300, reward=-8.307630
Epoch: 449: 2022-04-27 08:32:55.637376
Epoch 450/1000, D_loss=0.332630, reward=-8.307037
Test_MRR=0.156747, Test_MR=2995.251908, Test_H@10=0.314986
Epoch: 450: 2022-04-27 08:45:22.746532
Epoch 451/1000, D_loss=0.334531, reward=-8.303008
Epoch: 451: 2022-04-27 08:46:24.238881
Epoch 452/1000, D_loss=0.333672, reward=-8.304734
Epoch: 452: 2022-04-27 08:47:25.303393
Epoch 453/1000, D_loss=0.332361, reward=-8.305314
Epoch: 453: 2022-04-27 08:48:27.024569
Epoch 454/1000, D_loss=0.332346, reward=-8.302570
Epoch: 454: 2022-04-27 08:49:28.338019
Epoch 455/1000, D_loss=0.333210, reward=-8.298492
Epoch: 455: 2022-04-27 08:50:29.817538
Epoch 456/1000, D_loss=0.334271, reward=-8.297275
Epoch: 456: 2022-04-27 08:51:30.786344
Epoch 457/1000, D_loss=0.334354, reward=-8.298456
Epoch: 457: 2022-04-27 08:52:31.657866
Epoch 458/1000, D_loss=0.333889, reward=-8.299760
Epoch: 458: 2022-04-27 08:53:32.873770
Epoch 459/1000, D_loss=0.333383, reward=-8.302126
Epoch: 459: 2022-04-27 08:54:34.115528
Epoch 460/1000, D_loss=0.333730, reward=-8.301311
Epoch: 460: 2022-04-27 08:55:35.281004
Epoch 461/1000, D_loss=0.335453, reward=-8.298615
Epoch: 461: 2022-04-27 08:56:36.316405
Epoch 462/1000, D_loss=0.335348, reward=-8.297088
Epoch: 462: 2022-04-27 08:57:37.858164
Epoch 463/1000, D_loss=0.334844, reward=-8.298809
Epoch: 463: 2022-04-27 08:58:39.525939
Epoch 464/1000, D_loss=0.334765, reward=-8.297136
Epoch: 464: 2022-04-27 08:59:40.809244
Epoch 465/1000, D_loss=0.333171, reward=-8.298059
Epoch: 465: 2022-04-27 09:00:42.362607
Epoch 466/1000, D_loss=0.333266, reward=-8.295846
Epoch: 466: 2022-04-27 09:01:43.734193
Epoch 467/1000, D_loss=0.333083, reward=-8.295316
Epoch: 467: 2022-04-27 09:02:45.419047
Epoch 468/1000, D_loss=0.333757, reward=-8.293548
Epoch: 468: 2022-04-27 09:03:48.136779
Epoch 469/1000, D_loss=0.333466, reward=-8.297138
Epoch: 469: 2022-04-27 09:04:49.590194
Epoch 470/1000, D_loss=0.334254, reward=-8.295250
Epoch: 470: 2022-04-27 09:05:50.897743
Epoch 471/1000, D_loss=0.335913, reward=-8.293684
Epoch: 471: 2022-04-27 09:06:52.614774
Epoch 472/1000, D_loss=0.334759, reward=-8.294364
Epoch: 472: 2022-04-27 09:07:53.794580
Epoch 473/1000, D_loss=0.334317, reward=-8.296095
Epoch: 473: 2022-04-27 09:08:55.274893
Epoch 474/1000, D_loss=0.335804, reward=-8.294666
Epoch: 474: 2022-04-27 09:09:56.361976
Epoch 475/1000, D_loss=0.336458, reward=-8.294056
Epoch: 475: 2022-04-27 09:10:57.738036
Epoch 476/1000, D_loss=0.336738, reward=-8.291630
Epoch: 476: 2022-04-27 09:11:59.384022
Epoch 477/1000, D_loss=0.334405, reward=-8.292927
Epoch: 477: 2022-04-27 09:13:00.802195
Epoch 478/1000, D_loss=0.334843, reward=-8.290419
Epoch: 478: 2022-04-27 09:14:02.448722
Epoch 479/1000, D_loss=0.333461, reward=-8.290877
Epoch: 479: 2022-04-27 09:15:04.440195
Epoch 480/1000, D_loss=0.334585, reward=-8.289516
Epoch: 480: 2022-04-27 09:16:06.341271
Epoch 481/1000, D_loss=0.334103, reward=-8.288602
Epoch: 481: 2022-04-27 09:17:07.852929
Epoch 482/1000, D_loss=0.332939, reward=-8.290137
Epoch: 482: 2022-04-27 09:18:09.907591
Epoch 483/1000, D_loss=0.334621, reward=-8.288170
Epoch: 483: 2022-04-27 09:19:10.919022
Epoch 484/1000, D_loss=0.335342, reward=-8.287599
Epoch: 484: 2022-04-27 09:20:11.999923
Epoch 485/1000, D_loss=0.335662, reward=-8.289026
Epoch: 485: 2022-04-27 09:21:13.645265
Epoch 486/1000, D_loss=0.334883, reward=-8.290124
Epoch: 486: 2022-04-27 09:22:15.837833
Epoch 487/1000, D_loss=0.335096, reward=-8.289070
Epoch: 487: 2022-04-27 09:23:18.647978
Epoch 488/1000, D_loss=0.336821, reward=-8.286839
Epoch: 488: 2022-04-27 09:24:21.274163
Epoch 489/1000, D_loss=0.335896, reward=-8.287011
Epoch: 489: 2022-04-27 09:25:24.273162
Epoch 490/1000, D_loss=0.335952, reward=-8.287113
Epoch: 490: 2022-04-27 09:26:26.253610
Epoch 491/1000, D_loss=0.335461, reward=-8.285925
Epoch: 491: 2022-04-27 09:27:27.963871
Epoch 492/1000, D_loss=0.335102, reward=-8.287103
Epoch: 492: 2022-04-27 09:28:29.946242
Epoch 493/1000, D_loss=0.335978, reward=-8.284772
Epoch: 493: 2022-04-27 09:29:31.685137
Epoch 494/1000, D_loss=0.335066, reward=-8.288143
Epoch: 494: 2022-04-27 09:30:33.654934
Epoch 495/1000, D_loss=0.334715, reward=-8.287911
Epoch: 495: 2022-04-27 09:31:35.163448
Epoch 496/1000, D_loss=0.335559, reward=-8.287357
Epoch: 496: 2022-04-27 09:32:36.865352
Epoch 497/1000, D_loss=0.335762, reward=-8.287455
Epoch: 497: 2022-04-27 09:33:38.642600
Epoch 498/1000, D_loss=0.335897, reward=-8.288853
Epoch: 498: 2022-04-27 09:34:40.355875
Epoch 499/1000, D_loss=0.337062, reward=-8.288084
Epoch: 499: 2022-04-27 09:35:41.899319
Epoch 500/1000, D_loss=0.336783, reward=-8.287012
Test_MRR=0.161303, Test_MR=2998.960024, Test_H@10=0.328043
Epoch: 500: 2022-04-27 09:47:52.878967
Epoch 501/1000, D_loss=0.337289, reward=-8.284972
Epoch: 501: 2022-04-27 09:48:54.411836
Epoch 502/1000, D_loss=0.336772, reward=-8.285550
Epoch: 502: 2022-04-27 09:49:56.979322
Epoch 503/1000, D_loss=0.337102, reward=-8.284448
Epoch: 503: 2022-04-27 09:50:58.540165
Epoch 504/1000, D_loss=0.337808, reward=-8.284315
Epoch: 504: 2022-04-27 09:52:00.527789
Epoch 505/1000, D_loss=0.336371, reward=-8.284885
Epoch: 505: 2022-04-27 09:53:01.759190
Epoch 506/1000, D_loss=0.335891, reward=-8.286519
Epoch: 506: 2022-04-27 09:54:03.795704
Epoch 507/1000, D_loss=0.336989, reward=-8.284716
Epoch: 507: 2022-04-27 09:55:05.653548
Epoch 508/1000, D_loss=0.338168, reward=-8.282330
Epoch: 508: 2022-04-27 09:56:07.177615
Epoch 509/1000, D_loss=0.338181, reward=-8.282563
Epoch: 509: 2022-04-27 09:57:08.626900
Epoch 510/1000, D_loss=0.338107, reward=-8.281932
Epoch: 510: 2022-04-27 09:58:10.669766
Epoch 511/1000, D_loss=0.337494, reward=-8.281968
Epoch: 511: 2022-04-27 09:59:12.316731
Epoch 512/1000, D_loss=0.337884, reward=-8.281539
Epoch: 512: 2022-04-27 10:00:13.991555
Epoch 513/1000, D_loss=0.337478, reward=-8.280592
Epoch: 513: 2022-04-27 10:01:15.771459
Epoch 514/1000, D_loss=0.338119, reward=-8.281284
Epoch: 514: 2022-04-27 10:02:17.719870
Epoch 515/1000, D_loss=0.335894, reward=-8.283267
Epoch: 515: 2022-04-27 10:03:19.508670
Epoch 516/1000, D_loss=0.336679, reward=-8.283476
Epoch: 516: 2022-04-27 10:04:21.308165
Epoch 517/1000, D_loss=0.337898, reward=-8.281450
Epoch: 517: 2022-04-27 10:05:22.850043
Epoch 518/1000, D_loss=0.337556, reward=-8.280191
Epoch: 518: 2022-04-27 10:06:25.108968
Epoch 519/1000, D_loss=0.336668, reward=-8.282186
Epoch: 519: 2022-04-27 10:07:28.887781
Epoch 520/1000, D_loss=0.338076, reward=-8.278362
Epoch: 520: 2022-04-27 10:08:32.159627
Epoch 521/1000, D_loss=0.338430, reward=-8.277074
Epoch: 521: 2022-04-27 10:09:35.625108
Epoch 522/1000, D_loss=0.338985, reward=-8.274193
Epoch: 522: 2022-04-27 10:10:37.541335
Epoch 523/1000, D_loss=0.337941, reward=-8.275615
Epoch: 523: 2022-04-27 10:11:39.107874
Epoch 524/1000, D_loss=0.337214, reward=-8.274995
Epoch: 524: 2022-04-27 10:12:40.661657
Epoch 525/1000, D_loss=0.338243, reward=-8.274504
Epoch: 525: 2022-04-27 10:13:42.847053
Epoch 526/1000, D_loss=0.338059, reward=-8.275928
Epoch: 526: 2022-04-27 10:14:45.628850
Epoch 527/1000, D_loss=0.338263, reward=-8.277713
Epoch: 527: 2022-04-27 10:15:47.399251
Epoch 528/1000, D_loss=0.337836, reward=-8.277791
Epoch: 528: 2022-04-27 10:16:49.274207
Epoch 529/1000, D_loss=0.338508, reward=-8.279879
Epoch: 529: 2022-04-27 10:17:51.321418
Epoch 530/1000, D_loss=0.338525, reward=-8.279547
Epoch: 530: 2022-04-27 10:18:53.196060
Epoch 531/1000, D_loss=0.339828, reward=-8.276153
Epoch: 531: 2022-04-27 10:19:55.493908
Epoch 532/1000, D_loss=0.339445, reward=-8.275825
Epoch: 532: 2022-04-27 10:20:57.026660
Epoch 533/1000, D_loss=0.339300, reward=-8.276794
Epoch: 533: 2022-04-27 10:21:59.075470
Epoch 534/1000, D_loss=0.340807, reward=-8.271651
Epoch: 534: 2022-04-27 10:23:01.121678
Epoch 535/1000, D_loss=0.338552, reward=-8.274657
Epoch: 535: 2022-04-27 10:24:03.329841
Epoch 536/1000, D_loss=0.338233, reward=-8.273853
Epoch: 536: 2022-04-27 10:25:05.551085
Epoch 537/1000, D_loss=0.339180, reward=-8.272210
Epoch: 537: 2022-04-27 10:26:07.216502
Epoch 538/1000, D_loss=0.339531, reward=-8.272907
Epoch: 538: 2022-04-27 10:27:10.504255
Epoch 539/1000, D_loss=0.339377, reward=-8.274310
Epoch: 539: 2022-04-27 10:28:12.739105
Epoch 540/1000, D_loss=0.338951, reward=-8.274307
Epoch: 540: 2022-04-27 10:29:14.963730
Epoch 541/1000, D_loss=0.339307, reward=-8.273914
Epoch: 541: 2022-04-27 10:30:17.065143
Epoch 542/1000, D_loss=0.339074, reward=-8.272337
Epoch: 542: 2022-04-27 10:31:19.220469
Epoch 543/1000, D_loss=0.338328, reward=-8.274870
Epoch: 543: 2022-04-27 10:32:21.013206
Epoch 544/1000, D_loss=0.338156, reward=-8.273913
Epoch: 544: 2022-04-27 10:33:22.957819
Epoch 545/1000, D_loss=0.339165, reward=-8.272823
Epoch: 545: 2022-04-27 10:34:25.053250
Epoch 546/1000, D_loss=0.339017, reward=-8.275121
Epoch: 546: 2022-04-27 10:35:27.011321
Epoch 547/1000, D_loss=0.339901, reward=-8.273004
Epoch: 547: 2022-04-27 10:36:28.744936
Epoch 548/1000, D_loss=0.341169, reward=-8.271699
Epoch: 548: 2022-04-27 10:37:30.965029
Epoch 549/1000, D_loss=0.340931, reward=-8.273522
Epoch: 549: 2022-04-27 10:38:33.381163
Epoch 550/1000, D_loss=0.340651, reward=-8.271542
Test_MRR=0.158094, Test_MR=3040.837686, Test_H@10=0.324427
Epoch: 550: 2022-04-27 10:50:46.167169
Epoch 551/1000, D_loss=0.340644, reward=-8.270947
Epoch: 551: 2022-04-27 10:51:49.728436
Epoch 552/1000, D_loss=0.340480, reward=-8.272288
Epoch: 552: 2022-04-27 10:52:53.517322
Epoch 553/1000, D_loss=0.340200, reward=-8.272780
Epoch: 553: 2022-04-27 10:53:56.251262
Epoch 554/1000, D_loss=0.339196, reward=-8.272281
Epoch: 554: 2022-04-27 10:54:58.510064
Epoch 555/1000, D_loss=0.338126, reward=-8.272101
Epoch: 555: 2022-04-27 10:56:00.740605
Epoch 556/1000, D_loss=0.338696, reward=-8.270926
Epoch: 556: 2022-04-27 10:57:02.743592
Epoch 557/1000, D_loss=0.339998, reward=-8.268514
Epoch: 557: 2022-04-27 10:58:04.667076
Epoch 558/1000, D_loss=0.338752, reward=-8.271097
Epoch: 558: 2022-04-27 10:59:06.738847
Epoch 559/1000, D_loss=0.339561, reward=-8.271565
Epoch: 559: 2022-04-27 11:00:09.020318
Epoch 560/1000, D_loss=0.339218, reward=-8.271915
Epoch: 560: 2022-04-27 11:01:11.481183
Epoch 561/1000, D_loss=0.340110, reward=-8.269977
Epoch: 561: 2022-04-27 11:02:13.479447
Epoch 562/1000, D_loss=0.339322, reward=-8.269239
Epoch: 562: 2022-04-27 11:03:14.955897
Epoch 563/1000, D_loss=0.338739, reward=-8.270501
Epoch: 563: 2022-04-27 11:04:16.785107
Epoch 564/1000, D_loss=0.339390, reward=-8.267860
Epoch: 564: 2022-04-27 11:05:19.004662
Epoch 565/1000, D_loss=0.339167, reward=-8.265610
Epoch: 565: 2022-04-27 11:06:21.242363
Epoch 566/1000, D_loss=0.340109, reward=-8.265787
Epoch: 566: 2022-04-27 11:07:25.022089
Epoch 567/1000, D_loss=0.340580, reward=-8.264881
Epoch: 567: 2022-04-27 11:08:27.164262
Epoch 568/1000, D_loss=0.340483, reward=-8.265986
Epoch: 568: 2022-04-27 11:09:29.661546
Epoch 569/1000, D_loss=0.338669, reward=-8.268971
Epoch: 569: 2022-04-27 11:10:30.940552
Epoch 570/1000, D_loss=0.339309, reward=-8.267391
Epoch: 570: 2022-04-27 11:11:32.988001
Epoch 571/1000, D_loss=0.339667, reward=-8.268935
Epoch: 571: 2022-04-27 11:12:35.248625
Epoch 572/1000, D_loss=0.338863, reward=-8.268057
Epoch: 572: 2022-04-27 11:13:37.360793
Epoch 573/1000, D_loss=0.339351, reward=-8.267469
Epoch: 573: 2022-04-27 11:14:39.475475
Epoch 574/1000, D_loss=0.341008, reward=-8.263345
Epoch: 574: 2022-04-27 11:15:41.701942
Epoch 575/1000, D_loss=0.338886, reward=-8.267344
Epoch: 575: 2022-04-27 11:16:44.646805
Epoch 576/1000, D_loss=0.339935, reward=-8.263797
Epoch: 576: 2022-04-27 11:17:47.260587
Epoch 577/1000, D_loss=0.338915, reward=-8.264775
Epoch: 577: 2022-04-27 11:18:49.811100
Epoch 578/1000, D_loss=0.339783, reward=-8.263306
Epoch: 578: 2022-04-27 11:19:52.177945
Epoch 579/1000, D_loss=0.339206, reward=-8.264092
Epoch: 579: 2022-04-27 11:20:54.581166
Epoch 580/1000, D_loss=0.341658, reward=-8.261103
Epoch: 580: 2022-04-27 11:21:57.158831
Epoch 581/1000, D_loss=0.341251, reward=-8.262899
Epoch: 581: 2022-04-27 11:23:00.182992
Epoch 582/1000, D_loss=0.341379, reward=-8.264710
Epoch: 582: 2022-04-27 11:24:02.803653
Epoch 583/1000, D_loss=0.341869, reward=-8.263034
Epoch: 583: 2022-04-27 11:25:05.328534
Epoch 584/1000, D_loss=0.342297, reward=-8.261495
Epoch: 584: 2022-04-27 11:26:07.629151
Epoch 585/1000, D_loss=0.341383, reward=-8.262497
Epoch: 585: 2022-04-27 11:27:10.062853
Epoch 586/1000, D_loss=0.342570, reward=-8.258573
Epoch: 586: 2022-04-27 11:28:13.209303
Epoch 587/1000, D_loss=0.341790, reward=-8.258121
Epoch: 587: 2022-04-27 11:29:15.247598
Epoch 588/1000, D_loss=0.341334, reward=-8.259318
Epoch: 588: 2022-04-27 11:30:17.598562
Epoch 589/1000, D_loss=0.341905, reward=-8.258706
Epoch: 589: 2022-04-27 11:31:21.480455
Epoch 590/1000, D_loss=0.341472, reward=-8.258526
Epoch: 590: 2022-04-27 11:32:23.724558
Epoch 591/1000, D_loss=0.341139, reward=-8.259548
Epoch: 591: 2022-04-27 11:33:26.450289
Epoch 592/1000, D_loss=0.342462, reward=-8.258396
Epoch: 592: 2022-04-27 11:34:29.979594
Epoch 593/1000, D_loss=0.342358, reward=-8.258713
Epoch: 593: 2022-04-27 11:35:34.491608
Epoch 594/1000, D_loss=0.342383, reward=-8.258643
Epoch: 594: 2022-04-27 11:36:39.540770
Epoch 595/1000, D_loss=0.343802, reward=-8.257862
Epoch: 595: 2022-04-27 11:37:42.913202
Epoch 596/1000, D_loss=0.344850, reward=-8.254539
Epoch: 596: 2022-04-27 11:38:47.386813
Epoch 597/1000, D_loss=0.344244, reward=-8.254428
Epoch: 597: 2022-04-27 11:39:49.875508
Epoch 598/1000, D_loss=0.343981, reward=-8.254255
Epoch: 598: 2022-04-27 11:40:52.549982
Epoch 599/1000, D_loss=0.343560, reward=-8.253289
Epoch: 599: 2022-04-27 11:41:55.438058
Epoch 600/1000, D_loss=0.342902, reward=-8.253078
Test_MRR=0.166324, Test_MR=3003.252511, Test_H@10=0.337887
Epoch: 600: 2022-04-27 11:54:09.705304
Epoch 601/1000, D_loss=0.342196, reward=-8.256712
Epoch: 601: 2022-04-27 11:55:12.127392
Epoch 602/1000, D_loss=0.343558, reward=-8.251226
Epoch: 602: 2022-04-27 11:56:14.483591
Epoch 603/1000, D_loss=0.342823, reward=-8.255558
Epoch: 603: 2022-04-27 11:57:17.232231
Epoch 604/1000, D_loss=0.341695, reward=-8.257630
Epoch: 604: 2022-04-27 11:58:19.941866
Epoch 605/1000, D_loss=0.343453, reward=-8.254724
Epoch: 605: 2022-04-27 11:59:22.767751
Epoch 606/1000, D_loss=0.343949, reward=-8.254687
Epoch: 606: 2022-04-27 12:00:25.937690
Epoch 607/1000, D_loss=0.343769, reward=-8.254382
Epoch: 607: 2022-04-27 12:01:28.295981
Epoch 608/1000, D_loss=0.342386, reward=-8.255317
Epoch: 608: 2022-04-27 12:02:30.785530
Epoch 609/1000, D_loss=0.342787, reward=-8.254080
Epoch: 609: 2022-04-27 12:03:33.316593
Epoch 610/1000, D_loss=0.343280, reward=-8.252382
Epoch: 610: 2022-04-27 12:04:35.799821
Epoch 611/1000, D_loss=0.342307, reward=-8.252708
Epoch: 611: 2022-04-27 12:05:38.157113
Epoch 612/1000, D_loss=0.341954, reward=-8.254683
Epoch: 612: 2022-04-27 12:06:40.467610
Epoch 613/1000, D_loss=0.342650, reward=-8.253147
Epoch: 613: 2022-04-27 12:07:42.946476
Epoch 614/1000, D_loss=0.342629, reward=-8.254435
Epoch: 614: 2022-04-27 12:08:44.972809
Epoch 615/1000, D_loss=0.342493, reward=-8.256341
Epoch: 615: 2022-04-27 12:09:47.285235
Epoch 616/1000, D_loss=0.342551, reward=-8.257784
Epoch: 616: 2022-04-27 12:10:49.710447
Epoch 617/1000, D_loss=0.344277, reward=-8.254968
Epoch: 617: 2022-04-27 12:11:51.993150
Epoch 618/1000, D_loss=0.342697, reward=-8.257761
Epoch: 618: 2022-04-27 12:12:53.839978
Epoch 619/1000, D_loss=0.342552, reward=-8.258060
Epoch: 619: 2022-04-27 12:13:56.096494
Epoch 620/1000, D_loss=0.342579, reward=-8.258164
Epoch: 620: 2022-04-27 12:14:58.621661
Epoch 621/1000, D_loss=0.342207, reward=-8.255980
Epoch: 621: 2022-04-27 12:16:01.144134
Epoch 622/1000, D_loss=0.342039, reward=-8.254956
Epoch: 622: 2022-04-27 12:17:04.052744
Epoch 623/1000, D_loss=0.343355, reward=-8.251465
Epoch: 623: 2022-04-27 12:18:07.492848
Epoch 624/1000, D_loss=0.342441, reward=-8.253062
Epoch: 624: 2022-04-27 12:19:10.413343
Epoch 625/1000, D_loss=0.342546, reward=-8.249908
Epoch: 625: 2022-04-27 12:20:13.770100
Epoch 626/1000, D_loss=0.342272, reward=-8.252069
Epoch: 626: 2022-04-27 12:21:18.465620
Epoch 627/1000, D_loss=0.344383, reward=-8.249169
Epoch: 627: 2022-04-27 12:22:23.199447
Epoch 628/1000, D_loss=0.343378, reward=-8.253409
Epoch: 628: 2022-04-27 12:23:26.251561
Epoch 629/1000, D_loss=0.343477, reward=-8.251987
Epoch: 629: 2022-04-27 12:24:28.423406
Epoch 630/1000, D_loss=0.344296, reward=-8.249445
Epoch: 630: 2022-04-27 12:25:31.319842
Epoch 631/1000, D_loss=0.343387, reward=-8.248703
Epoch: 631: 2022-04-27 12:26:34.236092
Epoch 632/1000, D_loss=0.344808, reward=-8.245046
Epoch: 632: 2022-04-27 12:27:36.988132
Epoch 633/1000, D_loss=0.342788, reward=-8.246420
Epoch: 633: 2022-04-27 12:28:39.649816
Epoch 634/1000, D_loss=0.344138, reward=-8.246476
Epoch: 634: 2022-04-27 12:29:42.493770
Epoch 635/1000, D_loss=0.343890, reward=-8.246290
Epoch: 635: 2022-04-27 12:30:45.990420
Epoch 636/1000, D_loss=0.344113, reward=-8.246874
Epoch: 636: 2022-04-27 12:31:48.930697
Epoch 637/1000, D_loss=0.344255, reward=-8.248113
Epoch: 637: 2022-04-27 12:32:51.821694
Epoch 638/1000, D_loss=0.342924, reward=-8.248652
Epoch: 638: 2022-04-27 12:33:56.268582
Epoch 639/1000, D_loss=0.345245, reward=-8.246013
Epoch: 639: 2022-04-27 12:34:59.452014
Epoch 640/1000, D_loss=0.343244, reward=-8.248272
Epoch: 640: 2022-04-27 12:36:02.055839
Epoch 641/1000, D_loss=0.343993, reward=-8.245248
Epoch: 641: 2022-04-27 12:37:05.078006
Epoch 642/1000, D_loss=0.344744, reward=-8.244984
Epoch: 642: 2022-04-27 12:38:08.194979
Epoch 643/1000, D_loss=0.344592, reward=-8.243415
Epoch: 643: 2022-04-27 12:39:10.604910
Epoch 644/1000, D_loss=0.343448, reward=-8.245734
Epoch: 644: 2022-04-27 12:40:13.335555
Epoch 645/1000, D_loss=0.345301, reward=-8.240449
Epoch: 645: 2022-04-27 12:41:16.183238
Epoch 646/1000, D_loss=0.344674, reward=-8.242692
Epoch: 646: 2022-04-27 12:42:18.780305
Epoch 647/1000, D_loss=0.345237, reward=-8.243552
Epoch: 647: 2022-04-27 12:43:21.421150
Epoch 648/1000, D_loss=0.343768, reward=-8.245113
Epoch: 648: 2022-04-27 12:44:24.560884
Epoch 649/1000, D_loss=0.344916, reward=-8.244950
Epoch: 649: 2022-04-27 12:45:27.345186
Epoch 650/1000, D_loss=0.343084, reward=-8.246870
Test_MRR=0.163011, Test_MR=3000.937826, Test_H@10=0.330655
Epoch: 650: 2022-04-27 12:57:37.631622
Epoch 651/1000, D_loss=0.344163, reward=-8.245828
Epoch: 651: 2022-04-27 12:58:40.473669
Epoch 652/1000, D_loss=0.344525, reward=-8.245147
Epoch: 652: 2022-04-27 12:59:43.211912
Epoch 653/1000, D_loss=0.345360, reward=-8.244266
Epoch: 653: 2022-04-27 13:00:46.509325
Epoch 654/1000, D_loss=0.343989, reward=-8.244611
Epoch: 654: 2022-04-27 13:01:49.759820
Epoch 655/1000, D_loss=0.344434, reward=-8.242644
Epoch: 655: 2022-04-27 13:02:53.442455
Epoch 656/1000, D_loss=0.343561, reward=-8.242930
Epoch: 656: 2022-04-27 13:03:56.959224
Epoch 657/1000, D_loss=0.343973, reward=-8.243414
Epoch: 657: 2022-04-27 13:05:00.942576
Epoch 658/1000, D_loss=0.343731, reward=-8.243818
Epoch: 658: 2022-04-27 13:06:04.300013
Epoch 659/1000, D_loss=0.343510, reward=-8.244422
Epoch: 659: 2022-04-27 13:07:08.348047
Epoch 660/1000, D_loss=0.343277, reward=-8.244899
Epoch: 660: 2022-04-27 13:08:12.175830
Epoch 661/1000, D_loss=0.344730, reward=-8.242608
Epoch: 661: 2022-04-27 13:09:15.048740
Epoch 662/1000, D_loss=0.344177, reward=-8.244473
Epoch: 662: 2022-04-27 13:10:18.067896
Epoch 663/1000, D_loss=0.344827, reward=-8.240592
Epoch: 663: 2022-04-27 13:11:20.792631
Epoch 664/1000, D_loss=0.345019, reward=-8.239969
Epoch: 664: 2022-04-27 13:12:23.333604
Epoch 665/1000, D_loss=0.345885, reward=-8.238864
Epoch: 665: 2022-04-27 13:13:26.218905
Epoch 666/1000, D_loss=0.344748, reward=-8.242105
Epoch: 666: 2022-04-27 13:14:29.342059
Epoch 667/1000, D_loss=0.345405, reward=-8.238558
Epoch: 667: 2022-04-27 13:15:32.303306
Epoch 668/1000, D_loss=0.345321, reward=-8.240431
Epoch: 668: 2022-04-27 13:16:35.305301
Epoch 669/1000, D_loss=0.345423, reward=-8.241057
Epoch: 669: 2022-04-27 13:17:38.272352
Epoch 670/1000, D_loss=0.343556, reward=-8.240855
Epoch: 670: 2022-04-27 13:18:41.093999
Epoch 671/1000, D_loss=0.344367, reward=-8.239655
Epoch: 671: 2022-04-27 13:19:44.239540
Epoch 672/1000, D_loss=0.345837, reward=-8.236510
Epoch: 672: 2022-04-27 13:20:47.752844
Epoch 673/1000, D_loss=0.346676, reward=-8.236139
Epoch: 673: 2022-04-27 13:21:50.838161
Epoch 674/1000, D_loss=0.345103, reward=-8.237861
Epoch: 674: 2022-04-27 13:22:54.037779
Epoch 675/1000, D_loss=0.344312, reward=-8.241885
Epoch: 675: 2022-04-27 13:23:57.381312
Epoch 676/1000, D_loss=0.345235, reward=-8.239600
Epoch: 676: 2022-04-27 13:25:00.599170
Epoch 677/1000, D_loss=0.344331, reward=-8.241746
Epoch: 677: 2022-04-27 13:26:03.553167
Epoch 678/1000, D_loss=0.344269, reward=-8.241318
Epoch: 678: 2022-04-27 13:27:06.885178
Epoch 679/1000, D_loss=0.345310, reward=-8.241105
Epoch: 679: 2022-04-27 13:28:09.816594
Epoch 680/1000, D_loss=0.346301, reward=-8.239644
Epoch: 680: 2022-04-27 13:29:13.166131
Epoch 681/1000, D_loss=0.345935, reward=-8.238671
Epoch: 681: 2022-04-27 13:30:16.150730
Epoch 682/1000, D_loss=0.345552, reward=-8.238157
Epoch: 682: 2022-04-27 13:31:19.638274
Epoch 683/1000, D_loss=0.345879, reward=-8.236771
Epoch: 683: 2022-04-27 13:32:22.330391
Epoch 684/1000, D_loss=0.345580, reward=-8.235168
Epoch: 684: 2022-04-27 13:33:24.893635
Epoch 685/1000, D_loss=0.343776, reward=-8.237277
Epoch: 685: 2022-04-27 13:34:27.636225
Epoch 686/1000, D_loss=0.344791, reward=-8.236671
Epoch: 686: 2022-04-27 13:35:30.645636
Epoch 687/1000, D_loss=0.345176, reward=-8.237742
Epoch: 687: 2022-04-27 13:36:33.164799
Epoch 688/1000, D_loss=0.345362, reward=-8.237245
Epoch: 688: 2022-04-27 13:37:35.865219
Epoch 689/1000, D_loss=0.344002, reward=-8.239985
Epoch: 689: 2022-04-27 13:38:39.168278
Epoch 690/1000, D_loss=0.345968, reward=-8.237506
Epoch: 690: 2022-04-27 13:39:42.567467
Epoch 691/1000, D_loss=0.346674, reward=-8.233792
Epoch: 691: 2022-04-27 13:40:45.491813
Epoch 692/1000, D_loss=0.347630, reward=-8.232327
Epoch: 692: 2022-04-27 13:41:48.507513
Epoch 693/1000, D_loss=0.346907, reward=-8.230637
Epoch: 693: 2022-04-27 13:42:52.085387
Epoch 694/1000, D_loss=0.345288, reward=-8.232165
Epoch: 694: 2022-04-27 13:43:54.872149
Epoch 695/1000, D_loss=0.347391, reward=-8.228716
Epoch: 695: 2022-04-27 13:44:57.753588
Epoch 696/1000, D_loss=0.345782, reward=-8.230567
Epoch: 696: 2022-04-27 13:46:00.669923
Epoch 697/1000, D_loss=0.346401, reward=-8.228863
Epoch: 697: 2022-04-27 13:47:05.639876
Epoch 698/1000, D_loss=0.346224, reward=-8.233557
Epoch: 698: 2022-04-27 13:48:11.422622
Epoch 699/1000, D_loss=0.345887, reward=-8.233225
Epoch: 699: 2022-04-27 13:49:15.316263
Epoch 700/1000, D_loss=0.345238, reward=-8.234034
Test_MRR=0.162800, Test_MR=3094.800522, Test_H@10=0.333065
Epoch: 700: 2022-04-27 14:01:48.242267
Epoch 701/1000, D_loss=0.345908, reward=-8.233491
Epoch: 701: 2022-04-27 14:02:51.446711
Epoch 702/1000, D_loss=0.346750, reward=-8.232290
Epoch: 702: 2022-04-27 14:03:51.939398
Epoch 703/1000, D_loss=0.346916, reward=-8.230914
Epoch: 703: 2022-04-27 14:04:53.118826
Epoch 704/1000, D_loss=0.346862, reward=-8.231304
Epoch: 704: 2022-04-27 14:05:56.766410
Epoch 705/1000, D_loss=0.346663, reward=-8.231486
Epoch: 705: 2022-04-27 14:06:57.342791
Epoch 706/1000, D_loss=0.345568, reward=-8.232609
Epoch: 706: 2022-04-27 14:07:57.509395
Epoch 707/1000, D_loss=0.346233, reward=-8.230945
Epoch: 707: 2022-04-27 14:08:57.731774
Epoch 708/1000, D_loss=0.347116, reward=-8.230673
Epoch: 708: 2022-04-27 14:09:57.657464
Epoch 709/1000, D_loss=0.347551, reward=-8.229636
Epoch: 709: 2022-04-27 14:10:58.039798
Epoch 710/1000, D_loss=0.348724, reward=-8.227345
Epoch: 710: 2022-04-27 14:11:58.277790
Epoch 711/1000, D_loss=0.347760, reward=-8.229696
Epoch: 711: 2022-04-27 14:12:58.251889
Epoch 712/1000, D_loss=0.347766, reward=-8.228783
Epoch: 712: 2022-04-27 14:13:58.201498
Epoch 713/1000, D_loss=0.347753, reward=-8.228504
Epoch: 713: 2022-04-27 14:14:58.533975
Epoch 714/1000, D_loss=0.347531, reward=-8.229081
Epoch: 714: 2022-04-27 14:15:58.569917
Epoch 715/1000, D_loss=0.345734, reward=-8.230100
Epoch: 715: 2022-04-27 14:17:04.072992
Epoch 716/1000, D_loss=0.346791, reward=-8.228376
Epoch: 716: 2022-04-27 14:18:08.349405
Epoch 717/1000, D_loss=0.346383, reward=-8.230018
Epoch: 717: 2022-04-27 14:19:09.073630
Epoch 718/1000, D_loss=0.345083, reward=-8.231784
Epoch: 718: 2022-04-27 14:20:10.376084
Epoch 719/1000, D_loss=0.347015, reward=-8.230873
Epoch: 719: 2022-04-27 14:21:11.290401
Epoch 720/1000, D_loss=0.346814, reward=-8.230626
Epoch: 720: 2022-04-27 14:22:11.942544
Epoch 721/1000, D_loss=0.347024, reward=-8.229831
Epoch: 721: 2022-04-27 14:23:11.894942
Epoch 722/1000, D_loss=0.347858, reward=-8.227365
Epoch: 722: 2022-04-27 14:24:12.121816
Epoch 723/1000, D_loss=0.346862, reward=-8.228130
Epoch: 723: 2022-04-27 14:25:16.175739
Epoch 724/1000, D_loss=0.346962, reward=-8.227519
Epoch: 724: 2022-04-27 14:26:22.893552
Epoch 725/1000, D_loss=0.345589, reward=-8.229717
Epoch: 725: 2022-04-27 14:27:23.364177
Epoch 726/1000, D_loss=0.346758, reward=-8.227331
Epoch: 726: 2022-04-27 14:28:24.180950
Epoch 727/1000, D_loss=0.346577, reward=-8.229154
Epoch: 727: 2022-04-27 14:29:24.820004
Epoch 728/1000, D_loss=0.345691, reward=-8.231056
Epoch: 728: 2022-04-27 14:30:24.275540
Epoch 729/1000, D_loss=0.346070, reward=-8.230771
Epoch: 729: 2022-04-27 14:31:24.833337
Epoch 730/1000, D_loss=0.347092, reward=-8.228907
Epoch: 730: 2022-04-27 14:32:25.307225
Epoch 731/1000, D_loss=0.346528, reward=-8.231383
Epoch: 731: 2022-04-27 14:33:25.841754
Epoch 732/1000, D_loss=0.346706, reward=-8.228398
Epoch: 732: 2022-04-27 14:34:27.300344
Epoch 733/1000, D_loss=0.346938, reward=-8.225057
Epoch: 733: 2022-04-27 14:35:29.470861
Epoch 734/1000, D_loss=0.346502, reward=-8.225838
Epoch: 734: 2022-04-27 14:36:30.704941
Epoch 735/1000, D_loss=0.346035, reward=-8.226087
Epoch: 735: 2022-04-27 14:37:30.881228
Epoch 736/1000, D_loss=0.348267, reward=-8.222672
Epoch: 736: 2022-04-27 14:38:30.374272
Epoch 737/1000, D_loss=0.345962, reward=-8.223778
Epoch: 737: 2022-04-27 14:39:30.417334
Epoch 738/1000, D_loss=0.347646, reward=-8.224865
Epoch: 738: 2022-04-27 14:40:31.374839
Epoch 739/1000, D_loss=0.347721, reward=-8.222736
Epoch: 739: 2022-04-27 14:41:33.262245
Epoch 740/1000, D_loss=0.347354, reward=-8.223345
Epoch: 740: 2022-04-27 14:42:34.519017
Epoch 741/1000, D_loss=0.346540, reward=-8.224715
Epoch: 741: 2022-04-27 14:43:34.549189
Epoch 742/1000, D_loss=0.347587, reward=-8.224000
Epoch: 742: 2022-04-27 14:44:35.065696
Epoch 743/1000, D_loss=0.347516, reward=-8.225388
Epoch: 743: 2022-04-27 14:45:38.262880
Epoch 744/1000, D_loss=0.348539, reward=-8.222404
Epoch: 744: 2022-04-27 14:46:39.807761
Epoch 745/1000, D_loss=0.347289, reward=-8.223448
Epoch: 745: 2022-04-27 14:47:41.811025
Epoch 746/1000, D_loss=0.347681, reward=-8.222667
Epoch: 746: 2022-04-27 14:48:42.806266
Epoch 747/1000, D_loss=0.346825, reward=-8.223516
Epoch: 747: 2022-04-27 14:49:43.683130
Epoch 748/1000, D_loss=0.346561, reward=-8.224334
Epoch: 748: 2022-04-27 14:50:45.488502
Epoch 749/1000, D_loss=0.348465, reward=-8.222957
Epoch: 749: 2022-04-27 14:51:47.744707
Epoch 750/1000, D_loss=0.347872, reward=-8.222071
Test_MRR=0.171659, Test_MR=2975.659803, Test_H@10=0.345621
Epoch: 750: 2022-04-27 15:04:24.611687
Epoch 751/1000, D_loss=0.348012, reward=-8.223342
Epoch: 751: 2022-04-27 15:05:26.251968
Epoch 752/1000, D_loss=0.349725, reward=-8.220242
Epoch: 752: 2022-04-27 15:06:29.131813
Epoch 753/1000, D_loss=0.348244, reward=-8.222482
Epoch: 753: 2022-04-27 15:07:29.723192
Epoch 754/1000, D_loss=0.348257, reward=-8.224799
Epoch: 754: 2022-04-27 15:08:29.733524
Epoch 755/1000, D_loss=0.349395, reward=-8.221217
Epoch: 755: 2022-04-27 15:09:29.678268
Epoch 756/1000, D_loss=0.349131, reward=-8.222672
Epoch: 756: 2022-04-27 15:10:30.260931
Epoch 757/1000, D_loss=0.348682, reward=-8.220743
Epoch: 757: 2022-04-27 15:11:30.598075
Epoch 758/1000, D_loss=0.349562, reward=-8.219818
Epoch: 758: 2022-04-27 15:12:30.379946
Epoch 759/1000, D_loss=0.351105, reward=-8.215549
Epoch: 759: 2022-04-27 15:13:30.134039
Epoch 760/1000, D_loss=0.348704, reward=-8.218762
Epoch: 760: 2022-04-27 15:14:30.249307
Epoch 761/1000, D_loss=0.349387, reward=-8.218091
Epoch: 761: 2022-04-27 15:15:31.676885
Epoch 762/1000, D_loss=0.350838, reward=-8.214143
Epoch: 762: 2022-04-27 15:16:33.934469
Epoch 763/1000, D_loss=0.348753, reward=-8.217627
Epoch: 763: 2022-04-27 15:17:34.344921
Epoch 764/1000, D_loss=0.349432, reward=-8.216611
Epoch: 764: 2022-04-27 15:18:34.439098
Epoch 765/1000, D_loss=0.349270, reward=-8.216724
Epoch: 765: 2022-04-27 15:19:34.241318
Epoch 766/1000, D_loss=0.348428, reward=-8.219115
Epoch: 766: 2022-04-27 15:20:36.919114
Epoch 767/1000, D_loss=0.348108, reward=-8.219094
Epoch: 767: 2022-04-27 15:21:37.722872
Epoch 768/1000, D_loss=0.349663, reward=-8.217486
Epoch: 768: 2022-04-27 15:22:37.187769
Epoch 769/1000, D_loss=0.350293, reward=-8.217884
Epoch: 769: 2022-04-27 15:23:37.927815
Epoch 770/1000, D_loss=0.349977, reward=-8.218581
Epoch: 770: 2022-04-27 15:24:38.504111
Epoch 771/1000, D_loss=0.349808, reward=-8.217982
Epoch: 771: 2022-04-27 15:25:38.922229
Epoch 772/1000, D_loss=0.350089, reward=-8.217910
Epoch: 772: 2022-04-27 15:26:39.673437
Epoch 773/1000, D_loss=0.350046, reward=-8.215967
Epoch: 773: 2022-04-27 15:27:39.214885
Epoch 774/1000, D_loss=0.348397, reward=-8.216673
Epoch: 774: 2022-04-27 15:28:38.662215
Epoch 775/1000, D_loss=0.349070, reward=-8.218277
Epoch: 775: 2022-04-27 15:29:39.352013
Epoch 776/1000, D_loss=0.349323, reward=-8.217044
Epoch: 776: 2022-04-27 15:30:39.767557
Epoch 777/1000, D_loss=0.349144, reward=-8.218297
Epoch: 777: 2022-04-27 15:31:40.143799
Epoch 778/1000, D_loss=0.348113, reward=-8.219882
Epoch: 778: 2022-04-27 15:32:41.137149
Epoch 779/1000, D_loss=0.348093, reward=-8.218750
Epoch: 779: 2022-04-27 15:33:41.860856
Epoch 780/1000, D_loss=0.348691, reward=-8.217682
Epoch: 780: 2022-04-27 15:34:42.260952
Epoch 781/1000, D_loss=0.348142, reward=-8.216947
Epoch: 781: 2022-04-27 15:35:42.578952
Epoch 782/1000, D_loss=0.346773, reward=-8.219066
Epoch: 782: 2022-04-27 15:36:43.455968
Epoch 783/1000, D_loss=0.346932, reward=-8.219043
Epoch: 783: 2022-04-27 15:37:46.101318
Epoch 784/1000, D_loss=0.347213, reward=-8.219076
Epoch: 784: 2022-04-27 15:38:47.466733
Epoch 785/1000, D_loss=0.347147, reward=-8.218636
Epoch: 785: 2022-04-27 15:39:48.158301
Epoch 786/1000, D_loss=0.346704, reward=-8.218191
Epoch: 786: 2022-04-27 15:40:48.452219
Epoch 787/1000, D_loss=0.346472, reward=-8.218773
Epoch: 787: 2022-04-27 15:41:49.890262
Epoch 788/1000, D_loss=0.347546, reward=-8.218220
Epoch: 788: 2022-04-27 15:42:51.452423
Epoch 789/1000, D_loss=0.347155, reward=-8.216809
Epoch: 789: 2022-04-27 15:43:53.426910
Epoch 790/1000, D_loss=0.348932, reward=-8.215564
Epoch: 790: 2022-04-27 15:44:54.840001
Epoch 791/1000, D_loss=0.346330, reward=-8.220550
Epoch: 791: 2022-04-27 15:45:54.849055
Epoch 792/1000, D_loss=0.348119, reward=-8.216268
Epoch: 792: 2022-04-27 15:46:54.240426
Epoch 793/1000, D_loss=0.349391, reward=-8.214112
Epoch: 793: 2022-04-27 15:47:55.397061
Epoch 794/1000, D_loss=0.348053, reward=-8.215287
Epoch: 794: 2022-04-27 15:48:55.103510
Epoch 795/1000, D_loss=0.349921, reward=-8.210920
Epoch: 795: 2022-04-27 15:49:55.272450
Epoch 796/1000, D_loss=0.349665, reward=-8.210506
Epoch: 796: 2022-04-27 15:50:54.864411
Epoch 797/1000, D_loss=0.349375, reward=-8.210355
Epoch: 797: 2022-04-27 15:51:56.075432
Epoch 798/1000, D_loss=0.348993, reward=-8.210441
Epoch: 798: 2022-04-27 15:52:56.244171
Epoch 799/1000, D_loss=0.348405, reward=-8.210255
Epoch: 799: 2022-04-27 15:53:56.208397
Epoch 800/1000, D_loss=0.348636, reward=-8.211252
Test_MRR=0.172077, Test_MR=3094.211631, Test_H@10=0.347127
Epoch: 800: 2022-04-27 16:06:35.535173
Epoch 801/1000, D_loss=0.348816, reward=-8.209966
Epoch: 801: 2022-04-27 16:07:36.267844
Epoch 802/1000, D_loss=0.349060, reward=-8.208891
Epoch: 802: 2022-04-27 16:08:36.072142
Epoch 803/1000, D_loss=0.349076, reward=-8.211317
Epoch: 803: 2022-04-27 16:09:36.506679
Epoch 804/1000, D_loss=0.349556, reward=-8.210522
Epoch: 804: 2022-04-27 16:10:37.457986
Epoch 805/1000, D_loss=0.349667, reward=-8.208687
Epoch: 805: 2022-04-27 16:11:38.839686
Epoch 806/1000, D_loss=0.349372, reward=-8.213508
Epoch: 806: 2022-04-27 16:12:40.583352
Epoch 807/1000, D_loss=0.348623, reward=-8.212501
Epoch: 807: 2022-04-27 16:13:42.162567
Epoch 808/1000, D_loss=0.348968, reward=-8.212045
Epoch: 808: 2022-04-27 16:14:43.194395
Epoch 809/1000, D_loss=0.350848, reward=-8.209132
Epoch: 809: 2022-04-27 16:15:44.655126
Epoch 810/1000, D_loss=0.351256, reward=-8.209624
Epoch: 810: 2022-04-27 16:16:47.492890
Epoch 811/1000, D_loss=0.351264, reward=-8.210011
Epoch: 811: 2022-04-27 16:17:49.203627
Epoch 812/1000, D_loss=0.351164, reward=-8.208991
Epoch: 812: 2022-04-27 16:18:49.538812
Epoch 813/1000, D_loss=0.351090, reward=-8.209235
Epoch: 813: 2022-04-27 16:19:51.089037
Epoch 814/1000, D_loss=0.351879, reward=-8.207987
Epoch: 814: 2022-04-27 16:20:53.809211
Epoch 815/1000, D_loss=0.352252, reward=-8.206759
Epoch: 815: 2022-04-27 16:21:56.656994
Epoch 816/1000, D_loss=0.351439, reward=-8.209253
Epoch: 816: 2022-04-27 16:22:58.211070
Epoch 817/1000, D_loss=0.350922, reward=-8.209085
Epoch: 817: 2022-04-27 16:23:59.299448
Epoch 818/1000, D_loss=0.352310, reward=-8.205922
Epoch: 818: 2022-04-27 16:24:59.712193
Epoch 819/1000, D_loss=0.351657, reward=-8.205932
Epoch: 819: 2022-04-27 16:26:01.522817
Epoch 820/1000, D_loss=0.352757, reward=-8.205022
Epoch: 820: 2022-04-27 16:27:02.425940
Epoch 821/1000, D_loss=0.352411, reward=-8.203413
Epoch: 821: 2022-04-27 16:28:04.415504
Epoch 822/1000, D_loss=0.351842, reward=-8.205601
Epoch: 822: 2022-04-27 16:29:05.353495
Epoch 823/1000, D_loss=0.353721, reward=-8.203207
Epoch: 823: 2022-04-27 16:30:07.043503
Epoch 824/1000, D_loss=0.351653, reward=-8.205837
Epoch: 824: 2022-04-27 16:31:07.606591
Epoch 825/1000, D_loss=0.353198, reward=-8.204041
Epoch: 825: 2022-04-27 16:32:09.299665
Epoch 826/1000, D_loss=0.352998, reward=-8.202157
Epoch: 826: 2022-04-27 16:33:09.346523
Epoch 827/1000, D_loss=0.352353, reward=-8.204393
Epoch: 827: 2022-04-27 16:34:09.291527
Epoch 828/1000, D_loss=0.351727, reward=-8.203341
Epoch: 828: 2022-04-27 16:35:09.037885
Epoch 829/1000, D_loss=0.349538, reward=-8.208309
Epoch: 829: 2022-04-27 16:36:10.599740
Epoch 830/1000, D_loss=0.350472, reward=-8.204622
Epoch: 830: 2022-04-27 16:37:11.613320
Epoch 831/1000, D_loss=0.350356, reward=-8.206293
Epoch: 831: 2022-04-27 16:38:12.563866
Epoch 832/1000, D_loss=0.348693, reward=-8.208853
Epoch: 832: 2022-04-27 16:39:13.588141
Epoch 833/1000, D_loss=0.349572, reward=-8.208262
Epoch: 833: 2022-04-27 16:40:14.878732
Epoch 834/1000, D_loss=0.348790, reward=-8.207237
Epoch: 834: 2022-04-27 16:41:15.931334
Epoch 835/1000, D_loss=0.348090, reward=-8.209678
Epoch: 835: 2022-04-27 16:42:16.980801
Epoch 836/1000, D_loss=0.348293, reward=-8.209936
Epoch: 836: 2022-04-27 16:43:19.149456
Epoch 837/1000, D_loss=0.347792, reward=-8.211221
Epoch: 837: 2022-04-27 16:44:22.051127
Epoch 838/1000, D_loss=0.348621, reward=-8.208517
Epoch: 838: 2022-04-27 16:45:23.802595
Epoch 839/1000, D_loss=0.348174, reward=-8.208585
Epoch: 839: 2022-04-27 16:46:26.598967
Epoch 840/1000, D_loss=0.348741, reward=-8.206882
Epoch: 840: 2022-04-27 16:47:27.261873
Epoch 841/1000, D_loss=0.348618, reward=-8.206508
Epoch: 841: 2022-04-27 16:48:29.732693
Epoch 842/1000, D_loss=0.348317, reward=-8.206935
Epoch: 842: 2022-04-27 16:49:30.575269
Epoch 843/1000, D_loss=0.348625, reward=-8.206951
Epoch: 843: 2022-04-27 16:50:31.587176
Epoch 844/1000, D_loss=0.349301, reward=-8.205587
Epoch: 844: 2022-04-27 16:51:32.439284
Epoch 845/1000, D_loss=0.348402, reward=-8.207740
Epoch: 845: 2022-04-27 16:52:34.235170
Epoch 846/1000, D_loss=0.349318, reward=-8.205666
Epoch: 846: 2022-04-27 16:53:35.459825
Epoch 847/1000, D_loss=0.348762, reward=-8.205202
Epoch: 847: 2022-04-27 16:54:36.653420
Epoch 848/1000, D_loss=0.348524, reward=-8.204530
Epoch: 848: 2022-04-27 16:55:37.297952
Epoch 849/1000, D_loss=0.348966, reward=-8.203357
Epoch: 849: 2022-04-27 16:56:37.813873
Epoch 850/1000, D_loss=0.347413, reward=-8.204710
Test_MRR=0.175594, Test_MR=2998.609582, Test_H@10=0.350944
Epoch: 850: 2022-04-27 17:09:31.303732
Epoch 851/1000, D_loss=0.348357, reward=-8.203115
Epoch: 851: 2022-04-27 17:10:31.604840
Epoch 852/1000, D_loss=0.349207, reward=-8.202541
Epoch: 852: 2022-04-27 17:11:32.850848
Epoch 853/1000, D_loss=0.348491, reward=-8.205373
Epoch: 853: 2022-04-27 17:12:33.998423
Epoch 854/1000, D_loss=0.348474, reward=-8.203991
Epoch: 854: 2022-04-27 17:13:36.162046
Epoch 855/1000, D_loss=0.350748, reward=-8.201374
Epoch: 855: 2022-04-27 17:14:38.986218
Epoch 856/1000, D_loss=0.349732, reward=-8.202005
Epoch: 856: 2022-04-27 17:15:40.393873
Epoch 857/1000, D_loss=0.350436, reward=-8.200282
Epoch: 857: 2022-04-27 17:16:41.315336
Epoch 858/1000, D_loss=0.349632, reward=-8.201186
Epoch: 858: 2022-04-27 17:17:42.406064
Epoch 859/1000, D_loss=0.348750, reward=-8.204059
Epoch: 859: 2022-04-27 17:18:43.769799
Epoch 860/1000, D_loss=0.351018, reward=-8.198455
Epoch: 860: 2022-04-27 17:19:44.744379
Epoch 861/1000, D_loss=0.350517, reward=-8.199621
Epoch: 861: 2022-04-27 17:20:45.160337
Epoch 862/1000, D_loss=0.351365, reward=-8.198600
Epoch: 862: 2022-04-27 17:21:46.008154
Epoch 863/1000, D_loss=0.351108, reward=-8.199827
Epoch: 863: 2022-04-27 17:22:47.339911
Epoch 864/1000, D_loss=0.351813, reward=-8.198602
Epoch: 864: 2022-04-27 17:23:48.158713
Epoch 865/1000, D_loss=0.351149, reward=-8.199499
Epoch: 865: 2022-04-27 17:24:49.256299
Epoch 866/1000, D_loss=0.351526, reward=-8.199284
Epoch: 866: 2022-04-27 17:25:50.540568
Epoch 867/1000, D_loss=0.351652, reward=-8.198028
Epoch: 867: 2022-04-27 17:26:51.327947
Epoch 868/1000, D_loss=0.351168, reward=-8.199133
Epoch: 868: 2022-04-27 17:27:51.745948
Epoch 869/1000, D_loss=0.350461, reward=-8.199774
Epoch: 869: 2022-04-27 17:28:53.594928
Epoch 870/1000, D_loss=0.351494, reward=-8.198859
Epoch: 870: 2022-04-27 17:29:55.712473
Epoch 871/1000, D_loss=0.351469, reward=-8.200235
Epoch: 871: 2022-04-27 17:30:57.001538
Epoch 872/1000, D_loss=0.352266, reward=-8.198944
Epoch: 872: 2022-04-27 17:31:58.262646
Epoch 873/1000, D_loss=0.352177, reward=-8.198253
Epoch: 873: 2022-04-27 17:32:59.367386
Epoch 874/1000, D_loss=0.351737, reward=-8.197513
Epoch: 874: 2022-04-27 17:34:00.866306
Epoch 875/1000, D_loss=0.352294, reward=-8.196782
Epoch: 875: 2022-04-27 17:35:01.230007
Epoch 876/1000, D_loss=0.352897, reward=-8.196836
Epoch: 876: 2022-04-27 17:36:01.386303
Epoch 877/1000, D_loss=0.352285, reward=-8.198263
Epoch: 877: 2022-04-27 17:37:01.872849
Epoch 878/1000, D_loss=0.352837, reward=-8.194160
Epoch: 878: 2022-04-27 17:38:02.998260
Epoch 879/1000, D_loss=0.351522, reward=-8.196699
Epoch: 879: 2022-04-27 17:39:04.341704
Epoch 880/1000, D_loss=0.351286, reward=-8.197376
Epoch: 880: 2022-04-27 17:40:05.292756
Epoch 881/1000, D_loss=0.352508, reward=-8.196264
Epoch: 881: 2022-04-27 17:41:06.040619
Epoch 882/1000, D_loss=0.352603, reward=-8.196411
Epoch: 882: 2022-04-27 17:42:07.042131
Epoch 883/1000, D_loss=0.351245, reward=-8.197762
Epoch: 883: 2022-04-27 17:43:08.095532
Epoch 884/1000, D_loss=0.351738, reward=-8.198499
Epoch: 884: 2022-04-27 17:44:08.487542
Epoch 885/1000, D_loss=0.352731, reward=-8.197636
Epoch: 885: 2022-04-27 17:45:09.288461
Epoch 886/1000, D_loss=0.351812, reward=-8.199319
Epoch: 886: 2022-04-27 17:46:11.236485
Epoch 887/1000, D_loss=0.353024, reward=-8.195555
Epoch: 887: 2022-04-27 17:47:12.858111
Epoch 888/1000, D_loss=0.352251, reward=-8.197185
Epoch: 888: 2022-04-27 17:48:14.672537
Epoch 889/1000, D_loss=0.354088, reward=-8.193178
Epoch: 889: 2022-04-27 17:49:16.307971
Epoch 890/1000, D_loss=0.353398, reward=-8.194836
Epoch: 890: 2022-04-27 17:50:17.711525
Epoch 891/1000, D_loss=0.352456, reward=-8.192428
Epoch: 891: 2022-04-27 17:51:19.366149
Epoch 892/1000, D_loss=0.354058, reward=-8.191871
Epoch: 892: 2022-04-27 17:52:20.563381
Epoch 893/1000, D_loss=0.353557, reward=-8.192838
Epoch: 893: 2022-04-27 17:53:22.290139
Epoch 894/1000, D_loss=0.351321, reward=-8.195534
Epoch: 894: 2022-04-27 17:54:24.187128
Epoch 895/1000, D_loss=0.351772, reward=-8.195634
Epoch: 895: 2022-04-27 17:55:25.450411
Epoch 896/1000, D_loss=0.349542, reward=-8.198639
Epoch: 896: 2022-04-27 17:56:26.187997
Epoch 897/1000, D_loss=0.351763, reward=-8.195198
Epoch: 897: 2022-04-27 17:57:26.701175
Epoch 898/1000, D_loss=0.351324, reward=-8.195309
Epoch: 898: 2022-04-27 17:58:27.825690
Epoch 899/1000, D_loss=0.351515, reward=-8.196237
Epoch: 899: 2022-04-27 17:59:29.178558
Epoch 900/1000, D_loss=0.354016, reward=-8.191320
Test_MRR=0.172294, Test_MR=3093.149960, Test_H@10=0.353857
Epoch: 900: 2022-04-27 18:11:27.781693
Epoch 901/1000, D_loss=0.352666, reward=-8.193951
Epoch: 901: 2022-04-27 18:12:29.041093
Epoch 902/1000, D_loss=0.351755, reward=-8.195305
Epoch: 902: 2022-04-27 18:13:30.252921
Epoch 903/1000, D_loss=0.351157, reward=-8.196471
Epoch: 903: 2022-04-27 18:14:31.433931
Epoch 904/1000, D_loss=0.351810, reward=-8.194755
Epoch: 904: 2022-04-27 18:15:32.598423
Epoch 905/1000, D_loss=0.351339, reward=-8.195851
Epoch: 905: 2022-04-27 18:16:33.897835
Epoch 906/1000, D_loss=0.351864, reward=-8.194674
Epoch: 906: 2022-04-27 18:17:36.222939
Epoch 907/1000, D_loss=0.349892, reward=-8.196698
Epoch: 907: 2022-04-27 18:18:38.147362
Epoch 908/1000, D_loss=0.350894, reward=-8.193714
Epoch: 908: 2022-04-27 18:19:40.087371
Epoch 909/1000, D_loss=0.350100, reward=-8.195292
Epoch: 909: 2022-04-27 18:20:41.751851
Epoch 910/1000, D_loss=0.350496, reward=-8.193211
Epoch: 910: 2022-04-27 18:21:43.052056
Epoch 911/1000, D_loss=0.350170, reward=-8.193672
Epoch: 911: 2022-04-27 18:22:44.386717
Epoch 912/1000, D_loss=0.351120, reward=-8.193161
Epoch: 912: 2022-04-27 18:23:45.289059
Epoch 913/1000, D_loss=0.352853, reward=-8.190028
Epoch: 913: 2022-04-27 18:24:46.093840
Epoch 914/1000, D_loss=0.352918, reward=-8.189252
Epoch: 914: 2022-04-27 18:25:48.034564
Epoch 915/1000, D_loss=0.352917, reward=-8.188091
Epoch: 915: 2022-04-27 18:26:49.881996
Epoch 916/1000, D_loss=0.352484, reward=-8.186343
Epoch: 916: 2022-04-27 18:27:52.164396
Epoch 917/1000, D_loss=0.351937, reward=-8.187412
Epoch: 917: 2022-04-27 18:28:54.054099
Epoch 918/1000, D_loss=0.351417, reward=-8.187572
Epoch: 918: 2022-04-27 18:29:56.010190
Epoch 919/1000, D_loss=0.354063, reward=-8.183882
Epoch: 919: 2022-04-27 18:30:57.542647
Epoch 920/1000, D_loss=0.351716, reward=-8.187311
Epoch: 920: 2022-04-27 18:31:58.360050
Epoch 921/1000, D_loss=0.352432, reward=-8.187818
Epoch: 921: 2022-04-27 18:32:59.645372
Epoch 922/1000, D_loss=0.352646, reward=-8.187185
Epoch: 922: 2022-04-27 18:34:01.162790
Epoch 923/1000, D_loss=0.350715, reward=-8.190723
Epoch: 923: 2022-04-27 18:35:03.085662
Epoch 924/1000, D_loss=0.352121, reward=-8.189165
Epoch: 924: 2022-04-27 18:36:04.861164
Epoch 925/1000, D_loss=0.352908, reward=-8.187385
Epoch: 925: 2022-04-27 18:37:06.353326
Epoch 926/1000, D_loss=0.353894, reward=-8.185905
Epoch: 926: 2022-04-27 18:38:08.557865
Epoch 927/1000, D_loss=0.353344, reward=-8.186701
Epoch: 927: 2022-04-27 18:39:10.775139
Epoch 928/1000, D_loss=0.352211, reward=-8.187633
Epoch: 928: 2022-04-27 18:40:13.453392
Epoch 929/1000, D_loss=0.352873, reward=-8.184530
Epoch: 929: 2022-04-27 18:41:15.874514
Epoch 930/1000, D_loss=0.352321, reward=-8.188191
Epoch: 930: 2022-04-27 18:42:18.454781
Epoch 931/1000, D_loss=0.352821, reward=-8.189924
Epoch: 931: 2022-04-27 18:43:21.124601
Epoch 932/1000, D_loss=0.353170, reward=-8.186824
Epoch: 932: 2022-04-27 18:44:23.614702
Epoch 933/1000, D_loss=0.352021, reward=-8.189963
Epoch: 933: 2022-04-27 18:45:25.912310
Epoch 934/1000, D_loss=0.353230, reward=-8.188110
Epoch: 934: 2022-04-27 18:46:27.812608
Epoch 935/1000, D_loss=0.352662, reward=-8.187404
Epoch: 935: 2022-04-27 18:47:29.801541
Epoch 936/1000, D_loss=0.350035, reward=-8.191316
Epoch: 936: 2022-04-27 18:48:31.724482
Epoch 937/1000, D_loss=0.351218, reward=-8.189694
Epoch: 937: 2022-04-27 18:49:33.711732
Epoch 938/1000, D_loss=0.352427, reward=-8.187503
Epoch: 938: 2022-04-27 18:50:36.477461
Epoch 939/1000, D_loss=0.353208, reward=-8.187556
Epoch: 939: 2022-04-27 18:51:39.707579
Epoch 940/1000, D_loss=0.352458, reward=-8.187072
Epoch: 940: 2022-04-27 18:52:41.817963
Epoch 941/1000, D_loss=0.352865, reward=-8.186608
Epoch: 941: 2022-04-27 18:53:42.635321
Epoch 942/1000, D_loss=0.353490, reward=-8.184896
Epoch: 942: 2022-04-27 18:54:43.498494
Epoch 943/1000, D_loss=0.352922, reward=-8.185438
Epoch: 943: 2022-04-27 18:55:44.935807
Epoch 944/1000, D_loss=0.353923, reward=-8.186181
Epoch: 944: 2022-04-27 18:56:45.917572
Epoch 945/1000, D_loss=0.353818, reward=-8.185481
Epoch: 945: 2022-04-27 18:57:47.209766
Epoch 946/1000, D_loss=0.353248, reward=-8.187105
Epoch: 946: 2022-04-27 18:58:49.289620
Epoch 947/1000, D_loss=0.353393, reward=-8.186423
Epoch: 947: 2022-04-27 18:59:51.510870
Epoch 948/1000, D_loss=0.353181, reward=-8.187192
Epoch: 948: 2022-04-27 19:00:53.517714
Epoch 949/1000, D_loss=0.353129, reward=-8.184566
Epoch: 949: 2022-04-27 19:01:55.121290
Epoch 950/1000, D_loss=0.352120, reward=-8.186584
Test_MRR=0.168769, Test_MR=3169.589494, Test_H@10=0.346424
Epoch: 950: 2022-04-27 19:14:28.959086
Epoch 951/1000, D_loss=0.352345, reward=-8.187399
Epoch: 951: 2022-04-27 19:15:31.279723
Epoch 952/1000, D_loss=0.353018, reward=-8.187573
Epoch: 952: 2022-04-27 19:16:33.534259
Epoch 953/1000, D_loss=0.352804, reward=-8.187760
Epoch: 953: 2022-04-27 19:17:35.729440
Epoch 954/1000, D_loss=0.351019, reward=-8.191725
Epoch: 954: 2022-04-27 19:18:37.505318
Epoch 955/1000, D_loss=0.354788, reward=-8.188173
Epoch: 955: 2022-04-27 19:19:40.081759
Epoch 956/1000, D_loss=0.353104, reward=-8.187469
Epoch: 956: 2022-04-27 19:20:42.966266
Epoch 957/1000, D_loss=0.352857, reward=-8.188498
Epoch: 957: 2022-04-27 19:21:45.003651
Epoch 958/1000, D_loss=0.353274, reward=-8.186745
Epoch: 958: 2022-04-27 19:22:46.827155
Epoch 959/1000, D_loss=0.353686, reward=-8.185182
Epoch: 959: 2022-04-27 19:23:48.387337
Epoch 960/1000, D_loss=0.353642, reward=-8.183337
Epoch: 960: 2022-04-27 19:24:50.686567
Epoch 961/1000, D_loss=0.353075, reward=-8.183713
Epoch: 961: 2022-04-27 19:25:52.095189
Epoch 962/1000, D_loss=0.353516, reward=-8.181785
Epoch: 962: 2022-04-27 19:26:54.056347
Epoch 963/1000, D_loss=0.355128, reward=-8.181006
Epoch: 963: 2022-04-27 19:27:55.151557
Epoch 964/1000, D_loss=0.354321, reward=-8.181606
Epoch: 964: 2022-04-27 19:28:56.506473
Epoch 965/1000, D_loss=0.353844, reward=-8.181437
Epoch: 965: 2022-04-27 19:29:57.603137
Epoch 966/1000, D_loss=0.354121, reward=-8.181610
Epoch: 966: 2022-04-27 19:30:59.113322
Epoch 967/1000, D_loss=0.353306, reward=-8.180441
Epoch: 967: 2022-04-27 19:32:00.646204
Epoch 968/1000, D_loss=0.353650, reward=-8.180120
Epoch: 968: 2022-04-27 19:33:02.499437
Epoch 969/1000, D_loss=0.353686, reward=-8.179185
Epoch: 969: 2022-04-27 19:34:04.201717
Epoch 970/1000, D_loss=0.352574, reward=-8.182427
Epoch: 970: 2022-04-27 19:35:06.269475
Epoch 971/1000, D_loss=0.352804, reward=-8.181935
Epoch: 971: 2022-04-27 19:36:07.656859
Epoch 972/1000, D_loss=0.351897, reward=-8.181039
Epoch: 972: 2022-04-27 19:37:09.267196
Epoch 973/1000, D_loss=0.353402, reward=-8.180358
Epoch: 973: 2022-04-27 19:38:10.554756
Epoch 974/1000, D_loss=0.351420, reward=-8.183907
Epoch: 974: 2022-04-27 19:39:12.060887
Epoch 975/1000, D_loss=0.351604, reward=-8.186571
Epoch: 975: 2022-04-27 19:40:13.752099
Epoch 976/1000, D_loss=0.354019, reward=-8.181708
Epoch: 976: 2022-04-27 19:41:15.628954
Epoch 977/1000, D_loss=0.352407, reward=-8.182647
Epoch: 977: 2022-04-27 19:42:17.780101
Epoch 978/1000, D_loss=0.352683, reward=-8.180902
Epoch: 978: 2022-04-27 19:43:19.822616
Epoch 979/1000, D_loss=0.352313, reward=-8.181889
Epoch: 979: 2022-04-27 19:44:21.915984
Epoch 980/1000, D_loss=0.352783, reward=-8.181865
Epoch: 980: 2022-04-27 19:45:24.277925
Epoch 981/1000, D_loss=0.353101, reward=-8.180640
Epoch: 981: 2022-04-27 19:46:26.719889
Epoch 982/1000, D_loss=0.353036, reward=-8.180844
Epoch: 982: 2022-04-27 19:47:29.500898
Epoch 983/1000, D_loss=0.353282, reward=-8.179086
Epoch: 983: 2022-04-27 19:48:32.362309
Epoch 984/1000, D_loss=0.352675, reward=-8.180490
Epoch: 984: 2022-04-27 19:49:34.144361
Epoch 985/1000, D_loss=0.354358, reward=-8.178973
Epoch: 985: 2022-04-27 19:50:36.400833
Epoch 986/1000, D_loss=0.354415, reward=-8.177290
Epoch: 986: 2022-04-27 19:51:38.108924
Epoch 987/1000, D_loss=0.354655, reward=-8.177431
Epoch: 987: 2022-04-27 19:52:39.793500
Epoch 988/1000, D_loss=0.355030, reward=-8.175600
Epoch: 988: 2022-04-27 19:53:41.541320
Epoch 989/1000, D_loss=0.352941, reward=-8.178683
Epoch: 989: 2022-04-27 19:54:43.341344
Epoch 990/1000, D_loss=0.354653, reward=-8.176594
Epoch: 990: 2022-04-27 19:55:45.826620
Epoch 991/1000, D_loss=0.354228, reward=-8.178540
Epoch: 991: 2022-04-27 19:56:48.116123
Epoch 992/1000, D_loss=0.355650, reward=-8.177420
Epoch: 992: 2022-04-27 19:57:50.410398
Epoch 993/1000, D_loss=0.354140, reward=-8.180112
Epoch: 993: 2022-04-27 19:58:52.004103
Epoch 994/1000, D_loss=0.355377, reward=-8.179855
Epoch: 994: 2022-04-27 19:59:53.396095
Epoch 995/1000, D_loss=0.354841, reward=-8.178802
Epoch: 995: 2022-04-27 20:00:56.172861
Epoch 996/1000, D_loss=0.354156, reward=-8.178414
Epoch: 996: 2022-04-27 20:01:58.222806
Epoch 997/1000, D_loss=0.353520, reward=-8.180163
Epoch: 997: 2022-04-27 20:02:59.753786
Epoch 998/1000, D_loss=0.353920, reward=-8.179931
Epoch: 998: 2022-04-27 20:04:02.997896
Epoch 999/1000, D_loss=0.354355, reward=-8.178585
Epoch: 999: 2022-04-27 20:05:06.535829
Epoch 1000/1000, D_loss=0.355654, reward=-8.175278
Test_MRR=0.174143, Test_MR=3063.773202, Test_H@10=0.349036
Best Performance:
Test_MRR=0.174560, Test_MR=2960.249498, Test_H@10=0.349358
