pretrain_config=TransE
g_config=ComplEx
d_config=TransD
test_batch_size=100
task.dir=kinship
task.type=link
adv.use_pretrained_models=False
adv.n_sample=20
adv.sample_type=original
adv.measure_type=entropy
adv.n_epoch=1000
adv.n_batch=100
adv.epoch_per_test=10
adv.temperature=1.0
TransE.dim=50
TransE.margin=3
TransE.p=1
TransE.n_epoch=1000
TransE.n_batch=100
TransE.epoch_per_test=10
TransE.model_file=transe.mdl
TransD.dim=50
TransD.margin=3
TransD.p=1
TransD.n_epoch=1000
TransD.n_batch=100
TransD.epoch_per_test=10
TransD.model_file=transd.mdl
DistMult.dim=50
DistMult.lam=0.1
DistMult.n_sample=20
DistMult.sample_freq=1
DistMult.n_epoch=1000
DistMult.n_batch=100
DistMult.epoch_per_test=10
DistMult.model_file=distmult.mdl
ComplEx.dim=25
ComplEx.lam=0.1
ComplEx.n_sample=20
ComplEx.sample_freq=1
ComplEx.n_epoch=1000
ComplEx.n_batch=100
ComplEx.epoch_per_test=10
ComplEx.model_file=complex.mdl
log.dump_config=False
log.log_train=True
log.log_config=True
log.dir=./logs
log.log_advtrain_graphs=True
log.log_pretrain_graph=True
log.graph_every_nth_epoch=10
2022-04-20 13:37:29.916017
Test_MRR=0.045385, Test_MR=48.617318, Test_H@10=0.102886
Epoch: 0: 2022-04-20 13:37:31.252915
Epoch 1/1000, D_loss=3.039972, reward=-9.690474
Epoch: 1: 2022-04-20 13:37:32.649301
Epoch 2/1000, D_loss=3.002185, reward=-9.586178
Epoch: 2: 2022-04-20 13:37:33.971874
Epoch 3/1000, D_loss=2.932560, reward=-9.549177
Epoch: 3: 2022-04-20 13:37:35.173685
Epoch 4/1000, D_loss=2.859471, reward=-9.535454
Epoch: 4: 2022-04-20 13:37:36.392875
Epoch 5/1000, D_loss=2.787551, reward=-9.501516
Epoch: 5: 2022-04-20 13:37:37.687499
Epoch 6/1000, D_loss=2.685319, reward=-9.515391
Epoch: 6: 2022-04-20 13:37:39.081857
Epoch 7/1000, D_loss=2.604563, reward=-9.507360
Epoch: 7: 2022-04-20 13:37:40.439227
Epoch 8/1000, D_loss=2.470561, reward=-9.551972
Epoch: 8: 2022-04-20 13:37:41.759243
Epoch 9/1000, D_loss=2.405989, reward=-9.566473
Epoch: 9: 2022-04-20 13:37:43.060408
Epoch 10/1000, D_loss=2.348207, reward=-9.583254
Test_MRR=0.070338, Test_MR=35.865169, Test_H@10=0.175094
Epoch: 10: 2022-04-20 13:37:45.442386
Epoch 11/1000, D_loss=2.318997, reward=-9.579626
Epoch: 11: 2022-04-20 13:37:46.663233
Epoch 12/1000, D_loss=2.263281, reward=-9.609879
Epoch: 12: 2022-04-20 13:37:47.642825
Epoch 13/1000, D_loss=2.222367, reward=-9.597347
Epoch: 13: 2022-04-20 13:37:48.619598
Epoch 14/1000, D_loss=2.182288, reward=-9.609916
Epoch: 14: 2022-04-20 13:37:49.858057
Epoch 15/1000, D_loss=2.153522, reward=-9.587362
Epoch: 15: 2022-04-20 13:37:51.104846
Epoch 16/1000, D_loss=2.124476, reward=-9.593718
Epoch: 16: 2022-04-20 13:37:52.361720
Epoch 17/1000, D_loss=2.106216, reward=-9.587293
Epoch: 17: 2022-04-20 13:37:53.635105
Epoch 18/1000, D_loss=2.065336, reward=-9.613930
Epoch: 18: 2022-04-20 13:37:54.905931
Epoch 19/1000, D_loss=2.024012, reward=-9.639288
Epoch: 19: 2022-04-20 13:37:56.089187
Epoch 20/1000, D_loss=2.009644, reward=-9.643121
Test_MRR=0.121692, Test_MR=28.211610, Test_H@10=0.306648
Epoch: 20: 2022-04-20 13:37:58.702629
Epoch 21/1000, D_loss=1.984736, reward=-9.629774
Epoch: 21: 2022-04-20 13:37:59.935046
Epoch 22/1000, D_loss=1.953004, reward=-9.639292
Epoch: 22: 2022-04-20 13:38:00.971277
Epoch 23/1000, D_loss=1.949220, reward=-9.614081
Epoch: 23: 2022-04-20 13:38:02.249068
Epoch 24/1000, D_loss=1.946476, reward=-9.583673
Epoch: 24: 2022-04-20 13:38:03.498067
Epoch 25/1000, D_loss=1.907405, reward=-9.557020
Epoch: 25: 2022-04-20 13:38:04.775988
Epoch 26/1000, D_loss=1.914089, reward=-9.505867
Epoch: 26: 2022-04-20 13:38:06.102907
Epoch 27/1000, D_loss=1.907602, reward=-9.453189
Epoch: 27: 2022-04-20 13:38:07.395279
Epoch 28/1000, D_loss=1.890481, reward=-9.435139
Epoch: 28: 2022-04-20 13:38:08.593836
Epoch 29/1000, D_loss=1.914495, reward=-9.344346
Epoch: 29: 2022-04-20 13:38:09.806923
Epoch 30/1000, D_loss=1.897581, reward=-9.312244
Test_MRR=0.187857, Test_MR=21.930712, Test_H@10=0.457865
Epoch: 30: 2022-04-20 13:38:12.473892
Epoch 31/1000, D_loss=1.931603, reward=-9.226228
Epoch: 31: 2022-04-20 13:38:13.880430
Epoch 32/1000, D_loss=1.967792, reward=-9.106329
Epoch: 32: 2022-04-20 13:38:15.143822
Epoch 33/1000, D_loss=1.975050, reward=-9.028422
Epoch: 33: 2022-04-20 13:38:16.338723
Epoch 34/1000, D_loss=1.974749, reward=-8.984247
Epoch: 34: 2022-04-20 13:38:17.615872
Epoch 35/1000, D_loss=2.002239, reward=-8.897925
Epoch: 35: 2022-04-20 13:38:18.865504
Epoch 36/1000, D_loss=2.018965, reward=-8.811574
Epoch: 36: 2022-04-20 13:38:20.078697
Epoch 37/1000, D_loss=2.063221, reward=-8.678571
Epoch: 37: 2022-04-20 13:38:21.257972
Epoch 38/1000, D_loss=2.073391, reward=-8.615033
Epoch: 38: 2022-04-20 13:38:22.448613
Epoch 39/1000, D_loss=2.092120, reward=-8.541022
Epoch: 39: 2022-04-20 13:38:23.757476
Epoch 40/1000, D_loss=2.114736, reward=-8.454257
Test_MRR=0.234579, Test_MR=18.534644, Test_H@10=0.538858
Epoch: 40: 2022-04-20 13:38:26.345215
Epoch 41/1000, D_loss=2.110179, reward=-8.393761
Epoch: 41: 2022-04-20 13:38:27.625977
Epoch 42/1000, D_loss=2.126660, reward=-8.340737
Epoch: 42: 2022-04-20 13:38:28.857512
Epoch 43/1000, D_loss=2.151037, reward=-8.272909
Epoch: 43: 2022-04-20 13:38:30.087941
Epoch 44/1000, D_loss=2.156403, reward=-8.215631
Epoch: 44: 2022-04-20 13:38:31.342039
Epoch 45/1000, D_loss=2.179487, reward=-8.153085
Epoch: 45: 2022-04-20 13:38:32.652214
Epoch 46/1000, D_loss=2.182169, reward=-8.123393
Epoch: 46: 2022-04-20 13:38:33.915338
Epoch 47/1000, D_loss=2.203691, reward=-8.061893
Epoch: 47: 2022-04-20 13:38:35.115115
Epoch 48/1000, D_loss=2.213592, reward=-7.999089
Epoch: 48: 2022-04-20 13:38:36.095112
Epoch 49/1000, D_loss=2.222028, reward=-7.960586
Epoch: 49: 2022-04-20 13:38:37.088432
Epoch 50/1000, D_loss=2.219525, reward=-7.945975
Test_MRR=0.242282, Test_MR=17.781367, Test_H@10=0.546816
Epoch: 50: 2022-04-20 13:38:39.540367
Epoch 51/1000, D_loss=2.254721, reward=-7.881095
Epoch: 51: 2022-04-20 13:38:40.811656
Epoch 52/1000, D_loss=2.231966, reward=-7.871804
Epoch: 52: 2022-04-20 13:38:42.120714
Epoch 53/1000, D_loss=2.245120, reward=-7.838868
Epoch: 53: 2022-04-20 13:38:43.247192
Epoch 54/1000, D_loss=2.255690, reward=-7.800638
Epoch: 54: 2022-04-20 13:38:44.444062
Epoch 55/1000, D_loss=2.253539, reward=-7.781561
Epoch: 55: 2022-04-20 13:38:45.672643
Epoch 56/1000, D_loss=2.271589, reward=-7.749026
Epoch: 56: 2022-04-20 13:38:46.869852
Epoch 57/1000, D_loss=2.266063, reward=-7.737091
Epoch: 57: 2022-04-20 13:38:47.869867
Epoch 58/1000, D_loss=2.284746, reward=-7.709581
Epoch: 58: 2022-04-20 13:38:49.036314
Epoch 59/1000, D_loss=2.271833, reward=-7.716074
Epoch: 59: 2022-04-20 13:38:50.131101
Epoch 60/1000, D_loss=2.278911, reward=-7.702214
Test_MRR=0.248518, Test_MR=17.716292, Test_H@10=0.535581
Epoch: 60: 2022-04-20 13:38:52.546942
Epoch 61/1000, D_loss=2.291470, reward=-7.671991
Epoch: 61: 2022-04-20 13:38:53.898560
Epoch 62/1000, D_loss=2.298788, reward=-7.647985
Epoch: 62: 2022-04-20 13:38:55.093129
Epoch 63/1000, D_loss=2.301874, reward=-7.640515
Epoch: 63: 2022-04-20 13:38:56.310661
Epoch 64/1000, D_loss=2.299353, reward=-7.646148
Epoch: 64: 2022-04-20 13:38:57.547379
Epoch 65/1000, D_loss=2.309443, reward=-7.615541
Epoch: 65: 2022-04-20 13:38:58.599157
Epoch 66/1000, D_loss=2.286584, reward=-7.645199
Epoch: 66: 2022-04-20 13:38:59.692105
Epoch 67/1000, D_loss=2.310921, reward=-7.606485
Epoch: 67: 2022-04-20 13:39:00.924880
Epoch 68/1000, D_loss=2.324270, reward=-7.586898
Epoch: 68: 2022-04-20 13:39:02.157999
Epoch 69/1000, D_loss=2.358864, reward=-7.545135
Epoch: 69: 2022-04-20 13:39:03.333101
Epoch 70/1000, D_loss=2.322199, reward=-7.588014
Test_MRR=0.252358, Test_MR=17.782772, Test_H@10=0.522472
Epoch: 70: 2022-04-20 13:39:05.959858
Epoch 71/1000, D_loss=2.342159, reward=-7.551635
Epoch: 71: 2022-04-20 13:39:07.118736
Epoch 72/1000, D_loss=2.343982, reward=-7.540219
Epoch: 72: 2022-04-20 13:39:08.221855
Epoch 73/1000, D_loss=2.367120, reward=-7.499918
Epoch: 73: 2022-04-20 13:39:09.207006
Epoch 74/1000, D_loss=2.376679, reward=-7.477076
Epoch: 74: 2022-04-20 13:39:10.197609
Epoch 75/1000, D_loss=2.366968, reward=-7.480765
Epoch: 75: 2022-04-20 13:39:11.428521
Epoch 76/1000, D_loss=2.374187, reward=-7.470784
Epoch: 76: 2022-04-20 13:39:12.698308
Epoch 77/1000, D_loss=2.390913, reward=-7.457965
Epoch: 77: 2022-04-20 13:39:13.957322
Epoch 78/1000, D_loss=2.399419, reward=-7.444336
Epoch: 78: 2022-04-20 13:39:15.215466
Epoch 79/1000, D_loss=2.395870, reward=-7.429443
Epoch: 79: 2022-04-20 13:39:16.471360
Epoch 80/1000, D_loss=2.402930, reward=-7.420621
Test_MRR=0.259630, Test_MR=17.490637, Test_H@10=0.534176
Epoch: 80: 2022-04-20 13:39:19.105426
Epoch 81/1000, D_loss=2.408771, reward=-7.406065
Epoch: 81: 2022-04-20 13:39:20.305145
Epoch 82/1000, D_loss=2.404818, reward=-7.401651
Epoch: 82: 2022-04-20 13:39:21.498344
Epoch 83/1000, D_loss=2.429436, reward=-7.376496
Epoch: 83: 2022-04-20 13:39:22.725274
Epoch 84/1000, D_loss=2.403363, reward=-7.404531
Epoch: 84: 2022-04-20 13:39:24.021573
Epoch 85/1000, D_loss=2.438337, reward=-7.357957
Epoch: 85: 2022-04-20 13:39:24.996161
Epoch 86/1000, D_loss=2.447741, reward=-7.345621
Epoch: 86: 2022-04-20 13:39:26.265325
Epoch 87/1000, D_loss=2.434794, reward=-7.359856
Epoch: 87: 2022-04-20 13:39:27.522417
Epoch 88/1000, D_loss=2.427811, reward=-7.370607
Epoch: 88: 2022-04-20 13:39:28.741045
Epoch 89/1000, D_loss=2.428417, reward=-7.356340
Epoch: 89: 2022-04-20 13:39:29.957670
Epoch 90/1000, D_loss=2.417058, reward=-7.378395
Test_MRR=0.257828, Test_MR=17.758895, Test_H@10=0.530899
Epoch: 90: 2022-04-20 13:39:32.274256
Epoch 91/1000, D_loss=2.436515, reward=-7.356596
Epoch: 91: 2022-04-20 13:39:33.499668
Epoch 92/1000, D_loss=2.452321, reward=-7.331005
Epoch: 92: 2022-04-20 13:39:34.742905
Epoch 93/1000, D_loss=2.438160, reward=-7.347675
Epoch: 93: 2022-04-20 13:39:35.975953
Epoch 94/1000, D_loss=2.445286, reward=-7.351970
Epoch: 94: 2022-04-20 13:39:37.221323
Epoch 95/1000, D_loss=2.448115, reward=-7.349474
Epoch: 95: 2022-04-20 13:39:38.417602
Epoch 96/1000, D_loss=2.467473, reward=-7.339348
Epoch: 96: 2022-04-20 13:39:39.648843
Epoch 97/1000, D_loss=2.459301, reward=-7.343194
Epoch: 97: 2022-04-20 13:39:40.884094
Epoch 98/1000, D_loss=2.474416, reward=-7.323797
Epoch: 98: 2022-04-20 13:39:42.115739
Epoch 99/1000, D_loss=2.478059, reward=-7.321539
Epoch: 99: 2022-04-20 13:39:43.243363
Epoch 100/1000, D_loss=2.501100, reward=-7.300231
Test_MRR=0.248150, Test_MR=18.455524, Test_H@10=0.514513
Epoch: 100: 2022-04-20 13:39:45.872735
Epoch 101/1000, D_loss=2.487345, reward=-7.314868
Epoch: 101: 2022-04-20 13:39:47.104526
Epoch 102/1000, D_loss=2.493920, reward=-7.303347
Epoch: 102: 2022-04-20 13:39:48.290226
Epoch 103/1000, D_loss=2.489917, reward=-7.315855
Epoch: 103: 2022-04-20 13:39:49.429976
Epoch 104/1000, D_loss=2.499953, reward=-7.311120
Epoch: 104: 2022-04-20 13:39:50.663875
Epoch 105/1000, D_loss=2.504012, reward=-7.305266
Epoch: 105: 2022-04-20 13:39:51.896223
Epoch 106/1000, D_loss=2.501354, reward=-7.309477
Epoch: 106: 2022-04-20 13:39:53.190991
Epoch 107/1000, D_loss=2.509640, reward=-7.299306
Epoch: 107: 2022-04-20 13:39:54.400161
Epoch 108/1000, D_loss=2.511806, reward=-7.286451
Epoch: 108: 2022-04-20 13:39:55.629985
Epoch 109/1000, D_loss=2.545443, reward=-7.249321
Epoch: 109: 2022-04-20 13:39:56.860695
Epoch 110/1000, D_loss=2.516456, reward=-7.283266
Test_MRR=0.247120, Test_MR=19.516386, Test_H@10=0.503745
Epoch: 110: 2022-04-20 13:39:59.517525
Epoch 111/1000, D_loss=2.520963, reward=-7.277630
Epoch: 111: 2022-04-20 13:40:00.753333
Epoch 112/1000, D_loss=2.541325, reward=-7.251822
Epoch: 112: 2022-04-20 13:40:01.964888
Epoch 113/1000, D_loss=2.524052, reward=-7.282674
Epoch: 113: 2022-04-20 13:40:03.109716
Epoch 114/1000, D_loss=2.559499, reward=-7.245454
Epoch: 114: 2022-04-20 13:40:04.229599
Epoch 115/1000, D_loss=2.554202, reward=-7.249455
Epoch: 115: 2022-04-20 13:40:05.351228
Epoch 116/1000, D_loss=2.545380, reward=-7.276011
Epoch: 116: 2022-04-20 13:40:06.432139
Epoch 117/1000, D_loss=2.579575, reward=-7.238305
Epoch: 117: 2022-04-20 13:40:07.491783
Epoch 118/1000, D_loss=2.557589, reward=-7.264604
Epoch: 118: 2022-04-20 13:40:08.647067
Epoch 119/1000, D_loss=2.558177, reward=-7.274999
Epoch: 119: 2022-04-20 13:40:09.703175
Epoch 120/1000, D_loss=2.583881, reward=-7.257346
Test_MRR=0.228208, Test_MR=20.816011, Test_H@10=0.473783
Epoch: 120: 2022-04-20 13:40:12.269296
Epoch 121/1000, D_loss=2.583284, reward=-7.250285
Epoch: 121: 2022-04-20 13:40:13.434421
Epoch 122/1000, D_loss=2.574723, reward=-7.258844
Epoch: 122: 2022-04-20 13:40:14.424682
Epoch 123/1000, D_loss=2.572702, reward=-7.265186
Epoch: 123: 2022-04-20 13:40:15.407553
Epoch 124/1000, D_loss=2.597351, reward=-7.243582
Epoch: 124: 2022-04-20 13:40:16.386901
Epoch 125/1000, D_loss=2.588129, reward=-7.258696
Epoch: 125: 2022-04-20 13:40:17.437229
Epoch 126/1000, D_loss=2.597938, reward=-7.258232
Epoch: 126: 2022-04-20 13:40:18.671819
Epoch 127/1000, D_loss=2.600281, reward=-7.264787
Epoch: 127: 2022-04-20 13:40:19.898542
Epoch 128/1000, D_loss=2.583814, reward=-7.281518
Epoch: 128: 2022-04-20 13:40:21.056341
Epoch 129/1000, D_loss=2.618719, reward=-7.256991
Epoch: 129: 2022-04-20 13:40:22.293227
Epoch 130/1000, D_loss=2.611473, reward=-7.268816
Test_MRR=0.212963, Test_MR=22.160581, Test_H@10=0.445225
Epoch: 130: 2022-04-20 13:40:24.695421
Epoch 131/1000, D_loss=2.619081, reward=-7.263777
Epoch: 131: 2022-04-20 13:40:25.841206
Epoch 132/1000, D_loss=2.629645, reward=-7.253960
Epoch: 132: 2022-04-20 13:40:26.992750
Epoch 133/1000, D_loss=2.617113, reward=-7.277202
Epoch: 133: 2022-04-20 13:40:28.105811
Epoch 134/1000, D_loss=2.650544, reward=-7.245361
Epoch: 134: 2022-04-20 13:40:29.216591
Epoch 135/1000, D_loss=2.628633, reward=-7.267190
Epoch: 135: 2022-04-20 13:40:30.327952
Epoch 136/1000, D_loss=2.638197, reward=-7.262950
Epoch: 136: 2022-04-20 13:40:31.438966
Epoch 137/1000, D_loss=2.639024, reward=-7.283507
Epoch: 137: 2022-04-20 13:40:32.551198
Epoch 138/1000, D_loss=2.649659, reward=-7.284811
Epoch: 138: 2022-04-20 13:40:33.771242
Epoch 139/1000, D_loss=2.648070, reward=-7.295633
Epoch: 139: 2022-04-20 13:40:34.963896
Epoch 140/1000, D_loss=2.663061, reward=-7.277223
Test_MRR=0.190103, Test_MR=24.329120, Test_H@10=0.397472
Epoch: 140: 2022-04-20 13:40:37.607399
Epoch 141/1000, D_loss=2.645984, reward=-7.305151
Epoch: 141: 2022-04-20 13:40:38.857146
Epoch 142/1000, D_loss=2.665850, reward=-7.288380
Epoch: 142: 2022-04-20 13:40:40.021880
Epoch 143/1000, D_loss=2.662172, reward=-7.296982
Epoch: 143: 2022-04-20 13:40:41.259782
Epoch 144/1000, D_loss=2.678543, reward=-7.291121
Epoch: 144: 2022-04-20 13:40:42.498560
Epoch 145/1000, D_loss=2.662252, reward=-7.315266
Epoch: 145: 2022-04-20 13:40:43.789206
Epoch 146/1000, D_loss=2.684880, reward=-7.289089
Epoch: 146: 2022-04-20 13:40:45.010402
Epoch 147/1000, D_loss=2.676345, reward=-7.302764
Epoch: 147: 2022-04-20 13:40:46.233401
Epoch 148/1000, D_loss=2.685498, reward=-7.302775
Epoch: 148: 2022-04-20 13:40:47.436297
Epoch 149/1000, D_loss=2.673337, reward=-7.315958
Epoch: 149: 2022-04-20 13:40:48.614042
Epoch 150/1000, D_loss=2.687400, reward=-7.304117
Test_MRR=0.172033, Test_MR=25.562266, Test_H@10=0.368914
Epoch: 150: 2022-04-20 13:40:50.874598
Epoch 151/1000, D_loss=2.692466, reward=-7.306691
Epoch: 151: 2022-04-20 13:40:51.999299
Epoch 152/1000, D_loss=2.713136, reward=-7.293479
Epoch: 152: 2022-04-20 13:40:53.097161
Epoch 153/1000, D_loss=2.689529, reward=-7.327754
Epoch: 153: 2022-04-20 13:40:54.204616
Epoch 154/1000, D_loss=2.706729, reward=-7.313905
Epoch: 154: 2022-04-20 13:40:55.352030
Epoch 155/1000, D_loss=2.696121, reward=-7.333283
Epoch: 155: 2022-04-20 13:40:56.347668
Epoch 156/1000, D_loss=2.702036, reward=-7.336185
Epoch: 156: 2022-04-20 13:40:57.343173
Epoch 157/1000, D_loss=2.708430, reward=-7.333327
Epoch: 157: 2022-04-20 13:40:58.507651
Epoch 158/1000, D_loss=2.718620, reward=-7.331188
Epoch: 158: 2022-04-20 13:40:59.663952
Epoch 159/1000, D_loss=2.715795, reward=-7.341050
Epoch: 159: 2022-04-20 13:41:00.899875
Epoch 160/1000, D_loss=2.712586, reward=-7.355809
Test_MRR=0.161175, Test_MR=26.944757, Test_H@10=0.353933
Epoch: 160: 2022-04-20 13:41:03.287931
Epoch 161/1000, D_loss=2.714552, reward=-7.357221
Epoch: 161: 2022-04-20 13:41:04.429233
Epoch 162/1000, D_loss=2.718161, reward=-7.350961
Epoch: 162: 2022-04-20 13:41:05.661009
Epoch 163/1000, D_loss=2.730019, reward=-7.348961
Epoch: 163: 2022-04-20 13:41:06.884211
Epoch 164/1000, D_loss=2.722018, reward=-7.357085
Epoch: 164: 2022-04-20 13:41:08.100578
Epoch 165/1000, D_loss=2.719105, reward=-7.366785
Epoch: 165: 2022-04-20 13:41:09.331604
Epoch 166/1000, D_loss=2.732759, reward=-7.362148
Epoch: 166: 2022-04-20 13:41:10.412912
Epoch 167/1000, D_loss=2.723577, reward=-7.379605
Epoch: 167: 2022-04-20 13:41:11.471835
Epoch 168/1000, D_loss=2.738047, reward=-7.368328
Epoch: 168: 2022-04-20 13:41:12.645410
Epoch 169/1000, D_loss=2.738722, reward=-7.366627
Epoch: 169: 2022-04-20 13:41:13.826301
Epoch 170/1000, D_loss=2.739097, reward=-7.366988
Test_MRR=0.145180, Test_MR=28.196161, Test_H@10=0.318820
Epoch: 170: 2022-04-20 13:41:16.212487
Epoch 171/1000, D_loss=2.747183, reward=-7.357472
Epoch: 171: 2022-04-20 13:41:17.445660
Epoch 172/1000, D_loss=2.733649, reward=-7.375143
Epoch: 172: 2022-04-20 13:41:18.631415
Epoch 173/1000, D_loss=2.717847, reward=-7.403123
Epoch: 173: 2022-04-20 13:41:19.789271
Epoch 174/1000, D_loss=2.743786, reward=-7.376742
Epoch: 174: 2022-04-20 13:41:20.956043
Epoch 175/1000, D_loss=2.728925, reward=-7.388697
Epoch: 175: 2022-04-20 13:41:22.062836
Epoch 176/1000, D_loss=2.745141, reward=-7.369316
Epoch: 176: 2022-04-20 13:41:23.143183
Epoch 177/1000, D_loss=2.740067, reward=-7.378603
Epoch: 177: 2022-04-20 13:41:24.234640
Epoch 178/1000, D_loss=2.717087, reward=-7.415688
Epoch: 178: 2022-04-20 13:41:25.472408
Epoch 179/1000, D_loss=2.752773, reward=-7.388357
Epoch: 179: 2022-04-20 13:41:26.703811
Epoch 180/1000, D_loss=2.754636, reward=-7.382729
Test_MRR=0.132544, Test_MR=29.665730, Test_H@10=0.293539
Epoch: 180: 2022-04-20 13:41:29.339840
Epoch 181/1000, D_loss=2.751490, reward=-7.389239
Epoch: 181: 2022-04-20 13:41:30.563191
Epoch 182/1000, D_loss=2.751476, reward=-7.389018
Epoch: 182: 2022-04-20 13:41:31.746587
Epoch 183/1000, D_loss=2.751982, reward=-7.397955
Epoch: 183: 2022-04-20 13:41:32.748400
Epoch 184/1000, D_loss=2.747989, reward=-7.405190
Epoch: 184: 2022-04-20 13:41:33.916250
Epoch 185/1000, D_loss=2.755598, reward=-7.399567
Epoch: 185: 2022-04-20 13:41:35.181931
Epoch 186/1000, D_loss=2.747167, reward=-7.414387
Epoch: 186: 2022-04-20 13:41:36.317370
Epoch 187/1000, D_loss=2.762300, reward=-7.391308
Epoch: 187: 2022-04-20 13:41:37.451449
Epoch 188/1000, D_loss=2.757302, reward=-7.396563
Epoch: 188: 2022-04-20 13:41:38.573276
Epoch 189/1000, D_loss=2.758192, reward=-7.378171
Epoch: 189: 2022-04-20 13:41:39.673005
Epoch 190/1000, D_loss=2.771658, reward=-7.359718
Test_MRR=0.129569, Test_MR=30.901685, Test_H@10=0.279026
Epoch: 190: 2022-04-20 13:41:41.865792
Epoch 191/1000, D_loss=2.758299, reward=-7.366897
Epoch: 191: 2022-04-20 13:41:43.089374
Epoch 192/1000, D_loss=2.751863, reward=-7.379129
Epoch: 192: 2022-04-20 13:41:44.246375
Epoch 193/1000, D_loss=2.764342, reward=-7.369527
Epoch: 193: 2022-04-20 13:41:45.477405
Epoch 194/1000, D_loss=2.756588, reward=-7.373755
Epoch: 194: 2022-04-20 13:41:46.709174
Epoch 195/1000, D_loss=2.767570, reward=-7.368005
Epoch: 195: 2022-04-20 13:41:47.927816
Epoch 196/1000, D_loss=2.754870, reward=-7.385146
Epoch: 196: 2022-04-20 13:41:49.157381
Epoch 197/1000, D_loss=2.784999, reward=-7.350085
Epoch: 197: 2022-04-20 13:41:50.388610
Epoch 198/1000, D_loss=2.775470, reward=-7.355895
Epoch: 198: 2022-04-20 13:41:51.612850
Epoch 199/1000, D_loss=2.755948, reward=-7.360550
Epoch: 199: 2022-04-20 13:41:52.841586
Epoch 200/1000, D_loss=2.778079, reward=-7.341138
Test_MRR=0.132255, Test_MR=30.870318, Test_H@10=0.286049
Epoch: 200: 2022-04-20 13:41:55.497096
Epoch 201/1000, D_loss=2.767324, reward=-7.358377
Epoch: 201: 2022-04-20 13:41:56.728368
Epoch 202/1000, D_loss=2.784782, reward=-7.345056
Epoch: 202: 2022-04-20 13:41:57.963191
Epoch 203/1000, D_loss=2.782587, reward=-7.352136
Epoch: 203: 2022-04-20 13:41:59.183696
Epoch 204/1000, D_loss=2.765843, reward=-7.364732
Epoch: 204: 2022-04-20 13:42:00.412139
Epoch 205/1000, D_loss=2.777945, reward=-7.355271
Epoch: 205: 2022-04-20 13:42:01.705830
Epoch 206/1000, D_loss=2.758104, reward=-7.379307
Epoch: 206: 2022-04-20 13:42:02.869685
Epoch 207/1000, D_loss=2.757215, reward=-7.394994
Epoch: 207: 2022-04-20 13:42:04.022899
Epoch 208/1000, D_loss=2.759522, reward=-7.392871
Epoch: 208: 2022-04-20 13:42:05.309049
Epoch 209/1000, D_loss=2.777915, reward=-7.377949
Epoch: 209: 2022-04-20 13:42:06.473512
Epoch 210/1000, D_loss=2.771056, reward=-7.395696
Test_MRR=0.126728, Test_MR=31.315543, Test_H@10=0.284644
Epoch: 210: 2022-04-20 13:42:08.699109
Epoch 211/1000, D_loss=2.786917, reward=-7.377542
Epoch: 211: 2022-04-20 13:42:09.805325
Epoch 212/1000, D_loss=2.770825, reward=-7.388545
Epoch: 212: 2022-04-20 13:42:10.904870
Epoch 213/1000, D_loss=2.787064, reward=-7.372955
Epoch: 213: 2022-04-20 13:42:12.129891
Epoch 214/1000, D_loss=2.784154, reward=-7.375198
Epoch: 214: 2022-04-20 13:42:13.359605
Epoch 215/1000, D_loss=2.778436, reward=-7.375844
Epoch: 215: 2022-04-20 13:42:14.649482
Epoch 216/1000, D_loss=2.791265, reward=-7.351649
Epoch: 216: 2022-04-20 13:42:15.800464
Epoch 217/1000, D_loss=2.780350, reward=-7.364699
Epoch: 217: 2022-04-20 13:42:16.931039
Epoch 218/1000, D_loss=2.782983, reward=-7.359656
Epoch: 218: 2022-04-20 13:42:18.068499
Epoch 219/1000, D_loss=2.781626, reward=-7.351521
Epoch: 219: 2022-04-20 13:42:19.173970
Epoch 220/1000, D_loss=2.786881, reward=-7.348486
Test_MRR=0.121242, Test_MR=32.022472, Test_H@10=0.275281
Epoch: 220: 2022-04-20 13:42:21.358875
Epoch 221/1000, D_loss=2.780844, reward=-7.354855
Epoch: 221: 2022-04-20 13:42:22.592121
Epoch 222/1000, D_loss=2.781180, reward=-7.358605
Epoch: 222: 2022-04-20 13:42:23.796797
Epoch 223/1000, D_loss=2.800063, reward=-7.352259
Epoch: 223: 2022-04-20 13:42:25.041720
Epoch 224/1000, D_loss=2.788434, reward=-7.371582
Epoch: 224: 2022-04-20 13:42:26.276165
Epoch 225/1000, D_loss=2.782749, reward=-7.387658
Epoch: 225: 2022-04-20 13:42:27.526363
Epoch 226/1000, D_loss=2.789884, reward=-7.375009
Epoch: 226: 2022-04-20 13:42:28.746540
Epoch 227/1000, D_loss=2.799347, reward=-7.359794
Epoch: 227: 2022-04-20 13:42:29.979446
Epoch 228/1000, D_loss=2.789490, reward=-7.368220
Epoch: 228: 2022-04-20 13:42:31.103534
Epoch 229/1000, D_loss=2.821418, reward=-7.343443
Epoch: 229: 2022-04-20 13:42:32.092423
Epoch 230/1000, D_loss=2.804225, reward=-7.356694
Test_MRR=0.121516, Test_MR=32.170412, Test_H@10=0.263109
Epoch: 230: 2022-04-20 13:42:34.689757
Epoch 231/1000, D_loss=2.786871, reward=-7.372151
Epoch: 231: 2022-04-20 13:42:35.926905
Epoch 232/1000, D_loss=2.812947, reward=-7.343330
Epoch: 232: 2022-04-20 13:42:37.162814
Epoch 233/1000, D_loss=2.790296, reward=-7.364831
Epoch: 233: 2022-04-20 13:42:38.397611
Epoch 234/1000, D_loss=2.782177, reward=-7.383940
Epoch: 234: 2022-04-20 13:42:39.619181
Epoch 235/1000, D_loss=2.789268, reward=-7.381416
Epoch: 235: 2022-04-20 13:42:40.848020
Epoch 236/1000, D_loss=2.793023, reward=-7.373856
Epoch: 236: 2022-04-20 13:42:42.083984
Epoch 237/1000, D_loss=2.799130, reward=-7.366454
Epoch: 237: 2022-04-20 13:42:43.349891
Epoch 238/1000, D_loss=2.812718, reward=-7.343506
Epoch: 238: 2022-04-20 13:42:44.537461
Epoch 239/1000, D_loss=2.806193, reward=-7.347551
Epoch: 239: 2022-04-20 13:42:45.700976
Epoch 240/1000, D_loss=2.814907, reward=-7.333131
Test_MRR=0.123075, Test_MR=32.673221, Test_H@10=0.262640
Epoch: 240: 2022-04-20 13:42:47.924548
Epoch 241/1000, D_loss=2.815672, reward=-7.333266
Epoch: 241: 2022-04-20 13:42:49.155045
Epoch 242/1000, D_loss=2.793982, reward=-7.359062
Epoch: 242: 2022-04-20 13:42:50.360162
Epoch 243/1000, D_loss=2.800776, reward=-7.348714
Epoch: 243: 2022-04-20 13:42:51.538109
Epoch 244/1000, D_loss=2.807387, reward=-7.328974
Epoch: 244: 2022-04-20 13:42:52.719568
Epoch 245/1000, D_loss=2.806857, reward=-7.335478
Epoch: 245: 2022-04-20 13:42:53.923666
Epoch 246/1000, D_loss=2.796136, reward=-7.343909
Epoch: 246: 2022-04-20 13:42:55.153788
Epoch 247/1000, D_loss=2.793852, reward=-7.341708
Epoch: 247: 2022-04-20 13:42:56.374927
Epoch 248/1000, D_loss=2.798120, reward=-7.334554
Epoch: 248: 2022-04-20 13:42:57.606055
Epoch 249/1000, D_loss=2.804630, reward=-7.328384
Epoch: 249: 2022-04-20 13:42:58.832775
Epoch 250/1000, D_loss=2.804204, reward=-7.333415
Test_MRR=0.118533, Test_MR=33.183052, Test_H@10=0.253277
Epoch: 250: 2022-04-20 13:43:01.477772
Epoch 251/1000, D_loss=2.798496, reward=-7.331964
Epoch: 251: 2022-04-20 13:43:02.706991
Epoch 252/1000, D_loss=2.813302, reward=-7.312908
Epoch: 252: 2022-04-20 13:43:03.737290
Epoch 253/1000, D_loss=2.821733, reward=-7.302262
Epoch: 253: 2022-04-20 13:43:04.994415
Epoch 254/1000, D_loss=2.803322, reward=-7.316044
Epoch: 254: 2022-04-20 13:43:06.209973
Epoch 255/1000, D_loss=2.803885, reward=-7.321310
Epoch: 255: 2022-04-20 13:43:07.423060
Epoch 256/1000, D_loss=2.805953, reward=-7.316973
Epoch: 256: 2022-04-20 13:43:08.683741
Epoch 257/1000, D_loss=2.806067, reward=-7.314527
Epoch: 257: 2022-04-20 13:43:09.872876
Epoch 258/1000, D_loss=2.804070, reward=-7.317964
Epoch: 258: 2022-04-20 13:43:11.111005
Epoch 259/1000, D_loss=2.800771, reward=-7.326246
Epoch: 259: 2022-04-20 13:43:12.345967
Epoch 260/1000, D_loss=2.818710, reward=-7.304406
Test_MRR=0.117792, Test_MR=32.975187, Test_H@10=0.252341
Epoch: 260: 2022-04-20 13:43:14.731712
Epoch 261/1000, D_loss=2.814429, reward=-7.310130
Epoch: 261: 2022-04-20 13:43:15.972028
Epoch 262/1000, D_loss=2.826251, reward=-7.295921
Epoch: 262: 2022-04-20 13:43:17.023480
Epoch 263/1000, D_loss=2.829257, reward=-7.292356
Epoch: 263: 2022-04-20 13:43:18.041616
Epoch 264/1000, D_loss=2.813607, reward=-7.308464
Epoch: 264: 2022-04-20 13:43:19.059846
Epoch 265/1000, D_loss=2.822882, reward=-7.301405
Epoch: 265: 2022-04-20 13:43:20.078326
Epoch 266/1000, D_loss=2.820823, reward=-7.309772
Epoch: 266: 2022-04-20 13:43:21.099611
Epoch 267/1000, D_loss=2.818851, reward=-7.315735
Epoch: 267: 2022-04-20 13:43:22.128683
Epoch 268/1000, D_loss=2.823885, reward=-7.314108
Epoch: 268: 2022-04-20 13:43:23.296853
Epoch 269/1000, D_loss=2.822417, reward=-7.315513
Epoch: 269: 2022-04-20 13:43:24.403549
Epoch 270/1000, D_loss=2.821808, reward=-7.304092
Test_MRR=0.112841, Test_MR=32.504213, Test_H@10=0.260768
Epoch: 270: 2022-04-20 13:43:26.741201
Epoch 271/1000, D_loss=2.832230, reward=-7.289948
Epoch: 271: 2022-04-20 13:43:27.983397
Epoch 272/1000, D_loss=2.831002, reward=-7.294111
Epoch: 272: 2022-04-20 13:43:29.186816
Epoch 273/1000, D_loss=2.822700, reward=-7.288794
Epoch: 273: 2022-04-20 13:43:30.388886
Epoch 274/1000, D_loss=2.815039, reward=-7.298663
Epoch: 274: 2022-04-20 13:43:31.594179
Epoch 275/1000, D_loss=2.827968, reward=-7.293948
Epoch: 275: 2022-04-20 13:43:32.841823
Epoch 276/1000, D_loss=2.843392, reward=-7.267707
Epoch: 276: 2022-04-20 13:43:33.830002
Epoch 277/1000, D_loss=2.821231, reward=-7.288126
Epoch: 277: 2022-04-20 13:43:35.042062
Epoch 278/1000, D_loss=2.817262, reward=-7.287336
Epoch: 278: 2022-04-20 13:43:36.259505
Epoch 279/1000, D_loss=2.832950, reward=-7.278286
Epoch: 279: 2022-04-20 13:43:37.464465
Epoch 280/1000, D_loss=2.819056, reward=-7.289278
Test_MRR=0.113777, Test_MR=32.411985, Test_H@10=0.261704
Epoch: 280: 2022-04-20 13:43:39.727969
Epoch 281/1000, D_loss=2.819243, reward=-7.278981
Epoch: 281: 2022-04-20 13:43:41.000210
Epoch 282/1000, D_loss=2.837305, reward=-7.262914
Epoch: 282: 2022-04-20 13:43:42.235998
Epoch 283/1000, D_loss=2.828045, reward=-7.267400
Epoch: 283: 2022-04-20 13:43:43.430182
Epoch 284/1000, D_loss=2.827552, reward=-7.275599
Epoch: 284: 2022-04-20 13:43:44.602383
Epoch 285/1000, D_loss=2.831125, reward=-7.266038
Epoch: 285: 2022-04-20 13:43:45.891232
Epoch 286/1000, D_loss=2.833017, reward=-7.259974
Epoch: 286: 2022-04-20 13:43:47.082388
Epoch 287/1000, D_loss=2.831084, reward=-7.264874
Epoch: 287: 2022-04-20 13:43:48.240938
Epoch 288/1000, D_loss=2.809733, reward=-7.284698
Epoch: 288: 2022-04-20 13:43:49.372031
Epoch 289/1000, D_loss=2.841408, reward=-7.259027
Epoch: 289: 2022-04-20 13:43:50.510491
Epoch 290/1000, D_loss=2.826274, reward=-7.285096
Test_MRR=0.110169, Test_MR=33.009363, Test_H@10=0.255618
Epoch: 290: 2022-04-20 13:43:52.719518
Epoch 291/1000, D_loss=2.827356, reward=-7.282087
Epoch: 291: 2022-04-20 13:43:53.959582
Epoch 292/1000, D_loss=2.828217, reward=-7.280824
Epoch: 292: 2022-04-20 13:43:55.185078
Epoch 293/1000, D_loss=2.810509, reward=-7.300838
Epoch: 293: 2022-04-20 13:43:56.414628
Epoch 294/1000, D_loss=2.828245, reward=-7.283931
Epoch: 294: 2022-04-20 13:43:57.713522
Epoch 295/1000, D_loss=2.822881, reward=-7.286095
Epoch: 295: 2022-04-20 13:43:58.928815
Epoch 296/1000, D_loss=2.834047, reward=-7.267823
Epoch: 296: 2022-04-20 13:44:00.125677
Epoch 297/1000, D_loss=2.832973, reward=-7.256889
Epoch: 297: 2022-04-20 13:44:01.410006
Epoch 298/1000, D_loss=2.848567, reward=-7.243391
Epoch: 298: 2022-04-20 13:44:02.538133
Epoch 299/1000, D_loss=2.822167, reward=-7.257461
Epoch: 299: 2022-04-20 13:44:03.681112
Epoch 300/1000, D_loss=2.830180, reward=-7.248796
Test_MRR=0.118355, Test_MR=32.216760, Test_H@10=0.264513
Epoch: 300: 2022-04-20 13:44:05.946222
Epoch 301/1000, D_loss=2.829064, reward=-7.252962
Epoch: 301: 2022-04-20 13:44:07.172106
Epoch 302/1000, D_loss=2.836152, reward=-7.242246
Epoch: 302: 2022-04-20 13:44:08.361240
Epoch 303/1000, D_loss=2.826760, reward=-7.257086
Epoch: 303: 2022-04-20 13:44:09.544686
Epoch 304/1000, D_loss=2.843689, reward=-7.228901
Epoch: 304: 2022-04-20 13:44:10.808527
Epoch 305/1000, D_loss=2.830459, reward=-7.231308
Epoch: 305: 2022-04-20 13:44:12.042146
Epoch 306/1000, D_loss=2.835773, reward=-7.217142
Epoch: 306: 2022-04-20 13:44:13.274050
Epoch 307/1000, D_loss=2.836792, reward=-7.213030
Epoch: 307: 2022-04-20 13:44:14.505391
Epoch 308/1000, D_loss=2.830839, reward=-7.217544
Epoch: 308: 2022-04-20 13:44:15.733809
Epoch 309/1000, D_loss=2.829612, reward=-7.232327
Epoch: 309: 2022-04-20 13:44:16.967502
Epoch 310/1000, D_loss=2.828839, reward=-7.234782
Test_MRR=0.114498, Test_MR=31.680712, Test_H@10=0.272004
Epoch: 310: 2022-04-20 13:44:19.455942
Epoch 311/1000, D_loss=2.834620, reward=-7.232781
Epoch: 311: 2022-04-20 13:44:20.455981
Epoch 312/1000, D_loss=2.829957, reward=-7.233593
Epoch: 312: 2022-04-20 13:44:21.452619
Epoch 313/1000, D_loss=2.837957, reward=-7.224376
Epoch: 313: 2022-04-20 13:44:22.524384
Epoch 314/1000, D_loss=2.843710, reward=-7.220904
Epoch: 314: 2022-04-20 13:44:23.577403
Epoch 315/1000, D_loss=2.828156, reward=-7.240620
Epoch: 315: 2022-04-20 13:44:24.563734
Epoch 316/1000, D_loss=2.838319, reward=-7.235677
Epoch: 316: 2022-04-20 13:44:25.657007
Epoch 317/1000, D_loss=2.835695, reward=-7.242781
Epoch: 317: 2022-04-20 13:44:26.887214
Epoch 318/1000, D_loss=2.827968, reward=-7.244458
Epoch: 318: 2022-04-20 13:44:28.062613
Epoch 319/1000, D_loss=2.832946, reward=-7.251696
Epoch: 319: 2022-04-20 13:44:29.291605
Epoch 320/1000, D_loss=2.836073, reward=-7.264403
Test_MRR=0.112562, Test_MR=31.892322, Test_H@10=0.262640
Epoch: 320: 2022-04-20 13:44:31.950144
Epoch 321/1000, D_loss=2.837167, reward=-7.267766
Epoch: 321: 2022-04-20 13:44:33.185153
Epoch 322/1000, D_loss=2.834370, reward=-7.267878
Epoch: 322: 2022-04-20 13:44:34.419969
Epoch 323/1000, D_loss=2.837600, reward=-7.251367
Epoch: 323: 2022-04-20 13:44:35.650478
Epoch 324/1000, D_loss=2.836505, reward=-7.253381
Epoch: 324: 2022-04-20 13:44:36.883087
Epoch 325/1000, D_loss=2.841483, reward=-7.242204
Epoch: 325: 2022-04-20 13:44:38.114485
Epoch 326/1000, D_loss=2.838216, reward=-7.245413
Epoch: 326: 2022-04-20 13:44:39.344513
Epoch 327/1000, D_loss=2.838027, reward=-7.243341
Epoch: 327: 2022-04-20 13:44:40.578114
Epoch 328/1000, D_loss=2.837877, reward=-7.242029
Epoch: 328: 2022-04-20 13:44:41.808733
Epoch 329/1000, D_loss=2.831887, reward=-7.239625
Epoch: 329: 2022-04-20 13:44:42.999592
Epoch 330/1000, D_loss=2.834122, reward=-7.236170
Test_MRR=0.112898, Test_MR=32.006554, Test_H@10=0.257022
Epoch: 330: 2022-04-20 13:44:45.630778
Epoch 331/1000, D_loss=2.837169, reward=-7.234509
Epoch: 331: 2022-04-20 13:44:46.861247
Epoch 332/1000, D_loss=2.826164, reward=-7.250717
Epoch: 332: 2022-04-20 13:44:48.022013
Epoch 333/1000, D_loss=2.839658, reward=-7.233805
Epoch: 333: 2022-04-20 13:44:49.005044
Epoch 334/1000, D_loss=2.826626, reward=-7.252946
Epoch: 334: 2022-04-20 13:44:50.117826
Epoch 335/1000, D_loss=2.826507, reward=-7.252062
Epoch: 335: 2022-04-20 13:44:51.101508
Epoch 336/1000, D_loss=2.844974, reward=-7.224365
Epoch: 336: 2022-04-20 13:44:52.259539
Epoch 337/1000, D_loss=2.833644, reward=-7.230134
Epoch: 337: 2022-04-20 13:44:53.366010
Epoch 338/1000, D_loss=2.826299, reward=-7.235503
Epoch: 338: 2022-04-20 13:44:54.373423
Epoch 339/1000, D_loss=2.837369, reward=-7.222770
Epoch: 339: 2022-04-20 13:44:55.663552
Epoch 340/1000, D_loss=2.833758, reward=-7.234745
Test_MRR=0.112808, Test_MR=31.497659, Test_H@10=0.258895
Epoch: 340: 2022-04-20 13:44:58.161405
Epoch 341/1000, D_loss=2.837129, reward=-7.232721
Epoch: 341: 2022-04-20 13:44:59.359576
Epoch 342/1000, D_loss=2.835257, reward=-7.227095
Epoch: 342: 2022-04-20 13:45:00.586676
Epoch 343/1000, D_loss=2.841852, reward=-7.214224
Epoch: 343: 2022-04-20 13:45:01.924740
Epoch 344/1000, D_loss=2.839226, reward=-7.213718
Epoch: 344: 2022-04-20 13:45:03.150083
Epoch 345/1000, D_loss=2.824777, reward=-7.235682
Epoch: 345: 2022-04-20 13:45:04.320328
Epoch 346/1000, D_loss=2.843228, reward=-7.219419
Epoch: 346: 2022-04-20 13:45:05.608583
Epoch 347/1000, D_loss=2.830658, reward=-7.236305
Epoch: 347: 2022-04-20 13:45:06.801036
Epoch 348/1000, D_loss=2.840722, reward=-7.219447
Epoch: 348: 2022-04-20 13:45:07.971774
Epoch 349/1000, D_loss=2.839847, reward=-7.220245
Epoch: 349: 2022-04-20 13:45:09.077703
Epoch 350/1000, D_loss=2.849521, reward=-7.211812
Test_MRR=0.111735, Test_MR=31.172285, Test_H@10=0.266854
Epoch: 350: 2022-04-20 13:45:11.346965
Epoch 351/1000, D_loss=2.833205, reward=-7.225201
Epoch: 351: 2022-04-20 13:45:12.495727
Epoch 352/1000, D_loss=2.833663, reward=-7.232299
Epoch: 352: 2022-04-20 13:45:13.565381
Epoch 353/1000, D_loss=2.832186, reward=-7.216224
Epoch: 353: 2022-04-20 13:45:14.806970
Epoch 354/1000, D_loss=2.835593, reward=-7.206355
Epoch: 354: 2022-04-20 13:45:16.042912
Epoch 355/1000, D_loss=2.832351, reward=-7.212656
Epoch: 355: 2022-04-20 13:45:17.277768
Epoch 356/1000, D_loss=2.852886, reward=-7.190584
Epoch: 356: 2022-04-20 13:45:18.512583
Epoch 357/1000, D_loss=2.834270, reward=-7.208642
Epoch: 357: 2022-04-20 13:45:19.678684
Epoch 358/1000, D_loss=2.841959, reward=-7.210717
Epoch: 358: 2022-04-20 13:45:20.917109
Epoch 359/1000, D_loss=2.832163, reward=-7.213475
Epoch: 359: 2022-04-20 13:45:22.180013
Epoch 360/1000, D_loss=2.842670, reward=-7.211766
Test_MRR=0.114561, Test_MR=31.431180, Test_H@10=0.263577
Epoch: 360: 2022-04-20 13:45:24.711339
Epoch 361/1000, D_loss=2.833985, reward=-7.214228
Epoch: 361: 2022-04-20 13:45:25.955047
Epoch 362/1000, D_loss=2.846262, reward=-7.194139
Epoch: 362: 2022-04-20 13:45:27.174759
Epoch 363/1000, D_loss=2.841982, reward=-7.181683
Epoch: 363: 2022-04-20 13:45:28.351513
Epoch 364/1000, D_loss=2.830548, reward=-7.188369
Epoch: 364: 2022-04-20 13:45:29.600333
Epoch 365/1000, D_loss=2.850339, reward=-7.169569
Epoch: 365: 2022-04-20 13:45:30.837908
Epoch 366/1000, D_loss=2.847977, reward=-7.179404
Epoch: 366: 2022-04-20 13:45:32.097175
Epoch 367/1000, D_loss=2.844238, reward=-7.183147
Epoch: 367: 2022-04-20 13:45:33.241933
Epoch 368/1000, D_loss=2.848421, reward=-7.180798
Epoch: 368: 2022-04-20 13:45:34.519911
Epoch 369/1000, D_loss=2.835838, reward=-7.191948
Epoch: 369: 2022-04-20 13:45:35.752626
Epoch 370/1000, D_loss=2.835011, reward=-7.201656
Test_MRR=0.115204, Test_MR=30.877341, Test_H@10=0.268258
Epoch: 370: 2022-04-20 13:45:38.080522
Epoch 371/1000, D_loss=2.840989, reward=-7.189266
Epoch: 371: 2022-04-20 13:45:39.328013
Epoch 372/1000, D_loss=2.836790, reward=-7.203310
Epoch: 372: 2022-04-20 13:45:40.493830
Epoch 373/1000, D_loss=2.842385, reward=-7.194833
Epoch: 373: 2022-04-20 13:45:41.607710
Epoch 374/1000, D_loss=2.837506, reward=-7.195666
Epoch: 374: 2022-04-20 13:45:42.872575
Epoch 375/1000, D_loss=2.843971, reward=-7.188875
Epoch: 375: 2022-04-20 13:45:44.119846
Epoch 376/1000, D_loss=2.846813, reward=-7.184411
Epoch: 376: 2022-04-20 13:45:45.352985
Epoch 377/1000, D_loss=2.844429, reward=-7.185860
Epoch: 377: 2022-04-20 13:45:46.588483
Epoch 378/1000, D_loss=2.839068, reward=-7.187332
Epoch: 378: 2022-04-20 13:45:47.819827
Epoch 379/1000, D_loss=2.839687, reward=-7.182532
Epoch: 379: 2022-04-20 13:45:49.053360
Epoch 380/1000, D_loss=2.840350, reward=-7.177408
Test_MRR=0.114825, Test_MR=31.570225, Test_H@10=0.261236
Epoch: 380: 2022-04-20 13:45:51.646399
Epoch 381/1000, D_loss=2.833540, reward=-7.186937
Epoch: 381: 2022-04-20 13:45:52.891533
Epoch 382/1000, D_loss=2.846195, reward=-7.167266
Epoch: 382: 2022-04-20 13:45:53.989640
Epoch 383/1000, D_loss=2.850526, reward=-7.161962
Epoch: 383: 2022-04-20 13:45:55.286591
Epoch 384/1000, D_loss=2.860643, reward=-7.152060
Epoch: 384: 2022-04-20 13:45:56.508342
Epoch 385/1000, D_loss=2.841636, reward=-7.181700
Epoch: 385: 2022-04-20 13:45:57.717557
Epoch 386/1000, D_loss=2.857271, reward=-7.167978
Epoch: 386: 2022-04-20 13:45:58.915318
Epoch 387/1000, D_loss=2.843283, reward=-7.175752
Epoch: 387: 2022-04-20 13:46:00.114871
Epoch 388/1000, D_loss=2.841633, reward=-7.175711
Epoch: 388: 2022-04-20 13:46:01.336468
Epoch 389/1000, D_loss=2.846188, reward=-7.172340
Epoch: 389: 2022-04-20 13:46:02.546358
Epoch 390/1000, D_loss=2.851494, reward=-7.176015
Test_MRR=0.108186, Test_MR=31.657772, Test_H@10=0.258427
Epoch: 390: 2022-04-20 13:46:05.039179
Epoch 391/1000, D_loss=2.849977, reward=-7.192353
Epoch: 391: 2022-04-20 13:46:06.285574
Epoch 392/1000, D_loss=2.835334, reward=-7.206777
Epoch: 392: 2022-04-20 13:46:07.507713
Epoch 393/1000, D_loss=2.852903, reward=-7.194827
Epoch: 393: 2022-04-20 13:46:08.663207
Epoch 394/1000, D_loss=2.838980, reward=-7.221392
Epoch: 394: 2022-04-20 13:46:09.776457
Epoch 395/1000, D_loss=2.848526, reward=-7.210998
Epoch: 395: 2022-04-20 13:46:10.885775
Epoch 396/1000, D_loss=2.862245, reward=-7.204158
Epoch: 396: 2022-04-20 13:46:12.126112
Epoch 397/1000, D_loss=2.856862, reward=-7.198055
Epoch: 397: 2022-04-20 13:46:13.328096
Epoch 398/1000, D_loss=2.860911, reward=-7.180457
Epoch: 398: 2022-04-20 13:46:14.544710
Epoch 399/1000, D_loss=2.846637, reward=-7.185138
Epoch: 399: 2022-04-20 13:46:15.758036
Epoch 400/1000, D_loss=2.846155, reward=-7.182399
Test_MRR=0.112454, Test_MR=31.524345, Test_H@10=0.260300
Epoch: 400: 2022-04-20 13:46:18.429702
Epoch 401/1000, D_loss=2.857650, reward=-7.165743
Epoch: 401: 2022-04-20 13:46:19.684424
Epoch 402/1000, D_loss=2.858820, reward=-7.165227
Epoch: 402: 2022-04-20 13:46:20.921340
Epoch 403/1000, D_loss=2.879551, reward=-7.155983
Epoch: 403: 2022-04-20 13:46:22.160003
Epoch 404/1000, D_loss=2.851994, reward=-7.180368
Epoch: 404: 2022-04-20 13:46:23.348533
Epoch 405/1000, D_loss=2.856705, reward=-7.168389
Epoch: 405: 2022-04-20 13:46:24.651105
Epoch 406/1000, D_loss=2.865022, reward=-7.162402
Epoch: 406: 2022-04-20 13:46:25.920986
Epoch 407/1000, D_loss=2.856791, reward=-7.164450
Epoch: 407: 2022-04-20 13:46:27.147809
Epoch 408/1000, D_loss=2.850869, reward=-7.173464
Epoch: 408: 2022-04-20 13:46:28.294097
Epoch 409/1000, D_loss=2.842946, reward=-7.193526
Epoch: 409: 2022-04-20 13:46:29.337545
Epoch 410/1000, D_loss=2.846324, reward=-7.182387
Test_MRR=0.107504, Test_MR=32.470974, Test_H@10=0.249532
Epoch: 410: 2022-04-20 13:46:31.957703
Epoch 411/1000, D_loss=2.860965, reward=-7.163117
Epoch: 411: 2022-04-20 13:46:33.344856
Epoch 412/1000, D_loss=2.846322, reward=-7.168193
Epoch: 412: 2022-04-20 13:46:34.588737
Epoch 413/1000, D_loss=2.853514, reward=-7.150198
Epoch: 413: 2022-04-20 13:46:35.773075
Epoch 414/1000, D_loss=2.859946, reward=-7.141406
Epoch: 414: 2022-04-20 13:46:36.966897
Epoch 415/1000, D_loss=2.851945, reward=-7.150858
Epoch: 415: 2022-04-20 13:46:38.209681
Epoch 416/1000, D_loss=2.858576, reward=-7.145164
Epoch: 416: 2022-04-20 13:46:39.461849
Epoch 417/1000, D_loss=2.853950, reward=-7.154160
Epoch: 417: 2022-04-20 13:46:40.705447
Epoch 418/1000, D_loss=2.845879, reward=-7.155946
Epoch: 418: 2022-04-20 13:46:41.880398
Epoch 419/1000, D_loss=2.849033, reward=-7.146714
Epoch: 419: 2022-04-20 13:46:43.022023
Epoch 420/1000, D_loss=2.849040, reward=-7.156975
Test_MRR=0.109576, Test_MR=32.009363, Test_H@10=0.262640
Epoch: 420: 2022-04-20 13:46:45.251190
Epoch 421/1000, D_loss=2.857379, reward=-7.156914
Epoch: 421: 2022-04-20 13:46:46.456171
Epoch 422/1000, D_loss=2.859638, reward=-7.156533
Epoch: 422: 2022-04-20 13:46:47.614773
Epoch 423/1000, D_loss=2.847534, reward=-7.169207
Epoch: 423: 2022-04-20 13:46:48.754216
Epoch 424/1000, D_loss=2.858019, reward=-7.164842
Epoch: 424: 2022-04-20 13:46:49.869603
Epoch 425/1000, D_loss=2.854038, reward=-7.168694
Epoch: 425: 2022-04-20 13:46:50.976893
Epoch 426/1000, D_loss=2.865061, reward=-7.156368
Epoch: 426: 2022-04-20 13:46:52.083270
Epoch 427/1000, D_loss=2.863761, reward=-7.156917
Epoch: 427: 2022-04-20 13:46:53.191772
Epoch 428/1000, D_loss=2.874086, reward=-7.153121
Epoch: 428: 2022-04-20 13:46:54.407093
Epoch 429/1000, D_loss=2.870183, reward=-7.148271
Epoch: 429: 2022-04-20 13:46:55.658615
Epoch 430/1000, D_loss=2.857381, reward=-7.158336
Test_MRR=0.109618, Test_MR=32.227528, Test_H@10=0.257491
Epoch: 430: 2022-04-20 13:46:58.299961
Epoch 431/1000, D_loss=2.851311, reward=-7.166386
Epoch: 431: 2022-04-20 13:46:59.548824
Epoch 432/1000, D_loss=2.870083, reward=-7.136305
Epoch: 432: 2022-04-20 13:47:00.777481
Epoch 433/1000, D_loss=2.860384, reward=-7.134818
Epoch: 433: 2022-04-20 13:47:02.004455
Epoch 434/1000, D_loss=2.855572, reward=-7.139427
Epoch: 434: 2022-04-20 13:47:03.143210
Epoch 435/1000, D_loss=2.868346, reward=-7.119020
Epoch: 435: 2022-04-20 13:47:04.366117
Epoch 436/1000, D_loss=2.853646, reward=-7.127999
Epoch: 436: 2022-04-20 13:47:05.646970
Epoch 437/1000, D_loss=2.864315, reward=-7.111891
Epoch: 437: 2022-04-20 13:47:06.834402
Epoch 438/1000, D_loss=2.858159, reward=-7.134590
Epoch: 438: 2022-04-20 13:47:07.986553
Epoch 439/1000, D_loss=2.870794, reward=-7.128880
Epoch: 439: 2022-04-20 13:47:09.141518
Epoch 440/1000, D_loss=2.865346, reward=-7.129078
Test_MRR=0.108941, Test_MR=32.576311, Test_H@10=0.254213
Epoch: 440: 2022-04-20 13:47:11.392988
Epoch 441/1000, D_loss=2.856236, reward=-7.131997
Epoch: 441: 2022-04-20 13:47:12.672600
Epoch 442/1000, D_loss=2.860502, reward=-7.118804
Epoch: 442: 2022-04-20 13:47:13.905509
Epoch 443/1000, D_loss=2.867276, reward=-7.125347
Epoch: 443: 2022-04-20 13:47:15.223019
Epoch 444/1000, D_loss=2.868059, reward=-7.134112
Epoch: 444: 2022-04-20 13:47:16.460272
Epoch 445/1000, D_loss=2.867620, reward=-7.137724
Epoch: 445: 2022-04-20 13:47:17.697390
Epoch 446/1000, D_loss=2.872402, reward=-7.127928
Epoch: 446: 2022-04-20 13:47:18.927884
Epoch 447/1000, D_loss=2.872181, reward=-7.129538
Epoch: 447: 2022-04-20 13:47:20.152298
Epoch 448/1000, D_loss=2.856484, reward=-7.147453
Epoch: 448: 2022-04-20 13:47:21.391831
Epoch 449/1000, D_loss=2.862944, reward=-7.135364
Epoch: 449: 2022-04-20 13:47:22.626258
Epoch 450/1000, D_loss=2.871597, reward=-7.124345
Test_MRR=0.104462, Test_MR=33.249532, Test_H@10=0.255618
Epoch: 450: 2022-04-20 13:47:25.298006
Epoch 451/1000, D_loss=2.865350, reward=-7.130211
Epoch: 451: 2022-04-20 13:47:26.550499
Epoch 452/1000, D_loss=2.867534, reward=-7.139193
Epoch: 452: 2022-04-20 13:47:27.767322
Epoch 453/1000, D_loss=2.865552, reward=-7.141489
Epoch: 453: 2022-04-20 13:47:28.882546
Epoch 454/1000, D_loss=2.859549, reward=-7.155599
Epoch: 454: 2022-04-20 13:47:30.115294
Epoch 455/1000, D_loss=2.866289, reward=-7.153976
Epoch: 455: 2022-04-20 13:47:31.398750
Epoch 456/1000, D_loss=2.870467, reward=-7.145427
Epoch: 456: 2022-04-20 13:47:32.588576
Epoch 457/1000, D_loss=2.870087, reward=-7.135748
Epoch: 457: 2022-04-20 13:47:33.748991
Epoch 458/1000, D_loss=2.883275, reward=-7.120337
Epoch: 458: 2022-04-20 13:47:34.901718
Epoch 459/1000, D_loss=2.865366, reward=-7.134552
Epoch: 459: 2022-04-20 13:47:36.131480
Epoch 460/1000, D_loss=2.866565, reward=-7.131490
Test_MRR=0.102793, Test_MR=32.553839, Test_H@10=0.239232
Epoch: 460: 2022-04-20 13:47:38.663235
Epoch 461/1000, D_loss=2.867731, reward=-7.134501
Epoch: 461: 2022-04-20 13:47:39.907472
Epoch 462/1000, D_loss=2.873338, reward=-7.126665
Epoch: 462: 2022-04-20 13:47:41.137294
Epoch 463/1000, D_loss=2.871550, reward=-7.129888
Epoch: 463: 2022-04-20 13:47:42.424270
Epoch 464/1000, D_loss=2.865582, reward=-7.131006
Epoch: 464: 2022-04-20 13:47:43.681145
Epoch 465/1000, D_loss=2.870249, reward=-7.116397
Epoch: 465: 2022-04-20 13:47:44.913962
Epoch 466/1000, D_loss=2.866333, reward=-7.121319
Epoch: 466: 2022-04-20 13:47:46.147067
Epoch 467/1000, D_loss=2.870261, reward=-7.119946
Epoch: 467: 2022-04-20 13:47:47.336254
Epoch 468/1000, D_loss=2.870416, reward=-7.111168
Epoch: 468: 2022-04-20 13:47:48.555203
Epoch 469/1000, D_loss=2.870555, reward=-7.108882
Epoch: 469: 2022-04-20 13:47:49.784170
Epoch 470/1000, D_loss=2.870591, reward=-7.117227
Test_MRR=0.100494, Test_MR=32.955056, Test_H@10=0.239700
Epoch: 470: 2022-04-20 13:47:52.430406
Epoch 471/1000, D_loss=2.867790, reward=-7.130743
Epoch: 471: 2022-04-20 13:47:53.688776
Epoch 472/1000, D_loss=2.872489, reward=-7.123899
Epoch: 472: 2022-04-20 13:47:54.887444
Epoch 473/1000, D_loss=2.869972, reward=-7.141305
Epoch: 473: 2022-04-20 13:47:56.175432
Epoch 474/1000, D_loss=2.866516, reward=-7.147702
Epoch: 474: 2022-04-20 13:47:57.388388
Epoch 475/1000, D_loss=2.878416, reward=-7.136740
Epoch: 475: 2022-04-20 13:47:58.628920
Epoch 476/1000, D_loss=2.872729, reward=-7.146853
Epoch: 476: 2022-04-20 13:47:59.606166
Epoch 477/1000, D_loss=2.866734, reward=-7.150739
Epoch: 477: 2022-04-20 13:48:00.718132
Epoch 478/1000, D_loss=2.868576, reward=-7.149488
Epoch: 478: 2022-04-20 13:48:01.951173
Epoch 479/1000, D_loss=2.866784, reward=-7.161229
Epoch: 479: 2022-04-20 13:48:03.340037
Epoch 480/1000, D_loss=2.883754, reward=-7.155695
Test_MRR=0.097496, Test_MR=33.424625, Test_H@10=0.221910
Epoch: 480: 2022-04-20 13:48:06.073946
Epoch 481/1000, D_loss=2.877469, reward=-7.154540
Epoch: 481: 2022-04-20 13:48:07.247214
Epoch 482/1000, D_loss=2.870791, reward=-7.142968
Epoch: 482: 2022-04-20 13:48:08.399510
Epoch 483/1000, D_loss=2.878459, reward=-7.139769
Epoch: 483: 2022-04-20 13:48:09.647940
Epoch 484/1000, D_loss=2.875830, reward=-7.149132
Epoch: 484: 2022-04-20 13:48:10.877822
Epoch 485/1000, D_loss=2.868742, reward=-7.155972
Epoch: 485: 2022-04-20 13:48:12.137383
Epoch 486/1000, D_loss=2.874965, reward=-7.151374
Epoch: 486: 2022-04-20 13:48:13.324315
Epoch 487/1000, D_loss=2.880147, reward=-7.144711
Epoch: 487: 2022-04-20 13:48:14.560569
Epoch 488/1000, D_loss=2.874929, reward=-7.152096
Epoch: 488: 2022-04-20 13:48:15.964980
Epoch 489/1000, D_loss=2.875454, reward=-7.155872
Epoch: 489: 2022-04-20 13:48:17.300670
Epoch 490/1000, D_loss=2.871629, reward=-7.166524
Test_MRR=0.092161, Test_MR=33.945693, Test_H@10=0.218633
Epoch: 490: 2022-04-20 13:48:19.690212
Epoch 491/1000, D_loss=2.876479, reward=-7.163317
Epoch: 491: 2022-04-20 13:48:20.928982
Epoch 492/1000, D_loss=2.871587, reward=-7.169517
Epoch: 492: 2022-04-20 13:48:22.154938
Epoch 493/1000, D_loss=2.876441, reward=-7.156425
Epoch: 493: 2022-04-20 13:48:23.360946
Epoch 494/1000, D_loss=2.885111, reward=-7.140208
Epoch: 494: 2022-04-20 13:48:24.626930
Epoch 495/1000, D_loss=2.878116, reward=-7.160969
Epoch: 495: 2022-04-20 13:48:25.912048
Epoch 496/1000, D_loss=2.871188, reward=-7.165998
Epoch: 496: 2022-04-20 13:48:27.149906
Epoch 497/1000, D_loss=2.883421, reward=-7.156521
Epoch: 497: 2022-04-20 13:48:28.381527
Epoch 498/1000, D_loss=2.869771, reward=-7.165189
Epoch: 498: 2022-04-20 13:48:29.593945
Epoch 499/1000, D_loss=2.874777, reward=-7.142693
Epoch: 499: 2022-04-20 13:48:30.828424
Epoch 500/1000, D_loss=2.880831, reward=-7.119240
Test_MRR=0.098717, Test_MR=32.809925, Test_H@10=0.225655
Epoch: 500: 2022-04-20 13:48:33.304295
Epoch 501/1000, D_loss=2.877751, reward=-7.106350
Epoch: 501: 2022-04-20 13:48:34.486890
Epoch 502/1000, D_loss=2.882171, reward=-7.086246
Epoch: 502: 2022-04-20 13:48:35.593716
Epoch 503/1000, D_loss=2.876476, reward=-7.085366
Epoch: 503: 2022-04-20 13:48:36.694320
Epoch 504/1000, D_loss=2.878383, reward=-7.078537
Epoch: 504: 2022-04-20 13:48:37.796210
Epoch 505/1000, D_loss=2.876067, reward=-7.094219
Epoch: 505: 2022-04-20 13:48:38.903154
Epoch 506/1000, D_loss=2.871009, reward=-7.098922
Epoch: 506: 2022-04-20 13:48:40.003831
Epoch 507/1000, D_loss=2.882056, reward=-7.087300
Epoch: 507: 2022-04-20 13:48:41.110053
Epoch 508/1000, D_loss=2.871971, reward=-7.097252
Epoch: 508: 2022-04-20 13:48:42.236319
Epoch 509/1000, D_loss=2.879900, reward=-7.100504
Epoch: 509: 2022-04-20 13:48:43.407578
Epoch 510/1000, D_loss=2.872734, reward=-7.120636
Test_MRR=0.098182, Test_MR=33.217228, Test_H@10=0.222378
Epoch: 510: 2022-04-20 13:48:46.064047
Epoch 511/1000, D_loss=2.878449, reward=-7.127979
Epoch: 511: 2022-04-20 13:48:47.308237
Epoch 512/1000, D_loss=2.877814, reward=-7.142929
Epoch: 512: 2022-04-20 13:48:48.535860
Epoch 513/1000, D_loss=2.886815, reward=-7.132647
Epoch: 513: 2022-04-20 13:48:49.724461
Epoch 514/1000, D_loss=2.873913, reward=-7.142020
Epoch: 514: 2022-04-20 13:48:50.958463
Epoch 515/1000, D_loss=2.877758, reward=-7.160460
Epoch: 515: 2022-04-20 13:48:52.187216
Epoch 516/1000, D_loss=2.873439, reward=-7.165559
Epoch: 516: 2022-04-20 13:48:53.416228
Epoch 517/1000, D_loss=2.881004, reward=-7.152558
Epoch: 517: 2022-04-20 13:48:54.667701
Epoch 518/1000, D_loss=2.870736, reward=-7.155024
Epoch: 518: 2022-04-20 13:48:55.898784
Epoch 519/1000, D_loss=2.876785, reward=-7.129364
Epoch: 519: 2022-04-20 13:48:57.134884
Epoch 520/1000, D_loss=2.876322, reward=-7.120189
Test_MRR=0.092424, Test_MR=33.718633, Test_H@10=0.212079
Epoch: 520: 2022-04-20 13:48:59.798399
Epoch 521/1000, D_loss=2.872967, reward=-7.112591
Epoch: 521: 2022-04-20 13:49:01.058835
Epoch 522/1000, D_loss=2.885626, reward=-7.109168
Epoch: 522: 2022-04-20 13:49:02.292394
Epoch 523/1000, D_loss=2.862652, reward=-7.149221
Epoch: 523: 2022-04-20 13:49:03.496154
Epoch 524/1000, D_loss=2.879707, reward=-7.140243
Epoch: 524: 2022-04-20 13:49:04.726867
Epoch 525/1000, D_loss=2.873614, reward=-7.137636
Epoch: 525: 2022-04-20 13:49:05.959178
Epoch 526/1000, D_loss=2.877173, reward=-7.132567
Epoch: 526: 2022-04-20 13:49:07.154872
Epoch 527/1000, D_loss=2.868409, reward=-7.142877
Epoch: 527: 2022-04-20 13:49:08.145871
Epoch 528/1000, D_loss=2.877253, reward=-7.139895
Epoch: 528: 2022-04-20 13:49:09.297889
Epoch 529/1000, D_loss=2.879140, reward=-7.131380
Epoch: 529: 2022-04-20 13:49:10.507483
Epoch 530/1000, D_loss=2.866163, reward=-7.142119
Test_MRR=0.093226, Test_MR=34.313202, Test_H@10=0.219569
Epoch: 530: 2022-04-20 13:49:12.943043
Epoch 531/1000, D_loss=2.885927, reward=-7.124521
Epoch: 531: 2022-04-20 13:49:14.193679
Epoch 532/1000, D_loss=2.877728, reward=-7.130393
Epoch: 532: 2022-04-20 13:49:15.422295
Epoch 533/1000, D_loss=2.867677, reward=-7.126727
Epoch: 533: 2022-04-20 13:49:16.653753
Epoch 534/1000, D_loss=2.875105, reward=-7.098125
Epoch: 534: 2022-04-20 13:49:17.885742
Epoch 535/1000, D_loss=2.872179, reward=-7.097063
Epoch: 535: 2022-04-20 13:49:19.117760
Epoch 536/1000, D_loss=2.882448, reward=-7.090690
Epoch: 536: 2022-04-20 13:49:20.344079
Epoch 537/1000, D_loss=2.888814, reward=-7.085503
Epoch: 537: 2022-04-20 13:49:21.576862
Epoch 538/1000, D_loss=2.869900, reward=-7.107911
Epoch: 538: 2022-04-20 13:49:22.812719
Epoch 539/1000, D_loss=2.886691, reward=-7.104860
Epoch: 539: 2022-04-20 13:49:24.045300
Epoch 540/1000, D_loss=2.868432, reward=-7.132603
Test_MRR=0.093476, Test_MR=34.490637, Test_H@10=0.219101
Epoch: 540: 2022-04-20 13:49:26.696958
Epoch 541/1000, D_loss=2.877145, reward=-7.123062
Epoch: 541: 2022-04-20 13:49:27.961636
Epoch 542/1000, D_loss=2.872307, reward=-7.115537
Epoch: 542: 2022-04-20 13:49:29.196779
Epoch 543/1000, D_loss=2.880825, reward=-7.111259
Epoch: 543: 2022-04-20 13:49:30.432205
Epoch 544/1000, D_loss=2.879306, reward=-7.105978
Epoch: 544: 2022-04-20 13:49:31.659877
Epoch 545/1000, D_loss=2.889064, reward=-7.093609
Epoch: 545: 2022-04-20 13:49:32.891452
Epoch 546/1000, D_loss=2.890334, reward=-7.091222
Epoch: 546: 2022-04-20 13:49:34.123711
Epoch 547/1000, D_loss=2.863780, reward=-7.107537
Epoch: 547: 2022-04-20 13:49:35.336562
Epoch 548/1000, D_loss=2.867944, reward=-7.103440
Epoch: 548: 2022-04-20 13:49:36.533405
Epoch 549/1000, D_loss=2.867862, reward=-7.108398
Epoch: 549: 2022-04-20 13:49:37.591656
Epoch 550/1000, D_loss=2.884886, reward=-7.103157
Test_MRR=0.099421, Test_MR=33.094101, Test_H@10=0.235019
Epoch: 550: 2022-04-20 13:49:40.120479
Epoch 551/1000, D_loss=2.878310, reward=-7.121595
Epoch: 551: 2022-04-20 13:49:41.361190
Epoch 552/1000, D_loss=2.879381, reward=-7.124864
Epoch: 552: 2022-04-20 13:49:42.629074
Epoch 553/1000, D_loss=2.870166, reward=-7.149798
Epoch: 553: 2022-04-20 13:49:43.916211
Epoch 554/1000, D_loss=2.882703, reward=-7.126466
Epoch: 554: 2022-04-20 13:49:45.132746
Epoch 555/1000, D_loss=2.890587, reward=-7.115629
Epoch: 555: 2022-04-20 13:49:46.303962
Epoch 556/1000, D_loss=2.880348, reward=-7.116070
Epoch: 556: 2022-04-20 13:49:47.450589
Epoch 557/1000, D_loss=2.872120, reward=-7.121689
Epoch: 557: 2022-04-20 13:49:48.595729
Epoch 558/1000, D_loss=2.881618, reward=-7.107333
Epoch: 558: 2022-04-20 13:49:49.740357
Epoch 559/1000, D_loss=2.875369, reward=-7.108284
Epoch: 559: 2022-04-20 13:49:50.834895
Epoch 560/1000, D_loss=2.873919, reward=-7.093553
Test_MRR=0.102513, Test_MR=33.072566, Test_H@10=0.237828
Epoch: 560: 2022-04-20 13:49:53.034633
Epoch 561/1000, D_loss=2.882613, reward=-7.085220
Epoch: 561: 2022-04-20 13:49:54.278817
Epoch 562/1000, D_loss=2.892705, reward=-7.086977
Epoch: 562: 2022-04-20 13:49:55.555026
Epoch 563/1000, D_loss=2.888948, reward=-7.099063
Epoch: 563: 2022-04-20 13:49:56.786446
Epoch 564/1000, D_loss=2.872267, reward=-7.125980
Epoch: 564: 2022-04-20 13:49:58.019185
Epoch 565/1000, D_loss=2.881427, reward=-7.100803
Epoch: 565: 2022-04-20 13:49:59.210916
Epoch 566/1000, D_loss=2.886526, reward=-7.088995
Epoch: 566: 2022-04-20 13:50:00.467551
Epoch 567/1000, D_loss=2.882915, reward=-7.089973
Epoch: 567: 2022-04-20 13:50:01.734025
Epoch 568/1000, D_loss=2.890493, reward=-7.079841
Epoch: 568: 2022-04-20 13:50:02.766959
Epoch 569/1000, D_loss=2.880408, reward=-7.087478
Epoch: 569: 2022-04-20 13:50:03.900270
Epoch 570/1000, D_loss=2.881636, reward=-7.094760
Test_MRR=0.099663, Test_MR=33.197097, Test_H@10=0.231742
Epoch: 570: 2022-04-20 13:50:06.591581
Epoch 571/1000, D_loss=2.883056, reward=-7.088713
Epoch: 571: 2022-04-20 13:50:07.827479
Epoch 572/1000, D_loss=2.883525, reward=-7.091450
Epoch: 572: 2022-04-20 13:50:09.008673
Epoch 573/1000, D_loss=2.875744, reward=-7.102795
Epoch: 573: 2022-04-20 13:50:10.010775
Epoch 574/1000, D_loss=2.875903, reward=-7.121623
Epoch: 574: 2022-04-20 13:50:11.159888
Epoch 575/1000, D_loss=2.875075, reward=-7.114523
Epoch: 575: 2022-04-20 13:50:12.402918
Epoch 576/1000, D_loss=2.877513, reward=-7.120422
Epoch: 576: 2022-04-20 13:50:13.640101
Epoch 577/1000, D_loss=2.874622, reward=-7.120899
Epoch: 577: 2022-04-20 13:50:14.931368
Epoch 578/1000, D_loss=2.879929, reward=-7.108976
Epoch: 578: 2022-04-20 13:50:16.125559
Epoch 579/1000, D_loss=2.888588, reward=-7.112450
Epoch: 579: 2022-04-20 13:50:17.360466
Epoch 580/1000, D_loss=2.870693, reward=-7.130939
Test_MRR=0.095942, Test_MR=34.349251, Test_H@10=0.217228
Epoch: 580: 2022-04-20 13:50:19.742055
Epoch 581/1000, D_loss=2.877798, reward=-7.122843
Epoch: 581: 2022-04-20 13:50:20.966400
Epoch 582/1000, D_loss=2.894799, reward=-7.105453
Epoch: 582: 2022-04-20 13:50:22.176130
Epoch 583/1000, D_loss=2.872385, reward=-7.123527
Epoch: 583: 2022-04-20 13:50:23.373690
Epoch 584/1000, D_loss=2.877686, reward=-7.127139
Epoch: 584: 2022-04-20 13:50:24.559948
Epoch 585/1000, D_loss=2.876801, reward=-7.132418
Epoch: 585: 2022-04-20 13:50:25.768192
Epoch 586/1000, D_loss=2.891928, reward=-7.110856
Epoch: 586: 2022-04-20 13:50:26.964560
Epoch 587/1000, D_loss=2.870956, reward=-7.126867
Epoch: 587: 2022-04-20 13:50:28.148908
Epoch 588/1000, D_loss=2.875585, reward=-7.123254
Epoch: 588: 2022-04-20 13:50:29.328674
Epoch 589/1000, D_loss=2.874281, reward=-7.133680
Epoch: 589: 2022-04-20 13:50:30.488870
Epoch 590/1000, D_loss=2.886019, reward=-7.124746
Test_MRR=0.100957, Test_MR=33.719101, Test_H@10=0.228464
Epoch: 590: 2022-04-20 13:50:32.730172
Epoch 591/1000, D_loss=2.886531, reward=-7.130088
Epoch: 591: 2022-04-20 13:50:33.976578
Epoch 592/1000, D_loss=2.886881, reward=-7.123501
Epoch: 592: 2022-04-20 13:50:35.189998
Epoch 593/1000, D_loss=2.871212, reward=-7.124061
Epoch: 593: 2022-04-20 13:50:36.394258
Epoch 594/1000, D_loss=2.876809, reward=-7.112189
Epoch: 594: 2022-04-20 13:50:37.601174
Epoch 595/1000, D_loss=2.879879, reward=-7.088098
Epoch: 595: 2022-04-20 13:50:38.817918
Epoch 596/1000, D_loss=2.874463, reward=-7.083745
Epoch: 596: 2022-04-20 13:50:40.020786
Epoch 597/1000, D_loss=2.872264, reward=-7.080783
Epoch: 597: 2022-04-20 13:50:41.208569
Epoch 598/1000, D_loss=2.878685, reward=-7.081620
Epoch: 598: 2022-04-20 13:50:42.375201
Epoch 599/1000, D_loss=2.885699, reward=-7.074134
Epoch: 599: 2022-04-20 13:50:43.467706
Epoch 600/1000, D_loss=2.872441, reward=-7.093323
Test_MRR=0.098698, Test_MR=33.770599, Test_H@10=0.232678
Epoch: 600: 2022-04-20 13:50:45.962463
Epoch 601/1000, D_loss=2.871396, reward=-7.112758
Epoch: 601: 2022-04-20 13:50:47.209627
Epoch 602/1000, D_loss=2.882107, reward=-7.117007
Epoch: 602: 2022-04-20 13:50:48.433715
Epoch 603/1000, D_loss=2.879082, reward=-7.126760
Epoch: 603: 2022-04-20 13:50:49.662873
Epoch 604/1000, D_loss=2.883485, reward=-7.129132
Epoch: 604: 2022-04-20 13:50:50.888304
Epoch 605/1000, D_loss=2.879066, reward=-7.132653
Epoch: 605: 2022-04-20 13:50:52.105486
Epoch 606/1000, D_loss=2.884973, reward=-7.136775
Epoch: 606: 2022-04-20 13:50:53.310394
Epoch 607/1000, D_loss=2.868983, reward=-7.165203
Epoch: 607: 2022-04-20 13:50:54.594734
Epoch 608/1000, D_loss=2.887255, reward=-7.143355
Epoch: 608: 2022-04-20 13:50:55.802181
Epoch 609/1000, D_loss=2.878203, reward=-7.137463
Epoch: 609: 2022-04-20 13:50:57.012572
Epoch 610/1000, D_loss=2.890282, reward=-7.107534
Test_MRR=0.101397, Test_MR=34.508427, Test_H@10=0.235955
Epoch: 610: 2022-04-20 13:50:59.317132
Epoch 611/1000, D_loss=2.882257, reward=-7.109762
Epoch: 611: 2022-04-20 13:51:00.562155
Epoch 612/1000, D_loss=2.882933, reward=-7.113081
Epoch: 612: 2022-04-20 13:51:01.802379
Epoch 613/1000, D_loss=2.892135, reward=-7.098898
Epoch: 613: 2022-04-20 13:51:03.177841
Epoch 614/1000, D_loss=2.877743, reward=-7.105889
Epoch: 614: 2022-04-20 13:51:04.421829
Epoch 615/1000, D_loss=2.885844, reward=-7.087667
Epoch: 615: 2022-04-20 13:51:05.703200
Epoch 616/1000, D_loss=2.874715, reward=-7.081065
Epoch: 616: 2022-04-20 13:51:06.872344
Epoch 617/1000, D_loss=2.882087, reward=-7.064034
Epoch: 617: 2022-04-20 13:51:08.056695
Epoch 618/1000, D_loss=2.884800, reward=-7.063672
Epoch: 618: 2022-04-20 13:51:09.283233
Epoch 619/1000, D_loss=2.877523, reward=-7.071362
Epoch: 619: 2022-04-20 13:51:10.512033
Epoch 620/1000, D_loss=2.879798, reward=-7.071361
Test_MRR=0.102331, Test_MR=33.767322, Test_H@10=0.232678
Epoch: 620: 2022-04-20 13:51:13.152334
Epoch 621/1000, D_loss=2.882812, reward=-7.085218
Epoch: 621: 2022-04-20 13:51:14.410365
Epoch 622/1000, D_loss=2.878211, reward=-7.097364
Epoch: 622: 2022-04-20 13:51:15.692825
Epoch 623/1000, D_loss=2.883924, reward=-7.099773
Epoch: 623: 2022-04-20 13:51:16.902538
Epoch 624/1000, D_loss=2.879432, reward=-7.102410
Epoch: 624: 2022-04-20 13:51:18.115251
Epoch 625/1000, D_loss=2.886348, reward=-7.108380
Epoch: 625: 2022-04-20 13:51:19.314658
Epoch 626/1000, D_loss=2.888981, reward=-7.115552
Epoch: 626: 2022-04-20 13:51:20.493268
Epoch 627/1000, D_loss=2.890149, reward=-7.115624
Epoch: 627: 2022-04-20 13:51:21.656899
Epoch 628/1000, D_loss=2.887639, reward=-7.103577
Epoch: 628: 2022-04-20 13:51:22.815341
Epoch 629/1000, D_loss=2.877256, reward=-7.110075
Epoch: 629: 2022-04-20 13:51:24.062408
Epoch 630/1000, D_loss=2.887444, reward=-7.094934
Test_MRR=0.103539, Test_MR=34.400281, Test_H@10=0.232210
Epoch: 630: 2022-04-20 13:51:26.538819
Epoch 631/1000, D_loss=2.879712, reward=-7.095099
Epoch: 631: 2022-04-20 13:51:27.761109
Epoch 632/1000, D_loss=2.879292, reward=-7.079392
Epoch: 632: 2022-04-20 13:51:28.940150
Epoch 633/1000, D_loss=2.870522, reward=-7.079233
Epoch: 633: 2022-04-20 13:51:30.098598
Epoch 634/1000, D_loss=2.879437, reward=-7.072151
Epoch: 634: 2022-04-20 13:51:31.244640
Epoch 635/1000, D_loss=2.884350, reward=-7.068100
Epoch: 635: 2022-04-20 13:51:32.385815
Epoch 636/1000, D_loss=2.884017, reward=-7.065809
Epoch: 636: 2022-04-20 13:51:33.624704
Epoch 637/1000, D_loss=2.883437, reward=-7.072585
Epoch: 637: 2022-04-20 13:51:34.853095
Epoch 638/1000, D_loss=2.886694, reward=-7.069118
Epoch: 638: 2022-04-20 13:51:36.150328
Epoch 639/1000, D_loss=2.888341, reward=-7.066558
Epoch: 639: 2022-04-20 13:51:37.364215
Epoch 640/1000, D_loss=2.881553, reward=-7.097134
Test_MRR=0.098370, Test_MR=34.865637, Test_H@10=0.223783
Epoch: 640: 2022-04-20 13:51:39.646016
Epoch 641/1000, D_loss=2.874412, reward=-7.116989
Epoch: 641: 2022-04-20 13:51:40.883045
Epoch 642/1000, D_loss=2.892415, reward=-7.098996
Epoch: 642: 2022-04-20 13:51:42.037894
Epoch 643/1000, D_loss=2.897702, reward=-7.098982
Epoch: 643: 2022-04-20 13:51:43.165188
Epoch 644/1000, D_loss=2.885748, reward=-7.121194
Epoch: 644: 2022-04-20 13:51:44.283860
Epoch 645/1000, D_loss=2.875338, reward=-7.141081
Epoch: 645: 2022-04-20 13:51:45.401377
Epoch 646/1000, D_loss=2.876389, reward=-7.144195
Epoch: 646: 2022-04-20 13:51:46.520373
Epoch 647/1000, D_loss=2.882320, reward=-7.115909
Epoch: 647: 2022-04-20 13:51:47.623366
Epoch 648/1000, D_loss=2.885818, reward=-7.108713
Epoch: 648: 2022-04-20 13:51:48.729941
Epoch 649/1000, D_loss=2.884773, reward=-7.102405
Epoch: 649: 2022-04-20 13:51:49.850577
Epoch 650/1000, D_loss=2.885191, reward=-7.107843
Test_MRR=0.098814, Test_MR=33.808989, Test_H@10=0.234551
Epoch: 650: 2022-04-20 13:51:52.056361
Epoch 651/1000, D_loss=2.881261, reward=-7.103033
Epoch: 651: 2022-04-20 13:51:53.294018
Epoch 652/1000, D_loss=2.879319, reward=-7.107405
Epoch: 652: 2022-04-20 13:51:54.491002
Epoch 653/1000, D_loss=2.884781, reward=-7.119792
Epoch: 653: 2022-04-20 13:51:55.717544
Epoch 654/1000, D_loss=2.889606, reward=-7.110984
Epoch: 654: 2022-04-20 13:51:56.941196
Epoch 655/1000, D_loss=2.881789, reward=-7.127012
Epoch: 655: 2022-04-20 13:51:58.169541
Epoch 656/1000, D_loss=2.892900, reward=-7.115808
Epoch: 656: 2022-04-20 13:51:59.385251
Epoch 657/1000, D_loss=2.881704, reward=-7.117189
Epoch: 657: 2022-04-20 13:52:00.606134
Epoch 658/1000, D_loss=2.879170, reward=-7.105347
Epoch: 658: 2022-04-20 13:52:01.835716
Epoch 659/1000, D_loss=2.871614, reward=-7.111045
Epoch: 659: 2022-04-20 13:52:03.070371
Epoch 660/1000, D_loss=2.886371, reward=-7.092676
Test_MRR=0.100442, Test_MR=33.617509, Test_H@10=0.246723
Epoch: 660: 2022-04-20 13:52:05.651342
Epoch 661/1000, D_loss=2.880501, reward=-7.091640
Epoch: 661: 2022-04-20 13:52:06.934806
Epoch 662/1000, D_loss=2.893098, reward=-7.081042
Epoch: 662: 2022-04-20 13:52:08.163471
Epoch 663/1000, D_loss=2.885080, reward=-7.074886
Epoch: 663: 2022-04-20 13:52:09.395189
Epoch 664/1000, D_loss=2.891096, reward=-7.057436
Epoch: 664: 2022-04-20 13:52:10.626603
Epoch 665/1000, D_loss=2.886673, reward=-7.070766
Epoch: 665: 2022-04-20 13:52:11.857453
Epoch 666/1000, D_loss=2.885562, reward=-7.080581
Epoch: 666: 2022-04-20 13:52:13.240202
Epoch 667/1000, D_loss=2.883350, reward=-7.090615
Epoch: 667: 2022-04-20 13:52:14.533081
Epoch 668/1000, D_loss=2.886607, reward=-7.095964
Epoch: 668: 2022-04-20 13:52:15.793662
Epoch 669/1000, D_loss=2.881594, reward=-7.096150
Epoch: 669: 2022-04-20 13:52:17.054061
Epoch 670/1000, D_loss=2.886568, reward=-7.109801
Test_MRR=0.099704, Test_MR=34.251873, Test_H@10=0.235487
Epoch: 670: 2022-04-20 13:52:19.412958
Epoch 671/1000, D_loss=2.882916, reward=-7.115304
Epoch: 671: 2022-04-20 13:52:20.651291
Epoch 672/1000, D_loss=2.884148, reward=-7.122926
Epoch: 672: 2022-04-20 13:52:21.867326
Epoch 673/1000, D_loss=2.880127, reward=-7.132957
Epoch: 673: 2022-04-20 13:52:23.066735
Epoch 674/1000, D_loss=2.875931, reward=-7.141202
Epoch: 674: 2022-04-20 13:52:24.265122
Epoch 675/1000, D_loss=2.880396, reward=-7.129823
Epoch: 675: 2022-04-20 13:52:25.530408
Epoch 676/1000, D_loss=2.880088, reward=-7.128070
Epoch: 676: 2022-04-20 13:52:26.808510
Epoch 677/1000, D_loss=2.894557, reward=-7.105077
Epoch: 677: 2022-04-20 13:52:28.034020
Epoch 678/1000, D_loss=2.876136, reward=-7.152072
Epoch: 678: 2022-04-20 13:52:29.261999
Epoch 679/1000, D_loss=2.884382, reward=-7.150486
Epoch: 679: 2022-04-20 13:52:30.490457
Epoch 680/1000, D_loss=2.882831, reward=-7.152275
Test_MRR=0.090109, Test_MR=35.877341, Test_H@10=0.206929
Epoch: 680: 2022-04-20 13:52:32.954546
Epoch 681/1000, D_loss=2.894871, reward=-7.142532
Epoch: 681: 2022-04-20 13:52:34.192216
Epoch 682/1000, D_loss=2.880503, reward=-7.137338
Epoch: 682: 2022-04-20 13:52:35.417429
Epoch 683/1000, D_loss=2.885582, reward=-7.122701
Epoch: 683: 2022-04-20 13:52:36.698214
Epoch 684/1000, D_loss=2.898139, reward=-7.104364
Epoch: 684: 2022-04-20 13:52:37.961309
Epoch 685/1000, D_loss=2.890985, reward=-7.114488
Epoch: 685: 2022-04-20 13:52:39.215846
Epoch 686/1000, D_loss=2.890686, reward=-7.114926
Epoch: 686: 2022-04-20 13:52:40.427998
Epoch 687/1000, D_loss=2.888205, reward=-7.117801
Epoch: 687: 2022-04-20 13:52:41.617298
Epoch 688/1000, D_loss=2.883167, reward=-7.136026
Epoch: 688: 2022-04-20 13:52:42.919804
Epoch 689/1000, D_loss=2.898289, reward=-7.115333
Epoch: 689: 2022-04-20 13:52:44.184105
Epoch 690/1000, D_loss=2.881570, reward=-7.118433
Test_MRR=0.095071, Test_MR=35.191479, Test_H@10=0.213015
Epoch: 690: 2022-04-20 13:52:46.531554
Epoch 691/1000, D_loss=2.892488, reward=-7.120746
Epoch: 691: 2022-04-20 13:52:47.770233
Epoch 692/1000, D_loss=2.893596, reward=-7.125391
Epoch: 692: 2022-04-20 13:52:48.972048
Epoch 693/1000, D_loss=2.885637, reward=-7.131115
Epoch: 693: 2022-04-20 13:52:50.223729
Epoch 694/1000, D_loss=2.880845, reward=-7.128647
Epoch: 694: 2022-04-20 13:52:51.438143
Epoch 695/1000, D_loss=2.880058, reward=-7.116841
Epoch: 695: 2022-04-20 13:52:52.621497
Epoch 696/1000, D_loss=2.890046, reward=-7.112539
Epoch: 696: 2022-04-20 13:52:53.779825
Epoch 697/1000, D_loss=2.885916, reward=-7.114849
Epoch: 697: 2022-04-20 13:52:55.020286
Epoch 698/1000, D_loss=2.884154, reward=-7.123569
Epoch: 698: 2022-04-20 13:52:56.317557
Epoch 699/1000, D_loss=2.887783, reward=-7.122803
Epoch: 699: 2022-04-20 13:52:57.513580
Epoch 700/1000, D_loss=2.893720, reward=-7.104454
Test_MRR=0.092789, Test_MR=34.709738, Test_H@10=0.209738
Epoch: 700: 2022-04-20 13:52:59.778180
Epoch 701/1000, D_loss=2.878337, reward=-7.136792
Epoch: 701: 2022-04-20 13:53:01.006891
Epoch 702/1000, D_loss=2.894205, reward=-7.114293
Epoch: 702: 2022-04-20 13:53:02.114679
Epoch 703/1000, D_loss=2.884250, reward=-7.120699
Epoch: 703: 2022-04-20 13:53:03.293784
Epoch 704/1000, D_loss=2.886803, reward=-7.103973
Epoch: 704: 2022-04-20 13:53:04.519707
Epoch 705/1000, D_loss=2.888442, reward=-7.100389
Epoch: 705: 2022-04-20 13:53:05.812819
Epoch 706/1000, D_loss=2.881055, reward=-7.103148
Epoch: 706: 2022-04-20 13:53:07.003868
Epoch 707/1000, D_loss=2.882763, reward=-7.098000
Epoch: 707: 2022-04-20 13:53:08.170929
Epoch 708/1000, D_loss=2.888738, reward=-7.090684
Epoch: 708: 2022-04-20 13:53:09.338398
Epoch 709/1000, D_loss=2.889793, reward=-7.079207
Epoch: 709: 2022-04-20 13:53:10.491145
Epoch 710/1000, D_loss=2.879724, reward=-7.087718
Test_MRR=0.101298, Test_MR=33.786517, Test_H@10=0.231273
Epoch: 710: 2022-04-20 13:53:13.069423
Epoch 711/1000, D_loss=2.889298, reward=-7.080462
Epoch: 711: 2022-04-20 13:53:14.294460
Epoch 712/1000, D_loss=2.877969, reward=-7.097222
Epoch: 712: 2022-04-20 13:53:15.592661
Epoch 713/1000, D_loss=2.888803, reward=-7.091046
Epoch: 713: 2022-04-20 13:53:16.806951
Epoch 714/1000, D_loss=2.880698, reward=-7.104055
Epoch: 714: 2022-04-20 13:53:18.021460
Epoch 715/1000, D_loss=2.884802, reward=-7.102231
Epoch: 715: 2022-04-20 13:53:19.159389
Epoch 716/1000, D_loss=2.880720, reward=-7.117540
Epoch: 716: 2022-04-20 13:53:20.283684
Epoch 717/1000, D_loss=2.875689, reward=-7.119677
Epoch: 717: 2022-04-20 13:53:21.447560
Epoch 718/1000, D_loss=2.880560, reward=-7.100202
Epoch: 718: 2022-04-20 13:53:22.616968
Epoch 719/1000, D_loss=2.896213, reward=-7.081066
Epoch: 719: 2022-04-20 13:53:23.759582
Epoch 720/1000, D_loss=2.880242, reward=-7.095165
Test_MRR=0.103260, Test_MR=33.937734, Test_H@10=0.233146
Epoch: 720: 2022-04-20 13:53:26.345467
Epoch 721/1000, D_loss=2.875836, reward=-7.103859
Epoch: 721: 2022-04-20 13:53:27.565082
Epoch 722/1000, D_loss=2.877846, reward=-7.106250
Epoch: 722: 2022-04-20 13:53:28.783370
Epoch 723/1000, D_loss=2.880277, reward=-7.109160
Epoch: 723: 2022-04-20 13:53:30.012250
Epoch 724/1000, D_loss=2.888339, reward=-7.103335
Epoch: 724: 2022-04-20 13:53:31.219055
Epoch 725/1000, D_loss=2.889096, reward=-7.104907
Epoch: 725: 2022-04-20 13:53:32.449337
Epoch 726/1000, D_loss=2.878119, reward=-7.109603
Epoch: 726: 2022-04-20 13:53:33.680738
Epoch 727/1000, D_loss=2.876098, reward=-7.113350
Epoch: 727: 2022-04-20 13:53:34.911186
Epoch 728/1000, D_loss=2.882075, reward=-7.114714
Epoch: 728: 2022-04-20 13:53:36.141855
Epoch 729/1000, D_loss=2.879545, reward=-7.132504
Epoch: 729: 2022-04-20 13:53:37.372616
Epoch 730/1000, D_loss=2.883110, reward=-7.125528
Test_MRR=0.099945, Test_MR=33.823970, Test_H@10=0.235019
Epoch: 730: 2022-04-20 13:53:40.030463
Epoch 731/1000, D_loss=2.884478, reward=-7.114405
Epoch: 731: 2022-04-20 13:53:41.261256
Epoch 732/1000, D_loss=2.892832, reward=-7.110716
Epoch: 732: 2022-04-20 13:53:42.493171
Epoch 733/1000, D_loss=2.885257, reward=-7.106885
Epoch: 733: 2022-04-20 13:53:43.726434
Epoch 734/1000, D_loss=2.893172, reward=-7.093024
Epoch: 734: 2022-04-20 13:53:44.957831
Epoch 735/1000, D_loss=2.877451, reward=-7.111824
Epoch: 735: 2022-04-20 13:53:46.190187
Epoch 736/1000, D_loss=2.879723, reward=-7.109247
Epoch: 736: 2022-04-20 13:53:47.390827
Epoch 737/1000, D_loss=2.880320, reward=-7.109578
Epoch: 737: 2022-04-20 13:53:48.618604
Epoch 738/1000, D_loss=2.880564, reward=-7.113715
Epoch: 738: 2022-04-20 13:53:49.848485
Epoch 739/1000, D_loss=2.888293, reward=-7.097673
Epoch: 739: 2022-04-20 13:53:51.078740
Epoch 740/1000, D_loss=2.882482, reward=-7.100274
Test_MRR=0.105783, Test_MR=32.717228, Test_H@10=0.239700
Epoch: 740: 2022-04-20 13:53:53.730187
Epoch 741/1000, D_loss=2.869351, reward=-7.112691
Epoch: 741: 2022-04-20 13:53:54.972338
Epoch 742/1000, D_loss=2.872598, reward=-7.120350
Epoch: 742: 2022-04-20 13:53:56.252696
Epoch 743/1000, D_loss=2.884688, reward=-7.101856
Epoch: 743: 2022-04-20 13:53:57.475417
Epoch 744/1000, D_loss=2.870385, reward=-7.121714
Epoch: 744: 2022-04-20 13:53:58.673538
Epoch 745/1000, D_loss=2.882874, reward=-7.109753
Epoch: 745: 2022-04-20 13:53:59.840851
Epoch 746/1000, D_loss=2.890837, reward=-7.108243
Epoch: 746: 2022-04-20 13:54:01.008795
Epoch 747/1000, D_loss=2.881471, reward=-7.124780
Epoch: 747: 2022-04-20 13:54:02.140157
Epoch 748/1000, D_loss=2.877822, reward=-7.123398
Epoch: 748: 2022-04-20 13:54:03.311421
Epoch 749/1000, D_loss=2.884861, reward=-7.119123
Epoch: 749: 2022-04-20 13:54:04.497648
Epoch 750/1000, D_loss=2.877167, reward=-7.130737
Test_MRR=0.100345, Test_MR=33.073502, Test_H@10=0.245787
Epoch: 750: 2022-04-20 13:54:06.899080
Epoch 751/1000, D_loss=2.886288, reward=-7.116945
Epoch: 751: 2022-04-20 13:54:08.143574
Epoch 752/1000, D_loss=2.889495, reward=-7.110620
Epoch: 752: 2022-04-20 13:54:09.327336
Epoch 753/1000, D_loss=2.878193, reward=-7.120441
Epoch: 753: 2022-04-20 13:54:10.439542
Epoch 754/1000, D_loss=2.877509, reward=-7.109229
Epoch: 754: 2022-04-20 13:54:11.549626
Epoch 755/1000, D_loss=2.874210, reward=-7.101567
Epoch: 755: 2022-04-20 13:54:12.683262
Epoch 756/1000, D_loss=2.884278, reward=-7.080148
Epoch: 756: 2022-04-20 13:54:13.926369
Epoch 757/1000, D_loss=2.873461, reward=-7.084676
Epoch: 757: 2022-04-20 13:54:15.117242
Epoch 758/1000, D_loss=2.873745, reward=-7.080359
Epoch: 758: 2022-04-20 13:54:16.340805
Epoch 759/1000, D_loss=2.889528, reward=-7.067512
Epoch: 759: 2022-04-20 13:54:17.574427
Epoch 760/1000, D_loss=2.873371, reward=-7.077766
Test_MRR=0.102655, Test_MR=32.434925, Test_H@10=0.247659
Epoch: 760: 2022-04-20 13:54:20.229412
Epoch 761/1000, D_loss=2.879111, reward=-7.067626
Epoch: 761: 2022-04-20 13:54:21.463709
Epoch 762/1000, D_loss=2.882006, reward=-7.066701
Epoch: 762: 2022-04-20 13:54:22.704869
Epoch 763/1000, D_loss=2.884530, reward=-7.069085
Epoch: 763: 2022-04-20 13:54:23.946032
Epoch 764/1000, D_loss=2.872479, reward=-7.084930
Epoch: 764: 2022-04-20 13:54:25.242063
Epoch 765/1000, D_loss=2.874537, reward=-7.098030
Epoch: 765: 2022-04-20 13:54:26.304496
Epoch 766/1000, D_loss=2.880107, reward=-7.102537
Epoch: 766: 2022-04-20 13:54:27.479300
Epoch 767/1000, D_loss=2.872817, reward=-7.112081
Epoch: 767: 2022-04-20 13:54:28.718855
Epoch 768/1000, D_loss=2.871291, reward=-7.129921
Epoch: 768: 2022-04-20 13:54:29.958303
Epoch 769/1000, D_loss=2.885849, reward=-7.120264
Epoch: 769: 2022-04-20 13:54:31.198493
Epoch 770/1000, D_loss=2.879525, reward=-7.120752
Test_MRR=0.102156, Test_MR=33.732210, Test_H@10=0.230337
Epoch: 770: 2022-04-20 13:54:33.693384
Epoch 771/1000, D_loss=2.884707, reward=-7.124619
Epoch: 771: 2022-04-20 13:54:34.943355
Epoch 772/1000, D_loss=2.873730, reward=-7.124232
Epoch: 772: 2022-04-20 13:54:36.177164
Epoch 773/1000, D_loss=2.875146, reward=-7.111324
Epoch: 773: 2022-04-20 13:54:37.388922
Epoch 774/1000, D_loss=2.879154, reward=-7.108325
Epoch: 774: 2022-04-20 13:54:38.586652
Epoch 775/1000, D_loss=2.880674, reward=-7.113342
Epoch: 775: 2022-04-20 13:54:39.757832
Epoch 776/1000, D_loss=2.866458, reward=-7.126061
Epoch: 776: 2022-04-20 13:54:40.923528
Epoch 777/1000, D_loss=2.870007, reward=-7.119107
Epoch: 777: 2022-04-20 13:54:42.093023
Epoch 778/1000, D_loss=2.872663, reward=-7.103448
Epoch: 778: 2022-04-20 13:54:43.340158
Epoch 779/1000, D_loss=2.874255, reward=-7.113290
Epoch: 779: 2022-04-20 13:54:44.580035
Epoch 780/1000, D_loss=2.884866, reward=-7.099952
Test_MRR=0.106994, Test_MR=32.506086, Test_H@10=0.249064
Epoch: 780: 2022-04-20 13:54:47.241990
Epoch 781/1000, D_loss=2.877367, reward=-7.102514
Epoch: 781: 2022-04-20 13:54:48.481190
Epoch 782/1000, D_loss=2.873210, reward=-7.096435
Epoch: 782: 2022-04-20 13:54:49.723515
Epoch 783/1000, D_loss=2.875531, reward=-7.093976
Epoch: 783: 2022-04-20 13:54:50.959299
Epoch 784/1000, D_loss=2.884751, reward=-7.082478
Epoch: 784: 2022-04-20 13:54:52.178340
Epoch 785/1000, D_loss=2.877012, reward=-7.084582
Epoch: 785: 2022-04-20 13:54:53.419324
Epoch 786/1000, D_loss=2.873640, reward=-7.093308
Epoch: 786: 2022-04-20 13:54:54.661772
Epoch 787/1000, D_loss=2.878280, reward=-7.080663
Epoch: 787: 2022-04-20 13:54:55.956805
Epoch 788/1000, D_loss=2.874194, reward=-7.077824
Epoch: 788: 2022-04-20 13:54:57.148208
Epoch 789/1000, D_loss=2.877384, reward=-7.076215
Epoch: 789: 2022-04-20 13:54:58.321480
Epoch 790/1000, D_loss=2.880220, reward=-7.078336
Test_MRR=0.105335, Test_MR=32.449438, Test_H@10=0.241105
Epoch: 790: 2022-04-20 13:55:00.576092
Epoch 791/1000, D_loss=2.870461, reward=-7.099113
Epoch: 791: 2022-04-20 13:55:01.802675
Epoch 792/1000, D_loss=2.875760, reward=-7.101603
Epoch: 792: 2022-04-20 13:55:03.068962
Epoch 793/1000, D_loss=2.886235, reward=-7.084493
Epoch: 793: 2022-04-20 13:55:04.308531
Epoch 794/1000, D_loss=2.875906, reward=-7.088122
Epoch: 794: 2022-04-20 13:55:05.550267
Epoch 795/1000, D_loss=2.890197, reward=-7.074565
Epoch: 795: 2022-04-20 13:55:06.854597
Epoch 796/1000, D_loss=2.874543, reward=-7.079699
Epoch: 796: 2022-04-20 13:55:08.074185
Epoch 797/1000, D_loss=2.878516, reward=-7.078459
Epoch: 797: 2022-04-20 13:55:09.299772
Epoch 798/1000, D_loss=2.877270, reward=-7.073512
Epoch: 798: 2022-04-20 13:55:10.504130
Epoch 799/1000, D_loss=2.873386, reward=-7.079186
Epoch: 799: 2022-04-20 13:55:11.680837
Epoch 800/1000, D_loss=2.879441, reward=-7.072368
Test_MRR=0.105632, Test_MR=31.690075, Test_H@10=0.257959
Epoch: 800: 2022-04-20 13:55:14.380326
Epoch 801/1000, D_loss=2.878093, reward=-7.075579
Epoch: 801: 2022-04-20 13:55:15.775715
Epoch 802/1000, D_loss=2.876591, reward=-7.068663
Epoch: 802: 2022-04-20 13:55:17.099584
Epoch 803/1000, D_loss=2.876263, reward=-7.062621
Epoch: 803: 2022-04-20 13:55:18.422449
Epoch 804/1000, D_loss=2.881151, reward=-7.055685
Epoch: 804: 2022-04-20 13:55:19.724898
Epoch 805/1000, D_loss=2.868301, reward=-7.075886
Epoch: 805: 2022-04-20 13:55:20.901043
Epoch 806/1000, D_loss=2.881120, reward=-7.073736
Epoch: 806: 2022-04-20 13:55:22.045129
Epoch 807/1000, D_loss=2.880295, reward=-7.073786
Epoch: 807: 2022-04-20 13:55:23.180868
Epoch 808/1000, D_loss=2.872523, reward=-7.082559
Epoch: 808: 2022-04-20 13:55:24.314690
Epoch 809/1000, D_loss=2.877440, reward=-7.069111
Epoch: 809: 2022-04-20 13:55:25.457214
Epoch 810/1000, D_loss=2.871111, reward=-7.062402
Test_MRR=0.110399, Test_MR=31.399345, Test_H@10=0.256554
Epoch: 810: 2022-04-20 13:55:28.171079
Epoch 811/1000, D_loss=2.885077, reward=-7.049906
Epoch: 811: 2022-04-20 13:55:29.469693
Epoch 812/1000, D_loss=2.869471, reward=-7.081717
Epoch: 812: 2022-04-20 13:55:30.711296
Epoch 813/1000, D_loss=2.877123, reward=-7.083636
Epoch: 813: 2022-04-20 13:55:31.953287
Epoch 814/1000, D_loss=2.876529, reward=-7.079250
Epoch: 814: 2022-04-20 13:55:33.204309
Epoch 815/1000, D_loss=2.868245, reward=-7.078233
Epoch: 815: 2022-04-20 13:55:34.443952
Epoch 816/1000, D_loss=2.877822, reward=-7.068351
Epoch: 816: 2022-04-20 13:55:35.678947
Epoch 817/1000, D_loss=2.875958, reward=-7.065522
Epoch: 817: 2022-04-20 13:55:36.968384
Epoch 818/1000, D_loss=2.881638, reward=-7.053113
Epoch: 818: 2022-04-20 13:55:38.184339
Epoch 819/1000, D_loss=2.874029, reward=-7.055917
Epoch: 819: 2022-04-20 13:55:39.408795
Epoch 820/1000, D_loss=2.863381, reward=-7.066619
Test_MRR=0.107783, Test_MR=31.157772, Test_H@10=0.244850
Epoch: 820: 2022-04-20 13:55:41.731418
Epoch 821/1000, D_loss=2.878920, reward=-7.057572
Epoch: 821: 2022-04-20 13:55:43.025300
Epoch 822/1000, D_loss=2.880783, reward=-7.055323
Epoch: 822: 2022-04-20 13:55:44.265231
Epoch 823/1000, D_loss=2.877616, reward=-7.053976
Epoch: 823: 2022-04-20 13:55:45.560980
Epoch 824/1000, D_loss=2.884761, reward=-7.042659
Epoch: 824: 2022-04-20 13:55:46.868449
Epoch 825/1000, D_loss=2.876506, reward=-7.039032
Epoch: 825: 2022-04-20 13:55:48.205114
Epoch 826/1000, D_loss=2.873138, reward=-7.037619
Epoch: 826: 2022-04-20 13:55:49.480939
Epoch 827/1000, D_loss=2.874619, reward=-7.037520
Epoch: 827: 2022-04-20 13:55:50.697351
Epoch 828/1000, D_loss=2.882537, reward=-7.020535
Epoch: 828: 2022-04-20 13:55:51.921409
Epoch 829/1000, D_loss=2.876149, reward=-7.025379
Epoch: 829: 2022-04-20 13:55:53.144141
Epoch 830/1000, D_loss=2.878157, reward=-7.028774
Test_MRR=0.109157, Test_MR=30.990169, Test_H@10=0.261236
Epoch: 830: 2022-04-20 13:55:55.613316
Epoch 831/1000, D_loss=2.871360, reward=-7.037122
Epoch: 831: 2022-04-20 13:55:56.906560
Epoch 832/1000, D_loss=2.883492, reward=-7.031527
Epoch: 832: 2022-04-20 13:55:58.082260
Epoch 833/1000, D_loss=2.876252, reward=-7.042013
Epoch: 833: 2022-04-20 13:55:59.255810
Epoch 834/1000, D_loss=2.880822, reward=-7.041028
Epoch: 834: 2022-04-20 13:56:00.433108
Epoch 835/1000, D_loss=2.877481, reward=-7.049620
Epoch: 835: 2022-04-20 13:56:01.609893
Epoch 836/1000, D_loss=2.873012, reward=-7.068303
Epoch: 836: 2022-04-20 13:56:02.768408
Epoch 837/1000, D_loss=2.880795, reward=-7.068628
Epoch: 837: 2022-04-20 13:56:03.905742
Epoch 838/1000, D_loss=2.870304, reward=-7.070972
Epoch: 838: 2022-04-20 13:56:05.060406
Epoch 839/1000, D_loss=2.881553, reward=-7.060326
Epoch: 839: 2022-04-20 13:56:06.322292
Epoch 840/1000, D_loss=2.877959, reward=-7.044368
Test_MRR=0.102923, Test_MR=31.352060, Test_H@10=0.247191
Epoch: 840: 2022-04-20 13:56:08.983737
Epoch 841/1000, D_loss=2.877386, reward=-7.052460
Epoch: 841: 2022-04-20 13:56:10.218686
Epoch 842/1000, D_loss=2.890993, reward=-7.036803
Epoch: 842: 2022-04-20 13:56:11.451208
Epoch 843/1000, D_loss=2.872896, reward=-7.043474
Epoch: 843: 2022-04-20 13:56:12.719723
Epoch 844/1000, D_loss=2.884949, reward=-7.023476
Epoch: 844: 2022-04-20 13:56:13.959617
Epoch 845/1000, D_loss=2.890948, reward=-7.007373
Epoch: 845: 2022-04-20 13:56:15.196637
Epoch 846/1000, D_loss=2.876343, reward=-7.024518
Epoch: 846: 2022-04-20 13:56:16.429360
Epoch 847/1000, D_loss=2.886288, reward=-7.019668
Epoch: 847: 2022-04-20 13:56:17.666506
Epoch 848/1000, D_loss=2.878746, reward=-7.024943
Epoch: 848: 2022-04-20 13:56:18.904665
Epoch 849/1000, D_loss=2.870293, reward=-7.039073
Epoch: 849: 2022-04-20 13:56:20.136372
Epoch 850/1000, D_loss=2.872165, reward=-7.042799
Test_MRR=0.100987, Test_MR=31.040262, Test_H@10=0.242041
Epoch: 850: 2022-04-20 13:56:22.800020
Epoch 851/1000, D_loss=2.890162, reward=-7.028988
Epoch: 851: 2022-04-20 13:56:24.051189
Epoch 852/1000, D_loss=2.868094, reward=-7.044522
Epoch: 852: 2022-04-20 13:56:25.341469
Epoch 853/1000, D_loss=2.898726, reward=-7.011829
Epoch: 853: 2022-04-20 13:56:26.727616
Epoch 854/1000, D_loss=2.880444, reward=-7.032964
Epoch: 854: 2022-04-20 13:56:28.044466
Epoch 855/1000, D_loss=2.873307, reward=-7.038921
Epoch: 855: 2022-04-20 13:56:29.361743
Epoch 856/1000, D_loss=2.873303, reward=-7.057799
Epoch: 856: 2022-04-20 13:56:30.659277
Epoch 857/1000, D_loss=2.881649, reward=-7.051565
Epoch: 857: 2022-04-20 13:56:31.885362
Epoch 858/1000, D_loss=2.881940, reward=-7.043314
Epoch: 858: 2022-04-20 13:56:33.137578
Epoch 859/1000, D_loss=2.877395, reward=-7.058691
Epoch: 859: 2022-04-20 13:56:34.137569
Epoch 860/1000, D_loss=2.878531, reward=-7.052251
Test_MRR=0.097897, Test_MR=31.050094, Test_H@10=0.240169
Epoch: 860: 2022-04-20 13:56:36.539752
Epoch 861/1000, D_loss=2.876167, reward=-7.054911
Epoch: 861: 2022-04-20 13:56:37.786332
Epoch 862/1000, D_loss=2.888232, reward=-7.033697
Epoch: 862: 2022-04-20 13:56:39.174467
Epoch 863/1000, D_loss=2.884112, reward=-7.038499
Epoch: 863: 2022-04-20 13:56:40.486390
Epoch 864/1000, D_loss=2.884690, reward=-7.033393
Epoch: 864: 2022-04-20 13:56:41.792048
Epoch 865/1000, D_loss=2.891764, reward=-7.030411
Epoch: 865: 2022-04-20 13:56:42.990131
Epoch 866/1000, D_loss=2.887720, reward=-7.028235
Epoch: 866: 2022-04-20 13:56:43.968147
Epoch 867/1000, D_loss=2.878071, reward=-7.034390
Epoch: 867: 2022-04-20 13:56:45.119939
Epoch 868/1000, D_loss=2.895331, reward=-7.009059
Epoch: 868: 2022-04-20 13:56:46.101859
Epoch 869/1000, D_loss=2.882789, reward=-7.020226
Epoch: 869: 2022-04-20 13:56:47.079930
Epoch 870/1000, D_loss=2.889851, reward=-7.007055
Test_MRR=0.099144, Test_MR=30.897472, Test_H@10=0.239700
Epoch: 870: 2022-04-20 13:56:49.698458
Epoch 871/1000, D_loss=2.882623, reward=-7.018685
Epoch: 871: 2022-04-20 13:56:50.926649
Epoch 872/1000, D_loss=2.884021, reward=-7.034837
Epoch: 872: 2022-04-20 13:56:52.155183
Epoch 873/1000, D_loss=2.891031, reward=-7.032473
Epoch: 873: 2022-04-20 13:56:53.330701
Epoch 874/1000, D_loss=2.898567, reward=-7.027715
Epoch: 874: 2022-04-20 13:56:54.532296
Epoch 875/1000, D_loss=2.893203, reward=-7.024833
Epoch: 875: 2022-04-20 13:56:55.772281
Epoch 876/1000, D_loss=2.874684, reward=-7.045733
Epoch: 876: 2022-04-20 13:56:56.981321
Epoch 877/1000, D_loss=2.885017, reward=-7.030494
Epoch: 877: 2022-04-20 13:56:58.196387
Epoch 878/1000, D_loss=2.888480, reward=-7.021224
Epoch: 878: 2022-04-20 13:56:59.392564
Epoch 879/1000, D_loss=2.877369, reward=-7.031282
Epoch: 879: 2022-04-20 13:57:00.595181
Epoch 880/1000, D_loss=2.880539, reward=-7.026954
Test_MRR=0.095455, Test_MR=32.042135, Test_H@10=0.230337
Epoch: 880: 2022-04-20 13:57:02.852857
Epoch 881/1000, D_loss=2.882755, reward=-7.021809
Epoch: 881: 2022-04-20 13:57:04.161988
Epoch 882/1000, D_loss=2.883111, reward=-7.022219
Epoch: 882: 2022-04-20 13:57:05.379103
Epoch 883/1000, D_loss=2.891922, reward=-7.019883
Epoch: 883: 2022-04-20 13:57:06.642212
Epoch 884/1000, D_loss=2.884917, reward=-7.021555
Epoch: 884: 2022-04-20 13:57:07.864564
Epoch 885/1000, D_loss=2.887577, reward=-7.025596
Epoch: 885: 2022-04-20 13:57:09.094918
Epoch 886/1000, D_loss=2.882841, reward=-7.016949
Epoch: 886: 2022-04-20 13:57:10.331605
Epoch 887/1000, D_loss=2.879244, reward=-7.024750
Epoch: 887: 2022-04-20 13:57:11.459171
Epoch 888/1000, D_loss=2.882772, reward=-7.018942
Epoch: 888: 2022-04-20 13:57:12.450612
Epoch 889/1000, D_loss=2.895047, reward=-7.018248
Epoch: 889: 2022-04-20 13:57:13.532670
Epoch 890/1000, D_loss=2.885790, reward=-7.026070
Test_MRR=0.099007, Test_MR=32.242041, Test_H@10=0.232678
Epoch: 890: 2022-04-20 13:57:16.069101
Epoch 891/1000, D_loss=2.886138, reward=-7.039875
Epoch: 891: 2022-04-20 13:57:17.198515
Epoch 892/1000, D_loss=2.886461, reward=-7.045928
Epoch: 892: 2022-04-20 13:57:18.188183
Epoch 893/1000, D_loss=2.888945, reward=-7.036697
Epoch: 893: 2022-04-20 13:57:19.274131
Epoch 894/1000, D_loss=2.885221, reward=-7.028618
Epoch: 894: 2022-04-20 13:57:20.254474
Epoch 895/1000, D_loss=2.889539, reward=-7.022054
Epoch: 895: 2022-04-20 13:57:21.244266
Epoch 896/1000, D_loss=2.881828, reward=-7.029583
Epoch: 896: 2022-04-20 13:57:22.270250
Epoch 897/1000, D_loss=2.893257, reward=-7.023242
Epoch: 897: 2022-04-20 13:57:23.465459
Epoch 898/1000, D_loss=2.893980, reward=-7.004526
Epoch: 898: 2022-04-20 13:57:24.638263
Epoch 899/1000, D_loss=2.890434, reward=-7.000874
Epoch: 899: 2022-04-20 13:57:25.859717
Epoch 900/1000, D_loss=2.887059, reward=-6.996411
Test_MRR=0.094610, Test_MR=31.835674, Test_H@10=0.242041
Epoch: 900: 2022-04-20 13:57:28.251469
Epoch 901/1000, D_loss=2.885925, reward=-6.999463
Epoch: 901: 2022-04-20 13:57:29.476554
Epoch 902/1000, D_loss=2.884439, reward=-7.000483
Epoch: 902: 2022-04-20 13:57:30.676795
Epoch 903/1000, D_loss=2.884094, reward=-7.002825
Epoch: 903: 2022-04-20 13:57:31.850935
Epoch 904/1000, D_loss=2.893593, reward=-6.992501
Epoch: 904: 2022-04-20 13:57:33.016005
Epoch 905/1000, D_loss=2.878170, reward=-7.003799
Epoch: 905: 2022-04-20 13:57:34.121968
Epoch 906/1000, D_loss=2.884272, reward=-7.003335
Epoch: 906: 2022-04-20 13:57:35.209602
Epoch 907/1000, D_loss=2.885913, reward=-7.012774
Epoch: 907: 2022-04-20 13:57:36.437184
Epoch 908/1000, D_loss=2.884425, reward=-7.008253
Epoch: 908: 2022-04-20 13:57:37.674597
Epoch 909/1000, D_loss=2.884414, reward=-7.002172
Epoch: 909: 2022-04-20 13:57:38.824087
Epoch 910/1000, D_loss=2.888720, reward=-7.008750
Test_MRR=0.099345, Test_MR=32.131554, Test_H@10=0.238764
Epoch: 910: 2022-04-20 13:57:41.405214
Epoch 911/1000, D_loss=2.889842, reward=-7.014388
Epoch: 911: 2022-04-20 13:57:42.670880
Epoch 912/1000, D_loss=2.887707, reward=-7.024138
Epoch: 912: 2022-04-20 13:57:43.897223
Epoch 913/1000, D_loss=2.893861, reward=-7.026980
Epoch: 913: 2022-04-20 13:57:45.133437
Epoch 914/1000, D_loss=2.887982, reward=-7.015957
Epoch: 914: 2022-04-20 13:57:46.367969
Epoch 915/1000, D_loss=2.884919, reward=-7.016482
Epoch: 915: 2022-04-20 13:57:47.593956
Epoch 916/1000, D_loss=2.883203, reward=-7.014130
Epoch: 916: 2022-04-20 13:57:48.826293
Epoch 917/1000, D_loss=2.885147, reward=-6.996601
Epoch: 917: 2022-04-20 13:57:50.062516
Epoch 918/1000, D_loss=2.884280, reward=-6.999279
Epoch: 918: 2022-04-20 13:57:51.185088
Epoch 919/1000, D_loss=2.894423, reward=-6.998128
Epoch: 919: 2022-04-20 13:57:52.334545
Epoch 920/1000, D_loss=2.889069, reward=-7.000434
Test_MRR=0.093433, Test_MR=32.122659, Test_H@10=0.233146
Epoch: 920: 2022-04-20 13:57:55.000558
Epoch 921/1000, D_loss=2.889635, reward=-7.002022
Epoch: 921: 2022-04-20 13:57:56.280009
Epoch 922/1000, D_loss=2.881142, reward=-7.008637
Epoch: 922: 2022-04-20 13:57:57.501847
Epoch 923/1000, D_loss=2.891529, reward=-7.005945
Epoch: 923: 2022-04-20 13:57:58.717471
Epoch 924/1000, D_loss=2.887170, reward=-7.018405
Epoch: 924: 2022-04-20 13:57:59.917247
Epoch 925/1000, D_loss=2.887776, reward=-7.023888
Epoch: 925: 2022-04-20 13:58:01.054071
Epoch 926/1000, D_loss=2.887821, reward=-7.023275
Epoch: 926: 2022-04-20 13:58:02.222442
Epoch 927/1000, D_loss=2.887699, reward=-7.037861
Epoch: 927: 2022-04-20 13:58:03.390101
Epoch 928/1000, D_loss=2.886832, reward=-7.043479
Epoch: 928: 2022-04-20 13:58:04.606119
Epoch 929/1000, D_loss=2.889433, reward=-7.031573
Epoch: 929: 2022-04-20 13:58:05.720971
Epoch 930/1000, D_loss=2.891530, reward=-7.010135
Test_MRR=0.090646, Test_MR=32.393727, Test_H@10=0.216760
Epoch: 930: 2022-04-20 13:58:08.081930
Epoch 931/1000, D_loss=2.890807, reward=-7.016032
Epoch: 931: 2022-04-20 13:58:09.396597
Epoch 932/1000, D_loss=2.880186, reward=-7.013592
Epoch: 932: 2022-04-20 13:58:10.625787
Epoch 933/1000, D_loss=2.888871, reward=-7.002701
Epoch: 933: 2022-04-20 13:58:11.847427
Epoch 934/1000, D_loss=2.890149, reward=-7.007074
Epoch: 934: 2022-04-20 13:58:13.065494
Epoch 935/1000, D_loss=2.896993, reward=-6.999043
Epoch: 935: 2022-04-20 13:58:14.287438
Epoch 936/1000, D_loss=2.884274, reward=-7.014841
Epoch: 936: 2022-04-20 13:58:15.492271
Epoch 937/1000, D_loss=2.894612, reward=-7.002312
Epoch: 937: 2022-04-20 13:58:16.679157
Epoch 938/1000, D_loss=2.888677, reward=-7.012275
Epoch: 938: 2022-04-20 13:58:17.845996
Epoch 939/1000, D_loss=2.899903, reward=-7.013480
Epoch: 939: 2022-04-20 13:58:18.987882
Epoch 940/1000, D_loss=2.891286, reward=-7.016723
Test_MRR=0.096729, Test_MR=32.716292, Test_H@10=0.220037
Epoch: 940: 2022-04-20 13:58:21.243254
Epoch 941/1000, D_loss=2.891953, reward=-7.011759
Epoch: 941: 2022-04-20 13:58:22.469491
Epoch 942/1000, D_loss=2.895823, reward=-7.006495
Epoch: 942: 2022-04-20 13:58:23.715235
Epoch 943/1000, D_loss=2.892207, reward=-7.008653
Epoch: 943: 2022-04-20 13:58:24.951204
Epoch 944/1000, D_loss=2.885873, reward=-7.015926
Epoch: 944: 2022-04-20 13:58:26.233417
Epoch 945/1000, D_loss=2.903364, reward=-6.992078
Epoch: 945: 2022-04-20 13:58:27.430977
Epoch 946/1000, D_loss=2.896061, reward=-7.007114
Epoch: 946: 2022-04-20 13:58:28.604847
Epoch 947/1000, D_loss=2.904624, reward=-7.009558
Epoch: 947: 2022-04-20 13:58:29.758030
Epoch 948/1000, D_loss=2.903694, reward=-7.003738
Epoch: 948: 2022-04-20 13:58:30.927844
Epoch 949/1000, D_loss=2.895664, reward=-7.016129
Epoch: 949: 2022-04-20 13:58:32.105352
Epoch 950/1000, D_loss=2.901724, reward=-7.020364
Test_MRR=0.094026, Test_MR=32.768258, Test_H@10=0.227528
Epoch: 950: 2022-04-20 13:58:34.734952
Epoch 951/1000, D_loss=2.890882, reward=-7.028837
Epoch: 951: 2022-04-20 13:58:35.958313
Epoch 952/1000, D_loss=2.883273, reward=-7.040477
Epoch: 952: 2022-04-20 13:58:36.964230
Epoch 953/1000, D_loss=2.900705, reward=-7.015276
Epoch: 953: 2022-04-20 13:58:38.185269
Epoch 954/1000, D_loss=2.900330, reward=-7.012002
Epoch: 954: 2022-04-20 13:58:39.342476
Epoch 955/1000, D_loss=2.888493, reward=-7.019378
Epoch: 955: 2022-04-20 13:58:40.582871
Epoch 956/1000, D_loss=2.888524, reward=-7.014340
Epoch: 956: 2022-04-20 13:58:41.822748
Epoch 957/1000, D_loss=2.891588, reward=-7.005041
Epoch: 957: 2022-04-20 13:58:43.044298
Epoch 958/1000, D_loss=2.884799, reward=-7.018151
Epoch: 958: 2022-04-20 13:58:44.245690
Epoch 959/1000, D_loss=2.900304, reward=-6.993455
Epoch: 959: 2022-04-20 13:58:45.543590
Epoch 960/1000, D_loss=2.887336, reward=-7.000190
Test_MRR=0.096760, Test_MR=32.739232, Test_H@10=0.220974
Epoch: 960: 2022-04-20 13:58:47.861927
Epoch 961/1000, D_loss=2.897080, reward=-6.987212
Epoch: 961: 2022-04-20 13:58:49.089662
Epoch 962/1000, D_loss=2.897997, reward=-6.989900
Epoch: 962: 2022-04-20 13:58:50.245271
Epoch 963/1000, D_loss=2.894305, reward=-7.000612
Epoch: 963: 2022-04-20 13:58:51.391103
Epoch 964/1000, D_loss=2.881544, reward=-7.016564
Epoch: 964: 2022-04-20 13:58:52.538580
Epoch 965/1000, D_loss=2.898508, reward=-6.991193
Epoch: 965: 2022-04-20 13:58:53.686192
Epoch 966/1000, D_loss=2.890133, reward=-7.002567
Epoch: 966: 2022-04-20 13:58:54.800441
Epoch 967/1000, D_loss=2.897030, reward=-6.987592
Epoch: 967: 2022-04-20 13:58:55.916713
Epoch 968/1000, D_loss=2.894071, reward=-7.003006
Epoch: 968: 2022-04-20 13:58:57.157526
Epoch 969/1000, D_loss=2.887682, reward=-7.017386
Epoch: 969: 2022-04-20 13:58:58.308104
Epoch 970/1000, D_loss=2.898928, reward=-7.006455
Test_MRR=0.098692, Test_MR=31.916667, Test_H@10=0.239232
Epoch: 970: 2022-04-20 13:59:00.786510
Epoch 971/1000, D_loss=2.877467, reward=-7.021259
Epoch: 971: 2022-04-20 13:59:02.026318
Epoch 972/1000, D_loss=2.892997, reward=-7.004567
Epoch: 972: 2022-04-20 13:59:03.323092
Epoch 973/1000, D_loss=2.903475, reward=-6.988907
Epoch: 973: 2022-04-20 13:59:04.520158
Epoch 974/1000, D_loss=2.900069, reward=-6.986181
Epoch: 974: 2022-04-20 13:59:05.693096
Epoch 975/1000, D_loss=2.899900, reward=-6.989623
Epoch: 975: 2022-04-20 13:59:06.860921
Epoch 976/1000, D_loss=2.893262, reward=-7.006740
Epoch: 976: 2022-04-20 13:59:08.100252
Epoch 977/1000, D_loss=2.891999, reward=-6.999195
Epoch: 977: 2022-04-20 13:59:09.338295
Epoch 978/1000, D_loss=2.901948, reward=-7.003418
Epoch: 978: 2022-04-20 13:59:10.577921
Epoch 979/1000, D_loss=2.900933, reward=-7.005346
Epoch: 979: 2022-04-20 13:59:11.839233
Epoch 980/1000, D_loss=2.895510, reward=-7.008951
Test_MRR=0.100235, Test_MR=31.969101, Test_H@10=0.219569
Epoch: 980: 2022-04-20 13:59:14.480842
Epoch 981/1000, D_loss=2.897985, reward=-6.994210
Epoch: 981: 2022-04-20 13:59:15.911490
Epoch 982/1000, D_loss=2.899383, reward=-7.002344
Epoch: 982: 2022-04-20 13:59:17.227786
Epoch 983/1000, D_loss=2.895395, reward=-7.001944
Epoch: 983: 2022-04-20 13:59:18.544141
Epoch 984/1000, D_loss=2.895921, reward=-7.016385
Epoch: 984: 2022-04-20 13:59:19.819213
Epoch 985/1000, D_loss=2.889932, reward=-7.016583
Epoch: 985: 2022-04-20 13:59:21.063368
Epoch 986/1000, D_loss=2.891826, reward=-7.005035
Epoch: 986: 2022-04-20 13:59:22.270785
Epoch 987/1000, D_loss=2.895118, reward=-6.997436
Epoch: 987: 2022-04-20 13:59:23.455994
Epoch 988/1000, D_loss=2.898213, reward=-6.996572
Epoch: 988: 2022-04-20 13:59:24.620560
Epoch 989/1000, D_loss=2.894767, reward=-6.991617
Epoch: 989: 2022-04-20 13:59:25.867201
Epoch 990/1000, D_loss=2.903090, reward=-6.978141
Test_MRR=0.099022, Test_MR=32.165730, Test_H@10=0.231742
Epoch: 990: 2022-04-20 13:59:28.279207
Epoch 991/1000, D_loss=2.890777, reward=-6.981548
Epoch: 991: 2022-04-20 13:59:29.523089
Epoch 992/1000, D_loss=2.886934, reward=-6.984757
Epoch: 992: 2022-04-20 13:59:30.732445
Epoch 993/1000, D_loss=2.901414, reward=-6.976162
Epoch: 993: 2022-04-20 13:59:31.943249
Epoch 994/1000, D_loss=2.894410, reward=-6.980837
Epoch: 994: 2022-04-20 13:59:33.131039
Epoch 995/1000, D_loss=2.903104, reward=-6.971723
Epoch: 995: 2022-04-20 13:59:34.299953
Epoch 996/1000, D_loss=2.901013, reward=-6.962974
Epoch: 996: 2022-04-20 13:59:35.429568
Epoch 997/1000, D_loss=2.893058, reward=-6.980898
Epoch: 997: 2022-04-20 13:59:36.558962
Epoch 998/1000, D_loss=2.897278, reward=-6.981930
Epoch: 998: 2022-04-20 13:59:37.687726
Epoch 999/1000, D_loss=2.897001, reward=-6.980761
Epoch: 999: 2022-04-20 13:59:38.800303
Epoch 1000/1000, D_loss=2.895389, reward=-6.983103
Test_MRR=0.103212, Test_MR=31.057116, Test_H@10=0.248596
Best Performance:
Test_MRR=0.240272, Test_MR=18.718808, Test_H@10=0.511639
