pretrain_config=TransE
g_config=ComplEx
d_config=TransD
test_batch_size=100
task.dir=fb15k
task.type=link
adv.use_pretrained_models=False
adv.n_sample=20
adv.sample_type=original
adv.measure_type=entropy
adv.n_epoch=1000
adv.n_batch=100
adv.epoch_per_test=10
adv.temperature=1.0
TransE.dim=50
TransE.margin=3
TransE.p=1
TransE.n_epoch=1000
TransE.n_batch=100
TransE.epoch_per_test=10
TransE.model_file=transe.mdl
TransD.dim=50
TransD.margin=3
TransD.p=1
TransD.n_epoch=1000
TransD.n_batch=100
TransD.epoch_per_test=10
TransD.model_file=transd.mdl
DistMult.dim=50
DistMult.lam=0.1
DistMult.n_sample=20
DistMult.sample_freq=1
DistMult.n_epoch=1000
DistMult.n_batch=100
DistMult.epoch_per_test=10
DistMult.model_file=distmult.mdl
ComplEx.dim=25
ComplEx.lam=0.1
ComplEx.n_sample=20
ComplEx.sample_freq=1
ComplEx.n_epoch=1000
ComplEx.n_batch=100
ComplEx.epoch_per_test=10
ComplEx.model_file=complex.mdl
log.dump_config=False
log.log_train=True
log.log_config=True
log.dir=./logs
log.log_advtrain_graphs=True
log.log_pretrain_graph=True
log.graph_every_nth_epoch=10
2022-04-21 21:09:55.307312
Test_MRR=0.004292, Test_MR=7373.117189, Test_H@10=0.004241
Epoch: 0: 2022-04-21 21:26:11.483016
Epoch 1/1000, D_loss=2.731453, reward=-9.472694
Epoch: 1: 2022-04-21 21:26:25.352146
Epoch 2/1000, D_loss=2.253626, reward=-8.989121
Epoch: 2: 2022-04-21 21:26:38.484815
Epoch 3/1000, D_loss=1.839046, reward=-8.642032
Epoch: 3: 2022-04-21 21:26:51.907388
Epoch 4/1000, D_loss=1.516582, reward=-8.434257
Epoch: 4: 2022-04-21 21:27:04.715290
Epoch 5/1000, D_loss=1.256416, reward=-8.357493
Epoch: 5: 2022-04-21 21:27:18.030440
Epoch 6/1000, D_loss=1.051223, reward=-8.354221
Epoch: 6: 2022-04-21 21:27:31.158290
Epoch 7/1000, D_loss=0.891005, reward=-8.391865
Epoch: 7: 2022-04-21 21:27:44.754909
Epoch 8/1000, D_loss=0.763145, reward=-8.439435
Epoch: 8: 2022-04-21 21:27:57.997460
Epoch 9/1000, D_loss=0.668129, reward=-8.481085
Epoch: 9: 2022-04-21 21:28:11.422781
Epoch 10/1000, D_loss=0.590492, reward=-8.528714
Test_MRR=0.182222, Test_MR=784.409620, Test_H@10=0.325410
Epoch: 10: 2022-04-21 21:42:12.272038
Epoch 11/1000, D_loss=0.529617, reward=-8.571404
Epoch: 11: 2022-04-21 21:42:25.441093
Epoch 12/1000, D_loss=0.475932, reward=-8.621885
Epoch: 12: 2022-04-21 21:42:38.403839
Epoch 13/1000, D_loss=0.435166, reward=-8.660594
Epoch: 13: 2022-04-21 21:42:51.605526
Epoch 14/1000, D_loss=0.398962, reward=-8.702261
Epoch: 14: 2022-04-21 21:43:04.594957
Epoch 15/1000, D_loss=0.370158, reward=-8.743067
Epoch: 15: 2022-04-21 21:43:17.342987
Epoch 16/1000, D_loss=0.343060, reward=-8.787724
Epoch: 16: 2022-04-21 21:43:29.710316
Epoch 17/1000, D_loss=0.322967, reward=-8.819489
Epoch: 17: 2022-04-21 21:43:42.579181
Epoch 18/1000, D_loss=0.303079, reward=-8.857381
Epoch: 18: 2022-04-21 21:43:55.105468
Epoch 19/1000, D_loss=0.289158, reward=-8.887940
Epoch: 19: 2022-04-21 21:44:09.276761
Epoch 20/1000, D_loss=0.276979, reward=-8.911846
Test_MRR=0.241548, Test_MR=315.638320, Test_H@10=0.409580
Epoch: 20: 2022-04-21 21:58:12.777340
Epoch 21/1000, D_loss=0.267199, reward=-8.939390
Epoch: 21: 2022-04-21 21:58:25.277670
Epoch 22/1000, D_loss=0.254103, reward=-8.968774
Epoch: 22: 2022-04-21 21:58:38.818665
Epoch 23/1000, D_loss=0.247431, reward=-8.989010
Epoch: 23: 2022-04-21 21:58:52.205360
Epoch 24/1000, D_loss=0.239914, reward=-9.012339
Epoch: 24: 2022-04-21 21:59:05.535820
Epoch 25/1000, D_loss=0.234711, reward=-9.023059
Epoch: 25: 2022-04-21 21:59:19.639712
Epoch 26/1000, D_loss=0.227168, reward=-9.038486
Epoch: 26: 2022-04-21 21:59:32.494377
Epoch 27/1000, D_loss=0.222359, reward=-9.051266
Epoch: 27: 2022-04-21 21:59:45.393687
Epoch 28/1000, D_loss=0.217059, reward=-9.073168
Epoch: 28: 2022-04-21 21:59:58.962946
Epoch 29/1000, D_loss=0.213456, reward=-9.079501
Epoch: 29: 2022-04-21 22:00:11.782346
Epoch 30/1000, D_loss=0.209468, reward=-9.094374
Test_MRR=0.268106, Test_MR=224.644920, Test_H@10=0.448240
Epoch: 30: 2022-04-21 22:14:13.090304
Epoch 31/1000, D_loss=0.207763, reward=-9.103213
Epoch: 31: 2022-04-21 22:14:26.304759
Epoch 32/1000, D_loss=0.204368, reward=-9.109480
Epoch: 32: 2022-04-21 22:14:40.718843
Epoch 33/1000, D_loss=0.202880, reward=-9.121735
Epoch: 33: 2022-04-21 22:14:54.308940
Epoch 34/1000, D_loss=0.201304, reward=-9.125603
Epoch: 34: 2022-04-21 22:15:07.188410
Epoch 35/1000, D_loss=0.199513, reward=-9.129355
Epoch: 35: 2022-04-21 22:15:20.029820
Epoch 36/1000, D_loss=0.200312, reward=-9.127245
Epoch: 36: 2022-04-21 22:15:33.319600
Epoch 37/1000, D_loss=0.203264, reward=-9.121082
Epoch: 37: 2022-04-21 22:15:46.564084
Epoch 38/1000, D_loss=0.203322, reward=-9.120049
Epoch: 38: 2022-04-21 22:15:59.775102
Epoch 39/1000, D_loss=0.206116, reward=-9.109110
Epoch: 39: 2022-04-21 22:16:13.236689
Epoch 40/1000, D_loss=0.210283, reward=-9.096730
Test_MRR=0.281327, Test_MR=182.812800, Test_H@10=0.470290
Epoch: 40: 2022-04-21 22:30:17.489699
Epoch 41/1000, D_loss=0.212081, reward=-9.084567
Epoch: 41: 2022-04-21 22:30:30.991208
Epoch 42/1000, D_loss=0.217353, reward=-9.072713
Epoch: 42: 2022-04-21 22:30:44.198537
Epoch 43/1000, D_loss=0.222020, reward=-9.051154
Epoch: 43: 2022-04-21 22:30:57.683262
Epoch 44/1000, D_loss=0.228206, reward=-9.025990
Epoch: 44: 2022-04-21 22:31:11.052602
Epoch 45/1000, D_loss=0.232124, reward=-9.000944
Epoch: 45: 2022-04-21 22:31:24.019069
Epoch 46/1000, D_loss=0.241905, reward=-8.965736
Epoch: 46: 2022-04-21 22:31:37.333098
Epoch 47/1000, D_loss=0.246842, reward=-8.937712
Epoch: 47: 2022-04-21 22:31:50.322059
Epoch 48/1000, D_loss=0.256138, reward=-8.900728
Epoch: 48: 2022-04-21 22:32:03.436532
Epoch 49/1000, D_loss=0.266365, reward=-8.863262
Epoch: 49: 2022-04-21 22:32:16.588839
Epoch 50/1000, D_loss=0.276406, reward=-8.827250
Test_MRR=0.283466, Test_MR=172.198970, Test_H@10=0.475480
Epoch: 50: 2022-04-21 22:46:23.553370
Epoch 51/1000, D_loss=0.285974, reward=-8.786713
Epoch: 51: 2022-04-21 22:46:36.875028
Epoch 52/1000, D_loss=0.296490, reward=-8.748535
Epoch: 52: 2022-04-21 22:46:50.990322
Epoch 53/1000, D_loss=0.309152, reward=-8.709607
Epoch: 53: 2022-04-21 22:47:04.435746
Epoch 54/1000, D_loss=0.319450, reward=-8.676791
Epoch: 54: 2022-04-21 22:47:17.710012
Epoch 55/1000, D_loss=0.330050, reward=-8.640958
Epoch: 55: 2022-04-21 22:47:30.876845
Epoch 56/1000, D_loss=0.340491, reward=-8.608495
Epoch: 56: 2022-04-21 22:47:43.942746
Epoch 57/1000, D_loss=0.349464, reward=-8.584263
Epoch: 57: 2022-04-21 22:47:57.586293
Epoch 58/1000, D_loss=0.356722, reward=-8.561861
Epoch: 58: 2022-04-21 22:48:10.984555
Epoch 59/1000, D_loss=0.366909, reward=-8.537029
Epoch: 59: 2022-04-21 22:48:23.806827
Epoch 60/1000, D_loss=0.374375, reward=-8.518085
Test_MRR=0.286209, Test_MR=165.486740, Test_H@10=0.481640
Epoch: 60: 2022-04-21 23:02:26.827469
Epoch 61/1000, D_loss=0.382433, reward=-8.505263
Epoch: 61: 2022-04-21 23:02:40.485468
Epoch 62/1000, D_loss=0.387760, reward=-8.491702
Epoch: 62: 2022-04-21 23:02:54.017282
Epoch 63/1000, D_loss=0.397432, reward=-8.471045
Epoch: 63: 2022-04-21 23:03:07.217525
Epoch 64/1000, D_loss=0.400943, reward=-8.465093
Epoch: 64: 2022-04-21 23:03:20.347799
Epoch 65/1000, D_loss=0.405748, reward=-8.454432
Epoch: 65: 2022-04-21 23:03:33.923021
Epoch 66/1000, D_loss=0.409875, reward=-8.444736
Epoch: 66: 2022-04-21 23:03:47.001457
Epoch 67/1000, D_loss=0.416908, reward=-8.437797
Epoch: 67: 2022-04-21 23:03:59.890987
Epoch 68/1000, D_loss=0.420520, reward=-8.429396
Epoch: 68: 2022-04-21 23:04:12.724658
Epoch 69/1000, D_loss=0.425702, reward=-8.423606
Epoch: 69: 2022-04-21 23:04:26.656751
Epoch 70/1000, D_loss=0.430753, reward=-8.409688
Test_MRR=0.295466, Test_MR=161.585940, Test_H@10=0.497270
Epoch: 70: 2022-04-21 23:18:27.483221
Epoch 71/1000, D_loss=0.431622, reward=-8.409026
Epoch: 71: 2022-04-21 23:18:41.173307
Epoch 72/1000, D_loss=0.437835, reward=-8.397066
Epoch: 72: 2022-04-21 23:18:54.381615
Epoch 73/1000, D_loss=0.443226, reward=-8.385489
Epoch: 73: 2022-04-21 23:19:07.462552
Epoch 74/1000, D_loss=0.444382, reward=-8.385325
Epoch: 74: 2022-04-21 23:19:20.561881
Epoch 75/1000, D_loss=0.450903, reward=-8.375688
Epoch: 75: 2022-04-21 23:19:34.232503
Epoch 76/1000, D_loss=0.453631, reward=-8.368719
Epoch: 76: 2022-04-21 23:19:47.381618
Epoch 77/1000, D_loss=0.458813, reward=-8.359598
Epoch: 77: 2022-04-21 23:20:00.490446
Epoch 78/1000, D_loss=0.462408, reward=-8.353921
Epoch: 78: 2022-04-21 23:20:13.310469
Epoch 79/1000, D_loss=0.464539, reward=-8.349891
Epoch: 79: 2022-04-21 23:20:25.874110
Epoch 80/1000, D_loss=0.466206, reward=-8.339203
Test_MRR=0.302673, Test_MR=170.995930, Test_H@10=0.509180
Epoch: 80: 2022-04-21 23:34:25.328182
Epoch 81/1000, D_loss=0.468689, reward=-8.334525
Epoch: 81: 2022-04-21 23:34:38.572165
Epoch 82/1000, D_loss=0.476168, reward=-8.321057
Epoch: 82: 2022-04-21 23:34:51.478549
Epoch 83/1000, D_loss=0.481487, reward=-8.312577
Epoch: 83: 2022-04-21 23:35:04.929883
Epoch 84/1000, D_loss=0.482993, reward=-8.305056
Epoch: 84: 2022-04-21 23:35:17.624376
Epoch 85/1000, D_loss=0.487969, reward=-8.300941
Epoch: 85: 2022-04-21 23:35:30.437121
Epoch 86/1000, D_loss=0.492300, reward=-8.289267
Epoch: 86: 2022-04-21 23:35:43.937933
Epoch 87/1000, D_loss=0.495697, reward=-8.284590
Epoch: 87: 2022-04-21 23:35:57.206431
Epoch 88/1000, D_loss=0.496382, reward=-8.280079
Epoch: 88: 2022-04-21 23:36:10.158083
Epoch 89/1000, D_loss=0.503588, reward=-8.267002
Epoch: 89: 2022-04-21 23:36:23.175079
Epoch 90/1000, D_loss=0.505955, reward=-8.266878
Test_MRR=0.308621, Test_MR=186.440880, Test_H@10=0.518890
Epoch: 90: 2022-04-21 23:50:21.209748
Epoch 91/1000, D_loss=0.511923, reward=-8.254148
Epoch: 91: 2022-04-21 23:50:34.091112
Epoch 92/1000, D_loss=0.515721, reward=-8.249602
Epoch: 92: 2022-04-21 23:50:47.449699
Epoch 93/1000, D_loss=0.514785, reward=-8.251079
Epoch: 93: 2022-04-21 23:51:00.706231
Epoch 94/1000, D_loss=0.519760, reward=-8.240945
Epoch: 94: 2022-04-21 23:51:13.572917
Epoch 95/1000, D_loss=0.521659, reward=-8.239326
Epoch: 95: 2022-04-21 23:51:27.061235
Epoch 96/1000, D_loss=0.528652, reward=-8.227509
Epoch: 96: 2022-04-21 23:51:39.867816
Epoch 97/1000, D_loss=0.528696, reward=-8.224831
Epoch: 97: 2022-04-21 23:51:52.901404
Epoch 98/1000, D_loss=0.532124, reward=-8.218999
Epoch: 98: 2022-04-21 23:52:05.667528
Epoch 99/1000, D_loss=0.535502, reward=-8.213273
Epoch: 99: 2022-04-21 23:52:19.092330
Epoch 100/1000, D_loss=0.538764, reward=-8.210900
Test_MRR=0.314116, Test_MR=196.707430, Test_H@10=0.531390
Epoch: 100: 2022-04-22 00:06:18.231448
Epoch 101/1000, D_loss=0.541612, reward=-8.205749
Epoch: 101: 2022-04-22 00:06:31.397255
Epoch 102/1000, D_loss=0.544562, reward=-8.200522
Epoch: 102: 2022-04-22 00:06:44.642737
Epoch 103/1000, D_loss=0.545605, reward=-8.201653
Epoch: 103: 2022-04-22 00:06:57.338135
Epoch 104/1000, D_loss=0.546643, reward=-8.196281
Epoch: 104: 2022-04-22 00:07:10.341721
Epoch 105/1000, D_loss=0.548908, reward=-8.196404
Epoch: 105: 2022-04-22 00:07:23.539422
Epoch 106/1000, D_loss=0.553793, reward=-8.187614
Epoch: 106: 2022-04-22 00:07:36.818140
Epoch 107/1000, D_loss=0.552429, reward=-8.190011
Epoch: 107: 2022-04-22 00:07:49.778281
Epoch 108/1000, D_loss=0.555151, reward=-8.186109
Epoch: 108: 2022-04-22 00:08:03.151491
Epoch 109/1000, D_loss=0.558674, reward=-8.181291
Epoch: 109: 2022-04-22 00:08:16.760066
Epoch 110/1000, D_loss=0.559851, reward=-8.181948
Test_MRR=0.317094, Test_MR=206.303330, Test_H@10=0.541270
Epoch: 110: 2022-04-22 00:22:16.068611
Epoch 111/1000, D_loss=0.561454, reward=-8.181369
Epoch: 111: 2022-04-22 00:22:29.171589
Epoch 112/1000, D_loss=0.565520, reward=-8.173563
Epoch: 112: 2022-04-22 00:22:42.547734
Epoch 113/1000, D_loss=0.566281, reward=-8.170699
Epoch: 113: 2022-04-22 00:22:55.551947
Epoch 114/1000, D_loss=0.568782, reward=-8.171591
Epoch: 114: 2022-04-22 00:23:08.887970
Epoch 115/1000, D_loss=0.571064, reward=-8.168444
Epoch: 115: 2022-04-22 00:23:22.525893
Epoch 116/1000, D_loss=0.570115, reward=-8.170064
Epoch: 116: 2022-04-22 00:23:35.946245
Epoch 117/1000, D_loss=0.573315, reward=-8.168471
Epoch: 117: 2022-04-22 00:23:49.111432
Epoch 118/1000, D_loss=0.573229, reward=-8.169151
Epoch: 118: 2022-04-22 00:24:02.269012
Epoch 119/1000, D_loss=0.573478, reward=-8.169296
Epoch: 119: 2022-04-22 00:24:15.033971
Epoch 120/1000, D_loss=0.577036, reward=-8.164829
Test_MRR=0.323262, Test_MR=212.945210, Test_H@10=0.554430
Epoch: 120: 2022-04-22 00:38:15.237718
Epoch 121/1000, D_loss=0.577014, reward=-8.163064
Epoch: 121: 2022-04-22 00:38:28.193415
Epoch 122/1000, D_loss=0.578653, reward=-8.164776
Epoch: 122: 2022-04-22 00:38:41.509351
Epoch 123/1000, D_loss=0.582535, reward=-8.159060
Epoch: 123: 2022-04-22 00:38:54.410690
Epoch 124/1000, D_loss=0.582482, reward=-8.159610
Epoch: 124: 2022-04-22 00:39:07.525125
Epoch 125/1000, D_loss=0.584130, reward=-8.157836
Epoch: 125: 2022-04-22 00:39:20.599287
Epoch 126/1000, D_loss=0.584608, reward=-8.158284
Epoch: 126: 2022-04-22 00:39:34.655516
Epoch 127/1000, D_loss=0.586660, reward=-8.157369
Epoch: 127: 2022-04-22 00:39:47.746195
Epoch 128/1000, D_loss=0.586454, reward=-8.153705
Epoch: 128: 2022-04-22 00:40:00.796994
Epoch 129/1000, D_loss=0.587468, reward=-8.157879
Epoch: 129: 2022-04-22 00:40:13.526224
Epoch 130/1000, D_loss=0.589357, reward=-8.159074
Test_MRR=0.329319, Test_MR=221.342100, Test_H@10=0.562650
Epoch: 130: 2022-04-22 00:54:10.650239
Epoch 131/1000, D_loss=0.589228, reward=-8.157077
Epoch: 131: 2022-04-22 00:54:24.019593
Epoch 132/1000, D_loss=0.591996, reward=-8.155720
Epoch: 132: 2022-04-22 00:54:37.053003
Epoch 133/1000, D_loss=0.592996, reward=-8.153909
Epoch: 133: 2022-04-22 00:54:50.067412
Epoch 134/1000, D_loss=0.592331, reward=-8.153268
Epoch: 134: 2022-04-22 00:55:02.904751
Epoch 135/1000, D_loss=0.593534, reward=-8.152517
Epoch: 135: 2022-04-22 00:55:15.688894
Epoch 136/1000, D_loss=0.595315, reward=-8.151465
Epoch: 136: 2022-04-22 00:55:28.586670
Epoch 137/1000, D_loss=0.597448, reward=-8.149055
Epoch: 137: 2022-04-22 00:55:41.464528
Epoch 138/1000, D_loss=0.599451, reward=-8.145814
Epoch: 138: 2022-04-22 00:55:54.336403
Epoch 139/1000, D_loss=0.598565, reward=-8.148252
Epoch: 139: 2022-04-22 00:56:07.133855
Epoch 140/1000, D_loss=0.598583, reward=-8.149452
Test_MRR=0.334257, Test_MR=229.781240, Test_H@10=0.571250
Epoch: 140: 2022-04-22 01:10:03.825798
Epoch 141/1000, D_loss=0.600499, reward=-8.148087
Epoch: 141: 2022-04-22 01:10:18.053386
Epoch 142/1000, D_loss=0.598993, reward=-8.148579
Epoch: 142: 2022-04-22 01:10:31.028273
Epoch 143/1000, D_loss=0.604333, reward=-8.142054
Epoch: 143: 2022-04-22 01:10:44.365471
Epoch 144/1000, D_loss=0.605144, reward=-8.141063
Epoch: 144: 2022-04-22 01:10:57.186529
Epoch 145/1000, D_loss=0.603286, reward=-8.145699
Epoch: 145: 2022-04-22 01:11:10.322724
Epoch 146/1000, D_loss=0.604530, reward=-8.145517
Epoch: 146: 2022-04-22 01:11:23.581775
Epoch 147/1000, D_loss=0.605107, reward=-8.144541
Epoch: 147: 2022-04-22 01:11:36.803205
Epoch 148/1000, D_loss=0.603591, reward=-8.148913
Epoch: 148: 2022-04-22 01:11:50.267526
Epoch 149/1000, D_loss=0.605034, reward=-8.146195
Epoch: 149: 2022-04-22 01:12:03.504988
Epoch 150/1000, D_loss=0.606339, reward=-8.143550
Test_MRR=0.338708, Test_MR=236.401300, Test_H@10=0.578580
Epoch: 150: 2022-04-22 01:26:03.081411
Epoch 151/1000, D_loss=0.605161, reward=-8.146055
Epoch: 151: 2022-04-22 01:26:15.819333
Epoch 152/1000, D_loss=0.610195, reward=-8.138553
Epoch: 152: 2022-04-22 01:26:29.276800
Epoch 153/1000, D_loss=0.611227, reward=-8.140477
Epoch: 153: 2022-04-22 01:26:42.512520
Epoch 154/1000, D_loss=0.611305, reward=-8.141293
Epoch: 154: 2022-04-22 01:26:55.603409
Epoch 155/1000, D_loss=0.610313, reward=-8.140844
Epoch: 155: 2022-04-22 01:27:08.459255
Epoch 156/1000, D_loss=0.608693, reward=-8.142703
Epoch: 156: 2022-04-22 01:27:21.663460
Epoch 157/1000, D_loss=0.612332, reward=-8.137626
Epoch: 157: 2022-04-22 01:27:34.174625
Epoch 158/1000, D_loss=0.610266, reward=-8.138782
Epoch: 158: 2022-04-22 01:27:47.230665
Epoch 159/1000, D_loss=0.615612, reward=-8.136008
Epoch: 159: 2022-04-22 01:28:00.571361
Epoch 160/1000, D_loss=0.615541, reward=-8.136664
Test_MRR=0.345435, Test_MR=242.236430, Test_H@10=0.587080
Epoch: 160: 2022-04-22 01:41:58.902531
Epoch 161/1000, D_loss=0.614967, reward=-8.137224
Epoch: 161: 2022-04-22 01:42:11.941717
Epoch 162/1000, D_loss=0.614224, reward=-8.138056
Epoch: 162: 2022-04-22 01:42:25.132764
Epoch 163/1000, D_loss=0.612177, reward=-8.142048
Epoch: 163: 2022-04-22 01:42:37.805057
Epoch 164/1000, D_loss=0.614670, reward=-8.136725
Epoch: 164: 2022-04-22 01:42:50.738082
Epoch 165/1000, D_loss=0.612608, reward=-8.138477
Epoch: 165: 2022-04-22 01:43:03.687168
Epoch 166/1000, D_loss=0.619691, reward=-8.131184
Epoch: 166: 2022-04-22 01:43:16.719671
Epoch 167/1000, D_loss=0.618363, reward=-8.130981
Epoch: 167: 2022-04-22 01:43:30.043736
Epoch 168/1000, D_loss=0.617391, reward=-8.134051
Epoch: 168: 2022-04-22 01:43:42.866341
Epoch 169/1000, D_loss=0.617747, reward=-8.134194
Epoch: 169: 2022-04-22 01:43:56.497166
Epoch 170/1000, D_loss=0.620092, reward=-8.131840
Test_MRR=0.349030, Test_MR=250.149570, Test_H@10=0.592110
Epoch: 170: 2022-04-22 01:57:53.274722
Epoch 171/1000, D_loss=0.620718, reward=-8.129977
Epoch: 171: 2022-04-22 01:58:06.300592
Epoch 172/1000, D_loss=0.619778, reward=-8.129860
Epoch: 172: 2022-04-22 01:58:19.015448
Epoch 173/1000, D_loss=0.622854, reward=-8.129382
Epoch: 173: 2022-04-22 01:58:31.985349
Epoch 174/1000, D_loss=0.617483, reward=-8.137204
Epoch: 174: 2022-04-22 01:58:44.833419
Epoch 175/1000, D_loss=0.619589, reward=-8.134159
Epoch: 175: 2022-04-22 01:58:57.666036
Epoch 176/1000, D_loss=0.622884, reward=-8.128528
Epoch: 176: 2022-04-22 01:59:10.783160
Epoch 177/1000, D_loss=0.622904, reward=-8.128802
Epoch: 177: 2022-04-22 01:59:23.727497
Epoch 178/1000, D_loss=0.624582, reward=-8.124318
Epoch: 178: 2022-04-22 01:59:36.630072
Epoch 179/1000, D_loss=0.623671, reward=-8.126451
Epoch: 179: 2022-04-22 01:59:50.131028
Epoch 180/1000, D_loss=0.621354, reward=-8.130250
Test_MRR=0.351624, Test_MR=253.638020, Test_H@10=0.596700
Epoch: 180: 2022-04-22 02:13:51.322382
Epoch 181/1000, D_loss=0.624688, reward=-8.126630
Epoch: 181: 2022-04-22 02:14:04.019741
Epoch 182/1000, D_loss=0.622749, reward=-8.127816
Epoch: 182: 2022-04-22 02:14:16.820257
Epoch 183/1000, D_loss=0.621602, reward=-8.127857
Epoch: 183: 2022-04-22 02:14:29.750532
Epoch 184/1000, D_loss=0.625762, reward=-8.124028
Epoch: 184: 2022-04-22 02:14:42.998781
Epoch 185/1000, D_loss=0.626102, reward=-8.121418
Epoch: 185: 2022-04-22 02:14:55.830370
Epoch 186/1000, D_loss=0.627329, reward=-8.118751
Epoch: 186: 2022-04-22 02:15:08.786633
Epoch 187/1000, D_loss=0.626654, reward=-8.117581
Epoch: 187: 2022-04-22 02:15:22.126171
Epoch 188/1000, D_loss=0.623580, reward=-8.124595
Epoch: 188: 2022-04-22 02:15:35.138859
Epoch 189/1000, D_loss=0.626139, reward=-8.117664
Epoch: 189: 2022-04-22 02:15:48.389608
Epoch 190/1000, D_loss=0.627616, reward=-8.116276
Test_MRR=0.355775, Test_MR=253.032310, Test_H@10=0.602230
Epoch: 190: 2022-04-22 02:29:48.912650
Epoch 191/1000, D_loss=0.628659, reward=-8.112259
Epoch: 191: 2022-04-22 02:30:02.393113
Epoch 192/1000, D_loss=0.627563, reward=-8.118250
Epoch: 192: 2022-04-22 02:30:15.311807
Epoch 193/1000, D_loss=0.628673, reward=-8.114035
Epoch: 193: 2022-04-22 02:30:28.141410
Epoch 194/1000, D_loss=0.631497, reward=-8.112445
Epoch: 194: 2022-04-22 02:30:41.009879
Epoch 195/1000, D_loss=0.630500, reward=-8.111853
Epoch: 195: 2022-04-22 02:30:54.328399
Epoch 196/1000, D_loss=0.629912, reward=-8.113771
Epoch: 196: 2022-04-22 02:31:07.155437
Epoch 197/1000, D_loss=0.629144, reward=-8.113804
Epoch: 197: 2022-04-22 02:31:20.264125
Epoch 198/1000, D_loss=0.632406, reward=-8.107693
Epoch: 198: 2022-04-22 02:31:33.515183
Epoch 199/1000, D_loss=0.630067, reward=-8.109569
Epoch: 199: 2022-04-22 02:31:46.289494
Epoch 200/1000, D_loss=0.632150, reward=-8.107917
Test_MRR=0.359003, Test_MR=259.461670, Test_H@10=0.605760
Epoch: 200: 2022-04-22 02:45:46.223344
Epoch 201/1000, D_loss=0.631768, reward=-8.106389
Epoch: 201: 2022-04-22 02:45:59.788463
Epoch 202/1000, D_loss=0.633940, reward=-8.103166
Epoch: 202: 2022-04-22 02:46:12.896193
Epoch 203/1000, D_loss=0.634667, reward=-8.102726
Epoch: 203: 2022-04-22 02:46:26.057940
Epoch 204/1000, D_loss=0.631644, reward=-8.104956
Epoch: 204: 2022-04-22 02:46:39.239367
Epoch 205/1000, D_loss=0.631841, reward=-8.104490
Epoch: 205: 2022-04-22 02:46:52.540581
Epoch 206/1000, D_loss=0.632281, reward=-8.104259
Epoch: 206: 2022-04-22 02:47:05.737928
Epoch 207/1000, D_loss=0.635028, reward=-8.105083
Epoch: 207: 2022-04-22 02:47:18.731939
Epoch 208/1000, D_loss=0.633152, reward=-8.105382
Epoch: 208: 2022-04-22 02:47:31.808529
Epoch 209/1000, D_loss=0.634551, reward=-8.102498
Epoch: 209: 2022-04-22 02:47:45.826061
Epoch 210/1000, D_loss=0.634837, reward=-8.104496
Test_MRR=0.361107, Test_MR=260.643810, Test_H@10=0.608070
Epoch: 210: 2022-04-22 03:01:46.803599
Epoch 211/1000, D_loss=0.636239, reward=-8.100900
Epoch: 211: 2022-04-22 03:01:59.748959
Epoch 212/1000, D_loss=0.634142, reward=-8.105230
Epoch: 212: 2022-04-22 03:02:12.479676
Epoch 213/1000, D_loss=0.635251, reward=-8.101017
Epoch: 213: 2022-04-22 03:02:25.276421
Epoch 214/1000, D_loss=0.635587, reward=-8.100110
Epoch: 214: 2022-04-22 03:02:38.236115
Epoch 215/1000, D_loss=0.637757, reward=-8.096202
Epoch: 215: 2022-04-22 03:02:51.282370
Epoch 216/1000, D_loss=0.636587, reward=-8.097190
Epoch: 216: 2022-04-22 03:03:04.236847
Epoch 217/1000, D_loss=0.637669, reward=-8.094678
Epoch: 217: 2022-04-22 03:03:17.287106
Epoch 218/1000, D_loss=0.637255, reward=-8.095978
Epoch: 218: 2022-04-22 03:03:30.108733
Epoch 219/1000, D_loss=0.637736, reward=-8.094710
Epoch: 219: 2022-04-22 03:03:43.407975
Epoch 220/1000, D_loss=0.637807, reward=-8.092769
Test_MRR=0.363547, Test_MR=263.635730, Test_H@10=0.612320
Epoch: 220: 2022-04-22 03:17:40.813318
Epoch 221/1000, D_loss=0.635419, reward=-8.095928
Epoch: 221: 2022-04-22 03:17:54.265284
Epoch 222/1000, D_loss=0.638180, reward=-8.092726
Epoch: 222: 2022-04-22 03:18:07.497609
Epoch 223/1000, D_loss=0.636744, reward=-8.093769
Epoch: 223: 2022-04-22 03:18:21.203022
Epoch 224/1000, D_loss=0.639478, reward=-8.089870
Epoch: 224: 2022-04-22 03:18:34.527107
Epoch 225/1000, D_loss=0.635496, reward=-8.094604
Epoch: 225: 2022-04-22 03:18:48.291881
Epoch 226/1000, D_loss=0.641676, reward=-8.086730
Epoch: 226: 2022-04-22 03:19:01.419880
Epoch 227/1000, D_loss=0.639619, reward=-8.090103
Epoch: 227: 2022-04-22 03:19:15.272989
Epoch 228/1000, D_loss=0.635563, reward=-8.096939
Epoch: 228: 2022-04-22 03:19:28.989042
Epoch 229/1000, D_loss=0.638319, reward=-8.092649
Epoch: 229: 2022-04-22 03:19:42.313219
Epoch 230/1000, D_loss=0.640719, reward=-8.090235
Test_MRR=0.365012, Test_MR=262.965260, Test_H@10=0.613380
Epoch: 230: 2022-04-22 03:33:40.407653
Epoch 231/1000, D_loss=0.639259, reward=-8.088717
Epoch: 231: 2022-04-22 03:33:53.943915
Epoch 232/1000, D_loss=0.640501, reward=-8.086903
Epoch: 232: 2022-04-22 03:34:06.807539
Epoch 233/1000, D_loss=0.639494, reward=-8.086832
Epoch: 233: 2022-04-22 03:34:19.506215
Epoch 234/1000, D_loss=0.641443, reward=-8.085907
Epoch: 234: 2022-04-22 03:34:32.332449
Epoch 235/1000, D_loss=0.640047, reward=-8.087521
Epoch: 235: 2022-04-22 03:34:45.243474
Epoch 236/1000, D_loss=0.641850, reward=-8.082473
Epoch: 236: 2022-04-22 03:34:58.118096
Epoch 237/1000, D_loss=0.642601, reward=-8.083568
Epoch: 237: 2022-04-22 03:35:11.171555
Epoch 238/1000, D_loss=0.642515, reward=-8.080027
Epoch: 238: 2022-04-22 03:35:24.350030
Epoch 239/1000, D_loss=0.642121, reward=-8.083221
Epoch: 239: 2022-04-22 03:35:37.162490
Epoch 240/1000, D_loss=0.641422, reward=-8.083288
Test_MRR=0.366762, Test_MR=263.218800, Test_H@10=0.615230
Epoch: 240: 2022-04-22 03:49:34.089596
Epoch 241/1000, D_loss=0.642688, reward=-8.079805
Epoch: 241: 2022-04-22 03:49:47.262295
Epoch 242/1000, D_loss=0.642783, reward=-8.081269
Epoch: 242: 2022-04-22 03:50:00.179459
Epoch 243/1000, D_loss=0.643607, reward=-8.080973
Epoch: 243: 2022-04-22 03:50:13.658686
Epoch 244/1000, D_loss=0.645109, reward=-8.077568
Epoch: 244: 2022-04-22 03:50:27.018625
Epoch 245/1000, D_loss=0.644677, reward=-8.077252
Epoch: 245: 2022-04-22 03:50:39.799592
Epoch 246/1000, D_loss=0.643111, reward=-8.078221
Epoch: 246: 2022-04-22 03:50:53.020765
Epoch 247/1000, D_loss=0.643003, reward=-8.080849
Epoch: 247: 2022-04-22 03:51:05.922324
Epoch 248/1000, D_loss=0.644691, reward=-8.077380
Epoch: 248: 2022-04-22 03:51:18.709385
Epoch 249/1000, D_loss=0.645327, reward=-8.075644
Epoch: 249: 2022-04-22 03:51:31.755012
Epoch 250/1000, D_loss=0.643755, reward=-8.078433
Test_MRR=0.368224, Test_MR=264.916960, Test_H@10=0.616820
Epoch: 250: 2022-04-22 04:05:30.478474
Epoch 251/1000, D_loss=0.642427, reward=-8.080857
Epoch: 251: 2022-04-22 04:05:43.424931
Epoch 252/1000, D_loss=0.646003, reward=-8.076609
Epoch: 252: 2022-04-22 04:05:56.276689
Epoch 253/1000, D_loss=0.646670, reward=-8.074893
Epoch: 253: 2022-04-22 04:06:09.359082
Epoch 254/1000, D_loss=0.643162, reward=-8.077982
Epoch: 254: 2022-04-22 04:06:22.261704
Epoch 255/1000, D_loss=0.643913, reward=-8.075588
Epoch: 255: 2022-04-22 04:06:35.092594
Epoch 256/1000, D_loss=0.644441, reward=-8.076173
Epoch: 256: 2022-04-22 04:06:48.153938
Epoch 257/1000, D_loss=0.647655, reward=-8.068124
Epoch: 257: 2022-04-22 04:07:01.122430
Epoch 258/1000, D_loss=0.644225, reward=-8.076728
Epoch: 258: 2022-04-22 04:07:14.069888
Epoch 259/1000, D_loss=0.646662, reward=-8.070946
Epoch: 259: 2022-04-22 04:07:27.268339
Epoch 260/1000, D_loss=0.645494, reward=-8.070959
Test_MRR=0.370153, Test_MR=264.930990, Test_H@10=0.620010
Epoch: 260: 2022-04-22 04:21:26.544009
Epoch 261/1000, D_loss=0.645020, reward=-8.073767
Epoch: 261: 2022-04-22 04:21:39.601244
Epoch 262/1000, D_loss=0.646569, reward=-8.068825
Epoch: 262: 2022-04-22 04:21:52.647190
Epoch 263/1000, D_loss=0.647828, reward=-8.069574
Epoch: 263: 2022-04-22 04:22:05.599171
Epoch 264/1000, D_loss=0.647241, reward=-8.069077
Epoch: 264: 2022-04-22 04:22:18.339186
Epoch 265/1000, D_loss=0.644590, reward=-8.072865
Epoch: 265: 2022-04-22 04:22:31.264872
Epoch 266/1000, D_loss=0.646502, reward=-8.070191
Epoch: 266: 2022-04-22 04:22:44.838679
Epoch 267/1000, D_loss=0.646682, reward=-8.071340
Epoch: 267: 2022-04-22 04:22:57.978675
Epoch 268/1000, D_loss=0.644264, reward=-8.070815
Epoch: 268: 2022-04-22 04:23:10.578473
Epoch 269/1000, D_loss=0.647236, reward=-8.068495
Epoch: 269: 2022-04-22 04:23:23.630228
Epoch 270/1000, D_loss=0.649361, reward=-8.065232
Test_MRR=0.371102, Test_MR=268.160690, Test_H@10=0.620590
Epoch: 270: 2022-04-22 04:37:21.722507
Epoch 271/1000, D_loss=0.646005, reward=-8.067938
Epoch: 271: 2022-04-22 04:37:34.800790
Epoch 272/1000, D_loss=0.648717, reward=-8.064711
Epoch: 272: 2022-04-22 04:37:47.681858
Epoch 273/1000, D_loss=0.647856, reward=-8.066418
Epoch: 273: 2022-04-22 04:38:00.817564
Epoch 274/1000, D_loss=0.649468, reward=-8.063492
Epoch: 274: 2022-04-22 04:38:13.960071
Epoch 275/1000, D_loss=0.650802, reward=-8.061808
Epoch: 275: 2022-04-22 04:38:27.123556
Epoch 276/1000, D_loss=0.649684, reward=-8.060918
Epoch: 276: 2022-04-22 04:38:39.956581
Epoch 277/1000, D_loss=0.646972, reward=-8.063847
Epoch: 277: 2022-04-22 04:38:53.034274
Epoch 278/1000, D_loss=0.649220, reward=-8.063853
Epoch: 278: 2022-04-22 04:39:06.694618
Epoch 279/1000, D_loss=0.647484, reward=-8.065714
Epoch: 279: 2022-04-22 04:39:19.420761
Epoch 280/1000, D_loss=0.646840, reward=-8.062625
Test_MRR=0.371786, Test_MR=270.890500, Test_H@10=0.623650
Epoch: 280: 2022-04-22 04:53:20.137275
Epoch 281/1000, D_loss=0.650526, reward=-8.056483
Epoch: 281: 2022-04-22 04:53:33.514864
Epoch 282/1000, D_loss=0.651206, reward=-8.056951
Epoch: 282: 2022-04-22 04:53:46.415121
Epoch 283/1000, D_loss=0.648181, reward=-8.060629
Epoch: 283: 2022-04-22 04:53:59.461252
Epoch 284/1000, D_loss=0.651514, reward=-8.057164
Epoch: 284: 2022-04-22 04:54:12.549793
Epoch 285/1000, D_loss=0.651164, reward=-8.054329
Epoch: 285: 2022-04-22 04:54:25.497757
Epoch 286/1000, D_loss=0.649548, reward=-8.056731
Epoch: 286: 2022-04-22 04:54:38.794239
Epoch 287/1000, D_loss=0.650392, reward=-8.057436
Epoch: 287: 2022-04-22 04:54:51.794177
Epoch 288/1000, D_loss=0.654014, reward=-8.050331
Epoch: 288: 2022-04-22 04:55:04.650083
Epoch 289/1000, D_loss=0.652528, reward=-8.053991
Epoch: 289: 2022-04-22 04:55:17.182627
Epoch 290/1000, D_loss=0.650528, reward=-8.053051
Test_MRR=0.373455, Test_MR=270.924270, Test_H@10=0.622640
Epoch: 290: 2022-04-22 05:09:12.988553
Epoch 291/1000, D_loss=0.650346, reward=-8.056520
Epoch: 291: 2022-04-22 05:09:25.498006
Epoch 292/1000, D_loss=0.647861, reward=-8.060053
Epoch: 292: 2022-04-22 05:09:38.381016
Epoch 293/1000, D_loss=0.653591, reward=-8.050369
Epoch: 293: 2022-04-22 05:09:51.705639
Epoch 294/1000, D_loss=0.651913, reward=-8.053768
Epoch: 294: 2022-04-22 05:10:04.694808
Epoch 295/1000, D_loss=0.653543, reward=-8.051744
Epoch: 295: 2022-04-22 05:10:17.327350
Epoch 296/1000, D_loss=0.651859, reward=-8.051298
Epoch: 296: 2022-04-22 05:10:30.174628
Epoch 297/1000, D_loss=0.651532, reward=-8.052552
Epoch: 297: 2022-04-22 05:10:43.204277
Epoch 298/1000, D_loss=0.652643, reward=-8.049505
Epoch: 298: 2022-04-22 05:10:56.191301
Epoch 299/1000, D_loss=0.652356, reward=-8.048670
Epoch: 299: 2022-04-22 05:11:09.245166
Epoch 300/1000, D_loss=0.654182, reward=-8.048178
Test_MRR=0.375332, Test_MR=271.507850, Test_H@10=0.626950
Epoch: 300: 2022-04-22 05:25:07.887076
Epoch 301/1000, D_loss=0.653316, reward=-8.047369
Epoch: 301: 2022-04-22 05:25:20.855694
Epoch 302/1000, D_loss=0.652640, reward=-8.048122
Epoch: 302: 2022-04-22 05:25:33.966763
Epoch 303/1000, D_loss=0.652825, reward=-8.046810
Epoch: 303: 2022-04-22 05:25:47.105078
Epoch 304/1000, D_loss=0.653271, reward=-8.047742
Epoch: 304: 2022-04-22 05:26:00.220294
Epoch 305/1000, D_loss=0.652710, reward=-8.044858
Epoch: 305: 2022-04-22 05:26:13.345444
Epoch 306/1000, D_loss=0.653601, reward=-8.044814
Epoch: 306: 2022-04-22 05:26:26.317677
Epoch 307/1000, D_loss=0.653704, reward=-8.043393
Epoch: 307: 2022-04-22 05:26:39.260424
Epoch 308/1000, D_loss=0.653524, reward=-8.044266
Epoch: 308: 2022-04-22 05:26:52.102580
Epoch 309/1000, D_loss=0.653184, reward=-8.046686
Epoch: 309: 2022-04-22 05:27:04.930806
Epoch 310/1000, D_loss=0.652705, reward=-8.047141
Test_MRR=0.376075, Test_MR=274.410350, Test_H@10=0.628010
Epoch: 310: 2022-04-22 05:41:09.294778
Epoch 311/1000, D_loss=0.654821, reward=-8.042633
Epoch: 311: 2022-04-22 05:41:22.115832
Epoch 312/1000, D_loss=0.656233, reward=-8.040545
Epoch: 312: 2022-04-22 05:41:35.291864
Epoch 313/1000, D_loss=0.653432, reward=-8.046099
Epoch: 313: 2022-04-22 05:41:48.252553
Epoch 314/1000, D_loss=0.654594, reward=-8.042309
Epoch: 314: 2022-04-22 05:42:01.200936
Epoch 315/1000, D_loss=0.655150, reward=-8.042577
Epoch: 315: 2022-04-22 05:42:14.498666
Epoch 316/1000, D_loss=0.657156, reward=-8.038357
Epoch: 316: 2022-04-22 05:42:28.199037
Epoch 317/1000, D_loss=0.654413, reward=-8.040140
Epoch: 317: 2022-04-22 05:42:41.612322
Epoch 318/1000, D_loss=0.655363, reward=-8.040352
Epoch: 318: 2022-04-22 05:42:54.311699
Epoch 319/1000, D_loss=0.653326, reward=-8.042937
Epoch: 319: 2022-04-22 05:43:07.549594
Epoch 320/1000, D_loss=0.655370, reward=-8.037427
Test_MRR=0.377046, Test_MR=277.671910, Test_H@10=0.630230
Epoch: 320: 2022-04-22 05:57:05.995838
Epoch 321/1000, D_loss=0.654975, reward=-8.039345
Epoch: 321: 2022-04-22 05:57:18.865988
Epoch 322/1000, D_loss=0.654645, reward=-8.039495
Epoch: 322: 2022-04-22 05:57:31.536709
Epoch 323/1000, D_loss=0.655747, reward=-8.036669
Epoch: 323: 2022-04-22 05:57:44.737263
Epoch 324/1000, D_loss=0.655114, reward=-8.038785
Epoch: 324: 2022-04-22 05:57:57.512959
Epoch 325/1000, D_loss=0.654307, reward=-8.040187
Epoch: 325: 2022-04-22 05:58:10.041641
Epoch 326/1000, D_loss=0.657095, reward=-8.034732
Epoch: 326: 2022-04-22 05:58:23.044703
Epoch 327/1000, D_loss=0.655189, reward=-8.037278
Epoch: 327: 2022-04-22 05:58:36.086255
Epoch 328/1000, D_loss=0.656203, reward=-8.035262
Epoch: 328: 2022-04-22 05:58:48.965363
Epoch 329/1000, D_loss=0.657146, reward=-8.032392
Epoch: 329: 2022-04-22 05:59:02.380386
Epoch 330/1000, D_loss=0.659019, reward=-8.032268
Test_MRR=0.378311, Test_MR=279.877250, Test_H@10=0.631040
Epoch: 330: 2022-04-22 06:13:01.573658
Epoch 331/1000, D_loss=0.657302, reward=-8.034739
Epoch: 331: 2022-04-22 06:13:15.013266
Epoch 332/1000, D_loss=0.656569, reward=-8.034442
Epoch: 332: 2022-04-22 06:13:28.532110
Epoch 333/1000, D_loss=0.658130, reward=-8.033962
Epoch: 333: 2022-04-22 06:13:41.845454
Epoch 334/1000, D_loss=0.658727, reward=-8.032492
Epoch: 334: 2022-04-22 06:13:55.083337
Epoch 335/1000, D_loss=0.655668, reward=-8.037375
Epoch: 335: 2022-04-22 06:14:08.467146
Epoch 336/1000, D_loss=0.657468, reward=-8.031539
Epoch: 336: 2022-04-22 06:14:22.103618
Epoch 337/1000, D_loss=0.657957, reward=-8.031196
Epoch: 337: 2022-04-22 06:14:35.397727
Epoch 338/1000, D_loss=0.660414, reward=-8.029289
Epoch: 338: 2022-04-22 06:14:48.902554
Epoch 339/1000, D_loss=0.656754, reward=-8.033145
Epoch: 339: 2022-04-22 06:15:02.022225
Epoch 340/1000, D_loss=0.657850, reward=-8.031189
Test_MRR=0.378560, Test_MR=281.367420, Test_H@10=0.631670
Epoch: 340: 2022-04-22 06:28:58.664678
Epoch 341/1000, D_loss=0.657741, reward=-8.029828
Epoch: 341: 2022-04-22 06:29:12.204170
Epoch 342/1000, D_loss=0.658604, reward=-8.025062
Epoch: 342: 2022-04-22 06:29:25.657000
Epoch 343/1000, D_loss=0.660529, reward=-8.025198
Epoch: 343: 2022-04-22 06:29:38.576059
Epoch 344/1000, D_loss=0.656053, reward=-8.031415
Epoch: 344: 2022-04-22 06:29:51.692158
Epoch 345/1000, D_loss=0.658987, reward=-8.025789
Epoch: 345: 2022-04-22 06:30:04.354568
Epoch 346/1000, D_loss=0.658590, reward=-8.025931
Epoch: 346: 2022-04-22 06:30:17.763330
Epoch 347/1000, D_loss=0.658592, reward=-8.026757
Epoch: 347: 2022-04-22 06:30:30.691675
Epoch 348/1000, D_loss=0.659141, reward=-8.023695
Epoch: 348: 2022-04-22 06:30:43.354925
Epoch 349/1000, D_loss=0.658116, reward=-8.026502
Epoch: 349: 2022-04-22 06:30:56.448786
Epoch 350/1000, D_loss=0.659438, reward=-8.023342
Test_MRR=0.379835, Test_MR=285.043460, Test_H@10=0.632690
Epoch: 350: 2022-04-22 06:44:55.364794
Epoch 351/1000, D_loss=0.661661, reward=-8.018241
Epoch: 351: 2022-04-22 06:45:09.385424
Epoch 352/1000, D_loss=0.658222, reward=-8.021735
Epoch: 352: 2022-04-22 06:45:22.159055
Epoch 353/1000, D_loss=0.660429, reward=-8.020412
Epoch: 353: 2022-04-22 06:45:35.017813
Epoch 354/1000, D_loss=0.659019, reward=-8.022373
Epoch: 354: 2022-04-22 06:45:47.961791
Epoch 355/1000, D_loss=0.658850, reward=-8.022125
Epoch: 355: 2022-04-22 06:46:01.014934
Epoch 356/1000, D_loss=0.658247, reward=-8.024835
Epoch: 356: 2022-04-22 06:46:14.314549
Epoch 357/1000, D_loss=0.658922, reward=-8.021040
Epoch: 357: 2022-04-22 06:46:27.502163
Epoch 358/1000, D_loss=0.660166, reward=-8.022624
Epoch: 358: 2022-04-22 06:46:40.485788
Epoch 359/1000, D_loss=0.659817, reward=-8.020654
Epoch: 359: 2022-04-22 06:46:53.310965
Epoch 360/1000, D_loss=0.660382, reward=-8.019033
Test_MRR=0.379599, Test_MR=282.385600, Test_H@10=0.632610
Epoch: 360: 2022-04-22 07:00:50.320589
Epoch 361/1000, D_loss=0.658304, reward=-8.021974
Epoch: 361: 2022-04-22 07:01:03.861587
Epoch 362/1000, D_loss=0.660915, reward=-8.019201
Epoch: 362: 2022-04-22 07:01:17.384101
Epoch 363/1000, D_loss=0.657996, reward=-8.022697
Epoch: 363: 2022-04-22 07:01:30.265766
Epoch 364/1000, D_loss=0.661091, reward=-8.018046
Epoch: 364: 2022-04-22 07:01:43.169147
Epoch 365/1000, D_loss=0.660782, reward=-8.015576
Epoch: 365: 2022-04-22 07:01:56.388742
Epoch 366/1000, D_loss=0.660073, reward=-8.018777
Epoch: 366: 2022-04-22 07:02:10.982618
Epoch 367/1000, D_loss=0.661963, reward=-8.015823
Epoch: 367: 2022-04-22 07:02:23.414723
Epoch 368/1000, D_loss=0.662431, reward=-8.010850
Epoch: 368: 2022-04-22 07:02:36.290645
Epoch 369/1000, D_loss=0.659967, reward=-8.017654
Epoch: 369: 2022-04-22 07:02:49.248076
Epoch 370/1000, D_loss=0.659638, reward=-8.017982
Test_MRR=0.381596, Test_MR=287.725020, Test_H@10=0.634920
Epoch: 370: 2022-04-22 07:16:46.066395
Epoch 371/1000, D_loss=0.660022, reward=-8.016706
Epoch: 371: 2022-04-22 07:16:59.058006
Epoch 372/1000, D_loss=0.659471, reward=-8.018467
Epoch: 372: 2022-04-22 07:17:11.795452
Epoch 373/1000, D_loss=0.661375, reward=-8.015017
Epoch: 373: 2022-04-22 07:17:24.656339
Epoch 374/1000, D_loss=0.660853, reward=-8.014171
Epoch: 374: 2022-04-22 07:17:37.024046
Epoch 375/1000, D_loss=0.660475, reward=-8.014189
Epoch: 375: 2022-04-22 07:17:50.050183
Epoch 376/1000, D_loss=0.665569, reward=-8.006201
Epoch: 376: 2022-04-22 07:18:03.192819
Epoch 377/1000, D_loss=0.662757, reward=-8.009747
Epoch: 377: 2022-04-22 07:18:15.811334
Epoch 378/1000, D_loss=0.664965, reward=-8.007357
Epoch: 378: 2022-04-22 07:18:29.325993
Epoch 379/1000, D_loss=0.659715, reward=-8.013691
Epoch: 379: 2022-04-22 07:18:42.509273
Epoch 380/1000, D_loss=0.660155, reward=-8.012667
Test_MRR=0.380622, Test_MR=288.828400, Test_H@10=0.635020
Epoch: 380: 2022-04-22 07:32:35.202778
Epoch 381/1000, D_loss=0.663626, reward=-8.007065
Epoch: 381: 2022-04-22 07:32:48.141209
Epoch 382/1000, D_loss=0.661857, reward=-8.008056
Epoch: 382: 2022-04-22 07:33:01.427494
Epoch 383/1000, D_loss=0.664440, reward=-8.007155
Epoch: 383: 2022-04-22 07:33:14.482378
Epoch 384/1000, D_loss=0.664445, reward=-8.005126
Epoch: 384: 2022-04-22 07:33:27.252416
Epoch 385/1000, D_loss=0.662616, reward=-8.007833
Epoch: 385: 2022-04-22 07:33:41.177195
Epoch 386/1000, D_loss=0.661999, reward=-8.008389
Epoch: 386: 2022-04-22 07:33:53.693648
Epoch 387/1000, D_loss=0.661449, reward=-8.007643
Epoch: 387: 2022-04-22 07:34:06.628494
Epoch 388/1000, D_loss=0.664544, reward=-8.003719
Epoch: 388: 2022-04-22 07:34:19.297150
Epoch 389/1000, D_loss=0.665396, reward=-8.003963
Epoch: 389: 2022-04-22 07:34:32.240607
Epoch 390/1000, D_loss=0.662451, reward=-8.007480
Test_MRR=0.382869, Test_MR=289.046010, Test_H@10=0.635830
Epoch: 390: 2022-04-22 07:48:30.050872
Epoch 391/1000, D_loss=0.662551, reward=-8.007500
Epoch: 391: 2022-04-22 07:48:43.155360
Epoch 392/1000, D_loss=0.662381, reward=-8.008374
Epoch: 392: 2022-04-22 07:48:56.554837
Epoch 393/1000, D_loss=0.665840, reward=-8.001053
Epoch: 393: 2022-04-22 07:49:10.032561
Epoch 394/1000, D_loss=0.664384, reward=-8.005543
Epoch: 394: 2022-04-22 07:49:23.003056
Epoch 395/1000, D_loss=0.664480, reward=-8.004414
Epoch: 395: 2022-04-22 07:49:36.063199
Epoch 396/1000, D_loss=0.665187, reward=-8.004650
Epoch: 396: 2022-04-22 07:49:48.956277
Epoch 397/1000, D_loss=0.661795, reward=-8.007883
Epoch: 397: 2022-04-22 07:50:01.599195
Epoch 398/1000, D_loss=0.662901, reward=-8.007610
Epoch: 398: 2022-04-22 07:50:14.841459
Epoch 399/1000, D_loss=0.659608, reward=-8.013120
Epoch: 399: 2022-04-22 07:50:28.187732
Epoch 400/1000, D_loss=0.664888, reward=-8.005194
Test_MRR=0.381261, Test_MR=292.645160, Test_H@10=0.636960
Epoch: 400: 2022-04-22 08:04:24.463664
Epoch 401/1000, D_loss=0.663829, reward=-8.003783
Epoch: 401: 2022-04-22 08:04:37.208519
Epoch 402/1000, D_loss=0.664997, reward=-8.002147
Epoch: 402: 2022-04-22 08:04:50.136213
Epoch 403/1000, D_loss=0.664817, reward=-8.003992
Epoch: 403: 2022-04-22 08:05:03.286584
Epoch 404/1000, D_loss=0.665259, reward=-8.002114
Epoch: 404: 2022-04-22 08:05:16.260985
Epoch 405/1000, D_loss=0.667623, reward=-7.997052
Epoch: 405: 2022-04-22 08:05:29.386640
Epoch 406/1000, D_loss=0.664573, reward=-8.005403
Epoch: 406: 2022-04-22 08:05:42.272966
Epoch 407/1000, D_loss=0.663241, reward=-8.007339
Epoch: 407: 2022-04-22 08:05:55.730664
Epoch 408/1000, D_loss=0.664149, reward=-8.002625
Epoch: 408: 2022-04-22 08:06:08.781278
Epoch 409/1000, D_loss=0.663506, reward=-8.006029
Epoch: 409: 2022-04-22 08:06:21.714561
Epoch 410/1000, D_loss=0.664499, reward=-8.001845
Test_MRR=0.383792, Test_MR=291.842520, Test_H@10=0.638680
Epoch: 410: 2022-04-22 08:20:26.392437
Epoch 411/1000, D_loss=0.662825, reward=-8.007375
Epoch: 411: 2022-04-22 08:20:39.780247
Epoch 412/1000, D_loss=0.664116, reward=-8.004774
Epoch: 412: 2022-04-22 08:20:53.241204
Epoch 413/1000, D_loss=0.664855, reward=-8.002103
Epoch: 413: 2022-04-22 08:21:06.030545
Epoch 414/1000, D_loss=0.664571, reward=-8.004146
Epoch: 414: 2022-04-22 08:21:19.116624
Epoch 415/1000, D_loss=0.667280, reward=-7.999999
Epoch: 415: 2022-04-22 08:21:32.332996
Epoch 416/1000, D_loss=0.664820, reward=-8.004565
Epoch: 416: 2022-04-22 08:21:45.155072
Epoch 417/1000, D_loss=0.663404, reward=-8.005951
Epoch: 417: 2022-04-22 08:21:58.067728
Epoch 418/1000, D_loss=0.666324, reward=-8.001198
Epoch: 418: 2022-04-22 08:22:10.692539
Epoch 419/1000, D_loss=0.665307, reward=-8.002678
Epoch: 419: 2022-04-22 08:22:23.795476
Epoch 420/1000, D_loss=0.667387, reward=-7.998937
Test_MRR=0.383407, Test_MR=288.415370, Test_H@10=0.638680
Epoch: 420: 2022-04-22 08:36:21.307373
Epoch 421/1000, D_loss=0.665634, reward=-8.002087
Epoch: 421: 2022-04-22 08:36:34.269369
Epoch 422/1000, D_loss=0.663234, reward=-8.002780
Epoch: 422: 2022-04-22 08:36:47.118932
Epoch 423/1000, D_loss=0.666691, reward=-8.002340
Epoch: 423: 2022-04-22 08:36:59.372599
Epoch 424/1000, D_loss=0.664406, reward=-8.003366
Epoch: 424: 2022-04-22 08:37:12.156290
Epoch 425/1000, D_loss=0.667156, reward=-7.999090
Epoch: 425: 2022-04-22 08:37:25.105417
Epoch 426/1000, D_loss=0.666431, reward=-7.999431
Epoch: 426: 2022-04-22 08:37:37.733476
Epoch 427/1000, D_loss=0.670119, reward=-7.997107
Epoch: 427: 2022-04-22 08:37:50.592178
Epoch 428/1000, D_loss=0.667346, reward=-7.999013
Epoch: 428: 2022-04-22 08:38:03.639496
Epoch 429/1000, D_loss=0.665909, reward=-8.001657
Epoch: 429: 2022-04-22 08:38:16.947234
Epoch 430/1000, D_loss=0.666913, reward=-7.999177
Test_MRR=0.384759, Test_MR=291.915870, Test_H@10=0.640660
Epoch: 430: 2022-04-22 08:52:13.670489
Epoch 431/1000, D_loss=0.667080, reward=-8.000008
Epoch: 431: 2022-04-22 08:52:26.207215
Epoch 432/1000, D_loss=0.668189, reward=-7.995491
Epoch: 432: 2022-04-22 08:52:39.019084
Epoch 433/1000, D_loss=0.666779, reward=-7.998878
Epoch: 433: 2022-04-22 08:52:52.271492
Epoch 434/1000, D_loss=0.666928, reward=-7.996678
Epoch: 434: 2022-04-22 08:53:06.648725
Epoch 435/1000, D_loss=0.666858, reward=-7.998916
Epoch: 435: 2022-04-22 08:53:19.695933
Epoch 436/1000, D_loss=0.667030, reward=-7.997524
Epoch: 436: 2022-04-22 08:53:32.377378
Epoch 437/1000, D_loss=0.665166, reward=-8.000596
Epoch: 437: 2022-04-22 08:53:44.675192
Epoch 438/1000, D_loss=0.668467, reward=-7.997836
Epoch: 438: 2022-04-22 08:53:57.960803
Epoch 439/1000, D_loss=0.669462, reward=-7.995013
Epoch: 439: 2022-04-22 08:54:11.446797
Epoch 440/1000, D_loss=0.664946, reward=-8.002528
Test_MRR=0.386467, Test_MR=290.115840, Test_H@10=0.640350
Epoch: 440: 2022-04-22 09:08:07.974599
Epoch 441/1000, D_loss=0.667510, reward=-7.998904
Epoch: 441: 2022-04-22 09:08:21.008874
Epoch 442/1000, D_loss=0.668353, reward=-7.996973
Epoch: 442: 2022-04-22 09:08:33.686313
Epoch 443/1000, D_loss=0.665131, reward=-8.001788
Epoch: 443: 2022-04-22 09:08:46.667398
Epoch 444/1000, D_loss=0.667821, reward=-7.998907
Epoch: 444: 2022-04-22 09:09:00.274747
Epoch 445/1000, D_loss=0.667530, reward=-7.998718
Epoch: 445: 2022-04-22 09:09:13.648206
Epoch 446/1000, D_loss=0.664984, reward=-8.003104
Epoch: 446: 2022-04-22 09:09:26.491554
Epoch 447/1000, D_loss=0.666467, reward=-8.000933
Epoch: 447: 2022-04-22 09:09:39.706634
Epoch 448/1000, D_loss=0.669411, reward=-7.995367
Epoch: 448: 2022-04-22 09:09:53.397764
Epoch 449/1000, D_loss=0.669019, reward=-7.997417
Epoch: 449: 2022-04-22 09:10:06.882870
Epoch 450/1000, D_loss=0.668056, reward=-7.999136
Test_MRR=0.385477, Test_MR=291.926940, Test_H@10=0.641300
Epoch: 450: 2022-04-22 09:24:03.794758
Epoch 451/1000, D_loss=0.669497, reward=-7.998470
Epoch: 451: 2022-04-22 09:24:17.400816
Epoch 452/1000, D_loss=0.666759, reward=-8.002105
Epoch: 452: 2022-04-22 09:24:31.070314
Epoch 453/1000, D_loss=0.670317, reward=-7.996266
Epoch: 453: 2022-04-22 09:24:44.850950
Epoch 454/1000, D_loss=0.666077, reward=-8.004091
Epoch: 454: 2022-04-22 09:24:59.044608
Epoch 455/1000, D_loss=0.668430, reward=-7.998609
Epoch: 455: 2022-04-22 09:25:12.698529
Epoch 456/1000, D_loss=0.667607, reward=-7.997653
Epoch: 456: 2022-04-22 09:25:26.376999
Epoch 457/1000, D_loss=0.667867, reward=-7.996561
Epoch: 457: 2022-04-22 09:25:39.331311
Epoch 458/1000, D_loss=0.666619, reward=-8.002137
Epoch: 458: 2022-04-22 09:25:52.365814
Epoch 459/1000, D_loss=0.670133, reward=-7.997273
Epoch: 459: 2022-04-22 09:26:05.256664
Epoch 460/1000, D_loss=0.668783, reward=-7.995557
Test_MRR=0.385298, Test_MR=296.133990, Test_H@10=0.641890
Epoch: 460: 2022-04-22 09:40:01.581165
Epoch 461/1000, D_loss=0.668962, reward=-7.997690
Epoch: 461: 2022-04-22 09:40:14.561440
Epoch 462/1000, D_loss=0.668281, reward=-7.998969
Epoch: 462: 2022-04-22 09:40:27.594893
Epoch 463/1000, D_loss=0.668413, reward=-8.000190
Epoch: 463: 2022-04-22 09:40:40.488377
Epoch 464/1000, D_loss=0.668135, reward=-7.996504
Epoch: 464: 2022-04-22 09:40:53.662447
Epoch 465/1000, D_loss=0.670989, reward=-7.994889
Epoch: 465: 2022-04-22 09:41:06.470353
Epoch 466/1000, D_loss=0.667435, reward=-7.998127
Epoch: 466: 2022-04-22 09:41:19.963964
Epoch 467/1000, D_loss=0.669021, reward=-7.997272
Epoch: 467: 2022-04-22 09:41:33.140814
Epoch 468/1000, D_loss=0.668132, reward=-7.998009
Epoch: 468: 2022-04-22 09:41:45.949262
Epoch 469/1000, D_loss=0.667115, reward=-8.001895
Epoch: 469: 2022-04-22 09:41:59.030515
Epoch 470/1000, D_loss=0.667342, reward=-8.000436
Test_MRR=0.384494, Test_MR=296.347970, Test_H@10=0.642490
Epoch: 470: 2022-04-22 09:55:55.077619
Epoch 471/1000, D_loss=0.668637, reward=-7.996746
Epoch: 471: 2022-04-22 09:56:08.168874
Epoch 472/1000, D_loss=0.667854, reward=-7.998392
Epoch: 472: 2022-04-22 09:56:21.242833
Epoch 473/1000, D_loss=0.670203, reward=-7.997758
Epoch: 473: 2022-04-22 09:56:34.403035
Epoch 474/1000, D_loss=0.669893, reward=-7.996337
Epoch: 474: 2022-04-22 09:56:47.629874
Epoch 475/1000, D_loss=0.667429, reward=-7.998511
Epoch: 475: 2022-04-22 09:57:00.523555
Epoch 476/1000, D_loss=0.668355, reward=-7.998511
Epoch: 476: 2022-04-22 09:57:13.136203
Epoch 477/1000, D_loss=0.668662, reward=-7.996555
Epoch: 477: 2022-04-22 09:57:26.507026
Epoch 478/1000, D_loss=0.668518, reward=-7.997105
Epoch: 478: 2022-04-22 09:57:40.365973
Epoch 479/1000, D_loss=0.672071, reward=-7.991271
Epoch: 479: 2022-04-22 09:57:53.343080
Epoch 480/1000, D_loss=0.672153, reward=-7.993841
Test_MRR=0.386662, Test_MR=299.335480, Test_H@10=0.640990
Epoch: 480: 2022-04-22 10:11:50.037173
Epoch 481/1000, D_loss=0.668749, reward=-7.997963
Epoch: 481: 2022-04-22 10:12:03.057266
Epoch 482/1000, D_loss=0.671568, reward=-7.995304
Epoch: 482: 2022-04-22 10:12:16.284073
Epoch 483/1000, D_loss=0.666701, reward=-8.000859
Epoch: 483: 2022-04-22 10:12:29.631786
Epoch 484/1000, D_loss=0.669497, reward=-7.998068
Epoch: 484: 2022-04-22 10:12:42.330207
Epoch 485/1000, D_loss=0.670651, reward=-7.995053
Epoch: 485: 2022-04-22 10:12:55.327280
Epoch 486/1000, D_loss=0.670383, reward=-7.995129
Epoch: 486: 2022-04-22 10:13:07.670610
Epoch 487/1000, D_loss=0.668663, reward=-7.997842
Epoch: 487: 2022-04-22 10:13:20.494482
Epoch 488/1000, D_loss=0.668677, reward=-7.998397
Epoch: 488: 2022-04-22 10:13:32.798705
Epoch 489/1000, D_loss=0.670694, reward=-7.997972
Epoch: 489: 2022-04-22 10:13:45.821085
Epoch 490/1000, D_loss=0.670641, reward=-7.996919
Test_MRR=0.388776, Test_MR=298.918140, Test_H@10=0.643170
Epoch: 490: 2022-04-22 10:27:35.590866
Epoch 491/1000, D_loss=0.668612, reward=-7.999064
Epoch: 491: 2022-04-22 10:27:48.326149
Epoch 492/1000, D_loss=0.671438, reward=-7.992962
Epoch: 492: 2022-04-22 10:28:01.265913
Epoch 493/1000, D_loss=0.669325, reward=-7.996336
Epoch: 493: 2022-04-22 10:28:14.391244
Epoch 494/1000, D_loss=0.669961, reward=-7.995599
Epoch: 494: 2022-04-22 10:28:27.083178
Epoch 495/1000, D_loss=0.670357, reward=-7.994738
Epoch: 495: 2022-04-22 10:28:40.049009
Epoch 496/1000, D_loss=0.669051, reward=-7.996472
Epoch: 496: 2022-04-22 10:28:52.981758
Epoch 497/1000, D_loss=0.668096, reward=-7.997831
Epoch: 497: 2022-04-22 10:29:05.871367
Epoch 498/1000, D_loss=0.670617, reward=-7.994344
Epoch: 498: 2022-04-22 10:29:18.916189
Epoch 499/1000, D_loss=0.670182, reward=-7.995732
Epoch: 499: 2022-04-22 10:29:31.652272
Epoch 500/1000, D_loss=0.669852, reward=-7.995169
Test_MRR=0.388576, Test_MR=302.451590, Test_H@10=0.644630
Epoch: 500: 2022-04-22 10:43:19.983940
Epoch 501/1000, D_loss=0.671220, reward=-7.993869
Epoch: 501: 2022-04-22 10:43:32.998770
Epoch 502/1000, D_loss=0.667943, reward=-7.997374
Epoch: 502: 2022-04-22 10:43:45.733841
Epoch 503/1000, D_loss=0.668619, reward=-7.996108
Epoch: 503: 2022-04-22 10:43:58.407612
Epoch 504/1000, D_loss=0.671145, reward=-7.993201
Epoch: 504: 2022-04-22 10:44:11.216183
Epoch 505/1000, D_loss=0.669483, reward=-7.994674
Epoch: 505: 2022-04-22 10:44:23.913599
Epoch 506/1000, D_loss=0.669197, reward=-7.994690
Epoch: 506: 2022-04-22 10:44:36.405420
Epoch 507/1000, D_loss=0.670826, reward=-7.994057
Epoch: 507: 2022-04-22 10:44:49.462833
Epoch 508/1000, D_loss=0.670797, reward=-7.994864
Epoch: 508: 2022-04-22 10:45:02.354098
Epoch 509/1000, D_loss=0.672569, reward=-7.992853
Epoch: 509: 2022-04-22 10:45:14.710068
Epoch 510/1000, D_loss=0.671207, reward=-7.991131
Test_MRR=0.388712, Test_MR=297.415340, Test_H@10=0.644660
Epoch: 510: 2022-04-22 10:58:57.836115
Epoch 511/1000, D_loss=0.670657, reward=-7.994019
Epoch: 511: 2022-04-22 10:59:10.675815
Epoch 512/1000, D_loss=0.671409, reward=-7.994309
Epoch: 512: 2022-04-22 10:59:23.060924
Epoch 513/1000, D_loss=0.671737, reward=-7.991374
Epoch: 513: 2022-04-22 10:59:35.946800
Epoch 514/1000, D_loss=0.669141, reward=-7.995187
Epoch: 514: 2022-04-22 10:59:48.888767
Epoch 515/1000, D_loss=0.668258, reward=-7.999529
Epoch: 515: 2022-04-22 11:00:01.861679
Epoch 516/1000, D_loss=0.673521, reward=-7.990311
Epoch: 516: 2022-04-22 11:00:14.973558
Epoch 517/1000, D_loss=0.670894, reward=-7.992172
Epoch: 517: 2022-04-22 11:00:27.789438
Epoch 518/1000, D_loss=0.670510, reward=-7.992064
Epoch: 518: 2022-04-22 11:00:40.428360
Epoch 519/1000, D_loss=0.669675, reward=-7.994386
Epoch: 519: 2022-04-22 11:00:52.844914
Epoch 520/1000, D_loss=0.672082, reward=-7.990889
Test_MRR=0.389134, Test_MR=299.254980, Test_H@10=0.645270
Epoch: 520: 2022-04-22 11:14:38.960223
Epoch 521/1000, D_loss=0.670332, reward=-7.994369
Epoch: 521: 2022-04-22 11:14:51.703129
Epoch 522/1000, D_loss=0.671721, reward=-7.991887
Epoch: 522: 2022-04-22 11:15:04.420582
Epoch 523/1000, D_loss=0.670489, reward=-7.992794
Epoch: 523: 2022-04-22 11:15:17.655183
Epoch 524/1000, D_loss=0.670304, reward=-7.992377
Epoch: 524: 2022-04-22 11:15:30.121474
Epoch 525/1000, D_loss=0.672452, reward=-7.989957
Epoch: 525: 2022-04-22 11:15:42.910340
Epoch 526/1000, D_loss=0.669020, reward=-7.995107
Epoch: 526: 2022-04-22 11:15:56.124697
Epoch 527/1000, D_loss=0.671443, reward=-7.992320
Epoch: 527: 2022-04-22 11:16:09.065588
Epoch 528/1000, D_loss=0.671581, reward=-7.991332
Epoch: 528: 2022-04-22 11:16:21.705059
Epoch 529/1000, D_loss=0.668405, reward=-7.994195
Epoch: 529: 2022-04-22 11:16:34.299413
Epoch 530/1000, D_loss=0.672772, reward=-7.989263
Test_MRR=0.388201, Test_MR=298.784910, Test_H@10=0.645330
Epoch: 530: 2022-04-22 11:30:22.366341
Epoch 531/1000, D_loss=0.673504, reward=-7.988977
Epoch: 531: 2022-04-22 11:30:35.281411
Epoch 532/1000, D_loss=0.671479, reward=-7.990334
Epoch: 532: 2022-04-22 11:30:48.395635
Epoch 533/1000, D_loss=0.671708, reward=-7.990886
Epoch: 533: 2022-04-22 11:31:01.273162
Epoch 534/1000, D_loss=0.672052, reward=-7.990502
Epoch: 534: 2022-04-22 11:31:14.239351
Epoch 535/1000, D_loss=0.673951, reward=-7.988792
Epoch: 535: 2022-04-22 11:31:27.357886
Epoch 536/1000, D_loss=0.670715, reward=-7.993700
Epoch: 536: 2022-04-22 11:31:40.129792
Epoch 537/1000, D_loss=0.672488, reward=-7.989582
Epoch: 537: 2022-04-22 11:31:53.147487
Epoch 538/1000, D_loss=0.671450, reward=-7.990795
Epoch: 538: 2022-04-22 11:32:06.016323
Epoch 539/1000, D_loss=0.672292, reward=-7.989223
Epoch: 539: 2022-04-22 11:32:18.436570
Epoch 540/1000, D_loss=0.670327, reward=-7.992048
Test_MRR=0.388925, Test_MR=302.569580, Test_H@10=0.644040
Epoch: 540: 2022-04-22 11:46:08.393437
Epoch 541/1000, D_loss=0.673152, reward=-7.990706
Epoch: 541: 2022-04-22 11:46:20.916021
Epoch 542/1000, D_loss=0.673567, reward=-7.989563
Epoch: 542: 2022-04-22 11:46:33.813726
Epoch 543/1000, D_loss=0.673607, reward=-7.989120
Epoch: 543: 2022-04-22 11:46:46.724027
Epoch 544/1000, D_loss=0.671395, reward=-7.991458
Epoch: 544: 2022-04-22 11:46:59.694154
Epoch 545/1000, D_loss=0.671521, reward=-7.987125
Epoch: 545: 2022-04-22 11:47:12.332431
Epoch 546/1000, D_loss=0.672713, reward=-7.985175
Epoch: 546: 2022-04-22 11:47:24.987772
Epoch 547/1000, D_loss=0.671259, reward=-7.989826
Epoch: 547: 2022-04-22 11:47:38.224148
Epoch 548/1000, D_loss=0.670147, reward=-7.990890
Epoch: 548: 2022-04-22 11:47:51.096420
Epoch 549/1000, D_loss=0.671222, reward=-7.990313
Epoch: 549: 2022-04-22 11:48:03.534476
Epoch 550/1000, D_loss=0.672744, reward=-7.987753
Test_MRR=0.390406, Test_MR=301.633080, Test_H@10=0.645590
Epoch: 550: 2022-04-22 12:01:55.728716
Epoch 551/1000, D_loss=0.672777, reward=-7.984428
Epoch: 551: 2022-04-22 12:02:08.697407
Epoch 552/1000, D_loss=0.672671, reward=-7.987270
Epoch: 552: 2022-04-22 12:02:22.089950
Epoch 553/1000, D_loss=0.673001, reward=-7.984125
Epoch: 553: 2022-04-22 12:02:35.086196
Epoch 554/1000, D_loss=0.671454, reward=-7.983946
Epoch: 554: 2022-04-22 12:02:47.905129
Epoch 555/1000, D_loss=0.673950, reward=-7.985235
Epoch: 555: 2022-04-22 12:03:00.808547
Epoch 556/1000, D_loss=0.672459, reward=-7.986568
Epoch: 556: 2022-04-22 12:03:13.623307
Epoch 557/1000, D_loss=0.672424, reward=-7.986771
Epoch: 557: 2022-04-22 12:03:27.016279
Epoch 558/1000, D_loss=0.674191, reward=-7.982958
Epoch: 558: 2022-04-22 12:03:39.959233
Epoch 559/1000, D_loss=0.672277, reward=-7.986731
Epoch: 559: 2022-04-22 12:03:52.638081
Epoch 560/1000, D_loss=0.676627, reward=-7.980725
Test_MRR=0.390454, Test_MR=304.359360, Test_H@10=0.646280
Epoch: 560: 2022-04-22 12:17:45.268746
Epoch 561/1000, D_loss=0.671960, reward=-7.986943
Epoch: 561: 2022-04-22 12:17:57.908757
Epoch 562/1000, D_loss=0.672622, reward=-7.985477
Epoch: 562: 2022-04-22 12:18:11.028824
Epoch 563/1000, D_loss=0.671593, reward=-7.987369
Epoch: 563: 2022-04-22 12:18:24.005979
Epoch 564/1000, D_loss=0.669841, reward=-7.990176
Epoch: 564: 2022-04-22 12:18:36.885541
Epoch 565/1000, D_loss=0.671833, reward=-7.985247
Epoch: 565: 2022-04-22 12:18:49.858311
Epoch 566/1000, D_loss=0.672836, reward=-7.984130
Epoch: 566: 2022-04-22 12:19:02.790110
Epoch 567/1000, D_loss=0.672813, reward=-7.983579
Epoch: 567: 2022-04-22 12:19:15.788034
Epoch 568/1000, D_loss=0.672533, reward=-7.984010
Epoch: 568: 2022-04-22 12:19:28.702163
Epoch 569/1000, D_loss=0.672882, reward=-7.983234
Epoch: 569: 2022-04-22 12:19:41.735907
Epoch 570/1000, D_loss=0.675347, reward=-7.978983
Test_MRR=0.390023, Test_MR=307.506850, Test_H@10=0.647070
Epoch: 570: 2022-04-22 12:33:31.290834
Epoch 571/1000, D_loss=0.672398, reward=-7.982938
Epoch: 571: 2022-04-22 12:33:44.420335
Epoch 572/1000, D_loss=0.674156, reward=-7.978328
Epoch: 572: 2022-04-22 12:33:57.764622
Epoch 573/1000, D_loss=0.671973, reward=-7.980238
Epoch: 573: 2022-04-22 12:34:10.767060
Epoch 574/1000, D_loss=0.672487, reward=-7.980065
Epoch: 574: 2022-04-22 12:34:23.543417
Epoch 575/1000, D_loss=0.674165, reward=-7.980055
Epoch: 575: 2022-04-22 12:34:36.748450
Epoch 576/1000, D_loss=0.671799, reward=-7.980801
Epoch: 576: 2022-04-22 12:34:50.593058
Epoch 577/1000, D_loss=0.674020, reward=-7.977416
Epoch: 577: 2022-04-22 12:35:04.067865
Epoch 578/1000, D_loss=0.673143, reward=-7.978602
Epoch: 578: 2022-04-22 12:35:17.539775
Epoch 579/1000, D_loss=0.672930, reward=-7.979610
Epoch: 579: 2022-04-22 12:35:30.889523
Epoch 580/1000, D_loss=0.673431, reward=-7.977416
Test_MRR=0.390820, Test_MR=304.271600, Test_H@10=0.647250
Epoch: 580: 2022-04-22 12:49:21.140642
Epoch 581/1000, D_loss=0.673024, reward=-7.980298
Epoch: 581: 2022-04-22 12:49:34.001045
Epoch 582/1000, D_loss=0.673568, reward=-7.977715
Epoch: 582: 2022-04-22 12:49:47.622346
Epoch 583/1000, D_loss=0.670988, reward=-7.981059
Epoch: 583: 2022-04-22 12:50:00.768660
Epoch 584/1000, D_loss=0.673655, reward=-7.976183
Epoch: 584: 2022-04-22 12:50:13.678335
Epoch 585/1000, D_loss=0.676376, reward=-7.972692
Epoch: 585: 2022-04-22 12:50:27.109593
Epoch 586/1000, D_loss=0.675523, reward=-7.973807
Epoch: 586: 2022-04-22 12:50:40.073070
Epoch 587/1000, D_loss=0.675191, reward=-7.974337
Epoch: 587: 2022-04-22 12:50:53.014915
Epoch 588/1000, D_loss=0.674104, reward=-7.976349
Epoch: 588: 2022-04-22 12:51:06.309991
Epoch 589/1000, D_loss=0.673361, reward=-7.975711
Epoch: 589: 2022-04-22 12:51:19.062268
Epoch 590/1000, D_loss=0.673811, reward=-7.975473
Test_MRR=0.391106, Test_MR=303.861820, Test_H@10=0.648380
Epoch: 590: 2022-04-22 13:05:12.761626
Epoch 591/1000, D_loss=0.673938, reward=-7.975441
Epoch: 591: 2022-04-22 13:05:25.709544
Epoch 592/1000, D_loss=0.673224, reward=-7.974516
Epoch: 592: 2022-04-22 13:05:38.789645
Epoch 593/1000, D_loss=0.672905, reward=-7.976028
Epoch: 593: 2022-04-22 13:05:51.966295
Epoch 594/1000, D_loss=0.673314, reward=-7.973032
Epoch: 594: 2022-04-22 13:06:04.871990
Epoch 595/1000, D_loss=0.672201, reward=-7.975209
Epoch: 595: 2022-04-22 13:06:18.072437
Epoch 596/1000, D_loss=0.677047, reward=-7.969485
Epoch: 596: 2022-04-22 13:06:31.450633
Epoch 597/1000, D_loss=0.674347, reward=-7.972903
Epoch: 597: 2022-04-22 13:06:44.294323
Epoch 598/1000, D_loss=0.673204, reward=-7.974137
Epoch: 598: 2022-04-22 13:06:57.290386
Epoch 599/1000, D_loss=0.672015, reward=-7.976138
Epoch: 599: 2022-04-22 13:07:10.420390
Epoch 600/1000, D_loss=0.673779, reward=-7.971878
Test_MRR=0.393662, Test_MR=303.347580, Test_H@10=0.649850
Epoch: 600: 2022-04-22 13:21:03.370929
Epoch 601/1000, D_loss=0.674994, reward=-7.971280
Epoch: 601: 2022-04-22 13:21:16.485590
Epoch 602/1000, D_loss=0.673599, reward=-7.972561
Epoch: 602: 2022-04-22 13:21:29.298308
Epoch 603/1000, D_loss=0.675931, reward=-7.969688
Epoch: 603: 2022-04-22 13:21:42.516616
Epoch 604/1000, D_loss=0.674452, reward=-7.970129
Epoch: 604: 2022-04-22 13:21:55.736546
Epoch 605/1000, D_loss=0.672252, reward=-7.973222
Epoch: 605: 2022-04-22 13:22:08.143417
Epoch 606/1000, D_loss=0.674797, reward=-7.968441
Epoch: 606: 2022-04-22 13:22:20.688443
Epoch 607/1000, D_loss=0.673949, reward=-7.970339
Epoch: 607: 2022-04-22 13:22:33.725303
Epoch 608/1000, D_loss=0.674469, reward=-7.971126
Epoch: 608: 2022-04-22 13:22:46.043765
Epoch 609/1000, D_loss=0.676699, reward=-7.968270
Epoch: 609: 2022-04-22 13:22:59.213564
Epoch 610/1000, D_loss=0.673100, reward=-7.972228
Test_MRR=0.393109, Test_MR=305.528910, Test_H@10=0.649980
Epoch: 610: 2022-04-22 13:36:51.963169
Epoch 611/1000, D_loss=0.673698, reward=-7.970295
Epoch: 611: 2022-04-22 13:37:04.866771
Epoch 612/1000, D_loss=0.675631, reward=-7.969612
Epoch: 612: 2022-04-22 13:37:17.996251
Epoch 613/1000, D_loss=0.674541, reward=-7.967532
Epoch: 613: 2022-04-22 13:37:30.967263
Epoch 614/1000, D_loss=0.673662, reward=-7.967434
Epoch: 614: 2022-04-22 13:37:43.756463
Epoch 615/1000, D_loss=0.673300, reward=-7.966185
Epoch: 615: 2022-04-22 13:37:56.675763
Epoch 616/1000, D_loss=0.675289, reward=-7.965585
Epoch: 616: 2022-04-22 13:38:09.549068
Epoch 617/1000, D_loss=0.672520, reward=-7.966958
Epoch: 617: 2022-04-22 13:38:22.972393
Epoch 618/1000, D_loss=0.672069, reward=-7.970021
Epoch: 618: 2022-04-22 13:38:35.526355
Epoch 619/1000, D_loss=0.675796, reward=-7.965119
Epoch: 619: 2022-04-22 13:38:48.219749
Epoch 620/1000, D_loss=0.675913, reward=-7.963731
Test_MRR=0.393578, Test_MR=307.904200, Test_H@10=0.649180
Epoch: 620: 2022-04-22 13:52:40.400896
Epoch 621/1000, D_loss=0.674992, reward=-7.966393
Epoch: 621: 2022-04-22 13:52:53.599806
Epoch 622/1000, D_loss=0.676518, reward=-7.962682
Epoch: 622: 2022-04-22 13:53:06.094864
Epoch 623/1000, D_loss=0.672050, reward=-7.966569
Epoch: 623: 2022-04-22 13:53:19.182176
Epoch 624/1000, D_loss=0.674158, reward=-7.965403
Epoch: 624: 2022-04-22 13:53:32.277545
Epoch 625/1000, D_loss=0.676544, reward=-7.961541
Epoch: 625: 2022-04-22 13:53:44.806719
Epoch 626/1000, D_loss=0.676772, reward=-7.961151
Epoch: 626: 2022-04-22 13:53:57.789437
Epoch 627/1000, D_loss=0.673989, reward=-7.963851
Epoch: 627: 2022-04-22 13:54:10.994260
Epoch 628/1000, D_loss=0.679013, reward=-7.956347
Epoch: 628: 2022-04-22 13:54:23.734098
Epoch 629/1000, D_loss=0.677545, reward=-7.957891
Epoch: 629: 2022-04-22 13:54:36.508957
Epoch 630/1000, D_loss=0.672895, reward=-7.965827
Test_MRR=0.394398, Test_MR=301.086290, Test_H@10=0.651570
Epoch: 630: 2022-04-22 14:08:28.094827
Epoch 631/1000, D_loss=0.677232, reward=-7.958463
Epoch: 631: 2022-04-22 14:08:40.722841
Epoch 632/1000, D_loss=0.674264, reward=-7.961177
Epoch: 632: 2022-04-22 14:08:53.580601
Epoch 633/1000, D_loss=0.674118, reward=-7.962231
Epoch: 633: 2022-04-22 14:09:07.000723
Epoch 634/1000, D_loss=0.677264, reward=-7.957509
Epoch: 634: 2022-04-22 14:09:20.210679
Epoch 635/1000, D_loss=0.673164, reward=-7.963032
Epoch: 635: 2022-04-22 14:09:33.609341
Epoch 636/1000, D_loss=0.677260, reward=-7.956947
Epoch: 636: 2022-04-22 14:09:47.932437
Epoch 637/1000, D_loss=0.680226, reward=-7.954261
Epoch: 637: 2022-04-22 14:10:00.768906
Epoch 638/1000, D_loss=0.675566, reward=-7.960718
Epoch: 638: 2022-04-22 14:10:13.601650
Epoch 639/1000, D_loss=0.676521, reward=-7.958239
Epoch: 639: 2022-04-22 14:10:26.653274
Epoch 640/1000, D_loss=0.671831, reward=-7.963039
Test_MRR=0.393331, Test_MR=303.569090, Test_H@10=0.650070
Epoch: 640: 2022-04-22 14:24:16.371509
Epoch 641/1000, D_loss=0.675545, reward=-7.956165
Epoch: 641: 2022-04-22 14:24:29.206278
Epoch 642/1000, D_loss=0.676388, reward=-7.956923
Epoch: 642: 2022-04-22 14:24:41.590086
Epoch 643/1000, D_loss=0.675031, reward=-7.956627
Epoch: 643: 2022-04-22 14:24:54.294077
Epoch 644/1000, D_loss=0.675004, reward=-7.955552
Epoch: 644: 2022-04-22 14:25:07.421150
Epoch 645/1000, D_loss=0.674946, reward=-7.955472
Epoch: 645: 2022-04-22 14:25:20.239804
Epoch 646/1000, D_loss=0.675797, reward=-7.956409
Epoch: 646: 2022-04-22 14:25:33.304028
Epoch 647/1000, D_loss=0.679379, reward=-7.951338
Epoch: 647: 2022-04-22 14:25:46.145817
Epoch 648/1000, D_loss=0.674057, reward=-7.960248
Epoch: 648: 2022-04-22 14:25:59.204748
Epoch 649/1000, D_loss=0.677661, reward=-7.954362
Epoch: 649: 2022-04-22 14:26:12.015202
Epoch 650/1000, D_loss=0.674004, reward=-7.958996
Test_MRR=0.393915, Test_MR=308.942900, Test_H@10=0.650670
Epoch: 650: 2022-04-22 14:40:00.135522
Epoch 651/1000, D_loss=0.674614, reward=-7.956397
Epoch: 651: 2022-04-22 14:40:13.357580
Epoch 652/1000, D_loss=0.675977, reward=-7.954997
Epoch: 652: 2022-04-22 14:40:26.110915
Epoch 653/1000, D_loss=0.677780, reward=-7.951667
Epoch: 653: 2022-04-22 14:40:38.676099
Epoch 654/1000, D_loss=0.674013, reward=-7.955670
Epoch: 654: 2022-04-22 14:40:51.691265
Epoch 655/1000, D_loss=0.675941, reward=-7.955156
Epoch: 655: 2022-04-22 14:41:05.083173
Epoch 656/1000, D_loss=0.676567, reward=-7.953844
Epoch: 656: 2022-04-22 14:41:18.314007
Epoch 657/1000, D_loss=0.677474, reward=-7.952557
Epoch: 657: 2022-04-22 14:41:31.420313
Epoch 658/1000, D_loss=0.674740, reward=-7.955822
Epoch: 658: 2022-04-22 14:41:44.133715
Epoch 659/1000, D_loss=0.675687, reward=-7.953196
Epoch: 659: 2022-04-22 14:41:57.000990
Epoch 660/1000, D_loss=0.676583, reward=-7.953857
Test_MRR=0.393608, Test_MR=309.081300, Test_H@10=0.649850
Epoch: 660: 2022-04-22 14:55:46.981084
Epoch 661/1000, D_loss=0.676559, reward=-7.954244
Epoch: 661: 2022-04-22 14:56:00.079899
Epoch 662/1000, D_loss=0.676587, reward=-7.952856
Epoch: 662: 2022-04-22 14:56:13.071748
Epoch 663/1000, D_loss=0.677611, reward=-7.950598
Epoch: 663: 2022-04-22 14:56:25.936940
Epoch 664/1000, D_loss=0.677609, reward=-7.954398
Epoch: 664: 2022-04-22 14:56:38.815053
Epoch 665/1000, D_loss=0.676043, reward=-7.953493
Epoch: 665: 2022-04-22 14:56:51.762960
Epoch 666/1000, D_loss=0.677281, reward=-7.952285
Epoch: 666: 2022-04-22 14:57:04.689714
Epoch 667/1000, D_loss=0.679094, reward=-7.950092
Epoch: 667: 2022-04-22 14:57:17.394919
Epoch 668/1000, D_loss=0.679210, reward=-7.947664
Epoch: 668: 2022-04-22 14:57:30.359582
Epoch 669/1000, D_loss=0.678634, reward=-7.949182
Epoch: 669: 2022-04-22 14:57:43.678766
Epoch 670/1000, D_loss=0.674069, reward=-7.952672
Test_MRR=0.394438, Test_MR=306.973250, Test_H@10=0.649870
Epoch: 670: 2022-04-22 15:11:28.128345
Epoch 671/1000, D_loss=0.678968, reward=-7.947152
Epoch: 671: 2022-04-22 15:11:40.971511
Epoch 672/1000, D_loss=0.677965, reward=-7.949987
Epoch: 672: 2022-04-22 15:11:53.875837
Epoch 673/1000, D_loss=0.675794, reward=-7.952200
Epoch: 673: 2022-04-22 15:12:07.731637
Epoch 674/1000, D_loss=0.674602, reward=-7.953500
Epoch: 674: 2022-04-22 15:12:20.726776
Epoch 675/1000, D_loss=0.677730, reward=-7.949698
Epoch: 675: 2022-04-22 15:12:33.679500
Epoch 676/1000, D_loss=0.676568, reward=-7.949547
Epoch: 676: 2022-04-22 15:12:46.569393
Epoch 677/1000, D_loss=0.677938, reward=-7.947843
Epoch: 677: 2022-04-22 15:12:59.547118
Epoch 678/1000, D_loss=0.677984, reward=-7.949517
Epoch: 678: 2022-04-22 15:13:12.401009
Epoch 679/1000, D_loss=0.674021, reward=-7.952351
Epoch: 679: 2022-04-22 15:13:24.989596
Epoch 680/1000, D_loss=0.677218, reward=-7.948203
Test_MRR=0.395017, Test_MR=308.601440, Test_H@10=0.651090
Epoch: 680: 2022-04-22 15:27:10.556441
Epoch 681/1000, D_loss=0.675908, reward=-7.951342
Epoch: 681: 2022-04-22 15:27:23.268295
Epoch 682/1000, D_loss=0.676769, reward=-7.950165
Epoch: 682: 2022-04-22 15:27:36.236290
Epoch 683/1000, D_loss=0.676754, reward=-7.949064
Epoch: 683: 2022-04-22 15:27:49.125349
Epoch 684/1000, D_loss=0.678664, reward=-7.946536
Epoch: 684: 2022-04-22 15:28:02.473862
Epoch 685/1000, D_loss=0.678001, reward=-7.946788
Epoch: 685: 2022-04-22 15:28:15.480463
Epoch 686/1000, D_loss=0.677018, reward=-7.944986
Epoch: 686: 2022-04-22 15:28:28.333052
Epoch 687/1000, D_loss=0.677932, reward=-7.947248
Epoch: 687: 2022-04-22 15:28:41.067330
Epoch 688/1000, D_loss=0.679083, reward=-7.943160
Epoch: 688: 2022-04-22 15:28:54.257479
Epoch 689/1000, D_loss=0.676469, reward=-7.947582
Epoch: 689: 2022-04-22 15:29:07.190645
Epoch 690/1000, D_loss=0.678152, reward=-7.946362
Test_MRR=0.395310, Test_MR=304.753250, Test_H@10=0.652130
Epoch: 690: 2022-04-22 15:42:56.443977
Epoch 691/1000, D_loss=0.677043, reward=-7.947169
Epoch: 691: 2022-04-22 15:43:09.149926
Epoch 692/1000, D_loss=0.678102, reward=-7.946056
Epoch: 692: 2022-04-22 15:43:22.076133
Epoch 693/1000, D_loss=0.678820, reward=-7.945230
Epoch: 693: 2022-04-22 15:43:35.170275
Epoch 694/1000, D_loss=0.677494, reward=-7.944087
Epoch: 694: 2022-04-22 15:43:47.514479
Epoch 695/1000, D_loss=0.676368, reward=-7.945251
Epoch: 695: 2022-04-22 15:44:00.069466
Epoch 696/1000, D_loss=0.675818, reward=-7.948380
Epoch: 696: 2022-04-22 15:44:13.103213
Epoch 697/1000, D_loss=0.678085, reward=-7.942353
Epoch: 697: 2022-04-22 15:44:26.530618
Epoch 698/1000, D_loss=0.678183, reward=-7.943220
Epoch: 698: 2022-04-22 15:44:40.077704
Epoch 699/1000, D_loss=0.679875, reward=-7.939219
Epoch: 699: 2022-04-22 15:44:53.557627
Epoch 700/1000, D_loss=0.677579, reward=-7.945087
Test_MRR=0.394596, Test_MR=304.889290, Test_H@10=0.651370
Epoch: 700: 2022-04-22 15:58:42.537970
Epoch 701/1000, D_loss=0.675541, reward=-7.945604
Epoch: 701: 2022-04-22 15:58:56.015962
Epoch 702/1000, D_loss=0.674804, reward=-7.947731
Epoch: 702: 2022-04-22 15:59:09.777769
Epoch 703/1000, D_loss=0.680788, reward=-7.939434
Epoch: 703: 2022-04-22 15:59:23.051389
Epoch 704/1000, D_loss=0.677685, reward=-7.943026
Epoch: 704: 2022-04-22 15:59:36.162659
Epoch 705/1000, D_loss=0.678529, reward=-7.943030
Epoch: 705: 2022-04-22 15:59:49.219888
Epoch 706/1000, D_loss=0.677320, reward=-7.942777
Epoch: 706: 2022-04-22 16:00:02.733191
Epoch 707/1000, D_loss=0.678323, reward=-7.940553
Epoch: 707: 2022-04-22 16:00:15.808591
Epoch 708/1000, D_loss=0.677582, reward=-7.943134
Epoch: 708: 2022-04-22 16:00:28.219262
Epoch 709/1000, D_loss=0.679712, reward=-7.937372
Epoch: 709: 2022-04-22 16:00:40.969672
Epoch 710/1000, D_loss=0.678629, reward=-7.940785
Test_MRR=0.395808, Test_MR=309.058900, Test_H@10=0.650760
Epoch: 710: 2022-04-22 16:14:27.076893
Epoch 711/1000, D_loss=0.676961, reward=-7.942164
Epoch: 711: 2022-04-22 16:14:40.461662
Epoch 712/1000, D_loss=0.676072, reward=-7.942031
Epoch: 712: 2022-04-22 16:14:53.126511
Epoch 713/1000, D_loss=0.677513, reward=-7.941401
Epoch: 713: 2022-04-22 16:15:06.229826
Epoch 714/1000, D_loss=0.675853, reward=-7.944326
Epoch: 714: 2022-04-22 16:15:19.339856
Epoch 715/1000, D_loss=0.678202, reward=-7.939838
Epoch: 715: 2022-04-22 16:15:32.391234
Epoch 716/1000, D_loss=0.677850, reward=-7.941056
Epoch: 716: 2022-04-22 16:15:45.057835
Epoch 717/1000, D_loss=0.679489, reward=-7.935755
Epoch: 717: 2022-04-22 16:15:58.212128
Epoch 718/1000, D_loss=0.678457, reward=-7.940140
Epoch: 718: 2022-04-22 16:16:10.739469
Epoch 719/1000, D_loss=0.677853, reward=-7.937571
Epoch: 719: 2022-04-22 16:16:23.576616
Epoch 720/1000, D_loss=0.678477, reward=-7.939637
Test_MRR=0.395850, Test_MR=308.772710, Test_H@10=0.650840
Epoch: 720: 2022-04-22 16:30:06.210873
Epoch 721/1000, D_loss=0.680061, reward=-7.938168
Epoch: 721: 2022-04-22 16:30:18.869439
Epoch 722/1000, D_loss=0.679263, reward=-7.937618
Epoch: 722: 2022-04-22 16:30:32.267250
Epoch 723/1000, D_loss=0.677892, reward=-7.940867
Epoch: 723: 2022-04-22 16:30:45.422030
Epoch 724/1000, D_loss=0.680326, reward=-7.935581
Epoch: 724: 2022-04-22 16:30:58.076804
Epoch 725/1000, D_loss=0.678854, reward=-7.938635
Epoch: 725: 2022-04-22 16:31:10.620656
Epoch 726/1000, D_loss=0.676595, reward=-7.939743
Epoch: 726: 2022-04-22 16:31:23.429979
Epoch 727/1000, D_loss=0.677390, reward=-7.938984
Epoch: 727: 2022-04-22 16:31:35.911962
Epoch 728/1000, D_loss=0.679318, reward=-7.938025
Epoch: 728: 2022-04-22 16:31:48.871646
Epoch 729/1000, D_loss=0.676980, reward=-7.939261
Epoch: 729: 2022-04-22 16:32:01.664469
Epoch 730/1000, D_loss=0.679302, reward=-7.935961
Test_MRR=0.394884, Test_MR=308.602100, Test_H@10=0.652410
Epoch: 730: 2022-04-22 16:45:48.333667
Epoch 731/1000, D_loss=0.676671, reward=-7.939876
Epoch: 731: 2022-04-22 16:46:00.702951
Epoch 732/1000, D_loss=0.678650, reward=-7.937073
Epoch: 732: 2022-04-22 16:46:13.631302
Epoch 733/1000, D_loss=0.676739, reward=-7.938437
Epoch: 733: 2022-04-22 16:46:26.587723
Epoch 734/1000, D_loss=0.679385, reward=-7.935061
Epoch: 734: 2022-04-22 16:46:39.536369
Epoch 735/1000, D_loss=0.680264, reward=-7.935817
Epoch: 735: 2022-04-22 16:46:52.190759
Epoch 736/1000, D_loss=0.677578, reward=-7.938341
Epoch: 736: 2022-04-22 16:47:04.668276
Epoch 737/1000, D_loss=0.678663, reward=-7.936366
Epoch: 737: 2022-04-22 16:47:16.975717
Epoch 738/1000, D_loss=0.677651, reward=-7.939854
Epoch: 738: 2022-04-22 16:47:29.494830
Epoch 739/1000, D_loss=0.676919, reward=-7.939796
Epoch: 739: 2022-04-22 16:47:42.801468
Epoch 740/1000, D_loss=0.677441, reward=-7.936777
Test_MRR=0.397954, Test_MR=307.620060, Test_H@10=0.652820
Epoch: 740: 2022-04-22 17:01:29.756113
Epoch 741/1000, D_loss=0.679605, reward=-7.934083
Epoch: 741: 2022-04-22 17:01:42.845587
Epoch 742/1000, D_loss=0.679638, reward=-7.934574
Epoch: 742: 2022-04-22 17:01:55.681963
Epoch 743/1000, D_loss=0.677342, reward=-7.940004
Epoch: 743: 2022-04-22 17:02:08.437599
Epoch 744/1000, D_loss=0.681501, reward=-7.935340
Epoch: 744: 2022-04-22 17:02:21.446219
Epoch 745/1000, D_loss=0.680507, reward=-7.934212
Epoch: 745: 2022-04-22 17:02:34.382524
Epoch 746/1000, D_loss=0.677336, reward=-7.939319
Epoch: 746: 2022-04-22 17:02:47.003793
Epoch 747/1000, D_loss=0.680305, reward=-7.933422
Epoch: 747: 2022-04-22 17:02:59.732622
Epoch 748/1000, D_loss=0.678546, reward=-7.933772
Epoch: 748: 2022-04-22 17:03:12.314706
Epoch 749/1000, D_loss=0.678685, reward=-7.935098
Epoch: 749: 2022-04-22 17:03:25.150085
Epoch 750/1000, D_loss=0.679313, reward=-7.935136
Test_MRR=0.395293, Test_MR=308.611350, Test_H@10=0.652280
Epoch: 750: 2022-04-22 17:17:09.296507
Epoch 751/1000, D_loss=0.679259, reward=-7.936170
Epoch: 751: 2022-04-22 17:17:22.095281
Epoch 752/1000, D_loss=0.678672, reward=-7.936457
Epoch: 752: 2022-04-22 17:17:35.132143
Epoch 753/1000, D_loss=0.678946, reward=-7.937486
Epoch: 753: 2022-04-22 17:17:48.145403
Epoch 754/1000, D_loss=0.676887, reward=-7.939229
Epoch: 754: 2022-04-22 17:18:01.623795
Epoch 755/1000, D_loss=0.679778, reward=-7.936250
Epoch: 755: 2022-04-22 17:18:14.742815
Epoch 756/1000, D_loss=0.680080, reward=-7.931574
Epoch: 756: 2022-04-22 17:18:27.858888
Epoch 757/1000, D_loss=0.680486, reward=-7.931993
Epoch: 757: 2022-04-22 17:18:40.944072
Epoch 758/1000, D_loss=0.681122, reward=-7.930402
Epoch: 758: 2022-04-22 17:18:54.054582
Epoch 759/1000, D_loss=0.678048, reward=-7.936374
Epoch: 759: 2022-04-22 17:19:07.156611
Epoch 760/1000, D_loss=0.680258, reward=-7.933683
Test_MRR=0.396701, Test_MR=307.166020, Test_H@10=0.653030
Epoch: 760: 2022-04-22 17:32:55.856365
Epoch 761/1000, D_loss=0.679289, reward=-7.933732
Epoch: 761: 2022-04-22 17:33:08.904803
Epoch 762/1000, D_loss=0.679409, reward=-7.931826
Epoch: 762: 2022-04-22 17:33:22.030908
Epoch 763/1000, D_loss=0.682622, reward=-7.930345
Epoch: 763: 2022-04-22 17:33:35.376509
Epoch 764/1000, D_loss=0.680137, reward=-7.932795
Epoch: 764: 2022-04-22 17:33:48.633351
Epoch 765/1000, D_loss=0.680196, reward=-7.935665
Epoch: 765: 2022-04-22 17:34:01.441773
Epoch 766/1000, D_loss=0.679542, reward=-7.933991
Epoch: 766: 2022-04-22 17:34:14.666534
Epoch 767/1000, D_loss=0.680361, reward=-7.931650
Epoch: 767: 2022-04-22 17:34:27.486140
Epoch 768/1000, D_loss=0.681425, reward=-7.931758
Epoch: 768: 2022-04-22 17:34:40.271997
Epoch 769/1000, D_loss=0.679592, reward=-7.937085
Epoch: 769: 2022-04-22 17:34:53.372787
Epoch 770/1000, D_loss=0.681837, reward=-7.932151
Test_MRR=0.396072, Test_MR=312.316160, Test_H@10=0.653020
Epoch: 770: 2022-04-22 17:48:48.266599
Epoch 771/1000, D_loss=0.682671, reward=-7.931798
Epoch: 771: 2022-04-22 17:49:01.810012
Epoch 772/1000, D_loss=0.681271, reward=-7.933587
Epoch: 772: 2022-04-22 17:49:14.771945
Epoch 773/1000, D_loss=0.679495, reward=-7.935293
Epoch: 773: 2022-04-22 17:49:27.494124
Epoch 774/1000, D_loss=0.678311, reward=-7.936233
Epoch: 774: 2022-04-22 17:49:40.332394
Epoch 775/1000, D_loss=0.681381, reward=-7.931410
Epoch: 775: 2022-04-22 17:49:53.469411
Epoch 776/1000, D_loss=0.679472, reward=-7.929801
Epoch: 776: 2022-04-22 17:50:06.361693
Epoch 777/1000, D_loss=0.680491, reward=-7.930758
Epoch: 777: 2022-04-22 17:50:19.860530
Epoch 778/1000, D_loss=0.679092, reward=-7.931713
Epoch: 778: 2022-04-22 17:50:32.957453
Epoch 779/1000, D_loss=0.678908, reward=-7.932875
Epoch: 779: 2022-04-22 17:50:45.651122
Epoch 780/1000, D_loss=0.677112, reward=-7.934047
Test_MRR=0.396943, Test_MR=309.308020, Test_H@10=0.652820
Epoch: 780: 2022-04-22 18:04:35.203076
Epoch 781/1000, D_loss=0.677868, reward=-7.933718
Epoch: 781: 2022-04-22 18:04:48.134118
Epoch 782/1000, D_loss=0.682168, reward=-7.928881
Epoch: 782: 2022-04-22 18:05:00.298650
Epoch 783/1000, D_loss=0.679768, reward=-7.930100
Epoch: 783: 2022-04-22 18:05:13.589979
Epoch 784/1000, D_loss=0.681819, reward=-7.926519
Epoch: 784: 2022-04-22 18:05:26.213002
Epoch 785/1000, D_loss=0.679572, reward=-7.929339
Epoch: 785: 2022-04-22 18:05:39.409411
Epoch 786/1000, D_loss=0.678725, reward=-7.928693
Epoch: 786: 2022-04-22 18:05:52.605146
Epoch 787/1000, D_loss=0.680193, reward=-7.931498
Epoch: 787: 2022-04-22 18:06:05.434819
Epoch 788/1000, D_loss=0.681414, reward=-7.929900
Epoch: 788: 2022-04-22 18:06:18.047532
Epoch 789/1000, D_loss=0.680095, reward=-7.929396
Epoch: 789: 2022-04-22 18:06:30.705618
Epoch 790/1000, D_loss=0.679341, reward=-7.930897
Test_MRR=0.396994, Test_MR=312.001520, Test_H@10=0.653940
Epoch: 790: 2022-04-22 18:20:19.722855
Epoch 791/1000, D_loss=0.680209, reward=-7.929693
Epoch: 791: 2022-04-22 18:20:32.655395
Epoch 792/1000, D_loss=0.680638, reward=-7.928520
Epoch: 792: 2022-04-22 18:20:45.297074
Epoch 793/1000, D_loss=0.680776, reward=-7.929888
Epoch: 793: 2022-04-22 18:20:57.778546
Epoch 794/1000, D_loss=0.678353, reward=-7.932644
Epoch: 794: 2022-04-22 18:21:10.686963
Epoch 795/1000, D_loss=0.683054, reward=-7.925499
Epoch: 795: 2022-04-22 18:21:23.247367
Epoch 796/1000, D_loss=0.682176, reward=-7.926033
Epoch: 796: 2022-04-22 18:21:35.899629
Epoch 797/1000, D_loss=0.680134, reward=-7.929473
Epoch: 797: 2022-04-22 18:21:49.448833
Epoch 798/1000, D_loss=0.679654, reward=-7.929588
Epoch: 798: 2022-04-22 18:22:02.236626
Epoch 799/1000, D_loss=0.681309, reward=-7.927020
Epoch: 799: 2022-04-22 18:22:15.133070
Epoch 800/1000, D_loss=0.680123, reward=-7.928354
Test_MRR=0.395787, Test_MR=314.829780, Test_H@10=0.654600
Epoch: 800: 2022-04-22 18:36:05.949327
Epoch 801/1000, D_loss=0.681996, reward=-7.927428
Epoch: 801: 2022-04-22 18:36:18.993281
Epoch 802/1000, D_loss=0.683313, reward=-7.924363
Epoch: 802: 2022-04-22 18:36:31.635282
Epoch 803/1000, D_loss=0.681958, reward=-7.925995
Epoch: 803: 2022-04-22 18:36:44.832216
Epoch 804/1000, D_loss=0.681366, reward=-7.924888
Epoch: 804: 2022-04-22 18:36:57.834258
Epoch 805/1000, D_loss=0.680428, reward=-7.927934
Epoch: 805: 2022-04-22 18:37:10.423997
Epoch 806/1000, D_loss=0.678793, reward=-7.930850
Epoch: 806: 2022-04-22 18:37:23.613296
Epoch 807/1000, D_loss=0.679915, reward=-7.928759
Epoch: 807: 2022-04-22 18:37:36.261890
Epoch 808/1000, D_loss=0.680300, reward=-7.928231
Epoch: 808: 2022-04-22 18:37:49.266720
Epoch 809/1000, D_loss=0.680858, reward=-7.928207
Epoch: 809: 2022-04-22 18:38:02.040317
Epoch 810/1000, D_loss=0.680539, reward=-7.930014
Test_MRR=0.397048, Test_MR=310.195680, Test_H@10=0.654800
Epoch: 810: 2022-04-22 18:51:52.633465
Epoch 811/1000, D_loss=0.680827, reward=-7.928827
Epoch: 811: 2022-04-22 18:52:05.769294
Epoch 812/1000, D_loss=0.681376, reward=-7.925489
Epoch: 812: 2022-04-22 18:52:18.513716
Epoch 813/1000, D_loss=0.680010, reward=-7.928062
Epoch: 813: 2022-04-22 18:52:31.105726
Epoch 814/1000, D_loss=0.678445, reward=-7.929945
Epoch: 814: 2022-04-22 18:52:43.848850
Epoch 815/1000, D_loss=0.680458, reward=-7.928171
Epoch: 815: 2022-04-22 18:52:56.756603
Epoch 816/1000, D_loss=0.681107, reward=-7.927325
Epoch: 816: 2022-04-22 18:53:09.296084
Epoch 817/1000, D_loss=0.680204, reward=-7.925345
Epoch: 817: 2022-04-22 18:53:22.306380
Epoch 818/1000, D_loss=0.682502, reward=-7.925279
Epoch: 818: 2022-04-22 18:53:35.119203
Epoch 819/1000, D_loss=0.678286, reward=-7.929100
Epoch: 819: 2022-04-22 18:53:48.131657
Epoch 820/1000, D_loss=0.681708, reward=-7.924332
Test_MRR=0.397181, Test_MR=309.073490, Test_H@10=0.653130
Epoch: 820: 2022-04-22 19:07:38.362295
Epoch 821/1000, D_loss=0.679821, reward=-7.925760
Epoch: 821: 2022-04-22 19:07:50.947332
Epoch 822/1000, D_loss=0.682341, reward=-7.923361
Epoch: 822: 2022-04-22 19:08:03.610620
Epoch 823/1000, D_loss=0.679332, reward=-7.925716
Epoch: 823: 2022-04-22 19:08:16.630031
Epoch 824/1000, D_loss=0.683161, reward=-7.919816
Epoch: 824: 2022-04-22 19:08:29.331078
Epoch 825/1000, D_loss=0.680813, reward=-7.923501
Epoch: 825: 2022-04-22 19:08:42.398995
Epoch 826/1000, D_loss=0.681457, reward=-7.923822
Epoch: 826: 2022-04-22 19:08:54.877626
Epoch 827/1000, D_loss=0.681550, reward=-7.922408
Epoch: 827: 2022-04-22 19:09:07.471167
Epoch 828/1000, D_loss=0.681869, reward=-7.922513
Epoch: 828: 2022-04-22 19:09:20.328301
Epoch 829/1000, D_loss=0.680435, reward=-7.923607
Epoch: 829: 2022-04-22 19:09:33.393669
Epoch 830/1000, D_loss=0.679168, reward=-7.927262
Test_MRR=0.396863, Test_MR=307.034310, Test_H@10=0.654360
Epoch: 830: 2022-04-22 19:23:24.453282
Epoch 831/1000, D_loss=0.681266, reward=-7.923297
Epoch: 831: 2022-04-22 19:23:37.358314
Epoch 832/1000, D_loss=0.680414, reward=-7.925378
Epoch: 832: 2022-04-22 19:23:50.175366
Epoch 833/1000, D_loss=0.680437, reward=-7.922336
Epoch: 833: 2022-04-22 19:24:02.581640
Epoch 834/1000, D_loss=0.680658, reward=-7.922325
Epoch: 834: 2022-04-22 19:24:16.396351
Epoch 835/1000, D_loss=0.681305, reward=-7.922347
Epoch: 835: 2022-04-22 19:24:29.904111
Epoch 836/1000, D_loss=0.681588, reward=-7.921796
Epoch: 836: 2022-04-22 19:24:43.202633
Epoch 837/1000, D_loss=0.680453, reward=-7.922984
Epoch: 837: 2022-04-22 19:24:56.598586
Epoch 838/1000, D_loss=0.679709, reward=-7.926125
Epoch: 838: 2022-04-22 19:25:09.966029
Epoch 839/1000, D_loss=0.681186, reward=-7.923287
Epoch: 839: 2022-04-22 19:25:23.050135
Epoch 840/1000, D_loss=0.680804, reward=-7.924694
Test_MRR=0.397302, Test_MR=311.243260, Test_H@10=0.653870
Epoch: 840: 2022-04-22 19:39:11.006057
Epoch 841/1000, D_loss=0.680909, reward=-7.923800
Epoch: 841: 2022-04-22 19:39:24.027093
Epoch 842/1000, D_loss=0.681656, reward=-7.921228
Epoch: 842: 2022-04-22 19:39:38.301694
Epoch 843/1000, D_loss=0.680859, reward=-7.921837
Epoch: 843: 2022-04-22 19:39:51.849903
Epoch 844/1000, D_loss=0.681671, reward=-7.922274
Epoch: 844: 2022-04-22 19:40:05.009069
Epoch 845/1000, D_loss=0.683425, reward=-7.919928
Epoch: 845: 2022-04-22 19:40:18.463608
Epoch 846/1000, D_loss=0.681659, reward=-7.921821
Epoch: 846: 2022-04-22 19:40:31.701531
Epoch 847/1000, D_loss=0.682875, reward=-7.918661
Epoch: 847: 2022-04-22 19:40:44.316045
Epoch 848/1000, D_loss=0.679383, reward=-7.925384
Epoch: 848: 2022-04-22 19:40:56.968054
Epoch 849/1000, D_loss=0.678500, reward=-7.925185
Epoch: 849: 2022-04-22 19:41:10.302870
Epoch 850/1000, D_loss=0.680746, reward=-7.922627
Test_MRR=0.397641, Test_MR=308.134190, Test_H@10=0.654470
Epoch: 850: 2022-04-22 19:55:03.794696
Epoch 851/1000, D_loss=0.682825, reward=-7.919670
Epoch: 851: 2022-04-22 19:55:16.340233
Epoch 852/1000, D_loss=0.679991, reward=-7.923704
Epoch: 852: 2022-04-22 19:55:29.548382
Epoch 853/1000, D_loss=0.682827, reward=-7.919613
Epoch: 853: 2022-04-22 19:55:42.604424
Epoch 854/1000, D_loss=0.682135, reward=-7.920235
Epoch: 854: 2022-04-22 19:55:55.656229
Epoch 855/1000, D_loss=0.684308, reward=-7.917343
Epoch: 855: 2022-04-22 19:56:08.687566
Epoch 856/1000, D_loss=0.682446, reward=-7.920130
Epoch: 856: 2022-04-22 19:56:21.473804
Epoch 857/1000, D_loss=0.681603, reward=-7.921648
Epoch: 857: 2022-04-22 19:56:34.174284
Epoch 858/1000, D_loss=0.683250, reward=-7.918836
Epoch: 858: 2022-04-22 19:56:46.671309
Epoch 859/1000, D_loss=0.680689, reward=-7.921813
Epoch: 859: 2022-04-22 19:56:59.438965
Epoch 860/1000, D_loss=0.682532, reward=-7.917727
Test_MRR=0.397038, Test_MR=306.767480, Test_H@10=0.653530
Epoch: 860: 2022-04-22 20:10:50.692447
Epoch 861/1000, D_loss=0.683651, reward=-7.919656
Epoch: 861: 2022-04-22 20:11:03.595903
Epoch 862/1000, D_loss=0.681386, reward=-7.922953
Epoch: 862: 2022-04-22 20:11:16.808848
Epoch 863/1000, D_loss=0.683457, reward=-7.919695
Epoch: 863: 2022-04-22 20:11:29.567974
Epoch 864/1000, D_loss=0.681855, reward=-7.920988
Epoch: 864: 2022-04-22 20:11:41.899404
Epoch 865/1000, D_loss=0.683164, reward=-7.920499
Epoch: 865: 2022-04-22 20:11:55.122341
Epoch 866/1000, D_loss=0.683533, reward=-7.917446
Epoch: 866: 2022-04-22 20:12:07.929875
Epoch 867/1000, D_loss=0.683421, reward=-7.917148
Epoch: 867: 2022-04-22 20:12:20.947774
Epoch 868/1000, D_loss=0.682544, reward=-7.918315
Epoch: 868: 2022-04-22 20:12:33.665891
Epoch 869/1000, D_loss=0.682302, reward=-7.916876
Epoch: 869: 2022-04-22 20:12:47.129619
Epoch 870/1000, D_loss=0.683907, reward=-7.913653
Test_MRR=0.398596, Test_MR=306.234200, Test_H@10=0.652950
Epoch: 870: 2022-04-22 20:26:35.985913
Epoch 871/1000, D_loss=0.683770, reward=-7.917063
Epoch: 871: 2022-04-22 20:26:48.308787
Epoch 872/1000, D_loss=0.679838, reward=-7.922166
Epoch: 872: 2022-04-22 20:27:01.519893
Epoch 873/1000, D_loss=0.682198, reward=-7.918644
Epoch: 873: 2022-04-22 20:27:14.398402
Epoch 874/1000, D_loss=0.683161, reward=-7.917814
Epoch: 874: 2022-04-22 20:27:27.937772
Epoch 875/1000, D_loss=0.681771, reward=-7.918236
Epoch: 875: 2022-04-22 20:27:41.121615
Epoch 876/1000, D_loss=0.680413, reward=-7.920479
Epoch: 876: 2022-04-22 20:27:53.990141
Epoch 877/1000, D_loss=0.684258, reward=-7.914279
Epoch: 877: 2022-04-22 20:28:06.817456
Epoch 878/1000, D_loss=0.682696, reward=-7.917409
Epoch: 878: 2022-04-22 20:28:19.709358
Epoch 879/1000, D_loss=0.682825, reward=-7.914867
Epoch: 879: 2022-04-22 20:28:32.718641
Epoch 880/1000, D_loss=0.683375, reward=-7.915719
Test_MRR=0.398909, Test_MR=306.600700, Test_H@10=0.652800
Epoch: 880: 2022-04-22 20:42:22.289648
Epoch 881/1000, D_loss=0.682839, reward=-7.916358
Epoch: 881: 2022-04-22 20:42:35.142214
Epoch 882/1000, D_loss=0.683223, reward=-7.914660
Epoch: 882: 2022-04-22 20:42:47.778431
Epoch 883/1000, D_loss=0.680867, reward=-7.918255
Epoch: 883: 2022-04-22 20:43:00.938899
Epoch 884/1000, D_loss=0.683258, reward=-7.916623
Epoch: 884: 2022-04-22 20:43:13.863118
Epoch 885/1000, D_loss=0.681837, reward=-7.916020
Epoch: 885: 2022-04-22 20:43:26.799374
Epoch 886/1000, D_loss=0.684068, reward=-7.913752
Epoch: 886: 2022-04-22 20:43:39.889253
Epoch 887/1000, D_loss=0.682220, reward=-7.915760
Epoch: 887: 2022-04-22 20:43:52.685052
Epoch 888/1000, D_loss=0.682107, reward=-7.916061
Epoch: 888: 2022-04-22 20:44:05.218545
Epoch 889/1000, D_loss=0.682953, reward=-7.915999
Epoch: 889: 2022-04-22 20:44:18.843325
Epoch 890/1000, D_loss=0.682283, reward=-7.918142
Test_MRR=0.397976, Test_MR=308.500010, Test_H@10=0.654650
Epoch: 890: 2022-04-22 20:58:09.980067
Epoch 891/1000, D_loss=0.684661, reward=-7.912583
Epoch: 891: 2022-04-22 20:58:23.123127
Epoch 892/1000, D_loss=0.684610, reward=-7.912907
Epoch: 892: 2022-04-22 20:58:36.329895
Epoch 893/1000, D_loss=0.684172, reward=-7.913572
Epoch: 893: 2022-04-22 20:58:49.869589
Epoch 894/1000, D_loss=0.680753, reward=-7.915627
Epoch: 894: 2022-04-22 20:59:02.929460
Epoch 895/1000, D_loss=0.683858, reward=-7.913695
Epoch: 895: 2022-04-22 20:59:15.872577
Epoch 896/1000, D_loss=0.682007, reward=-7.916625
Epoch: 896: 2022-04-22 20:59:29.057759
Epoch 897/1000, D_loss=0.683792, reward=-7.911794
Epoch: 897: 2022-04-22 20:59:41.905712
Epoch 898/1000, D_loss=0.682369, reward=-7.914919
Epoch: 898: 2022-04-22 20:59:55.054614
Epoch 899/1000, D_loss=0.681038, reward=-7.914552
Epoch: 899: 2022-04-22 21:00:07.827853
Epoch 900/1000, D_loss=0.684382, reward=-7.912304
Test_MRR=0.398061, Test_MR=307.625890, Test_H@10=0.655130
Epoch: 900: 2022-04-22 21:13:56.265994
Epoch 901/1000, D_loss=0.682510, reward=-7.913477
Epoch: 901: 2022-04-22 21:14:09.526104
Epoch 902/1000, D_loss=0.684626, reward=-7.909403
Epoch: 902: 2022-04-22 21:14:22.590183
Epoch 903/1000, D_loss=0.681047, reward=-7.914477
Epoch: 903: 2022-04-22 21:14:35.219238
Epoch 904/1000, D_loss=0.683866, reward=-7.911679
Epoch: 904: 2022-04-22 21:14:47.796821
Epoch 905/1000, D_loss=0.683120, reward=-7.913105
Epoch: 905: 2022-04-22 21:15:00.559937
Epoch 906/1000, D_loss=0.684113, reward=-7.911362
Epoch: 906: 2022-04-22 21:15:13.813308
Epoch 907/1000, D_loss=0.684373, reward=-7.911353
Epoch: 907: 2022-04-22 21:15:26.390336
Epoch 908/1000, D_loss=0.684886, reward=-7.909614
Epoch: 908: 2022-04-22 21:15:40.388230
Epoch 909/1000, D_loss=0.681097, reward=-7.913472
Epoch: 909: 2022-04-22 21:15:53.572237
Epoch 910/1000, D_loss=0.683064, reward=-7.911017
Test_MRR=0.398422, Test_MR=305.525030, Test_H@10=0.654970
Epoch: 910: 2022-04-22 21:29:41.547680
Epoch 911/1000, D_loss=0.684116, reward=-7.910625
Epoch: 911: 2022-04-22 21:29:54.135800
Epoch 912/1000, D_loss=0.684075, reward=-7.909737
Epoch: 912: 2022-04-22 21:30:07.881208
Epoch 913/1000, D_loss=0.683778, reward=-7.908313
Epoch: 913: 2022-04-22 21:30:20.940994
Epoch 914/1000, D_loss=0.683967, reward=-7.909997
Epoch: 914: 2022-04-22 21:30:33.875156
Epoch 915/1000, D_loss=0.686082, reward=-7.906671
Epoch: 915: 2022-04-22 21:30:46.949726
Epoch 916/1000, D_loss=0.685937, reward=-7.906558
Epoch: 916: 2022-04-22 21:31:00.077932
Epoch 917/1000, D_loss=0.682350, reward=-7.912257
Epoch: 917: 2022-04-22 21:31:13.181515
Epoch 918/1000, D_loss=0.680478, reward=-7.912276
Epoch: 918: 2022-04-22 21:31:25.988296
Epoch 919/1000, D_loss=0.683954, reward=-7.907227
Epoch: 919: 2022-04-22 21:31:38.831074
Epoch 920/1000, D_loss=0.684842, reward=-7.907063
Test_MRR=0.397734, Test_MR=307.602550, Test_H@10=0.654240
Epoch: 920: 2022-04-22 21:45:31.781807
Epoch 921/1000, D_loss=0.682247, reward=-7.910625
Epoch: 921: 2022-04-22 21:45:44.840117
Epoch 922/1000, D_loss=0.684518, reward=-7.906959
Epoch: 922: 2022-04-22 21:45:57.710259
Epoch 923/1000, D_loss=0.684555, reward=-7.907197
Epoch: 923: 2022-04-22 21:46:10.658063
Epoch 924/1000, D_loss=0.684518, reward=-7.905834
Epoch: 924: 2022-04-22 21:46:23.779804
Epoch 925/1000, D_loss=0.685457, reward=-7.905867
Epoch: 925: 2022-04-22 21:46:36.906138
Epoch 926/1000, D_loss=0.683162, reward=-7.908542
Epoch: 926: 2022-04-22 21:46:50.005942
Epoch 927/1000, D_loss=0.685880, reward=-7.904436
Epoch: 927: 2022-04-22 21:47:03.013068
Epoch 928/1000, D_loss=0.683473, reward=-7.905817
Epoch: 928: 2022-04-22 21:47:15.429784
Epoch 929/1000, D_loss=0.682092, reward=-7.908291
Epoch: 929: 2022-04-22 21:47:28.035017
Epoch 930/1000, D_loss=0.683501, reward=-7.904663
Test_MRR=0.399665, Test_MR=306.337980, Test_H@10=0.655980
Epoch: 930: 2022-04-22 22:01:14.321937
Epoch 931/1000, D_loss=0.683631, reward=-7.906795
Epoch: 931: 2022-04-22 22:01:27.951370
Epoch 932/1000, D_loss=0.682744, reward=-7.904822
Epoch: 932: 2022-04-22 22:01:41.212272
Epoch 933/1000, D_loss=0.682958, reward=-7.906860
Epoch: 933: 2022-04-22 22:01:53.804282
Epoch 934/1000, D_loss=0.684725, reward=-7.904171
Epoch: 934: 2022-04-22 22:02:06.355833
Epoch 935/1000, D_loss=0.685015, reward=-7.902370
Epoch: 935: 2022-04-22 22:02:19.327881
Epoch 936/1000, D_loss=0.682887, reward=-7.904724
Epoch: 936: 2022-04-22 22:02:33.013101
Epoch 937/1000, D_loss=0.684712, reward=-7.902477
Epoch: 937: 2022-04-22 22:02:45.840764
Epoch 938/1000, D_loss=0.683587, reward=-7.903152
Epoch: 938: 2022-04-22 22:02:58.738765
Epoch 939/1000, D_loss=0.682446, reward=-7.904011
Epoch: 939: 2022-04-22 22:03:11.780705
Epoch 940/1000, D_loss=0.682789, reward=-7.902556
Test_MRR=0.398782, Test_MR=305.203560, Test_H@10=0.654670
Epoch: 940: 2022-04-22 22:16:49.998852
Epoch 941/1000, D_loss=0.683683, reward=-7.902440
Epoch: 941: 2022-04-22 22:17:01.928556
Epoch 942/1000, D_loss=0.684458, reward=-7.900835
Epoch: 942: 2022-04-22 22:17:13.796898
Epoch 943/1000, D_loss=0.685635, reward=-7.899008
Epoch: 943: 2022-04-22 22:17:25.557182
Epoch 944/1000, D_loss=0.685726, reward=-7.899517
Epoch: 944: 2022-04-22 22:17:37.031521
Epoch 945/1000, D_loss=0.682946, reward=-7.902739
Epoch: 945: 2022-04-22 22:17:48.509235
Epoch 946/1000, D_loss=0.685854, reward=-7.898431
Epoch: 946: 2022-04-22 22:17:59.853751
Epoch 947/1000, D_loss=0.686214, reward=-7.896174
Epoch: 947: 2022-04-22 22:18:11.128820
Epoch 948/1000, D_loss=0.684267, reward=-7.900311
Epoch: 948: 2022-04-22 22:18:22.496812
Epoch 949/1000, D_loss=0.683495, reward=-7.900488
Epoch: 949: 2022-04-22 22:18:33.885997
Epoch 950/1000, D_loss=0.684741, reward=-7.898849
Test_MRR=0.397584, Test_MR=305.390340, Test_H@10=0.654420
Epoch: 950: 2022-04-22 22:32:21.282205
Epoch 951/1000, D_loss=0.686454, reward=-7.898142
Epoch: 951: 2022-04-22 22:32:32.807673
Epoch 952/1000, D_loss=0.685270, reward=-7.898229
Epoch: 952: 2022-04-22 22:32:44.176770
Epoch 953/1000, D_loss=0.686114, reward=-7.897521
Epoch: 953: 2022-04-22 22:32:55.522114
Epoch 954/1000, D_loss=0.684138, reward=-7.901000
Epoch: 954: 2022-04-22 22:33:07.021649
Epoch 955/1000, D_loss=0.685172, reward=-7.899020
Epoch: 955: 2022-04-22 22:33:18.345008
Epoch 956/1000, D_loss=0.684804, reward=-7.899785
Epoch: 956: 2022-04-22 22:33:29.788201
Epoch 957/1000, D_loss=0.683121, reward=-7.900475
Epoch: 957: 2022-04-22 22:33:41.182664
Epoch 958/1000, D_loss=0.686230, reward=-7.895596
Epoch: 958: 2022-04-22 22:33:52.716561
Epoch 959/1000, D_loss=0.683438, reward=-7.900208
Epoch: 959: 2022-04-22 22:34:04.086125
Epoch 960/1000, D_loss=0.681844, reward=-7.903536
Test_MRR=0.400137, Test_MR=305.874720, Test_H@10=0.654860
Epoch: 960: 2022-04-22 22:47:47.420455
Epoch 961/1000, D_loss=0.685589, reward=-7.895951
Epoch: 961: 2022-04-22 22:47:59.073235
Epoch 962/1000, D_loss=0.684268, reward=-7.897360
Epoch: 962: 2022-04-22 22:48:10.739232
Epoch 963/1000, D_loss=0.686504, reward=-7.895586
Epoch: 963: 2022-04-22 22:48:22.302285
Epoch 964/1000, D_loss=0.684263, reward=-7.898537
Epoch: 964: 2022-04-22 22:48:34.460754
Epoch 965/1000, D_loss=0.685619, reward=-7.898386
Epoch: 965: 2022-04-22 22:48:45.844068
Epoch 966/1000, D_loss=0.682850, reward=-7.901424
Epoch: 966: 2022-04-22 22:48:57.297166
Epoch 967/1000, D_loss=0.686710, reward=-7.896790
Epoch: 967: 2022-04-22 22:49:08.692741
Epoch 968/1000, D_loss=0.682958, reward=-7.900353
Epoch: 968: 2022-04-22 22:49:19.869504
Epoch 969/1000, D_loss=0.685284, reward=-7.895740
Epoch: 969: 2022-04-22 22:49:31.258305
Epoch 970/1000, D_loss=0.685626, reward=-7.894632
Test_MRR=0.400817, Test_MR=305.442550, Test_H@10=0.656140
Epoch: 970: 2022-04-22 23:03:09.010402
Epoch 971/1000, D_loss=0.685580, reward=-7.895340
Epoch: 971: 2022-04-22 23:03:20.760530
Epoch 972/1000, D_loss=0.685189, reward=-7.893692
Epoch: 972: 2022-04-22 23:03:32.340871
Epoch 973/1000, D_loss=0.687974, reward=-7.893019
Epoch: 973: 2022-04-22 23:03:43.770156
Epoch 974/1000, D_loss=0.684501, reward=-7.896295
Epoch: 974: 2022-04-22 23:03:55.189360
Epoch 975/1000, D_loss=0.684647, reward=-7.896080
Epoch: 975: 2022-04-22 23:04:06.788524
Epoch 976/1000, D_loss=0.685491, reward=-7.894808
Epoch: 976: 2022-04-22 23:04:18.273659
Epoch 977/1000, D_loss=0.686771, reward=-7.892078
Epoch: 977: 2022-04-22 23:04:29.480458
Epoch 978/1000, D_loss=0.684178, reward=-7.896781
Epoch: 978: 2022-04-22 23:04:40.783059
Epoch 979/1000, D_loss=0.687432, reward=-7.891277
Epoch: 979: 2022-04-22 23:04:51.909342
Epoch 980/1000, D_loss=0.686967, reward=-7.892507
Test_MRR=0.401860, Test_MR=308.501430, Test_H@10=0.656380
Epoch: 980: 2022-04-22 23:19:00.150914
Epoch 981/1000, D_loss=0.685659, reward=-7.892676
Epoch: 981: 2022-04-22 23:19:11.536748
Epoch 982/1000, D_loss=0.685807, reward=-7.890634
Epoch: 982: 2022-04-22 23:19:22.998786
Epoch 983/1000, D_loss=0.684500, reward=-7.892437
Epoch: 983: 2022-04-22 23:19:34.254794
Epoch 984/1000, D_loss=0.684394, reward=-7.893020
Epoch: 984: 2022-04-22 23:19:45.410235
Epoch 985/1000, D_loss=0.684746, reward=-7.891816
Epoch: 985: 2022-04-22 23:19:56.631384
Epoch 986/1000, D_loss=0.685524, reward=-7.890536
Epoch: 986: 2022-04-22 23:20:07.911242
Epoch 987/1000, D_loss=0.687057, reward=-7.887888
Epoch: 987: 2022-04-22 23:20:19.341407
Epoch 988/1000, D_loss=0.685877, reward=-7.889292
Epoch: 988: 2022-04-22 23:20:30.609878
Epoch 989/1000, D_loss=0.685510, reward=-7.889824
Epoch: 989: 2022-04-22 23:20:41.772422
Epoch 990/1000, D_loss=0.685323, reward=-7.889808
Test_MRR=0.401884, Test_MR=303.152190, Test_H@10=0.657820
Epoch: 990: 2022-04-22 23:34:41.261072
Epoch 991/1000, D_loss=0.685755, reward=-7.889333
Epoch: 991: 2022-04-22 23:34:52.763162
Epoch 992/1000, D_loss=0.684154, reward=-7.891870
Epoch: 992: 2022-04-22 23:35:04.494921
Epoch 993/1000, D_loss=0.683780, reward=-7.891562
Epoch: 993: 2022-04-22 23:35:16.025105
Epoch 994/1000, D_loss=0.686704, reward=-7.886547
Epoch: 994: 2022-04-22 23:35:27.433220
Epoch 995/1000, D_loss=0.684844, reward=-7.887863
Epoch: 995: 2022-04-22 23:35:38.914831
Epoch 996/1000, D_loss=0.684914, reward=-7.889426
Epoch: 996: 2022-04-22 23:35:50.511037
Epoch 997/1000, D_loss=0.687542, reward=-7.886550
Epoch: 997: 2022-04-22 23:36:02.039498
Epoch 998/1000, D_loss=0.687251, reward=-7.887042
Epoch: 998: 2022-04-22 23:36:13.449872
Epoch 999/1000, D_loss=0.686985, reward=-7.887834
Epoch: 999: 2022-04-22 23:36:24.601147
Epoch 1000/1000, D_loss=0.687373, reward=-7.885266
Test_MRR=0.400446, Test_MR=306.952120, Test_H@10=0.656380
Best Performance:
Test_MRR=0.401106, Test_MR=304.264377, Test_H@10=0.658800
