pretrain_config=TransE
g_config=DistMult
d_config=TransE
test_batch_size=100
task.dir=kinship
task.type=link
adv.use_pretrained_models=False
adv.n_sample=20
adv.sample_type=original
adv.measure_type=entropy
adv.n_epoch=1000
adv.n_batch=100
adv.epoch_per_test=10
adv.temperature=1.0
TransE.dim=50
TransE.margin=3
TransE.p=1
TransE.n_epoch=1000
TransE.n_batch=100
TransE.epoch_per_test=10
TransE.model_file=transe.mdl
TransD.dim=50
TransD.margin=3
TransD.p=1
TransD.n_epoch=1000
TransD.n_batch=100
TransD.epoch_per_test=10
TransD.model_file=transd.mdl
DistMult.dim=50
DistMult.lam=0.1
DistMult.n_sample=20
DistMult.sample_freq=1
DistMult.n_epoch=1000
DistMult.n_batch=100
DistMult.epoch_per_test=10
DistMult.model_file=distmult.mdl
ComplEx.dim=25
ComplEx.lam=0.1
ComplEx.n_sample=20
ComplEx.sample_freq=1
ComplEx.n_epoch=1000
ComplEx.n_batch=100
ComplEx.epoch_per_test=10
ComplEx.model_file=complex.mdl
log.dump_config=False
log.log_train=True
log.log_config=True
log.dir=./logs
log.log_advtrain_graphs=True
log.log_pretrain_graph=True
log.graph_every_nth_epoch=10
2022-04-20 13:37:24.933489
Test_MRR=0.042073, Test_MR=48.709963, Test_H@10=0.093110
Epoch: 0: 2022-04-20 13:37:26.216171
Epoch 1/1000, D_loss=3.034540, reward=-9.646341
Epoch: 1: 2022-04-20 13:37:26.845509
Epoch 2/1000, D_loss=3.003336, reward=-9.531157
Epoch: 2: 2022-04-20 13:37:27.456797
Epoch 3/1000, D_loss=2.957021, reward=-9.470090
Epoch: 3: 2022-04-20 13:37:28.060257
Epoch 4/1000, D_loss=2.911850, reward=-9.427644
Epoch: 4: 2022-04-20 13:37:28.659522
Epoch 5/1000, D_loss=2.881990, reward=-9.373319
Epoch: 5: 2022-04-20 13:37:29.264079
Epoch 6/1000, D_loss=2.832604, reward=-9.334866
Epoch: 6: 2022-04-20 13:37:29.884838
Epoch 7/1000, D_loss=2.783494, reward=-9.297929
Epoch: 7: 2022-04-20 13:37:30.485624
Epoch 8/1000, D_loss=2.744746, reward=-9.261024
Epoch: 8: 2022-04-20 13:37:31.084250
Epoch 9/1000, D_loss=2.686771, reward=-9.254107
Epoch: 9: 2022-04-20 13:37:31.672296
Epoch 10/1000, D_loss=2.641366, reward=-9.225625
Test_MRR=0.056548, Test_MR=42.751873, Test_H@10=0.141854
Epoch: 10: 2022-04-20 13:37:33.544518
Epoch 11/1000, D_loss=2.616179, reward=-9.170284
Epoch: 11: 2022-04-20 13:37:34.134796
Epoch 12/1000, D_loss=2.559741, reward=-9.149614
Epoch: 12: 2022-04-20 13:37:34.683965
Epoch 13/1000, D_loss=2.475516, reward=-9.166687
Epoch: 13: 2022-04-20 13:37:35.189435
Epoch 14/1000, D_loss=2.425200, reward=-9.134347
Epoch: 14: 2022-04-20 13:37:35.731596
Epoch 15/1000, D_loss=2.377690, reward=-9.103596
Epoch: 15: 2022-04-20 13:37:36.273627
Epoch 16/1000, D_loss=2.318794, reward=-9.093554
Epoch: 16: 2022-04-20 13:37:36.816629
Epoch 17/1000, D_loss=2.271260, reward=-9.078616
Epoch: 17: 2022-04-20 13:37:37.367687
Epoch 18/1000, D_loss=2.252815, reward=-9.020204
Epoch: 18: 2022-04-20 13:37:37.925173
Epoch 19/1000, D_loss=2.165542, reward=-9.049958
Epoch: 19: 2022-04-20 13:37:38.473046
Epoch 20/1000, D_loss=2.136318, reward=-9.018712
Test_MRR=0.118750, Test_MR=29.799157, Test_H@10=0.313670
Epoch: 20: 2022-04-20 13:37:40.379403
Epoch 21/1000, D_loss=2.093719, reward=-9.001493
Epoch: 21: 2022-04-20 13:37:41.219785
Epoch 22/1000, D_loss=2.042487, reward=-9.009478
Epoch: 22: 2022-04-20 13:37:41.990271
Epoch 23/1000, D_loss=2.022401, reward=-8.975036
Epoch: 23: 2022-04-20 13:37:42.698090
Epoch 24/1000, D_loss=1.967771, reward=-8.987219
Epoch: 24: 2022-04-20 13:37:43.388048
Epoch 25/1000, D_loss=1.931461, reward=-8.978926
Epoch: 25: 2022-04-20 13:37:44.027330
Epoch 26/1000, D_loss=1.923130, reward=-8.949974
Epoch: 26: 2022-04-20 13:37:44.698673
Epoch 27/1000, D_loss=1.892270, reward=-8.945583
Epoch: 27: 2022-04-20 13:37:45.289257
Epoch 28/1000, D_loss=1.868940, reward=-8.940213
Epoch: 28: 2022-04-20 13:37:45.995410
Epoch 29/1000, D_loss=1.856987, reward=-8.926107
Epoch: 29: 2022-04-20 13:37:46.637975
Epoch 30/1000, D_loss=1.853100, reward=-8.907050
Test_MRR=0.190214, Test_MR=20.837547, Test_H@10=0.496255
Epoch: 30: 2022-04-20 13:37:48.536655
Epoch 31/1000, D_loss=1.804420, reward=-8.917103
Epoch: 31: 2022-04-20 13:37:49.379972
Epoch 32/1000, D_loss=1.808949, reward=-8.881761
Epoch: 32: 2022-04-20 13:37:50.151416
Epoch 33/1000, D_loss=1.794774, reward=-8.862363
Epoch: 33: 2022-04-20 13:37:50.892985
Epoch 34/1000, D_loss=1.813248, reward=-8.822006
Epoch: 34: 2022-04-20 13:37:51.589094
Epoch 35/1000, D_loss=1.793013, reward=-8.823616
Epoch: 35: 2022-04-20 13:37:52.264909
Epoch 36/1000, D_loss=1.799734, reward=-8.795905
Epoch: 36: 2022-04-20 13:37:52.890777
Epoch 37/1000, D_loss=1.805139, reward=-8.773174
Epoch: 37: 2022-04-20 13:37:53.487509
Epoch 38/1000, D_loss=1.849607, reward=-8.714759
Epoch: 38: 2022-04-20 13:37:54.092494
Epoch 39/1000, D_loss=1.853684, reward=-8.686639
Epoch: 39: 2022-04-20 13:37:54.672686
Epoch 40/1000, D_loss=1.876117, reward=-8.632655
Test_MRR=0.221382, Test_MR=18.056648, Test_H@10=0.541199
Epoch: 40: 2022-04-20 13:37:56.417632
Epoch 41/1000, D_loss=1.887313, reward=-8.596560
Epoch: 41: 2022-04-20 13:37:57.022473
Epoch 42/1000, D_loss=1.914243, reward=-8.548225
Epoch: 42: 2022-04-20 13:37:57.627144
Epoch 43/1000, D_loss=1.954850, reward=-8.470034
Epoch: 43: 2022-04-20 13:37:58.240032
Epoch 44/1000, D_loss=1.965604, reward=-8.435743
Epoch: 44: 2022-04-20 13:37:58.842353
Epoch 45/1000, D_loss=2.004307, reward=-8.367438
Epoch: 45: 2022-04-20 13:37:59.382624
Epoch 46/1000, D_loss=2.005946, reward=-8.341590
Epoch: 46: 2022-04-20 13:37:59.927974
Epoch 47/1000, D_loss=2.070277, reward=-8.256207
Epoch: 47: 2022-04-20 13:38:00.471372
Epoch 48/1000, D_loss=2.083828, reward=-8.215233
Epoch: 48: 2022-04-20 13:38:01.019727
Epoch 49/1000, D_loss=2.126527, reward=-8.135912
Epoch: 49: 2022-04-20 13:38:01.579738
Epoch 50/1000, D_loss=2.139633, reward=-8.097248
Test_MRR=0.229992, Test_MR=17.062734, Test_H@10=0.549157
Epoch: 50: 2022-04-20 13:38:03.527705
Epoch 51/1000, D_loss=2.170055, reward=-8.034454
Epoch: 51: 2022-04-20 13:38:04.328960
Epoch 52/1000, D_loss=2.209860, reward=-7.956166
Epoch: 52: 2022-04-20 13:38:04.892535
Epoch 53/1000, D_loss=2.199828, reward=-7.943620
Epoch: 53: 2022-04-20 13:38:05.455766
Epoch 54/1000, D_loss=2.245580, reward=-7.871108
Epoch: 54: 2022-04-20 13:38:06.016842
Epoch 55/1000, D_loss=2.255085, reward=-7.837134
Epoch: 55: 2022-04-20 13:38:06.572969
Epoch 56/1000, D_loss=2.270164, reward=-7.790960
Epoch: 56: 2022-04-20 13:38:07.123706
Epoch 57/1000, D_loss=2.299841, reward=-7.736068
Epoch: 57: 2022-04-20 13:38:07.689894
Epoch 58/1000, D_loss=2.270430, reward=-7.739260
Epoch: 58: 2022-04-20 13:38:08.181626
Epoch 59/1000, D_loss=2.298174, reward=-7.694427
Epoch: 59: 2022-04-20 13:38:08.626006
Epoch 60/1000, D_loss=2.345555, reward=-7.624985
Test_MRR=0.242382, Test_MR=17.387172, Test_H@10=0.543539
Epoch: 60: 2022-04-20 13:38:10.521491
Epoch 61/1000, D_loss=2.328899, reward=-7.634179
Epoch: 61: 2022-04-20 13:38:11.256967
Epoch 62/1000, D_loss=2.346843, reward=-7.600919
Epoch: 62: 2022-04-20 13:38:11.943950
Epoch 63/1000, D_loss=2.365291, reward=-7.574621
Epoch: 63: 2022-04-20 13:38:12.628410
Epoch 64/1000, D_loss=2.376430, reward=-7.547502
Epoch: 64: 2022-04-20 13:38:13.310884
Epoch 65/1000, D_loss=2.377228, reward=-7.532682
Epoch: 65: 2022-04-20 13:38:13.994740
Epoch 66/1000, D_loss=2.387081, reward=-7.505981
Epoch: 66: 2022-04-20 13:38:14.663914
Epoch 67/1000, D_loss=2.404866, reward=-7.473265
Epoch: 67: 2022-04-20 13:38:15.352263
Epoch 68/1000, D_loss=2.407686, reward=-7.449780
Epoch: 68: 2022-04-20 13:38:16.138014
Epoch 69/1000, D_loss=2.406645, reward=-7.433809
Epoch: 69: 2022-04-20 13:38:16.897133
Epoch 70/1000, D_loss=2.414945, reward=-7.421063
Test_MRR=0.248246, Test_MR=18.824906, Test_H@10=0.517322
Epoch: 70: 2022-04-20 13:38:18.968188
Epoch 71/1000, D_loss=2.395442, reward=-7.424540
Epoch: 71: 2022-04-20 13:38:19.694838
Epoch 72/1000, D_loss=2.428455, reward=-7.380313
Epoch: 72: 2022-04-20 13:38:20.370635
Epoch 73/1000, D_loss=2.433174, reward=-7.360327
Epoch: 73: 2022-04-20 13:38:21.072985
Epoch 74/1000, D_loss=2.417847, reward=-7.371572
Epoch: 74: 2022-04-20 13:38:21.740903
Epoch 75/1000, D_loss=2.429203, reward=-7.336761
Epoch: 75: 2022-04-20 13:38:22.360103
Epoch 76/1000, D_loss=2.445361, reward=-7.306750
Epoch: 76: 2022-04-20 13:38:22.954508
Epoch 77/1000, D_loss=2.435887, reward=-7.299908
Epoch: 77: 2022-04-20 13:38:23.552494
Epoch 78/1000, D_loss=2.455332, reward=-7.266127
Epoch: 78: 2022-04-20 13:38:24.257568
Epoch 79/1000, D_loss=2.450137, reward=-7.256565
Epoch: 79: 2022-04-20 13:38:24.940813
Epoch 80/1000, D_loss=2.444933, reward=-7.246623
Test_MRR=0.239426, Test_MR=21.189607, Test_H@10=0.485019
Epoch: 80: 2022-04-20 13:38:26.884292
Epoch 81/1000, D_loss=2.457561, reward=-7.221539
Epoch: 81: 2022-04-20 13:38:27.508644
Epoch 82/1000, D_loss=2.459971, reward=-7.204127
Epoch: 82: 2022-04-20 13:38:28.112698
Epoch 83/1000, D_loss=2.474685, reward=-7.177537
Epoch: 83: 2022-04-20 13:38:28.717661
Epoch 84/1000, D_loss=2.457323, reward=-7.184897
Epoch: 84: 2022-04-20 13:38:29.329758
Epoch 85/1000, D_loss=2.487715, reward=-7.140410
Epoch: 85: 2022-04-20 13:38:29.939112
Epoch 86/1000, D_loss=2.447095, reward=-7.167275
Epoch: 86: 2022-04-20 13:38:30.525916
Epoch 87/1000, D_loss=2.469190, reward=-7.141690
Epoch: 87: 2022-04-20 13:38:31.108949
Epoch 88/1000, D_loss=2.462406, reward=-7.144227
Epoch: 88: 2022-04-20 13:38:31.702327
Epoch 89/1000, D_loss=2.494068, reward=-7.095377
Epoch: 89: 2022-04-20 13:38:32.304249
Epoch 90/1000, D_loss=2.477064, reward=-7.095527
Test_MRR=0.212494, Test_MR=24.413858, Test_H@10=0.426966
Epoch: 90: 2022-04-20 13:38:34.021174
Epoch 91/1000, D_loss=2.472888, reward=-7.092231
Epoch: 91: 2022-04-20 13:38:34.638428
Epoch 92/1000, D_loss=2.485302, reward=-7.067002
Epoch: 92: 2022-04-20 13:38:35.253030
Epoch 93/1000, D_loss=2.493080, reward=-7.046680
Epoch: 93: 2022-04-20 13:38:35.852624
Epoch 94/1000, D_loss=2.493777, reward=-7.040633
Epoch: 94: 2022-04-20 13:38:36.417735
Epoch 95/1000, D_loss=2.479069, reward=-7.041715
Epoch: 95: 2022-04-20 13:38:36.973542
Epoch 96/1000, D_loss=2.474864, reward=-7.039579
Epoch: 96: 2022-04-20 13:38:37.517284
Epoch 97/1000, D_loss=2.482732, reward=-7.028595
Epoch: 97: 2022-04-20 13:38:38.064116
Epoch 98/1000, D_loss=2.476854, reward=-7.021555
Epoch: 98: 2022-04-20 13:38:38.595968
Epoch 99/1000, D_loss=2.486552, reward=-7.008116
Epoch: 99: 2022-04-20 13:38:39.124987
Epoch 100/1000, D_loss=2.471799, reward=-7.023934
Test_MRR=0.188990, Test_MR=27.087079, Test_H@10=0.361891
Epoch: 100: 2022-04-20 13:38:40.783651
Epoch 101/1000, D_loss=2.477947, reward=-7.017445
Epoch: 101: 2022-04-20 13:38:41.408092
Epoch 102/1000, D_loss=2.479617, reward=-7.007706
Epoch: 102: 2022-04-20 13:38:42.029857
Epoch 103/1000, D_loss=2.496831, reward=-6.980559
Epoch: 103: 2022-04-20 13:38:42.626449
Epoch 104/1000, D_loss=2.494245, reward=-6.988281
Epoch: 104: 2022-04-20 13:38:43.223519
Epoch 105/1000, D_loss=2.509729, reward=-6.960701
Epoch: 105: 2022-04-20 13:38:43.823330
Epoch 106/1000, D_loss=2.488352, reward=-6.974556
Epoch: 106: 2022-04-20 13:38:44.418578
Epoch 107/1000, D_loss=2.485967, reward=-6.976445
Epoch: 107: 2022-04-20 13:38:45.018105
Epoch 108/1000, D_loss=2.488138, reward=-6.974357
Epoch: 108: 2022-04-20 13:38:45.628677
Epoch 109/1000, D_loss=2.495020, reward=-6.956371
Epoch: 109: 2022-04-20 13:38:46.230961
Epoch 110/1000, D_loss=2.513427, reward=-6.930694
Test_MRR=0.170955, Test_MR=28.171348, Test_H@10=0.348783
Epoch: 110: 2022-04-20 13:38:48.204933
Epoch 111/1000, D_loss=2.496416, reward=-6.945877
Epoch: 111: 2022-04-20 13:38:48.913734
Epoch 112/1000, D_loss=2.496719, reward=-6.946974
Epoch: 112: 2022-04-20 13:38:49.597885
Epoch 113/1000, D_loss=2.509017, reward=-6.929497
Epoch: 113: 2022-04-20 13:38:50.236798
Epoch 114/1000, D_loss=2.491249, reward=-6.951706
Epoch: 114: 2022-04-20 13:38:50.856590
Epoch 115/1000, D_loss=2.508448, reward=-6.937196
Epoch: 115: 2022-04-20 13:38:51.478334
Epoch 116/1000, D_loss=2.518137, reward=-6.923007
Epoch: 116: 2022-04-20 13:38:52.053079
Epoch 117/1000, D_loss=2.520160, reward=-6.921575
Epoch: 117: 2022-04-20 13:38:52.633020
Epoch 118/1000, D_loss=2.509797, reward=-6.930950
Epoch: 118: 2022-04-20 13:38:53.228496
Epoch 119/1000, D_loss=2.527913, reward=-6.918313
Epoch: 119: 2022-04-20 13:38:53.827935
Epoch 120/1000, D_loss=2.526121, reward=-6.923561
Test_MRR=0.169351, Test_MR=28.307116, Test_H@10=0.339888
Epoch: 120: 2022-04-20 13:38:55.524202
Epoch 121/1000, D_loss=2.528017, reward=-6.925706
Epoch: 121: 2022-04-20 13:38:56.153468
Epoch 122/1000, D_loss=2.538000, reward=-6.915430
Epoch: 122: 2022-04-20 13:38:56.756732
Epoch 123/1000, D_loss=2.539135, reward=-6.910443
Epoch: 123: 2022-04-20 13:38:57.375582
Epoch 124/1000, D_loss=2.516690, reward=-6.937901
Epoch: 124: 2022-04-20 13:38:57.995277
Epoch 125/1000, D_loss=2.513512, reward=-6.931222
Epoch: 125: 2022-04-20 13:38:58.578154
Epoch 126/1000, D_loss=2.524549, reward=-6.924085
Epoch: 126: 2022-04-20 13:38:59.049484
Epoch 127/1000, D_loss=2.541298, reward=-6.909931
Epoch: 127: 2022-04-20 13:38:59.491853
Epoch 128/1000, D_loss=2.542282, reward=-6.911130
Epoch: 128: 2022-04-20 13:38:59.934875
Epoch 129/1000, D_loss=2.541548, reward=-6.917293
Epoch: 129: 2022-04-20 13:39:00.380242
Epoch 130/1000, D_loss=2.543016, reward=-6.923014
Test_MRR=0.164145, Test_MR=28.528558, Test_H@10=0.328652
Epoch: 130: 2022-04-20 13:39:02.371771
Epoch 131/1000, D_loss=2.550849, reward=-6.917284
Epoch: 131: 2022-04-20 13:39:02.993701
Epoch 132/1000, D_loss=2.558315, reward=-6.909265
Epoch: 132: 2022-04-20 13:39:03.596967
Epoch 133/1000, D_loss=2.546299, reward=-6.926328
Epoch: 133: 2022-04-20 13:39:04.200507
Epoch 134/1000, D_loss=2.552952, reward=-6.923579
Epoch: 134: 2022-04-20 13:39:05.028945
Epoch 135/1000, D_loss=2.533542, reward=-6.940846
Epoch: 135: 2022-04-20 13:39:05.844644
Epoch 136/1000, D_loss=2.557660, reward=-6.917673
Epoch: 136: 2022-04-20 13:39:06.593690
Epoch 137/1000, D_loss=2.546375, reward=-6.930904
Epoch: 137: 2022-04-20 13:39:07.256758
Epoch 138/1000, D_loss=2.553960, reward=-6.928329
Epoch: 138: 2022-04-20 13:39:07.910754
Epoch 139/1000, D_loss=2.548941, reward=-6.944702
Epoch: 139: 2022-04-20 13:39:08.552161
Epoch 140/1000, D_loss=2.540503, reward=-6.959371
Test_MRR=0.162932, Test_MR=28.679775, Test_H@10=0.333333
Epoch: 140: 2022-04-20 13:39:10.344234
Epoch 141/1000, D_loss=2.559890, reward=-6.939549
Epoch: 141: 2022-04-20 13:39:10.956871
Epoch 142/1000, D_loss=2.554418, reward=-6.952412
Epoch: 142: 2022-04-20 13:39:11.557435
Epoch 143/1000, D_loss=2.553210, reward=-6.944347
Epoch: 143: 2022-04-20 13:39:12.152149
Epoch 144/1000, D_loss=2.564502, reward=-6.932487
Epoch: 144: 2022-04-20 13:39:12.749988
Epoch 145/1000, D_loss=2.570609, reward=-6.936911
Epoch: 145: 2022-04-20 13:39:13.353626
Epoch 146/1000, D_loss=2.550982, reward=-6.952683
Epoch: 146: 2022-04-20 13:39:13.973635
Epoch 147/1000, D_loss=2.562310, reward=-6.944334
Epoch: 147: 2022-04-20 13:39:14.573081
Epoch 148/1000, D_loss=2.572940, reward=-6.934893
Epoch: 148: 2022-04-20 13:39:15.164660
Epoch 149/1000, D_loss=2.578541, reward=-6.925036
Epoch: 149: 2022-04-20 13:39:15.711678
Epoch 150/1000, D_loss=2.569132, reward=-6.937382
Test_MRR=0.155810, Test_MR=29.292135, Test_H@10=0.324906
Epoch: 150: 2022-04-20 13:39:17.478989
Epoch 151/1000, D_loss=2.559785, reward=-6.943242
Epoch: 151: 2022-04-20 13:39:18.107278
Epoch 152/1000, D_loss=2.560901, reward=-6.945727
Epoch: 152: 2022-04-20 13:39:18.907247
Epoch 153/1000, D_loss=2.579064, reward=-6.931996
Epoch: 153: 2022-04-20 13:39:19.608006
Epoch 154/1000, D_loss=2.579229, reward=-6.925864
Epoch: 154: 2022-04-20 13:39:20.271314
Epoch 155/1000, D_loss=2.585519, reward=-6.917348
Epoch: 155: 2022-04-20 13:39:20.803784
Epoch 156/1000, D_loss=2.573365, reward=-6.926513
Epoch: 156: 2022-04-20 13:39:21.257278
Epoch 157/1000, D_loss=2.569815, reward=-6.929619
Epoch: 157: 2022-04-20 13:39:21.710733
Epoch 158/1000, D_loss=2.596619, reward=-6.900885
Epoch: 158: 2022-04-20 13:39:22.153928
Epoch 159/1000, D_loss=2.577812, reward=-6.918164
Epoch: 159: 2022-04-20 13:39:22.601867
Epoch 160/1000, D_loss=2.584439, reward=-6.902984
Test_MRR=0.158031, Test_MR=29.232210, Test_H@10=0.323502
Epoch: 160: 2022-04-20 13:39:24.173053
Epoch 161/1000, D_loss=2.576262, reward=-6.910698
Epoch: 161: 2022-04-20 13:39:24.795709
Epoch 162/1000, D_loss=2.574361, reward=-6.910837
Epoch: 162: 2022-04-20 13:39:25.255674
Epoch 163/1000, D_loss=2.574296, reward=-6.919915
Epoch: 163: 2022-04-20 13:39:25.714722
Epoch 164/1000, D_loss=2.579987, reward=-6.923245
Epoch: 164: 2022-04-20 13:39:26.171904
Epoch 165/1000, D_loss=2.589252, reward=-6.907352
Epoch: 165: 2022-04-20 13:39:26.624214
Epoch 166/1000, D_loss=2.587917, reward=-6.912286
Epoch: 166: 2022-04-20 13:39:27.078932
Epoch 167/1000, D_loss=2.584330, reward=-6.920208
Epoch: 167: 2022-04-20 13:39:27.532986
Epoch 168/1000, D_loss=2.607253, reward=-6.896055
Epoch: 168: 2022-04-20 13:39:27.987193
Epoch 169/1000, D_loss=2.591112, reward=-6.911424
Epoch: 169: 2022-04-20 13:39:28.441544
Epoch 170/1000, D_loss=2.581252, reward=-6.923921
Test_MRR=0.152565, Test_MR=29.604401, Test_H@10=0.300562
Epoch: 170: 2022-04-20 13:39:30.022641
Epoch 171/1000, D_loss=2.601058, reward=-6.903362
Epoch: 171: 2022-04-20 13:39:30.518310
Epoch 172/1000, D_loss=2.586583, reward=-6.916936
Epoch: 172: 2022-04-20 13:39:30.971818
Epoch 173/1000, D_loss=2.602605, reward=-6.905281
Epoch: 173: 2022-04-20 13:39:31.427271
Epoch 174/1000, D_loss=2.573222, reward=-6.941341
Epoch: 174: 2022-04-20 13:39:31.872675
Epoch 175/1000, D_loss=2.593405, reward=-6.923437
Epoch: 175: 2022-04-20 13:39:32.317694
Epoch 176/1000, D_loss=2.587967, reward=-6.936779
Epoch: 176: 2022-04-20 13:39:32.769030
Epoch 177/1000, D_loss=2.590094, reward=-6.936290
Epoch: 177: 2022-04-20 13:39:33.224420
Epoch 178/1000, D_loss=2.597643, reward=-6.933110
Epoch: 178: 2022-04-20 13:39:33.682571
Epoch 179/1000, D_loss=2.579284, reward=-6.956650
Epoch: 179: 2022-04-20 13:39:34.138815
Epoch 180/1000, D_loss=2.605039, reward=-6.929141
Test_MRR=0.142711, Test_MR=30.146067, Test_H@10=0.291199
Epoch: 180: 2022-04-20 13:39:35.721297
Epoch 181/1000, D_loss=2.606263, reward=-6.929222
Epoch: 181: 2022-04-20 13:39:36.216101
Epoch 182/1000, D_loss=2.593548, reward=-6.938316
Epoch: 182: 2022-04-20 13:39:36.828814
Epoch 183/1000, D_loss=2.603510, reward=-6.930425
Epoch: 183: 2022-04-20 13:39:37.282516
Epoch 184/1000, D_loss=2.613283, reward=-6.920051
Epoch: 184: 2022-04-20 13:39:37.736394
Epoch 185/1000, D_loss=2.591753, reward=-6.937795
Epoch: 185: 2022-04-20 13:39:38.242006
Epoch 186/1000, D_loss=2.612497, reward=-6.919446
Epoch: 186: 2022-04-20 13:39:38.691103
Epoch 187/1000, D_loss=2.593552, reward=-6.938092
Epoch: 187: 2022-04-20 13:39:39.142844
Epoch 188/1000, D_loss=2.598196, reward=-6.934952
Epoch: 188: 2022-04-20 13:39:39.635801
Epoch 189/1000, D_loss=2.598449, reward=-6.933733
Epoch: 189: 2022-04-20 13:39:40.089597
Epoch 190/1000, D_loss=2.594431, reward=-6.944321
Test_MRR=0.142231, Test_MR=30.211610, Test_H@10=0.297285
Epoch: 190: 2022-04-20 13:39:41.658791
Epoch 191/1000, D_loss=2.630554, reward=-6.911871
Epoch: 191: 2022-04-20 13:39:42.143295
Epoch 192/1000, D_loss=2.595510, reward=-6.942025
Epoch: 192: 2022-04-20 13:39:42.586665
Epoch 193/1000, D_loss=2.628308, reward=-6.915665
Epoch: 193: 2022-04-20 13:39:43.033258
Epoch 194/1000, D_loss=2.611572, reward=-6.936152
Epoch: 194: 2022-04-20 13:39:43.484496
Epoch 195/1000, D_loss=2.607121, reward=-6.946951
Epoch: 195: 2022-04-20 13:39:43.937267
Epoch 196/1000, D_loss=2.602983, reward=-6.950396
Epoch: 196: 2022-04-20 13:39:44.388805
Epoch 197/1000, D_loss=2.612288, reward=-6.937775
Epoch: 197: 2022-04-20 13:39:44.836555
Epoch 198/1000, D_loss=2.607924, reward=-6.937879
Epoch: 198: 2022-04-20 13:39:45.285418
Epoch 199/1000, D_loss=2.604926, reward=-6.940060
Epoch: 199: 2022-04-20 13:39:45.739321
Epoch 200/1000, D_loss=2.611356, reward=-6.930945
Test_MRR=0.140525, Test_MR=30.196161, Test_H@10=0.297285
Epoch: 200: 2022-04-20 13:39:47.465463
Epoch 201/1000, D_loss=2.615783, reward=-6.925293
Epoch: 201: 2022-04-20 13:39:47.952114
Epoch 202/1000, D_loss=2.609348, reward=-6.934614
Epoch: 202: 2022-04-20 13:39:48.642968
Epoch 203/1000, D_loss=2.632303, reward=-6.900789
Epoch: 203: 2022-04-20 13:39:49.282213
Epoch 204/1000, D_loss=2.609382, reward=-6.922456
Epoch: 204: 2022-04-20 13:39:49.898212
Epoch 205/1000, D_loss=2.621080, reward=-6.908466
Epoch: 205: 2022-04-20 13:39:50.568136
Epoch 206/1000, D_loss=2.631360, reward=-6.894802
Epoch: 206: 2022-04-20 13:39:51.214353
Epoch 207/1000, D_loss=2.616299, reward=-6.904237
Epoch: 207: 2022-04-20 13:39:51.850635
Epoch 208/1000, D_loss=2.633189, reward=-6.891247
Epoch: 208: 2022-04-20 13:39:52.556082
Epoch 209/1000, D_loss=2.629647, reward=-6.895331
Epoch: 209: 2022-04-20 13:39:53.262756
Epoch 210/1000, D_loss=2.627098, reward=-6.899723
Test_MRR=0.140100, Test_MR=30.219569, Test_H@10=0.295880
Epoch: 210: 2022-04-20 13:39:55.018747
Epoch 211/1000, D_loss=2.643609, reward=-6.882731
Epoch: 211: 2022-04-20 13:39:55.510981
Epoch 212/1000, D_loss=2.626790, reward=-6.897323
Epoch: 212: 2022-04-20 13:39:55.961733
Epoch 213/1000, D_loss=2.635713, reward=-6.890368
Epoch: 213: 2022-04-20 13:39:56.416335
Epoch 214/1000, D_loss=2.630965, reward=-6.895362
Epoch: 214: 2022-04-20 13:39:56.866765
Epoch 215/1000, D_loss=2.640682, reward=-6.886100
Epoch: 215: 2022-04-20 13:39:57.321359
Epoch 216/1000, D_loss=2.641530, reward=-6.885128
Epoch: 216: 2022-04-20 13:39:57.775866
Epoch 217/1000, D_loss=2.636716, reward=-6.883579
Epoch: 217: 2022-04-20 13:39:58.226134
Epoch 218/1000, D_loss=2.619047, reward=-6.913483
Epoch: 218: 2022-04-20 13:39:58.675657
Epoch 219/1000, D_loss=2.646852, reward=-6.883049
Epoch: 219: 2022-04-20 13:39:59.124289
Epoch 220/1000, D_loss=2.637960, reward=-6.893981
Test_MRR=0.138883, Test_MR=30.639513, Test_H@10=0.288858
Epoch: 220: 2022-04-20 13:40:00.696279
Epoch 221/1000, D_loss=2.643308, reward=-6.889244
Epoch: 221: 2022-04-20 13:40:01.188899
Epoch 222/1000, D_loss=2.643308, reward=-6.889686
Epoch: 222: 2022-04-20 13:40:01.642834
Epoch 223/1000, D_loss=2.635673, reward=-6.904135
Epoch: 223: 2022-04-20 13:40:02.131281
Epoch 224/1000, D_loss=2.649990, reward=-6.891059
Epoch: 224: 2022-04-20 13:40:02.587139
Epoch 225/1000, D_loss=2.649687, reward=-6.889246
Epoch: 225: 2022-04-20 13:40:03.041774
Epoch 226/1000, D_loss=2.636445, reward=-6.900367
Epoch: 226: 2022-04-20 13:40:03.496915
Epoch 227/1000, D_loss=2.645173, reward=-6.893398
Epoch: 227: 2022-04-20 13:40:03.951326
Epoch 228/1000, D_loss=2.647077, reward=-6.893472
Epoch: 228: 2022-04-20 13:40:04.406279
Epoch 229/1000, D_loss=2.637654, reward=-6.899921
Epoch: 229: 2022-04-20 13:40:04.861845
Epoch 230/1000, D_loss=2.649262, reward=-6.882570
Test_MRR=0.134296, Test_MR=31.051498, Test_H@10=0.278558
Epoch: 230: 2022-04-20 13:40:06.444205
Epoch 231/1000, D_loss=2.629933, reward=-6.902943
Epoch: 231: 2022-04-20 13:40:06.935867
Epoch 232/1000, D_loss=2.636102, reward=-6.901544
Epoch: 232: 2022-04-20 13:40:07.394496
Epoch 233/1000, D_loss=2.643943, reward=-6.897379
Epoch: 233: 2022-04-20 13:40:07.850273
Epoch 234/1000, D_loss=2.642203, reward=-6.896740
Epoch: 234: 2022-04-20 13:40:08.306093
Epoch 235/1000, D_loss=2.639343, reward=-6.900492
Epoch: 235: 2022-04-20 13:40:08.761519
Epoch 236/1000, D_loss=2.656820, reward=-6.882251
Epoch: 236: 2022-04-20 13:40:09.216932
Epoch 237/1000, D_loss=2.645101, reward=-6.897445
Epoch: 237: 2022-04-20 13:40:09.671832
Epoch 238/1000, D_loss=2.644648, reward=-6.900756
Epoch: 238: 2022-04-20 13:40:10.126943
Epoch 239/1000, D_loss=2.650390, reward=-6.896186
Epoch: 239: 2022-04-20 13:40:10.584648
Epoch 240/1000, D_loss=2.659997, reward=-6.889032
Test_MRR=0.130453, Test_MR=31.267322, Test_H@10=0.275749
Epoch: 240: 2022-04-20 13:40:12.165928
Epoch 241/1000, D_loss=2.664940, reward=-6.884316
Epoch: 241: 2022-04-20 13:40:12.658410
Epoch 242/1000, D_loss=2.646225, reward=-6.901021
Epoch: 242: 2022-04-20 13:40:13.113005
Epoch 243/1000, D_loss=2.646273, reward=-6.901784
Epoch: 243: 2022-04-20 13:40:13.567390
Epoch 244/1000, D_loss=2.644723, reward=-6.904317
Epoch: 244: 2022-04-20 13:40:14.023277
Epoch 245/1000, D_loss=2.635676, reward=-6.906894
Epoch: 245: 2022-04-20 13:40:14.478243
Epoch 246/1000, D_loss=2.655645, reward=-6.880832
Epoch: 246: 2022-04-20 13:40:14.933824
Epoch 247/1000, D_loss=2.656139, reward=-6.884295
Epoch: 247: 2022-04-20 13:40:15.389644
Epoch 248/1000, D_loss=2.650488, reward=-6.890160
Epoch: 248: 2022-04-20 13:40:15.845332
Epoch 249/1000, D_loss=2.628031, reward=-6.915037
Epoch: 249: 2022-04-20 13:40:16.300255
Epoch 250/1000, D_loss=2.642478, reward=-6.904985
Test_MRR=0.130599, Test_MR=31.192884, Test_H@10=0.283240
Epoch: 250: 2022-04-20 13:40:17.883941
Epoch 251/1000, D_loss=2.662939, reward=-6.887090
Epoch: 251: 2022-04-20 13:40:18.446806
Epoch 252/1000, D_loss=2.645433, reward=-6.910202
Epoch: 252: 2022-04-20 13:40:18.981785
Epoch 253/1000, D_loss=2.656750, reward=-6.893637
Epoch: 253: 2022-04-20 13:40:19.435864
Epoch 254/1000, D_loss=2.653672, reward=-6.894719
Epoch: 254: 2022-04-20 13:40:19.889463
Epoch 255/1000, D_loss=2.648001, reward=-6.903772
Epoch: 255: 2022-04-20 13:40:20.343417
Epoch 256/1000, D_loss=2.636041, reward=-6.914555
Epoch: 256: 2022-04-20 13:40:20.795333
Epoch 257/1000, D_loss=2.656311, reward=-6.896774
Epoch: 257: 2022-04-20 13:40:21.250198
Epoch 258/1000, D_loss=2.651303, reward=-6.901563
Epoch: 258: 2022-04-20 13:40:21.705327
Epoch 259/1000, D_loss=2.664118, reward=-6.886442
Epoch: 259: 2022-04-20 13:40:22.157741
Epoch 260/1000, D_loss=2.645070, reward=-6.902663
Test_MRR=0.130895, Test_MR=31.041199, Test_H@10=0.285112
Epoch: 260: 2022-04-20 13:40:23.733581
Epoch 261/1000, D_loss=2.645396, reward=-6.897280
Epoch: 261: 2022-04-20 13:40:24.223440
Epoch 262/1000, D_loss=2.638022, reward=-6.910834
Epoch: 262: 2022-04-20 13:40:24.677284
Epoch 263/1000, D_loss=2.658425, reward=-6.893447
Epoch: 263: 2022-04-20 13:40:25.129468
Epoch 264/1000, D_loss=2.651602, reward=-6.900329
Epoch: 264: 2022-04-20 13:40:25.584893
Epoch 265/1000, D_loss=2.657487, reward=-6.895016
Epoch: 265: 2022-04-20 13:40:26.036850
Epoch 266/1000, D_loss=2.656799, reward=-6.896669
Epoch: 266: 2022-04-20 13:40:26.492832
Epoch 267/1000, D_loss=2.650549, reward=-6.900962
Epoch: 267: 2022-04-20 13:40:26.945395
Epoch 268/1000, D_loss=2.655298, reward=-6.900335
Epoch: 268: 2022-04-20 13:40:27.399775
Epoch 269/1000, D_loss=2.652747, reward=-6.901085
Epoch: 269: 2022-04-20 13:40:27.849531
Epoch 270/1000, D_loss=2.650994, reward=-6.902231
Test_MRR=0.134005, Test_MR=31.022004, Test_H@10=0.282772
Epoch: 270: 2022-04-20 13:40:29.575074
Epoch 271/1000, D_loss=2.666945, reward=-6.886927
Epoch: 271: 2022-04-20 13:40:30.070071
Epoch 272/1000, D_loss=2.656721, reward=-6.893743
Epoch: 272: 2022-04-20 13:40:30.526396
Epoch 273/1000, D_loss=2.664550, reward=-6.883729
Epoch: 273: 2022-04-20 13:40:30.979162
Epoch 274/1000, D_loss=2.655677, reward=-6.895785
Epoch: 274: 2022-04-20 13:40:31.434561
Epoch 275/1000, D_loss=2.648851, reward=-6.904650
Epoch: 275: 2022-04-20 13:40:31.885884
Epoch 276/1000, D_loss=2.661422, reward=-6.890224
Epoch: 276: 2022-04-20 13:40:32.340993
Epoch 277/1000, D_loss=2.660656, reward=-6.888637
Epoch: 277: 2022-04-20 13:40:32.795543
Epoch 278/1000, D_loss=2.669380, reward=-6.881990
Epoch: 278: 2022-04-20 13:40:33.252441
Epoch 279/1000, D_loss=2.665661, reward=-6.882132
Epoch: 279: 2022-04-20 13:40:33.772503
Epoch 280/1000, D_loss=2.662761, reward=-6.881437
Test_MRR=0.139341, Test_MR=30.833333, Test_H@10=0.278558
Epoch: 280: 2022-04-20 13:40:35.339935
Epoch 281/1000, D_loss=2.667892, reward=-6.873048
Epoch: 281: 2022-04-20 13:40:35.962117
Epoch 282/1000, D_loss=2.662799, reward=-6.881061
Epoch: 282: 2022-04-20 13:40:36.423549
Epoch 283/1000, D_loss=2.655266, reward=-6.886208
Epoch: 283: 2022-04-20 13:40:36.874551
Epoch 284/1000, D_loss=2.647245, reward=-6.894806
Epoch: 284: 2022-04-20 13:40:37.329510
Epoch 285/1000, D_loss=2.650154, reward=-6.897504
Epoch: 285: 2022-04-20 13:40:37.784648
Epoch 286/1000, D_loss=2.672778, reward=-6.878731
Epoch: 286: 2022-04-20 13:40:38.238844
Epoch 287/1000, D_loss=2.655454, reward=-6.899012
Epoch: 287: 2022-04-20 13:40:38.697543
Epoch 288/1000, D_loss=2.669424, reward=-6.889468
Epoch: 288: 2022-04-20 13:40:39.150887
Epoch 289/1000, D_loss=2.674292, reward=-6.882528
Epoch: 289: 2022-04-20 13:40:39.607667
Epoch 290/1000, D_loss=2.653661, reward=-6.906868
Test_MRR=0.134340, Test_MR=30.999532, Test_H@10=0.276217
Epoch: 290: 2022-04-20 13:40:41.185121
Epoch 291/1000, D_loss=2.656162, reward=-6.907856
Epoch: 291: 2022-04-20 13:40:41.678414
Epoch 292/1000, D_loss=2.656487, reward=-6.908733
Epoch: 292: 2022-04-20 13:40:42.132016
Epoch 293/1000, D_loss=2.658970, reward=-6.907523
Epoch: 293: 2022-04-20 13:40:42.588150
Epoch 294/1000, D_loss=2.652650, reward=-6.918862
Epoch: 294: 2022-04-20 13:40:43.040891
Epoch 295/1000, D_loss=2.683888, reward=-6.887221
Epoch: 295: 2022-04-20 13:40:43.496005
Epoch 296/1000, D_loss=2.657725, reward=-6.919538
Epoch: 296: 2022-04-20 13:40:43.948911
Epoch 297/1000, D_loss=2.653621, reward=-6.929800
Epoch: 297: 2022-04-20 13:40:44.404862
Epoch 298/1000, D_loss=2.660193, reward=-6.921818
Epoch: 298: 2022-04-20 13:40:44.859018
Epoch 299/1000, D_loss=2.653318, reward=-6.924247
Epoch: 299: 2022-04-20 13:40:45.315370
Epoch 300/1000, D_loss=2.644367, reward=-6.934985
Test_MRR=0.132971, Test_MR=31.453652, Test_H@10=0.265918
Epoch: 300: 2022-04-20 13:40:46.898009
Epoch 301/1000, D_loss=2.657581, reward=-6.927907
Epoch: 301: 2022-04-20 13:40:47.390842
Epoch 302/1000, D_loss=2.651301, reward=-6.933932
Epoch: 302: 2022-04-20 13:40:47.841606
Epoch 303/1000, D_loss=2.658119, reward=-6.929559
Epoch: 303: 2022-04-20 13:40:48.296469
Epoch 304/1000, D_loss=2.659357, reward=-6.923225
Epoch: 304: 2022-04-20 13:40:48.748419
Epoch 305/1000, D_loss=2.669770, reward=-6.916319
Epoch: 305: 2022-04-20 13:40:49.202300
Epoch 306/1000, D_loss=2.658209, reward=-6.932932
Epoch: 306: 2022-04-20 13:40:49.657373
Epoch 307/1000, D_loss=2.664736, reward=-6.925508
Epoch: 307: 2022-04-20 13:40:50.111439
Epoch 308/1000, D_loss=2.655053, reward=-6.933467
Epoch: 308: 2022-04-20 13:40:50.566654
Epoch 309/1000, D_loss=2.663019, reward=-6.923387
Epoch: 309: 2022-04-20 13:40:51.020464
Epoch 310/1000, D_loss=2.672319, reward=-6.916490
Test_MRR=0.130286, Test_MR=31.342697, Test_H@10=0.263109
Epoch: 310: 2022-04-20 13:40:52.601903
Epoch 311/1000, D_loss=2.667775, reward=-6.918329
Epoch: 311: 2022-04-20 13:40:53.095691
Epoch 312/1000, D_loss=2.651533, reward=-6.936211
Epoch: 312: 2022-04-20 13:40:53.690323
Epoch 313/1000, D_loss=2.666445, reward=-6.920239
Epoch: 313: 2022-04-20 13:40:54.144961
Epoch 314/1000, D_loss=2.656784, reward=-6.928932
Epoch: 314: 2022-04-20 13:40:54.599349
Epoch 315/1000, D_loss=2.674455, reward=-6.906014
Epoch: 315: 2022-04-20 13:40:55.051295
Epoch 316/1000, D_loss=2.661148, reward=-6.912971
Epoch: 316: 2022-04-20 13:40:55.505582
Epoch 317/1000, D_loss=2.653579, reward=-6.909938
Epoch: 317: 2022-04-20 13:40:55.955329
Epoch 318/1000, D_loss=2.668183, reward=-6.897665
Epoch: 318: 2022-04-20 13:40:56.430042
Epoch 319/1000, D_loss=2.669603, reward=-6.899457
Epoch: 319: 2022-04-20 13:40:56.879247
Epoch 320/1000, D_loss=2.654579, reward=-6.911580
Test_MRR=0.129896, Test_MR=31.386704, Test_H@10=0.266854
Epoch: 320: 2022-04-20 13:40:58.448104
Epoch 321/1000, D_loss=2.666406, reward=-6.896317
Epoch: 321: 2022-04-20 13:40:59.049962
Epoch 322/1000, D_loss=2.669569, reward=-6.893477
Epoch: 322: 2022-04-20 13:40:59.505516
Epoch 323/1000, D_loss=2.667071, reward=-6.900364
Epoch: 323: 2022-04-20 13:40:59.962948
Epoch 324/1000, D_loss=2.679050, reward=-6.888477
Epoch: 324: 2022-04-20 13:41:00.411029
Epoch 325/1000, D_loss=2.680689, reward=-6.888160
Epoch: 325: 2022-04-20 13:41:00.858229
Epoch 326/1000, D_loss=2.673248, reward=-6.896414
Epoch: 326: 2022-04-20 13:41:01.310487
Epoch 327/1000, D_loss=2.652195, reward=-6.916985
Epoch: 327: 2022-04-20 13:41:01.766731
Epoch 328/1000, D_loss=2.655231, reward=-6.919352
Epoch: 328: 2022-04-20 13:41:02.217813
Epoch 329/1000, D_loss=2.670816, reward=-6.908061
Epoch: 329: 2022-04-20 13:41:02.669762
Epoch 330/1000, D_loss=2.668194, reward=-6.906659
Test_MRR=0.134127, Test_MR=30.756086, Test_H@10=0.287453
Epoch: 330: 2022-04-20 13:41:04.420259
Epoch 331/1000, D_loss=2.684288, reward=-6.889903
Epoch: 331: 2022-04-20 13:41:05.110804
Epoch 332/1000, D_loss=2.673003, reward=-6.896642
Epoch: 332: 2022-04-20 13:41:05.799765
Epoch 333/1000, D_loss=2.679371, reward=-6.890785
Epoch: 333: 2022-04-20 13:41:06.456113
Epoch 334/1000, D_loss=2.672068, reward=-6.899854
Epoch: 334: 2022-04-20 13:41:07.112166
Epoch 335/1000, D_loss=2.666924, reward=-6.909248
Epoch: 335: 2022-04-20 13:41:07.734692
Epoch 336/1000, D_loss=2.689876, reward=-6.891003
Epoch: 336: 2022-04-20 13:41:08.229920
Epoch 337/1000, D_loss=2.661751, reward=-6.924784
Epoch: 337: 2022-04-20 13:41:08.677876
Epoch 338/1000, D_loss=2.671621, reward=-6.902165
Epoch: 338: 2022-04-20 13:41:09.128879
Epoch 339/1000, D_loss=2.667219, reward=-6.908588
Epoch: 339: 2022-04-20 13:41:09.619632
Epoch 340/1000, D_loss=2.680917, reward=-6.899413
Test_MRR=0.131414, Test_MR=30.808989, Test_H@10=0.277154
Epoch: 340: 2022-04-20 13:41:11.195297
Epoch 341/1000, D_loss=2.671488, reward=-6.905755
Epoch: 341: 2022-04-20 13:41:11.673747
Epoch 342/1000, D_loss=2.676732, reward=-6.896911
Epoch: 342: 2022-04-20 13:41:12.127167
Epoch 343/1000, D_loss=2.674375, reward=-6.903587
Epoch: 343: 2022-04-20 13:41:12.576528
Epoch 344/1000, D_loss=2.659015, reward=-6.918109
Epoch: 344: 2022-04-20 13:41:13.029799
Epoch 345/1000, D_loss=2.680571, reward=-6.894041
Epoch: 345: 2022-04-20 13:41:13.484939
Epoch 346/1000, D_loss=2.673154, reward=-6.902975
Epoch: 346: 2022-04-20 13:41:13.940386
Epoch 347/1000, D_loss=2.681734, reward=-6.899418
Epoch: 347: 2022-04-20 13:41:14.395814
Epoch 348/1000, D_loss=2.659869, reward=-6.923223
Epoch: 348: 2022-04-20 13:41:14.849099
Epoch 349/1000, D_loss=2.670350, reward=-6.912879
Epoch: 349: 2022-04-20 13:41:15.302999
Epoch 350/1000, D_loss=2.676360, reward=-6.905569
Test_MRR=0.133702, Test_MR=30.600187, Test_H@10=0.283708
Epoch: 350: 2022-04-20 13:41:16.877790
Epoch 351/1000, D_loss=2.682091, reward=-6.891727
Epoch: 351: 2022-04-20 13:41:17.370359
Epoch 352/1000, D_loss=2.667819, reward=-6.907565
Epoch: 352: 2022-04-20 13:41:17.825610
Epoch 353/1000, D_loss=2.659688, reward=-6.915541
Epoch: 353: 2022-04-20 13:41:18.279593
Epoch 354/1000, D_loss=2.672638, reward=-6.901466
Epoch: 354: 2022-04-20 13:41:18.735562
Epoch 355/1000, D_loss=2.681229, reward=-6.885513
Epoch: 355: 2022-04-20 13:41:19.189477
Epoch 356/1000, D_loss=2.684823, reward=-6.880967
Epoch: 356: 2022-04-20 13:41:19.643385
Epoch 357/1000, D_loss=2.694184, reward=-6.866495
Epoch: 357: 2022-04-20 13:41:20.098930
Epoch 358/1000, D_loss=2.689061, reward=-6.879571
Epoch: 358: 2022-04-20 13:41:20.554788
Epoch 359/1000, D_loss=2.675861, reward=-6.897335
Epoch: 359: 2022-04-20 13:41:21.008004
Epoch 360/1000, D_loss=2.687248, reward=-6.887089
Test_MRR=0.133839, Test_MR=30.841760, Test_H@10=0.283240
Epoch: 360: 2022-04-20 13:41:22.860773
Epoch 361/1000, D_loss=2.677571, reward=-6.889478
Epoch: 361: 2022-04-20 13:41:23.563121
Epoch 362/1000, D_loss=2.679274, reward=-6.888526
Epoch: 362: 2022-04-20 13:41:24.258736
Epoch 363/1000, D_loss=2.674919, reward=-6.887299
Epoch: 363: 2022-04-20 13:41:24.942520
Epoch 364/1000, D_loss=2.690751, reward=-6.866166
Epoch: 364: 2022-04-20 13:41:25.620415
Epoch 365/1000, D_loss=2.667944, reward=-6.889399
Epoch: 365: 2022-04-20 13:41:26.295301
Epoch 366/1000, D_loss=2.690160, reward=-6.863071
Epoch: 366: 2022-04-20 13:41:26.952127
Epoch 367/1000, D_loss=2.667247, reward=-6.889098
Epoch: 367: 2022-04-20 13:41:27.599939
Epoch 368/1000, D_loss=2.688109, reward=-6.871708
Epoch: 368: 2022-04-20 13:41:28.279055
Epoch 369/1000, D_loss=2.676509, reward=-6.886970
Epoch: 369: 2022-04-20 13:41:28.895779
Epoch 370/1000, D_loss=2.687929, reward=-6.872424
Test_MRR=0.132535, Test_MR=30.789326, Test_H@10=0.282772
Epoch: 370: 2022-04-20 13:41:30.512605
Epoch 371/1000, D_loss=2.687594, reward=-6.872520
Epoch: 371: 2022-04-20 13:41:30.988508
Epoch 372/1000, D_loss=2.677547, reward=-6.878999
Epoch: 372: 2022-04-20 13:41:31.440964
Epoch 373/1000, D_loss=2.674897, reward=-6.871758
Epoch: 373: 2022-04-20 13:41:31.895875
Epoch 374/1000, D_loss=2.675707, reward=-6.870717
Epoch: 374: 2022-04-20 13:41:32.344172
Epoch 375/1000, D_loss=2.683606, reward=-6.863758
Epoch: 375: 2022-04-20 13:41:32.788034
Epoch 376/1000, D_loss=2.675498, reward=-6.872288
Epoch: 376: 2022-04-20 13:41:33.239545
Epoch 377/1000, D_loss=2.686872, reward=-6.854942
Epoch: 377: 2022-04-20 13:41:33.695862
Epoch 378/1000, D_loss=2.676468, reward=-6.866198
Epoch: 378: 2022-04-20 13:41:34.148322
Epoch 379/1000, D_loss=2.696971, reward=-6.844591
Epoch: 379: 2022-04-20 13:41:34.602825
Epoch 380/1000, D_loss=2.683959, reward=-6.852542
Test_MRR=0.134927, Test_MR=30.807116, Test_H@10=0.276217
Epoch: 380: 2022-04-20 13:41:36.180130
Epoch 381/1000, D_loss=2.682164, reward=-6.858586
Epoch: 381: 2022-04-20 13:41:36.656820
Epoch 382/1000, D_loss=2.703933, reward=-6.839256
Epoch: 382: 2022-04-20 13:41:37.107296
Epoch 383/1000, D_loss=2.675833, reward=-6.870478
Epoch: 383: 2022-04-20 13:41:37.560839
Epoch 384/1000, D_loss=2.686788, reward=-6.861016
Epoch: 384: 2022-04-20 13:41:38.014875
Epoch 385/1000, D_loss=2.678861, reward=-6.867281
Epoch: 385: 2022-04-20 13:41:38.460616
Epoch 386/1000, D_loss=2.676531, reward=-6.865552
Epoch: 386: 2022-04-20 13:41:38.906912
Epoch 387/1000, D_loss=2.683853, reward=-6.859786
Epoch: 387: 2022-04-20 13:41:39.353017
Epoch 388/1000, D_loss=2.689846, reward=-6.851130
Epoch: 388: 2022-04-20 13:41:40.055489
Epoch 389/1000, D_loss=2.679120, reward=-6.863820
Epoch: 389: 2022-04-20 13:41:40.715736
Epoch 390/1000, D_loss=2.687430, reward=-6.848740
Test_MRR=0.132871, Test_MR=30.720506, Test_H@10=0.281835
Epoch: 390: 2022-04-20 13:41:42.706416
Epoch 391/1000, D_loss=2.676661, reward=-6.860133
Epoch: 391: 2022-04-20 13:41:43.413711
Epoch 392/1000, D_loss=2.681545, reward=-6.854253
Epoch: 392: 2022-04-20 13:41:43.966449
Epoch 393/1000, D_loss=2.680525, reward=-6.860647
Epoch: 393: 2022-04-20 13:41:44.408738
Epoch 394/1000, D_loss=2.680967, reward=-6.856553
Epoch: 394: 2022-04-20 13:41:44.852685
Epoch 395/1000, D_loss=2.659671, reward=-6.876211
Epoch: 395: 2022-04-20 13:41:45.301064
Epoch 396/1000, D_loss=2.681585, reward=-6.853715
Epoch: 396: 2022-04-20 13:41:45.754299
Epoch 397/1000, D_loss=2.683103, reward=-6.848077
Epoch: 397: 2022-04-20 13:41:46.206807
Epoch 398/1000, D_loss=2.683781, reward=-6.846437
Epoch: 398: 2022-04-20 13:41:46.656554
Epoch 399/1000, D_loss=2.675054, reward=-6.853157
Epoch: 399: 2022-04-20 13:41:47.163362
Epoch 400/1000, D_loss=2.671536, reward=-6.851646
Test_MRR=0.136121, Test_MR=30.362360, Test_H@10=0.286985
Epoch: 400: 2022-04-20 13:41:48.740557
Epoch 401/1000, D_loss=2.689525, reward=-6.831263
Epoch: 401: 2022-04-20 13:41:49.220778
Epoch 402/1000, D_loss=2.687376, reward=-6.832282
Epoch: 402: 2022-04-20 13:41:49.674973
Epoch 403/1000, D_loss=2.687752, reward=-6.840776
Epoch: 403: 2022-04-20 13:41:50.127078
Epoch 404/1000, D_loss=2.688617, reward=-6.840752
Epoch: 404: 2022-04-20 13:41:50.577145
Epoch 405/1000, D_loss=2.699054, reward=-6.831214
Epoch: 405: 2022-04-20 13:41:51.026069
Epoch 406/1000, D_loss=2.675395, reward=-6.855132
Epoch: 406: 2022-04-20 13:41:51.472584
Epoch 407/1000, D_loss=2.686904, reward=-6.836520
Epoch: 407: 2022-04-20 13:41:52.165026
Epoch 408/1000, D_loss=2.671059, reward=-6.860003
Epoch: 408: 2022-04-20 13:41:52.822212
Epoch 409/1000, D_loss=2.679218, reward=-6.853754
Epoch: 409: 2022-04-20 13:41:53.459458
Epoch 410/1000, D_loss=2.690464, reward=-6.848798
Test_MRR=0.130660, Test_MR=30.431180, Test_H@10=0.286517
Epoch: 410: 2022-04-20 13:41:55.436362
Epoch 411/1000, D_loss=2.676540, reward=-6.861320
Epoch: 411: 2022-04-20 13:41:56.122272
Epoch 412/1000, D_loss=2.701944, reward=-6.832443
Epoch: 412: 2022-04-20 13:41:56.803395
Epoch 413/1000, D_loss=2.700964, reward=-6.841172
Epoch: 413: 2022-04-20 13:41:57.500846
Epoch 414/1000, D_loss=2.683555, reward=-6.859004
Epoch: 414: 2022-04-20 13:41:58.183485
Epoch 415/1000, D_loss=2.681128, reward=-6.858502
Epoch: 415: 2022-04-20 13:41:58.786887
Epoch 416/1000, D_loss=2.691379, reward=-6.853225
Epoch: 416: 2022-04-20 13:41:59.264014
Epoch 417/1000, D_loss=2.693155, reward=-6.851243
Epoch: 417: 2022-04-20 13:41:59.708257
Epoch 418/1000, D_loss=2.695360, reward=-6.853610
Epoch: 418: 2022-04-20 13:42:00.155528
Epoch 419/1000, D_loss=2.687526, reward=-6.862770
Epoch: 419: 2022-04-20 13:42:00.604328
Epoch 420/1000, D_loss=2.680938, reward=-6.873313
Test_MRR=0.132849, Test_MR=30.213951, Test_H@10=0.282772
Epoch: 420: 2022-04-20 13:42:02.182758
Epoch 421/1000, D_loss=2.675127, reward=-6.875052
Epoch: 421: 2022-04-20 13:42:02.662503
Epoch 422/1000, D_loss=2.692532, reward=-6.857638
Epoch: 422: 2022-04-20 13:42:03.110913
Epoch 423/1000, D_loss=2.690847, reward=-6.855205
Epoch: 423: 2022-04-20 13:42:03.556900
Epoch 424/1000, D_loss=2.672995, reward=-6.878593
Epoch: 424: 2022-04-20 13:42:04.001641
Epoch 425/1000, D_loss=2.675434, reward=-6.880106
Epoch: 425: 2022-04-20 13:42:04.446269
Epoch 426/1000, D_loss=2.689185, reward=-6.862168
Epoch: 426: 2022-04-20 13:42:04.894719
Epoch 427/1000, D_loss=2.697872, reward=-6.859678
Epoch: 427: 2022-04-20 13:42:05.355494
Epoch 428/1000, D_loss=2.689897, reward=-6.872659
Epoch: 428: 2022-04-20 13:42:05.811209
Epoch 429/1000, D_loss=2.695760, reward=-6.870966
Epoch: 429: 2022-04-20 13:42:06.266105
Epoch 430/1000, D_loss=2.683042, reward=-6.882543
Test_MRR=0.126099, Test_MR=30.772940, Test_H@10=0.292135
Epoch: 430: 2022-04-20 13:42:07.843198
Epoch 431/1000, D_loss=2.693014, reward=-6.872524
Epoch: 431: 2022-04-20 13:42:08.319783
Epoch 432/1000, D_loss=2.676376, reward=-6.885326
Epoch: 432: 2022-04-20 13:42:08.764741
Epoch 433/1000, D_loss=2.684180, reward=-6.870017
Epoch: 433: 2022-04-20 13:42:09.216294
Epoch 434/1000, D_loss=2.684572, reward=-6.868894
Epoch: 434: 2022-04-20 13:42:09.671021
Epoch 435/1000, D_loss=2.691560, reward=-6.856145
Epoch: 435: 2022-04-20 13:42:10.124447
Epoch 436/1000, D_loss=2.681741, reward=-6.868500
Epoch: 436: 2022-04-20 13:42:10.576747
Epoch 437/1000, D_loss=2.682812, reward=-6.873056
Epoch: 437: 2022-04-20 13:42:11.025795
Epoch 438/1000, D_loss=2.704193, reward=-6.846974
Epoch: 438: 2022-04-20 13:42:11.471391
Epoch 439/1000, D_loss=2.699401, reward=-6.840866
Epoch: 439: 2022-04-20 13:42:11.916891
Epoch 440/1000, D_loss=2.681311, reward=-6.863854
Test_MRR=0.127648, Test_MR=30.626873, Test_H@10=0.279494
Epoch: 440: 2022-04-20 13:42:13.493487
Epoch 441/1000, D_loss=2.690187, reward=-6.854668
Epoch: 441: 2022-04-20 13:42:13.959530
Epoch 442/1000, D_loss=2.692252, reward=-6.860439
Epoch: 442: 2022-04-20 13:42:14.410514
Epoch 443/1000, D_loss=2.675025, reward=-6.877336
Epoch: 443: 2022-04-20 13:42:14.860824
Epoch 444/1000, D_loss=2.698083, reward=-6.844581
Epoch: 444: 2022-04-20 13:42:15.306168
Epoch 445/1000, D_loss=2.692446, reward=-6.851755
Epoch: 445: 2022-04-20 13:42:15.750159
Epoch 446/1000, D_loss=2.691046, reward=-6.850111
Epoch: 446: 2022-04-20 13:42:16.195574
Epoch 447/1000, D_loss=2.700893, reward=-6.840560
Epoch: 447: 2022-04-20 13:42:16.641171
Epoch 448/1000, D_loss=2.676422, reward=-6.867343
Epoch: 448: 2022-04-20 13:42:17.092181
Epoch 449/1000, D_loss=2.670226, reward=-6.878020
Epoch: 449: 2022-04-20 13:42:17.545314
Epoch 450/1000, D_loss=2.692417, reward=-6.846563
Test_MRR=0.128575, Test_MR=30.696629, Test_H@10=0.282772
Epoch: 450: 2022-04-20 13:42:19.131800
Epoch 451/1000, D_loss=2.685865, reward=-6.848477
Epoch: 451: 2022-04-20 13:42:19.608221
Epoch 452/1000, D_loss=2.687264, reward=-6.844974
Epoch: 452: 2022-04-20 13:42:20.052761
Epoch 453/1000, D_loss=2.695089, reward=-6.832926
Epoch: 453: 2022-04-20 13:42:20.496611
Epoch 454/1000, D_loss=2.700268, reward=-6.823700
Epoch: 454: 2022-04-20 13:42:20.943984
Epoch 455/1000, D_loss=2.688689, reward=-6.843699
Epoch: 455: 2022-04-20 13:42:21.396275
Epoch 456/1000, D_loss=2.684676, reward=-6.852144
Epoch: 456: 2022-04-20 13:42:21.852570
Epoch 457/1000, D_loss=2.703067, reward=-6.828650
Epoch: 457: 2022-04-20 13:42:22.304142
Epoch 458/1000, D_loss=2.692877, reward=-6.838628
Epoch: 458: 2022-04-20 13:42:22.754325
Epoch 459/1000, D_loss=2.699863, reward=-6.832482
Epoch: 459: 2022-04-20 13:42:23.201759
Epoch 460/1000, D_loss=2.698021, reward=-6.835346
Test_MRR=0.129649, Test_MR=30.691011, Test_H@10=0.279026
Epoch: 460: 2022-04-20 13:42:24.777776
Epoch 461/1000, D_loss=2.712714, reward=-6.823502
Epoch: 461: 2022-04-20 13:42:25.242243
Epoch 462/1000, D_loss=2.693124, reward=-6.838512
Epoch: 462: 2022-04-20 13:42:25.696446
Epoch 463/1000, D_loss=2.698711, reward=-6.828006
Epoch: 463: 2022-04-20 13:42:26.147279
Epoch 464/1000, D_loss=2.678722, reward=-6.854532
Epoch: 464: 2022-04-20 13:42:26.627888
Epoch 465/1000, D_loss=2.683377, reward=-6.847044
Epoch: 465: 2022-04-20 13:42:27.082144
Epoch 466/1000, D_loss=2.686849, reward=-6.840085
Epoch: 466: 2022-04-20 13:42:27.535858
Epoch 467/1000, D_loss=2.693111, reward=-6.835642
Epoch: 467: 2022-04-20 13:42:27.990027
Epoch 468/1000, D_loss=2.689272, reward=-6.847017
Epoch: 468: 2022-04-20 13:42:28.436279
Epoch 469/1000, D_loss=2.708129, reward=-6.829297
Epoch: 469: 2022-04-20 13:42:28.937092
Epoch 470/1000, D_loss=2.682324, reward=-6.855050
Test_MRR=0.127515, Test_MR=30.821161, Test_H@10=0.284176
Epoch: 470: 2022-04-20 13:42:30.514511
Epoch 471/1000, D_loss=2.693433, reward=-6.846533
Epoch: 471: 2022-04-20 13:42:30.992287
Epoch 472/1000, D_loss=2.708002, reward=-6.821120
Epoch: 472: 2022-04-20 13:42:31.439777
Epoch 473/1000, D_loss=2.685598, reward=-6.837554
Epoch: 473: 2022-04-20 13:42:31.884556
Epoch 474/1000, D_loss=2.675833, reward=-6.848961
Epoch: 474: 2022-04-20 13:42:32.329949
Epoch 475/1000, D_loss=2.699284, reward=-6.833194
Epoch: 475: 2022-04-20 13:42:32.774217
Epoch 476/1000, D_loss=2.677824, reward=-6.853376
Epoch: 476: 2022-04-20 13:42:33.226118
Epoch 477/1000, D_loss=2.694529, reward=-6.835759
Epoch: 477: 2022-04-20 13:42:33.930799
Epoch 478/1000, D_loss=2.700668, reward=-6.827814
Epoch: 478: 2022-04-20 13:42:34.594610
Epoch 479/1000, D_loss=2.714336, reward=-6.816099
Epoch: 479: 2022-04-20 13:42:35.209984
Epoch 480/1000, D_loss=2.710406, reward=-6.822157
Test_MRR=0.128923, Test_MR=30.574906, Test_H@10=0.279963
Epoch: 480: 2022-04-20 13:42:37.116727
Epoch 481/1000, D_loss=2.681301, reward=-6.849894
Epoch: 481: 2022-04-20 13:42:37.756232
Epoch 482/1000, D_loss=2.703666, reward=-6.832802
Epoch: 482: 2022-04-20 13:42:38.261646
Epoch 483/1000, D_loss=2.689417, reward=-6.849065
Epoch: 483: 2022-04-20 13:42:38.709081
Epoch 484/1000, D_loss=2.683689, reward=-6.852014
Epoch: 484: 2022-04-20 13:42:39.153195
Epoch 485/1000, D_loss=2.699657, reward=-6.832583
Epoch: 485: 2022-04-20 13:42:39.596270
Epoch 486/1000, D_loss=2.692401, reward=-6.839049
Epoch: 486: 2022-04-20 13:42:40.101143
Epoch 487/1000, D_loss=2.701525, reward=-6.830779
Epoch: 487: 2022-04-20 13:42:40.545760
Epoch 488/1000, D_loss=2.698439, reward=-6.829532
Epoch: 488: 2022-04-20 13:42:40.993483
Epoch 489/1000, D_loss=2.689156, reward=-6.836304
Epoch: 489: 2022-04-20 13:42:41.445567
Epoch 490/1000, D_loss=2.703178, reward=-6.825478
Test_MRR=0.125967, Test_MR=30.788390, Test_H@10=0.293539
Epoch: 490: 2022-04-20 13:42:43.026296
Epoch 491/1000, D_loss=2.685889, reward=-6.847219
Epoch: 491: 2022-04-20 13:42:43.500950
Epoch 492/1000, D_loss=2.688337, reward=-6.844538
Epoch: 492: 2022-04-20 13:42:43.946548
Epoch 493/1000, D_loss=2.725719, reward=-6.805962
Epoch: 493: 2022-04-20 13:42:44.390082
Epoch 494/1000, D_loss=2.695347, reward=-6.837365
Epoch: 494: 2022-04-20 13:42:44.835801
Epoch 495/1000, D_loss=2.702005, reward=-6.835773
Epoch: 495: 2022-04-20 13:42:45.285931
Epoch 496/1000, D_loss=2.694767, reward=-6.848041
Epoch: 496: 2022-04-20 13:42:45.739611
Epoch 497/1000, D_loss=2.697504, reward=-6.840218
Epoch: 497: 2022-04-20 13:42:46.190280
Epoch 498/1000, D_loss=2.692262, reward=-6.843023
Epoch: 498: 2022-04-20 13:42:46.640646
Epoch 499/1000, D_loss=2.686494, reward=-6.849480
Epoch: 499: 2022-04-20 13:42:47.089138
Epoch 500/1000, D_loss=2.707315, reward=-6.829165
Test_MRR=0.124701, Test_MR=30.964419, Test_H@10=0.282772
Epoch: 500: 2022-04-20 13:42:48.665411
Epoch 501/1000, D_loss=2.695760, reward=-6.836714
Epoch: 501: 2022-04-20 13:42:49.144232
Epoch 502/1000, D_loss=2.692665, reward=-6.837051
Epoch: 502: 2022-04-20 13:42:49.598349
Epoch 503/1000, D_loss=2.714959, reward=-6.817207
Epoch: 503: 2022-04-20 13:42:50.049995
Epoch 504/1000, D_loss=2.698242, reward=-6.839623
Epoch: 504: 2022-04-20 13:42:50.499906
Epoch 505/1000, D_loss=2.704036, reward=-6.834938
Epoch: 505: 2022-04-20 13:42:50.949355
Epoch 506/1000, D_loss=2.695489, reward=-6.840290
Epoch: 506: 2022-04-20 13:42:51.394101
Epoch 507/1000, D_loss=2.699620, reward=-6.836699
Epoch: 507: 2022-04-20 13:42:51.839422
Epoch 508/1000, D_loss=2.696154, reward=-6.841183
Epoch: 508: 2022-04-20 13:42:52.284002
Epoch 509/1000, D_loss=2.695387, reward=-6.844623
Epoch: 509: 2022-04-20 13:42:52.727985
Epoch 510/1000, D_loss=2.713838, reward=-6.833826
Test_MRR=0.128134, Test_MR=30.790730, Test_H@10=0.287921
Epoch: 510: 2022-04-20 13:42:54.303562
Epoch 511/1000, D_loss=2.698514, reward=-6.845555
Epoch: 511: 2022-04-20 13:42:54.771811
Epoch 512/1000, D_loss=2.686079, reward=-6.852603
Epoch: 512: 2022-04-20 13:42:55.218402
Epoch 513/1000, D_loss=2.708950, reward=-6.827885
Epoch: 513: 2022-04-20 13:42:55.664321
Epoch 514/1000, D_loss=2.697221, reward=-6.838786
Epoch: 514: 2022-04-20 13:42:56.108519
Epoch 515/1000, D_loss=2.714216, reward=-6.825277
Epoch: 515: 2022-04-20 13:42:56.552262
Epoch 516/1000, D_loss=2.701980, reward=-6.832956
Epoch: 516: 2022-04-20 13:42:56.999532
Epoch 517/1000, D_loss=2.697933, reward=-6.836411
Epoch: 517: 2022-04-20 13:42:57.452140
Epoch 518/1000, D_loss=2.706218, reward=-6.830362
Epoch: 518: 2022-04-20 13:42:57.906728
Epoch 519/1000, D_loss=2.704716, reward=-6.832935
Epoch: 519: 2022-04-20 13:42:58.356834
Epoch 520/1000, D_loss=2.704993, reward=-6.830112
Test_MRR=0.128790, Test_MR=30.243914, Test_H@10=0.300562
Epoch: 520: 2022-04-20 13:43:00.305442
Epoch 521/1000, D_loss=2.683374, reward=-6.852416
Epoch: 521: 2022-04-20 13:43:00.910216
Epoch 522/1000, D_loss=2.705265, reward=-6.827571
Epoch: 522: 2022-04-20 13:43:01.364723
Epoch 523/1000, D_loss=2.698043, reward=-6.842055
Epoch: 523: 2022-04-20 13:43:01.814206
Epoch 524/1000, D_loss=2.702890, reward=-6.842346
Epoch: 524: 2022-04-20 13:43:02.259747
Epoch 525/1000, D_loss=2.690477, reward=-6.849322
Epoch: 525: 2022-04-20 13:43:02.705993
Epoch 526/1000, D_loss=2.704260, reward=-6.837988
Epoch: 526: 2022-04-20 13:43:03.149786
Epoch 527/1000, D_loss=2.697435, reward=-6.842461
Epoch: 527: 2022-04-20 13:43:03.592313
Epoch 528/1000, D_loss=2.701469, reward=-6.836033
Epoch: 528: 2022-04-20 13:43:04.273471
Epoch 529/1000, D_loss=2.695073, reward=-6.846991
Epoch: 529: 2022-04-20 13:43:04.864225
Epoch 530/1000, D_loss=2.691066, reward=-6.850594
Test_MRR=0.129133, Test_MR=30.379213, Test_H@10=0.308052
Epoch: 530: 2022-04-20 13:43:06.427632
Epoch 531/1000, D_loss=2.697341, reward=-6.842610
Epoch: 531: 2022-04-20 13:43:06.904824
Epoch 532/1000, D_loss=2.706571, reward=-6.836895
Epoch: 532: 2022-04-20 13:43:07.346262
Epoch 533/1000, D_loss=2.695429, reward=-6.852838
Epoch: 533: 2022-04-20 13:43:07.787835
Epoch 534/1000, D_loss=2.692495, reward=-6.845769
Epoch: 534: 2022-04-20 13:43:08.228481
Epoch 535/1000, D_loss=2.701674, reward=-6.832996
Epoch: 535: 2022-04-20 13:43:08.672434
Epoch 536/1000, D_loss=2.695210, reward=-6.838824
Epoch: 536: 2022-04-20 13:43:09.118698
Epoch 537/1000, D_loss=2.705526, reward=-6.829030
Epoch: 537: 2022-04-20 13:43:09.567162
Epoch 538/1000, D_loss=2.693421, reward=-6.834875
Epoch: 538: 2022-04-20 13:43:10.018407
Epoch 539/1000, D_loss=2.717983, reward=-6.813816
Epoch: 539: 2022-04-20 13:43:10.526108
Epoch 540/1000, D_loss=2.708506, reward=-6.829594
Test_MRR=0.136056, Test_MR=30.124532, Test_H@10=0.307116
Epoch: 540: 2022-04-20 13:43:12.098090
Epoch 541/1000, D_loss=2.713298, reward=-6.825574
Epoch: 541: 2022-04-20 13:43:12.574987
Epoch 542/1000, D_loss=2.704778, reward=-6.837879
Epoch: 542: 2022-04-20 13:43:13.022566
Epoch 543/1000, D_loss=2.711949, reward=-6.825097
Epoch: 543: 2022-04-20 13:43:13.475403
Epoch 544/1000, D_loss=2.688109, reward=-6.847767
Epoch: 544: 2022-04-20 13:43:13.930881
Epoch 545/1000, D_loss=2.706117, reward=-6.831610
Epoch: 545: 2022-04-20 13:43:14.380097
Epoch 546/1000, D_loss=2.717981, reward=-6.820391
Epoch: 546: 2022-04-20 13:43:14.830228
Epoch 547/1000, D_loss=2.701807, reward=-6.840044
Epoch: 547: 2022-04-20 13:43:15.275022
Epoch 548/1000, D_loss=2.701760, reward=-6.840311
Epoch: 548: 2022-04-20 13:43:15.719333
Epoch 549/1000, D_loss=2.705344, reward=-6.833712
Epoch: 549: 2022-04-20 13:43:16.163461
Epoch 550/1000, D_loss=2.702031, reward=-6.843651
Test_MRR=0.134260, Test_MR=30.286517, Test_H@10=0.301966
Epoch: 550: 2022-04-20 13:43:17.736931
Epoch 551/1000, D_loss=2.721830, reward=-6.821414
Epoch: 551: 2022-04-20 13:43:18.502194
Epoch 552/1000, D_loss=2.714537, reward=-6.820108
Epoch: 552: 2022-04-20 13:43:19.228939
Epoch 553/1000, D_loss=2.699772, reward=-6.837406
Epoch: 553: 2022-04-20 13:43:19.895260
Epoch 554/1000, D_loss=2.710812, reward=-6.833520
Epoch: 554: 2022-04-20 13:43:20.530367
Epoch 555/1000, D_loss=2.693083, reward=-6.852513
Epoch: 555: 2022-04-20 13:43:21.187803
Epoch 556/1000, D_loss=2.711817, reward=-6.841992
Epoch: 556: 2022-04-20 13:43:21.804673
Epoch 557/1000, D_loss=2.699875, reward=-6.852930
Epoch: 557: 2022-04-20 13:43:22.293429
Epoch 558/1000, D_loss=2.686020, reward=-6.866901
Epoch: 558: 2022-04-20 13:43:22.776780
Epoch 559/1000, D_loss=2.702027, reward=-6.843628
Epoch: 559: 2022-04-20 13:43:23.221875
Epoch 560/1000, D_loss=2.723341, reward=-6.815037
Test_MRR=0.131743, Test_MR=30.385300, Test_H@10=0.304307
Epoch: 560: 2022-04-20 13:43:24.793141
Epoch 561/1000, D_loss=2.705040, reward=-6.836044
Epoch: 561: 2022-04-20 13:43:25.246863
Epoch 562/1000, D_loss=2.696134, reward=-6.842567
Epoch: 562: 2022-04-20 13:43:25.701953
Epoch 563/1000, D_loss=2.695962, reward=-6.839933
Epoch: 563: 2022-04-20 13:43:26.152677
Epoch 564/1000, D_loss=2.701465, reward=-6.833621
Epoch: 564: 2022-04-20 13:43:26.602156
Epoch 565/1000, D_loss=2.707063, reward=-6.829237
Epoch: 565: 2022-04-20 13:43:27.049738
Epoch 566/1000, D_loss=2.699144, reward=-6.841843
Epoch: 566: 2022-04-20 13:43:27.493499
Epoch 567/1000, D_loss=2.706367, reward=-6.835232
Epoch: 567: 2022-04-20 13:43:27.936856
Epoch 568/1000, D_loss=2.702692, reward=-6.837847
Epoch: 568: 2022-04-20 13:43:28.381430
Epoch 569/1000, D_loss=2.704981, reward=-6.835511
Epoch: 569: 2022-04-20 13:43:28.826981
Epoch 570/1000, D_loss=2.676129, reward=-6.859960
Test_MRR=0.133913, Test_MR=30.346910, Test_H@10=0.303839
Epoch: 570: 2022-04-20 13:43:30.405014
Epoch 571/1000, D_loss=2.695825, reward=-6.835486
Epoch: 571: 2022-04-20 13:43:30.886133
Epoch 572/1000, D_loss=2.714459, reward=-6.817326
Epoch: 572: 2022-04-20 13:43:31.330444
Epoch 573/1000, D_loss=2.729466, reward=-6.800561
Epoch: 573: 2022-04-20 13:43:31.774566
Epoch 574/1000, D_loss=2.704857, reward=-6.824757
Epoch: 574: 2022-04-20 13:43:32.218338
Epoch 575/1000, D_loss=2.699677, reward=-6.827090
Epoch: 575: 2022-04-20 13:43:32.662386
Epoch 576/1000, D_loss=2.699641, reward=-6.825260
Epoch: 576: 2022-04-20 13:43:33.112047
Epoch 577/1000, D_loss=2.684803, reward=-6.842675
Epoch: 577: 2022-04-20 13:43:33.566072
Epoch 578/1000, D_loss=2.697814, reward=-6.831023
Epoch: 578: 2022-04-20 13:43:34.020123
Epoch 579/1000, D_loss=2.702962, reward=-6.825694
Epoch: 579: 2022-04-20 13:43:34.469967
Epoch 580/1000, D_loss=2.711701, reward=-6.817610
Test_MRR=0.133049, Test_MR=30.406835, Test_H@10=0.308521
Epoch: 580: 2022-04-20 13:43:36.043415
Epoch 581/1000, D_loss=2.709517, reward=-6.818992
Epoch: 581: 2022-04-20 13:43:36.518959
Epoch 582/1000, D_loss=2.722891, reward=-6.797770
Epoch: 582: 2022-04-20 13:43:36.965695
Epoch 583/1000, D_loss=2.712880, reward=-6.809003
Epoch: 583: 2022-04-20 13:43:37.416416
Epoch 584/1000, D_loss=2.706520, reward=-6.813823
Epoch: 584: 2022-04-20 13:43:37.870537
Epoch 585/1000, D_loss=2.707748, reward=-6.809553
Epoch: 585: 2022-04-20 13:43:38.320728
Epoch 586/1000, D_loss=2.720468, reward=-6.800159
Epoch: 586: 2022-04-20 13:43:38.771281
Epoch 587/1000, D_loss=2.700496, reward=-6.826146
Epoch: 587: 2022-04-20 13:43:39.217689
Epoch 588/1000, D_loss=2.711596, reward=-6.818660
Epoch: 588: 2022-04-20 13:43:39.664036
Epoch 589/1000, D_loss=2.682652, reward=-6.856604
Epoch: 589: 2022-04-20 13:43:40.108772
Epoch 590/1000, D_loss=2.709935, reward=-6.827011
Test_MRR=0.135665, Test_MR=30.404963, Test_H@10=0.294944
Epoch: 590: 2022-04-20 13:43:41.681825
Epoch 591/1000, D_loss=2.694958, reward=-6.848328
Epoch: 591: 2022-04-20 13:43:42.166727
Epoch 592/1000, D_loss=2.697874, reward=-6.845900
Epoch: 592: 2022-04-20 13:43:42.621050
Epoch 593/1000, D_loss=2.711588, reward=-6.828684
Epoch: 593: 2022-04-20 13:43:43.074418
Epoch 594/1000, D_loss=2.712726, reward=-6.820110
Epoch: 594: 2022-04-20 13:43:43.527414
Epoch 595/1000, D_loss=2.691713, reward=-6.851424
Epoch: 595: 2022-04-20 13:43:43.980314
Epoch 596/1000, D_loss=2.718735, reward=-6.819553
Epoch: 596: 2022-04-20 13:43:44.432738
Epoch 597/1000, D_loss=2.712117, reward=-6.819448
Epoch: 597: 2022-04-20 13:43:44.878903
Epoch 598/1000, D_loss=2.708808, reward=-6.824111
Epoch: 598: 2022-04-20 13:43:45.329339
Epoch 599/1000, D_loss=2.707360, reward=-6.826615
Epoch: 599: 2022-04-20 13:43:45.784887
Epoch 600/1000, D_loss=2.708053, reward=-6.828244
Test_MRR=0.137012, Test_MR=30.670412, Test_H@10=0.296816
Epoch: 600: 2022-04-20 13:43:47.366560
Epoch 601/1000, D_loss=2.691711, reward=-6.843920
Epoch: 601: 2022-04-20 13:43:47.838668
Epoch 602/1000, D_loss=2.710540, reward=-6.829855
Epoch: 602: 2022-04-20 13:43:48.283954
Epoch 603/1000, D_loss=2.705603, reward=-6.832538
Epoch: 603: 2022-04-20 13:43:48.728034
Epoch 604/1000, D_loss=2.712363, reward=-6.826759
Epoch: 604: 2022-04-20 13:43:49.178954
Epoch 605/1000, D_loss=2.709663, reward=-6.834215
Epoch: 605: 2022-04-20 13:43:49.632883
Epoch 606/1000, D_loss=2.719512, reward=-6.819148
Epoch: 606: 2022-04-20 13:43:50.084676
Epoch 607/1000, D_loss=2.714208, reward=-6.824769
Epoch: 607: 2022-04-20 13:43:50.534893
Epoch 608/1000, D_loss=2.716340, reward=-6.825848
Epoch: 608: 2022-04-20 13:43:50.984615
Epoch 609/1000, D_loss=2.720725, reward=-6.815046
Epoch: 609: 2022-04-20 13:43:51.455314
Epoch 610/1000, D_loss=2.708392, reward=-6.826097
Test_MRR=0.134247, Test_MR=30.340824, Test_H@10=0.298689
Epoch: 610: 2022-04-20 13:43:53.077518
Epoch 611/1000, D_loss=2.702608, reward=-6.833004
Epoch: 611: 2022-04-20 13:43:53.537394
Epoch 612/1000, D_loss=2.725807, reward=-6.807439
Epoch: 612: 2022-04-20 13:43:53.991676
Epoch 613/1000, D_loss=2.704705, reward=-6.831238
Epoch: 613: 2022-04-20 13:43:54.442501
Epoch 614/1000, D_loss=2.714743, reward=-6.832686
Epoch: 614: 2022-04-20 13:43:54.892653
Epoch 615/1000, D_loss=2.714536, reward=-6.831677
Epoch: 615: 2022-04-20 13:43:55.337725
Epoch 616/1000, D_loss=2.716854, reward=-6.824779
Epoch: 616: 2022-04-20 13:43:55.782507
Epoch 617/1000, D_loss=2.721363, reward=-6.824794
Epoch: 617: 2022-04-20 13:43:56.226759
Epoch 618/1000, D_loss=2.693772, reward=-6.856568
Epoch: 618: 2022-04-20 13:43:56.670571
Epoch 619/1000, D_loss=2.700565, reward=-6.852601
Epoch: 619: 2022-04-20 13:43:57.118704
Epoch 620/1000, D_loss=2.690853, reward=-6.859546
Test_MRR=0.135197, Test_MR=30.544944, Test_H@10=0.294944
Epoch: 620: 2022-04-20 13:43:58.702806
Epoch 621/1000, D_loss=2.714976, reward=-6.830811
Epoch: 621: 2022-04-20 13:43:59.154710
Epoch 622/1000, D_loss=2.723704, reward=-6.826491
Epoch: 622: 2022-04-20 13:43:59.599612
Epoch 623/1000, D_loss=2.709362, reward=-6.844307
Epoch: 623: 2022-04-20 13:44:00.044002
Epoch 624/1000, D_loss=2.741319, reward=-6.813174
Epoch: 624: 2022-04-20 13:44:00.487633
Epoch 625/1000, D_loss=2.707021, reward=-6.846401
Epoch: 625: 2022-04-20 13:44:00.933826
Epoch 626/1000, D_loss=2.709309, reward=-6.844358
Epoch: 626: 2022-04-20 13:44:01.385806
Epoch 627/1000, D_loss=2.718898, reward=-6.838430
Epoch: 627: 2022-04-20 13:44:01.840273
Epoch 628/1000, D_loss=2.713705, reward=-6.847702
Epoch: 628: 2022-04-20 13:44:02.289679
Epoch 629/1000, D_loss=2.719116, reward=-6.841350
Epoch: 629: 2022-04-20 13:44:02.738841
Epoch 630/1000, D_loss=2.715375, reward=-6.851955
Test_MRR=0.132804, Test_MR=30.568820, Test_H@10=0.286049
Epoch: 630: 2022-04-20 13:44:04.316702
Epoch 631/1000, D_loss=2.709346, reward=-6.856554
Epoch: 631: 2022-04-20 13:44:04.771179
Epoch 632/1000, D_loss=2.696203, reward=-6.871490
Epoch: 632: 2022-04-20 13:44:05.222042
Epoch 633/1000, D_loss=2.720551, reward=-6.847830
Epoch: 633: 2022-04-20 13:44:05.676052
Epoch 634/1000, D_loss=2.698900, reward=-6.868647
Epoch: 634: 2022-04-20 13:44:06.127358
Epoch 635/1000, D_loss=2.722091, reward=-6.838500
Epoch: 635: 2022-04-20 13:44:06.577409
Epoch 636/1000, D_loss=2.716295, reward=-6.844579
Epoch: 636: 2022-04-20 13:44:07.026468
Epoch 637/1000, D_loss=2.708402, reward=-6.851515
Epoch: 637: 2022-04-20 13:44:07.471132
Epoch 638/1000, D_loss=2.706586, reward=-6.847558
Epoch: 638: 2022-04-20 13:44:07.916250
Epoch 639/1000, D_loss=2.710906, reward=-6.848856
Epoch: 639: 2022-04-20 13:44:08.361032
Epoch 640/1000, D_loss=2.695337, reward=-6.869654
Test_MRR=0.133340, Test_MR=30.790730, Test_H@10=0.275281
Epoch: 640: 2022-04-20 13:44:09.935507
Epoch 641/1000, D_loss=2.722992, reward=-6.838087
Epoch: 641: 2022-04-20 13:44:10.396152
Epoch 642/1000, D_loss=2.704338, reward=-6.846569
Epoch: 642: 2022-04-20 13:44:10.850933
Epoch 643/1000, D_loss=2.709975, reward=-6.835390
Epoch: 643: 2022-04-20 13:44:11.305185
Epoch 644/1000, D_loss=2.706916, reward=-6.844075
Epoch: 644: 2022-04-20 13:44:11.753068
Epoch 645/1000, D_loss=2.714540, reward=-6.836525
Epoch: 645: 2022-04-20 13:44:12.197420
Epoch 646/1000, D_loss=2.703105, reward=-6.854746
Epoch: 646: 2022-04-20 13:44:12.642151
Epoch 647/1000, D_loss=2.717012, reward=-6.838796
Epoch: 647: 2022-04-20 13:44:13.090451
Epoch 648/1000, D_loss=2.708740, reward=-6.845139
Epoch: 648: 2022-04-20 13:44:13.542908
Epoch 649/1000, D_loss=2.727794, reward=-6.823828
Epoch: 649: 2022-04-20 13:44:13.997004
Epoch 650/1000, D_loss=2.707863, reward=-6.836470
Test_MRR=0.136935, Test_MR=30.379682, Test_H@10=0.300094
Epoch: 650: 2022-04-20 13:44:15.577449
Epoch 651/1000, D_loss=2.719201, reward=-6.823180
Epoch: 651: 2022-04-20 13:44:16.030659
Epoch 652/1000, D_loss=2.707329, reward=-6.845710
Epoch: 652: 2022-04-20 13:44:16.474434
Epoch 653/1000, D_loss=2.699496, reward=-6.848356
Epoch: 653: 2022-04-20 13:44:16.921121
Epoch 654/1000, D_loss=2.712955, reward=-6.842629
Epoch: 654: 2022-04-20 13:44:17.371770
Epoch 655/1000, D_loss=2.732571, reward=-6.830389
Epoch: 655: 2022-04-20 13:44:17.827350
Epoch 656/1000, D_loss=2.705882, reward=-6.856104
Epoch: 656: 2022-04-20 13:44:18.277690
Epoch 657/1000, D_loss=2.714777, reward=-6.849258
Epoch: 657: 2022-04-20 13:44:18.729511
Epoch 658/1000, D_loss=2.715166, reward=-6.849761
Epoch: 658: 2022-04-20 13:44:19.176471
Epoch 659/1000, D_loss=2.708828, reward=-6.851475
Epoch: 659: 2022-04-20 13:44:19.620822
Epoch 660/1000, D_loss=2.709451, reward=-6.845938
Test_MRR=0.132668, Test_MR=30.705056, Test_H@10=0.291199
Epoch: 660: 2022-04-20 13:44:21.193948
Epoch 661/1000, D_loss=2.716926, reward=-6.846132
Epoch: 661: 2022-04-20 13:44:21.652386
Epoch 662/1000, D_loss=2.704055, reward=-6.861056
Epoch: 662: 2022-04-20 13:44:22.104272
Epoch 663/1000, D_loss=2.692594, reward=-6.868513
Epoch: 663: 2022-04-20 13:44:22.554742
Epoch 664/1000, D_loss=2.704672, reward=-6.852449
Epoch: 664: 2022-04-20 13:44:23.003890
Epoch 665/1000, D_loss=2.718257, reward=-6.837961
Epoch: 665: 2022-04-20 13:44:23.449088
Epoch 666/1000, D_loss=2.731755, reward=-6.826034
Epoch: 666: 2022-04-20 13:44:23.894334
Epoch 667/1000, D_loss=2.705648, reward=-6.847110
Epoch: 667: 2022-04-20 13:44:24.338585
Epoch 668/1000, D_loss=2.714669, reward=-6.841275
Epoch: 668: 2022-04-20 13:44:24.782432
Epoch 669/1000, D_loss=2.700287, reward=-6.854439
Epoch: 669: 2022-04-20 13:44:25.231671
Epoch 670/1000, D_loss=2.721320, reward=-6.839724
Test_MRR=0.137136, Test_MR=30.579120, Test_H@10=0.298221
Epoch: 670: 2022-04-20 13:44:26.815466
Epoch 671/1000, D_loss=2.707030, reward=-6.851861
Epoch: 671: 2022-04-20 13:44:27.267304
Epoch 672/1000, D_loss=2.697837, reward=-6.860823
Epoch: 672: 2022-04-20 13:44:27.712400
Epoch 673/1000, D_loss=2.700290, reward=-6.862028
Epoch: 673: 2022-04-20 13:44:28.157074
Epoch 674/1000, D_loss=2.706877, reward=-6.858112
Epoch: 674: 2022-04-20 13:44:28.602142
Epoch 675/1000, D_loss=2.718474, reward=-6.849522
Epoch: 675: 2022-04-20 13:44:29.052894
Epoch 676/1000, D_loss=2.728980, reward=-6.840177
Epoch: 676: 2022-04-20 13:44:29.506423
Epoch 677/1000, D_loss=2.711377, reward=-6.855853
Epoch: 677: 2022-04-20 13:44:29.960441
Epoch 678/1000, D_loss=2.727462, reward=-6.827875
Epoch: 678: 2022-04-20 13:44:30.411280
Epoch 679/1000, D_loss=2.711856, reward=-6.847837
Epoch: 679: 2022-04-20 13:44:30.861720
Epoch 680/1000, D_loss=2.712982, reward=-6.849237
Test_MRR=0.133089, Test_MR=31.031367, Test_H@10=0.290730
Epoch: 680: 2022-04-20 13:44:32.432210
Epoch 681/1000, D_loss=2.712260, reward=-6.849540
Epoch: 681: 2022-04-20 13:44:32.882916
Epoch 682/1000, D_loss=2.712063, reward=-6.853123
Epoch: 682: 2022-04-20 13:44:33.334794
Epoch 683/1000, D_loss=2.718373, reward=-6.850331
Epoch: 683: 2022-04-20 13:44:33.790587
Epoch 684/1000, D_loss=2.711277, reward=-6.860520
Epoch: 684: 2022-04-20 13:44:34.240558
Epoch 685/1000, D_loss=2.703038, reward=-6.866679
Epoch: 685: 2022-04-20 13:44:34.691050
Epoch 686/1000, D_loss=2.698292, reward=-6.866556
Epoch: 686: 2022-04-20 13:44:35.139762
Epoch 687/1000, D_loss=2.713022, reward=-6.848258
Epoch: 687: 2022-04-20 13:44:35.585262
Epoch 688/1000, D_loss=2.721066, reward=-6.837528
Epoch: 688: 2022-04-20 13:44:36.029963
Epoch 689/1000, D_loss=2.713605, reward=-6.845284
Epoch: 689: 2022-04-20 13:44:36.472981
Epoch 690/1000, D_loss=2.719854, reward=-6.837707
Test_MRR=0.135812, Test_MR=31.088483, Test_H@10=0.281835
Epoch: 690: 2022-04-20 13:44:38.048975
Epoch 691/1000, D_loss=2.721802, reward=-6.833592
Epoch: 691: 2022-04-20 13:44:38.503838
Epoch 692/1000, D_loss=2.720970, reward=-6.833044
Epoch: 692: 2022-04-20 13:44:38.953653
Epoch 693/1000, D_loss=2.712708, reward=-6.848407
Epoch: 693: 2022-04-20 13:44:39.400433
Epoch 694/1000, D_loss=2.708661, reward=-6.851920
Epoch: 694: 2022-04-20 13:44:40.089876
Epoch 695/1000, D_loss=2.719440, reward=-6.840278
Epoch: 695: 2022-04-20 13:44:40.748101
Epoch 696/1000, D_loss=2.722733, reward=-6.836023
Epoch: 696: 2022-04-20 13:44:41.343306
Epoch 697/1000, D_loss=2.723688, reward=-6.836084
Epoch: 697: 2022-04-20 13:44:41.909938
Epoch 698/1000, D_loss=2.700822, reward=-6.857757
Epoch: 698: 2022-04-20 13:44:42.465990
Epoch 699/1000, D_loss=2.711281, reward=-6.846805
Epoch: 699: 2022-04-20 13:44:43.021319
Epoch 700/1000, D_loss=2.713634, reward=-6.848167
Test_MRR=0.133598, Test_MR=31.066948, Test_H@10=0.279026
Epoch: 700: 2022-04-20 13:44:44.761195
Epoch 701/1000, D_loss=2.712358, reward=-6.850764
Epoch: 701: 2022-04-20 13:44:45.213330
Epoch 702/1000, D_loss=2.707828, reward=-6.851638
Epoch: 702: 2022-04-20 13:44:45.664787
Epoch 703/1000, D_loss=2.702505, reward=-6.857241
Epoch: 703: 2022-04-20 13:44:46.113322
Epoch 704/1000, D_loss=2.712470, reward=-6.843684
Epoch: 704: 2022-04-20 13:44:46.559596
Epoch 705/1000, D_loss=2.704438, reward=-6.853675
Epoch: 705: 2022-04-20 13:44:47.065460
Epoch 706/1000, D_loss=2.691851, reward=-6.873294
Epoch: 706: 2022-04-20 13:44:47.531782
Epoch 707/1000, D_loss=2.717335, reward=-6.844934
Epoch: 707: 2022-04-20 13:44:47.976757
Epoch 708/1000, D_loss=2.720457, reward=-6.834865
Epoch: 708: 2022-04-20 13:44:48.421997
Epoch 709/1000, D_loss=2.696378, reward=-6.857048
Epoch: 709: 2022-04-20 13:44:48.872099
Epoch 710/1000, D_loss=2.714554, reward=-6.836044
Test_MRR=0.134487, Test_MR=30.890449, Test_H@10=0.287453
Epoch: 710: 2022-04-20 13:44:50.450751
Epoch 711/1000, D_loss=2.712854, reward=-6.842173
Epoch: 711: 2022-04-20 13:44:50.905529
Epoch 712/1000, D_loss=2.734588, reward=-6.825045
Epoch: 712: 2022-04-20 13:44:51.350366
Epoch 713/1000, D_loss=2.706650, reward=-6.852584
Epoch: 713: 2022-04-20 13:44:51.796453
Epoch 714/1000, D_loss=2.709162, reward=-6.844328
Epoch: 714: 2022-04-20 13:44:52.509295
Epoch 715/1000, D_loss=2.714140, reward=-6.837847
Epoch: 715: 2022-04-20 13:44:53.204097
Epoch 716/1000, D_loss=2.724627, reward=-6.833792
Epoch: 716: 2022-04-20 13:44:53.890100
Epoch 717/1000, D_loss=2.694276, reward=-6.867677
Epoch: 717: 2022-04-20 13:44:54.549455
Epoch 718/1000, D_loss=2.726773, reward=-6.838155
Epoch: 718: 2022-04-20 13:44:55.211027
Epoch 719/1000, D_loss=2.714779, reward=-6.857585
Epoch: 719: 2022-04-20 13:44:55.938280
Epoch 720/1000, D_loss=2.715291, reward=-6.857079
Test_MRR=0.141079, Test_MR=31.040730, Test_H@10=0.285581
Epoch: 720: 2022-04-20 13:44:57.928619
Epoch 721/1000, D_loss=2.731730, reward=-6.840403
Epoch: 721: 2022-04-20 13:44:58.637157
Epoch 722/1000, D_loss=2.696023, reward=-6.876505
Epoch: 722: 2022-04-20 13:44:59.251367
Epoch 723/1000, D_loss=2.717261, reward=-6.853491
Epoch: 723: 2022-04-20 13:44:59.732903
Epoch 724/1000, D_loss=2.706800, reward=-6.861804
Epoch: 724: 2022-04-20 13:45:00.213411
Epoch 725/1000, D_loss=2.704993, reward=-6.860555
Epoch: 725: 2022-04-20 13:45:00.675016
Epoch 726/1000, D_loss=2.705932, reward=-6.858480
Epoch: 726: 2022-04-20 13:45:01.129221
Epoch 727/1000, D_loss=2.720367, reward=-6.845186
Epoch: 727: 2022-04-20 13:45:01.580851
Epoch 728/1000, D_loss=2.706593, reward=-6.850473
Epoch: 728: 2022-04-20 13:45:02.033495
Epoch 729/1000, D_loss=2.727765, reward=-6.825869
Epoch: 729: 2022-04-20 13:45:02.487706
Epoch 730/1000, D_loss=2.719158, reward=-6.837433
Test_MRR=0.144024, Test_MR=30.569288, Test_H@10=0.294476
Epoch: 730: 2022-04-20 13:45:04.057162
Epoch 731/1000, D_loss=2.712241, reward=-6.843824
Epoch: 731: 2022-04-20 13:45:04.738511
Epoch 732/1000, D_loss=2.722432, reward=-6.830385
Epoch: 732: 2022-04-20 13:45:05.457649
Epoch 733/1000, D_loss=2.691969, reward=-6.861506
Epoch: 733: 2022-04-20 13:45:06.122985
Epoch 734/1000, D_loss=2.702844, reward=-6.852355
Epoch: 734: 2022-04-20 13:45:06.725057
Epoch 735/1000, D_loss=2.711367, reward=-6.844709
Epoch: 735: 2022-04-20 13:45:07.325212
Epoch 736/1000, D_loss=2.703517, reward=-6.853822
Epoch: 736: 2022-04-20 13:45:07.930338
Epoch 737/1000, D_loss=2.728242, reward=-6.821355
Epoch: 737: 2022-04-20 13:45:08.553506
Epoch 738/1000, D_loss=2.726288, reward=-6.820545
Epoch: 738: 2022-04-20 13:45:09.087692
Epoch 739/1000, D_loss=2.713705, reward=-6.831606
Epoch: 739: 2022-04-20 13:45:09.541806
Epoch 740/1000, D_loss=2.718789, reward=-6.824935
Test_MRR=0.141186, Test_MR=30.882491, Test_H@10=0.286517
Epoch: 740: 2022-04-20 13:45:11.106753
Epoch 741/1000, D_loss=2.731384, reward=-6.815684
Epoch: 741: 2022-04-20 13:45:11.596519
Epoch 742/1000, D_loss=2.710262, reward=-6.837101
Epoch: 742: 2022-04-20 13:45:12.048024
Epoch 743/1000, D_loss=2.717421, reward=-6.830948
Epoch: 743: 2022-04-20 13:45:12.501772
Epoch 744/1000, D_loss=2.739649, reward=-6.806348
Epoch: 744: 2022-04-20 13:45:12.952624
Epoch 745/1000, D_loss=2.721305, reward=-6.834826
Epoch: 745: 2022-04-20 13:45:13.408447
Epoch 746/1000, D_loss=2.708593, reward=-6.847470
Epoch: 746: 2022-04-20 13:45:13.863332
Epoch 747/1000, D_loss=2.715034, reward=-6.831986
Epoch: 747: 2022-04-20 13:45:14.318399
Epoch 748/1000, D_loss=2.724642, reward=-6.823893
Epoch: 748: 2022-04-20 13:45:14.773000
Epoch 749/1000, D_loss=2.721442, reward=-6.830043
Epoch: 749: 2022-04-20 13:45:15.227499
Epoch 750/1000, D_loss=2.726368, reward=-6.827426
Test_MRR=0.149887, Test_MR=30.525281, Test_H@10=0.301498
Epoch: 750: 2022-04-20 13:45:16.807534
Epoch 751/1000, D_loss=2.696567, reward=-6.849710
Epoch: 751: 2022-04-20 13:45:17.265484
Epoch 752/1000, D_loss=2.718173, reward=-6.829008
Epoch: 752: 2022-04-20 13:45:17.721504
Epoch 753/1000, D_loss=2.706902, reward=-6.841591
Epoch: 753: 2022-04-20 13:45:18.173793
Epoch 754/1000, D_loss=2.707139, reward=-6.839287
Epoch: 754: 2022-04-20 13:45:18.629351
Epoch 755/1000, D_loss=2.715240, reward=-6.831835
Epoch: 755: 2022-04-20 13:45:19.082516
Epoch 756/1000, D_loss=2.716011, reward=-6.828211
Epoch: 756: 2022-04-20 13:45:19.535721
Epoch 757/1000, D_loss=2.723820, reward=-6.820269
Epoch: 757: 2022-04-20 13:45:19.986516
Epoch 758/1000, D_loss=2.712645, reward=-6.838541
Epoch: 758: 2022-04-20 13:45:20.442675
Epoch 759/1000, D_loss=2.733749, reward=-6.813556
Epoch: 759: 2022-04-20 13:45:20.898013
Epoch 760/1000, D_loss=2.725388, reward=-6.820856
Test_MRR=0.141396, Test_MR=30.789794, Test_H@10=0.292135
Epoch: 760: 2022-04-20 13:45:22.479734
Epoch 761/1000, D_loss=2.718396, reward=-6.823318
Epoch: 761: 2022-04-20 13:45:22.936468
Epoch 762/1000, D_loss=2.722733, reward=-6.819134
Epoch: 762: 2022-04-20 13:45:23.391310
Epoch 763/1000, D_loss=2.715672, reward=-6.825453
Epoch: 763: 2022-04-20 13:45:23.843034
Epoch 764/1000, D_loss=2.715966, reward=-6.825801
Epoch: 764: 2022-04-20 13:45:24.297712
Epoch 765/1000, D_loss=2.713076, reward=-6.834472
Epoch: 765: 2022-04-20 13:45:24.747985
Epoch 766/1000, D_loss=2.703285, reward=-6.840871
Epoch: 766: 2022-04-20 13:45:25.201515
Epoch 767/1000, D_loss=2.711051, reward=-6.831758
Epoch: 767: 2022-04-20 13:45:25.657050
Epoch 768/1000, D_loss=2.725033, reward=-6.810946
Epoch: 768: 2022-04-20 13:45:26.112895
Epoch 769/1000, D_loss=2.717773, reward=-6.817151
Epoch: 769: 2022-04-20 13:45:26.567604
Epoch 770/1000, D_loss=2.703715, reward=-6.830250
Test_MRR=0.143795, Test_MR=30.743914, Test_H@10=0.299625
Epoch: 770: 2022-04-20 13:45:28.145754
Epoch 771/1000, D_loss=2.722165, reward=-6.813999
Epoch: 771: 2022-04-20 13:45:28.603751
Epoch 772/1000, D_loss=2.715950, reward=-6.818426
Epoch: 772: 2022-04-20 13:45:29.308218
Epoch 773/1000, D_loss=2.722842, reward=-6.814273
Epoch: 773: 2022-04-20 13:45:30.003807
Epoch 774/1000, D_loss=2.723906, reward=-6.812756
Epoch: 774: 2022-04-20 13:45:30.639231
Epoch 775/1000, D_loss=2.701618, reward=-6.832632
Epoch: 775: 2022-04-20 13:45:31.137827
Epoch 776/1000, D_loss=2.709921, reward=-6.816634
Epoch: 776: 2022-04-20 13:45:31.591010
Epoch 777/1000, D_loss=2.708641, reward=-6.815920
Epoch: 777: 2022-04-20 13:45:32.042897
Epoch 778/1000, D_loss=2.695634, reward=-6.831542
Epoch: 778: 2022-04-20 13:45:32.496895
Epoch 779/1000, D_loss=2.719168, reward=-6.810029
Epoch: 779: 2022-04-20 13:45:32.948719
Epoch 780/1000, D_loss=2.707634, reward=-6.822737
Test_MRR=0.144970, Test_MR=30.610955, Test_H@10=0.308052
Epoch: 780: 2022-04-20 13:45:34.527039
Epoch 781/1000, D_loss=2.727587, reward=-6.806183
Epoch: 781: 2022-04-20 13:45:35.046194
Epoch 782/1000, D_loss=2.718406, reward=-6.811235
Epoch: 782: 2022-04-20 13:45:35.501290
Epoch 783/1000, D_loss=2.713446, reward=-6.820783
Epoch: 783: 2022-04-20 13:45:35.954316
Epoch 784/1000, D_loss=2.729462, reward=-6.797678
Epoch: 784: 2022-04-20 13:45:36.409130
Epoch 785/1000, D_loss=2.729241, reward=-6.799452
Epoch: 785: 2022-04-20 13:45:36.859440
Epoch 786/1000, D_loss=2.711631, reward=-6.817420
Epoch: 786: 2022-04-20 13:45:37.314409
Epoch 787/1000, D_loss=2.714941, reward=-6.821922
Epoch: 787: 2022-04-20 13:45:37.769706
Epoch 788/1000, D_loss=2.721951, reward=-6.817760
Epoch: 788: 2022-04-20 13:45:38.224103
Epoch 789/1000, D_loss=2.709109, reward=-6.827960
Epoch: 789: 2022-04-20 13:45:38.681942
Epoch 790/1000, D_loss=2.724231, reward=-6.816428
Test_MRR=0.148443, Test_MR=30.475655, Test_H@10=0.310861
Epoch: 790: 2022-04-20 13:45:40.263355
Epoch 791/1000, D_loss=2.720948, reward=-6.823788
Epoch: 791: 2022-04-20 13:45:40.723208
Epoch 792/1000, D_loss=2.721123, reward=-6.824004
Epoch: 792: 2022-04-20 13:45:41.178373
Epoch 793/1000, D_loss=2.717314, reward=-6.827751
Epoch: 793: 2022-04-20 13:45:41.633548
Epoch 794/1000, D_loss=2.741479, reward=-6.800394
Epoch: 794: 2022-04-20 13:45:42.086991
Epoch 795/1000, D_loss=2.719359, reward=-6.820104
Epoch: 795: 2022-04-20 13:45:42.543475
Epoch 796/1000, D_loss=2.711025, reward=-6.829315
Epoch: 796: 2022-04-20 13:45:42.996699
Epoch 797/1000, D_loss=2.720911, reward=-6.821881
Epoch: 797: 2022-04-20 13:45:43.450987
Epoch 798/1000, D_loss=2.728940, reward=-6.817716
Epoch: 798: 2022-04-20 13:45:43.903302
Epoch 799/1000, D_loss=2.714398, reward=-6.826750
Epoch: 799: 2022-04-20 13:45:44.357452
Epoch 800/1000, D_loss=2.724202, reward=-6.813963
Test_MRR=0.146379, Test_MR=30.932116, Test_H@10=0.306648
Epoch: 800: 2022-04-20 13:45:45.936266
Epoch 801/1000, D_loss=2.722686, reward=-6.822592
Epoch: 801: 2022-04-20 13:45:46.396376
Epoch 802/1000, D_loss=2.725061, reward=-6.819081
Epoch: 802: 2022-04-20 13:45:46.847597
Epoch 803/1000, D_loss=2.723362, reward=-6.820085
Epoch: 803: 2022-04-20 13:45:47.330918
Epoch 804/1000, D_loss=2.721732, reward=-6.817617
Epoch: 804: 2022-04-20 13:45:47.800466
Epoch 805/1000, D_loss=2.717483, reward=-6.823852
Epoch: 805: 2022-04-20 13:45:48.254722
Epoch 806/1000, D_loss=2.740704, reward=-6.799224
Epoch: 806: 2022-04-20 13:45:48.707701
Epoch 807/1000, D_loss=2.715214, reward=-6.823839
Epoch: 807: 2022-04-20 13:45:49.161290
Epoch 808/1000, D_loss=2.722307, reward=-6.811697
Epoch: 808: 2022-04-20 13:45:49.617066
Epoch 809/1000, D_loss=2.712468, reward=-6.820680
Epoch: 809: 2022-04-20 13:45:50.070831
Epoch 810/1000, D_loss=2.716613, reward=-6.819314
Test_MRR=0.141708, Test_MR=31.044007, Test_H@10=0.298689
Epoch: 810: 2022-04-20 13:45:51.648472
Epoch 811/1000, D_loss=2.713378, reward=-6.820637
Epoch: 811: 2022-04-20 13:45:52.106411
Epoch 812/1000, D_loss=2.731503, reward=-6.801459
Epoch: 812: 2022-04-20 13:45:52.559426
Epoch 813/1000, D_loss=2.709270, reward=-6.827584
Epoch: 813: 2022-04-20 13:45:53.010981
Epoch 814/1000, D_loss=2.712307, reward=-6.820581
Epoch: 814: 2022-04-20 13:45:53.670203
Epoch 815/1000, D_loss=2.722635, reward=-6.804884
Epoch: 815: 2022-04-20 13:45:54.164788
Epoch 816/1000, D_loss=2.711164, reward=-6.811123
Epoch: 816: 2022-04-20 13:45:54.613643
Epoch 817/1000, D_loss=2.733452, reward=-6.791777
Epoch: 817: 2022-04-20 13:45:55.062263
Epoch 818/1000, D_loss=2.711646, reward=-6.812436
Epoch: 818: 2022-04-20 13:45:55.513299
Epoch 819/1000, D_loss=2.734430, reward=-6.786273
Epoch: 819: 2022-04-20 13:45:55.964392
Epoch 820/1000, D_loss=2.723001, reward=-6.799181
Test_MRR=0.146653, Test_MR=30.563670, Test_H@10=0.312266
Epoch: 820: 2022-04-20 13:45:57.531067
Epoch 821/1000, D_loss=2.712469, reward=-6.808821
Epoch: 821: 2022-04-20 13:45:57.983848
Epoch 822/1000, D_loss=2.725126, reward=-6.793982
Epoch: 822: 2022-04-20 13:45:58.435528
Epoch 823/1000, D_loss=2.729089, reward=-6.792669
Epoch: 823: 2022-04-20 13:45:58.883764
Epoch 824/1000, D_loss=2.703656, reward=-6.813170
Epoch: 824: 2022-04-20 13:45:59.355967
Epoch 825/1000, D_loss=2.709821, reward=-6.810082
Epoch: 825: 2022-04-20 13:45:59.806494
Epoch 826/1000, D_loss=2.739086, reward=-6.784384
Epoch: 826: 2022-04-20 13:46:00.260282
Epoch 827/1000, D_loss=2.738699, reward=-6.779334
Epoch: 827: 2022-04-20 13:46:00.713769
Epoch 828/1000, D_loss=2.702295, reward=-6.820265
Epoch: 828: 2022-04-20 13:46:01.168998
Epoch 829/1000, D_loss=2.722749, reward=-6.790430
Epoch: 829: 2022-04-20 13:46:01.625603
Epoch 830/1000, D_loss=2.708893, reward=-6.806259
Test_MRR=0.145236, Test_MR=30.595974, Test_H@10=0.298689
Epoch: 830: 2022-04-20 13:46:03.207208
Epoch 831/1000, D_loss=2.716373, reward=-6.805536
Epoch: 831: 2022-04-20 13:46:03.665777
Epoch 832/1000, D_loss=2.735240, reward=-6.785449
Epoch: 832: 2022-04-20 13:46:04.341959
Epoch 833/1000, D_loss=2.728985, reward=-6.790042
Epoch: 833: 2022-04-20 13:46:04.928384
Epoch 834/1000, D_loss=2.721391, reward=-6.801381
Epoch: 834: 2022-04-20 13:46:05.500352
Epoch 835/1000, D_loss=2.718850, reward=-6.804066
Epoch: 835: 2022-04-20 13:46:06.071141
Epoch 836/1000, D_loss=2.699349, reward=-6.827739
Epoch: 836: 2022-04-20 13:46:06.639211
Epoch 837/1000, D_loss=2.722738, reward=-6.803566
Epoch: 837: 2022-04-20 13:46:07.208270
Epoch 838/1000, D_loss=2.709936, reward=-6.814745
Epoch: 838: 2022-04-20 13:46:07.777739
Epoch 839/1000, D_loss=2.720136, reward=-6.802790
Epoch: 839: 2022-04-20 13:46:08.340626
Epoch 840/1000, D_loss=2.721180, reward=-6.802013
Test_MRR=0.151057, Test_MR=30.573502, Test_H@10=0.311798
Epoch: 840: 2022-04-20 13:46:10.270719
Epoch 841/1000, D_loss=2.712243, reward=-6.814981
Epoch: 841: 2022-04-20 13:46:10.893181
Epoch 842/1000, D_loss=2.722117, reward=-6.808734
Epoch: 842: 2022-04-20 13:46:11.370985
Epoch 843/1000, D_loss=2.708838, reward=-6.819813
Epoch: 843: 2022-04-20 13:46:11.818490
Epoch 844/1000, D_loss=2.706644, reward=-6.817813
Epoch: 844: 2022-04-20 13:46:12.270152
Epoch 845/1000, D_loss=2.714612, reward=-6.811161
Epoch: 845: 2022-04-20 13:46:12.718886
Epoch 846/1000, D_loss=2.724992, reward=-6.799235
Epoch: 846: 2022-04-20 13:46:13.169328
Epoch 847/1000, D_loss=2.709532, reward=-6.817900
Epoch: 847: 2022-04-20 13:46:13.622717
Epoch 848/1000, D_loss=2.729637, reward=-6.803396
Epoch: 848: 2022-04-20 13:46:14.073303
Epoch 849/1000, D_loss=2.716028, reward=-6.820533
Epoch: 849: 2022-04-20 13:46:14.525048
Epoch 850/1000, D_loss=2.710545, reward=-6.823677
Test_MRR=0.145430, Test_MR=30.273408, Test_H@10=0.302903
Epoch: 850: 2022-04-20 13:46:16.088723
Epoch 851/1000, D_loss=2.704505, reward=-6.833293
Epoch: 851: 2022-04-20 13:46:16.542278
Epoch 852/1000, D_loss=2.727149, reward=-6.808911
Epoch: 852: 2022-04-20 13:46:16.990713
Epoch 853/1000, D_loss=2.714273, reward=-6.817616
Epoch: 853: 2022-04-20 13:46:17.696572
Epoch 854/1000, D_loss=2.708859, reward=-6.823269
Epoch: 854: 2022-04-20 13:46:18.357735
Epoch 855/1000, D_loss=2.718032, reward=-6.815064
Epoch: 855: 2022-04-20 13:46:19.018973
Epoch 856/1000, D_loss=2.722506, reward=-6.803930
Epoch: 856: 2022-04-20 13:46:19.584539
Epoch 857/1000, D_loss=2.701505, reward=-6.822645
Epoch: 857: 2022-04-20 13:46:20.194057
Epoch 858/1000, D_loss=2.731391, reward=-6.794122
Epoch: 858: 2022-04-20 13:46:20.804559
Epoch 859/1000, D_loss=2.715588, reward=-6.819705
Epoch: 859: 2022-04-20 13:46:21.265960
Epoch 860/1000, D_loss=2.714258, reward=-6.825793
Test_MRR=0.146656, Test_MR=30.483146, Test_H@10=0.301030
Epoch: 860: 2022-04-20 13:46:22.854047
Epoch 861/1000, D_loss=2.709339, reward=-6.825981
Epoch: 861: 2022-04-20 13:46:23.695913
Epoch 862/1000, D_loss=2.719449, reward=-6.817642
Epoch: 862: 2022-04-20 13:46:24.480884
Epoch 863/1000, D_loss=2.725280, reward=-6.808167
Epoch: 863: 2022-04-20 13:46:25.231623
Epoch 864/1000, D_loss=2.717669, reward=-6.810419
Epoch: 864: 2022-04-20 13:46:25.982159
Epoch 865/1000, D_loss=2.718994, reward=-6.805202
Epoch: 865: 2022-04-20 13:46:26.611903
Epoch 866/1000, D_loss=2.719640, reward=-6.799519
Epoch: 866: 2022-04-20 13:46:27.247213
Epoch 867/1000, D_loss=2.698382, reward=-6.819148
Epoch: 867: 2022-04-20 13:46:27.870153
Epoch 868/1000, D_loss=2.703347, reward=-6.815343
Epoch: 868: 2022-04-20 13:46:28.490936
Epoch 869/1000, D_loss=2.719575, reward=-6.796527
Epoch: 869: 2022-04-20 13:46:29.109697
Epoch 870/1000, D_loss=2.721511, reward=-6.792699
Test_MRR=0.145445, Test_MR=30.592228, Test_H@10=0.313670
Epoch: 870: 2022-04-20 13:46:31.210642
Epoch 871/1000, D_loss=2.719169, reward=-6.791344
Epoch: 871: 2022-04-20 13:46:31.914820
Epoch 872/1000, D_loss=2.724313, reward=-6.785095
Epoch: 872: 2022-04-20 13:46:32.614985
Epoch 873/1000, D_loss=2.722578, reward=-6.786555
Epoch: 873: 2022-04-20 13:46:33.309067
Epoch 874/1000, D_loss=2.726295, reward=-6.782702
Epoch: 874: 2022-04-20 13:46:34.013179
Epoch 875/1000, D_loss=2.712858, reward=-6.794918
Epoch: 875: 2022-04-20 13:46:34.706073
Epoch 876/1000, D_loss=2.716610, reward=-6.788165
Epoch: 876: 2022-04-20 13:46:35.371793
Epoch 877/1000, D_loss=2.709923, reward=-6.795427
Epoch: 877: 2022-04-20 13:46:36.049852
Epoch 878/1000, D_loss=2.714288, reward=-6.790895
Epoch: 878: 2022-04-20 13:46:36.704380
Epoch 879/1000, D_loss=2.726574, reward=-6.779243
Epoch: 879: 2022-04-20 13:46:37.214647
Epoch 880/1000, D_loss=2.716386, reward=-6.792177
Test_MRR=0.148347, Test_MR=30.684457, Test_H@10=0.298689
Epoch: 880: 2022-04-20 13:46:38.779073
Epoch 881/1000, D_loss=2.713716, reward=-6.800602
Epoch: 881: 2022-04-20 13:46:39.261241
Epoch 882/1000, D_loss=2.711930, reward=-6.797698
Epoch: 882: 2022-04-20 13:46:39.704307
Epoch 883/1000, D_loss=2.727484, reward=-6.783363
Epoch: 883: 2022-04-20 13:46:40.152661
Epoch 884/1000, D_loss=2.723524, reward=-6.789425
Epoch: 884: 2022-04-20 13:46:40.667504
Epoch 885/1000, D_loss=2.704319, reward=-6.811974
Epoch: 885: 2022-04-20 13:46:41.118449
Epoch 886/1000, D_loss=2.725244, reward=-6.800196
Epoch: 886: 2022-04-20 13:46:41.572698
Epoch 887/1000, D_loss=2.724829, reward=-6.800353
Epoch: 887: 2022-04-20 13:46:42.025944
Epoch 888/1000, D_loss=2.714722, reward=-6.814042
Epoch: 888: 2022-04-20 13:46:42.480474
Epoch 889/1000, D_loss=2.703559, reward=-6.823619
Epoch: 889: 2022-04-20 13:46:42.929435
Epoch 890/1000, D_loss=2.721354, reward=-6.810225
Test_MRR=0.141831, Test_MR=31.010300, Test_H@10=0.290730
Epoch: 890: 2022-04-20 13:46:44.504198
Epoch 891/1000, D_loss=2.698909, reward=-6.829816
Epoch: 891: 2022-04-20 13:46:44.989647
Epoch 892/1000, D_loss=2.715739, reward=-6.811595
Epoch: 892: 2022-04-20 13:46:45.442858
Epoch 893/1000, D_loss=2.709350, reward=-6.822643
Epoch: 893: 2022-04-20 13:46:45.896219
Epoch 894/1000, D_loss=2.718507, reward=-6.818372
Epoch: 894: 2022-04-20 13:46:46.347588
Epoch 895/1000, D_loss=2.712444, reward=-6.817035
Epoch: 895: 2022-04-20 13:46:46.798258
Epoch 896/1000, D_loss=2.726833, reward=-6.805908
Epoch: 896: 2022-04-20 13:46:47.245180
Epoch 897/1000, D_loss=2.724587, reward=-6.812297
Epoch: 897: 2022-04-20 13:46:47.691650
Epoch 898/1000, D_loss=2.720541, reward=-6.817560
Epoch: 898: 2022-04-20 13:46:48.136551
Epoch 899/1000, D_loss=2.722055, reward=-6.813859
Epoch: 899: 2022-04-20 13:46:48.582552
Epoch 900/1000, D_loss=2.699855, reward=-6.831124
Test_MRR=0.143882, Test_MR=30.833801, Test_H@10=0.295412
Epoch: 900: 2022-04-20 13:46:50.159235
Epoch 901/1000, D_loss=2.723801, reward=-6.804906
Epoch: 901: 2022-04-20 13:46:50.639552
Epoch 902/1000, D_loss=2.720225, reward=-6.809351
Epoch: 902: 2022-04-20 13:46:51.087421
Epoch 903/1000, D_loss=2.719422, reward=-6.809811
Epoch: 903: 2022-04-20 13:46:51.532805
Epoch 904/1000, D_loss=2.723265, reward=-6.799373
Epoch: 904: 2022-04-20 13:46:51.977985
Epoch 905/1000, D_loss=2.721191, reward=-6.798680
Epoch: 905: 2022-04-20 13:46:52.423548
Epoch 906/1000, D_loss=2.732475, reward=-6.786830
Epoch: 906: 2022-04-20 13:46:52.870789
Epoch 907/1000, D_loss=2.723537, reward=-6.793501
Epoch: 907: 2022-04-20 13:46:53.323456
Epoch 908/1000, D_loss=2.733496, reward=-6.786750
Epoch: 908: 2022-04-20 13:46:53.779752
Epoch 909/1000, D_loss=2.723948, reward=-6.794842
Epoch: 909: 2022-04-20 13:46:54.234815
Epoch 910/1000, D_loss=2.727755, reward=-6.790528
Test_MRR=0.149577, Test_MR=30.941948, Test_H@10=0.289326
Epoch: 910: 2022-04-20 13:46:55.815518
Epoch 911/1000, D_loss=2.724122, reward=-6.795500
Epoch: 911: 2022-04-20 13:46:56.292559
Epoch 912/1000, D_loss=2.717745, reward=-6.798819
Epoch: 912: 2022-04-20 13:46:56.737290
Epoch 913/1000, D_loss=2.711056, reward=-6.802129
Epoch: 913: 2022-04-20 13:46:57.188949
Epoch 914/1000, D_loss=2.718603, reward=-6.796519
Epoch: 914: 2022-04-20 13:46:57.643777
Epoch 915/1000, D_loss=2.730399, reward=-6.784953
Epoch: 915: 2022-04-20 13:46:58.095522
Epoch 916/1000, D_loss=2.725493, reward=-6.791600
Epoch: 916: 2022-04-20 13:46:58.548192
Epoch 917/1000, D_loss=2.705360, reward=-6.808379
Epoch: 917: 2022-04-20 13:46:58.998466
Epoch 918/1000, D_loss=2.714393, reward=-6.796752
Epoch: 918: 2022-04-20 13:46:59.444865
Epoch 919/1000, D_loss=2.714224, reward=-6.800554
Epoch: 919: 2022-04-20 13:46:59.889766
Epoch 920/1000, D_loss=2.707861, reward=-6.809211
Test_MRR=0.144489, Test_MR=30.507491, Test_H@10=0.298221
Epoch: 920: 2022-04-20 13:47:01.460108
Epoch 921/1000, D_loss=2.709983, reward=-6.807522
Epoch: 921: 2022-04-20 13:47:01.919102
Epoch 922/1000, D_loss=2.720623, reward=-6.801836
Epoch: 922: 2022-04-20 13:47:02.370790
Epoch 923/1000, D_loss=2.712300, reward=-6.815847
Epoch: 923: 2022-04-20 13:47:02.822850
Epoch 924/1000, D_loss=2.709388, reward=-6.815401
Epoch: 924: 2022-04-20 13:47:03.268888
Epoch 925/1000, D_loss=2.729943, reward=-6.792446
Epoch: 925: 2022-04-20 13:47:03.716447
Epoch 926/1000, D_loss=2.724986, reward=-6.790440
Epoch: 926: 2022-04-20 13:47:04.341532
Epoch 927/1000, D_loss=2.706682, reward=-6.815617
Epoch: 927: 2022-04-20 13:47:04.902962
Epoch 928/1000, D_loss=2.723891, reward=-6.793269
Epoch: 928: 2022-04-20 13:47:05.469917
Epoch 929/1000, D_loss=2.720229, reward=-6.795509
Epoch: 929: 2022-04-20 13:47:06.031081
Epoch 930/1000, D_loss=2.710746, reward=-6.807008
Test_MRR=0.150527, Test_MR=30.574906, Test_H@10=0.306180
Epoch: 930: 2022-04-20 13:47:07.967793
Epoch 931/1000, D_loss=2.721763, reward=-6.793165
Epoch: 931: 2022-04-20 13:47:08.443098
Epoch 932/1000, D_loss=2.721940, reward=-6.795610
Epoch: 932: 2022-04-20 13:47:08.887689
Epoch 933/1000, D_loss=2.717084, reward=-6.801256
Epoch: 933: 2022-04-20 13:47:09.336258
Epoch 934/1000, D_loss=2.715259, reward=-6.799058
Epoch: 934: 2022-04-20 13:47:09.790144
Epoch 935/1000, D_loss=2.714362, reward=-6.803380
Epoch: 935: 2022-04-20 13:47:10.305037
Epoch 936/1000, D_loss=2.735916, reward=-6.788049
Epoch: 936: 2022-04-20 13:47:10.760872
Epoch 937/1000, D_loss=2.722116, reward=-6.805890
Epoch: 937: 2022-04-20 13:47:11.212119
Epoch 938/1000, D_loss=2.719177, reward=-6.804563
Epoch: 938: 2022-04-20 13:47:11.656206
Epoch 939/1000, D_loss=2.721137, reward=-6.803744
Epoch: 939: 2022-04-20 13:47:12.100569
Epoch 940/1000, D_loss=2.723707, reward=-6.808543
Test_MRR=0.149391, Test_MR=30.823034, Test_H@10=0.300562
Epoch: 940: 2022-04-20 13:47:13.676082
Epoch 941/1000, D_loss=2.723378, reward=-6.811286
Epoch: 941: 2022-04-20 13:47:14.155254
Epoch 942/1000, D_loss=2.705061, reward=-6.832793
Epoch: 942: 2022-04-20 13:47:14.605915
Epoch 943/1000, D_loss=2.720721, reward=-6.814494
Epoch: 943: 2022-04-20 13:47:15.053922
Epoch 944/1000, D_loss=2.700341, reward=-6.833786
Epoch: 944: 2022-04-20 13:47:15.499764
Epoch 945/1000, D_loss=2.725061, reward=-6.805917
Epoch: 945: 2022-04-20 13:47:15.944759
Epoch 946/1000, D_loss=2.712165, reward=-6.821403
Epoch: 946: 2022-04-20 13:47:16.389375
Epoch 947/1000, D_loss=2.722519, reward=-6.816875
Epoch: 947: 2022-04-20 13:47:16.835936
Epoch 948/1000, D_loss=2.714054, reward=-6.827414
Epoch: 948: 2022-04-20 13:47:17.288472
Epoch 949/1000, D_loss=2.726051, reward=-6.814080
Epoch: 949: 2022-04-20 13:47:17.814246
Epoch 950/1000, D_loss=2.710829, reward=-6.830305
Test_MRR=0.147145, Test_MR=30.631554, Test_H@10=0.293071
Epoch: 950: 2022-04-20 13:47:19.383788
Epoch 951/1000, D_loss=2.713814, reward=-6.823169
Epoch: 951: 2022-04-20 13:47:19.857371
Epoch 952/1000, D_loss=2.730743, reward=-6.804453
Epoch: 952: 2022-04-20 13:47:20.298504
Epoch 953/1000, D_loss=2.716573, reward=-6.818285
Epoch: 953: 2022-04-20 13:47:20.740116
Epoch 954/1000, D_loss=2.717457, reward=-6.823309
Epoch: 954: 2022-04-20 13:47:21.186773
Epoch 955/1000, D_loss=2.718157, reward=-6.815526
Epoch: 955: 2022-04-20 13:47:21.639243
Epoch 956/1000, D_loss=2.715117, reward=-6.811831
Epoch: 956: 2022-04-20 13:47:22.088642
Epoch 957/1000, D_loss=2.734297, reward=-6.797616
Epoch: 957: 2022-04-20 13:47:22.781767
Epoch 958/1000, D_loss=2.707087, reward=-6.828043
Epoch: 958: 2022-04-20 13:47:23.416385
Epoch 959/1000, D_loss=2.700372, reward=-6.842001
Epoch: 959: 2022-04-20 13:47:24.091788
Epoch 960/1000, D_loss=2.724558, reward=-6.814411
Test_MRR=0.148063, Test_MR=30.811798, Test_H@10=0.298221
Epoch: 960: 2022-04-20 13:47:25.874023
Epoch 961/1000, D_loss=2.722430, reward=-6.822626
Epoch: 961: 2022-04-20 13:47:26.360026
Epoch 962/1000, D_loss=2.716338, reward=-6.823405
Epoch: 962: 2022-04-20 13:47:26.807000
Epoch 963/1000, D_loss=2.698183, reward=-6.848988
Epoch: 963: 2022-04-20 13:47:27.250278
Epoch 964/1000, D_loss=2.706533, reward=-6.849294
Epoch: 964: 2022-04-20 13:47:27.693434
Epoch 965/1000, D_loss=2.717480, reward=-6.834889
Epoch: 965: 2022-04-20 13:47:28.135220
Epoch 966/1000, D_loss=2.723381, reward=-6.827161
Epoch: 966: 2022-04-20 13:47:28.577045
Epoch 967/1000, D_loss=2.733901, reward=-6.812430
Epoch: 967: 2022-04-20 13:47:29.026237
Epoch 968/1000, D_loss=2.727282, reward=-6.821698
Epoch: 968: 2022-04-20 13:47:29.540951
Epoch 969/1000, D_loss=2.725291, reward=-6.828730
Epoch: 969: 2022-04-20 13:47:29.993515
Epoch 970/1000, D_loss=2.715333, reward=-6.831391
Test_MRR=0.142670, Test_MR=30.833333, Test_H@10=0.299157
Epoch: 970: 2022-04-20 13:47:31.570319
Epoch 971/1000, D_loss=2.722198, reward=-6.825160
Epoch: 971: 2022-04-20 13:47:32.046254
Epoch 972/1000, D_loss=2.717993, reward=-6.841440
Epoch: 972: 2022-04-20 13:47:32.490478
Epoch 973/1000, D_loss=2.711791, reward=-6.847014
Epoch: 973: 2022-04-20 13:47:32.937889
Epoch 974/1000, D_loss=2.708061, reward=-6.842527
Epoch: 974: 2022-04-20 13:47:33.390526
Epoch 975/1000, D_loss=2.723957, reward=-6.825604
Epoch: 975: 2022-04-20 13:47:33.847095
Epoch 976/1000, D_loss=2.707711, reward=-6.842978
Epoch: 976: 2022-04-20 13:47:34.297886
Epoch 977/1000, D_loss=2.724841, reward=-6.820981
Epoch: 977: 2022-04-20 13:47:34.748937
Epoch 978/1000, D_loss=2.733665, reward=-6.813517
Epoch: 978: 2022-04-20 13:47:35.195930
Epoch 979/1000, D_loss=2.708882, reward=-6.840198
Epoch: 979: 2022-04-20 13:47:35.641824
Epoch 980/1000, D_loss=2.721881, reward=-6.831547
Test_MRR=0.143219, Test_MR=31.245318, Test_H@10=0.288858
Epoch: 980: 2022-04-20 13:47:37.213611
Epoch 981/1000, D_loss=2.707006, reward=-6.845956
Epoch: 981: 2022-04-20 13:47:37.699900
Epoch 982/1000, D_loss=2.719154, reward=-6.830867
Epoch: 982: 2022-04-20 13:47:38.150950
Epoch 983/1000, D_loss=2.723724, reward=-6.822174
Epoch: 983: 2022-04-20 13:47:38.605383
Epoch 984/1000, D_loss=2.710414, reward=-6.838489
Epoch: 984: 2022-04-20 13:47:39.060912
Epoch 985/1000, D_loss=2.719743, reward=-6.826727
Epoch: 985: 2022-04-20 13:47:39.515368
Epoch 986/1000, D_loss=2.722564, reward=-6.825481
Epoch: 986: 2022-04-20 13:47:39.971098
Epoch 987/1000, D_loss=2.731418, reward=-6.819697
Epoch: 987: 2022-04-20 13:47:40.649426
Epoch 988/1000, D_loss=2.731466, reward=-6.825113
Epoch: 988: 2022-04-20 13:47:41.156790
Epoch 989/1000, D_loss=2.723541, reward=-6.833135
Epoch: 989: 2022-04-20 13:47:41.609314
Epoch 990/1000, D_loss=2.718297, reward=-6.835738
Test_MRR=0.142000, Test_MR=31.311330, Test_H@10=0.281835
Epoch: 990: 2022-04-20 13:47:43.175796
Epoch 991/1000, D_loss=2.707552, reward=-6.851906
Epoch: 991: 2022-04-20 13:47:43.649234
Epoch 992/1000, D_loss=2.722797, reward=-6.841894
Epoch: 992: 2022-04-20 13:47:44.093090
Epoch 993/1000, D_loss=2.713540, reward=-6.856365
Epoch: 993: 2022-04-20 13:47:44.534889
Epoch 994/1000, D_loss=2.715608, reward=-6.850889
Epoch: 994: 2022-04-20 13:47:44.980551
Epoch 995/1000, D_loss=2.720053, reward=-6.841239
Epoch: 995: 2022-04-20 13:47:45.431322
Epoch 996/1000, D_loss=2.722903, reward=-6.839654
Epoch: 996: 2022-04-20 13:47:45.883555
Epoch 997/1000, D_loss=2.737922, reward=-6.816484
Epoch: 997: 2022-04-20 13:47:46.331460
Epoch 998/1000, D_loss=2.726499, reward=-6.826093
Epoch: 998: 2022-04-20 13:47:46.779415
Epoch 999/1000, D_loss=2.720302, reward=-6.828284
Epoch: 999: 2022-04-20 13:47:47.224138
Epoch 1000/1000, D_loss=2.730982, reward=-6.816127
Test_MRR=0.139361, Test_MR=31.146067, Test_H@10=0.286985
Best Performance:
Test_MRR=0.240410, Test_MR=19.961359, Test_H@10=0.501397
