pretrain_config=TransE
g_config=ComplEx
d_config=TransE
test_batch_size=100
task.dir=fb15k
task.type=link
adv.use_pretrained_models=False
adv.n_sample=20
adv.sample_type=original
adv.measure_type=entropy
adv.n_epoch=1000
adv.n_batch=100
adv.epoch_per_test=10
adv.temperature=1.0
TransE.dim=50
TransE.margin=3
TransE.p=1
TransE.n_epoch=1000
TransE.n_batch=100
TransE.epoch_per_test=10
TransE.model_file=transe.mdl
TransD.dim=50
TransD.margin=3
TransD.p=1
TransD.n_epoch=1000
TransD.n_batch=100
TransD.epoch_per_test=10
TransD.model_file=transd.mdl
DistMult.dim=50
DistMult.lam=0.1
DistMult.n_sample=20
DistMult.sample_freq=1
DistMult.n_epoch=1000
DistMult.n_batch=100
DistMult.epoch_per_test=10
DistMult.model_file=distmult.mdl
ComplEx.dim=25
ComplEx.lam=0.1
ComplEx.n_sample=20
ComplEx.sample_freq=1
ComplEx.n_epoch=1000
ComplEx.n_batch=100
ComplEx.epoch_per_test=10
ComplEx.model_file=complex.mdl
log.dump_config=False
log.log_train=True
log.log_config=True
log.dir=./logs
log.log_advtrain_graphs=True
log.log_pretrain_graph=True
log.graph_every_nth_epoch=10
2022-04-20 23:53:25.832980
Test_MRR=0.004351, Test_MR=7386.735429, Test_H@10=0.004308
Epoch: 0: 2022-04-21 00:04:55.879541
Epoch 1/1000, D_loss=2.761890, reward=-9.408066
Epoch: 1: 2022-04-21 00:05:06.840654
Epoch 2/1000, D_loss=2.356956, reward=-8.897045
Epoch: 2: 2022-04-21 00:05:17.614165
Epoch 3/1000, D_loss=2.045489, reward=-8.472612
Epoch: 3: 2022-04-21 00:05:28.523015
Epoch 4/1000, D_loss=1.762195, reward=-8.141541
Epoch: 4: 2022-04-21 00:05:39.136640
Epoch 5/1000, D_loss=1.505851, reward=-7.904199
Epoch: 5: 2022-04-21 00:05:50.642608
Epoch 6/1000, D_loss=1.279184, reward=-7.749607
Epoch: 6: 2022-04-21 00:06:01.696010
Epoch 7/1000, D_loss=1.078121, reward=-7.663932
Epoch: 7: 2022-04-21 00:06:12.876394
Epoch 8/1000, D_loss=0.906540, reward=-7.622088
Epoch: 8: 2022-04-21 00:06:23.487399
Epoch 9/1000, D_loss=0.769077, reward=-7.606487
Epoch: 9: 2022-04-21 00:06:34.422968
Epoch 10/1000, D_loss=0.657870, reward=-7.609337
Test_MRR=0.197360, Test_MR=764.072580, Test_H@10=0.346630
Epoch: 10: 2022-04-21 00:14:30.681966
Epoch 11/1000, D_loss=0.574143, reward=-7.613303
Epoch: 11: 2022-04-21 00:14:41.547923
Epoch 12/1000, D_loss=0.506623, reward=-7.626351
Epoch: 12: 2022-04-21 00:14:51.732435
Epoch 13/1000, D_loss=0.455871, reward=-7.635844
Epoch: 13: 2022-04-21 00:15:02.301845
Epoch 14/1000, D_loss=0.413273, reward=-7.655259
Epoch: 14: 2022-04-21 00:15:12.573435
Epoch 15/1000, D_loss=0.379650, reward=-7.672586
Epoch: 15: 2022-04-21 00:15:23.268449
Epoch 16/1000, D_loss=0.355857, reward=-7.688245
Epoch: 16: 2022-04-21 00:15:34.231076
Epoch 17/1000, D_loss=0.331629, reward=-7.709696
Epoch: 17: 2022-04-21 00:15:45.136642
Epoch 18/1000, D_loss=0.313331, reward=-7.727491
Epoch: 18: 2022-04-21 00:15:55.706562
Epoch 19/1000, D_loss=0.296706, reward=-7.748591
Epoch: 19: 2022-04-21 00:16:06.687855
Epoch 20/1000, D_loss=0.286060, reward=-7.762129
Test_MRR=0.253780, Test_MR=282.948460, Test_H@10=0.424580
Epoch: 20: 2022-04-21 00:23:38.571395
Epoch 21/1000, D_loss=0.273581, reward=-7.782284
Epoch: 21: 2022-04-21 00:23:48.977834
Epoch 22/1000, D_loss=0.263641, reward=-7.796871
Epoch: 22: 2022-04-21 00:23:59.315716
Epoch 23/1000, D_loss=0.256366, reward=-7.813408
Epoch: 23: 2022-04-21 00:24:09.785436
Epoch 24/1000, D_loss=0.248156, reward=-7.827842
Epoch: 24: 2022-04-21 00:24:20.499308
Epoch 25/1000, D_loss=0.243422, reward=-7.840422
Epoch: 25: 2022-04-21 00:24:31.345079
Epoch 26/1000, D_loss=0.236050, reward=-7.852713
Epoch: 26: 2022-04-21 00:24:42.309329
Epoch 27/1000, D_loss=0.232310, reward=-7.864800
Epoch: 27: 2022-04-21 00:24:53.330543
Epoch 28/1000, D_loss=0.227997, reward=-7.878240
Epoch: 28: 2022-04-21 00:25:03.585120
Epoch 29/1000, D_loss=0.223247, reward=-7.889319
Epoch: 29: 2022-04-21 00:25:14.023823
Epoch 30/1000, D_loss=0.219516, reward=-7.897149
Test_MRR=0.277978, Test_MR=204.104680, Test_H@10=0.462260
Epoch: 30: 2022-04-21 00:32:51.743128
Epoch 31/1000, D_loss=0.216675, reward=-7.908537
Epoch: 31: 2022-04-21 00:33:02.556806
Epoch 32/1000, D_loss=0.212652, reward=-7.920851
Epoch: 32: 2022-04-21 00:33:13.445182
Epoch 33/1000, D_loss=0.209437, reward=-7.928288
Epoch: 33: 2022-04-21 00:33:24.577915
Epoch 34/1000, D_loss=0.208043, reward=-7.935346
Epoch: 34: 2022-04-21 00:33:35.581124
Epoch 35/1000, D_loss=0.206305, reward=-7.941288
Epoch: 35: 2022-04-21 00:33:46.641678
Epoch 36/1000, D_loss=0.204379, reward=-7.949482
Epoch: 36: 2022-04-21 00:33:57.499824
Epoch 37/1000, D_loss=0.203206, reward=-7.958004
Epoch: 37: 2022-04-21 00:34:08.206259
Epoch 38/1000, D_loss=0.201803, reward=-7.962512
Epoch: 38: 2022-04-21 00:34:19.213579
Epoch 39/1000, D_loss=0.201281, reward=-7.970288
Epoch: 39: 2022-04-21 00:34:29.457977
Epoch 40/1000, D_loss=0.202522, reward=-7.969860
Test_MRR=0.292172, Test_MR=168.507420, Test_H@10=0.483050
Epoch: 40: 2022-04-21 00:42:07.072759
Epoch 41/1000, D_loss=0.204170, reward=-7.972179
Epoch: 41: 2022-04-21 00:42:18.834735
Epoch 42/1000, D_loss=0.204323, reward=-7.978584
Epoch: 42: 2022-04-21 00:42:29.797673
Epoch 43/1000, D_loss=0.205083, reward=-7.979021
Epoch: 43: 2022-04-21 00:42:40.422249
Epoch 44/1000, D_loss=0.208325, reward=-7.977043
Epoch: 44: 2022-04-21 00:42:51.234964
Epoch 45/1000, D_loss=0.209763, reward=-7.979882
Epoch: 45: 2022-04-21 00:43:02.152042
Epoch 46/1000, D_loss=0.212742, reward=-7.978642
Epoch: 46: 2022-04-21 00:43:13.317610
Epoch 47/1000, D_loss=0.215995, reward=-7.979519
Epoch: 47: 2022-04-21 00:43:23.759405
Epoch 48/1000, D_loss=0.217055, reward=-7.983031
Epoch: 48: 2022-04-21 00:43:34.270838
Epoch 49/1000, D_loss=0.219118, reward=-7.986056
Epoch: 49: 2022-04-21 00:43:44.575226
Epoch 50/1000, D_loss=0.224301, reward=-7.979153
Test_MRR=0.294770, Test_MR=154.278520, Test_H@10=0.490330
Epoch: 50: 2022-04-21 00:51:10.725531
Epoch 51/1000, D_loss=0.226925, reward=-7.980013
Epoch: 51: 2022-04-21 00:51:21.395876
Epoch 52/1000, D_loss=0.231608, reward=-7.972298
Epoch: 52: 2022-04-21 00:51:32.195480
Epoch 53/1000, D_loss=0.238573, reward=-7.967893
Epoch: 53: 2022-04-21 00:51:42.602695
Epoch 54/1000, D_loss=0.244773, reward=-7.961249
Epoch: 54: 2022-04-21 00:51:53.189297
Epoch 55/1000, D_loss=0.252430, reward=-7.952908
Epoch: 55: 2022-04-21 00:52:03.772111
Epoch 56/1000, D_loss=0.261556, reward=-7.939691
Epoch: 56: 2022-04-21 00:52:14.615485
Epoch 57/1000, D_loss=0.271656, reward=-7.925029
Epoch: 57: 2022-04-21 00:52:25.238702
Epoch 58/1000, D_loss=0.285056, reward=-7.906122
Epoch: 58: 2022-04-21 00:52:35.666177
Epoch 59/1000, D_loss=0.297648, reward=-7.888671
Epoch: 59: 2022-04-21 00:52:46.388744
Epoch 60/1000, D_loss=0.310559, reward=-7.869823
Test_MRR=0.294526, Test_MR=153.086040, Test_H@10=0.490730
Epoch: 60: 2022-04-21 01:00:26.561664
Epoch 61/1000, D_loss=0.324938, reward=-7.851028
Epoch: 61: 2022-04-21 01:00:36.727468
Epoch 62/1000, D_loss=0.340260, reward=-7.828403
Epoch: 62: 2022-04-21 01:00:47.747218
Epoch 63/1000, D_loss=0.355072, reward=-7.809333
Epoch: 63: 2022-04-21 01:00:58.663904
Epoch 64/1000, D_loss=0.368672, reward=-7.796890
Epoch: 64: 2022-04-21 01:01:09.521027
Epoch 65/1000, D_loss=0.383141, reward=-7.777416
Epoch: 65: 2022-04-21 01:01:20.114863
Epoch 66/1000, D_loss=0.396633, reward=-7.766606
Epoch: 66: 2022-04-21 01:01:30.504106
Epoch 67/1000, D_loss=0.408374, reward=-7.755971
Epoch: 67: 2022-04-21 01:01:41.547823
Epoch 68/1000, D_loss=0.419651, reward=-7.746184
Epoch: 68: 2022-04-21 01:01:52.119712
Epoch 69/1000, D_loss=0.430442, reward=-7.740188
Epoch: 69: 2022-04-21 01:02:02.358249
Epoch 70/1000, D_loss=0.438222, reward=-7.738873
Test_MRR=0.296156, Test_MR=155.551220, Test_H@10=0.494220
Epoch: 70: 2022-04-21 01:09:24.750766
Epoch 71/1000, D_loss=0.447687, reward=-7.734927
Epoch: 71: 2022-04-21 01:09:35.300994
Epoch 72/1000, D_loss=0.455526, reward=-7.737023
Epoch: 72: 2022-04-21 01:09:45.935232
Epoch 73/1000, D_loss=0.463287, reward=-7.735022
Epoch: 73: 2022-04-21 01:09:56.737414
Epoch 74/1000, D_loss=0.469156, reward=-7.738776
Epoch: 74: 2022-04-21 01:10:07.643321
Epoch 75/1000, D_loss=0.473619, reward=-7.737953
Epoch: 75: 2022-04-21 01:10:18.340790
Epoch 76/1000, D_loss=0.481559, reward=-7.739794
Epoch: 76: 2022-04-21 01:10:29.390433
Epoch 77/1000, D_loss=0.483931, reward=-7.743576
Epoch: 77: 2022-04-21 01:10:39.859390
Epoch 78/1000, D_loss=0.490172, reward=-7.748676
Epoch: 78: 2022-04-21 01:10:50.634953
Epoch 79/1000, D_loss=0.492381, reward=-7.753811
Epoch: 79: 2022-04-21 01:11:00.979364
Epoch 80/1000, D_loss=0.495534, reward=-7.761366
Test_MRR=0.304526, Test_MR=167.967940, Test_H@10=0.511270
Epoch: 80: 2022-04-21 01:18:40.147865
Epoch 81/1000, D_loss=0.502105, reward=-7.759037
Epoch: 81: 2022-04-21 01:18:50.373726
Epoch 82/1000, D_loss=0.504958, reward=-7.768049
Epoch: 82: 2022-04-21 01:19:01.143509
Epoch 83/1000, D_loss=0.507360, reward=-7.771151
Epoch: 83: 2022-04-21 01:19:11.795351
Epoch 84/1000, D_loss=0.514643, reward=-7.770391
Epoch: 84: 2022-04-21 01:19:22.622177
Epoch 85/1000, D_loss=0.518711, reward=-7.772036
Epoch: 85: 2022-04-21 01:19:33.686994
Epoch 86/1000, D_loss=0.520455, reward=-7.779157
Epoch: 86: 2022-04-21 01:19:44.237258
Epoch 87/1000, D_loss=0.524803, reward=-7.782543
Epoch: 87: 2022-04-21 01:19:54.718358
Epoch 88/1000, D_loss=0.525273, reward=-7.788447
Epoch: 88: 2022-04-21 01:20:05.565642
Epoch 89/1000, D_loss=0.529552, reward=-7.791285
Epoch: 89: 2022-04-21 01:20:16.089365
Epoch 90/1000, D_loss=0.534921, reward=-7.791182
Test_MRR=0.312183, Test_MR=192.398600, Test_H@10=0.523040
Epoch: 90: 2022-04-21 01:27:42.805053
Epoch 91/1000, D_loss=0.537398, reward=-7.794093
Epoch: 91: 2022-04-21 01:27:53.729991
Epoch 92/1000, D_loss=0.540129, reward=-7.795655
Epoch: 92: 2022-04-21 01:28:05.104468
Epoch 93/1000, D_loss=0.545308, reward=-7.796725
Epoch: 93: 2022-04-21 01:28:16.405795
Epoch 94/1000, D_loss=0.550727, reward=-7.792794
Epoch: 94: 2022-04-21 01:28:27.586588
Epoch 95/1000, D_loss=0.555089, reward=-7.795964
Epoch: 95: 2022-04-21 01:28:38.794504
Epoch 96/1000, D_loss=0.556626, reward=-7.797378
Epoch: 96: 2022-04-21 01:28:49.549566
Epoch 97/1000, D_loss=0.559584, reward=-7.802428
Epoch: 97: 2022-04-21 01:29:00.649291
Epoch 98/1000, D_loss=0.563290, reward=-7.800398
Epoch: 98: 2022-04-21 01:29:11.688941
Epoch 99/1000, D_loss=0.567161, reward=-7.799775
Epoch: 99: 2022-04-21 01:29:22.891942
Epoch 100/1000, D_loss=0.570437, reward=-7.801188
Test_MRR=0.313994, Test_MR=220.212320, Test_H@10=0.532030
Epoch: 100: 2022-04-21 01:36:47.624750
Epoch 101/1000, D_loss=0.573514, reward=-7.804016
Epoch: 101: 2022-04-21 01:36:58.286256
Epoch 102/1000, D_loss=0.577972, reward=-7.802293
Epoch: 102: 2022-04-21 01:37:08.584039
Epoch 103/1000, D_loss=0.578680, reward=-7.806653
Epoch: 103: 2022-04-21 01:37:19.817480
Epoch 104/1000, D_loss=0.580849, reward=-7.807200
Epoch: 104: 2022-04-21 01:37:30.334332
Epoch 105/1000, D_loss=0.585754, reward=-7.804198
Epoch: 105: 2022-04-21 01:37:41.402181
Epoch 106/1000, D_loss=0.589323, reward=-7.803492
Epoch: 106: 2022-04-21 01:37:52.316408
Epoch 107/1000, D_loss=0.591150, reward=-7.806429
Epoch: 107: 2022-04-21 01:38:03.173186
Epoch 108/1000, D_loss=0.591240, reward=-7.810401
Epoch: 108: 2022-04-21 01:38:13.783551
Epoch 109/1000, D_loss=0.595791, reward=-7.808995
Epoch: 109: 2022-04-21 01:38:24.957463
Epoch 110/1000, D_loss=0.601436, reward=-7.804950
Test_MRR=0.318327, Test_MR=247.248140, Test_H@10=0.545300
Epoch: 110: 2022-04-21 01:46:04.060004
Epoch 111/1000, D_loss=0.602167, reward=-7.809489
Epoch: 111: 2022-04-21 01:46:14.262425
Epoch 112/1000, D_loss=0.603091, reward=-7.812410
Epoch: 112: 2022-04-21 01:46:24.660383
Epoch 113/1000, D_loss=0.604621, reward=-7.814567
Epoch: 113: 2022-04-21 01:46:35.670733
Epoch 114/1000, D_loss=0.608211, reward=-7.813074
Epoch: 114: 2022-04-21 01:46:46.230008
Epoch 115/1000, D_loss=0.608651, reward=-7.817099
Epoch: 115: 2022-04-21 01:46:57.207969
Epoch 116/1000, D_loss=0.609815, reward=-7.817752
Epoch: 116: 2022-04-21 01:47:07.876098
Epoch 117/1000, D_loss=0.610451, reward=-7.819654
Epoch: 117: 2022-04-21 01:47:18.395166
Epoch 118/1000, D_loss=0.611604, reward=-7.823573
Epoch: 118: 2022-04-21 01:47:29.115564
Epoch 119/1000, D_loss=0.614720, reward=-7.824220
Epoch: 119: 2022-04-21 01:47:39.495623
Epoch 120/1000, D_loss=0.615801, reward=-7.825417
Test_MRR=0.321915, Test_MR=268.768560, Test_H@10=0.555240
Epoch: 120: 2022-04-21 01:55:11.132260
Epoch 121/1000, D_loss=0.617930, reward=-7.825202
Epoch: 121: 2022-04-21 01:55:21.522756
Epoch 122/1000, D_loss=0.619830, reward=-7.826048
Epoch: 122: 2022-04-21 01:55:32.210804
Epoch 123/1000, D_loss=0.617715, reward=-7.832870
Epoch: 123: 2022-04-21 01:55:42.824889
Epoch 124/1000, D_loss=0.622483, reward=-7.827976
Epoch: 124: 2022-04-21 01:55:53.673813
Epoch 125/1000, D_loss=0.623778, reward=-7.829618
Epoch: 125: 2022-04-21 01:56:04.166501
Epoch 126/1000, D_loss=0.626113, reward=-7.831191
Epoch: 126: 2022-04-21 01:56:14.921709
Epoch 127/1000, D_loss=0.622612, reward=-7.838655
Epoch: 127: 2022-04-21 01:56:25.061885
Epoch 128/1000, D_loss=0.626235, reward=-7.837422
Epoch: 128: 2022-04-21 01:56:35.980313
Epoch 129/1000, D_loss=0.627531, reward=-7.838010
Epoch: 129: 2022-04-21 01:56:46.477525
Epoch 130/1000, D_loss=0.626584, reward=-7.841902
Test_MRR=0.326615, Test_MR=284.449720, Test_H@10=0.561100
Epoch: 130: 2022-04-21 02:04:34.131989
Epoch 131/1000, D_loss=0.631465, reward=-7.837856
Epoch: 131: 2022-04-21 02:04:44.813270
Epoch 132/1000, D_loss=0.629204, reward=-7.843631
Epoch: 132: 2022-04-21 02:04:55.463192
Epoch 133/1000, D_loss=0.632001, reward=-7.845132
Epoch: 133: 2022-04-21 02:05:06.376678
Epoch 134/1000, D_loss=0.632320, reward=-7.844681
Epoch: 134: 2022-04-21 02:05:17.544897
Epoch 135/1000, D_loss=0.634172, reward=-7.845689
Epoch: 135: 2022-04-21 02:05:27.895075
Epoch 136/1000, D_loss=0.634788, reward=-7.847842
Epoch: 136: 2022-04-21 02:05:38.607277
Epoch 137/1000, D_loss=0.633504, reward=-7.853406
Epoch: 137: 2022-04-21 02:05:49.639647
Epoch 138/1000, D_loss=0.636824, reward=-7.852710
Epoch: 138: 2022-04-21 02:06:00.293407
Epoch 139/1000, D_loss=0.640319, reward=-7.847604
Epoch: 139: 2022-04-21 02:06:10.582927
Epoch 140/1000, D_loss=0.639078, reward=-7.855671
Test_MRR=0.328487, Test_MR=308.769070, Test_H@10=0.569480
Epoch: 140: 2022-04-21 02:13:46.386439
Epoch 141/1000, D_loss=0.641383, reward=-7.854578
Epoch: 141: 2022-04-21 02:13:57.015311
Epoch 142/1000, D_loss=0.638904, reward=-7.858989
Epoch: 142: 2022-04-21 02:14:08.063590
Epoch 143/1000, D_loss=0.640669, reward=-7.859653
Epoch: 143: 2022-04-21 02:14:19.109826
Epoch 144/1000, D_loss=0.642047, reward=-7.859094
Epoch: 144: 2022-04-21 02:14:30.102556
Epoch 145/1000, D_loss=0.644310, reward=-7.856648
Epoch: 145: 2022-04-21 02:14:40.855504
Epoch 146/1000, D_loss=0.645388, reward=-7.858262
Epoch: 146: 2022-04-21 02:14:52.509954
Epoch 147/1000, D_loss=0.644078, reward=-7.863176
Epoch: 147: 2022-04-21 02:15:03.443873
Epoch 148/1000, D_loss=0.647243, reward=-7.858954
Epoch: 148: 2022-04-21 02:15:14.305033
Epoch 149/1000, D_loss=0.648278, reward=-7.859518
Epoch: 149: 2022-04-21 02:15:25.360683
Epoch 150/1000, D_loss=0.648462, reward=-7.861450
Test_MRR=0.333255, Test_MR=325.149430, Test_H@10=0.575370
Epoch: 150: 2022-04-21 02:22:59.767345
Epoch 151/1000, D_loss=0.647508, reward=-7.864138
Epoch: 151: 2022-04-21 02:23:10.220622
Epoch 152/1000, D_loss=0.647725, reward=-7.866129
Epoch: 152: 2022-04-21 02:23:20.771771
Epoch 153/1000, D_loss=0.649399, reward=-7.866000
Epoch: 153: 2022-04-21 02:23:31.768573
Epoch 154/1000, D_loss=0.650811, reward=-7.867750
Epoch: 154: 2022-04-21 02:23:42.634362
Epoch 155/1000, D_loss=0.650954, reward=-7.868187
Epoch: 155: 2022-04-21 02:23:53.253834
Epoch 156/1000, D_loss=0.652337, reward=-7.866749
Epoch: 156: 2022-04-21 02:24:04.136998
Epoch 157/1000, D_loss=0.653774, reward=-7.865389
Epoch: 157: 2022-04-21 02:24:15.010032
Epoch 158/1000, D_loss=0.654269, reward=-7.865965
Epoch: 158: 2022-04-21 02:24:25.213982
Epoch 159/1000, D_loss=0.652552, reward=-7.871126
Epoch: 159: 2022-04-21 02:24:35.903490
Epoch 160/1000, D_loss=0.654191, reward=-7.869829
Test_MRR=0.337673, Test_MR=338.845010, Test_H@10=0.578270
Epoch: 160: 2022-04-21 02:32:17.130728
Epoch 161/1000, D_loss=0.656895, reward=-7.868955
Epoch: 161: 2022-04-21 02:32:28.537257
Epoch 162/1000, D_loss=0.656385, reward=-7.870713
Epoch: 162: 2022-04-21 02:32:39.356293
Epoch 163/1000, D_loss=0.657960, reward=-7.869289
Epoch: 163: 2022-04-21 02:32:49.895978
Epoch 164/1000, D_loss=0.657945, reward=-7.870493
Epoch: 164: 2022-04-21 02:33:00.530452
Epoch 165/1000, D_loss=0.659570, reward=-7.869693
Epoch: 165: 2022-04-21 02:33:11.654706
Epoch 166/1000, D_loss=0.659978, reward=-7.870044
Epoch: 166: 2022-04-21 02:33:21.957924
Epoch 167/1000, D_loss=0.659042, reward=-7.872340
Epoch: 167: 2022-04-21 02:33:32.422650
Epoch 168/1000, D_loss=0.658483, reward=-7.875377
Epoch: 168: 2022-04-21 02:33:42.990674
Epoch 169/1000, D_loss=0.659347, reward=-7.874477
Epoch: 169: 2022-04-21 02:33:53.762689
Epoch 170/1000, D_loss=0.660229, reward=-7.875566
Test_MRR=0.340375, Test_MR=347.128600, Test_H@10=0.582700
Epoch: 170: 2022-04-21 02:41:26.905216
Epoch 171/1000, D_loss=0.661089, reward=-7.875548
Epoch: 171: 2022-04-21 02:41:38.122708
Epoch 172/1000, D_loss=0.662788, reward=-7.874239
Epoch: 172: 2022-04-21 02:41:48.466698
Epoch 173/1000, D_loss=0.661976, reward=-7.875195
Epoch: 173: 2022-04-21 02:41:59.736956
Epoch 174/1000, D_loss=0.664462, reward=-7.871775
Epoch: 174: 2022-04-21 02:42:10.401449
Epoch 175/1000, D_loss=0.663477, reward=-7.875180
Epoch: 175: 2022-04-21 02:42:21.130851
Epoch 176/1000, D_loss=0.663823, reward=-7.876001
Epoch: 176: 2022-04-21 02:42:31.493220
Epoch 177/1000, D_loss=0.664468, reward=-7.876614
Epoch: 177: 2022-04-21 02:42:42.461412
Epoch 178/1000, D_loss=0.666171, reward=-7.875462
Epoch: 178: 2022-04-21 02:42:53.234507
Epoch 179/1000, D_loss=0.664790, reward=-7.878547
Epoch: 179: 2022-04-21 02:43:04.538430
Epoch 180/1000, D_loss=0.663596, reward=-7.880530
Test_MRR=0.344489, Test_MR=353.698900, Test_H@10=0.585000
Epoch: 180: 2022-04-21 02:50:47.434661
Epoch 181/1000, D_loss=0.668323, reward=-7.874053
Epoch: 181: 2022-04-21 02:50:57.883045
Epoch 182/1000, D_loss=0.668254, reward=-7.875719
Epoch: 182: 2022-04-21 02:51:08.468387
Epoch 183/1000, D_loss=0.670731, reward=-7.870535
Epoch: 183: 2022-04-21 02:51:19.458089
Epoch 184/1000, D_loss=0.667031, reward=-7.878447
Epoch: 184: 2022-04-21 02:51:30.460397
Epoch 185/1000, D_loss=0.666420, reward=-7.881799
Epoch: 185: 2022-04-21 02:51:41.361030
Epoch 186/1000, D_loss=0.668987, reward=-7.878718
Epoch: 186: 2022-04-21 02:51:52.077825
Epoch 187/1000, D_loss=0.670642, reward=-7.879363
Epoch: 187: 2022-04-21 02:52:03.136767
Epoch 188/1000, D_loss=0.670250, reward=-7.879308
Epoch: 188: 2022-04-21 02:52:13.844236
Epoch 189/1000, D_loss=0.672289, reward=-7.876855
Epoch: 189: 2022-04-21 02:52:25.076055
Epoch 190/1000, D_loss=0.671705, reward=-7.878288
Test_MRR=0.346042, Test_MR=360.920160, Test_H@10=0.588150
Epoch: 190: 2022-04-21 02:59:51.252515
Epoch 191/1000, D_loss=0.673921, reward=-7.876190
Epoch: 191: 2022-04-21 03:00:02.060111
Epoch 192/1000, D_loss=0.670394, reward=-7.880892
Epoch: 192: 2022-04-21 03:00:12.837473
Epoch 193/1000, D_loss=0.672868, reward=-7.878099
Epoch: 193: 2022-04-21 03:00:23.302609
Epoch 194/1000, D_loss=0.671869, reward=-7.879303
Epoch: 194: 2022-04-21 03:00:34.646569
Epoch 195/1000, D_loss=0.672770, reward=-7.878650
Epoch: 195: 2022-04-21 03:00:45.584238
Epoch 196/1000, D_loss=0.676559, reward=-7.876353
Epoch: 196: 2022-04-21 03:00:56.919803
Epoch 197/1000, D_loss=0.673162, reward=-7.878491
Epoch: 197: 2022-04-21 03:01:08.150471
Epoch 198/1000, D_loss=0.672514, reward=-7.882575
Epoch: 198: 2022-04-21 03:01:19.115477
Epoch 199/1000, D_loss=0.675089, reward=-7.879170
Epoch: 199: 2022-04-21 03:01:30.144449
Epoch 200/1000, D_loss=0.677439, reward=-7.875733
Test_MRR=0.347474, Test_MR=366.978470, Test_H@10=0.590310
Epoch: 200: 2022-04-21 03:08:58.074680
Epoch 201/1000, D_loss=0.675982, reward=-7.879273
Epoch: 201: 2022-04-21 03:09:09.157366
Epoch 202/1000, D_loss=0.677603, reward=-7.878318
Epoch: 202: 2022-04-21 03:09:19.822129
Epoch 203/1000, D_loss=0.675476, reward=-7.878378
Epoch: 203: 2022-04-21 03:09:30.028830
Epoch 204/1000, D_loss=0.677051, reward=-7.877060
Epoch: 204: 2022-04-21 03:09:40.159626
Epoch 205/1000, D_loss=0.678883, reward=-7.876067
Epoch: 205: 2022-04-21 03:09:51.213383
Epoch 206/1000, D_loss=0.679409, reward=-7.874178
Epoch: 206: 2022-04-21 03:10:02.184604
Epoch 207/1000, D_loss=0.680343, reward=-7.873427
Epoch: 207: 2022-04-21 03:10:12.495265
Epoch 208/1000, D_loss=0.680503, reward=-7.873695
Epoch: 208: 2022-04-21 03:10:22.852193
Epoch 209/1000, D_loss=0.680225, reward=-7.876013
Epoch: 209: 2022-04-21 03:10:33.636401
Epoch 210/1000, D_loss=0.680897, reward=-7.875025
Test_MRR=0.349330, Test_MR=364.971160, Test_H@10=0.594080
Epoch: 210: 2022-04-21 03:18:16.755130
Epoch 211/1000, D_loss=0.681110, reward=-7.873923
Epoch: 211: 2022-04-21 03:18:27.283819
Epoch 212/1000, D_loss=0.681069, reward=-7.875205
Epoch: 212: 2022-04-21 03:18:37.770225
Epoch 213/1000, D_loss=0.681830, reward=-7.874780
Epoch: 213: 2022-04-21 03:18:48.188293
Epoch 214/1000, D_loss=0.680373, reward=-7.873980
Epoch: 214: 2022-04-21 03:18:58.506434
Epoch 215/1000, D_loss=0.683958, reward=-7.871951
Epoch: 215: 2022-04-21 03:19:08.900001
Epoch 216/1000, D_loss=0.682019, reward=-7.875895
Epoch: 216: 2022-04-21 03:19:19.249206
Epoch 217/1000, D_loss=0.681036, reward=-7.873964
Epoch: 217: 2022-04-21 03:19:30.123553
Epoch 218/1000, D_loss=0.684661, reward=-7.873324
Epoch: 218: 2022-04-21 03:19:40.501848
Epoch 219/1000, D_loss=0.682184, reward=-7.875318
Epoch: 219: 2022-04-21 03:19:51.150210
Epoch 220/1000, D_loss=0.683488, reward=-7.873574
Test_MRR=0.351266, Test_MR=371.607890, Test_H@10=0.596390
Epoch: 220: 2022-04-21 03:27:18.225246
Epoch 221/1000, D_loss=0.682818, reward=-7.874103
Epoch: 221: 2022-04-21 03:27:28.782282
Epoch 222/1000, D_loss=0.685792, reward=-7.872000
Epoch: 222: 2022-04-21 03:27:39.445139
Epoch 223/1000, D_loss=0.686902, reward=-7.867877
Epoch: 223: 2022-04-21 03:27:50.293094
Epoch 224/1000, D_loss=0.683447, reward=-7.874522
Epoch: 224: 2022-04-21 03:28:01.345859
Epoch 225/1000, D_loss=0.686487, reward=-7.871751
Epoch: 225: 2022-04-21 03:28:12.109495
Epoch 226/1000, D_loss=0.686509, reward=-7.871478
Epoch: 226: 2022-04-21 03:28:22.867349
Epoch 227/1000, D_loss=0.685352, reward=-7.872161
Epoch: 227: 2022-04-21 03:28:34.069910
Epoch 228/1000, D_loss=0.688187, reward=-7.869704
Epoch: 228: 2022-04-21 03:28:44.991261
Epoch 229/1000, D_loss=0.684778, reward=-7.873406
Epoch: 229: 2022-04-21 03:28:55.851631
Epoch 230/1000, D_loss=0.685476, reward=-7.872723
Test_MRR=0.353050, Test_MR=373.096920, Test_H@10=0.597940
Epoch: 230: 2022-04-21 03:36:31.472281
Epoch 231/1000, D_loss=0.687564, reward=-7.870165
Epoch: 231: 2022-04-21 03:36:42.177550
Epoch 232/1000, D_loss=0.688632, reward=-7.868316
Epoch: 232: 2022-04-21 03:36:53.229535
Epoch 233/1000, D_loss=0.686073, reward=-7.871733
Epoch: 233: 2022-04-21 03:37:03.739845
Epoch 234/1000, D_loss=0.689185, reward=-7.868743
Epoch: 234: 2022-04-21 03:37:14.237338
Epoch 235/1000, D_loss=0.690281, reward=-7.868782
Epoch: 235: 2022-04-21 03:37:25.427455
Epoch 236/1000, D_loss=0.688436, reward=-7.871374
Epoch: 236: 2022-04-21 03:37:36.104467
Epoch 237/1000, D_loss=0.689089, reward=-7.873386
Epoch: 237: 2022-04-21 03:37:46.677177
Epoch 238/1000, D_loss=0.689543, reward=-7.870600
Epoch: 238: 2022-04-21 03:37:57.609789
Epoch 239/1000, D_loss=0.690759, reward=-7.867958
Epoch: 239: 2022-04-21 03:38:08.135726
Epoch 240/1000, D_loss=0.692381, reward=-7.866898
Test_MRR=0.354597, Test_MR=376.060360, Test_H@10=0.599930
Epoch: 240: 2022-04-21 03:45:35.427883
Epoch 241/1000, D_loss=0.690303, reward=-7.869280
Epoch: 241: 2022-04-21 03:45:45.668664
Epoch 242/1000, D_loss=0.691390, reward=-7.866282
Epoch: 242: 2022-04-21 03:45:56.194176
Epoch 243/1000, D_loss=0.689775, reward=-7.868056
Epoch: 243: 2022-04-21 03:46:07.105442
Epoch 244/1000, D_loss=0.691904, reward=-7.866234
Epoch: 244: 2022-04-21 03:46:17.296064
Epoch 245/1000, D_loss=0.691807, reward=-7.867422
Epoch: 245: 2022-04-21 03:46:27.956538
Epoch 246/1000, D_loss=0.692656, reward=-7.865697
Epoch: 246: 2022-04-21 03:46:43.659000
Epoch 247/1000, D_loss=0.692297, reward=-7.867668
Epoch: 247: 2022-04-21 03:46:54.730224
Epoch 248/1000, D_loss=0.694814, reward=-7.862440
Epoch: 248: 2022-04-21 03:47:05.612975
Epoch 249/1000, D_loss=0.693496, reward=-7.865292
Epoch: 249: 2022-04-21 03:47:16.933184
Epoch 250/1000, D_loss=0.694654, reward=-7.864042
Test_MRR=0.356823, Test_MR=378.525630, Test_H@10=0.602150
Epoch: 250: 2022-04-21 03:54:55.549080
Epoch 251/1000, D_loss=0.694561, reward=-7.863017
Epoch: 251: 2022-04-21 03:55:05.929709
Epoch 252/1000, D_loss=0.693704, reward=-7.864700
Epoch: 252: 2022-04-21 03:55:16.493453
Epoch 253/1000, D_loss=0.692228, reward=-7.866143
Epoch: 253: 2022-04-21 03:55:27.139367
Epoch 254/1000, D_loss=0.694621, reward=-7.860517
Epoch: 254: 2022-04-21 03:55:37.870604
Epoch 255/1000, D_loss=0.694082, reward=-7.864256
Epoch: 255: 2022-04-21 03:55:48.192642
Epoch 256/1000, D_loss=0.695742, reward=-7.861054
Epoch: 256: 2022-04-21 03:55:58.708611
Epoch 257/1000, D_loss=0.693479, reward=-7.863012
Epoch: 257: 2022-04-21 03:56:09.084380
Epoch 258/1000, D_loss=0.697328, reward=-7.857825
Epoch: 258: 2022-04-21 03:56:19.994606
Epoch 259/1000, D_loss=0.694082, reward=-7.861736
Epoch: 259: 2022-04-21 03:56:30.879504
Epoch 260/1000, D_loss=0.694488, reward=-7.863352
Test_MRR=0.358224, Test_MR=377.305610, Test_H@10=0.603710
Epoch: 260: 2022-04-21 04:04:06.613025
Epoch 261/1000, D_loss=0.696937, reward=-7.861227
Epoch: 261: 2022-04-21 04:04:17.688289
Epoch 262/1000, D_loss=0.699464, reward=-7.856844
Epoch: 262: 2022-04-21 04:04:28.687296
Epoch 263/1000, D_loss=0.695461, reward=-7.860377
Epoch: 263: 2022-04-21 04:04:39.314100
Epoch 264/1000, D_loss=0.699162, reward=-7.854758
Epoch: 264: 2022-04-21 04:04:50.319277
Epoch 265/1000, D_loss=0.697545, reward=-7.857976
Epoch: 265: 2022-04-21 04:05:01.216242
Epoch 266/1000, D_loss=0.695053, reward=-7.861400
Epoch: 266: 2022-04-21 04:05:12.698498
Epoch 267/1000, D_loss=0.697365, reward=-7.856682
Epoch: 267: 2022-04-21 04:05:23.299871
Epoch 268/1000, D_loss=0.697590, reward=-7.857528
Epoch: 268: 2022-04-21 04:05:33.920502
Epoch 269/1000, D_loss=0.698806, reward=-7.855739
Epoch: 269: 2022-04-21 04:05:44.501003
Epoch 270/1000, D_loss=0.698822, reward=-7.857060
Test_MRR=0.358290, Test_MR=378.801990, Test_H@10=0.606720
Epoch: 270: 2022-04-21 04:13:08.692603
Epoch 271/1000, D_loss=0.701038, reward=-7.852695
Epoch: 271: 2022-04-21 04:13:18.809234
Epoch 272/1000, D_loss=0.698690, reward=-7.857374
Epoch: 272: 2022-04-21 04:13:29.386663
Epoch 273/1000, D_loss=0.698096, reward=-7.858757
Epoch: 273: 2022-04-21 04:13:40.064820
Epoch 274/1000, D_loss=0.700215, reward=-7.855127
Epoch: 274: 2022-04-21 04:13:50.793849
Epoch 275/1000, D_loss=0.701279, reward=-7.852833
Epoch: 275: 2022-04-21 04:14:01.398832
Epoch 276/1000, D_loss=0.697248, reward=-7.858642
Epoch: 276: 2022-04-21 04:14:12.119196
Epoch 277/1000, D_loss=0.697579, reward=-7.858172
Epoch: 277: 2022-04-21 04:14:23.086074
Epoch 278/1000, D_loss=0.700407, reward=-7.852383
Epoch: 278: 2022-04-21 04:14:33.950743
Epoch 279/1000, D_loss=0.701746, reward=-7.850603
Epoch: 279: 2022-04-21 04:14:44.363097
Epoch 280/1000, D_loss=0.700081, reward=-7.854901
Test_MRR=0.361038, Test_MR=376.846830, Test_H@10=0.606520
Epoch: 280: 2022-04-21 04:22:26.042085
Epoch 281/1000, D_loss=0.695735, reward=-7.857646
Epoch: 281: 2022-04-21 04:22:36.647694
Epoch 282/1000, D_loss=0.701606, reward=-7.850238
Epoch: 282: 2022-04-21 04:22:47.439563
Epoch 283/1000, D_loss=0.701997, reward=-7.849774
Epoch: 283: 2022-04-21 04:22:57.888774
Epoch 284/1000, D_loss=0.702293, reward=-7.850211
Epoch: 284: 2022-04-21 04:23:08.899525
Epoch 285/1000, D_loss=0.702335, reward=-7.851082
Epoch: 285: 2022-04-21 04:23:19.487087
Epoch 286/1000, D_loss=0.701917, reward=-7.852043
Epoch: 286: 2022-04-21 04:23:29.957462
Epoch 287/1000, D_loss=0.702784, reward=-7.850176
Epoch: 287: 2022-04-21 04:23:40.532836
Epoch 288/1000, D_loss=0.700567, reward=-7.853714
Epoch: 288: 2022-04-21 04:23:51.118047
Epoch 289/1000, D_loss=0.700733, reward=-7.851678
Epoch: 289: 2022-04-21 04:24:01.745328
Epoch 290/1000, D_loss=0.700919, reward=-7.851047
Test_MRR=0.362043, Test_MR=377.419830, Test_H@10=0.609370
Epoch: 290: 2022-04-21 04:31:29.489043
Epoch 291/1000, D_loss=0.702604, reward=-7.847034
Epoch: 291: 2022-04-21 04:31:39.692456
Epoch 292/1000, D_loss=0.703113, reward=-7.850709
Epoch: 292: 2022-04-21 04:31:50.328439
Epoch 293/1000, D_loss=0.701822, reward=-7.852076
Epoch: 293: 2022-04-21 04:32:00.809020
Epoch 294/1000, D_loss=0.704926, reward=-7.847254
Epoch: 294: 2022-04-21 04:32:11.647569
Epoch 295/1000, D_loss=0.702689, reward=-7.849919
Epoch: 295: 2022-04-21 04:32:22.620943
Epoch 296/1000, D_loss=0.705842, reward=-7.845515
Epoch: 296: 2022-04-21 04:32:33.274230
Epoch 297/1000, D_loss=0.704744, reward=-7.846050
Epoch: 297: 2022-04-21 04:32:44.302755
Epoch 298/1000, D_loss=0.704440, reward=-7.846354
Epoch: 298: 2022-04-21 04:32:54.791245
Epoch 299/1000, D_loss=0.702520, reward=-7.846252
Epoch: 299: 2022-04-21 04:33:05.413366
Epoch 300/1000, D_loss=0.703015, reward=-7.846715
Test_MRR=0.364140, Test_MR=375.245980, Test_H@10=0.610610
Epoch: 300: 2022-04-21 04:40:40.194659
Epoch 301/1000, D_loss=0.703740, reward=-7.846263
Epoch: 301: 2022-04-21 04:40:51.161795
Epoch 302/1000, D_loss=0.704027, reward=-7.846194
Epoch: 302: 2022-04-21 04:41:01.726964
Epoch 303/1000, D_loss=0.705252, reward=-7.844994
Epoch: 303: 2022-04-21 04:41:11.825286
Epoch 304/1000, D_loss=0.701196, reward=-7.851252
Epoch: 304: 2022-04-21 04:41:22.744311
Epoch 305/1000, D_loss=0.707694, reward=-7.841174
Epoch: 305: 2022-04-21 04:41:33.108102
Epoch 306/1000, D_loss=0.705496, reward=-7.844583
Epoch: 306: 2022-04-21 04:41:43.711170
Epoch 307/1000, D_loss=0.706139, reward=-7.845344
Epoch: 307: 2022-04-21 04:41:54.358127
Epoch 308/1000, D_loss=0.705073, reward=-7.844444
Epoch: 308: 2022-04-21 04:42:04.692499
Epoch 309/1000, D_loss=0.705029, reward=-7.845494
Epoch: 309: 2022-04-21 04:42:15.301408
Epoch 310/1000, D_loss=0.707551, reward=-7.842104
Test_MRR=0.363842, Test_MR=377.701620, Test_H@10=0.611250
Epoch: 310: 2022-04-21 04:49:56.585879
Epoch 311/1000, D_loss=0.703960, reward=-7.845541
Epoch: 311: 2022-04-21 04:50:07.916758
Epoch 312/1000, D_loss=0.708692, reward=-7.839877
Epoch: 312: 2022-04-21 04:50:19.326330
Epoch 313/1000, D_loss=0.706762, reward=-7.839202
Epoch: 313: 2022-04-21 04:50:30.446697
Epoch 314/1000, D_loss=0.706747, reward=-7.842113
Epoch: 314: 2022-04-21 04:50:41.345978
Epoch 315/1000, D_loss=0.707066, reward=-7.839527
Epoch: 315: 2022-04-21 04:50:51.700284
Epoch 316/1000, D_loss=0.706785, reward=-7.840641
Epoch: 316: 2022-04-21 04:51:02.326576
Epoch 317/1000, D_loss=0.707714, reward=-7.841192
Epoch: 317: 2022-04-21 04:51:13.170601
Epoch 318/1000, D_loss=0.708676, reward=-7.839837
Epoch: 318: 2022-04-21 04:51:23.705868
Epoch 319/1000, D_loss=0.708387, reward=-7.841996
Epoch: 319: 2022-04-21 04:51:34.636245
Epoch 320/1000, D_loss=0.708196, reward=-7.840816
Test_MRR=0.364604, Test_MR=379.637690, Test_H@10=0.613730
Epoch: 320: 2022-04-21 04:59:05.278619
Epoch 321/1000, D_loss=0.708763, reward=-7.837988
Epoch: 321: 2022-04-21 04:59:15.745694
Epoch 322/1000, D_loss=0.709777, reward=-7.837563
Epoch: 322: 2022-04-21 04:59:26.905160
Epoch 323/1000, D_loss=0.707384, reward=-7.839483
Epoch: 323: 2022-04-21 04:59:37.515349
Epoch 324/1000, D_loss=0.708631, reward=-7.838212
Epoch: 324: 2022-04-21 04:59:47.988855
Epoch 325/1000, D_loss=0.706920, reward=-7.838709
Epoch: 325: 2022-04-21 04:59:58.637578
Epoch 326/1000, D_loss=0.709077, reward=-7.837149
Epoch: 326: 2022-04-21 05:00:09.526429
Epoch 327/1000, D_loss=0.709508, reward=-7.836910
Epoch: 327: 2022-04-21 05:00:21.146138
Epoch 328/1000, D_loss=0.708294, reward=-7.837544
Epoch: 328: 2022-04-21 05:00:31.713967
Epoch 329/1000, D_loss=0.709776, reward=-7.836722
Epoch: 329: 2022-04-21 05:00:42.337889
Epoch 330/1000, D_loss=0.709985, reward=-7.836234
Test_MRR=0.365931, Test_MR=381.738960, Test_H@10=0.615240
Epoch: 330: 2022-04-21 05:08:20.151811
Epoch 331/1000, D_loss=0.710067, reward=-7.835704
Epoch: 331: 2022-04-21 05:08:30.120669
Epoch 332/1000, D_loss=0.710501, reward=-7.833812
Epoch: 332: 2022-04-21 05:08:40.869351
Epoch 333/1000, D_loss=0.710071, reward=-7.833488
Epoch: 333: 2022-04-21 05:08:51.007969
Epoch 334/1000, D_loss=0.712271, reward=-7.831590
Epoch: 334: 2022-04-21 05:09:02.100668
Epoch 335/1000, D_loss=0.711996, reward=-7.830739
Epoch: 335: 2022-04-21 05:09:12.563599
Epoch 336/1000, D_loss=0.710449, reward=-7.835356
Epoch: 336: 2022-04-21 05:09:23.255013
Epoch 337/1000, D_loss=0.707501, reward=-7.838458
Epoch: 337: 2022-04-21 05:09:33.495444
Epoch 338/1000, D_loss=0.709014, reward=-7.835543
Epoch: 338: 2022-04-21 05:09:43.879868
Epoch 339/1000, D_loss=0.710068, reward=-7.833799
Epoch: 339: 2022-04-21 05:09:54.355643
Epoch 340/1000, D_loss=0.712135, reward=-7.831495
Test_MRR=0.366459, Test_MR=380.364120, Test_H@10=0.615940
Epoch: 340: 2022-04-21 05:17:25.599840
Epoch 341/1000, D_loss=0.710984, reward=-7.831489
Epoch: 341: 2022-04-21 05:17:36.159721
Epoch 342/1000, D_loss=0.710036, reward=-7.831624
Epoch: 342: 2022-04-21 05:17:46.619567
Epoch 343/1000, D_loss=0.712648, reward=-7.830391
Epoch: 343: 2022-04-21 05:17:57.187181
Epoch 344/1000, D_loss=0.712526, reward=-7.826706
Epoch: 344: 2022-04-21 05:18:08.105854
Epoch 345/1000, D_loss=0.711999, reward=-7.828258
Epoch: 345: 2022-04-21 05:18:18.697624
Epoch 346/1000, D_loss=0.714527, reward=-7.825933
Epoch: 346: 2022-04-21 05:18:29.179521
Epoch 347/1000, D_loss=0.711216, reward=-7.828895
Epoch: 347: 2022-04-21 05:18:39.944956
Epoch 348/1000, D_loss=0.711937, reward=-7.829085
Epoch: 348: 2022-04-21 05:18:50.570654
Epoch 349/1000, D_loss=0.711350, reward=-7.829442
Epoch: 349: 2022-04-21 05:19:01.320962
Epoch 350/1000, D_loss=0.713645, reward=-7.823380
Test_MRR=0.367937, Test_MR=380.711980, Test_H@10=0.618650
Epoch: 350: 2022-04-21 05:26:39.126046
Epoch 351/1000, D_loss=0.712481, reward=-7.826944
Epoch: 351: 2022-04-21 05:26:50.385573
Epoch 352/1000, D_loss=0.712414, reward=-7.825897
Epoch: 352: 2022-04-21 05:27:01.430053
Epoch 353/1000, D_loss=0.713981, reward=-7.824035
Epoch: 353: 2022-04-21 05:27:12.128188
Epoch 354/1000, D_loss=0.713447, reward=-7.825169
Epoch: 354: 2022-04-21 05:27:22.914889
Epoch 355/1000, D_loss=0.714726, reward=-7.822058
Epoch: 355: 2022-04-21 05:27:34.042021
Epoch 356/1000, D_loss=0.713446, reward=-7.824184
Epoch: 356: 2022-04-21 05:27:44.768644
Epoch 357/1000, D_loss=0.711510, reward=-7.826685
Epoch: 357: 2022-04-21 05:27:55.410743
Epoch 358/1000, D_loss=0.715936, reward=-7.821159
Epoch: 358: 2022-04-21 05:28:05.817535
Epoch 359/1000, D_loss=0.713687, reward=-7.825045
Epoch: 359: 2022-04-21 05:28:16.343932
Epoch 360/1000, D_loss=0.711787, reward=-7.826799
Test_MRR=0.369166, Test_MR=378.461320, Test_H@10=0.618490
Epoch: 360: 2022-04-21 05:36:22.469146
Epoch 361/1000, D_loss=0.712194, reward=-7.823253
Epoch: 361: 2022-04-21 05:36:33.481372
Epoch 362/1000, D_loss=0.714177, reward=-7.821902
Epoch: 362: 2022-04-21 05:36:44.593039
Epoch 363/1000, D_loss=0.712936, reward=-7.823969
Epoch: 363: 2022-04-21 05:36:55.581677
Epoch 364/1000, D_loss=0.715988, reward=-7.819191
Epoch: 364: 2022-04-21 05:37:06.601378
Epoch 365/1000, D_loss=0.713173, reward=-7.824058
Epoch: 365: 2022-04-21 05:37:17.990937
Epoch 366/1000, D_loss=0.712642, reward=-7.824365
Epoch: 366: 2022-04-21 05:37:28.862592
Epoch 367/1000, D_loss=0.714163, reward=-7.821892
Epoch: 367: 2022-04-21 05:37:40.033150
Epoch 368/1000, D_loss=0.713366, reward=-7.823833
Epoch: 368: 2022-04-21 05:37:50.742438
Epoch 369/1000, D_loss=0.712533, reward=-7.823967
Epoch: 369: 2022-04-21 05:38:01.720427
Epoch 370/1000, D_loss=0.714321, reward=-7.820021
Test_MRR=0.370607, Test_MR=380.106780, Test_H@10=0.618160
Epoch: 370: 2022-04-21 05:45:32.449365
Epoch 371/1000, D_loss=0.714317, reward=-7.822221
Epoch: 371: 2022-04-21 05:45:43.367976
Epoch 372/1000, D_loss=0.715521, reward=-7.820415
Epoch: 372: 2022-04-21 05:45:54.118787
Epoch 373/1000, D_loss=0.714672, reward=-7.821149
Epoch: 373: 2022-04-21 05:46:04.645537
Epoch 374/1000, D_loss=0.713613, reward=-7.819925
Epoch: 374: 2022-04-21 05:46:15.809005
Epoch 375/1000, D_loss=0.712380, reward=-7.821890
Epoch: 375: 2022-04-21 05:46:26.797944
Epoch 376/1000, D_loss=0.715933, reward=-7.816217
Epoch: 376: 2022-04-21 05:46:37.750369
Epoch 377/1000, D_loss=0.716738, reward=-7.813407
Epoch: 377: 2022-04-21 05:46:48.484308
Epoch 378/1000, D_loss=0.714357, reward=-7.820072
Epoch: 378: 2022-04-21 05:46:59.744568
Epoch 379/1000, D_loss=0.714539, reward=-7.817785
Epoch: 379: 2022-04-21 05:47:10.563279
Epoch 380/1000, D_loss=0.715972, reward=-7.814884
Test_MRR=0.371353, Test_MR=372.383020, Test_H@10=0.620160
Epoch: 380: 2022-04-21 05:54:48.123345
Epoch 381/1000, D_loss=0.716846, reward=-7.813467
Epoch: 381: 2022-04-21 05:54:59.214842
Epoch 382/1000, D_loss=0.716059, reward=-7.814785
Epoch: 382: 2022-04-21 05:55:10.107553
Epoch 383/1000, D_loss=0.718667, reward=-7.809923
Epoch: 383: 2022-04-21 05:55:20.359626
Epoch 384/1000, D_loss=0.716625, reward=-7.813416
Epoch: 384: 2022-04-21 05:55:31.062318
Epoch 385/1000, D_loss=0.716874, reward=-7.812449
Epoch: 385: 2022-04-21 05:55:41.899588
Epoch 386/1000, D_loss=0.715899, reward=-7.811387
Epoch: 386: 2022-04-21 05:55:52.680122
Epoch 387/1000, D_loss=0.718251, reward=-7.810372
Epoch: 387: 2022-04-21 05:56:02.949891
Epoch 388/1000, D_loss=0.718456, reward=-7.808411
Epoch: 388: 2022-04-21 05:56:13.704833
Epoch 389/1000, D_loss=0.720226, reward=-7.807960
Epoch: 389: 2022-04-21 05:56:24.754047
Epoch 390/1000, D_loss=0.715852, reward=-7.812361
Test_MRR=0.371586, Test_MR=376.047050, Test_H@10=0.620960
Epoch: 390: 2022-04-21 06:03:50.865222
Epoch 391/1000, D_loss=0.717586, reward=-7.809977
Epoch: 391: 2022-04-21 06:04:01.392713
Epoch 392/1000, D_loss=0.714056, reward=-7.812831
Epoch: 392: 2022-04-21 06:04:11.617531
Epoch 393/1000, D_loss=0.713972, reward=-7.813342
Epoch: 393: 2022-04-21 06:04:21.983172
Epoch 394/1000, D_loss=0.717528, reward=-7.808157
Epoch: 394: 2022-04-21 06:04:32.959384
Epoch 395/1000, D_loss=0.717874, reward=-7.808960
Epoch: 395: 2022-04-21 06:04:43.039577
Epoch 396/1000, D_loss=0.718165, reward=-7.808765
Epoch: 396: 2022-04-21 06:04:53.642276
Epoch 397/1000, D_loss=0.716462, reward=-7.809544
Epoch: 397: 2022-04-21 06:05:04.482243
Epoch 398/1000, D_loss=0.721059, reward=-7.803835
Epoch: 398: 2022-04-21 06:05:15.110321
Epoch 399/1000, D_loss=0.717215, reward=-7.808240
Epoch: 399: 2022-04-21 06:05:25.455042
Epoch 400/1000, D_loss=0.719206, reward=-7.806480
Test_MRR=0.371568, Test_MR=379.062480, Test_H@10=0.621610
Epoch: 400: 2022-04-21 06:13:06.844647
Epoch 401/1000, D_loss=0.716033, reward=-7.808927
Epoch: 401: 2022-04-21 06:13:17.595949
Epoch 402/1000, D_loss=0.715926, reward=-7.810315
Epoch: 402: 2022-04-21 06:13:28.021830
Epoch 403/1000, D_loss=0.715442, reward=-7.809912
Epoch: 403: 2022-04-21 06:13:38.171392
Epoch 404/1000, D_loss=0.719285, reward=-7.806261
Epoch: 404: 2022-04-21 06:13:48.262320
Epoch 405/1000, D_loss=0.718866, reward=-7.807333
Epoch: 405: 2022-04-21 06:13:58.695922
Epoch 406/1000, D_loss=0.717237, reward=-7.807433
Epoch: 406: 2022-04-21 06:14:09.601436
Epoch 407/1000, D_loss=0.716554, reward=-7.806549
Epoch: 407: 2022-04-21 06:14:20.429386
Epoch 408/1000, D_loss=0.718781, reward=-7.806725
Epoch: 408: 2022-04-21 06:14:30.939213
Epoch 409/1000, D_loss=0.719441, reward=-7.804245
Epoch: 409: 2022-04-21 06:14:41.574063
Epoch 410/1000, D_loss=0.719375, reward=-7.802948
Test_MRR=0.371962, Test_MR=376.119160, Test_H@10=0.623240
Epoch: 410: 2022-04-21 06:22:08.396069
Epoch 411/1000, D_loss=0.717732, reward=-7.805120
Epoch: 411: 2022-04-21 06:22:19.620880
Epoch 412/1000, D_loss=0.719183, reward=-7.801494
Epoch: 412: 2022-04-21 06:22:30.544661
Epoch 413/1000, D_loss=0.721910, reward=-7.799331
Epoch: 413: 2022-04-21 06:22:41.364182
Epoch 414/1000, D_loss=0.720405, reward=-7.800557
Epoch: 414: 2022-04-21 06:22:52.433224
Epoch 415/1000, D_loss=0.717565, reward=-7.803463
Epoch: 415: 2022-04-21 06:23:03.338773
Epoch 416/1000, D_loss=0.723229, reward=-7.794988
Epoch: 416: 2022-04-21 06:23:14.287139
Epoch 417/1000, D_loss=0.720268, reward=-7.799905
Epoch: 417: 2022-04-21 06:23:25.353475
Epoch 418/1000, D_loss=0.718384, reward=-7.802380
Epoch: 418: 2022-04-21 06:23:36.310807
Epoch 419/1000, D_loss=0.719607, reward=-7.799979
Epoch: 419: 2022-04-21 06:23:47.102174
Epoch 420/1000, D_loss=0.720296, reward=-7.797432
Test_MRR=0.372479, Test_MR=374.731070, Test_H@10=0.624690
Epoch: 420: 2022-04-21 06:31:18.280833
Epoch 421/1000, D_loss=0.721733, reward=-7.794658
Epoch: 421: 2022-04-21 06:31:29.205541
Epoch 422/1000, D_loss=0.718061, reward=-7.800850
Epoch: 422: 2022-04-21 06:31:40.018633
Epoch 423/1000, D_loss=0.720734, reward=-7.798011
Epoch: 423: 2022-04-21 06:31:50.530193
Epoch 424/1000, D_loss=0.721799, reward=-7.795465
Epoch: 424: 2022-04-21 06:32:01.113179
Epoch 425/1000, D_loss=0.721829, reward=-7.794742
Epoch: 425: 2022-04-21 06:32:11.880320
Epoch 426/1000, D_loss=0.719425, reward=-7.798407
Epoch: 426: 2022-04-21 06:32:22.514557
Epoch 427/1000, D_loss=0.720518, reward=-7.795011
Epoch: 427: 2022-04-21 06:32:32.986422
Epoch 428/1000, D_loss=0.720712, reward=-7.795724
Epoch: 428: 2022-04-21 06:32:43.805919
Epoch 429/1000, D_loss=0.721688, reward=-7.794765
Epoch: 429: 2022-04-21 06:32:54.398916
Epoch 430/1000, D_loss=0.721875, reward=-7.796458
Test_MRR=0.373089, Test_MR=377.432540, Test_H@10=0.624060
Epoch: 430: 2022-04-21 06:40:39.150709
Epoch 431/1000, D_loss=0.717785, reward=-7.798977
Epoch: 431: 2022-04-21 06:40:49.659339
Epoch 432/1000, D_loss=0.720608, reward=-7.793544
Epoch: 432: 2022-04-21 06:41:00.137846
Epoch 433/1000, D_loss=0.722595, reward=-7.791878
Epoch: 433: 2022-04-21 06:41:10.824839
Epoch 434/1000, D_loss=0.721279, reward=-7.793525
Epoch: 434: 2022-04-21 06:41:21.445419
Epoch 435/1000, D_loss=0.720305, reward=-7.795055
Epoch: 435: 2022-04-21 06:41:31.940374
Epoch 436/1000, D_loss=0.722472, reward=-7.792704
Epoch: 436: 2022-04-21 06:41:42.900727
Epoch 437/1000, D_loss=0.720701, reward=-7.794255
Epoch: 437: 2022-04-21 06:41:53.050047
Epoch 438/1000, D_loss=0.723553, reward=-7.791639
Epoch: 438: 2022-04-21 06:42:03.602204
Epoch 439/1000, D_loss=0.723909, reward=-7.788508
Epoch: 439: 2022-04-21 06:42:14.146428
Epoch 440/1000, D_loss=0.723053, reward=-7.789809
Test_MRR=0.373070, Test_MR=376.734350, Test_H@10=0.625080
Epoch: 440: 2022-04-21 06:49:34.784849
Epoch 441/1000, D_loss=0.722215, reward=-7.790891
Epoch: 441: 2022-04-21 06:49:45.310217
Epoch 442/1000, D_loss=0.722766, reward=-7.789212
Epoch: 442: 2022-04-21 06:49:56.218938
Epoch 443/1000, D_loss=0.720890, reward=-7.792192
Epoch: 443: 2022-04-21 06:50:06.849008
Epoch 444/1000, D_loss=0.723357, reward=-7.791196
Epoch: 444: 2022-04-21 06:50:17.877177
Epoch 445/1000, D_loss=0.723182, reward=-7.789283
Epoch: 445: 2022-04-21 06:50:28.704577
Epoch 446/1000, D_loss=0.723373, reward=-7.790656
Epoch: 446: 2022-04-21 06:50:39.221318
Epoch 447/1000, D_loss=0.722980, reward=-7.788588
Epoch: 447: 2022-04-21 06:50:49.431792
Epoch 448/1000, D_loss=0.721423, reward=-7.791416
Epoch: 448: 2022-04-21 06:51:00.559056
Epoch 449/1000, D_loss=0.723234, reward=-7.786920
Epoch: 449: 2022-04-21 06:51:10.945579
Epoch 450/1000, D_loss=0.721332, reward=-7.789587
Test_MRR=0.373924, Test_MR=377.566830, Test_H@10=0.624360
Epoch: 450: 2022-04-21 06:58:47.528514
Epoch 451/1000, D_loss=0.723675, reward=-7.785329
Epoch: 451: 2022-04-21 06:58:57.820132
Epoch 452/1000, D_loss=0.719809, reward=-7.790973
Epoch: 452: 2022-04-21 06:59:08.416718
Epoch 453/1000, D_loss=0.722857, reward=-7.787199
Epoch: 453: 2022-04-21 06:59:19.184576
Epoch 454/1000, D_loss=0.723676, reward=-7.785513
Epoch: 454: 2022-04-21 06:59:29.723756
Epoch 455/1000, D_loss=0.725196, reward=-7.783798
Epoch: 455: 2022-04-21 06:59:39.728544
Epoch 456/1000, D_loss=0.721255, reward=-7.790575
Epoch: 456: 2022-04-21 06:59:50.395210
Epoch 457/1000, D_loss=0.724484, reward=-7.784131
Epoch: 457: 2022-04-21 07:00:01.438940
Epoch 458/1000, D_loss=0.723929, reward=-7.785482
Epoch: 458: 2022-04-21 07:00:11.848983
Epoch 459/1000, D_loss=0.722765, reward=-7.786071
Epoch: 459: 2022-04-21 07:00:22.449569
Epoch 460/1000, D_loss=0.724489, reward=-7.784215
Test_MRR=0.375619, Test_MR=374.945540, Test_H@10=0.625360
Epoch: 460: 2022-04-21 07:07:48.427712
Epoch 461/1000, D_loss=0.726123, reward=-7.780813
Epoch: 461: 2022-04-21 07:07:59.378247
Epoch 462/1000, D_loss=0.725127, reward=-7.783727
Epoch: 462: 2022-04-21 07:08:09.845121
Epoch 463/1000, D_loss=0.723968, reward=-7.783838
Epoch: 463: 2022-04-21 07:08:20.661108
Epoch 464/1000, D_loss=0.725122, reward=-7.780808
Epoch: 464: 2022-04-21 07:08:31.650589
Epoch 465/1000, D_loss=0.724685, reward=-7.782468
Epoch: 465: 2022-04-21 07:08:42.766086
Epoch 466/1000, D_loss=0.725672, reward=-7.780045
Epoch: 466: 2022-04-21 07:08:53.692660
Epoch 467/1000, D_loss=0.726530, reward=-7.779126
Epoch: 467: 2022-04-21 07:09:04.802113
Epoch 468/1000, D_loss=0.725658, reward=-7.780088
Epoch: 468: 2022-04-21 07:09:15.699469
Epoch 469/1000, D_loss=0.723977, reward=-7.782552
Epoch: 469: 2022-04-21 07:09:26.653367
Epoch 470/1000, D_loss=0.721043, reward=-7.787026
Test_MRR=0.377006, Test_MR=377.876350, Test_H@10=0.627620
Epoch: 470: 2022-04-21 07:17:01.698480
Epoch 471/1000, D_loss=0.722843, reward=-7.783638
Epoch: 471: 2022-04-21 07:17:12.363258
Epoch 472/1000, D_loss=0.725851, reward=-7.781000
Epoch: 472: 2022-04-21 07:17:23.145744
Epoch 473/1000, D_loss=0.722387, reward=-7.782660
Epoch: 473: 2022-04-21 07:17:33.367854
Epoch 474/1000, D_loss=0.727179, reward=-7.776948
Epoch: 474: 2022-04-21 07:17:43.463468
Epoch 475/1000, D_loss=0.724198, reward=-7.779848
Epoch: 475: 2022-04-21 07:17:54.178746
Epoch 476/1000, D_loss=0.722580, reward=-7.782950
Epoch: 476: 2022-04-21 07:18:04.817723
Epoch 477/1000, D_loss=0.724522, reward=-7.780176
Epoch: 477: 2022-04-21 07:18:15.656088
Epoch 478/1000, D_loss=0.723754, reward=-7.779290
Epoch: 478: 2022-04-21 07:18:26.418729
Epoch 479/1000, D_loss=0.724784, reward=-7.778974
Epoch: 479: 2022-04-21 07:18:37.367888
Epoch 480/1000, D_loss=0.726065, reward=-7.776412
Test_MRR=0.378536, Test_MR=375.184600, Test_H@10=0.629100
Epoch: 480: 2022-04-21 07:26:19.486155
Epoch 481/1000, D_loss=0.725999, reward=-7.776465
Epoch: 481: 2022-04-21 07:26:30.093957
Epoch 482/1000, D_loss=0.724081, reward=-7.779068
Epoch: 482: 2022-04-21 07:26:41.087037
Epoch 483/1000, D_loss=0.725182, reward=-7.778357
Epoch: 483: 2022-04-21 07:26:52.007190
Epoch 484/1000, D_loss=0.725242, reward=-7.778469
Epoch: 484: 2022-04-21 07:27:03.113759
Epoch 485/1000, D_loss=0.726032, reward=-7.777143
Epoch: 485: 2022-04-21 07:27:13.857830
Epoch 486/1000, D_loss=0.727360, reward=-7.773825
Epoch: 486: 2022-04-21 07:27:24.720133
Epoch 487/1000, D_loss=0.726574, reward=-7.775033
Epoch: 487: 2022-04-21 07:27:35.055566
Epoch 488/1000, D_loss=0.727159, reward=-7.773101
Epoch: 488: 2022-04-21 07:27:45.299296
Epoch 489/1000, D_loss=0.727594, reward=-7.772086
Epoch: 489: 2022-04-21 07:27:55.878313
Epoch 490/1000, D_loss=0.724044, reward=-7.776131
Test_MRR=0.378668, Test_MR=373.124170, Test_H@10=0.628550
Epoch: 490: 2022-04-21 07:35:28.755800
Epoch 491/1000, D_loss=0.725390, reward=-7.774032
Epoch: 491: 2022-04-21 07:35:39.348344
Epoch 492/1000, D_loss=0.727477, reward=-7.770331
Epoch: 492: 2022-04-21 07:35:50.297558
Epoch 493/1000, D_loss=0.727074, reward=-7.770853
Epoch: 493: 2022-04-21 07:36:01.077400
Epoch 494/1000, D_loss=0.726017, reward=-7.771588
Epoch: 494: 2022-04-21 07:36:11.633738
Epoch 495/1000, D_loss=0.728937, reward=-7.767947
Epoch: 495: 2022-04-21 07:36:22.472886
Epoch 496/1000, D_loss=0.723848, reward=-7.774414
Epoch: 496: 2022-04-21 07:36:33.081013
Epoch 497/1000, D_loss=0.727378, reward=-7.769748
Epoch: 497: 2022-04-21 07:36:43.662879
Epoch 498/1000, D_loss=0.725671, reward=-7.774089
Epoch: 498: 2022-04-21 07:36:54.351954
Epoch 499/1000, D_loss=0.728111, reward=-7.770384
Epoch: 499: 2022-04-21 07:37:05.069666
Epoch 500/1000, D_loss=0.725506, reward=-7.773930
Test_MRR=0.379519, Test_MR=373.296560, Test_H@10=0.629790
Epoch: 500: 2022-04-21 07:44:42.805958
Epoch 501/1000, D_loss=0.728281, reward=-7.766941
Epoch: 501: 2022-04-21 07:44:53.890262
Epoch 502/1000, D_loss=0.727806, reward=-7.769586
Epoch: 502: 2022-04-21 07:45:04.800724
Epoch 503/1000, D_loss=0.726546, reward=-7.769809
Epoch: 503: 2022-04-21 07:45:15.185668
Epoch 504/1000, D_loss=0.728616, reward=-7.767958
Epoch: 504: 2022-04-21 07:45:25.360109
Epoch 505/1000, D_loss=0.728851, reward=-7.767036
Epoch: 505: 2022-04-21 07:45:35.680161
Epoch 506/1000, D_loss=0.725824, reward=-7.768704
Epoch: 506: 2022-04-21 07:45:46.572177
Epoch 507/1000, D_loss=0.729659, reward=-7.765890
Epoch: 507: 2022-04-21 07:45:57.566847
Epoch 508/1000, D_loss=0.730245, reward=-7.764943
Epoch: 508: 2022-04-21 07:46:07.834675
Epoch 509/1000, D_loss=0.727359, reward=-7.769022
Epoch: 509: 2022-04-21 07:46:18.417790
Epoch 510/1000, D_loss=0.727985, reward=-7.766265
Test_MRR=0.379602, Test_MR=371.038510, Test_H@10=0.631060
Epoch: 510: 2022-04-21 07:53:48.435008
Epoch 511/1000, D_loss=0.726044, reward=-7.768496
Epoch: 511: 2022-04-21 07:53:59.110904
Epoch 512/1000, D_loss=0.728159, reward=-7.765566
Epoch: 512: 2022-04-21 07:54:10.060452
Epoch 513/1000, D_loss=0.730172, reward=-7.761892
Epoch: 513: 2022-04-21 07:54:21.079819
Epoch 514/1000, D_loss=0.727746, reward=-7.765763
Epoch: 514: 2022-04-21 07:54:31.707390
Epoch 515/1000, D_loss=0.727870, reward=-7.765956
Epoch: 515: 2022-04-21 07:54:42.248717
Epoch 516/1000, D_loss=0.728802, reward=-7.762306
Epoch: 516: 2022-04-21 07:54:53.246291
Epoch 517/1000, D_loss=0.725247, reward=-7.767801
Epoch: 517: 2022-04-21 07:55:04.435458
Epoch 518/1000, D_loss=0.729220, reward=-7.761545
Epoch: 518: 2022-04-21 07:55:15.400592
Epoch 519/1000, D_loss=0.727855, reward=-7.764171
Epoch: 519: 2022-04-21 07:55:26.337281
Epoch 520/1000, D_loss=0.730808, reward=-7.759593
Test_MRR=0.380626, Test_MR=375.816990, Test_H@10=0.632080
Epoch: 520: 2022-04-21 08:02:59.298693
Epoch 521/1000, D_loss=0.727937, reward=-7.763779
Epoch: 521: 2022-04-21 08:03:09.476547
Epoch 522/1000, D_loss=0.728874, reward=-7.761396
Epoch: 522: 2022-04-21 08:03:19.700247
Epoch 523/1000, D_loss=0.733461, reward=-7.755349
Epoch: 523: 2022-04-21 08:03:30.427247
Epoch 524/1000, D_loss=0.730884, reward=-7.759063
Epoch: 524: 2022-04-21 08:03:41.183979
Epoch 525/1000, D_loss=0.731961, reward=-7.756335
Epoch: 525: 2022-04-21 08:03:52.014984
Epoch 526/1000, D_loss=0.729961, reward=-7.759498
Epoch: 526: 2022-04-21 08:04:02.610341
Epoch 527/1000, D_loss=0.726165, reward=-7.762765
Epoch: 527: 2022-04-21 08:04:13.429481
Epoch 528/1000, D_loss=0.729163, reward=-7.758861
Epoch: 528: 2022-04-21 08:04:24.148430
Epoch 529/1000, D_loss=0.730046, reward=-7.760030
Epoch: 529: 2022-04-21 08:04:34.777254
Epoch 530/1000, D_loss=0.728568, reward=-7.758975
Test_MRR=0.379982, Test_MR=371.065160, Test_H@10=0.632390
Epoch: 530: 2022-04-21 08:12:16.220954
Epoch 531/1000, D_loss=0.726612, reward=-7.761065
Epoch: 531: 2022-04-21 08:12:27.172624
Epoch 532/1000, D_loss=0.729179, reward=-7.758315
Epoch: 532: 2022-04-21 08:12:37.425921
Epoch 533/1000, D_loss=0.729169, reward=-7.760682
Epoch: 533: 2022-04-21 08:12:47.733028
Epoch 534/1000, D_loss=0.729370, reward=-7.759368
Epoch: 534: 2022-04-21 08:12:57.986462
Epoch 535/1000, D_loss=0.728699, reward=-7.758358
Epoch: 535: 2022-04-21 08:13:08.701603
Epoch 536/1000, D_loss=0.729012, reward=-7.759366
Epoch: 536: 2022-04-21 08:13:18.899917
Epoch 537/1000, D_loss=0.727006, reward=-7.763814
Epoch: 537: 2022-04-21 08:13:29.827612
Epoch 538/1000, D_loss=0.729507, reward=-7.756841
Epoch: 538: 2022-04-21 08:13:40.561939
Epoch 539/1000, D_loss=0.731717, reward=-7.753972
Epoch: 539: 2022-04-21 08:13:50.786970
Epoch 540/1000, D_loss=0.728641, reward=-7.757818
Test_MRR=0.381277, Test_MR=372.057170, Test_H@10=0.633370
Epoch: 540: 2022-04-21 08:21:18.627734
Epoch 541/1000, D_loss=0.728482, reward=-7.757137
Epoch: 541: 2022-04-21 08:21:29.222027
Epoch 542/1000, D_loss=0.731862, reward=-7.754276
Epoch: 542: 2022-04-21 08:21:40.001953
Epoch 543/1000, D_loss=0.728704, reward=-7.758352
Epoch: 543: 2022-04-21 08:21:50.557460
Epoch 544/1000, D_loss=0.731028, reward=-7.752347
Epoch: 544: 2022-04-21 08:22:00.919361
Epoch 545/1000, D_loss=0.728428, reward=-7.756113
Epoch: 545: 2022-04-21 08:22:11.565212
Epoch 546/1000, D_loss=0.730313, reward=-7.753180
Epoch: 546: 2022-04-21 08:22:22.469550
Epoch 547/1000, D_loss=0.731097, reward=-7.751234
Epoch: 547: 2022-04-21 08:22:33.155170
Epoch 548/1000, D_loss=0.731670, reward=-7.751252
Epoch: 548: 2022-04-21 08:22:43.287443
Epoch 549/1000, D_loss=0.730738, reward=-7.752613
Epoch: 549: 2022-04-21 08:22:54.040808
Epoch 550/1000, D_loss=0.732915, reward=-7.749746
Test_MRR=0.382197, Test_MR=364.825440, Test_H@10=0.632900
Epoch: 550: 2022-04-21 08:30:39.054039
Epoch 551/1000, D_loss=0.728842, reward=-7.752234
Epoch: 551: 2022-04-21 08:30:49.879588
Epoch 552/1000, D_loss=0.730008, reward=-7.751622
Epoch: 552: 2022-04-21 08:31:00.823391
Epoch 553/1000, D_loss=0.729618, reward=-7.752058
Epoch: 553: 2022-04-21 08:31:11.960766
Epoch 554/1000, D_loss=0.731392, reward=-7.749577
Epoch: 554: 2022-04-21 08:31:22.415884
Epoch 555/1000, D_loss=0.729702, reward=-7.751386
Epoch: 555: 2022-04-21 08:31:33.330068
Epoch 556/1000, D_loss=0.731211, reward=-7.748769
Epoch: 556: 2022-04-21 08:31:44.189514
Epoch 557/1000, D_loss=0.729625, reward=-7.750670
Epoch: 557: 2022-04-21 08:31:54.870453
Epoch 558/1000, D_loss=0.732210, reward=-7.747884
Epoch: 558: 2022-04-21 08:32:05.626363
Epoch 559/1000, D_loss=0.731294, reward=-7.748337
Epoch: 559: 2022-04-21 08:32:16.134275
Epoch 560/1000, D_loss=0.729927, reward=-7.750000
Test_MRR=0.383589, Test_MR=368.734080, Test_H@10=0.633810
Epoch: 560: 2022-04-21 08:39:55.069889
Epoch 561/1000, D_loss=0.731609, reward=-7.747074
Epoch: 561: 2022-04-21 08:40:05.415709
Epoch 562/1000, D_loss=0.733083, reward=-7.744798
Epoch: 562: 2022-04-21 08:40:16.110139
Epoch 563/1000, D_loss=0.729779, reward=-7.749679
Epoch: 563: 2022-04-21 08:40:27.008776
Epoch 564/1000, D_loss=0.730460, reward=-7.746285
Epoch: 564: 2022-04-21 08:40:37.488072
Epoch 565/1000, D_loss=0.732255, reward=-7.745531
Epoch: 565: 2022-04-21 08:40:47.797234
Epoch 566/1000, D_loss=0.732646, reward=-7.746486
Epoch: 566: 2022-04-21 08:40:58.317671
Epoch 567/1000, D_loss=0.734327, reward=-7.743213
Epoch: 567: 2022-04-21 08:41:09.204424
Epoch 568/1000, D_loss=0.731884, reward=-7.745479
Epoch: 568: 2022-04-21 08:41:20.313507
Epoch 569/1000, D_loss=0.730418, reward=-7.748505
Epoch: 569: 2022-04-21 08:41:31.064458
Epoch 570/1000, D_loss=0.732429, reward=-7.744277
Test_MRR=0.384750, Test_MR=369.595800, Test_H@10=0.634270
Epoch: 570: 2022-04-21 08:49:13.753901
Epoch 571/1000, D_loss=0.733739, reward=-7.742899
Epoch: 571: 2022-04-21 08:49:24.308321
Epoch 572/1000, D_loss=0.730485, reward=-7.747330
Epoch: 572: 2022-04-21 08:49:34.761023
Epoch 573/1000, D_loss=0.732875, reward=-7.743829
Epoch: 573: 2022-04-21 08:49:45.709294
Epoch 574/1000, D_loss=0.730520, reward=-7.745455
Epoch: 574: 2022-04-21 08:49:56.622044
Epoch 575/1000, D_loss=0.730896, reward=-7.745571
Epoch: 575: 2022-04-21 08:50:06.991216
Epoch 576/1000, D_loss=0.732587, reward=-7.743320
Epoch: 576: 2022-04-21 08:50:17.695516
Epoch 577/1000, D_loss=0.731254, reward=-7.745046
Epoch: 577: 2022-04-21 08:50:28.419413
Epoch 578/1000, D_loss=0.733866, reward=-7.741840
Epoch: 578: 2022-04-21 08:50:39.178602
Epoch 579/1000, D_loss=0.732007, reward=-7.745838
Epoch: 579: 2022-04-21 08:50:49.878378
Epoch 580/1000, D_loss=0.731499, reward=-7.745796
Test_MRR=0.383448, Test_MR=368.695800, Test_H@10=0.633800
Epoch: 580: 2022-04-21 08:58:25.254905
Epoch 581/1000, D_loss=0.733200, reward=-7.741162
Epoch: 581: 2022-04-21 08:58:36.188025
Epoch 582/1000, D_loss=0.731211, reward=-7.744390
Epoch: 582: 2022-04-21 08:58:46.680326
Epoch 583/1000, D_loss=0.730716, reward=-7.745668
Epoch: 583: 2022-04-21 08:58:57.358823
Epoch 584/1000, D_loss=0.732189, reward=-7.742468
Epoch: 584: 2022-04-21 08:59:08.191759
Epoch 585/1000, D_loss=0.732331, reward=-7.743077
Epoch: 585: 2022-04-21 08:59:18.657525
Epoch 586/1000, D_loss=0.732804, reward=-7.740219
Epoch: 586: 2022-04-21 08:59:29.425821
Epoch 587/1000, D_loss=0.732215, reward=-7.740687
Epoch: 587: 2022-04-21 08:59:40.302643
Epoch 588/1000, D_loss=0.730884, reward=-7.741261
Epoch: 588: 2022-04-21 08:59:51.155570
Epoch 589/1000, D_loss=0.731316, reward=-7.742346
Epoch: 589: 2022-04-21 09:00:01.952127
Epoch 590/1000, D_loss=0.734318, reward=-7.736108
Test_MRR=0.384933, Test_MR=364.742400, Test_H@10=0.633730
Epoch: 590: 2022-04-21 09:07:32.164740
Epoch 591/1000, D_loss=0.734461, reward=-7.736886
Epoch: 591: 2022-04-21 09:07:43.367931
Epoch 592/1000, D_loss=0.734951, reward=-7.736446
Epoch: 592: 2022-04-21 09:07:54.105128
Epoch 593/1000, D_loss=0.733433, reward=-7.737311
Epoch: 593: 2022-04-21 09:08:04.689394
Epoch 594/1000, D_loss=0.734136, reward=-7.736407
Epoch: 594: 2022-04-21 09:08:14.945228
Epoch 595/1000, D_loss=0.734948, reward=-7.736467
Epoch: 595: 2022-04-21 09:08:25.532907
Epoch 596/1000, D_loss=0.731384, reward=-7.740789
Epoch: 596: 2022-04-21 09:08:36.517867
Epoch 597/1000, D_loss=0.731594, reward=-7.742187
Epoch: 597: 2022-04-21 09:08:47.131768
Epoch 598/1000, D_loss=0.735027, reward=-7.736477
Epoch: 598: 2022-04-21 09:08:57.554177
Epoch 599/1000, D_loss=0.734636, reward=-7.736968
Epoch: 599: 2022-04-21 09:09:08.027364
Epoch 600/1000, D_loss=0.732359, reward=-7.737756
Test_MRR=0.385617, Test_MR=362.880510, Test_H@10=0.636270
Epoch: 600: 2022-04-21 09:16:54.433371
Epoch 601/1000, D_loss=0.733665, reward=-7.736109
Epoch: 601: 2022-04-21 09:17:04.783073
Epoch 602/1000, D_loss=0.736002, reward=-7.731273
Epoch: 602: 2022-04-21 09:17:15.433108
Epoch 603/1000, D_loss=0.733394, reward=-7.735345
Epoch: 603: 2022-04-21 09:17:26.309444
Epoch 604/1000, D_loss=0.735007, reward=-7.731782
Epoch: 604: 2022-04-21 09:17:37.051247
Epoch 605/1000, D_loss=0.733284, reward=-7.735475
Epoch: 605: 2022-04-21 09:17:47.677078
Epoch 606/1000, D_loss=0.734419, reward=-7.733515
Epoch: 606: 2022-04-21 09:17:58.262972
Epoch 607/1000, D_loss=0.733691, reward=-7.734381
Epoch: 607: 2022-04-21 09:18:08.858524
Epoch 608/1000, D_loss=0.733390, reward=-7.734735
Epoch: 608: 2022-04-21 09:18:19.696729
Epoch 609/1000, D_loss=0.735388, reward=-7.731507
Epoch: 609: 2022-04-21 09:18:30.538714
Epoch 610/1000, D_loss=0.732448, reward=-7.734302
Test_MRR=0.385348, Test_MR=363.286240, Test_H@10=0.635740
Epoch: 610: 2022-04-21 09:25:58.632552
Epoch 611/1000, D_loss=0.732679, reward=-7.734846
Epoch: 611: 2022-04-21 09:26:09.329999
Epoch 612/1000, D_loss=0.733095, reward=-7.732989
Epoch: 612: 2022-04-21 09:26:20.103347
Epoch 613/1000, D_loss=0.730968, reward=-7.737399
Epoch: 613: 2022-04-21 09:26:30.560287
Epoch 614/1000, D_loss=0.737156, reward=-7.728433
Epoch: 614: 2022-04-21 09:26:41.624248
Epoch 615/1000, D_loss=0.734666, reward=-7.731965
Epoch: 615: 2022-04-21 09:26:52.136586
Epoch 616/1000, D_loss=0.732945, reward=-7.733897
Epoch: 616: 2022-04-21 09:27:02.880126
Epoch 617/1000, D_loss=0.732654, reward=-7.733449
Epoch: 617: 2022-04-21 09:27:13.378090
Epoch 618/1000, D_loss=0.735082, reward=-7.730406
Epoch: 618: 2022-04-21 09:27:23.731213
Epoch 619/1000, D_loss=0.733677, reward=-7.731662
Epoch: 619: 2022-04-21 09:27:34.526533
Epoch 620/1000, D_loss=0.734908, reward=-7.731088
Test_MRR=0.386009, Test_MR=362.226830, Test_H@10=0.638080
Epoch: 620: 2022-04-21 09:35:12.582884
Epoch 621/1000, D_loss=0.734134, reward=-7.730811
Epoch: 621: 2022-04-21 09:35:22.593703
Epoch 622/1000, D_loss=0.735102, reward=-7.729542
Epoch: 622: 2022-04-21 09:35:33.247343
Epoch 623/1000, D_loss=0.734148, reward=-7.730906
Epoch: 623: 2022-04-21 09:35:43.607610
Epoch 624/1000, D_loss=0.734602, reward=-7.730415
Epoch: 624: 2022-04-21 09:35:54.129857
Epoch 625/1000, D_loss=0.735353, reward=-7.728548
Epoch: 625: 2022-04-21 09:36:04.860114
Epoch 626/1000, D_loss=0.735132, reward=-7.727582
Epoch: 626: 2022-04-21 09:36:15.496577
Epoch 627/1000, D_loss=0.736271, reward=-7.727555
Epoch: 627: 2022-04-21 09:36:25.837507
Epoch 628/1000, D_loss=0.734418, reward=-7.730539
Epoch: 628: 2022-04-21 09:36:36.272123
Epoch 629/1000, D_loss=0.734408, reward=-7.730382
Epoch: 629: 2022-04-21 09:36:46.974857
Epoch 630/1000, D_loss=0.735316, reward=-7.728177
Test_MRR=0.385335, Test_MR=366.670990, Test_H@10=0.636780
Epoch: 630: 2022-04-21 09:44:20.323404
Epoch 631/1000, D_loss=0.733575, reward=-7.732066
Epoch: 631: 2022-04-21 09:44:31.695692
Epoch 632/1000, D_loss=0.732721, reward=-7.731153
Epoch: 632: 2022-04-21 09:44:42.433466
Epoch 633/1000, D_loss=0.735641, reward=-7.725636
Epoch: 633: 2022-04-21 09:44:53.248231
Epoch 634/1000, D_loss=0.735199, reward=-7.726938
Epoch: 634: 2022-04-21 09:45:04.078468
Epoch 635/1000, D_loss=0.736950, reward=-7.723749
Epoch: 635: 2022-04-21 09:45:14.543008
Epoch 636/1000, D_loss=0.736149, reward=-7.725180
Epoch: 636: 2022-04-21 09:45:25.709391
Epoch 637/1000, D_loss=0.735461, reward=-7.726341
Epoch: 637: 2022-04-21 09:45:36.929901
Epoch 638/1000, D_loss=0.734882, reward=-7.726122
Epoch: 638: 2022-04-21 09:45:47.855214
Epoch 639/1000, D_loss=0.737877, reward=-7.722571
Epoch: 639: 2022-04-21 09:45:58.854316
Epoch 640/1000, D_loss=0.736902, reward=-7.724272
Test_MRR=0.386697, Test_MR=360.922030, Test_H@10=0.639280
Epoch: 640: 2022-04-21 09:53:35.531263
Epoch 641/1000, D_loss=0.736958, reward=-7.723546
Epoch: 641: 2022-04-21 09:53:46.305173
Epoch 642/1000, D_loss=0.734824, reward=-7.727427
Epoch: 642: 2022-04-21 09:53:56.992098
Epoch 643/1000, D_loss=0.738806, reward=-7.721505
Epoch: 643: 2022-04-21 09:54:07.249431
Epoch 644/1000, D_loss=0.737005, reward=-7.723146
Epoch: 644: 2022-04-21 09:54:17.996627
Epoch 645/1000, D_loss=0.736583, reward=-7.723478
Epoch: 645: 2022-04-21 09:54:28.689190
Epoch 646/1000, D_loss=0.738225, reward=-7.720790
Epoch: 646: 2022-04-21 09:54:39.449576
Epoch 647/1000, D_loss=0.735474, reward=-7.724513
Epoch: 647: 2022-04-21 09:54:50.324396
Epoch 648/1000, D_loss=0.738677, reward=-7.718329
Epoch: 648: 2022-04-21 09:55:01.622938
Epoch 649/1000, D_loss=0.736952, reward=-7.721539
Epoch: 649: 2022-04-21 09:55:13.099349
Epoch 650/1000, D_loss=0.735768, reward=-7.722564
Test_MRR=0.385922, Test_MR=362.778400, Test_H@10=0.638370
Epoch: 650: 2022-04-21 10:02:53.914592
Epoch 651/1000, D_loss=0.734695, reward=-7.723838
Epoch: 651: 2022-04-21 10:03:04.193564
Epoch 652/1000, D_loss=0.737147, reward=-7.722155
Epoch: 652: 2022-04-21 10:03:14.696631
Epoch 653/1000, D_loss=0.734093, reward=-7.723742
Epoch: 653: 2022-04-21 10:03:25.821512
Epoch 654/1000, D_loss=0.734983, reward=-7.725583
Epoch: 654: 2022-04-21 10:03:36.568904
Epoch 655/1000, D_loss=0.734924, reward=-7.723833
Epoch: 655: 2022-04-21 10:03:47.347619
Epoch 656/1000, D_loss=0.736914, reward=-7.720740
Epoch: 656: 2022-04-21 10:03:57.979439
Epoch 657/1000, D_loss=0.735712, reward=-7.721886
Epoch: 657: 2022-04-21 10:04:08.271758
Epoch 658/1000, D_loss=0.734515, reward=-7.723131
Epoch: 658: 2022-04-21 10:04:18.806307
Epoch 659/1000, D_loss=0.736608, reward=-7.718687
Epoch: 659: 2022-04-21 10:04:29.196399
Epoch 660/1000, D_loss=0.736151, reward=-7.720264
Test_MRR=0.387288, Test_MR=356.710020, Test_H@10=0.636860
Epoch: 660: 2022-04-21 10:11:55.894334
Epoch 661/1000, D_loss=0.734866, reward=-7.722562
Epoch: 661: 2022-04-21 10:12:06.669627
Epoch 662/1000, D_loss=0.738874, reward=-7.716860
Epoch: 662: 2022-04-21 10:12:16.944851
Epoch 663/1000, D_loss=0.736477, reward=-7.720273
Epoch: 663: 2022-04-21 10:12:27.828848
Epoch 664/1000, D_loss=0.738846, reward=-7.716750
Epoch: 664: 2022-04-21 10:12:38.982291
Epoch 665/1000, D_loss=0.736013, reward=-7.719975
Epoch: 665: 2022-04-21 10:12:49.415757
Epoch 666/1000, D_loss=0.737803, reward=-7.716681
Epoch: 666: 2022-04-21 10:13:00.410680
Epoch 667/1000, D_loss=0.736033, reward=-7.721232
Epoch: 667: 2022-04-21 10:13:10.745218
Epoch 668/1000, D_loss=0.737331, reward=-7.717338
Epoch: 668: 2022-04-21 10:13:21.606818
Epoch 669/1000, D_loss=0.736590, reward=-7.718540
Epoch: 669: 2022-04-21 10:13:32.487117
Epoch 670/1000, D_loss=0.736315, reward=-7.718689
Test_MRR=0.388250, Test_MR=360.489230, Test_H@10=0.639240
Epoch: 670: 2022-04-21 10:21:25.664364
Epoch 671/1000, D_loss=0.736748, reward=-7.716991
Epoch: 671: 2022-04-21 10:21:36.606777
Epoch 672/1000, D_loss=0.735312, reward=-7.719152
Epoch: 672: 2022-04-21 10:21:47.071210
Epoch 673/1000, D_loss=0.736366, reward=-7.718413
Epoch: 673: 2022-04-21 10:21:57.864535
Epoch 674/1000, D_loss=0.736018, reward=-7.717704
Epoch: 674: 2022-04-21 10:22:08.512971
Epoch 675/1000, D_loss=0.737904, reward=-7.714942
Epoch: 675: 2022-04-21 10:22:18.940243
Epoch 676/1000, D_loss=0.738177, reward=-7.715428
Epoch: 676: 2022-04-21 10:22:29.715290
Epoch 677/1000, D_loss=0.736957, reward=-7.715347
Epoch: 677: 2022-04-21 10:22:40.221902
Epoch 678/1000, D_loss=0.736159, reward=-7.714674
Epoch: 678: 2022-04-21 10:22:50.562359
Epoch 679/1000, D_loss=0.737974, reward=-7.713927
Epoch: 679: 2022-04-21 10:23:00.483345
Epoch 680/1000, D_loss=0.738240, reward=-7.714072
Test_MRR=0.387775, Test_MR=358.091810, Test_H@10=0.638340
Epoch: 680: 2022-04-21 10:30:33.193843
Epoch 681/1000, D_loss=0.740081, reward=-7.710310
Epoch: 681: 2022-04-21 10:30:44.264276
Epoch 682/1000, D_loss=0.737418, reward=-7.714415
Epoch: 682: 2022-04-21 10:30:55.208117
Epoch 683/1000, D_loss=0.735723, reward=-7.715896
Epoch: 683: 2022-04-21 10:31:06.112784
Epoch 684/1000, D_loss=0.737237, reward=-7.714795
Epoch: 684: 2022-04-21 10:31:16.886169
Epoch 685/1000, D_loss=0.738065, reward=-7.712626
Epoch: 685: 2022-04-21 10:31:27.318587
Epoch 686/1000, D_loss=0.738105, reward=-7.712815
Epoch: 686: 2022-04-21 10:31:37.892005
Epoch 687/1000, D_loss=0.738756, reward=-7.710354
Epoch: 687: 2022-04-21 10:31:48.655981
Epoch 688/1000, D_loss=0.737942, reward=-7.711764
Epoch: 688: 2022-04-21 10:31:59.722972
Epoch 689/1000, D_loss=0.737488, reward=-7.712439
Epoch: 689: 2022-04-21 10:32:10.488553
Epoch 690/1000, D_loss=0.741961, reward=-7.706851
Test_MRR=0.388335, Test_MR=354.592480, Test_H@10=0.639360
Epoch: 690: 2022-04-21 10:39:46.532932
Epoch 691/1000, D_loss=0.735621, reward=-7.713183
Epoch: 691: 2022-04-21 10:39:57.035933
Epoch 692/1000, D_loss=0.739072, reward=-7.711097
Epoch: 692: 2022-04-21 10:40:07.905595
Epoch 693/1000, D_loss=0.739279, reward=-7.708101
Epoch: 693: 2022-04-21 10:40:18.252943
Epoch 694/1000, D_loss=0.739595, reward=-7.709435
Epoch: 694: 2022-04-21 10:40:28.432594
Epoch 695/1000, D_loss=0.737170, reward=-7.712269
Epoch: 695: 2022-04-21 10:40:38.926782
Epoch 696/1000, D_loss=0.739382, reward=-7.709884
Epoch: 696: 2022-04-21 10:40:49.806125
Epoch 697/1000, D_loss=0.738393, reward=-7.711165
Epoch: 697: 2022-04-21 10:41:01.035619
Epoch 698/1000, D_loss=0.741714, reward=-7.706278
Epoch: 698: 2022-04-21 10:41:11.442465
Epoch 699/1000, D_loss=0.738641, reward=-7.710946
Epoch: 699: 2022-04-21 10:41:22.134906
Epoch 700/1000, D_loss=0.739626, reward=-7.707001
Test_MRR=0.388478, Test_MR=359.134830, Test_H@10=0.639280
Epoch: 700: 2022-04-21 10:49:06.906406
Epoch 701/1000, D_loss=0.737333, reward=-7.711045
Epoch: 701: 2022-04-21 10:49:18.018677
Epoch 702/1000, D_loss=0.738514, reward=-7.709947
Epoch: 702: 2022-04-21 10:49:28.781404
Epoch 703/1000, D_loss=0.737150, reward=-7.711973
Epoch: 703: 2022-04-21 10:49:39.321813
Epoch 704/1000, D_loss=0.738991, reward=-7.708638
Epoch: 704: 2022-04-21 10:49:50.432861
Epoch 705/1000, D_loss=0.740841, reward=-7.705855
Epoch: 705: 2022-04-21 10:50:00.952811
Epoch 706/1000, D_loss=0.740192, reward=-7.706671
Epoch: 706: 2022-04-21 10:50:11.693431
Epoch 707/1000, D_loss=0.740308, reward=-7.704291
Epoch: 707: 2022-04-21 10:50:22.070667
Epoch 708/1000, D_loss=0.738694, reward=-7.706231
Epoch: 708: 2022-04-21 10:50:32.825709
Epoch 709/1000, D_loss=0.740252, reward=-7.705163
Epoch: 709: 2022-04-21 10:50:43.060419
Epoch 710/1000, D_loss=0.735768, reward=-7.710397
Test_MRR=0.389178, Test_MR=360.658220, Test_H@10=0.639810
Epoch: 710: 2022-04-21 10:58:14.004943
Epoch 711/1000, D_loss=0.736062, reward=-7.709979
Epoch: 711: 2022-04-21 10:58:24.797091
Epoch 712/1000, D_loss=0.737682, reward=-7.706188
Epoch: 712: 2022-04-21 10:58:34.840973
Epoch 713/1000, D_loss=0.740459, reward=-7.705650
Epoch: 713: 2022-04-21 10:58:45.368948
Epoch 714/1000, D_loss=0.739884, reward=-7.706118
Epoch: 714: 2022-04-21 10:58:56.078349
Epoch 715/1000, D_loss=0.736338, reward=-7.709808
Epoch: 715: 2022-04-21 10:59:06.689345
Epoch 716/1000, D_loss=0.737656, reward=-7.708919
Epoch: 716: 2022-04-21 10:59:17.485517
Epoch 717/1000, D_loss=0.741292, reward=-7.704236
Epoch: 717: 2022-04-21 10:59:28.411479
Epoch 718/1000, D_loss=0.738280, reward=-7.707376
Epoch: 718: 2022-04-21 10:59:39.132230
Epoch 719/1000, D_loss=0.739000, reward=-7.705729
Epoch: 719: 2022-04-21 10:59:49.840170
Epoch 720/1000, D_loss=0.739701, reward=-7.703427
Test_MRR=0.389592, Test_MR=358.415180, Test_H@10=0.640270
Epoch: 720: 2022-04-21 11:07:29.316153
Epoch 721/1000, D_loss=0.741401, reward=-7.702111
Epoch: 721: 2022-04-21 11:07:39.578829
Epoch 722/1000, D_loss=0.737787, reward=-7.706991
Epoch: 722: 2022-04-21 11:07:50.408777
Epoch 723/1000, D_loss=0.737882, reward=-7.707982
Epoch: 723: 2022-04-21 11:08:01.206284
Epoch 724/1000, D_loss=0.739751, reward=-7.706132
Epoch: 724: 2022-04-21 11:08:11.815902
Epoch 725/1000, D_loss=0.741950, reward=-7.701667
Epoch: 725: 2022-04-21 11:08:22.545696
Epoch 726/1000, D_loss=0.738826, reward=-7.703766
Epoch: 726: 2022-04-21 11:08:33.583129
Epoch 727/1000, D_loss=0.740253, reward=-7.703748
Epoch: 727: 2022-04-21 11:08:44.123337
Epoch 728/1000, D_loss=0.739676, reward=-7.703290
Epoch: 728: 2022-04-21 11:08:54.473734
Epoch 729/1000, D_loss=0.740007, reward=-7.704626
Epoch: 729: 2022-04-21 11:09:05.171514
Epoch 730/1000, D_loss=0.740773, reward=-7.704053
Test_MRR=0.390323, Test_MR=357.103040, Test_H@10=0.639770
Epoch: 730: 2022-04-21 11:16:35.749003
Epoch 731/1000, D_loss=0.740511, reward=-7.702508
Epoch: 731: 2022-04-21 11:16:46.829916
Epoch 732/1000, D_loss=0.738019, reward=-7.705649
Epoch: 732: 2022-04-21 11:16:57.722435
Epoch 733/1000, D_loss=0.737783, reward=-7.705863
Epoch: 733: 2022-04-21 11:17:08.818850
Epoch 734/1000, D_loss=0.741754, reward=-7.700319
Epoch: 734: 2022-04-21 11:17:19.508796
Epoch 735/1000, D_loss=0.738977, reward=-7.703840
Epoch: 735: 2022-04-21 11:17:30.231407
Epoch 736/1000, D_loss=0.740461, reward=-7.700852
Epoch: 736: 2022-04-21 11:17:41.103321
Epoch 737/1000, D_loss=0.739114, reward=-7.702806
Epoch: 737: 2022-04-21 11:17:51.782169
Epoch 738/1000, D_loss=0.739778, reward=-7.702781
Epoch: 738: 2022-04-21 11:18:01.876406
Epoch 739/1000, D_loss=0.737716, reward=-7.703384
Epoch: 739: 2022-04-21 11:18:12.398704
Epoch 740/1000, D_loss=0.741399, reward=-7.700552
Test_MRR=0.389980, Test_MR=353.358180, Test_H@10=0.640290
Epoch: 740: 2022-04-21 11:25:44.786717
Epoch 741/1000, D_loss=0.740125, reward=-7.698760
Epoch: 741: 2022-04-21 11:25:55.117119
Epoch 742/1000, D_loss=0.740630, reward=-7.699347
Epoch: 742: 2022-04-21 11:26:05.630115
Epoch 743/1000, D_loss=0.741084, reward=-7.700409
Epoch: 743: 2022-04-21 11:26:16.211734
Epoch 744/1000, D_loss=0.743017, reward=-7.698195
Epoch: 744: 2022-04-21 11:26:27.156246
Epoch 745/1000, D_loss=0.739780, reward=-7.701677
Epoch: 745: 2022-04-21 11:26:37.431689
Epoch 746/1000, D_loss=0.742431, reward=-7.697608
Epoch: 746: 2022-04-21 11:26:48.242649
Epoch 747/1000, D_loss=0.737631, reward=-7.703736
Epoch: 747: 2022-04-21 11:26:58.631866
Epoch 748/1000, D_loss=0.740000, reward=-7.698242
Epoch: 748: 2022-04-21 11:27:09.581144
Epoch 749/1000, D_loss=0.741661, reward=-7.696573
Epoch: 749: 2022-04-21 11:27:20.162153
Epoch 750/1000, D_loss=0.740950, reward=-7.696047
Test_MRR=0.389611, Test_MR=355.543110, Test_H@10=0.639010
Epoch: 750: 2022-04-21 11:34:59.833283
Epoch 751/1000, D_loss=0.739011, reward=-7.698871
Epoch: 751: 2022-04-21 11:35:10.613177
Epoch 752/1000, D_loss=0.741051, reward=-7.698083
Epoch: 752: 2022-04-21 11:35:21.292407
Epoch 753/1000, D_loss=0.742764, reward=-7.694800
Epoch: 753: 2022-04-21 11:35:32.240800
Epoch 754/1000, D_loss=0.740244, reward=-7.698203
Epoch: 754: 2022-04-21 11:35:43.043665
Epoch 755/1000, D_loss=0.742537, reward=-7.695098
Epoch: 755: 2022-04-21 11:35:53.879988
Epoch 756/1000, D_loss=0.742803, reward=-7.695241
Epoch: 756: 2022-04-21 11:36:04.438246
Epoch 757/1000, D_loss=0.740634, reward=-7.697146
Epoch: 757: 2022-04-21 11:36:14.874111
Epoch 758/1000, D_loss=0.740159, reward=-7.698730
Epoch: 758: 2022-04-21 11:36:25.539048
Epoch 759/1000, D_loss=0.740132, reward=-7.697038
Epoch: 759: 2022-04-21 11:36:36.115270
Epoch 760/1000, D_loss=0.739492, reward=-7.698088
Test_MRR=0.390435, Test_MR=358.014910, Test_H@10=0.640210
Epoch: 760: 2022-04-21 11:44:00.565618
Epoch 761/1000, D_loss=0.738837, reward=-7.698727
Epoch: 761: 2022-04-21 11:44:11.861636
Epoch 762/1000, D_loss=0.739132, reward=-7.698039
Epoch: 762: 2022-04-21 11:44:22.440421
Epoch 763/1000, D_loss=0.740228, reward=-7.699105
Epoch: 763: 2022-04-21 11:44:33.300495
Epoch 764/1000, D_loss=0.741423, reward=-7.695223
Epoch: 764: 2022-04-21 11:44:44.250195
Epoch 765/1000, D_loss=0.742751, reward=-7.693499
Epoch: 765: 2022-04-21 11:44:54.613969
Epoch 766/1000, D_loss=0.740500, reward=-7.695239
Epoch: 766: 2022-04-21 11:45:05.368616
Epoch 767/1000, D_loss=0.742145, reward=-7.692136
Epoch: 767: 2022-04-21 11:45:15.887630
Epoch 768/1000, D_loss=0.740429, reward=-7.696169
Epoch: 768: 2022-04-21 11:45:26.472866
Epoch 769/1000, D_loss=0.741688, reward=-7.693557
Epoch: 769: 2022-04-21 11:45:37.182677
Epoch 770/1000, D_loss=0.741971, reward=-7.693188
Test_MRR=0.389224, Test_MR=360.337840, Test_H@10=0.639390
Epoch: 770: 2022-04-21 11:53:24.258052
Epoch 771/1000, D_loss=0.740704, reward=-7.696239
Epoch: 771: 2022-04-21 11:53:35.525332
Epoch 772/1000, D_loss=0.740648, reward=-7.694453
Epoch: 772: 2022-04-21 11:53:46.151086
Epoch 773/1000, D_loss=0.740572, reward=-7.694102
Epoch: 773: 2022-04-21 11:53:56.501660
Epoch 774/1000, D_loss=0.745244, reward=-7.687543
Epoch: 774: 2022-04-21 11:54:07.044310
Epoch 775/1000, D_loss=0.741370, reward=-7.693973
Epoch: 775: 2022-04-21 11:54:17.312930
Epoch 776/1000, D_loss=0.741217, reward=-7.693233
Epoch: 776: 2022-04-21 11:54:28.294145
Epoch 777/1000, D_loss=0.742036, reward=-7.693601
Epoch: 777: 2022-04-21 11:54:39.353300
Epoch 778/1000, D_loss=0.741304, reward=-7.692293
Epoch: 778: 2022-04-21 11:54:49.823915
Epoch 779/1000, D_loss=0.740430, reward=-7.693897
Epoch: 779: 2022-04-21 11:55:00.729389
Epoch 780/1000, D_loss=0.742955, reward=-7.690472
Test_MRR=0.390740, Test_MR=358.546880, Test_H@10=0.641230
Epoch: 780: 2022-04-21 12:02:31.937401
Epoch 781/1000, D_loss=0.741786, reward=-7.690526
Epoch: 781: 2022-04-21 12:02:43.191765
Epoch 782/1000, D_loss=0.742510, reward=-7.689717
Epoch: 782: 2022-04-21 12:02:54.113774
Epoch 783/1000, D_loss=0.743174, reward=-7.688543
Epoch: 783: 2022-04-21 12:03:05.060805
Epoch 784/1000, D_loss=0.739081, reward=-7.694237
Epoch: 784: 2022-04-21 12:03:16.095447
Epoch 785/1000, D_loss=0.742324, reward=-7.689376
Epoch: 785: 2022-04-21 12:03:26.745146
Epoch 786/1000, D_loss=0.739233, reward=-7.693609
Epoch: 786: 2022-04-21 12:03:37.796686
Epoch 787/1000, D_loss=0.741399, reward=-7.690245
Epoch: 787: 2022-04-21 12:03:48.769657
Epoch 788/1000, D_loss=0.743095, reward=-7.688643
Epoch: 788: 2022-04-21 12:03:59.647982
Epoch 789/1000, D_loss=0.741012, reward=-7.690917
Epoch: 789: 2022-04-21 12:04:10.673186
Epoch 790/1000, D_loss=0.741864, reward=-7.689249
Test_MRR=0.391336, Test_MR=354.454690, Test_H@10=0.641910
Epoch: 790: 2022-04-21 12:11:47.369455
Epoch 791/1000, D_loss=0.742920, reward=-7.685323
Epoch: 791: 2022-04-21 12:11:58.282377
Epoch 792/1000, D_loss=0.741034, reward=-7.688428
Epoch: 792: 2022-04-21 12:12:09.119443
Epoch 793/1000, D_loss=0.742180, reward=-7.687271
Epoch: 793: 2022-04-21 12:12:20.163712
Epoch 794/1000, D_loss=0.742463, reward=-7.689498
Epoch: 794: 2022-04-21 12:12:30.418507
Epoch 795/1000, D_loss=0.743227, reward=-7.688196
Epoch: 795: 2022-04-21 12:12:40.969649
Epoch 796/1000, D_loss=0.743559, reward=-7.687234
Epoch: 796: 2022-04-21 12:12:51.920891
Epoch 797/1000, D_loss=0.740559, reward=-7.692593
Epoch: 797: 2022-04-21 12:13:02.560826
Epoch 798/1000, D_loss=0.742028, reward=-7.689229
Epoch: 798: 2022-04-21 12:13:13.118222
Epoch 799/1000, D_loss=0.744160, reward=-7.684808
Epoch: 799: 2022-04-21 12:13:23.408382
Epoch 800/1000, D_loss=0.742569, reward=-7.688157
Test_MRR=0.389807, Test_MR=352.198060, Test_H@10=0.641130
Epoch: 800: 2022-04-21 12:21:03.106723
Epoch 801/1000, D_loss=0.740995, reward=-7.687308
Epoch: 801: 2022-04-21 12:21:13.844233
Epoch 802/1000, D_loss=0.746080, reward=-7.682690
Epoch: 802: 2022-04-21 12:21:24.793439
Epoch 803/1000, D_loss=0.740888, reward=-7.688613
Epoch: 803: 2022-04-21 12:21:35.287508
Epoch 804/1000, D_loss=0.740078, reward=-7.691314
Epoch: 804: 2022-04-21 12:21:45.678258
Epoch 805/1000, D_loss=0.741205, reward=-7.689287
Epoch: 805: 2022-04-21 12:21:56.547256
Epoch 806/1000, D_loss=0.741645, reward=-7.687346
Epoch: 806: 2022-04-21 12:22:07.163190
Epoch 807/1000, D_loss=0.742394, reward=-7.686617
Epoch: 807: 2022-04-21 12:22:18.645300
Epoch 808/1000, D_loss=0.742220, reward=-7.686520
Epoch: 808: 2022-04-21 12:22:29.291483
Epoch 809/1000, D_loss=0.742879, reward=-7.684159
Epoch: 809: 2022-04-21 12:22:39.705282
Epoch 810/1000, D_loss=0.739435, reward=-7.689572
Test_MRR=0.391297, Test_MR=355.786580, Test_H@10=0.642190
Epoch: 810: 2022-04-21 12:30:15.531409
Epoch 811/1000, D_loss=0.743123, reward=-7.686011
Epoch: 811: 2022-04-21 12:30:25.978567
Epoch 812/1000, D_loss=0.741896, reward=-7.686421
Epoch: 812: 2022-04-21 12:30:36.356968
Epoch 813/1000, D_loss=0.741084, reward=-7.688700
Epoch: 813: 2022-04-21 12:30:47.460847
Epoch 814/1000, D_loss=0.742417, reward=-7.686313
Epoch: 814: 2022-04-21 12:30:58.185276
Epoch 815/1000, D_loss=0.742559, reward=-7.685378
Epoch: 815: 2022-04-21 12:31:09.264062
Epoch 816/1000, D_loss=0.741017, reward=-7.686377
Epoch: 816: 2022-04-21 12:31:19.602105
Epoch 817/1000, D_loss=0.739708, reward=-7.687872
Epoch: 817: 2022-04-21 12:31:30.503071
Epoch 818/1000, D_loss=0.742159, reward=-7.683395
Epoch: 818: 2022-04-21 12:31:41.239985
Epoch 819/1000, D_loss=0.742208, reward=-7.683812
Epoch: 819: 2022-04-21 12:31:51.457293
Epoch 820/1000, D_loss=0.743622, reward=-7.682629
Test_MRR=0.391488, Test_MR=353.024250, Test_H@10=0.641560
Epoch: 820: 2022-04-21 12:39:32.564340
Epoch 821/1000, D_loss=0.741947, reward=-7.683683
Epoch: 821: 2022-04-21 12:39:43.260811
Epoch 822/1000, D_loss=0.742707, reward=-7.683119
Epoch: 822: 2022-04-21 12:39:53.872119
Epoch 823/1000, D_loss=0.742108, reward=-7.683414
Epoch: 823: 2022-04-21 12:40:04.636913
Epoch 824/1000, D_loss=0.745551, reward=-7.677504
Epoch: 824: 2022-04-21 12:40:15.848070
Epoch 825/1000, D_loss=0.744414, reward=-7.680224
Epoch: 825: 2022-04-21 12:40:26.930250
Epoch 826/1000, D_loss=0.745419, reward=-7.679919
Epoch: 826: 2022-04-21 12:40:37.616816
Epoch 827/1000, D_loss=0.742709, reward=-7.681448
Epoch: 827: 2022-04-21 12:40:48.003298
Epoch 828/1000, D_loss=0.743577, reward=-7.680218
Epoch: 828: 2022-04-21 12:40:58.459999
Epoch 829/1000, D_loss=0.743455, reward=-7.680241
Epoch: 829: 2022-04-21 12:41:09.150537
Epoch 830/1000, D_loss=0.739939, reward=-7.684864
Test_MRR=0.391146, Test_MR=352.640070, Test_H@10=0.642840
Epoch: 830: 2022-04-21 12:48:39.203166
Epoch 831/1000, D_loss=0.741691, reward=-7.683516
Epoch: 831: 2022-04-21 12:48:49.639520
Epoch 832/1000, D_loss=0.743661, reward=-7.681528
Epoch: 832: 2022-04-21 12:49:00.858555
Epoch 833/1000, D_loss=0.742993, reward=-7.681556
Epoch: 833: 2022-04-21 12:49:12.179454
Epoch 834/1000, D_loss=0.746022, reward=-7.678648
Epoch: 834: 2022-04-21 12:49:23.281002
Epoch 835/1000, D_loss=0.744873, reward=-7.678102
Epoch: 835: 2022-04-21 12:49:34.274007
Epoch 836/1000, D_loss=0.742389, reward=-7.681981
Epoch: 836: 2022-04-21 12:49:45.177330
Epoch 837/1000, D_loss=0.744732, reward=-7.677547
Epoch: 837: 2022-04-21 12:49:56.418948
Epoch 838/1000, D_loss=0.741559, reward=-7.682154
Epoch: 838: 2022-04-21 12:50:07.486492
Epoch 839/1000, D_loss=0.742920, reward=-7.679427
Epoch: 839: 2022-04-21 12:50:18.465400
Epoch 840/1000, D_loss=0.743325, reward=-7.678288
Test_MRR=0.392894, Test_MR=353.102310, Test_H@10=0.644530
Epoch: 840: 2022-04-21 12:57:52.542921
Epoch 841/1000, D_loss=0.745448, reward=-7.676503
Epoch: 841: 2022-04-21 12:58:03.716527
Epoch 842/1000, D_loss=0.743313, reward=-7.680883
Epoch: 842: 2022-04-21 12:58:14.520720
Epoch 843/1000, D_loss=0.745023, reward=-7.676560
Epoch: 843: 2022-04-21 12:58:25.080770
Epoch 844/1000, D_loss=0.744074, reward=-7.678293
Epoch: 844: 2022-04-21 12:58:35.471695
Epoch 845/1000, D_loss=0.742735, reward=-7.678187
Epoch: 845: 2022-04-21 12:58:45.768815
Epoch 846/1000, D_loss=0.743122, reward=-7.678677
Epoch: 846: 2022-04-21 12:58:56.128594
Epoch 847/1000, D_loss=0.741253, reward=-7.681674
Epoch: 847: 2022-04-21 12:59:06.703426
Epoch 848/1000, D_loss=0.744941, reward=-7.677410
Epoch: 848: 2022-04-21 12:59:16.963340
Epoch 849/1000, D_loss=0.743812, reward=-7.676613
Epoch: 849: 2022-04-21 12:59:27.853842
Epoch 850/1000, D_loss=0.743397, reward=-7.677587
Test_MRR=0.393397, Test_MR=350.531720, Test_H@10=0.642890
Epoch: 850: 2022-04-21 13:07:09.224974
Epoch 851/1000, D_loss=0.744183, reward=-7.675990
Epoch: 851: 2022-04-21 13:07:19.896872
Epoch 852/1000, D_loss=0.744785, reward=-7.676761
Epoch: 852: 2022-04-21 13:07:30.740511
Epoch 853/1000, D_loss=0.746101, reward=-7.675152
Epoch: 853: 2022-04-21 13:07:41.716022
Epoch 854/1000, D_loss=0.743155, reward=-7.679098
Epoch: 854: 2022-04-21 13:07:52.675129
Epoch 855/1000, D_loss=0.746258, reward=-7.674014
Epoch: 855: 2022-04-21 13:08:03.343271
Epoch 856/1000, D_loss=0.744725, reward=-7.674442
Epoch: 856: 2022-04-21 13:08:13.950649
Epoch 857/1000, D_loss=0.742658, reward=-7.677691
Epoch: 857: 2022-04-21 13:08:24.480633
Epoch 858/1000, D_loss=0.744485, reward=-7.674531
Epoch: 858: 2022-04-21 13:08:34.623648
Epoch 859/1000, D_loss=0.742141, reward=-7.678014
Epoch: 859: 2022-04-21 13:08:45.118484
Epoch 860/1000, D_loss=0.743713, reward=-7.674759
Test_MRR=0.393632, Test_MR=352.014860, Test_H@10=0.643160
Epoch: 860: 2022-04-21 13:16:10.943830
Epoch 861/1000, D_loss=0.746300, reward=-7.673503
Epoch: 861: 2022-04-21 13:16:21.535898
Epoch 862/1000, D_loss=0.747472, reward=-7.671595
Epoch: 862: 2022-04-21 13:16:32.635596
Epoch 863/1000, D_loss=0.745201, reward=-7.674501
Epoch: 863: 2022-04-21 13:16:43.406134
Epoch 864/1000, D_loss=0.745843, reward=-7.670154
Epoch: 864: 2022-04-21 13:16:54.259538
Epoch 865/1000, D_loss=0.745485, reward=-7.671403
Epoch: 865: 2022-04-21 13:17:05.480557
Epoch 866/1000, D_loss=0.743538, reward=-7.676586
Epoch: 866: 2022-04-21 13:17:16.223724
Epoch 867/1000, D_loss=0.743632, reward=-7.675624
Epoch: 867: 2022-04-21 13:17:26.788647
Epoch 868/1000, D_loss=0.743540, reward=-7.674632
Epoch: 868: 2022-04-21 13:17:37.262631
Epoch 869/1000, D_loss=0.744284, reward=-7.676969
Epoch: 869: 2022-04-21 13:17:47.737428
Epoch 870/1000, D_loss=0.740993, reward=-7.679837
Test_MRR=0.395314, Test_MR=348.079460, Test_H@10=0.642900
Epoch: 870: 2022-04-21 13:25:22.635997
Epoch 871/1000, D_loss=0.745722, reward=-7.673225
Epoch: 871: 2022-04-21 13:25:33.820858
Epoch 872/1000, D_loss=0.743726, reward=-7.675029
Epoch: 872: 2022-04-21 13:25:44.284163
Epoch 873/1000, D_loss=0.744787, reward=-7.674597
Epoch: 873: 2022-04-21 13:25:55.149021
Epoch 874/1000, D_loss=0.746714, reward=-7.670881
Epoch: 874: 2022-04-21 13:26:06.320476
Epoch 875/1000, D_loss=0.744791, reward=-7.672495
Epoch: 875: 2022-04-21 13:26:16.769518
Epoch 876/1000, D_loss=0.746050, reward=-7.671787
Epoch: 876: 2022-04-21 13:26:27.271061
Epoch 877/1000, D_loss=0.747394, reward=-7.669621
Epoch: 877: 2022-04-21 13:26:37.965801
Epoch 878/1000, D_loss=0.743718, reward=-7.674987
Epoch: 878: 2022-04-21 13:26:48.636465
Epoch 879/1000, D_loss=0.740427, reward=-7.678565
Epoch: 879: 2022-04-21 13:26:59.339574
Epoch 880/1000, D_loss=0.746417, reward=-7.669256
Test_MRR=0.393115, Test_MR=343.476510, Test_H@10=0.643800
Epoch: 880: 2022-04-21 13:34:30.881122
Epoch 881/1000, D_loss=0.742746, reward=-7.674167
Epoch: 881: 2022-04-21 13:34:41.202810
Epoch 882/1000, D_loss=0.744052, reward=-7.672532
Epoch: 882: 2022-04-21 13:34:52.392316
Epoch 883/1000, D_loss=0.745385, reward=-7.671390
Epoch: 883: 2022-04-21 13:35:02.853582
Epoch 884/1000, D_loss=0.745105, reward=-7.671488
Epoch: 884: 2022-04-21 13:35:13.453497
Epoch 885/1000, D_loss=0.743972, reward=-7.671053
Epoch: 885: 2022-04-21 13:35:24.184706
Epoch 886/1000, D_loss=0.745504, reward=-7.670028
Epoch: 886: 2022-04-21 13:35:35.002774
Epoch 887/1000, D_loss=0.745202, reward=-7.671262
Epoch: 887: 2022-04-21 13:35:45.968113
Epoch 888/1000, D_loss=0.743302, reward=-7.674755
Epoch: 888: 2022-04-21 13:35:56.628926
Epoch 889/1000, D_loss=0.742005, reward=-7.676057
Epoch: 889: 2022-04-21 13:36:07.413870
Epoch 890/1000, D_loss=0.744075, reward=-7.671628
Test_MRR=0.394218, Test_MR=347.821850, Test_H@10=0.643370
Epoch: 890: 2022-04-21 13:43:39.097121
Epoch 891/1000, D_loss=0.745901, reward=-7.667800
Epoch: 891: 2022-04-21 13:43:49.925045
Epoch 892/1000, D_loss=0.744462, reward=-7.672029
Epoch: 892: 2022-04-21 13:44:00.539944
Epoch 893/1000, D_loss=0.748237, reward=-7.664857
Epoch: 893: 2022-04-21 13:44:11.375858
Epoch 894/1000, D_loss=0.745286, reward=-7.668748
Epoch: 894: 2022-04-21 13:44:22.300320
Epoch 895/1000, D_loss=0.744288, reward=-7.670013
Epoch: 895: 2022-04-21 13:44:33.468365
Epoch 896/1000, D_loss=0.744667, reward=-7.671098
Epoch: 896: 2022-04-21 13:44:44.106450
Epoch 897/1000, D_loss=0.744228, reward=-7.671384
Epoch: 897: 2022-04-21 13:44:54.848520
Epoch 898/1000, D_loss=0.746565, reward=-7.666842
Epoch: 898: 2022-04-21 13:45:05.974874
Epoch 899/1000, D_loss=0.744712, reward=-7.669091
Epoch: 899: 2022-04-21 13:45:16.769730
Epoch 900/1000, D_loss=0.744637, reward=-7.669171
Test_MRR=0.394844, Test_MR=344.029310, Test_H@10=0.644620
Epoch: 900: 2022-04-21 13:53:00.331878
Epoch 901/1000, D_loss=0.746051, reward=-7.667592
Epoch: 901: 2022-04-21 13:53:10.957845
Epoch 902/1000, D_loss=0.744972, reward=-7.669147
Epoch: 902: 2022-04-21 13:53:21.840193
Epoch 903/1000, D_loss=0.746801, reward=-7.665989
Epoch: 903: 2022-04-21 13:53:32.609132
Epoch 904/1000, D_loss=0.745699, reward=-7.665923
Epoch: 904: 2022-04-21 13:53:43.044949
Epoch 905/1000, D_loss=0.747075, reward=-7.665372
Epoch: 905: 2022-04-21 13:53:54.057970
Epoch 906/1000, D_loss=0.747024, reward=-7.664971
Epoch: 906: 2022-04-21 13:54:04.912252
Epoch 907/1000, D_loss=0.744476, reward=-7.667356
Epoch: 907: 2022-04-21 13:54:15.191803
Epoch 908/1000, D_loss=0.744821, reward=-7.667788
Epoch: 908: 2022-04-21 13:54:25.627697
Epoch 909/1000, D_loss=0.746947, reward=-7.665066
Epoch: 909: 2022-04-21 13:54:36.274629
Epoch 910/1000, D_loss=0.746427, reward=-7.665730
Test_MRR=0.396276, Test_MR=344.535120, Test_H@10=0.645990
Epoch: 910: 2022-04-21 14:02:09.992780
Epoch 911/1000, D_loss=0.744882, reward=-7.667430
Epoch: 911: 2022-04-21 14:02:20.298852
Epoch 912/1000, D_loss=0.745129, reward=-7.667643
Epoch: 912: 2022-04-21 14:02:31.197545
Epoch 913/1000, D_loss=0.742501, reward=-7.669972
Epoch: 913: 2022-04-21 14:02:42.665814
Epoch 914/1000, D_loss=0.743583, reward=-7.669304
Epoch: 914: 2022-04-21 14:02:53.012111
Epoch 915/1000, D_loss=0.744852, reward=-7.665233
Epoch: 915: 2022-04-21 14:03:04.129547
Epoch 916/1000, D_loss=0.746364, reward=-7.664219
Epoch: 916: 2022-04-21 14:03:14.929887
Epoch 917/1000, D_loss=0.746901, reward=-7.661020
Epoch: 917: 2022-04-21 14:03:25.372657
Epoch 918/1000, D_loss=0.747169, reward=-7.662140
Epoch: 918: 2022-04-21 14:03:36.055672
Epoch 919/1000, D_loss=0.747451, reward=-7.661615
Epoch: 919: 2022-04-21 14:03:46.561849
Epoch 920/1000, D_loss=0.747661, reward=-7.662489
Test_MRR=0.396059, Test_MR=343.475150, Test_H@10=0.645350
Epoch: 920: 2022-04-21 14:11:26.670293
Epoch 921/1000, D_loss=0.743931, reward=-7.665271
Epoch: 921: 2022-04-21 14:11:37.696265
Epoch 922/1000, D_loss=0.745440, reward=-7.663813
Epoch: 922: 2022-04-21 14:11:48.382256
Epoch 923/1000, D_loss=0.742841, reward=-7.667429
Epoch: 923: 2022-04-21 14:11:59.043355
Epoch 924/1000, D_loss=0.742801, reward=-7.670478
Epoch: 924: 2022-04-21 14:12:09.902923
Epoch 925/1000, D_loss=0.747306, reward=-7.661783
Epoch: 925: 2022-04-21 14:12:20.831240
Epoch 926/1000, D_loss=0.745092, reward=-7.663627
Epoch: 926: 2022-04-21 14:12:30.976019
Epoch 927/1000, D_loss=0.741412, reward=-7.667138
Epoch: 927: 2022-04-21 14:12:41.607757
Epoch 928/1000, D_loss=0.745950, reward=-7.661312
Epoch: 928: 2022-04-21 14:12:52.414020
Epoch 929/1000, D_loss=0.746999, reward=-7.659470
Epoch: 929: 2022-04-21 14:13:03.629926
Epoch 930/1000, D_loss=0.744844, reward=-7.660748
Test_MRR=0.395983, Test_MR=337.618160, Test_H@10=0.644930
Epoch: 930: 2022-04-21 14:20:32.336900
Epoch 931/1000, D_loss=0.745899, reward=-7.660482
Epoch: 931: 2022-04-21 14:20:43.356888
Epoch 932/1000, D_loss=0.746348, reward=-7.661644
Epoch: 932: 2022-04-21 14:20:54.569386
Epoch 933/1000, D_loss=0.746363, reward=-7.659822
Epoch: 933: 2022-04-21 14:21:04.957812
Epoch 934/1000, D_loss=0.746563, reward=-7.658739
Epoch: 934: 2022-04-21 14:21:15.704161
Epoch 935/1000, D_loss=0.747067, reward=-7.659760
Epoch: 935: 2022-04-21 14:21:26.007864
Epoch 936/1000, D_loss=0.746233, reward=-7.662347
Epoch: 936: 2022-04-21 14:21:36.161761
Epoch 937/1000, D_loss=0.748323, reward=-7.657789
Epoch: 937: 2022-04-21 14:21:46.845613
Epoch 938/1000, D_loss=0.746265, reward=-7.659812
Epoch: 938: 2022-04-21 14:21:58.064234
Epoch 939/1000, D_loss=0.744968, reward=-7.660193
Epoch: 939: 2022-04-21 14:22:09.267748
Epoch 940/1000, D_loss=0.747803, reward=-7.658381
Test_MRR=0.397509, Test_MR=341.731580, Test_H@10=0.646450
Epoch: 940: 2022-04-21 14:29:54.236172
Epoch 941/1000, D_loss=0.746866, reward=-7.659719
Epoch: 941: 2022-04-21 14:30:04.647180
Epoch 942/1000, D_loss=0.743502, reward=-7.662839
Epoch: 942: 2022-04-21 14:30:15.200084
Epoch 943/1000, D_loss=0.747596, reward=-7.658106
Epoch: 943: 2022-04-21 14:30:26.598012
Epoch 944/1000, D_loss=0.746678, reward=-7.658687
Epoch: 944: 2022-04-21 14:30:37.450235
Epoch 945/1000, D_loss=0.745746, reward=-7.660186
Epoch: 945: 2022-04-21 14:30:48.656221
Epoch 946/1000, D_loss=0.747771, reward=-7.656850
Epoch: 946: 2022-04-21 14:30:59.415040
Epoch 947/1000, D_loss=0.748381, reward=-7.656308
Epoch: 947: 2022-04-21 14:31:10.201911
Epoch 948/1000, D_loss=0.746289, reward=-7.659925
Epoch: 948: 2022-04-21 14:31:20.898404
Epoch 949/1000, D_loss=0.746369, reward=-7.659554
Epoch: 949: 2022-04-21 14:31:31.307792
Epoch 950/1000, D_loss=0.747193, reward=-7.657106
Test_MRR=0.396996, Test_MR=337.257710, Test_H@10=0.645680
Epoch: 950: 2022-04-21 14:39:07.385649
Epoch 951/1000, D_loss=0.748526, reward=-7.654646
Epoch: 951: 2022-04-21 14:39:17.937529
Epoch 952/1000, D_loss=0.745719, reward=-7.658680
Epoch: 952: 2022-04-21 14:39:28.553767
Epoch 953/1000, D_loss=0.745470, reward=-7.658538
Epoch: 953: 2022-04-21 14:39:39.630402
Epoch 954/1000, D_loss=0.749957, reward=-7.652490
Epoch: 954: 2022-04-21 14:39:50.153607
Epoch 955/1000, D_loss=0.745917, reward=-7.658556
Epoch: 955: 2022-04-21 14:40:00.707697
Epoch 956/1000, D_loss=0.746655, reward=-7.656713
Epoch: 956: 2022-04-21 14:40:11.116665
Epoch 957/1000, D_loss=0.747187, reward=-7.655210
Epoch: 957: 2022-04-21 14:40:22.020524
Epoch 958/1000, D_loss=0.748762, reward=-7.651950
Epoch: 958: 2022-04-21 14:40:32.574413
Epoch 959/1000, D_loss=0.747643, reward=-7.652304
Epoch: 959: 2022-04-21 14:40:43.307346
Epoch 960/1000, D_loss=0.746588, reward=-7.652455
Test_MRR=0.396852, Test_MR=339.149520, Test_H@10=0.646200
Epoch: 960: 2022-04-21 14:48:15.243033
Epoch 961/1000, D_loss=0.746759, reward=-7.653342
Epoch: 961: 2022-04-21 14:48:25.467124
Epoch 962/1000, D_loss=0.749249, reward=-7.650948
Epoch: 962: 2022-04-21 14:48:35.745700
Epoch 963/1000, D_loss=0.746346, reward=-7.653956
Epoch: 963: 2022-04-21 14:48:46.593208
Epoch 964/1000, D_loss=0.746637, reward=-7.653789
Epoch: 964: 2022-04-21 14:48:57.656997
Epoch 965/1000, D_loss=0.747187, reward=-7.653014
Epoch: 965: 2022-04-21 14:49:08.192961
Epoch 966/1000, D_loss=0.747194, reward=-7.653152
Epoch: 966: 2022-04-21 14:49:18.505594
Epoch 967/1000, D_loss=0.750247, reward=-7.646959
Epoch: 967: 2022-04-21 14:49:29.004653
Epoch 968/1000, D_loss=0.748051, reward=-7.650677
Epoch: 968: 2022-04-21 14:49:39.717148
Epoch 969/1000, D_loss=0.746747, reward=-7.652542
Epoch: 969: 2022-04-21 14:49:50.616954
Epoch 970/1000, D_loss=0.746167, reward=-7.653999
Test_MRR=0.398194, Test_MR=332.448810, Test_H@10=0.648700
Epoch: 970: 2022-04-21 14:57:28.409859
Epoch 971/1000, D_loss=0.749978, reward=-7.649191
Epoch: 971: 2022-04-21 14:57:39.132283
Epoch 972/1000, D_loss=0.746296, reward=-7.652020
Epoch: 972: 2022-04-21 14:57:50.199782
Epoch 973/1000, D_loss=0.748923, reward=-7.650484
Epoch: 973: 2022-04-21 14:58:00.478317
Epoch 974/1000, D_loss=0.743757, reward=-7.658259
Epoch: 974: 2022-04-21 14:58:11.719671
Epoch 975/1000, D_loss=0.747131, reward=-7.652578
Epoch: 975: 2022-04-21 14:58:22.294539
Epoch 976/1000, D_loss=0.746847, reward=-7.652860
Epoch: 976: 2022-04-21 14:58:32.798018
Epoch 977/1000, D_loss=0.749142, reward=-7.650268
Epoch: 977: 2022-04-21 14:58:43.737548
Epoch 978/1000, D_loss=0.747399, reward=-7.651945
Epoch: 978: 2022-04-21 14:58:54.079540
Epoch 979/1000, D_loss=0.748808, reward=-7.649453
Epoch: 979: 2022-04-21 14:59:04.313643
Epoch 980/1000, D_loss=0.747177, reward=-7.650598
Test_MRR=0.398834, Test_MR=333.517360, Test_H@10=0.647080
Epoch: 980: 2022-04-21 15:06:36.654116
Epoch 981/1000, D_loss=0.748853, reward=-7.647787
Epoch: 981: 2022-04-21 15:06:47.058568
Epoch 982/1000, D_loss=0.746914, reward=-7.652999
Epoch: 982: 2022-04-21 15:06:58.383150
Epoch 983/1000, D_loss=0.748914, reward=-7.650246
Epoch: 983: 2022-04-21 15:07:09.415137
Epoch 984/1000, D_loss=0.748646, reward=-7.650698
Epoch: 984: 2022-04-21 15:07:20.251049
Epoch 985/1000, D_loss=0.748506, reward=-7.652360
Epoch: 985: 2022-04-21 15:07:30.923379
Epoch 986/1000, D_loss=0.747586, reward=-7.651712
Epoch: 986: 2022-04-21 15:07:41.482944
Epoch 987/1000, D_loss=0.744726, reward=-7.655718
Epoch: 987: 2022-04-21 15:07:52.000731
Epoch 988/1000, D_loss=0.746428, reward=-7.652612
Epoch: 988: 2022-04-21 15:08:02.815299
Epoch 989/1000, D_loss=0.747694, reward=-7.650539
Epoch: 989: 2022-04-21 15:08:13.697520
Epoch 990/1000, D_loss=0.748537, reward=-7.649334
Test_MRR=0.398214, Test_MR=337.852260, Test_H@10=0.647930
Epoch: 990: 2022-04-21 15:15:52.430072
Epoch 991/1000, D_loss=0.748927, reward=-7.647577
Epoch: 991: 2022-04-21 15:16:02.767913
Epoch 992/1000, D_loss=0.746152, reward=-7.651413
Epoch: 992: 2022-04-21 15:16:13.732855
Epoch 993/1000, D_loss=0.751041, reward=-7.646786
Epoch: 993: 2022-04-21 15:16:24.330520
Epoch 994/1000, D_loss=0.749584, reward=-7.647480
Epoch: 994: 2022-04-21 15:16:34.823606
Epoch 995/1000, D_loss=0.748559, reward=-7.647863
Epoch: 995: 2022-04-21 15:16:46.159459
Epoch 996/1000, D_loss=0.747042, reward=-7.651530
Epoch: 996: 2022-04-21 15:16:56.877548
Epoch 997/1000, D_loss=0.746512, reward=-7.650847
Epoch: 997: 2022-04-21 15:17:07.250299
Epoch 998/1000, D_loss=0.749096, reward=-7.647473
Epoch: 998: 2022-04-21 15:17:18.020996
Epoch 999/1000, D_loss=0.748743, reward=-7.646671
Epoch: 999: 2022-04-21 15:17:28.853630
Epoch 1000/1000, D_loss=0.747084, reward=-7.649581
Test_MRR=0.400170, Test_MR=331.117330, Test_H@10=0.649870
Best Performance:
Test_MRR=0.398096, Test_MR=340.011537, Test_H@10=0.648525
