pretrain_config=TransE
g_config=DistMult
d_config=TransD
test_batch_size=50
task.dir=yago3_10
task.type=link
adv.use_pretrained_models=False
adv.n_sample=20
adv.sample_type=original
adv.measure_type=entropy
adv.n_epoch=1000
adv.n_batch=200
adv.epoch_per_test=50
adv.temperature=1.0
TransE.dim=50
TransE.margin=3
TransE.p=1
TransE.n_epoch=1000
TransE.n_batch=200
TransE.epoch_per_test=50
TransE.model_file=transe.mdl
TransD.dim=50
TransD.margin=3
TransD.p=1
TransD.n_epoch=1000
TransD.n_batch=500
TransD.epoch_per_test=50
TransD.model_file=transd.mdl
DistMult.dim=50
DistMult.lam=0.1
DistMult.n_sample=20
DistMult.sample_freq=1
DistMult.n_epoch=1000
DistMult.n_batch=200
DistMult.epoch_per_test=50
DistMult.model_file=distmult.mdl
ComplEx.dim=25
ComplEx.lam=0.1
ComplEx.n_sample=20
ComplEx.sample_freq=1
ComplEx.n_epoch=1000
ComplEx.n_batch=200
ComplEx.epoch_per_test=50
ComplEx.model_file=complex.mdl
log.dump_config=False
log.log_train=True
log.log_config=True
log.dir=./logs
log.log_advtrain_graphs=True
log.log_pretrain_graph=True
log.graph_every_nth_epoch=10
2022-04-26 23:27:50.761862
Test_MRR=0.000126, Test_MR=60420.391309, Test_H@10=0.000100
Epoch: 0: 2022-04-26 23:39:08.362626
Epoch 1/1000, D_loss=2.476000, reward=-9.196613
Epoch: 1: 2022-04-26 23:39:51.070629
Epoch 2/1000, D_loss=1.801987, reward=-8.459270
Epoch: 2: 2022-04-26 23:40:33.591885
Epoch 3/1000, D_loss=1.478426, reward=-8.138140
Epoch: 3: 2022-04-26 23:41:16.033334
Epoch 4/1000, D_loss=1.258322, reward=-7.962221
Epoch: 4: 2022-04-26 23:41:58.612908
Epoch 5/1000, D_loss=1.094977, reward=-7.883770
Epoch: 5: 2022-04-26 23:42:41.340299
Epoch 6/1000, D_loss=0.974428, reward=-7.864967
Epoch: 6: 2022-04-26 23:43:23.963464
Epoch 7/1000, D_loss=0.872926, reward=-7.897502
Epoch: 7: 2022-04-26 23:44:06.776101
Epoch 8/1000, D_loss=0.791383, reward=-7.957319
Epoch: 8: 2022-04-26 23:44:49.645321
Epoch 9/1000, D_loss=0.717720, reward=-8.045004
Epoch: 9: 2022-04-26 23:45:32.266380
Epoch 10/1000, D_loss=0.652229, reward=-8.156670
Epoch: 10: 2022-04-26 23:46:15.104664
Epoch 11/1000, D_loss=0.591974, reward=-8.283667
Epoch: 11: 2022-04-26 23:46:58.243091
Epoch 12/1000, D_loss=0.536202, reward=-8.417257
Epoch: 12: 2022-04-26 23:47:40.982394
Epoch 13/1000, D_loss=0.493410, reward=-8.540112
Epoch: 13: 2022-04-26 23:48:23.656694
Epoch 14/1000, D_loss=0.455479, reward=-8.657278
Epoch: 14: 2022-04-26 23:49:06.261568
Epoch 15/1000, D_loss=0.427238, reward=-8.758180
Epoch: 15: 2022-04-26 23:49:49.043990
Epoch 16/1000, D_loss=0.399235, reward=-8.855563
Epoch: 16: 2022-04-26 23:50:32.112389
Epoch 17/1000, D_loss=0.378071, reward=-8.937200
Epoch: 17: 2022-04-26 23:51:16.041974
Epoch 18/1000, D_loss=0.356034, reward=-9.017274
Epoch: 18: 2022-04-26 23:51:58.617253
Epoch 19/1000, D_loss=0.338313, reward=-9.085724
Epoch: 19: 2022-04-26 23:52:41.361739
Epoch 20/1000, D_loss=0.319725, reward=-9.152470
Epoch: 20: 2022-04-26 23:53:24.083017
Epoch 21/1000, D_loss=0.307049, reward=-9.202401
Epoch: 21: 2022-04-26 23:54:06.643301
Epoch 22/1000, D_loss=0.296036, reward=-9.232023
Epoch: 22: 2022-04-26 23:54:49.291060
Epoch 23/1000, D_loss=0.289302, reward=-9.244286
Epoch: 23: 2022-04-26 23:55:31.842804
Epoch 24/1000, D_loss=0.284390, reward=-9.233794
Epoch: 24: 2022-04-26 23:56:14.370491
Epoch 25/1000, D_loss=0.282881, reward=-9.203020
Epoch: 25: 2022-04-26 23:56:56.825508
Epoch 26/1000, D_loss=0.280679, reward=-9.164442
Epoch: 26: 2022-04-26 23:57:39.408762
Epoch 27/1000, D_loss=0.281752, reward=-9.114305
Epoch: 27: 2022-04-26 23:58:21.868225
Epoch 28/1000, D_loss=0.280636, reward=-9.067264
Epoch: 28: 2022-04-26 23:59:04.637558
Epoch 29/1000, D_loss=0.278840, reward=-9.023813
Epoch: 29: 2022-04-26 23:59:47.023180
Epoch 30/1000, D_loss=0.278086, reward=-8.981612
Epoch: 30: 2022-04-27 00:00:29.564814
Epoch 31/1000, D_loss=0.276412, reward=-8.939838
Epoch: 31: 2022-04-27 00:01:11.922761
Epoch 32/1000, D_loss=0.275430, reward=-8.901921
Epoch: 32: 2022-04-27 00:01:54.553174
Epoch 33/1000, D_loss=0.275917, reward=-8.865743
Epoch: 33: 2022-04-27 00:02:36.999045
Epoch 34/1000, D_loss=0.275219, reward=-8.829982
Epoch: 34: 2022-04-27 00:03:19.999308
Epoch 35/1000, D_loss=0.275617, reward=-8.801297
Epoch: 35: 2022-04-27 00:04:02.272368
Epoch 36/1000, D_loss=0.274112, reward=-8.770269
Epoch: 36: 2022-04-27 00:04:44.928597
Epoch 37/1000, D_loss=0.273022, reward=-8.744950
Epoch: 37: 2022-04-27 00:05:27.481255
Epoch 38/1000, D_loss=0.272282, reward=-8.717406
Epoch: 38: 2022-04-27 00:06:10.179757
Epoch 39/1000, D_loss=0.271246, reward=-8.697663
Epoch: 39: 2022-04-27 00:06:52.775639
Epoch 40/1000, D_loss=0.271130, reward=-8.674887
Epoch: 40: 2022-04-27 00:07:35.287972
Epoch 41/1000, D_loss=0.271372, reward=-8.652437
Epoch: 41: 2022-04-27 00:08:17.840203
Epoch 42/1000, D_loss=0.270641, reward=-8.631383
Epoch: 42: 2022-04-27 00:09:00.272518
Epoch 43/1000, D_loss=0.270321, reward=-8.606473
Epoch: 43: 2022-04-27 00:09:42.928865
Epoch 44/1000, D_loss=0.271750, reward=-8.583731
Epoch: 44: 2022-04-27 00:10:25.383506
Epoch 45/1000, D_loss=0.273381, reward=-8.560437
Epoch: 45: 2022-04-27 00:11:07.865357
Epoch 46/1000, D_loss=0.274615, reward=-8.538345
Epoch: 46: 2022-04-27 00:11:50.332374
Epoch 47/1000, D_loss=0.274771, reward=-8.518298
Epoch: 47: 2022-04-27 00:12:33.112048
Epoch 48/1000, D_loss=0.278240, reward=-8.493255
Epoch: 48: 2022-04-27 00:13:15.613270
Epoch 49/1000, D_loss=0.278063, reward=-8.476804
Epoch: 49: 2022-04-27 00:13:58.103104
Epoch 50/1000, D_loss=0.280727, reward=-8.455218
Test_MRR=0.103898, Test_MR=2038.359080, Test_H@10=0.209924
Epoch: 50: 2022-04-27 00:25:53.432287
Epoch 51/1000, D_loss=0.281540, reward=-8.436402
Epoch: 51: 2022-04-27 00:26:36.067112
Epoch 52/1000, D_loss=0.283036, reward=-8.419478
Epoch: 52: 2022-04-27 00:27:18.261935
Epoch 53/1000, D_loss=0.283909, reward=-8.407678
Epoch: 53: 2022-04-27 00:28:00.822374
Epoch 54/1000, D_loss=0.283700, reward=-8.390334
Epoch: 54: 2022-04-27 00:28:43.303587
Epoch 55/1000, D_loss=0.284201, reward=-8.378337
Epoch: 55: 2022-04-27 00:29:26.005624
Epoch 56/1000, D_loss=0.285658, reward=-8.367699
Epoch: 56: 2022-04-27 00:30:09.282406
Epoch 57/1000, D_loss=0.286034, reward=-8.354964
Epoch: 57: 2022-04-27 00:30:52.494630
Epoch 58/1000, D_loss=0.283584, reward=-8.350746
Epoch: 58: 2022-04-27 00:31:35.298451
Epoch 59/1000, D_loss=0.283508, reward=-8.345820
Epoch: 59: 2022-04-27 00:32:18.040817
Epoch 60/1000, D_loss=0.282698, reward=-8.338778
Epoch: 60: 2022-04-27 00:33:00.733081
Epoch 61/1000, D_loss=0.284166, reward=-8.333138
Epoch: 61: 2022-04-27 00:33:43.572902
Epoch 62/1000, D_loss=0.282540, reward=-8.331581
Epoch: 62: 2022-04-27 00:34:26.434211
Epoch 63/1000, D_loss=0.282067, reward=-8.328513
Epoch: 63: 2022-04-27 00:35:09.209580
Epoch 64/1000, D_loss=0.279850, reward=-8.328915
Epoch: 64: 2022-04-27 00:35:52.160658
Epoch 65/1000, D_loss=0.280587, reward=-8.324083
Epoch: 65: 2022-04-27 00:36:35.263245
Epoch 66/1000, D_loss=0.280286, reward=-8.322843
Epoch: 66: 2022-04-27 00:37:18.039009
Epoch 67/1000, D_loss=0.279081, reward=-8.320943
Epoch: 67: 2022-04-27 00:38:00.830454
Epoch 68/1000, D_loss=0.279750, reward=-8.318989
Epoch: 68: 2022-04-27 00:38:43.634557
Epoch 69/1000, D_loss=0.278855, reward=-8.317863
Epoch: 69: 2022-04-27 00:39:26.459328
Epoch 70/1000, D_loss=0.278093, reward=-8.318100
Epoch: 70: 2022-04-27 00:40:09.287092
Epoch 71/1000, D_loss=0.278782, reward=-8.316789
Epoch: 71: 2022-04-27 00:40:52.506431
Epoch 72/1000, D_loss=0.278408, reward=-8.318050
Epoch: 72: 2022-04-27 00:41:35.262745
Epoch 73/1000, D_loss=0.276931, reward=-8.319561
Epoch: 73: 2022-04-27 00:42:18.111672
Epoch 74/1000, D_loss=0.276273, reward=-8.320899
Epoch: 74: 2022-04-27 00:43:00.965752
Epoch 75/1000, D_loss=0.277443, reward=-8.319708
Epoch: 75: 2022-04-27 00:43:44.054044
Epoch 76/1000, D_loss=0.276471, reward=-8.318419
Epoch: 76: 2022-04-27 00:44:26.832459
Epoch 77/1000, D_loss=0.277884, reward=-8.316113
Epoch: 77: 2022-04-27 00:45:09.640749
Epoch 78/1000, D_loss=0.278615, reward=-8.311696
Epoch: 78: 2022-04-27 00:45:52.411755
Epoch 79/1000, D_loss=0.277625, reward=-8.313267
Epoch: 79: 2022-04-27 00:46:35.342893
Epoch 80/1000, D_loss=0.277209, reward=-8.313342
Epoch: 80: 2022-04-27 00:47:18.203802
Epoch 81/1000, D_loss=0.277933, reward=-8.310492
Epoch: 81: 2022-04-27 00:48:01.347714
Epoch 82/1000, D_loss=0.278660, reward=-8.310085
Epoch: 82: 2022-04-27 00:48:44.903634
Epoch 83/1000, D_loss=0.277399, reward=-8.312511
Epoch: 83: 2022-04-27 00:49:27.784742
Epoch 84/1000, D_loss=0.278569, reward=-8.312595
Epoch: 84: 2022-04-27 00:50:11.129497
Epoch 85/1000, D_loss=0.277599, reward=-8.313821
Epoch: 85: 2022-04-27 00:50:54.034652
Epoch 86/1000, D_loss=0.277236, reward=-8.315299
Epoch: 86: 2022-04-27 00:51:37.010606
Epoch 87/1000, D_loss=0.278085, reward=-8.317694
Epoch: 87: 2022-04-27 00:52:19.945676
Epoch 88/1000, D_loss=0.276563, reward=-8.319830
Epoch: 88: 2022-04-27 00:53:03.121852
Epoch 89/1000, D_loss=0.277254, reward=-8.320690
Epoch: 89: 2022-04-27 00:53:46.172097
Epoch 90/1000, D_loss=0.276143, reward=-8.324431
Epoch: 90: 2022-04-27 00:54:29.262706
Epoch 91/1000, D_loss=0.276342, reward=-8.325289
Epoch: 91: 2022-04-27 00:55:12.238858
Epoch 92/1000, D_loss=0.276652, reward=-8.325325
Epoch: 92: 2022-04-27 00:55:55.892050
Epoch 93/1000, D_loss=0.277149, reward=-8.324903
Epoch: 93: 2022-04-27 00:56:39.635421
Epoch 94/1000, D_loss=0.276691, reward=-8.325293
Epoch: 94: 2022-04-27 00:57:23.735769
Epoch 95/1000, D_loss=0.277659, reward=-8.327151
Epoch: 95: 2022-04-27 00:58:06.637477
Epoch 96/1000, D_loss=0.279334, reward=-8.321853
Epoch: 96: 2022-04-27 00:58:50.054246
Epoch 97/1000, D_loss=0.278877, reward=-8.324127
Epoch: 97: 2022-04-27 00:59:34.045216
Epoch 98/1000, D_loss=0.279221, reward=-8.320772
Epoch: 98: 2022-04-27 01:00:18.506829
Epoch 99/1000, D_loss=0.279144, reward=-8.320854
Epoch: 99: 2022-04-27 01:01:01.450324
Epoch 100/1000, D_loss=0.277841, reward=-8.321939
Test_MRR=0.123271, Test_MR=2241.497991, Test_H@10=0.255926
Epoch: 100: 2022-04-27 01:12:57.007505
Epoch 101/1000, D_loss=0.279394, reward=-8.321220
Epoch: 101: 2022-04-27 01:13:40.351338
Epoch 102/1000, D_loss=0.277572, reward=-8.323901
Epoch: 102: 2022-04-27 01:14:23.258401
Epoch 103/1000, D_loss=0.277742, reward=-8.324567
Epoch: 103: 2022-04-27 01:15:06.011770
Epoch 104/1000, D_loss=0.277820, reward=-8.325783
Epoch: 104: 2022-04-27 01:15:49.016598
Epoch 105/1000, D_loss=0.277857, reward=-8.325622
Epoch: 105: 2022-04-27 01:16:31.842299
Epoch 106/1000, D_loss=0.277797, reward=-8.328932
Epoch: 106: 2022-04-27 01:17:14.968655
Epoch 107/1000, D_loss=0.278471, reward=-8.328891
Epoch: 107: 2022-04-27 01:17:57.841262
Epoch 108/1000, D_loss=0.278031, reward=-8.332502
Epoch: 108: 2022-04-27 01:18:41.045815
Epoch 109/1000, D_loss=0.279092, reward=-8.332328
Epoch: 109: 2022-04-27 01:19:23.908565
Epoch 110/1000, D_loss=0.279709, reward=-8.331463
Epoch: 110: 2022-04-27 01:20:06.888070
Epoch 111/1000, D_loss=0.279804, reward=-8.332827
Epoch: 111: 2022-04-27 01:20:49.876506
Epoch 112/1000, D_loss=0.279561, reward=-8.334708
Epoch: 112: 2022-04-27 01:21:32.863659
Epoch 113/1000, D_loss=0.280304, reward=-8.330788
Epoch: 113: 2022-04-27 01:22:15.911691
Epoch 114/1000, D_loss=0.280503, reward=-8.330438
Epoch: 114: 2022-04-27 01:22:58.975122
Epoch 115/1000, D_loss=0.281863, reward=-8.325966
Epoch: 115: 2022-04-27 01:23:41.792500
Epoch 116/1000, D_loss=0.281374, reward=-8.328882
Epoch: 116: 2022-04-27 01:24:24.687094
Epoch 117/1000, D_loss=0.283259, reward=-8.325326
Epoch: 117: 2022-04-27 01:25:07.806268
Epoch 118/1000, D_loss=0.282033, reward=-8.326024
Epoch: 118: 2022-04-27 01:25:51.192407
Epoch 119/1000, D_loss=0.283244, reward=-8.323873
Epoch: 119: 2022-04-27 01:26:34.219606
Epoch 120/1000, D_loss=0.283079, reward=-8.325382
Epoch: 120: 2022-04-27 01:27:17.268834
Epoch 121/1000, D_loss=0.283608, reward=-8.323478
Epoch: 121: 2022-04-27 01:28:00.943912
Epoch 122/1000, D_loss=0.284507, reward=-8.323447
Epoch: 122: 2022-04-27 01:28:44.848067
Epoch 123/1000, D_loss=0.284249, reward=-8.322726
Epoch: 123: 2022-04-27 01:29:27.993072
Epoch 124/1000, D_loss=0.284922, reward=-8.322015
Epoch: 124: 2022-04-27 01:30:11.236950
Epoch 125/1000, D_loss=0.285424, reward=-8.320153
Epoch: 125: 2022-04-27 01:30:54.384335
Epoch 126/1000, D_loss=0.286272, reward=-8.319607
Epoch: 126: 2022-04-27 01:31:37.591368
Epoch 127/1000, D_loss=0.287287, reward=-8.318500
Epoch: 127: 2022-04-27 01:32:20.827980
Epoch 128/1000, D_loss=0.286772, reward=-8.320997
Epoch: 128: 2022-04-27 01:33:04.393803
Epoch 129/1000, D_loss=0.288842, reward=-8.319585
Epoch: 129: 2022-04-27 01:33:47.878891
Epoch 130/1000, D_loss=0.288535, reward=-8.319827
Epoch: 130: 2022-04-27 01:34:31.328286
Epoch 131/1000, D_loss=0.289797, reward=-8.316649
Epoch: 131: 2022-04-27 01:35:14.570659
Epoch 132/1000, D_loss=0.290630, reward=-8.315543
Epoch: 132: 2022-04-27 01:35:57.738537
Epoch 133/1000, D_loss=0.290576, reward=-8.317179
Epoch: 133: 2022-04-27 01:36:40.831685
Epoch 134/1000, D_loss=0.292457, reward=-8.310349
Epoch: 134: 2022-04-27 01:37:23.856093
Epoch 135/1000, D_loss=0.294387, reward=-8.308461
Epoch: 135: 2022-04-27 01:38:06.946296
Epoch 136/1000, D_loss=0.295068, reward=-8.306057
Epoch: 136: 2022-04-27 01:38:50.057747
Epoch 137/1000, D_loss=0.296352, reward=-8.304734
Epoch: 137: 2022-04-27 01:39:33.333019
Epoch 138/1000, D_loss=0.296155, reward=-8.305197
Epoch: 138: 2022-04-27 01:40:16.926820
Epoch 139/1000, D_loss=0.295106, reward=-8.307744
Epoch: 139: 2022-04-27 01:41:00.176523
Epoch 140/1000, D_loss=0.296432, reward=-8.307020
Epoch: 140: 2022-04-27 01:41:43.198276
Epoch 141/1000, D_loss=0.298491, reward=-8.304196
Epoch: 141: 2022-04-27 01:42:26.451768
Epoch 142/1000, D_loss=0.298570, reward=-8.304826
Epoch: 142: 2022-04-27 01:43:09.711750
Epoch 143/1000, D_loss=0.299203, reward=-8.305049
Epoch: 143: 2022-04-27 01:43:52.825148
Epoch 144/1000, D_loss=0.299876, reward=-8.304147
Epoch: 144: 2022-04-27 01:44:36.096056
Epoch 145/1000, D_loss=0.299949, reward=-8.306019
Epoch: 145: 2022-04-27 01:45:19.358612
Epoch 146/1000, D_loss=0.299766, reward=-8.309203
Epoch: 146: 2022-04-27 01:46:02.411671
Epoch 147/1000, D_loss=0.300676, reward=-8.309737
Epoch: 147: 2022-04-27 01:46:45.699687
Epoch 148/1000, D_loss=0.301136, reward=-8.311432
Epoch: 148: 2022-04-27 01:47:28.753738
Epoch 149/1000, D_loss=0.301119, reward=-8.312024
Epoch: 149: 2022-04-27 01:48:12.077344
Epoch 150/1000, D_loss=0.301874, reward=-8.311898
Test_MRR=0.131064, Test_MR=2472.892527, Test_H@10=0.274910
Epoch: 150: 2022-04-27 02:00:14.333656
Epoch 151/1000, D_loss=0.303797, reward=-8.310249
Epoch: 151: 2022-04-27 02:00:57.677234
Epoch 152/1000, D_loss=0.303957, reward=-8.311208
Epoch: 152: 2022-04-27 02:01:40.738480
Epoch 153/1000, D_loss=0.307022, reward=-8.305228
Epoch: 153: 2022-04-27 02:02:23.753985
Epoch 154/1000, D_loss=0.305851, reward=-8.306652
Epoch: 154: 2022-04-27 02:03:06.749163
Epoch 155/1000, D_loss=0.307887, reward=-8.305812
Epoch: 155: 2022-04-27 02:03:49.914542
Epoch 156/1000, D_loss=0.306559, reward=-8.306870
Epoch: 156: 2022-04-27 02:04:32.947449
Epoch 157/1000, D_loss=0.306441, reward=-8.310491
Epoch: 157: 2022-04-27 02:05:16.183676
Epoch 158/1000, D_loss=0.307071, reward=-8.307990
Epoch: 158: 2022-04-27 02:05:59.242269
Epoch 159/1000, D_loss=0.306351, reward=-8.310981
Epoch: 159: 2022-04-27 02:06:42.339111
Epoch 160/1000, D_loss=0.307953, reward=-8.309232
Epoch: 160: 2022-04-27 02:07:25.511645
Epoch 161/1000, D_loss=0.307245, reward=-8.313382
Epoch: 161: 2022-04-27 02:08:08.636413
Epoch 162/1000, D_loss=0.308498, reward=-8.317079
Epoch: 162: 2022-04-27 02:08:52.102560
Epoch 163/1000, D_loss=0.310009, reward=-8.317689
Epoch: 163: 2022-04-27 02:09:35.131312
Epoch 164/1000, D_loss=0.308744, reward=-8.321036
Epoch: 164: 2022-04-27 02:10:18.318859
Epoch 165/1000, D_loss=0.310069, reward=-8.321044
Epoch: 165: 2022-04-27 02:11:01.564003
Epoch 166/1000, D_loss=0.310306, reward=-8.323424
Epoch: 166: 2022-04-27 02:11:44.792902
Epoch 167/1000, D_loss=0.310908, reward=-8.325374
Epoch: 167: 2022-04-27 02:12:27.892817
Epoch 168/1000, D_loss=0.312860, reward=-8.322232
Epoch: 168: 2022-04-27 02:13:10.964291
Epoch 169/1000, D_loss=0.313140, reward=-8.321697
Epoch: 169: 2022-04-27 02:13:54.163548
Epoch 170/1000, D_loss=0.313960, reward=-8.319994
Epoch: 170: 2022-04-27 02:14:37.629711
Epoch 171/1000, D_loss=0.314063, reward=-8.322116
Epoch: 171: 2022-04-27 02:15:20.837385
Epoch 172/1000, D_loss=0.313091, reward=-8.321925
Epoch: 172: 2022-04-27 02:16:03.991901
Epoch 173/1000, D_loss=0.313531, reward=-8.323732
Epoch: 173: 2022-04-27 02:16:47.104424
Epoch 174/1000, D_loss=0.312858, reward=-8.322442
Epoch: 174: 2022-04-27 02:17:30.151276
Epoch 175/1000, D_loss=0.313877, reward=-8.322701
Epoch: 175: 2022-04-27 02:18:13.395871
Epoch 176/1000, D_loss=0.314496, reward=-8.322806
Epoch: 176: 2022-04-27 02:18:56.585358
Epoch 177/1000, D_loss=0.313995, reward=-8.324050
Epoch: 177: 2022-04-27 02:19:39.888505
Epoch 178/1000, D_loss=0.314674, reward=-8.326185
Epoch: 178: 2022-04-27 02:20:23.488988
Epoch 179/1000, D_loss=0.314109, reward=-8.327772
Epoch: 179: 2022-04-27 02:21:06.526729
Epoch 180/1000, D_loss=0.314705, reward=-8.327925
Epoch: 180: 2022-04-27 02:21:49.698620
Epoch 181/1000, D_loss=0.315238, reward=-8.329028
Epoch: 181: 2022-04-27 02:22:33.213069
Epoch 182/1000, D_loss=0.316091, reward=-8.330689
Epoch: 182: 2022-04-27 02:23:16.479343
Epoch 183/1000, D_loss=0.316660, reward=-8.330550
Epoch: 183: 2022-04-27 02:24:00.073772
Epoch 184/1000, D_loss=0.314022, reward=-8.335757
Epoch: 184: 2022-04-27 02:24:43.253643
Epoch 185/1000, D_loss=0.316182, reward=-8.334702
Epoch: 185: 2022-04-27 02:25:26.903904
Epoch 186/1000, D_loss=0.317271, reward=-8.331484
Epoch: 186: 2022-04-27 02:26:10.086514
Epoch 187/1000, D_loss=0.316580, reward=-8.334171
Epoch: 187: 2022-04-27 02:26:53.980157
Epoch 188/1000, D_loss=0.317273, reward=-8.334889
Epoch: 188: 2022-04-27 02:27:38.351796
Epoch 189/1000, D_loss=0.317648, reward=-8.333840
Epoch: 189: 2022-04-27 02:28:22.915991
Epoch 190/1000, D_loss=0.317723, reward=-8.334598
Epoch: 190: 2022-04-27 02:29:06.262961
Epoch 191/1000, D_loss=0.318974, reward=-8.333732
Epoch: 191: 2022-04-27 02:29:49.784590
Epoch 192/1000, D_loss=0.319134, reward=-8.333784
Epoch: 192: 2022-04-27 02:30:33.931389
Epoch 193/1000, D_loss=0.318177, reward=-8.336810
Epoch: 193: 2022-04-27 02:31:17.079919
Epoch 194/1000, D_loss=0.316943, reward=-8.339429
Epoch: 194: 2022-04-27 02:32:00.460704
Epoch 195/1000, D_loss=0.317923, reward=-8.337419
Epoch: 195: 2022-04-27 02:32:43.762557
Epoch 196/1000, D_loss=0.318311, reward=-8.338571
Epoch: 196: 2022-04-27 02:33:27.259922
Epoch 197/1000, D_loss=0.318204, reward=-8.340217
Epoch: 197: 2022-04-27 02:34:10.613142
Epoch 198/1000, D_loss=0.317641, reward=-8.343856
Epoch: 198: 2022-04-27 02:34:53.880971
Epoch 199/1000, D_loss=0.318455, reward=-8.344362
Epoch: 199: 2022-04-27 02:35:37.203722
Epoch 200/1000, D_loss=0.318334, reward=-8.345922
Test_MRR=0.137904, Test_MR=2580.219164, Test_H@10=0.289574
Epoch: 200: 2022-04-27 02:47:41.200020
Epoch 201/1000, D_loss=0.318100, reward=-8.346522
Epoch: 201: 2022-04-27 02:48:24.477565
Epoch 202/1000, D_loss=0.316625, reward=-8.351115
Epoch: 202: 2022-04-27 02:49:07.915798
Epoch 203/1000, D_loss=0.319148, reward=-8.347133
Epoch: 203: 2022-04-27 02:49:50.673346
Epoch 204/1000, D_loss=0.318509, reward=-8.349015
Epoch: 204: 2022-04-27 02:50:33.748355
Epoch 205/1000, D_loss=0.318745, reward=-8.350250
Epoch: 205: 2022-04-27 02:51:17.651658
Epoch 206/1000, D_loss=0.318581, reward=-8.347765
Epoch: 206: 2022-04-27 02:52:01.063530
Epoch 207/1000, D_loss=0.319121, reward=-8.350211
Epoch: 207: 2022-04-27 02:52:44.830088
Epoch 208/1000, D_loss=0.318126, reward=-8.350051
Epoch: 208: 2022-04-27 02:53:27.993351
Epoch 209/1000, D_loss=0.320183, reward=-8.347967
Epoch: 209: 2022-04-27 02:54:11.153579
Epoch 210/1000, D_loss=0.320826, reward=-8.348501
Epoch: 210: 2022-04-27 02:54:54.859511
Epoch 211/1000, D_loss=0.320872, reward=-8.348557
Epoch: 211: 2022-04-27 02:55:38.451081
Epoch 212/1000, D_loss=0.319883, reward=-8.350438
Epoch: 212: 2022-04-27 02:56:21.849648
Epoch 213/1000, D_loss=0.319669, reward=-8.352078
Epoch: 213: 2022-04-27 02:57:06.546517
Epoch 214/1000, D_loss=0.319814, reward=-8.352979
Epoch: 214: 2022-04-27 02:57:48.867686
Epoch 215/1000, D_loss=0.319651, reward=-8.356730
Epoch: 215: 2022-04-27 02:58:31.821546
Epoch 216/1000, D_loss=0.320025, reward=-8.357455
Epoch: 216: 2022-04-27 02:59:15.517796
Epoch 217/1000, D_loss=0.319405, reward=-8.357471
Epoch: 217: 2022-04-27 02:59:59.042291
Epoch 218/1000, D_loss=0.319766, reward=-8.359494
Epoch: 218: 2022-04-27 03:00:42.641988
Epoch 219/1000, D_loss=0.320516, reward=-8.359094
Epoch: 219: 2022-04-27 03:01:26.251150
Epoch 220/1000, D_loss=0.321077, reward=-8.358734
Epoch: 220: 2022-04-27 03:02:09.784272
Epoch 221/1000, D_loss=0.320848, reward=-8.359961
Epoch: 221: 2022-04-27 03:02:53.381424
Epoch 222/1000, D_loss=0.321790, reward=-8.359240
Epoch: 222: 2022-04-27 03:03:36.764985
Epoch 223/1000, D_loss=0.323481, reward=-8.358171
Epoch: 223: 2022-04-27 03:04:20.328699
Epoch 224/1000, D_loss=0.322685, reward=-8.358735
Epoch: 224: 2022-04-27 03:05:04.112028
Epoch 225/1000, D_loss=0.323260, reward=-8.358105
Epoch: 225: 2022-04-27 03:05:47.486973
Epoch 226/1000, D_loss=0.322825, reward=-8.357842
Epoch: 226: 2022-04-27 03:06:31.174965
Epoch 227/1000, D_loss=0.323674, reward=-8.355512
Epoch: 227: 2022-04-27 03:07:14.596492
Epoch 228/1000, D_loss=0.322634, reward=-8.357322
Epoch: 228: 2022-04-27 03:07:58.388624
Epoch 229/1000, D_loss=0.322347, reward=-8.359900
Epoch: 229: 2022-04-27 03:08:41.827171
Epoch 230/1000, D_loss=0.322977, reward=-8.358290
Epoch: 230: 2022-04-27 03:09:25.385092
Epoch 231/1000, D_loss=0.322814, reward=-8.361742
Epoch: 231: 2022-04-27 03:10:08.958846
Epoch 232/1000, D_loss=0.323778, reward=-8.361193
Epoch: 232: 2022-04-27 03:10:52.372269
Epoch 233/1000, D_loss=0.322891, reward=-8.363527
Epoch: 233: 2022-04-27 03:11:36.217894
Epoch 234/1000, D_loss=0.323487, reward=-8.363609
Epoch: 234: 2022-04-27 03:12:20.038965
Epoch 235/1000, D_loss=0.323050, reward=-8.364809
Epoch: 235: 2022-04-27 03:13:03.542000
Epoch 236/1000, D_loss=0.323020, reward=-8.365922
Epoch: 236: 2022-04-27 03:13:47.072378
Epoch 237/1000, D_loss=0.323584, reward=-8.364501
Epoch: 237: 2022-04-27 03:14:30.671094
Epoch 238/1000, D_loss=0.322494, reward=-8.367657
Epoch: 238: 2022-04-27 03:15:14.317681
Epoch 239/1000, D_loss=0.323151, reward=-8.368620
Epoch: 239: 2022-04-27 03:15:57.994611
Epoch 240/1000, D_loss=0.323604, reward=-8.368700
Epoch: 240: 2022-04-27 03:16:41.495104
Epoch 241/1000, D_loss=0.323666, reward=-8.368435
Epoch: 241: 2022-04-27 03:17:24.971530
Epoch 242/1000, D_loss=0.323017, reward=-8.370986
Epoch: 242: 2022-04-27 03:18:08.490797
Epoch 243/1000, D_loss=0.322647, reward=-8.373127
Epoch: 243: 2022-04-27 03:18:52.174043
Epoch 244/1000, D_loss=0.325576, reward=-8.370763
Epoch: 244: 2022-04-27 03:19:35.786852
Epoch 245/1000, D_loss=0.325099, reward=-8.368649
Epoch: 245: 2022-04-27 03:20:19.420097
Epoch 246/1000, D_loss=0.325746, reward=-8.369812
Epoch: 246: 2022-04-27 03:21:03.411100
Epoch 247/1000, D_loss=0.325476, reward=-8.370457
Epoch: 247: 2022-04-27 03:21:46.887381
Epoch 248/1000, D_loss=0.324472, reward=-8.369841
Epoch: 248: 2022-04-27 03:22:30.461321
Epoch 249/1000, D_loss=0.326097, reward=-8.367751
Epoch: 249: 2022-04-27 03:23:14.378630
Epoch 250/1000, D_loss=0.326221, reward=-8.369290
Test_MRR=0.138733, Test_MR=2748.615006, Test_H@10=0.296002
Epoch: 250: 2022-04-27 03:35:16.373005
Epoch 251/1000, D_loss=0.326312, reward=-8.371378
Epoch: 251: 2022-04-27 03:36:00.000314
Epoch 252/1000, D_loss=0.326006, reward=-8.372309
Epoch: 252: 2022-04-27 03:36:43.556599
Epoch 253/1000, D_loss=0.325759, reward=-8.373113
Epoch: 253: 2022-04-27 03:37:27.215515
Epoch 254/1000, D_loss=0.324347, reward=-8.376511
Epoch: 254: 2022-04-27 03:38:10.881306
Epoch 255/1000, D_loss=0.325456, reward=-8.374890
Epoch: 255: 2022-04-27 03:38:54.337310
Epoch 256/1000, D_loss=0.324822, reward=-8.377480
Epoch: 256: 2022-04-27 03:39:37.899305
Epoch 257/1000, D_loss=0.325773, reward=-8.374635
Epoch: 257: 2022-04-27 03:40:21.544046
Epoch 258/1000, D_loss=0.324445, reward=-8.378913
Epoch: 258: 2022-04-27 03:41:05.150770
Epoch 259/1000, D_loss=0.324591, reward=-8.378194
Epoch: 259: 2022-04-27 03:41:48.745424
Epoch 260/1000, D_loss=0.324399, reward=-8.379630
Epoch: 260: 2022-04-27 03:42:32.378130
Epoch 261/1000, D_loss=0.327006, reward=-8.376584
Epoch: 261: 2022-04-27 03:43:16.075534
Epoch 262/1000, D_loss=0.324201, reward=-8.382850
Epoch: 262: 2022-04-27 03:43:59.742689
Epoch 263/1000, D_loss=0.325147, reward=-8.380939
Epoch: 263: 2022-04-27 03:44:43.464689
Epoch 264/1000, D_loss=0.324421, reward=-8.381302
Epoch: 264: 2022-04-27 03:45:27.115837
Epoch 265/1000, D_loss=0.323698, reward=-8.384132
Epoch: 265: 2022-04-27 03:46:10.808802
Epoch 266/1000, D_loss=0.325271, reward=-8.384185
Epoch: 266: 2022-04-27 03:46:54.673243
Epoch 267/1000, D_loss=0.325632, reward=-8.382586
Epoch: 267: 2022-04-27 03:47:38.336975
Epoch 268/1000, D_loss=0.325766, reward=-8.382628
Epoch: 268: 2022-04-27 03:48:22.036459
Epoch 269/1000, D_loss=0.325306, reward=-8.386281
Epoch: 269: 2022-04-27 03:49:05.888960
Epoch 270/1000, D_loss=0.324448, reward=-8.387511
Epoch: 270: 2022-04-27 03:49:49.466192
Epoch 271/1000, D_loss=0.324299, reward=-8.386420
Epoch: 271: 2022-04-27 03:50:33.461792
Epoch 272/1000, D_loss=0.324956, reward=-8.385337
Epoch: 272: 2022-04-27 03:51:17.183997
Epoch 273/1000, D_loss=0.326121, reward=-8.385214
Epoch: 273: 2022-04-27 03:52:01.401920
Epoch 274/1000, D_loss=0.326626, reward=-8.384435
Epoch: 274: 2022-04-27 03:52:45.565837
Epoch 275/1000, D_loss=0.325550, reward=-8.385056
Epoch: 275: 2022-04-27 03:53:29.296590
Epoch 276/1000, D_loss=0.325229, reward=-8.388535
Epoch: 276: 2022-04-27 03:54:13.489927
Epoch 277/1000, D_loss=0.325215, reward=-8.390561
Epoch: 277: 2022-04-27 03:54:56.989899
Epoch 278/1000, D_loss=0.326595, reward=-8.389951
Epoch: 278: 2022-04-27 03:55:40.859666
Epoch 279/1000, D_loss=0.326416, reward=-8.392518
Epoch: 279: 2022-04-27 03:56:25.099788
Epoch 280/1000, D_loss=0.324743, reward=-8.394451
Epoch: 280: 2022-04-27 03:57:08.804650
Epoch 281/1000, D_loss=0.326814, reward=-8.394070
Epoch: 281: 2022-04-27 03:57:52.789144
Epoch 282/1000, D_loss=0.326766, reward=-8.394103
Epoch: 282: 2022-04-27 03:58:36.533888
Epoch 283/1000, D_loss=0.326451, reward=-8.393832
Epoch: 283: 2022-04-27 03:59:20.754044
Epoch 284/1000, D_loss=0.327485, reward=-8.391291
Epoch: 284: 2022-04-27 04:00:04.758549
Epoch 285/1000, D_loss=0.329337, reward=-8.390095
Epoch: 285: 2022-04-27 04:00:48.601143
Epoch 286/1000, D_loss=0.327802, reward=-8.392979
Epoch: 286: 2022-04-27 04:01:32.387260
Epoch 287/1000, D_loss=0.326970, reward=-8.393950
Epoch: 287: 2022-04-27 04:02:16.313002
Epoch 288/1000, D_loss=0.327478, reward=-8.393606
Epoch: 288: 2022-04-27 04:03:00.055922
Epoch 289/1000, D_loss=0.328085, reward=-8.392466
Epoch: 289: 2022-04-27 04:03:43.888069
Epoch 290/1000, D_loss=0.327060, reward=-8.392194
Epoch: 290: 2022-04-27 04:04:27.657270
Epoch 291/1000, D_loss=0.329179, reward=-8.392014
Epoch: 291: 2022-04-27 04:05:11.526071
Epoch 292/1000, D_loss=0.329031, reward=-8.391963
Epoch: 292: 2022-04-27 04:05:55.402087
Epoch 293/1000, D_loss=0.327932, reward=-8.395655
Epoch: 293: 2022-04-27 04:06:39.368943
Epoch 294/1000, D_loss=0.329088, reward=-8.393308
Epoch: 294: 2022-04-27 04:07:23.100086
Epoch 295/1000, D_loss=0.326825, reward=-8.397039
Epoch: 295: 2022-04-27 04:08:07.083636
Epoch 296/1000, D_loss=0.329065, reward=-8.395980
Epoch: 296: 2022-04-27 04:08:50.945722
Epoch 297/1000, D_loss=0.326706, reward=-8.399545
Epoch: 297: 2022-04-27 04:09:35.008280
Epoch 298/1000, D_loss=0.327896, reward=-8.396549
Epoch: 298: 2022-04-27 04:10:18.978838
Epoch 299/1000, D_loss=0.329194, reward=-8.397367
Epoch: 299: 2022-04-27 04:11:03.172479
Epoch 300/1000, D_loss=0.327046, reward=-8.399964
Test_MRR=0.141819, Test_MR=2889.145641, Test_H@10=0.298915
Epoch: 300: 2022-04-27 04:23:20.647271
Epoch 301/1000, D_loss=0.328013, reward=-8.400498
Epoch: 301: 2022-04-27 04:24:04.497434
Epoch 302/1000, D_loss=0.327423, reward=-8.401207
Epoch: 302: 2022-04-27 04:24:48.147787
Epoch 303/1000, D_loss=0.326254, reward=-8.405607
Epoch: 303: 2022-04-27 04:25:31.851772
Epoch 304/1000, D_loss=0.326739, reward=-8.407500
Epoch: 304: 2022-04-27 04:26:15.762023
Epoch 305/1000, D_loss=0.325489, reward=-8.408324
Epoch: 305: 2022-04-27 04:26:59.702569
Epoch 306/1000, D_loss=0.326501, reward=-8.407166
Epoch: 306: 2022-04-27 04:27:43.614094
Epoch 307/1000, D_loss=0.327641, reward=-8.406714
Epoch: 307: 2022-04-27 04:28:27.573874
Epoch 308/1000, D_loss=0.328010, reward=-8.406459
Epoch: 308: 2022-04-27 04:29:11.585024
Epoch 309/1000, D_loss=0.328649, reward=-8.407188
Epoch: 309: 2022-04-27 04:29:55.453613
Epoch 310/1000, D_loss=0.326766, reward=-8.408428
Epoch: 310: 2022-04-27 04:30:39.360289
Epoch 311/1000, D_loss=0.328111, reward=-8.407571
Epoch: 311: 2022-04-27 04:31:23.321232
Epoch 312/1000, D_loss=0.328988, reward=-8.406711
Epoch: 312: 2022-04-27 04:32:07.137725
Epoch 313/1000, D_loss=0.328065, reward=-8.409227
Epoch: 313: 2022-04-27 04:32:51.074585
Epoch 314/1000, D_loss=0.327826, reward=-8.408950
Epoch: 314: 2022-04-27 04:33:34.946463
Epoch 315/1000, D_loss=0.328745, reward=-8.410705
Epoch: 315: 2022-04-27 04:34:18.931197
Epoch 316/1000, D_loss=0.328536, reward=-8.412921
Epoch: 316: 2022-04-27 04:35:03.095591
Epoch 317/1000, D_loss=0.328188, reward=-8.415228
Epoch: 317: 2022-04-27 04:35:47.049089
Epoch 318/1000, D_loss=0.328698, reward=-8.414506
Epoch: 318: 2022-04-27 04:36:31.220094
Epoch 319/1000, D_loss=0.329483, reward=-8.412933
Epoch: 319: 2022-04-27 04:37:15.347510
Epoch 320/1000, D_loss=0.327745, reward=-8.417876
Epoch: 320: 2022-04-27 04:37:59.281814
Epoch 321/1000, D_loss=0.329874, reward=-8.416297
Epoch: 321: 2022-04-27 04:38:43.369598
Epoch 322/1000, D_loss=0.328969, reward=-8.416706
Epoch: 322: 2022-04-27 04:39:27.280268
Epoch 323/1000, D_loss=0.329368, reward=-8.414659
Epoch: 323: 2022-04-27 04:40:11.298851
Epoch 324/1000, D_loss=0.329113, reward=-8.417395
Epoch: 324: 2022-04-27 04:40:55.323758
Epoch 325/1000, D_loss=0.329279, reward=-8.417511
Epoch: 325: 2022-04-27 04:41:39.242237
Epoch 326/1000, D_loss=0.328958, reward=-8.416722
Epoch: 326: 2022-04-27 04:42:23.364391
Epoch 327/1000, D_loss=0.331109, reward=-8.414339
Epoch: 327: 2022-04-27 04:43:07.847966
Epoch 328/1000, D_loss=0.331155, reward=-8.414755
Epoch: 328: 2022-04-27 04:43:51.892847
Epoch 329/1000, D_loss=0.330467, reward=-8.414742
Epoch: 329: 2022-04-27 04:44:35.897894
Epoch 330/1000, D_loss=0.330548, reward=-8.415962
Epoch: 330: 2022-04-27 04:45:19.887235
Epoch 331/1000, D_loss=0.330618, reward=-8.415743
Epoch: 331: 2022-04-27 04:46:03.830861
Epoch 332/1000, D_loss=0.330529, reward=-8.415890
Epoch: 332: 2022-04-27 04:46:47.883537
Epoch 333/1000, D_loss=0.328610, reward=-8.421452
Epoch: 333: 2022-04-27 04:47:32.113323
Epoch 334/1000, D_loss=0.329887, reward=-8.421082
Epoch: 334: 2022-04-27 04:48:16.769857
Epoch 335/1000, D_loss=0.330065, reward=-8.421641
Epoch: 335: 2022-04-27 04:49:00.884114
Epoch 336/1000, D_loss=0.328074, reward=-8.426818
Epoch: 336: 2022-04-27 04:49:45.192397
Epoch 337/1000, D_loss=0.329788, reward=-8.423467
Epoch: 337: 2022-04-27 04:50:29.825760
Epoch 338/1000, D_loss=0.330535, reward=-8.424963
Epoch: 338: 2022-04-27 04:51:13.770441
Epoch 339/1000, D_loss=0.330483, reward=-8.425762
Epoch: 339: 2022-04-27 04:51:57.988324
Epoch 340/1000, D_loss=0.331521, reward=-8.425386
Epoch: 340: 2022-04-27 04:52:42.481629
Epoch 341/1000, D_loss=0.331128, reward=-8.427768
Epoch: 341: 2022-04-27 04:53:26.844849
Epoch 342/1000, D_loss=0.331397, reward=-8.429603
Epoch: 342: 2022-04-27 04:54:11.170961
Epoch 343/1000, D_loss=0.332143, reward=-8.428573
Epoch: 343: 2022-04-27 04:54:55.930157
Epoch 344/1000, D_loss=0.331511, reward=-8.428708
Epoch: 344: 2022-04-27 04:55:40.241357
Epoch 345/1000, D_loss=0.332163, reward=-8.427849
Epoch: 345: 2022-04-27 04:56:24.417264
Epoch 346/1000, D_loss=0.331552, reward=-8.430639
Epoch: 346: 2022-04-27 04:57:08.500434
Epoch 347/1000, D_loss=0.330807, reward=-8.431259
Epoch: 347: 2022-04-27 04:57:53.344285
Epoch 348/1000, D_loss=0.332673, reward=-8.430391
Epoch: 348: 2022-04-27 04:58:37.657983
Epoch 349/1000, D_loss=0.330827, reward=-8.431318
Epoch: 349: 2022-04-27 04:59:21.779595
Epoch 350/1000, D_loss=0.331695, reward=-8.430218
Test_MRR=0.140292, Test_MR=3082.132885, Test_H@10=0.300321
Epoch: 350: 2022-04-27 05:11:17.560197
Epoch 351/1000, D_loss=0.332936, reward=-8.429790
Epoch: 351: 2022-04-27 05:12:01.872558
Epoch 352/1000, D_loss=0.331666, reward=-8.434737
Epoch: 352: 2022-04-27 05:12:45.894280
Epoch 353/1000, D_loss=0.332303, reward=-8.434462
Epoch: 353: 2022-04-27 05:13:30.187856
Epoch 354/1000, D_loss=0.332290, reward=-8.435452
Epoch: 354: 2022-04-27 05:14:14.538191
Epoch 355/1000, D_loss=0.331588, reward=-8.439153
Epoch: 355: 2022-04-27 05:14:58.762114
Epoch 356/1000, D_loss=0.331080, reward=-8.440843
Epoch: 356: 2022-04-27 05:15:42.925061
Epoch 357/1000, D_loss=0.332171, reward=-8.439066
Epoch: 357: 2022-04-27 05:16:27.084772
Epoch 358/1000, D_loss=0.331724, reward=-8.440765
Epoch: 358: 2022-04-27 05:17:11.171841
Epoch 359/1000, D_loss=0.332607, reward=-8.441210
Epoch: 359: 2022-04-27 05:17:55.479684
Epoch 360/1000, D_loss=0.332984, reward=-8.439579
Epoch: 360: 2022-04-27 05:18:40.019857
Epoch 361/1000, D_loss=0.333081, reward=-8.439666
Epoch: 361: 2022-04-27 05:19:24.199648
Epoch 362/1000, D_loss=0.332180, reward=-8.443781
Epoch: 362: 2022-04-27 05:20:08.305974
Epoch 363/1000, D_loss=0.331758, reward=-8.446223
Epoch: 363: 2022-04-27 05:20:52.647878
Epoch 364/1000, D_loss=0.332446, reward=-8.447543
Epoch: 364: 2022-04-27 05:21:36.798994
Epoch 365/1000, D_loss=0.331131, reward=-8.449726
Epoch: 365: 2022-04-27 05:22:21.151259
Epoch 366/1000, D_loss=0.332265, reward=-8.449259
Epoch: 366: 2022-04-27 05:23:05.730285
Epoch 367/1000, D_loss=0.332401, reward=-8.449501
Epoch: 367: 2022-04-27 05:23:50.351901
Epoch 368/1000, D_loss=0.332901, reward=-8.450550
Epoch: 368: 2022-04-27 05:24:34.761102
Epoch 369/1000, D_loss=0.332310, reward=-8.450845
Epoch: 369: 2022-04-27 05:25:19.014801
Epoch 370/1000, D_loss=0.333506, reward=-8.451978
Epoch: 370: 2022-04-27 05:26:03.176605
Epoch 371/1000, D_loss=0.331360, reward=-8.454851
Epoch: 371: 2022-04-27 05:26:47.327586
Epoch 372/1000, D_loss=0.331809, reward=-8.458488
Epoch: 372: 2022-04-27 05:27:31.477774
Epoch 373/1000, D_loss=0.331238, reward=-8.458385
Epoch: 373: 2022-04-27 05:28:15.847296
Epoch 374/1000, D_loss=0.332589, reward=-8.457928
Epoch: 374: 2022-04-27 05:29:00.204284
Epoch 375/1000, D_loss=0.331998, reward=-8.458037
Epoch: 375: 2022-04-27 05:29:44.402805
Epoch 376/1000, D_loss=0.331894, reward=-8.462504
Epoch: 376: 2022-04-27 05:30:28.714010
Epoch 377/1000, D_loss=0.331787, reward=-8.460680
Epoch: 377: 2022-04-27 05:31:12.997294
Epoch 378/1000, D_loss=0.332848, reward=-8.462059
Epoch: 378: 2022-04-27 05:31:57.247642
Epoch 379/1000, D_loss=0.332351, reward=-8.464372
Epoch: 379: 2022-04-27 05:32:41.817625
Epoch 380/1000, D_loss=0.332144, reward=-8.465322
Epoch: 380: 2022-04-27 05:33:26.132629
Epoch 381/1000, D_loss=0.334261, reward=-8.463428
Epoch: 381: 2022-04-27 05:34:10.362845
Epoch 382/1000, D_loss=0.332812, reward=-8.465569
Epoch: 382: 2022-04-27 05:34:54.470203
Epoch 383/1000, D_loss=0.331605, reward=-8.469164
Epoch: 383: 2022-04-27 05:35:38.690265
Epoch 384/1000, D_loss=0.332051, reward=-8.470506
Epoch: 384: 2022-04-27 05:36:23.180137
Epoch 385/1000, D_loss=0.332128, reward=-8.471844
Epoch: 385: 2022-04-27 05:37:07.402040
Epoch 386/1000, D_loss=0.331190, reward=-8.473065
Epoch: 386: 2022-04-27 05:37:51.649798
Epoch 387/1000, D_loss=0.332371, reward=-8.473946
Epoch: 387: 2022-04-27 05:38:36.121592
Epoch 388/1000, D_loss=0.332458, reward=-8.474581
Epoch: 388: 2022-04-27 05:39:20.641210
Epoch 389/1000, D_loss=0.332008, reward=-8.478319
Epoch: 389: 2022-04-27 05:40:05.127041
Epoch 390/1000, D_loss=0.331874, reward=-8.480685
Epoch: 390: 2022-04-27 05:40:49.332205
Epoch 391/1000, D_loss=0.332932, reward=-8.478755
Epoch: 391: 2022-04-27 05:41:33.885576
Epoch 392/1000, D_loss=0.333319, reward=-8.477515
Epoch: 392: 2022-04-27 05:42:18.209521
Epoch 393/1000, D_loss=0.334544, reward=-8.478082
Epoch: 393: 2022-04-27 05:43:02.927820
Epoch 394/1000, D_loss=0.333045, reward=-8.479404
Epoch: 394: 2022-04-27 05:43:47.595394
Epoch 395/1000, D_loss=0.334195, reward=-8.478414
Epoch: 395: 2022-04-27 05:44:32.216353
Epoch 396/1000, D_loss=0.333851, reward=-8.482816
Epoch: 396: 2022-04-27 05:45:17.000656
Epoch 397/1000, D_loss=0.334158, reward=-8.480892
Epoch: 397: 2022-04-27 05:46:01.255417
Epoch 398/1000, D_loss=0.334563, reward=-8.480985
Epoch: 398: 2022-04-27 05:46:45.495845
Epoch 399/1000, D_loss=0.334619, reward=-8.482192
Epoch: 399: 2022-04-27 05:47:30.010109
Epoch 400/1000, D_loss=0.334381, reward=-8.480686
Test_MRR=0.128710, Test_MR=3073.592005, Test_H@10=0.296605
Epoch: 400: 2022-04-27 05:59:31.028665
Epoch 401/1000, D_loss=0.335290, reward=-8.481755
Epoch: 401: 2022-04-27 06:00:16.262452
Epoch 402/1000, D_loss=0.335160, reward=-8.484612
Epoch: 402: 2022-04-27 06:01:00.742076
Epoch 403/1000, D_loss=0.333130, reward=-8.489058
Epoch: 403: 2022-04-27 06:01:45.353062
Epoch 404/1000, D_loss=0.333923, reward=-8.488998
Epoch: 404: 2022-04-27 06:02:30.564227
Epoch 405/1000, D_loss=0.334993, reward=-8.488388
Epoch: 405: 2022-04-27 06:03:15.293186
Epoch 406/1000, D_loss=0.333275, reward=-8.493230
Epoch: 406: 2022-04-27 06:03:59.745098
Epoch 407/1000, D_loss=0.334499, reward=-8.491907
Epoch: 407: 2022-04-27 06:04:44.050072
Epoch 408/1000, D_loss=0.334039, reward=-8.494945
Epoch: 408: 2022-04-27 06:05:28.303620
Epoch 409/1000, D_loss=0.334509, reward=-8.493315
Epoch: 409: 2022-04-27 06:06:12.574558
Epoch 410/1000, D_loss=0.333341, reward=-8.495402
Epoch: 410: 2022-04-27 06:06:56.891038
Epoch 411/1000, D_loss=0.335949, reward=-8.494141
Epoch: 411: 2022-04-27 06:07:42.064095
Epoch 412/1000, D_loss=0.333559, reward=-8.496673
Epoch: 412: 2022-04-27 06:08:26.467040
Epoch 413/1000, D_loss=0.334677, reward=-8.497888
Epoch: 413: 2022-04-27 06:09:10.738263
Epoch 414/1000, D_loss=0.335324, reward=-8.496361
Epoch: 414: 2022-04-27 06:09:55.005633
Epoch 415/1000, D_loss=0.334974, reward=-8.498401
Epoch: 415: 2022-04-27 06:10:39.729661
Epoch 416/1000, D_loss=0.334233, reward=-8.500713
Epoch: 416: 2022-04-27 06:11:24.040259
Epoch 417/1000, D_loss=0.335028, reward=-8.498612
Epoch: 417: 2022-04-27 06:12:08.372543
Epoch 418/1000, D_loss=0.336377, reward=-8.497785
Epoch: 418: 2022-04-27 06:12:52.649716
Epoch 419/1000, D_loss=0.336125, reward=-8.500706
Epoch: 419: 2022-04-27 06:13:36.935041
Epoch 420/1000, D_loss=0.335970, reward=-8.500706
Epoch: 420: 2022-04-27 06:14:21.373550
Epoch 421/1000, D_loss=0.335946, reward=-8.500607
Epoch: 421: 2022-04-27 06:15:05.802698
Epoch 422/1000, D_loss=0.335383, reward=-8.501433
Epoch: 422: 2022-04-27 06:15:50.099038
Epoch 423/1000, D_loss=0.335834, reward=-8.501856
Epoch: 423: 2022-04-27 06:16:34.417329
Epoch 424/1000, D_loss=0.336045, reward=-8.502851
Epoch: 424: 2022-04-27 06:17:19.544764
Epoch 425/1000, D_loss=0.334206, reward=-8.505666
Epoch: 425: 2022-04-27 06:18:04.028856
Epoch 426/1000, D_loss=0.334881, reward=-8.504789
Epoch: 426: 2022-04-27 06:18:49.284976
Epoch 427/1000, D_loss=0.336042, reward=-8.505303
Epoch: 427: 2022-04-27 06:19:33.561838
Epoch 428/1000, D_loss=0.335121, reward=-8.505938
Epoch: 428: 2022-04-27 06:20:18.349811
Epoch 429/1000, D_loss=0.336098, reward=-8.504663
Epoch: 429: 2022-04-27 06:21:03.313213
Epoch 430/1000, D_loss=0.335566, reward=-8.506319
Epoch: 430: 2022-04-27 06:21:47.696131
Epoch 431/1000, D_loss=0.336215, reward=-8.506248
Epoch: 431: 2022-04-27 06:22:32.537844
Epoch 432/1000, D_loss=0.334748, reward=-8.508782
Epoch: 432: 2022-04-27 06:23:16.942109
Epoch 433/1000, D_loss=0.336198, reward=-8.508414
Epoch: 433: 2022-04-27 06:24:01.294190
Epoch 434/1000, D_loss=0.334882, reward=-8.508537
Epoch: 434: 2022-04-27 06:24:45.754863
Epoch 435/1000, D_loss=0.335063, reward=-8.509400
Epoch: 435: 2022-04-27 06:25:30.145514
Epoch 436/1000, D_loss=0.334901, reward=-8.509640
Epoch: 436: 2022-04-27 06:26:14.502021
Epoch 437/1000, D_loss=0.336800, reward=-8.507097
Epoch: 437: 2022-04-27 06:26:59.087065
Epoch 438/1000, D_loss=0.336052, reward=-8.509960
Epoch: 438: 2022-04-27 06:27:43.510273
Epoch 439/1000, D_loss=0.335652, reward=-8.511163
Epoch: 439: 2022-04-27 06:28:27.788436
Epoch 440/1000, D_loss=0.336093, reward=-8.511706
Epoch: 440: 2022-04-27 06:29:12.046876
Epoch 441/1000, D_loss=0.336889, reward=-8.513452
Epoch: 441: 2022-04-27 06:29:56.617715
Epoch 442/1000, D_loss=0.336771, reward=-8.514401
Epoch: 442: 2022-04-27 06:30:41.074776
Epoch 443/1000, D_loss=0.337150, reward=-8.512782
Epoch: 443: 2022-04-27 06:31:25.378499
Epoch 444/1000, D_loss=0.335687, reward=-8.514113
Epoch: 444: 2022-04-27 06:32:09.717402
Epoch 445/1000, D_loss=0.336605, reward=-8.510636
Epoch: 445: 2022-04-27 06:32:54.339018
Epoch 446/1000, D_loss=0.337391, reward=-8.509545
Epoch: 446: 2022-04-27 06:33:38.881488
Epoch 447/1000, D_loss=0.336383, reward=-8.512312
Epoch: 447: 2022-04-27 06:34:23.562130
Epoch 448/1000, D_loss=0.337222, reward=-8.511721
Epoch: 448: 2022-04-27 06:35:07.931015
Epoch 449/1000, D_loss=0.336092, reward=-8.514324
Epoch: 449: 2022-04-27 06:35:52.582522
Epoch 450/1000, D_loss=0.337391, reward=-8.514713
Test_MRR=0.115638, Test_MR=3314.104962, Test_H@10=0.287766
Epoch: 450: 2022-04-27 06:47:52.921538
Epoch 451/1000, D_loss=0.337373, reward=-8.514919
Epoch: 451: 2022-04-27 06:48:37.351859
Epoch 452/1000, D_loss=0.338495, reward=-8.513558
Epoch: 452: 2022-04-27 06:49:21.597426
Epoch 453/1000, D_loss=0.337057, reward=-8.516253
Epoch: 453: 2022-04-27 06:50:07.088780
Epoch 454/1000, D_loss=0.337306, reward=-8.515064
Epoch: 454: 2022-04-27 06:50:51.394383
Epoch 455/1000, D_loss=0.336774, reward=-8.518202
Epoch: 455: 2022-04-27 06:51:35.724466
Epoch 456/1000, D_loss=0.336799, reward=-8.518118
Epoch: 456: 2022-04-27 06:52:20.256297
Epoch 457/1000, D_loss=0.338951, reward=-8.514317
Epoch: 457: 2022-04-27 06:53:04.591646
Epoch 458/1000, D_loss=0.337077, reward=-8.516826
Epoch: 458: 2022-04-27 06:53:48.917240
Epoch 459/1000, D_loss=0.338105, reward=-8.518531
Epoch: 459: 2022-04-27 06:54:33.177848
Epoch 460/1000, D_loss=0.336755, reward=-8.522688
Epoch: 460: 2022-04-27 06:55:17.479785
Epoch 461/1000, D_loss=0.336369, reward=-8.523021
Epoch: 461: 2022-04-27 06:56:01.828116
Epoch 462/1000, D_loss=0.336130, reward=-8.523777
Epoch: 462: 2022-04-27 06:56:46.567388
Epoch 463/1000, D_loss=0.336877, reward=-8.523121
Epoch: 463: 2022-04-27 06:57:30.956922
Epoch 464/1000, D_loss=0.336475, reward=-8.522893
Epoch: 464: 2022-04-27 06:58:15.401409
Epoch 465/1000, D_loss=0.337484, reward=-8.520545
Epoch: 465: 2022-04-27 06:58:59.952267
Epoch 466/1000, D_loss=0.336419, reward=-8.522632
Epoch: 466: 2022-04-27 06:59:44.409015
Epoch 467/1000, D_loss=0.335859, reward=-8.525312
Epoch: 467: 2022-04-27 07:00:29.503308
Epoch 468/1000, D_loss=0.335665, reward=-8.525436
Epoch: 468: 2022-04-27 07:01:13.882304
Epoch 469/1000, D_loss=0.337172, reward=-8.523417
Epoch: 469: 2022-04-27 07:01:58.225071
Epoch 470/1000, D_loss=0.336646, reward=-8.524474
Epoch: 470: 2022-04-27 07:02:42.625675
Epoch 471/1000, D_loss=0.336340, reward=-8.526432
Epoch: 471: 2022-04-27 07:03:26.923053
Epoch 472/1000, D_loss=0.338250, reward=-8.525756
Epoch: 472: 2022-04-27 07:04:11.308938
Epoch 473/1000, D_loss=0.336994, reward=-8.527484
Epoch: 473: 2022-04-27 07:04:55.856003
Epoch 474/1000, D_loss=0.338415, reward=-8.525556
Epoch: 474: 2022-04-27 07:05:40.198760
Epoch 475/1000, D_loss=0.338720, reward=-8.524764
Epoch: 475: 2022-04-27 07:06:24.703437
Epoch 476/1000, D_loss=0.337712, reward=-8.525773
Epoch: 476: 2022-04-27 07:07:09.024291
Epoch 477/1000, D_loss=0.338074, reward=-8.526497
Epoch: 477: 2022-04-27 07:07:53.501446
Epoch 478/1000, D_loss=0.336867, reward=-8.527023
Epoch: 478: 2022-04-27 07:08:37.831683
Epoch 479/1000, D_loss=0.337424, reward=-8.527182
Epoch: 479: 2022-04-27 07:09:22.581068
Epoch 480/1000, D_loss=0.337552, reward=-8.527218
Epoch: 480: 2022-04-27 07:10:07.063217
Epoch 481/1000, D_loss=0.337529, reward=-8.525615
Epoch: 481: 2022-04-27 07:10:51.541570
Epoch 482/1000, D_loss=0.339385, reward=-8.524732
Epoch: 482: 2022-04-27 07:11:35.928152
Epoch 483/1000, D_loss=0.338861, reward=-8.526446
Epoch: 483: 2022-04-27 07:12:20.627638
Epoch 484/1000, D_loss=0.338475, reward=-8.527003
Epoch: 484: 2022-04-27 07:13:05.158856
Epoch 485/1000, D_loss=0.337323, reward=-8.529031
Epoch: 485: 2022-04-27 07:13:49.553124
Epoch 486/1000, D_loss=0.339737, reward=-8.525243
Epoch: 486: 2022-04-27 07:14:33.945424
Epoch 487/1000, D_loss=0.339418, reward=-8.525805
Epoch: 487: 2022-04-27 07:15:18.411236
Epoch 488/1000, D_loss=0.340363, reward=-8.525774
Epoch: 488: 2022-04-27 07:16:02.764230
Epoch 489/1000, D_loss=0.339332, reward=-8.528041
Epoch: 489: 2022-04-27 07:16:47.781669
Epoch 490/1000, D_loss=0.339251, reward=-8.527160
Epoch: 490: 2022-04-27 07:17:32.414457
Epoch 491/1000, D_loss=0.339701, reward=-8.527346
Epoch: 491: 2022-04-27 07:18:16.827813
Epoch 492/1000, D_loss=0.339147, reward=-8.527948
Epoch: 492: 2022-04-27 07:19:01.184325
Epoch 493/1000, D_loss=0.338297, reward=-8.532277
Epoch: 493: 2022-04-27 07:19:46.199298
Epoch 494/1000, D_loss=0.338878, reward=-8.530647
Epoch: 494: 2022-04-27 07:20:31.275929
Epoch 495/1000, D_loss=0.338915, reward=-8.529133
Epoch: 495: 2022-04-27 07:21:15.312646
Epoch 496/1000, D_loss=0.339013, reward=-8.528113
Epoch: 496: 2022-04-27 07:21:59.547364
Epoch 497/1000, D_loss=0.338714, reward=-8.530476
Epoch: 497: 2022-04-27 07:22:44.353856
Epoch 498/1000, D_loss=0.339724, reward=-8.527438
Epoch: 498: 2022-04-27 07:23:29.000066
Epoch 499/1000, D_loss=0.340174, reward=-8.527005
Epoch: 499: 2022-04-27 07:24:13.455581
Epoch 500/1000, D_loss=0.340106, reward=-8.528476
Test_MRR=0.115275, Test_MR=3144.133487, Test_H@10=0.291583
Epoch: 500: 2022-04-27 07:36:08.528071
Epoch 501/1000, D_loss=0.340389, reward=-8.526245
Epoch: 501: 2022-04-27 07:36:52.925910
Epoch 502/1000, D_loss=0.340234, reward=-8.528762
Epoch: 502: 2022-04-27 07:37:37.466708
Epoch 503/1000, D_loss=0.339748, reward=-8.532118
Epoch: 503: 2022-04-27 07:38:21.874927
Epoch 504/1000, D_loss=0.341217, reward=-8.528384
Epoch: 504: 2022-04-27 07:39:06.570547
Epoch 505/1000, D_loss=0.341944, reward=-8.527725
Epoch: 505: 2022-04-27 07:39:50.980331
Epoch 506/1000, D_loss=0.340851, reward=-8.530725
Epoch: 506: 2022-04-27 07:40:35.651755
Epoch 507/1000, D_loss=0.341104, reward=-8.533049
Epoch: 507: 2022-04-27 07:41:20.017707
Epoch 508/1000, D_loss=0.339821, reward=-8.530332
Epoch: 508: 2022-04-27 07:42:04.452822
Epoch 509/1000, D_loss=0.340285, reward=-8.530594
Epoch: 509: 2022-04-27 07:42:48.901470
Epoch 510/1000, D_loss=0.341093, reward=-8.528485
Epoch: 510: 2022-04-27 07:43:33.385046
Epoch 511/1000, D_loss=0.340828, reward=-8.528943
Epoch: 511: 2022-04-27 07:44:17.776128
Epoch 512/1000, D_loss=0.340713, reward=-8.529099
Epoch: 512: 2022-04-27 07:45:02.116949
Epoch 513/1000, D_loss=0.340661, reward=-8.530121
Epoch: 513: 2022-04-27 07:45:47.510644
Epoch 514/1000, D_loss=0.341723, reward=-8.529056
Epoch: 514: 2022-04-27 07:46:32.637163
Epoch 515/1000, D_loss=0.342163, reward=-8.528981
Epoch: 515: 2022-04-27 07:47:17.337746
Epoch 516/1000, D_loss=0.340987, reward=-8.529709
Epoch: 516: 2022-04-27 07:48:01.667911
Epoch 517/1000, D_loss=0.340067, reward=-8.531704
Epoch: 517: 2022-04-27 07:48:46.714595
Epoch 518/1000, D_loss=0.340345, reward=-8.530662
Epoch: 518: 2022-04-27 07:49:31.778731
Epoch 519/1000, D_loss=0.340008, reward=-8.532612
Epoch: 519: 2022-04-27 07:50:16.665062
Epoch 520/1000, D_loss=0.339796, reward=-8.534527
Epoch: 520: 2022-04-27 07:51:01.759957
Epoch 521/1000, D_loss=0.339884, reward=-8.534038
Epoch: 521: 2022-04-27 07:51:46.546983
Epoch 522/1000, D_loss=0.339035, reward=-8.536631
Epoch: 522: 2022-04-27 07:52:30.945626
Epoch 523/1000, D_loss=0.339589, reward=-8.536077
Epoch: 523: 2022-04-27 07:53:15.815789
Epoch 524/1000, D_loss=0.339500, reward=-8.536728
Epoch: 524: 2022-04-27 07:54:00.728834
Epoch 525/1000, D_loss=0.339919, reward=-8.536688
Epoch: 525: 2022-04-27 07:54:45.238003
Epoch 526/1000, D_loss=0.339425, reward=-8.538566
Epoch: 526: 2022-04-27 07:55:29.625567
Epoch 527/1000, D_loss=0.340634, reward=-8.537156
Epoch: 527: 2022-04-27 07:56:14.024677
Epoch 528/1000, D_loss=0.339990, reward=-8.537834
Epoch: 528: 2022-04-27 07:56:58.447971
Epoch 529/1000, D_loss=0.340763, reward=-8.534309
Epoch: 529: 2022-04-27 07:57:43.007523
Epoch 530/1000, D_loss=0.339684, reward=-8.537991
Epoch: 530: 2022-04-27 07:58:27.610627
Epoch 531/1000, D_loss=0.340108, reward=-8.537169
Epoch: 531: 2022-04-27 07:59:12.246896
Epoch 532/1000, D_loss=0.340496, reward=-8.538715
Epoch: 532: 2022-04-27 07:59:56.636647
Epoch 533/1000, D_loss=0.339864, reward=-8.540076
Epoch: 533: 2022-04-27 08:00:41.210744
Epoch 534/1000, D_loss=0.340687, reward=-8.541145
Epoch: 534: 2022-04-27 08:01:25.570366
Epoch 535/1000, D_loss=0.339099, reward=-8.541727
Epoch: 535: 2022-04-27 08:02:09.930479
Epoch 536/1000, D_loss=0.341111, reward=-8.539945
Epoch: 536: 2022-04-27 08:02:54.861000
Epoch 537/1000, D_loss=0.340636, reward=-8.541568
Epoch: 537: 2022-04-27 08:03:39.510020
Epoch 538/1000, D_loss=0.340120, reward=-8.541953
Epoch: 538: 2022-04-27 08:04:24.469631
Epoch 539/1000, D_loss=0.340444, reward=-8.542085
Epoch: 539: 2022-04-27 08:05:09.250690
Epoch 540/1000, D_loss=0.340909, reward=-8.541510
Epoch: 540: 2022-04-27 08:05:53.693896
Epoch 541/1000, D_loss=0.340239, reward=-8.543294
Epoch: 541: 2022-04-27 08:06:38.504779
Epoch 542/1000, D_loss=0.341076, reward=-8.542774
Epoch: 542: 2022-04-27 08:07:23.210750
Epoch 543/1000, D_loss=0.341526, reward=-8.543359
Epoch: 543: 2022-04-27 08:08:07.567616
Epoch 544/1000, D_loss=0.343967, reward=-8.539127
Epoch: 544: 2022-04-27 08:08:51.940131
Epoch 545/1000, D_loss=0.342503, reward=-8.542153
Epoch: 545: 2022-04-27 08:09:36.299924
Epoch 546/1000, D_loss=0.343180, reward=-8.539021
Epoch: 546: 2022-04-27 08:10:20.873112
Epoch 547/1000, D_loss=0.343468, reward=-8.539799
Epoch: 547: 2022-04-27 08:11:05.271322
Epoch 548/1000, D_loss=0.343270, reward=-8.538209
Epoch: 548: 2022-04-27 08:11:49.745030
Epoch 549/1000, D_loss=0.342692, reward=-8.538948
Epoch: 549: 2022-04-27 08:12:34.265735
Epoch 550/1000, D_loss=0.342652, reward=-8.539261
Test_MRR=0.113993, Test_MR=3085.752611, Test_H@10=0.292487
Epoch: 550: 2022-04-27 08:24:34.613606
Epoch 551/1000, D_loss=0.342854, reward=-8.537529
Epoch: 551: 2022-04-27 08:25:19.026975
Epoch 552/1000, D_loss=0.342519, reward=-8.540379
Epoch: 552: 2022-04-27 08:26:03.458303
Epoch 553/1000, D_loss=0.342941, reward=-8.538512
Epoch: 553: 2022-04-27 08:26:48.137187
Epoch 554/1000, D_loss=0.341513, reward=-8.539918
Epoch: 554: 2022-04-27 08:27:32.642411
Epoch 555/1000, D_loss=0.342354, reward=-8.540640
Epoch: 555: 2022-04-27 08:28:17.499044
Epoch 556/1000, D_loss=0.341762, reward=-8.540125
Epoch: 556: 2022-04-27 08:29:01.976356
Epoch 557/1000, D_loss=0.341207, reward=-8.540574
Epoch: 557: 2022-04-27 08:29:46.649312
Epoch 558/1000, D_loss=0.340214, reward=-8.543129
Epoch: 558: 2022-04-27 08:30:31.518817
Epoch 559/1000, D_loss=0.341344, reward=-8.541535
Epoch: 559: 2022-04-27 08:31:16.126873
Epoch 560/1000, D_loss=0.342300, reward=-8.538312
Epoch: 560: 2022-04-27 08:32:00.757940
Epoch 561/1000, D_loss=0.341589, reward=-8.540354
Epoch: 561: 2022-04-27 08:32:45.245239
Epoch 562/1000, D_loss=0.343219, reward=-8.539631
Epoch: 562: 2022-04-27 08:33:29.816606
Epoch 563/1000, D_loss=0.341175, reward=-8.542840
Epoch: 563: 2022-04-27 08:34:14.323879
Epoch 564/1000, D_loss=0.342618, reward=-8.538652
Epoch: 564: 2022-04-27 08:34:58.892040
Epoch 565/1000, D_loss=0.341592, reward=-8.542694
Epoch: 565: 2022-04-27 08:35:43.374442
Epoch 566/1000, D_loss=0.342605, reward=-8.540495
Epoch: 566: 2022-04-27 08:36:28.027757
Epoch 567/1000, D_loss=0.342890, reward=-8.541108
Epoch: 567: 2022-04-27 08:37:12.530166
Epoch 568/1000, D_loss=0.342762, reward=-8.542603
Epoch: 568: 2022-04-27 08:37:57.100489
Epoch 569/1000, D_loss=0.341714, reward=-8.546719
Epoch: 569: 2022-04-27 08:38:41.837141
Epoch 570/1000, D_loss=0.342787, reward=-8.546379
Epoch: 570: 2022-04-27 08:39:26.403515
Epoch 571/1000, D_loss=0.340839, reward=-8.547967
Epoch: 571: 2022-04-27 08:40:10.995632
Epoch 572/1000, D_loss=0.343171, reward=-8.545438
Epoch: 572: 2022-04-27 08:40:55.757970
Epoch 573/1000, D_loss=0.341870, reward=-8.545556
Epoch: 573: 2022-04-27 08:41:40.722678
Epoch 574/1000, D_loss=0.342335, reward=-8.545805
Epoch: 574: 2022-04-27 08:42:25.282163
Epoch 575/1000, D_loss=0.343165, reward=-8.546890
Epoch: 575: 2022-04-27 08:43:09.761840
Epoch 576/1000, D_loss=0.343235, reward=-8.546318
Epoch: 576: 2022-04-27 08:43:54.143910
Epoch 577/1000, D_loss=0.342938, reward=-8.544573
Epoch: 577: 2022-04-27 08:44:39.826938
Epoch 578/1000, D_loss=0.342811, reward=-8.544580
Epoch: 578: 2022-04-27 08:45:24.544183
Epoch 579/1000, D_loss=0.343404, reward=-8.544491
Epoch: 579: 2022-04-27 08:46:10.454651
Epoch 580/1000, D_loss=0.344399, reward=-8.542584
Epoch: 580: 2022-04-27 08:46:54.813740
Epoch 581/1000, D_loss=0.343340, reward=-8.544401
Epoch: 581: 2022-04-27 08:47:40.411661
Epoch 582/1000, D_loss=0.344095, reward=-8.541888
Epoch: 582: 2022-04-27 08:48:24.980498
Epoch 583/1000, D_loss=0.342939, reward=-8.544475
Epoch: 583: 2022-04-27 08:49:09.714467
Epoch 584/1000, D_loss=0.343011, reward=-8.544755
Epoch: 584: 2022-04-27 08:49:55.114326
Epoch 585/1000, D_loss=0.342761, reward=-8.543774
Epoch: 585: 2022-04-27 08:50:40.084939
Epoch 586/1000, D_loss=0.342871, reward=-8.544608
Epoch: 586: 2022-04-27 08:51:24.470332
Epoch 587/1000, D_loss=0.343399, reward=-8.544252
Epoch: 587: 2022-04-27 08:52:08.986169
Epoch 588/1000, D_loss=0.343664, reward=-8.543496
Epoch: 588: 2022-04-27 08:52:53.604112
Epoch 589/1000, D_loss=0.342174, reward=-8.546685
Epoch: 589: 2022-04-27 08:53:38.024767
Epoch 590/1000, D_loss=0.342937, reward=-8.544594
Epoch: 590: 2022-04-27 08:54:22.987522
Epoch 591/1000, D_loss=0.345265, reward=-8.541530
Epoch: 591: 2022-04-27 08:55:07.423627
Epoch 592/1000, D_loss=0.342801, reward=-8.545424
Epoch: 592: 2022-04-27 08:55:52.189030
Epoch 593/1000, D_loss=0.342705, reward=-8.543506
Epoch: 593: 2022-04-27 08:56:36.632941
Epoch 594/1000, D_loss=0.343683, reward=-8.541152
Epoch: 594: 2022-04-27 08:57:21.303196
Epoch 595/1000, D_loss=0.343299, reward=-8.543433
Epoch: 595: 2022-04-27 08:58:05.889739
Epoch 596/1000, D_loss=0.342515, reward=-8.544648
Epoch: 596: 2022-04-27 08:58:50.424532
Epoch 597/1000, D_loss=0.342812, reward=-8.542296
Epoch: 597: 2022-04-27 08:59:34.880477
Epoch 598/1000, D_loss=0.344594, reward=-8.537417
Epoch: 598: 2022-04-27 09:00:19.587900
Epoch 599/1000, D_loss=0.343329, reward=-8.542705
Epoch: 599: 2022-04-27 09:01:04.099020
Epoch 600/1000, D_loss=0.343822, reward=-8.541133
Test_MRR=0.115979, Test_MR=3274.371836, Test_H@10=0.290679
Epoch: 600: 2022-04-27 09:13:00.599046
Epoch 601/1000, D_loss=0.343723, reward=-8.540008
Epoch: 601: 2022-04-27 09:13:45.090267
Epoch 602/1000, D_loss=0.343587, reward=-8.541410
Epoch: 602: 2022-04-27 09:14:29.802711
Epoch 603/1000, D_loss=0.344987, reward=-8.537648
Epoch: 603: 2022-04-27 09:15:14.241004
Epoch 604/1000, D_loss=0.344522, reward=-8.537436
Epoch: 604: 2022-04-27 09:15:58.665410
Epoch 605/1000, D_loss=0.344518, reward=-8.537767
Epoch: 605: 2022-04-27 09:16:44.394676
Epoch 606/1000, D_loss=0.344433, reward=-8.538821
Epoch: 606: 2022-04-27 09:17:29.333554
Epoch 607/1000, D_loss=0.343885, reward=-8.541783
Epoch: 607: 2022-04-27 09:18:13.957286
Epoch 608/1000, D_loss=0.343732, reward=-8.542020
Epoch: 608: 2022-04-27 09:18:58.982517
Epoch 609/1000, D_loss=0.344310, reward=-8.540077
Epoch: 609: 2022-04-27 09:19:44.336927
Epoch 610/1000, D_loss=0.343371, reward=-8.541400
Epoch: 610: 2022-04-27 09:20:29.086671
Epoch 611/1000, D_loss=0.343546, reward=-8.543077
Epoch: 611: 2022-04-27 09:21:13.485011
Epoch 612/1000, D_loss=0.344634, reward=-8.538253
Epoch: 612: 2022-04-27 09:21:58.256999
Epoch 613/1000, D_loss=0.344142, reward=-8.538612
Epoch: 613: 2022-04-27 09:22:43.935618
Epoch 614/1000, D_loss=0.345209, reward=-8.536463
Epoch: 614: 2022-04-27 09:23:28.909560
Epoch 615/1000, D_loss=0.344015, reward=-8.539215
Epoch: 615: 2022-04-27 09:24:14.275003
Epoch 616/1000, D_loss=0.345119, reward=-8.538410
Epoch: 616: 2022-04-27 09:24:58.887959
Epoch 617/1000, D_loss=0.344585, reward=-8.541347
Epoch: 617: 2022-04-27 09:25:43.989691
Epoch 618/1000, D_loss=0.346110, reward=-8.539946
Epoch: 618: 2022-04-27 09:26:28.272423
Epoch 619/1000, D_loss=0.344769, reward=-8.541486
Epoch: 619: 2022-04-27 09:27:12.555207
Epoch 620/1000, D_loss=0.344846, reward=-8.540379
Epoch: 620: 2022-04-27 09:27:57.261729
Epoch 621/1000, D_loss=0.344485, reward=-8.540051
Epoch: 621: 2022-04-27 09:28:41.884584
Epoch 622/1000, D_loss=0.343252, reward=-8.540364
Epoch: 622: 2022-04-27 09:29:26.009892
Epoch 623/1000, D_loss=0.343585, reward=-8.536417
Epoch: 623: 2022-04-27 09:30:10.703544
Epoch 624/1000, D_loss=0.345055, reward=-8.536417
Epoch: 624: 2022-04-27 09:30:54.361348
Epoch 625/1000, D_loss=0.344299, reward=-8.537502
Epoch: 625: 2022-04-27 09:31:36.847753
Epoch 626/1000, D_loss=0.345112, reward=-8.539759
Epoch: 626: 2022-04-27 09:32:19.644440
Epoch 627/1000, D_loss=0.343532, reward=-8.541572
Epoch: 627: 2022-04-27 09:33:02.968204
Epoch 628/1000, D_loss=0.343116, reward=-8.542223
Epoch: 628: 2022-04-27 09:33:45.688474
Epoch 629/1000, D_loss=0.344157, reward=-8.540566
Epoch: 629: 2022-04-27 09:34:28.585492
Epoch 630/1000, D_loss=0.343841, reward=-8.541362
Epoch: 630: 2022-04-27 09:35:11.229467
Epoch 631/1000, D_loss=0.345153, reward=-8.537350
Epoch: 631: 2022-04-27 09:35:53.386579
Epoch 632/1000, D_loss=0.344405, reward=-8.538543
Epoch: 632: 2022-04-27 09:36:36.158131
Epoch 633/1000, D_loss=0.343601, reward=-8.539839
Epoch: 633: 2022-04-27 09:37:20.133941
Epoch 634/1000, D_loss=0.345570, reward=-8.535480
Epoch: 634: 2022-04-27 09:38:03.907704
Epoch 635/1000, D_loss=0.345419, reward=-8.536348
Epoch: 635: 2022-04-27 09:38:47.317350
Epoch 636/1000, D_loss=0.344407, reward=-8.536278
Epoch: 636: 2022-04-27 09:39:30.493910
Epoch 637/1000, D_loss=0.345219, reward=-8.537518
Epoch: 637: 2022-04-27 09:40:14.856224
Epoch 638/1000, D_loss=0.345073, reward=-8.538029
Epoch: 638: 2022-04-27 09:40:58.253118
Epoch 639/1000, D_loss=0.345987, reward=-8.535497
Epoch: 639: 2022-04-27 09:41:41.866753
Epoch 640/1000, D_loss=0.345936, reward=-8.535558
Epoch: 640: 2022-04-27 09:42:25.937331
Epoch 641/1000, D_loss=0.344973, reward=-8.536423
Epoch: 641: 2022-04-27 09:43:10.484430
Epoch 642/1000, D_loss=0.344267, reward=-8.536982
Epoch: 642: 2022-04-27 09:43:55.075368
Epoch 643/1000, D_loss=0.344371, reward=-8.536176
Epoch: 643: 2022-04-27 09:44:38.898867
Epoch 644/1000, D_loss=0.345200, reward=-8.535252
Epoch: 644: 2022-04-27 09:45:22.189110
Epoch 645/1000, D_loss=0.345424, reward=-8.535714
Epoch: 645: 2022-04-27 09:46:06.673339
Epoch 646/1000, D_loss=0.345971, reward=-8.535563
Epoch: 646: 2022-04-27 09:46:50.827423
Epoch 647/1000, D_loss=0.346668, reward=-8.534283
Epoch: 647: 2022-04-27 09:47:34.792752
Epoch 648/1000, D_loss=0.345662, reward=-8.535971
Epoch: 648: 2022-04-27 09:48:19.386161
Epoch 649/1000, D_loss=0.345956, reward=-8.533729
Epoch: 649: 2022-04-27 09:49:03.969662
Epoch 650/1000, D_loss=0.348699, reward=-8.528479
Test_MRR=0.113213, Test_MR=3332.557955, Test_H@10=0.291884
Epoch: 650: 2022-04-27 10:01:04.243207
Epoch 651/1000, D_loss=0.347672, reward=-8.529010
Epoch: 651: 2022-04-27 10:01:47.518700
Epoch 652/1000, D_loss=0.347795, reward=-8.529963
Epoch: 652: 2022-04-27 10:02:30.903512
Epoch 653/1000, D_loss=0.346688, reward=-8.528679
Epoch: 653: 2022-04-27 10:03:14.112586
Epoch 654/1000, D_loss=0.346312, reward=-8.531125
Epoch: 654: 2022-04-27 10:03:57.737899
Epoch 655/1000, D_loss=0.346731, reward=-8.528672
Epoch: 655: 2022-04-27 10:04:41.139064
Epoch 656/1000, D_loss=0.347160, reward=-8.527821
Epoch: 656: 2022-04-27 10:05:23.894244
Epoch 657/1000, D_loss=0.345190, reward=-8.531307
Epoch: 657: 2022-04-27 10:06:07.187021
Epoch 658/1000, D_loss=0.345993, reward=-8.529275
Epoch: 658: 2022-04-27 10:06:50.482630
Epoch 659/1000, D_loss=0.344910, reward=-8.530150
Epoch: 659: 2022-04-27 10:07:33.827415
Epoch 660/1000, D_loss=0.345373, reward=-8.528944
Epoch: 660: 2022-04-27 10:08:17.240996
Epoch 661/1000, D_loss=0.344452, reward=-8.531268
Epoch: 661: 2022-04-27 10:09:00.588789
Epoch 662/1000, D_loss=0.345981, reward=-8.531481
Epoch: 662: 2022-04-27 10:09:43.663616
Epoch 663/1000, D_loss=0.344751, reward=-8.532171
Epoch: 663: 2022-04-27 10:10:26.855963
Epoch 664/1000, D_loss=0.344976, reward=-8.533431
Epoch: 664: 2022-04-27 10:11:09.971756
Epoch 665/1000, D_loss=0.345238, reward=-8.533830
Epoch: 665: 2022-04-27 10:11:53.443458
Epoch 666/1000, D_loss=0.345809, reward=-8.531704
Epoch: 666: 2022-04-27 10:12:36.815518
Epoch 667/1000, D_loss=0.344728, reward=-8.532912
Epoch: 667: 2022-04-27 10:13:20.014104
Epoch 668/1000, D_loss=0.345134, reward=-8.529794
Epoch: 668: 2022-04-27 10:14:03.956934
Epoch 669/1000, D_loss=0.344860, reward=-8.529338
Epoch: 669: 2022-04-27 10:14:46.926982
Epoch 670/1000, D_loss=0.344618, reward=-8.531357
Epoch: 670: 2022-04-27 10:15:29.744514
Epoch 671/1000, D_loss=0.345105, reward=-8.529984
Epoch: 671: 2022-04-27 10:16:14.172390
Epoch 672/1000, D_loss=0.345046, reward=-8.529112
Epoch: 672: 2022-04-27 10:16:57.229565
Epoch 673/1000, D_loss=0.345280, reward=-8.527656
Epoch: 673: 2022-04-27 10:17:40.027749
Epoch 674/1000, D_loss=0.346170, reward=-8.526109
Epoch: 674: 2022-04-27 10:18:23.107134
Epoch 675/1000, D_loss=0.344980, reward=-8.526507
Epoch: 675: 2022-04-27 10:19:06.731410
Epoch 676/1000, D_loss=0.346669, reward=-8.522570
Epoch: 676: 2022-04-27 10:19:50.059352
Epoch 677/1000, D_loss=0.346790, reward=-8.522054
Epoch: 677: 2022-04-27 10:20:36.046217
Epoch 678/1000, D_loss=0.348192, reward=-8.519106
Epoch: 678: 2022-04-27 10:21:19.741358
Epoch 679/1000, D_loss=0.347182, reward=-8.520142
Epoch: 679: 2022-04-27 10:22:03.609102
Epoch 680/1000, D_loss=0.347613, reward=-8.520720
Epoch: 680: 2022-04-27 10:22:47.189676
Epoch 681/1000, D_loss=0.348132, reward=-8.520183
Epoch: 681: 2022-04-27 10:23:30.530050
Epoch 682/1000, D_loss=0.347586, reward=-8.521846
Epoch: 682: 2022-04-27 10:24:13.652081
Epoch 683/1000, D_loss=0.349196, reward=-8.519662
Epoch: 683: 2022-04-27 10:24:56.063685
Epoch 684/1000, D_loss=0.347744, reward=-8.519591
Epoch: 684: 2022-04-27 10:25:39.431659
Epoch 685/1000, D_loss=0.347349, reward=-8.521280
Epoch: 685: 2022-04-27 10:26:23.518520
Epoch 686/1000, D_loss=0.348360, reward=-8.519286
Epoch: 686: 2022-04-27 10:27:06.622025
Epoch 687/1000, D_loss=0.346798, reward=-8.521708
Epoch: 687: 2022-04-27 10:27:49.959869
Epoch 688/1000, D_loss=0.348093, reward=-8.516240
Epoch: 688: 2022-04-27 10:28:33.434046
Epoch 689/1000, D_loss=0.348344, reward=-8.517179
Epoch: 689: 2022-04-27 10:29:16.349041
Epoch 690/1000, D_loss=0.348399, reward=-8.513896
Epoch: 690: 2022-04-27 10:29:59.466228
Epoch 691/1000, D_loss=0.346741, reward=-8.514502
Epoch: 691: 2022-04-27 10:30:43.401362
Epoch 692/1000, D_loss=0.347055, reward=-8.515346
Epoch: 692: 2022-04-27 10:31:26.546235
Epoch 693/1000, D_loss=0.346703, reward=-8.515702
Epoch: 693: 2022-04-27 10:32:09.516622
Epoch 694/1000, D_loss=0.347362, reward=-8.514896
Epoch: 694: 2022-04-27 10:32:52.623608
Epoch 695/1000, D_loss=0.345827, reward=-8.516903
Epoch: 695: 2022-04-27 10:33:34.882242
Epoch 696/1000, D_loss=0.345622, reward=-8.518393
Epoch: 696: 2022-04-27 10:34:17.850709
Epoch 697/1000, D_loss=0.345961, reward=-8.516240
Epoch: 697: 2022-04-27 10:35:00.977391
Epoch 698/1000, D_loss=0.345470, reward=-8.517719
Epoch: 698: 2022-04-27 10:35:44.995439
Epoch 699/1000, D_loss=0.345470, reward=-8.519380
Epoch: 699: 2022-04-27 10:36:28.281191
Epoch 700/1000, D_loss=0.344887, reward=-8.518448
Test_MRR=0.116842, Test_MR=3126.964544, Test_H@10=0.300121
Epoch: 700: 2022-04-27 10:48:35.166044
Epoch 701/1000, D_loss=0.346142, reward=-8.516671
Epoch: 701: 2022-04-27 10:49:18.299277
Epoch 702/1000, D_loss=0.346417, reward=-8.515978
Epoch: 702: 2022-04-27 10:50:01.427325
Epoch 703/1000, D_loss=0.344877, reward=-8.518408
Epoch: 703: 2022-04-27 10:50:44.713114
Epoch 704/1000, D_loss=0.345758, reward=-8.516748
Epoch: 704: 2022-04-27 10:51:28.555028
Epoch 705/1000, D_loss=0.346487, reward=-8.515872
Epoch: 705: 2022-04-27 10:52:11.344223
Epoch 706/1000, D_loss=0.346801, reward=-8.516817
Epoch: 706: 2022-04-27 10:52:54.637741
Epoch 707/1000, D_loss=0.345487, reward=-8.515983
Epoch: 707: 2022-04-27 10:53:38.607436
Epoch 708/1000, D_loss=0.346062, reward=-8.515697
Epoch: 708: 2022-04-27 10:54:22.888724
Epoch 709/1000, D_loss=0.347277, reward=-8.514524
Epoch: 709: 2022-04-27 10:55:06.791147
Epoch 710/1000, D_loss=0.348244, reward=-8.512974
Epoch: 710: 2022-04-27 10:55:50.343344
Epoch 711/1000, D_loss=0.347266, reward=-8.513303
Epoch: 711: 2022-04-27 10:56:35.407566
Epoch 712/1000, D_loss=0.347656, reward=-8.514559
Epoch: 712: 2022-04-27 10:57:18.876551
Epoch 713/1000, D_loss=0.347546, reward=-8.514457
Epoch: 713: 2022-04-27 10:58:02.222320
Epoch 714/1000, D_loss=0.347740, reward=-8.513849
Epoch: 714: 2022-04-27 10:58:44.940401
Epoch 715/1000, D_loss=0.347697, reward=-8.513774
Epoch: 715: 2022-04-27 10:59:27.628420
Epoch 716/1000, D_loss=0.348558, reward=-8.511593
Epoch: 716: 2022-04-27 11:00:10.843973
Epoch 717/1000, D_loss=0.348332, reward=-8.512657
Epoch: 717: 2022-04-27 11:00:55.523897
Epoch 718/1000, D_loss=0.348651, reward=-8.509381
Epoch: 718: 2022-04-27 11:01:39.910688
Epoch 719/1000, D_loss=0.348666, reward=-8.510536
Epoch: 719: 2022-04-27 11:02:24.490433
Epoch 720/1000, D_loss=0.347904, reward=-8.511585
Epoch: 720: 2022-04-27 11:03:09.643647
Epoch 721/1000, D_loss=0.347825, reward=-8.510638
Epoch: 721: 2022-04-27 11:03:55.764365
Epoch 722/1000, D_loss=0.348882, reward=-8.509185
Epoch: 722: 2022-04-27 11:04:40.762676
Epoch 723/1000, D_loss=0.348628, reward=-8.512038
Epoch: 723: 2022-04-27 11:05:25.587693
Epoch 724/1000, D_loss=0.347590, reward=-8.511696
Epoch: 724: 2022-04-27 11:06:10.976574
Epoch 725/1000, D_loss=0.348148, reward=-8.512468
Epoch: 725: 2022-04-27 11:06:57.509072
Epoch 726/1000, D_loss=0.348579, reward=-8.513257
Epoch: 726: 2022-04-27 11:07:42.417130
Epoch 727/1000, D_loss=0.347654, reward=-8.510221
Epoch: 727: 2022-04-27 11:08:27.284751
Epoch 728/1000, D_loss=0.346327, reward=-8.513006
Epoch: 728: 2022-04-27 11:09:10.494626
Epoch 729/1000, D_loss=0.346782, reward=-8.511751
Epoch: 729: 2022-04-27 11:09:53.850578
Epoch 730/1000, D_loss=0.348147, reward=-8.507890
Epoch: 730: 2022-04-27 11:10:38.150885
Epoch 731/1000, D_loss=0.347415, reward=-8.508428
Epoch: 731: 2022-04-27 11:11:22.658115
Epoch 732/1000, D_loss=0.346859, reward=-8.512585
Epoch: 732: 2022-04-27 11:12:06.273182
Epoch 733/1000, D_loss=0.347110, reward=-8.509836
Epoch: 733: 2022-04-27 11:12:50.308494
Epoch 734/1000, D_loss=0.347387, reward=-8.509991
Epoch: 734: 2022-04-27 11:13:33.999450
Epoch 735/1000, D_loss=0.346486, reward=-8.513806
Epoch: 735: 2022-04-27 11:14:17.440957
Epoch 736/1000, D_loss=0.347576, reward=-8.511387
Epoch: 736: 2022-04-27 11:15:00.816653
Epoch 737/1000, D_loss=0.345304, reward=-8.515836
Epoch: 737: 2022-04-27 11:15:44.406364
Epoch 738/1000, D_loss=0.345858, reward=-8.514284
Epoch: 738: 2022-04-27 11:16:29.074659
Epoch 739/1000, D_loss=0.346623, reward=-8.510839
Epoch: 739: 2022-04-27 11:17:13.500761
Epoch 740/1000, D_loss=0.347069, reward=-8.510139
Epoch: 740: 2022-04-27 11:17:56.509926
Epoch 741/1000, D_loss=0.346318, reward=-8.509318
Epoch: 741: 2022-04-27 11:18:41.578738
Epoch 742/1000, D_loss=0.346977, reward=-8.509772
Epoch: 742: 2022-04-27 11:19:24.870146
Epoch 743/1000, D_loss=0.346932, reward=-8.510696
Epoch: 743: 2022-04-27 11:20:08.111170
Epoch 744/1000, D_loss=0.347783, reward=-8.508782
Epoch: 744: 2022-04-27 11:20:53.635715
Epoch 745/1000, D_loss=0.347300, reward=-8.511724
Epoch: 745: 2022-04-27 11:21:37.730237
Epoch 746/1000, D_loss=0.347334, reward=-8.513386
Epoch: 746: 2022-04-27 11:22:21.193538
Epoch 747/1000, D_loss=0.347319, reward=-8.510807
Epoch: 747: 2022-04-27 11:23:04.654237
Epoch 748/1000, D_loss=0.346842, reward=-8.512239
Epoch: 748: 2022-04-27 11:23:47.954057
Epoch 749/1000, D_loss=0.347396, reward=-8.511505
Epoch: 749: 2022-04-27 11:24:33.111223
Epoch 750/1000, D_loss=0.346671, reward=-8.511456
Test_MRR=0.118109, Test_MR=3344.988550, Test_H@10=0.300924
Epoch: 750: 2022-04-27 11:36:38.857799
Epoch 751/1000, D_loss=0.348438, reward=-8.507472
Epoch: 751: 2022-04-27 11:37:23.552325
Epoch 752/1000, D_loss=0.348255, reward=-8.507424
Epoch: 752: 2022-04-27 11:38:08.703025
Epoch 753/1000, D_loss=0.349880, reward=-8.505233
Epoch: 753: 2022-04-27 11:38:52.105238
Epoch 754/1000, D_loss=0.347977, reward=-8.510485
Epoch: 754: 2022-04-27 11:39:35.315748
Epoch 755/1000, D_loss=0.349332, reward=-8.506476
Epoch: 755: 2022-04-27 11:40:19.145582
Epoch 756/1000, D_loss=0.349168, reward=-8.506417
Epoch: 756: 2022-04-27 11:41:04.577284
Epoch 757/1000, D_loss=0.349370, reward=-8.506606
Epoch: 757: 2022-04-27 11:41:48.513225
Epoch 758/1000, D_loss=0.348757, reward=-8.509348
Epoch: 758: 2022-04-27 11:42:32.491770
Epoch 759/1000, D_loss=0.349160, reward=-8.508291
Epoch: 759: 2022-04-27 11:43:18.001301
Epoch 760/1000, D_loss=0.349244, reward=-8.507374
Epoch: 760: 2022-04-27 11:44:01.081807
Epoch 761/1000, D_loss=0.348920, reward=-8.505247
Epoch: 761: 2022-04-27 11:44:45.067510
Epoch 762/1000, D_loss=0.348577, reward=-8.506848
Epoch: 762: 2022-04-27 11:45:28.930320
Epoch 763/1000, D_loss=0.347906, reward=-8.508868
Epoch: 763: 2022-04-27 11:46:13.081402
Epoch 764/1000, D_loss=0.348109, reward=-8.509432
Epoch: 764: 2022-04-27 11:46:56.670570
Epoch 765/1000, D_loss=0.348227, reward=-8.508316
Epoch: 765: 2022-04-27 11:47:40.168050
Epoch 766/1000, D_loss=0.348410, reward=-8.507865
Epoch: 766: 2022-04-27 11:48:22.371079
Epoch 767/1000, D_loss=0.349663, reward=-8.503370
Epoch: 767: 2022-04-27 11:49:05.335111
Epoch 768/1000, D_loss=0.349486, reward=-8.504175
Epoch: 768: 2022-04-27 11:49:48.447731
Epoch 769/1000, D_loss=0.349990, reward=-8.501272
Epoch: 769: 2022-04-27 11:50:31.703907
Epoch 770/1000, D_loss=0.349282, reward=-8.502887
Epoch: 770: 2022-04-27 11:51:14.707418
Epoch 771/1000, D_loss=0.349087, reward=-8.502040
Epoch: 771: 2022-04-27 11:51:57.983544
Epoch 772/1000, D_loss=0.348014, reward=-8.504645
Epoch: 772: 2022-04-27 11:52:42.631754
Epoch 773/1000, D_loss=0.348320, reward=-8.506186
Epoch: 773: 2022-04-27 11:53:25.988820
Epoch 774/1000, D_loss=0.348204, reward=-8.504445
Epoch: 774: 2022-04-27 11:54:09.394077
Epoch 775/1000, D_loss=0.347439, reward=-8.504685
Epoch: 775: 2022-04-27 11:54:54.660991
Epoch 776/1000, D_loss=0.348505, reward=-8.503428
Epoch: 776: 2022-04-27 11:55:37.828214
Epoch 777/1000, D_loss=0.347153, reward=-8.505815
Epoch: 777: 2022-04-27 11:56:20.269117
Epoch 778/1000, D_loss=0.348872, reward=-8.502843
Epoch: 778: 2022-04-27 11:57:03.258642
Epoch 779/1000, D_loss=0.347973, reward=-8.504985
Epoch: 779: 2022-04-27 11:57:46.794422
Epoch 780/1000, D_loss=0.348259, reward=-8.503440
Epoch: 780: 2022-04-27 11:58:31.132110
Epoch 781/1000, D_loss=0.347122, reward=-8.505942
Epoch: 781: 2022-04-27 11:59:14.454754
Epoch 782/1000, D_loss=0.347685, reward=-8.502387
Epoch: 782: 2022-04-27 11:59:57.278008
Epoch 783/1000, D_loss=0.348173, reward=-8.502562
Epoch: 783: 2022-04-27 12:00:41.022235
Epoch 784/1000, D_loss=0.347228, reward=-8.502695
Epoch: 784: 2022-04-27 12:01:26.170867
Epoch 785/1000, D_loss=0.347822, reward=-8.501894
Epoch: 785: 2022-04-27 12:02:10.790927
Epoch 786/1000, D_loss=0.347721, reward=-8.502606
Epoch: 786: 2022-04-27 12:02:53.804434
Epoch 787/1000, D_loss=0.347401, reward=-8.501586
Epoch: 787: 2022-04-27 12:03:37.107850
Epoch 788/1000, D_loss=0.346574, reward=-8.501740
Epoch: 788: 2022-04-27 12:04:20.762086
Epoch 789/1000, D_loss=0.348456, reward=-8.500648
Epoch: 789: 2022-04-27 12:05:04.811552
Epoch 790/1000, D_loss=0.349518, reward=-8.498896
Epoch: 790: 2022-04-27 12:05:48.261313
Epoch 791/1000, D_loss=0.348284, reward=-8.501404
Epoch: 791: 2022-04-27 12:06:31.813787
Epoch 792/1000, D_loss=0.348506, reward=-8.498690
Epoch: 792: 2022-04-27 12:07:15.162024
Epoch 793/1000, D_loss=0.348705, reward=-8.500607
Epoch: 793: 2022-04-27 12:07:58.456580
Epoch 794/1000, D_loss=0.348083, reward=-8.503241
Epoch: 794: 2022-04-27 12:08:42.009251
Epoch 795/1000, D_loss=0.350292, reward=-8.499383
Epoch: 795: 2022-04-27 12:09:26.306059
Epoch 796/1000, D_loss=0.349372, reward=-8.500565
Epoch: 796: 2022-04-27 12:10:09.505413
Epoch 797/1000, D_loss=0.349612, reward=-8.497660
Epoch: 797: 2022-04-27 12:10:52.942646
Epoch 798/1000, D_loss=0.348573, reward=-8.499984
Epoch: 798: 2022-04-27 12:11:36.467335
Epoch 799/1000, D_loss=0.350134, reward=-8.496425
Epoch: 799: 2022-04-27 12:12:20.692953
Epoch 800/1000, D_loss=0.348666, reward=-8.498231
Test_MRR=0.125241, Test_MR=3021.130173, Test_H@10=0.307754
Epoch: 800: 2022-04-27 12:24:38.214196
Epoch 801/1000, D_loss=0.349556, reward=-8.499526
Epoch: 801: 2022-04-27 12:25:22.517310
Epoch 802/1000, D_loss=0.350527, reward=-8.496271
Epoch: 802: 2022-04-27 12:26:06.948521
Epoch 803/1000, D_loss=0.349639, reward=-8.498295
Epoch: 803: 2022-04-27 12:26:50.172711
Epoch 804/1000, D_loss=0.349528, reward=-8.495986
Epoch: 804: 2022-04-27 12:27:33.547592
Epoch 805/1000, D_loss=0.348240, reward=-8.497772
Epoch: 805: 2022-04-27 12:28:17.094596
Epoch 806/1000, D_loss=0.349289, reward=-8.495488
Epoch: 806: 2022-04-27 12:29:01.217793
Epoch 807/1000, D_loss=0.349516, reward=-8.494645
Epoch: 807: 2022-04-27 12:29:44.565606
Epoch 808/1000, D_loss=0.349975, reward=-8.495508
Epoch: 808: 2022-04-27 12:30:29.257721
Epoch 809/1000, D_loss=0.350884, reward=-8.493813
Epoch: 809: 2022-04-27 12:31:13.841513
Epoch 810/1000, D_loss=0.349642, reward=-8.496520
Epoch: 810: 2022-04-27 12:31:59.269006
Epoch 811/1000, D_loss=0.350416, reward=-8.495618
Epoch: 811: 2022-04-27 12:32:44.558655
Epoch 812/1000, D_loss=0.349716, reward=-8.495552
Epoch: 812: 2022-04-27 12:33:30.235876
Epoch 813/1000, D_loss=0.350692, reward=-8.490993
Epoch: 813: 2022-04-27 12:34:16.534480
Epoch 814/1000, D_loss=0.348449, reward=-8.495230
Epoch: 814: 2022-04-27 12:35:02.630804
Epoch 815/1000, D_loss=0.350737, reward=-8.490207
Epoch: 815: 2022-04-27 12:35:48.834439
Epoch 816/1000, D_loss=0.349030, reward=-8.490973
Epoch: 816: 2022-04-27 12:36:34.871079
Epoch 817/1000, D_loss=0.349022, reward=-8.487140
Epoch: 817: 2022-04-27 12:37:21.055551
Epoch 818/1000, D_loss=0.349420, reward=-8.489001
Epoch: 818: 2022-04-27 12:38:07.018603
Epoch 819/1000, D_loss=0.349581, reward=-8.488138
Epoch: 819: 2022-04-27 12:38:52.616393
Epoch 820/1000, D_loss=0.349612, reward=-8.489008
Epoch: 820: 2022-04-27 12:39:38.073520
Epoch 821/1000, D_loss=0.349110, reward=-8.488800
Epoch: 821: 2022-04-27 12:40:23.963897
Epoch 822/1000, D_loss=0.349024, reward=-8.490217
Epoch: 822: 2022-04-27 12:41:09.505250
Epoch 823/1000, D_loss=0.349296, reward=-8.487657
Epoch: 823: 2022-04-27 12:41:55.253424
Epoch 824/1000, D_loss=0.348213, reward=-8.489611
Epoch: 824: 2022-04-27 12:42:41.259490
Epoch 825/1000, D_loss=0.348692, reward=-8.485651
Epoch: 825: 2022-04-27 12:43:26.923547
Epoch 826/1000, D_loss=0.348446, reward=-8.488592
Epoch: 826: 2022-04-27 12:44:12.613227
Epoch 827/1000, D_loss=0.348514, reward=-8.486671
Epoch: 827: 2022-04-27 12:44:58.367764
Epoch 828/1000, D_loss=0.348419, reward=-8.487291
Epoch: 828: 2022-04-27 12:45:44.237214
Epoch 829/1000, D_loss=0.350107, reward=-8.485486
Epoch: 829: 2022-04-27 12:46:30.522134
Epoch 830/1000, D_loss=0.349175, reward=-8.485667
Epoch: 830: 2022-04-27 12:47:16.723556
Epoch 831/1000, D_loss=0.349965, reward=-8.485807
Epoch: 831: 2022-04-27 12:48:01.963683
Epoch 832/1000, D_loss=0.350550, reward=-8.483162
Epoch: 832: 2022-04-27 12:48:47.178501
Epoch 833/1000, D_loss=0.350773, reward=-8.485067
Epoch: 833: 2022-04-27 12:49:32.924533
Epoch 834/1000, D_loss=0.349247, reward=-8.487124
Epoch: 834: 2022-04-27 12:50:18.379407
Epoch 835/1000, D_loss=0.349818, reward=-8.485401
Epoch: 835: 2022-04-27 12:51:03.458540
Epoch 836/1000, D_loss=0.348593, reward=-8.486777
Epoch: 836: 2022-04-27 12:51:47.877089
Epoch 837/1000, D_loss=0.349872, reward=-8.483659
Epoch: 837: 2022-04-27 12:52:32.594786
Epoch 838/1000, D_loss=0.349307, reward=-8.483004
Epoch: 838: 2022-04-27 12:53:17.586159
Epoch 839/1000, D_loss=0.351574, reward=-8.478889
Epoch: 839: 2022-04-27 12:54:03.248442
Epoch 840/1000, D_loss=0.351722, reward=-8.476594
Epoch: 840: 2022-04-27 12:54:49.746341
Epoch 841/1000, D_loss=0.351187, reward=-8.479331
Epoch: 841: 2022-04-27 12:55:35.307400
Epoch 842/1000, D_loss=0.352276, reward=-8.476043
Epoch: 842: 2022-04-27 12:56:20.817635
Epoch 843/1000, D_loss=0.351238, reward=-8.476098
Epoch: 843: 2022-04-27 12:57:06.956334
Epoch 844/1000, D_loss=0.351006, reward=-8.477617
Epoch: 844: 2022-04-27 12:57:52.510510
Epoch 845/1000, D_loss=0.350355, reward=-8.476117
Epoch: 845: 2022-04-27 12:58:38.113828
Epoch 846/1000, D_loss=0.351097, reward=-8.475416
Epoch: 846: 2022-04-27 12:59:24.271978
Epoch 847/1000, D_loss=0.351312, reward=-8.473855
Epoch: 847: 2022-04-27 13:00:10.103986
Epoch 848/1000, D_loss=0.351088, reward=-8.471093
Epoch: 848: 2022-04-27 13:00:56.167059
Epoch 849/1000, D_loss=0.350591, reward=-8.472500
Epoch: 849: 2022-04-27 13:01:42.277645
Epoch 850/1000, D_loss=0.350285, reward=-8.472664
Test_MRR=0.127576, Test_MR=3275.038570, Test_H@10=0.314082
Epoch: 850: 2022-04-27 13:13:53.284247
Epoch 851/1000, D_loss=0.348307, reward=-8.477510
Epoch: 851: 2022-04-27 13:14:39.075727
Epoch 852/1000, D_loss=0.349964, reward=-8.475101
Epoch: 852: 2022-04-27 13:15:24.735984
Epoch 853/1000, D_loss=0.348828, reward=-8.476501
Epoch: 853: 2022-04-27 13:16:10.672402
Epoch 854/1000, D_loss=0.348816, reward=-8.475847
Epoch: 854: 2022-04-27 13:16:56.456869
Epoch 855/1000, D_loss=0.349158, reward=-8.475033
Epoch: 855: 2022-04-27 13:17:42.471858
Epoch 856/1000, D_loss=0.348934, reward=-8.474491
Epoch: 856: 2022-04-27 13:18:28.116464
Epoch 857/1000, D_loss=0.347658, reward=-8.473526
Epoch: 857: 2022-04-27 13:19:13.027545
Epoch 858/1000, D_loss=0.347474, reward=-8.472729
Epoch: 858: 2022-04-27 13:19:58.765628
Epoch 859/1000, D_loss=0.346635, reward=-8.474864
Epoch: 859: 2022-04-27 13:20:44.384603
Epoch 860/1000, D_loss=0.346799, reward=-8.474038
Epoch: 860: 2022-04-27 13:21:30.475462
Epoch 861/1000, D_loss=0.347944, reward=-8.469639
Epoch: 861: 2022-04-27 13:22:15.868504
Epoch 862/1000, D_loss=0.347903, reward=-8.472293
Epoch: 862: 2022-04-27 13:23:01.218713
Epoch 863/1000, D_loss=0.347999, reward=-8.471202
Epoch: 863: 2022-04-27 13:23:45.135566
Epoch 864/1000, D_loss=0.347327, reward=-8.471864
Epoch: 864: 2022-04-27 13:24:30.034144
Epoch 865/1000, D_loss=0.348203, reward=-8.471211
Epoch: 865: 2022-04-27 13:25:14.593963
Epoch 866/1000, D_loss=0.347836, reward=-8.471875
Epoch: 866: 2022-04-27 13:26:00.208044
Epoch 867/1000, D_loss=0.348770, reward=-8.470009
Epoch: 867: 2022-04-27 13:26:46.643088
Epoch 868/1000, D_loss=0.349657, reward=-8.468614
Epoch: 868: 2022-04-27 13:27:32.516654
Epoch 869/1000, D_loss=0.349772, reward=-8.466805
Epoch: 869: 2022-04-27 13:28:17.999297
Epoch 870/1000, D_loss=0.350117, reward=-8.465919
Epoch: 870: 2022-04-27 13:29:04.321236
Epoch 871/1000, D_loss=0.349322, reward=-8.466403
Epoch: 871: 2022-04-27 13:29:50.572473
Epoch 872/1000, D_loss=0.350781, reward=-8.463088
Epoch: 872: 2022-04-27 13:30:36.227025
Epoch 873/1000, D_loss=0.352759, reward=-8.460392
Epoch: 873: 2022-04-27 13:31:22.491279
Epoch 874/1000, D_loss=0.351507, reward=-8.463753
Epoch: 874: 2022-04-27 13:32:08.709151
Epoch 875/1000, D_loss=0.351829, reward=-8.460915
Epoch: 875: 2022-04-27 13:32:54.650794
Epoch 876/1000, D_loss=0.351229, reward=-8.460508
Epoch: 876: 2022-04-27 13:33:40.132249
Epoch 877/1000, D_loss=0.353149, reward=-8.456491
Epoch: 877: 2022-04-27 13:34:25.861093
Epoch 878/1000, D_loss=0.351169, reward=-8.460080
Epoch: 878: 2022-04-27 13:35:11.982751
Epoch 879/1000, D_loss=0.352434, reward=-8.457515
Epoch: 879: 2022-04-27 13:35:57.523529
Epoch 880/1000, D_loss=0.353323, reward=-8.455782
Epoch: 880: 2022-04-27 13:36:42.997859
Epoch 881/1000, D_loss=0.352358, reward=-8.454108
Epoch: 881: 2022-04-27 13:37:29.393320
Epoch 882/1000, D_loss=0.353157, reward=-8.452407
Epoch: 882: 2022-04-27 13:38:14.610427
Epoch 883/1000, D_loss=0.352226, reward=-8.454287
Epoch: 883: 2022-04-27 13:38:59.692753
Epoch 884/1000, D_loss=0.351976, reward=-8.452802
Epoch: 884: 2022-04-27 13:39:44.846489
Epoch 885/1000, D_loss=0.352355, reward=-8.454946
Epoch: 885: 2022-04-27 13:40:30.321604
Epoch 886/1000, D_loss=0.351937, reward=-8.453775
Epoch: 886: 2022-04-27 13:41:15.273868
Epoch 887/1000, D_loss=0.352673, reward=-8.451463
Epoch: 887: 2022-04-27 13:41:59.984839
Epoch 888/1000, D_loss=0.351704, reward=-8.452518
Epoch: 888: 2022-04-27 13:42:46.087199
Epoch 889/1000, D_loss=0.351814, reward=-8.449565
Epoch: 889: 2022-04-27 13:43:31.196923
Epoch 890/1000, D_loss=0.351161, reward=-8.453539
Epoch: 890: 2022-04-27 13:44:15.440658
Epoch 891/1000, D_loss=0.350526, reward=-8.455061
Epoch: 891: 2022-04-27 13:45:00.344699
Epoch 892/1000, D_loss=0.349376, reward=-8.453412
Epoch: 892: 2022-04-27 13:45:45.331349
Epoch 893/1000, D_loss=0.348773, reward=-8.456150
Epoch: 893: 2022-04-27 13:46:30.157006
Epoch 894/1000, D_loss=0.348478, reward=-8.455435
Epoch: 894: 2022-04-27 13:47:15.357088
Epoch 895/1000, D_loss=0.349486, reward=-8.451254
Epoch: 895: 2022-04-27 13:47:59.839177
Epoch 896/1000, D_loss=0.348316, reward=-8.453522
Epoch: 896: 2022-04-27 13:48:44.183451
Epoch 897/1000, D_loss=0.348291, reward=-8.452230
Epoch: 897: 2022-04-27 13:49:28.044701
Epoch 898/1000, D_loss=0.347925, reward=-8.453562
Epoch: 898: 2022-04-27 13:50:11.966724
Epoch 899/1000, D_loss=0.348478, reward=-8.454796
Epoch: 899: 2022-04-27 13:50:55.319216
Epoch 900/1000, D_loss=0.348852, reward=-8.454147
Test_MRR=0.134976, Test_MR=3269.788570, Test_H@10=0.320812
Epoch: 900: 2022-04-27 14:02:53.005527
Epoch 901/1000, D_loss=0.348638, reward=-8.453591
Epoch: 901: 2022-04-27 14:03:37.931611
Epoch 902/1000, D_loss=0.348422, reward=-8.453764
Epoch: 902: 2022-04-27 14:04:22.920574
Epoch 903/1000, D_loss=0.347891, reward=-8.455280
Epoch: 903: 2022-04-27 14:05:07.001078
Epoch 904/1000, D_loss=0.347521, reward=-8.454821
Epoch: 904: 2022-04-27 14:05:51.669895
Epoch 905/1000, D_loss=0.348887, reward=-8.452244
Epoch: 905: 2022-04-27 14:06:37.173042
Epoch 906/1000, D_loss=0.348676, reward=-8.451342
Epoch: 906: 2022-04-27 14:07:22.096015
Epoch 907/1000, D_loss=0.349135, reward=-8.451334
Epoch: 907: 2022-04-27 14:08:07.278919
Epoch 908/1000, D_loss=0.348645, reward=-8.450788
Epoch: 908: 2022-04-27 14:08:51.892102
Epoch 909/1000, D_loss=0.349698, reward=-8.447829
Epoch: 909: 2022-04-27 14:09:36.496395
Epoch 910/1000, D_loss=0.352135, reward=-8.445006
Epoch: 910: 2022-04-27 14:10:21.954562
Epoch 911/1000, D_loss=0.351032, reward=-8.444719
Epoch: 911: 2022-04-27 14:11:07.698937
Epoch 912/1000, D_loss=0.352445, reward=-8.445329
Epoch: 912: 2022-04-27 14:11:53.694882
Epoch 913/1000, D_loss=0.351612, reward=-8.446432
Epoch: 913: 2022-04-27 14:12:38.430680
Epoch 914/1000, D_loss=0.351511, reward=-8.446997
Epoch: 914: 2022-04-27 14:13:23.453914
Epoch 915/1000, D_loss=0.352664, reward=-8.444662
Epoch: 915: 2022-04-27 14:14:08.818480
Epoch 916/1000, D_loss=0.353508, reward=-8.441352
Epoch: 916: 2022-04-27 14:14:53.233052
Epoch 917/1000, D_loss=0.353074, reward=-8.441560
Epoch: 917: 2022-04-27 14:15:38.133887
Epoch 918/1000, D_loss=0.353644, reward=-8.437328
Epoch: 918: 2022-04-27 14:16:22.970662
Epoch 919/1000, D_loss=0.352842, reward=-8.438893
Epoch: 919: 2022-04-27 14:17:07.844145
Epoch 920/1000, D_loss=0.352063, reward=-8.438595
Epoch: 920: 2022-04-27 14:17:52.542916
Epoch 921/1000, D_loss=0.352167, reward=-8.434855
Epoch: 921: 2022-04-27 14:18:37.358226
Epoch 922/1000, D_loss=0.351361, reward=-8.438334
Epoch: 922: 2022-04-27 14:19:22.175600
Epoch 923/1000, D_loss=0.353170, reward=-8.435428
Epoch: 923: 2022-04-27 14:20:07.088180
Epoch 924/1000, D_loss=0.353601, reward=-8.434655
Epoch: 924: 2022-04-27 14:20:53.037928
Epoch 925/1000, D_loss=0.352541, reward=-8.436158
Epoch: 925: 2022-04-27 14:21:37.683999
Epoch 926/1000, D_loss=0.353774, reward=-8.431396
Epoch: 926: 2022-04-27 14:22:22.529816
Epoch 927/1000, D_loss=0.353063, reward=-8.434108
Epoch: 927: 2022-04-27 14:23:06.827083
Epoch 928/1000, D_loss=0.351448, reward=-8.436022
Epoch: 928: 2022-04-27 14:23:51.871184
Epoch 929/1000, D_loss=0.351761, reward=-8.434672
Epoch: 929: 2022-04-27 14:24:36.973662
Epoch 930/1000, D_loss=0.353312, reward=-8.431924
Epoch: 930: 2022-04-27 14:25:22.068583
Epoch 931/1000, D_loss=0.351652, reward=-8.435142
Epoch: 931: 2022-04-27 14:26:06.980463
Epoch 932/1000, D_loss=0.350826, reward=-8.436540
Epoch: 932: 2022-04-27 14:26:51.940603
Epoch 933/1000, D_loss=0.352286, reward=-8.434651
Epoch: 933: 2022-04-27 14:27:36.865654
Epoch 934/1000, D_loss=0.351060, reward=-8.436102
Epoch: 934: 2022-04-27 14:28:21.414512
Epoch 935/1000, D_loss=0.350082, reward=-8.437740
Epoch: 935: 2022-04-27 14:29:05.203774
Epoch 936/1000, D_loss=0.350796, reward=-8.435390
Epoch: 936: 2022-04-27 14:29:49.705423
Epoch 937/1000, D_loss=0.349991, reward=-8.434917
Epoch: 937: 2022-04-27 14:30:34.551826
Epoch 938/1000, D_loss=0.350231, reward=-8.433423
Epoch: 938: 2022-04-27 14:31:19.060122
Epoch 939/1000, D_loss=0.350583, reward=-8.432288
Epoch: 939: 2022-04-27 14:32:03.810054
Epoch 940/1000, D_loss=0.351343, reward=-8.431615
Epoch: 940: 2022-04-27 14:32:47.862074
Epoch 941/1000, D_loss=0.350713, reward=-8.430689
Epoch: 941: 2022-04-27 14:33:33.462060
Epoch 942/1000, D_loss=0.350215, reward=-8.433782
Epoch: 942: 2022-04-27 14:34:17.764613
Epoch 943/1000, D_loss=0.348899, reward=-8.433749
Epoch: 943: 2022-04-27 14:35:01.282848
Epoch 944/1000, D_loss=0.349948, reward=-8.431793
Epoch: 944: 2022-04-27 14:35:45.135256
Epoch 945/1000, D_loss=0.349693, reward=-8.432592
Epoch: 945: 2022-04-27 14:36:29.354348
Epoch 946/1000, D_loss=0.349927, reward=-8.431096
Epoch: 946: 2022-04-27 14:37:13.560081
Epoch 947/1000, D_loss=0.349641, reward=-8.430870
Epoch: 947: 2022-04-27 14:37:57.608275
Epoch 948/1000, D_loss=0.349834, reward=-8.431955
Epoch: 948: 2022-04-27 14:38:42.726219
Epoch 949/1000, D_loss=0.349706, reward=-8.431997
Epoch: 949: 2022-04-27 14:39:26.987796
Epoch 950/1000, D_loss=0.350109, reward=-8.430598
Test_MRR=0.149027, Test_MR=2902.323925, Test_H@10=0.328445
Epoch: 950: 2022-04-27 14:51:33.557020
Epoch 951/1000, D_loss=0.350050, reward=-8.431835
Epoch: 951: 2022-04-27 14:52:18.015964
Epoch 952/1000, D_loss=0.351053, reward=-8.429257
Epoch: 952: 2022-04-27 14:53:03.718199
Epoch 953/1000, D_loss=0.349140, reward=-8.432408
Epoch: 953: 2022-04-27 14:53:47.768933
Epoch 954/1000, D_loss=0.350816, reward=-8.427750
Epoch: 954: 2022-04-27 14:54:31.707701
Epoch 955/1000, D_loss=0.351273, reward=-8.427088
Epoch: 955: 2022-04-27 14:55:15.552457
Epoch 956/1000, D_loss=0.349276, reward=-8.425949
Epoch: 956: 2022-04-27 14:55:59.185401
Epoch 957/1000, D_loss=0.351199, reward=-8.422831
Epoch: 957: 2022-04-27 14:56:43.437738
Epoch 958/1000, D_loss=0.350681, reward=-8.425129
Epoch: 958: 2022-04-27 14:57:27.531428
Epoch 959/1000, D_loss=0.352997, reward=-8.420635
Epoch: 959: 2022-04-27 14:58:11.359722
Epoch 960/1000, D_loss=0.351842, reward=-8.420938
Epoch: 960: 2022-04-27 14:58:55.360480
Epoch 961/1000, D_loss=0.354677, reward=-8.416889
Epoch: 961: 2022-04-27 14:59:38.293016
Epoch 962/1000, D_loss=0.354419, reward=-8.416247
Epoch: 962: 2022-04-27 15:00:21.502307
Epoch 963/1000, D_loss=0.353569, reward=-8.416707
Epoch: 963: 2022-04-27 15:01:04.531571
Epoch 964/1000, D_loss=0.354744, reward=-8.415957
Epoch: 964: 2022-04-27 15:01:47.329171
Epoch 965/1000, D_loss=0.353886, reward=-8.419209
Epoch: 965: 2022-04-27 15:02:30.562640
Epoch 966/1000, D_loss=0.354061, reward=-8.417213
Epoch: 966: 2022-04-27 15:03:14.131202
Epoch 967/1000, D_loss=0.354597, reward=-8.417758
Epoch: 967: 2022-04-27 15:03:58.272178
Epoch 968/1000, D_loss=0.354424, reward=-8.417926
Epoch: 968: 2022-04-27 15:04:42.191337
Epoch 969/1000, D_loss=0.352411, reward=-8.419348
Epoch: 969: 2022-04-27 15:05:26.556458
Epoch 970/1000, D_loss=0.354177, reward=-8.417312
Epoch: 970: 2022-04-27 15:06:10.884474
Epoch 971/1000, D_loss=0.354663, reward=-8.414287
Epoch: 971: 2022-04-27 15:06:54.437917
Epoch 972/1000, D_loss=0.352402, reward=-8.418658
Epoch: 972: 2022-04-27 15:07:38.890578
Epoch 973/1000, D_loss=0.352886, reward=-8.416314
Epoch: 973: 2022-04-27 15:08:23.972150
Epoch 974/1000, D_loss=0.354671, reward=-8.415112
Epoch: 974: 2022-04-27 15:09:08.209340
Epoch 975/1000, D_loss=0.352702, reward=-8.416071
Epoch: 975: 2022-04-27 15:09:52.423076
Epoch 976/1000, D_loss=0.354087, reward=-8.412322
Epoch: 976: 2022-04-27 15:10:36.082610
Epoch 977/1000, D_loss=0.353312, reward=-8.413527
Epoch: 977: 2022-04-27 15:11:19.381127
Epoch 978/1000, D_loss=0.353276, reward=-8.410820
Epoch: 978: 2022-04-27 15:12:02.518151
Epoch 979/1000, D_loss=0.353441, reward=-8.411686
Epoch: 979: 2022-04-27 15:12:45.725510
Epoch 980/1000, D_loss=0.352980, reward=-8.410872
Epoch: 980: 2022-04-27 15:13:28.828916
Epoch 981/1000, D_loss=0.351332, reward=-8.414779
Epoch: 981: 2022-04-27 15:14:12.458805
Epoch 982/1000, D_loss=0.352362, reward=-8.414074
Epoch: 982: 2022-04-27 15:14:56.171009
Epoch 983/1000, D_loss=0.351919, reward=-8.415082
Epoch: 983: 2022-04-27 15:15:39.775235
Epoch 984/1000, D_loss=0.352706, reward=-8.414168
Epoch: 984: 2022-04-27 15:16:23.929583
Epoch 985/1000, D_loss=0.351497, reward=-8.413652
Epoch: 985: 2022-04-27 15:17:08.739159
Epoch 986/1000, D_loss=0.351031, reward=-8.415360
Epoch: 986: 2022-04-27 15:17:55.251325
Epoch 987/1000, D_loss=0.350234, reward=-8.417177
Epoch: 987: 2022-04-27 15:18:44.866434
Epoch 988/1000, D_loss=0.349814, reward=-8.417452
Epoch: 988: 2022-04-27 15:19:35.616825
Epoch 989/1000, D_loss=0.351108, reward=-8.414586
Epoch: 989: 2022-04-27 15:20:23.346625
Epoch 990/1000, D_loss=0.349756, reward=-8.414550
Epoch: 990: 2022-04-27 15:21:12.136412
Epoch 991/1000, D_loss=0.349412, reward=-8.417262
Epoch: 991: 2022-04-27 15:22:03.555590
Epoch 992/1000, D_loss=0.350050, reward=-8.416494
Epoch: 992: 2022-04-27 15:22:52.134153
Epoch 993/1000, D_loss=0.350991, reward=-8.412417
Epoch: 993: 2022-04-27 15:23:45.011682
Epoch 994/1000, D_loss=0.350403, reward=-8.414161
Epoch: 994: 2022-04-27 15:24:35.297127
Epoch 995/1000, D_loss=0.351402, reward=-8.410352
Epoch: 995: 2022-04-27 15:25:26.339048
Epoch 996/1000, D_loss=0.351446, reward=-8.408651
Epoch: 996: 2022-04-27 15:26:11.186510
Epoch 997/1000, D_loss=0.352414, reward=-8.404482
Epoch: 997: 2022-04-27 15:26:56.898798
Epoch 998/1000, D_loss=0.351588, reward=-8.402876
Epoch: 998: 2022-04-27 15:27:42.914048
Epoch 999/1000, D_loss=0.352251, reward=-8.399069
Epoch: 999: 2022-04-27 15:28:29.998276
Epoch 1000/1000, D_loss=0.351791, reward=-8.400447
Test_MRR=0.150893, Test_MR=3096.564986, Test_H@10=0.327541
Best Performance:
Test_MRR=0.155762, Test_MR=3238.674328, Test_H@10=0.330992
