pretrain_config=TransE
g_config=DistMult
d_config=TransD
test_batch_size=100
task.dir=fb15k
task.type=link
adv.use_pretrained_models=False
adv.n_sample=20
adv.sample_type=original
adv.measure_type=entropy
adv.n_epoch=1000
adv.n_batch=100
adv.epoch_per_test=10
adv.temperature=1.0
TransE.dim=50
TransE.margin=3
TransE.p=1
TransE.n_epoch=1000
TransE.n_batch=100
TransE.epoch_per_test=10
TransE.model_file=transe.mdl
TransD.dim=50
TransD.margin=3
TransD.p=1
TransD.n_epoch=1000
TransD.n_batch=100
TransD.epoch_per_test=10
TransD.model_file=transd.mdl
DistMult.dim=50
DistMult.lam=0.1
DistMult.n_sample=20
DistMult.sample_freq=1
DistMult.n_epoch=1000
DistMult.n_batch=100
DistMult.epoch_per_test=10
DistMult.model_file=distmult.mdl
ComplEx.dim=25
ComplEx.lam=0.1
ComplEx.n_sample=20
ComplEx.sample_freq=1
ComplEx.n_epoch=1000
ComplEx.n_batch=100
ComplEx.epoch_per_test=10
ComplEx.model_file=complex.mdl
log.dump_config=False
log.log_train=True
log.log_config=True
log.dir=./logs
log.log_advtrain_graphs=True
log.log_pretrain_graph=True
log.graph_every_nth_epoch=10
2022-04-21 21:09:55.577455
Test_MRR=0.004318, Test_MR=7410.446657, Test_H@10=0.004359
Epoch: 0: 2022-04-21 21:26:03.611349
Epoch 1/1000, D_loss=2.738353, reward=-9.483417
Epoch: 1: 2022-04-21 21:26:10.647216
Epoch 2/1000, D_loss=2.264868, reward=-9.010024
Epoch: 2: 2022-04-21 21:26:18.120359
Epoch 3/1000, D_loss=1.865736, reward=-8.672559
Epoch: 3: 2022-04-21 21:26:25.825117
Epoch 4/1000, D_loss=1.517791, reward=-8.502228
Epoch: 4: 2022-04-21 21:26:33.617430
Epoch 5/1000, D_loss=1.239055, reward=-8.483920
Epoch: 5: 2022-04-21 21:26:41.367901
Epoch 6/1000, D_loss=1.031589, reward=-8.526522
Epoch: 6: 2022-04-21 21:26:49.359290
Epoch 7/1000, D_loss=0.869444, reward=-8.604452
Epoch: 7: 2022-04-21 21:26:56.789919
Epoch 8/1000, D_loss=0.747085, reward=-8.680979
Epoch: 8: 2022-04-21 21:27:04.355774
Epoch 9/1000, D_loss=0.648628, reward=-8.759333
Epoch: 9: 2022-04-21 21:27:12.165761
Epoch 10/1000, D_loss=0.570651, reward=-8.830190
Test_MRR=0.177269, Test_MR=735.819310, Test_H@10=0.322670
Epoch: 10: 2022-04-21 21:40:50.135249
Epoch 11/1000, D_loss=0.510392, reward=-8.893584
Epoch: 11: 2022-04-21 21:40:57.130317
Epoch 12/1000, D_loss=0.461924, reward=-8.947090
Epoch: 12: 2022-04-21 21:41:03.996371
Epoch 13/1000, D_loss=0.423067, reward=-8.991981
Epoch: 13: 2022-04-21 21:41:11.211506
Epoch 14/1000, D_loss=0.390984, reward=-9.037590
Epoch: 14: 2022-04-21 21:41:18.540683
Epoch 15/1000, D_loss=0.362873, reward=-9.083545
Epoch: 15: 2022-04-21 21:41:25.691120
Epoch 16/1000, D_loss=0.339635, reward=-9.120212
Epoch: 16: 2022-04-21 21:41:33.135241
Epoch 17/1000, D_loss=0.321701, reward=-9.152256
Epoch: 17: 2022-04-21 21:41:40.470257
Epoch 18/1000, D_loss=0.305087, reward=-9.180387
Epoch: 18: 2022-04-21 21:41:47.589162
Epoch 19/1000, D_loss=0.289092, reward=-9.213921
Epoch: 19: 2022-04-21 21:41:55.101269
Epoch 20/1000, D_loss=0.276934, reward=-9.237448
Test_MRR=0.236273, Test_MR=318.120070, Test_H@10=0.406010
Epoch: 20: 2022-04-21 21:55:29.963491
Epoch 21/1000, D_loss=0.266362, reward=-9.263037
Epoch: 21: 2022-04-21 21:55:37.280375
Epoch 22/1000, D_loss=0.255514, reward=-9.285477
Epoch: 22: 2022-04-21 21:55:44.393091
Epoch 23/1000, D_loss=0.248000, reward=-9.302251
Epoch: 23: 2022-04-21 21:55:51.416408
Epoch 24/1000, D_loss=0.240773, reward=-9.322208
Epoch: 24: 2022-04-21 21:55:58.810151
Epoch 25/1000, D_loss=0.233968, reward=-9.335585
Epoch: 25: 2022-04-21 21:56:05.930250
Epoch 26/1000, D_loss=0.228035, reward=-9.343832
Epoch: 26: 2022-04-21 21:56:13.125817
Epoch 27/1000, D_loss=0.223574, reward=-9.358361
Epoch: 27: 2022-04-21 21:56:20.247117
Epoch 28/1000, D_loss=0.220726, reward=-9.364042
Epoch: 28: 2022-04-21 21:56:27.148051
Epoch 29/1000, D_loss=0.214720, reward=-9.369284
Epoch: 29: 2022-04-21 21:56:34.631232
Epoch 30/1000, D_loss=0.211634, reward=-9.379509
Test_MRR=0.265487, Test_MR=224.560970, Test_H@10=0.445370
Epoch: 30: 2022-04-21 22:10:11.043052
Epoch 31/1000, D_loss=0.210142, reward=-9.380706
Epoch: 31: 2022-04-21 22:10:18.423142
Epoch 32/1000, D_loss=0.209391, reward=-9.382849
Epoch: 32: 2022-04-21 22:10:25.912894
Epoch 33/1000, D_loss=0.208689, reward=-9.374309
Epoch: 33: 2022-04-21 22:10:32.916207
Epoch 34/1000, D_loss=0.207914, reward=-9.363008
Epoch: 34: 2022-04-21 22:10:39.819295
Epoch 35/1000, D_loss=0.211841, reward=-9.341264
Epoch: 35: 2022-04-21 22:10:46.828871
Epoch 36/1000, D_loss=0.216985, reward=-9.310793
Epoch: 36: 2022-04-21 22:10:54.183693
Epoch 37/1000, D_loss=0.223965, reward=-9.267360
Epoch: 37: 2022-04-21 22:11:01.101345
Epoch 38/1000, D_loss=0.233030, reward=-9.208198
Epoch: 38: 2022-04-21 22:11:08.331376
Epoch 39/1000, D_loss=0.242825, reward=-9.144296
Epoch: 39: 2022-04-21 22:11:15.536497
Epoch 40/1000, D_loss=0.255321, reward=-9.068125
Test_MRR=0.278169, Test_MR=187.215100, Test_H@10=0.468770
Epoch: 40: 2022-04-21 22:24:54.182183
Epoch 41/1000, D_loss=0.269504, reward=-8.984781
Epoch: 41: 2022-04-21 22:25:01.604415
Epoch 42/1000, D_loss=0.280558, reward=-8.908358
Epoch: 42: 2022-04-21 22:25:08.793206
Epoch 43/1000, D_loss=0.294414, reward=-8.825365
Epoch: 43: 2022-04-21 22:25:15.598927
Epoch 44/1000, D_loss=0.308167, reward=-8.750574
Epoch: 44: 2022-04-21 22:25:22.670968
Epoch 45/1000, D_loss=0.319995, reward=-8.676889
Epoch: 45: 2022-04-21 22:25:29.795183
Epoch 46/1000, D_loss=0.331885, reward=-8.610988
Epoch: 46: 2022-04-21 22:25:37.047298
Epoch 47/1000, D_loss=0.340304, reward=-8.555606
Epoch: 47: 2022-04-21 22:25:43.978303
Epoch 48/1000, D_loss=0.353110, reward=-8.502530
Epoch: 48: 2022-04-21 22:25:51.055236
Epoch 49/1000, D_loss=0.362581, reward=-8.456198
Epoch: 49: 2022-04-21 22:25:58.346711
Epoch 50/1000, D_loss=0.375629, reward=-8.410061
Test_MRR=0.285570, Test_MR=176.195100, Test_H@10=0.480280
Epoch: 50: 2022-04-21 22:39:43.248628
Epoch 51/1000, D_loss=0.383658, reward=-8.374057
Epoch: 51: 2022-04-21 22:39:50.157285
Epoch 52/1000, D_loss=0.392271, reward=-8.344913
Epoch: 52: 2022-04-21 22:39:57.471828
Epoch 53/1000, D_loss=0.402563, reward=-8.311007
Epoch: 53: 2022-04-21 22:40:04.414892
Epoch 54/1000, D_loss=0.413558, reward=-8.282584
Epoch: 54: 2022-04-21 22:40:11.454563
Epoch 55/1000, D_loss=0.422612, reward=-8.260948
Epoch: 55: 2022-04-21 22:40:18.977769
Epoch 56/1000, D_loss=0.428909, reward=-8.244716
Epoch: 56: 2022-04-21 22:40:26.336651
Epoch 57/1000, D_loss=0.437786, reward=-8.224436
Epoch: 57: 2022-04-21 22:40:33.423865
Epoch 58/1000, D_loss=0.446669, reward=-8.212663
Epoch: 58: 2022-04-21 22:40:40.779210
Epoch 59/1000, D_loss=0.454310, reward=-8.198333
Epoch: 59: 2022-04-21 22:40:48.146988
Epoch 60/1000, D_loss=0.461537, reward=-8.185570
Test_MRR=0.295577, Test_MR=167.496990, Test_H@10=0.493630
Epoch: 60: 2022-04-21 22:54:31.988854
Epoch 61/1000, D_loss=0.468405, reward=-8.173753
Epoch: 61: 2022-04-21 22:54:39.378223
Epoch 62/1000, D_loss=0.475525, reward=-8.166939
Epoch: 62: 2022-04-21 22:54:46.663172
Epoch 63/1000, D_loss=0.483057, reward=-8.156222
Epoch: 63: 2022-04-21 22:54:53.853386
Epoch 64/1000, D_loss=0.487622, reward=-8.148132
Epoch: 64: 2022-04-21 22:55:01.022155
Epoch 65/1000, D_loss=0.491892, reward=-8.143151
Epoch: 65: 2022-04-21 22:55:08.282098
Epoch 66/1000, D_loss=0.497364, reward=-8.140133
Epoch: 66: 2022-04-21 22:55:15.433961
Epoch 67/1000, D_loss=0.500950, reward=-8.135583
Epoch: 67: 2022-04-21 22:55:22.791818
Epoch 68/1000, D_loss=0.505800, reward=-8.129659
Epoch: 68: 2022-04-21 22:55:29.727274
Epoch 69/1000, D_loss=0.511484, reward=-8.122054
Epoch: 69: 2022-04-21 22:55:36.749035
Epoch 70/1000, D_loss=0.515368, reward=-8.122360
Test_MRR=0.306155, Test_MR=173.807640, Test_H@10=0.509880
Epoch: 70: 2022-04-21 23:09:17.169638
Epoch 71/1000, D_loss=0.517509, reward=-8.119097
Epoch: 71: 2022-04-21 23:09:24.164803
Epoch 72/1000, D_loss=0.522161, reward=-8.117214
Epoch: 72: 2022-04-21 23:09:31.389152
Epoch 73/1000, D_loss=0.527981, reward=-8.110243
Epoch: 73: 2022-04-21 23:09:38.206881
Epoch 74/1000, D_loss=0.530000, reward=-8.109390
Epoch: 74: 2022-04-21 23:09:45.128031
Epoch 75/1000, D_loss=0.533063, reward=-8.112031
Epoch: 75: 2022-04-21 23:09:52.348323
Epoch 76/1000, D_loss=0.535327, reward=-8.110096
Epoch: 76: 2022-04-21 23:09:59.371173
Epoch 77/1000, D_loss=0.539414, reward=-8.107493
Epoch: 77: 2022-04-21 23:10:06.514991
Epoch 78/1000, D_loss=0.540213, reward=-8.106417
Epoch: 78: 2022-04-21 23:10:13.697725
Epoch 79/1000, D_loss=0.543343, reward=-8.104259
Epoch: 79: 2022-04-21 23:10:20.733863
Epoch 80/1000, D_loss=0.548824, reward=-8.101381
Test_MRR=0.320618, Test_MR=173.124580, Test_H@10=0.531210
Epoch: 80: 2022-04-21 23:24:01.948433
Epoch 81/1000, D_loss=0.545655, reward=-8.109025
Epoch: 81: 2022-04-21 23:24:08.983261
Epoch 82/1000, D_loss=0.549425, reward=-8.109104
Epoch: 82: 2022-04-21 23:24:15.994859
Epoch 83/1000, D_loss=0.551171, reward=-8.111150
Epoch: 83: 2022-04-21 23:24:22.797881
Epoch 84/1000, D_loss=0.557321, reward=-8.104014
Epoch: 84: 2022-04-21 23:24:29.731352
Epoch 85/1000, D_loss=0.556677, reward=-8.109229
Epoch: 85: 2022-04-21 23:24:36.925350
Epoch 86/1000, D_loss=0.559696, reward=-8.109131
Epoch: 86: 2022-04-21 23:24:43.902981
Epoch 87/1000, D_loss=0.562004, reward=-8.105502
Epoch: 87: 2022-04-21 23:24:51.321439
Epoch 88/1000, D_loss=0.564471, reward=-8.102264
Epoch: 88: 2022-04-21 23:24:58.530582
Epoch 89/1000, D_loss=0.566168, reward=-8.106146
Epoch: 89: 2022-04-21 23:25:06.169749
Epoch 90/1000, D_loss=0.567424, reward=-8.106130
Test_MRR=0.332956, Test_MR=182.539770, Test_H@10=0.549380
Epoch: 90: 2022-04-21 23:38:39.065398
Epoch 91/1000, D_loss=0.569254, reward=-8.102504
Epoch: 91: 2022-04-21 23:38:46.067562
Epoch 92/1000, D_loss=0.570260, reward=-8.106304
Epoch: 92: 2022-04-21 23:38:53.037880
Epoch 93/1000, D_loss=0.571760, reward=-8.107518
Epoch: 93: 2022-04-21 23:39:00.144383
Epoch 94/1000, D_loss=0.572883, reward=-8.106447
Epoch: 94: 2022-04-21 23:39:07.673853
Epoch 95/1000, D_loss=0.576422, reward=-8.106810
Epoch: 95: 2022-04-21 23:39:15.183766
Epoch 96/1000, D_loss=0.579696, reward=-8.100408
Epoch: 96: 2022-04-21 23:39:22.432101
Epoch 97/1000, D_loss=0.581466, reward=-8.101936
Epoch: 97: 2022-04-21 23:39:30.350311
Epoch 98/1000, D_loss=0.580429, reward=-8.102870
Epoch: 98: 2022-04-21 23:39:37.595904
Epoch 99/1000, D_loss=0.581310, reward=-8.103514
Epoch: 99: 2022-04-21 23:39:45.100873
Epoch 100/1000, D_loss=0.584559, reward=-8.103824
Test_MRR=0.340695, Test_MR=193.310750, Test_H@10=0.562110
Epoch: 100: 2022-04-21 23:53:16.779769
Epoch 101/1000, D_loss=0.584707, reward=-8.104033
Epoch: 101: 2022-04-21 23:53:24.055785
Epoch 102/1000, D_loss=0.585953, reward=-8.104835
Epoch: 102: 2022-04-21 23:53:30.971086
Epoch 103/1000, D_loss=0.589158, reward=-8.101727
Epoch: 103: 2022-04-21 23:53:38.337792
Epoch 104/1000, D_loss=0.590000, reward=-8.105019
Epoch: 104: 2022-04-21 23:53:45.683110
Epoch 105/1000, D_loss=0.591881, reward=-8.101181
Epoch: 105: 2022-04-21 23:53:52.874826
Epoch 106/1000, D_loss=0.591465, reward=-8.102715
Epoch: 106: 2022-04-21 23:54:00.110500
Epoch 107/1000, D_loss=0.595520, reward=-8.098169
Epoch: 107: 2022-04-21 23:54:07.290532
Epoch 108/1000, D_loss=0.596544, reward=-8.094685
Epoch: 108: 2022-04-21 23:54:14.534648
Epoch 109/1000, D_loss=0.597387, reward=-8.095848
Epoch: 109: 2022-04-21 23:54:21.445938
Epoch 110/1000, D_loss=0.599278, reward=-8.093361
Test_MRR=0.345908, Test_MR=202.685970, Test_H@10=0.571930
Epoch: 110: 2022-04-22 00:07:55.582625
Epoch 111/1000, D_loss=0.600674, reward=-8.090870
Epoch: 111: 2022-04-22 00:08:03.294305
Epoch 112/1000, D_loss=0.601954, reward=-8.092498
Epoch: 112: 2022-04-22 00:08:10.997917
Epoch 113/1000, D_loss=0.604914, reward=-8.086724
Epoch: 113: 2022-04-22 00:08:18.689974
Epoch 114/1000, D_loss=0.602744, reward=-8.091818
Epoch: 114: 2022-04-22 00:08:26.343904
Epoch 115/1000, D_loss=0.606856, reward=-8.085410
Epoch: 115: 2022-04-22 00:08:33.955660
Epoch 116/1000, D_loss=0.607641, reward=-8.086509
Epoch: 116: 2022-04-22 00:08:41.258998
Epoch 117/1000, D_loss=0.609368, reward=-8.084871
Epoch: 117: 2022-04-22 00:08:48.731175
Epoch 118/1000, D_loss=0.608440, reward=-8.086317
Epoch: 118: 2022-04-22 00:08:56.712957
Epoch 119/1000, D_loss=0.608118, reward=-8.089518
Epoch: 119: 2022-04-22 00:09:04.182705
Epoch 120/1000, D_loss=0.610785, reward=-8.083663
Test_MRR=0.350465, Test_MR=211.994050, Test_H@10=0.581460
Epoch: 120: 2022-04-22 00:22:35.305983
Epoch 121/1000, D_loss=0.611050, reward=-8.082863
Epoch: 121: 2022-04-22 00:22:43.056973
Epoch 122/1000, D_loss=0.612208, reward=-8.082720
Epoch: 122: 2022-04-22 00:22:50.623544
Epoch 123/1000, D_loss=0.612923, reward=-8.081328
Epoch: 123: 2022-04-22 00:22:58.185652
Epoch 124/1000, D_loss=0.614839, reward=-8.080423
Epoch: 124: 2022-04-22 00:23:05.931386
Epoch 125/1000, D_loss=0.614728, reward=-8.081229
Epoch: 125: 2022-04-22 00:23:13.621022
Epoch 126/1000, D_loss=0.615242, reward=-8.082518
Epoch: 126: 2022-04-22 00:23:21.428591
Epoch 127/1000, D_loss=0.617366, reward=-8.077992
Epoch: 127: 2022-04-22 00:23:29.088861
Epoch 128/1000, D_loss=0.619112, reward=-8.077799
Epoch: 128: 2022-04-22 00:23:36.631723
Epoch 129/1000, D_loss=0.619791, reward=-8.074262
Epoch: 129: 2022-04-22 00:23:44.116089
Epoch 130/1000, D_loss=0.619444, reward=-8.076550
Test_MRR=0.355985, Test_MR=218.797190, Test_H@10=0.588630
Epoch: 130: 2022-04-22 00:37:21.805705
Epoch 131/1000, D_loss=0.620058, reward=-8.077463
Epoch: 131: 2022-04-22 00:37:29.011811
Epoch 132/1000, D_loss=0.618917, reward=-8.079126
Epoch: 132: 2022-04-22 00:37:36.221935
Epoch 133/1000, D_loss=0.621654, reward=-8.076463
Epoch: 133: 2022-04-22 00:37:43.817636
Epoch 134/1000, D_loss=0.621686, reward=-8.075429
Epoch: 134: 2022-04-22 00:37:51.092816
Epoch 135/1000, D_loss=0.622283, reward=-8.078399
Epoch: 135: 2022-04-22 00:37:58.595923
Epoch 136/1000, D_loss=0.624229, reward=-8.074082
Epoch: 136: 2022-04-22 00:38:06.286872
Epoch 137/1000, D_loss=0.625257, reward=-8.070450
Epoch: 137: 2022-04-22 00:38:13.548725
Epoch 138/1000, D_loss=0.621354, reward=-8.076591
Epoch: 138: 2022-04-22 00:38:21.008008
Epoch 139/1000, D_loss=0.624386, reward=-8.071918
Epoch: 139: 2022-04-22 00:38:28.682581
Epoch 140/1000, D_loss=0.625357, reward=-8.070050
Test_MRR=0.361705, Test_MR=229.569310, Test_H@10=0.594100
Epoch: 140: 2022-04-22 00:52:01.523422
Epoch 141/1000, D_loss=0.625284, reward=-8.070788
Epoch: 141: 2022-04-22 00:52:08.645511
Epoch 142/1000, D_loss=0.623128, reward=-8.073318
Epoch: 142: 2022-04-22 00:52:15.790579
Epoch 143/1000, D_loss=0.626018, reward=-8.068674
Epoch: 143: 2022-04-22 00:52:23.521066
Epoch 144/1000, D_loss=0.627914, reward=-8.067736
Epoch: 144: 2022-04-22 00:52:30.366755
Epoch 145/1000, D_loss=0.627986, reward=-8.069374
Epoch: 145: 2022-04-22 00:52:37.631072
Epoch 146/1000, D_loss=0.631566, reward=-8.063449
Epoch: 146: 2022-04-22 00:52:44.444125
Epoch 147/1000, D_loss=0.627688, reward=-8.066784
Epoch: 147: 2022-04-22 00:52:51.659794
Epoch 148/1000, D_loss=0.627902, reward=-8.068381
Epoch: 148: 2022-04-22 00:52:58.615313
Epoch 149/1000, D_loss=0.629856, reward=-8.064559
Epoch: 149: 2022-04-22 00:53:05.833954
Epoch 150/1000, D_loss=0.628401, reward=-8.066794
Test_MRR=0.363671, Test_MR=236.945360, Test_H@10=0.599920
Epoch: 150: 2022-04-22 01:06:32.947907
Epoch 151/1000, D_loss=0.629188, reward=-8.066499
Epoch: 151: 2022-04-22 01:06:40.410630
Epoch 152/1000, D_loss=0.631787, reward=-8.061370
Epoch: 152: 2022-04-22 01:06:48.124409
Epoch 153/1000, D_loss=0.632068, reward=-8.063812
Epoch: 153: 2022-04-22 01:06:55.234449
Epoch 154/1000, D_loss=0.631227, reward=-8.061914
Epoch: 154: 2022-04-22 01:07:02.366048
Epoch 155/1000, D_loss=0.632715, reward=-8.059695
Epoch: 155: 2022-04-22 01:07:09.835677
Epoch 156/1000, D_loss=0.632211, reward=-8.063671
Epoch: 156: 2022-04-22 01:07:17.341646
Epoch 157/1000, D_loss=0.634061, reward=-8.059616
Epoch: 157: 2022-04-22 01:07:24.734964
Epoch 158/1000, D_loss=0.636369, reward=-8.059237
Epoch: 158: 2022-04-22 01:07:31.616933
Epoch 159/1000, D_loss=0.635249, reward=-8.058410
Epoch: 159: 2022-04-22 01:07:39.029760
Epoch 160/1000, D_loss=0.634300, reward=-8.058307
Test_MRR=0.365778, Test_MR=244.427540, Test_H@10=0.603180
Epoch: 160: 2022-04-22 01:21:09.533694
Epoch 161/1000, D_loss=0.636944, reward=-8.056211
Epoch: 161: 2022-04-22 01:21:16.761478
Epoch 162/1000, D_loss=0.635413, reward=-8.058987
Epoch: 162: 2022-04-22 01:21:23.976402
Epoch 163/1000, D_loss=0.637114, reward=-8.056044
Epoch: 163: 2022-04-22 01:21:31.096015
Epoch 164/1000, D_loss=0.635544, reward=-8.055420
Epoch: 164: 2022-04-22 01:21:38.551163
Epoch 165/1000, D_loss=0.637160, reward=-8.054093
Epoch: 165: 2022-04-22 01:21:45.370987
Epoch 166/1000, D_loss=0.635900, reward=-8.058887
Epoch: 166: 2022-04-22 01:21:52.411968
Epoch 167/1000, D_loss=0.637515, reward=-8.052608
Epoch: 167: 2022-04-22 01:21:59.612706
Epoch 168/1000, D_loss=0.637723, reward=-8.054195
Epoch: 168: 2022-04-22 01:22:07.015830
Epoch 169/1000, D_loss=0.638161, reward=-8.054593
Epoch: 169: 2022-04-22 01:22:14.335632
Epoch 170/1000, D_loss=0.640538, reward=-8.050414
Test_MRR=0.368811, Test_MR=248.480020, Test_H@10=0.607270
Epoch: 170: 2022-04-22 01:35:48.264595
Epoch 171/1000, D_loss=0.638198, reward=-8.051976
Epoch: 171: 2022-04-22 01:35:55.708438
Epoch 172/1000, D_loss=0.640015, reward=-8.049048
Epoch: 172: 2022-04-22 01:36:02.955655
Epoch 173/1000, D_loss=0.639362, reward=-8.050772
Epoch: 173: 2022-04-22 01:36:10.184197
Epoch 174/1000, D_loss=0.640627, reward=-8.049795
Epoch: 174: 2022-04-22 01:36:17.267712
Epoch 175/1000, D_loss=0.638220, reward=-8.054950
Epoch: 175: 2022-04-22 01:36:24.872720
Epoch 176/1000, D_loss=0.641944, reward=-8.049204
Epoch: 176: 2022-04-22 01:36:31.810648
Epoch 177/1000, D_loss=0.641619, reward=-8.046435
Epoch: 177: 2022-04-22 01:36:38.710974
Epoch 178/1000, D_loss=0.641126, reward=-8.047013
Epoch: 178: 2022-04-22 01:36:45.948253
Epoch 179/1000, D_loss=0.641212, reward=-8.049055
Epoch: 179: 2022-04-22 01:36:53.039536
Epoch 180/1000, D_loss=0.641909, reward=-8.044669
Test_MRR=0.370130, Test_MR=253.653140, Test_H@10=0.611140
Epoch: 180: 2022-04-22 01:50:24.463539
Epoch 181/1000, D_loss=0.643374, reward=-8.044923
Epoch: 181: 2022-04-22 01:50:31.449441
Epoch 182/1000, D_loss=0.643042, reward=-8.043084
Epoch: 182: 2022-04-22 01:50:38.753852
Epoch 183/1000, D_loss=0.643955, reward=-8.044874
Epoch: 183: 2022-04-22 01:50:45.943384
Epoch 184/1000, D_loss=0.642527, reward=-8.045165
Epoch: 184: 2022-04-22 01:50:52.932710
Epoch 185/1000, D_loss=0.645973, reward=-8.039741
Epoch: 185: 2022-04-22 01:50:59.762984
Epoch 186/1000, D_loss=0.642923, reward=-8.046695
Epoch: 186: 2022-04-22 01:51:07.074691
Epoch 187/1000, D_loss=0.645721, reward=-8.040379
Epoch: 187: 2022-04-22 01:51:14.318116
Epoch 188/1000, D_loss=0.646255, reward=-8.040601
Epoch: 188: 2022-04-22 01:51:21.483518
Epoch 189/1000, D_loss=0.646599, reward=-8.039240
Epoch: 189: 2022-04-22 01:51:28.589698
Epoch 190/1000, D_loss=0.647917, reward=-8.036714
Test_MRR=0.371839, Test_MR=260.617390, Test_H@10=0.613460
Epoch: 190: 2022-04-22 02:04:59.698901
Epoch 191/1000, D_loss=0.649975, reward=-8.036051
Epoch: 191: 2022-04-22 02:05:07.014879
Epoch 192/1000, D_loss=0.643152, reward=-8.044364
Epoch: 192: 2022-04-22 02:05:13.845010
Epoch 193/1000, D_loss=0.646674, reward=-8.038382
Epoch: 193: 2022-04-22 02:05:20.883733
Epoch 194/1000, D_loss=0.646527, reward=-8.037229
Epoch: 194: 2022-04-22 02:05:28.212976
Epoch 195/1000, D_loss=0.643135, reward=-8.041625
Epoch: 195: 2022-04-22 02:05:35.614829
Epoch 196/1000, D_loss=0.645999, reward=-8.035888
Epoch: 196: 2022-04-22 02:05:42.882199
Epoch 197/1000, D_loss=0.647651, reward=-8.035987
Epoch: 197: 2022-04-22 02:05:49.867341
Epoch 198/1000, D_loss=0.648771, reward=-8.031218
Epoch: 198: 2022-04-22 02:05:57.004688
Epoch 199/1000, D_loss=0.646942, reward=-8.036892
Epoch: 199: 2022-04-22 02:06:04.358499
Epoch 200/1000, D_loss=0.647222, reward=-8.035237
Test_MRR=0.371782, Test_MR=263.734140, Test_H@10=0.614550
Epoch: 200: 2022-04-22 02:19:37.936992
Epoch 201/1000, D_loss=0.651201, reward=-8.029750
Epoch: 201: 2022-04-22 02:19:44.941793
Epoch 202/1000, D_loss=0.648429, reward=-8.036175
Epoch: 202: 2022-04-22 02:19:52.368043
Epoch 203/1000, D_loss=0.646240, reward=-8.037143
Epoch: 203: 2022-04-22 02:19:59.878351
Epoch 204/1000, D_loss=0.650525, reward=-8.031456
Epoch: 204: 2022-04-22 02:20:06.904152
Epoch 205/1000, D_loss=0.649391, reward=-8.031828
Epoch: 205: 2022-04-22 02:20:14.323034
Epoch 206/1000, D_loss=0.647662, reward=-8.036582
Epoch: 206: 2022-04-22 02:20:21.448622
Epoch 207/1000, D_loss=0.651329, reward=-8.030148
Epoch: 207: 2022-04-22 02:20:28.796898
Epoch 208/1000, D_loss=0.652614, reward=-8.028220
Epoch: 208: 2022-04-22 02:20:36.033388
Epoch 209/1000, D_loss=0.649362, reward=-8.032252
Epoch: 209: 2022-04-22 02:20:43.241429
Epoch 210/1000, D_loss=0.655349, reward=-8.021592
Test_MRR=0.375414, Test_MR=266.956020, Test_H@10=0.615240
Epoch: 210: 2022-04-22 02:34:13.187533
Epoch 211/1000, D_loss=0.652631, reward=-8.028313
Epoch: 211: 2022-04-22 02:34:20.662721
Epoch 212/1000, D_loss=0.650986, reward=-8.029142
Epoch: 212: 2022-04-22 02:34:28.106563
Epoch 213/1000, D_loss=0.652628, reward=-8.025345
Epoch: 213: 2022-04-22 02:34:35.554146
Epoch 214/1000, D_loss=0.653851, reward=-8.022513
Epoch: 214: 2022-04-22 02:34:42.843633
Epoch 215/1000, D_loss=0.654946, reward=-8.023082
Epoch: 215: 2022-04-22 02:34:50.185463
Epoch 216/1000, D_loss=0.655299, reward=-8.021747
Epoch: 216: 2022-04-22 02:34:57.409597
Epoch 217/1000, D_loss=0.655141, reward=-8.021359
Epoch: 217: 2022-04-22 02:35:04.382999
Epoch 218/1000, D_loss=0.652064, reward=-8.022273
Epoch: 218: 2022-04-22 02:35:11.501188
Epoch 219/1000, D_loss=0.654683, reward=-8.023933
Epoch: 219: 2022-04-22 02:35:19.090643
Epoch 220/1000, D_loss=0.652588, reward=-8.027272
Test_MRR=0.376821, Test_MR=271.396490, Test_H@10=0.620920
Epoch: 220: 2022-04-22 02:48:51.199796
Epoch 221/1000, D_loss=0.656240, reward=-8.022019
Epoch: 221: 2022-04-22 02:48:58.518572
Epoch 222/1000, D_loss=0.652851, reward=-8.025986
Epoch: 222: 2022-04-22 02:49:05.497290
Epoch 223/1000, D_loss=0.653281, reward=-8.023916
Epoch: 223: 2022-04-22 02:49:12.952548
Epoch 224/1000, D_loss=0.657237, reward=-8.019377
Epoch: 224: 2022-04-22 02:49:20.353514
Epoch 225/1000, D_loss=0.653314, reward=-8.019755
Epoch: 225: 2022-04-22 02:49:27.494960
Epoch 226/1000, D_loss=0.656904, reward=-8.017174
Epoch: 226: 2022-04-22 02:49:34.437534
Epoch 227/1000, D_loss=0.655465, reward=-8.018848
Epoch: 227: 2022-04-22 02:49:41.535379
Epoch 228/1000, D_loss=0.656499, reward=-8.015848
Epoch: 228: 2022-04-22 02:49:48.692433
Epoch 229/1000, D_loss=0.656479, reward=-8.018043
Epoch: 229: 2022-04-22 02:49:55.698397
Epoch 230/1000, D_loss=0.653893, reward=-8.021139
Test_MRR=0.377709, Test_MR=274.501030, Test_H@10=0.623620
Epoch: 230: 2022-04-22 03:03:28.130376
Epoch 231/1000, D_loss=0.656546, reward=-8.015300
Epoch: 231: 2022-04-22 03:03:35.783239
Epoch 232/1000, D_loss=0.656358, reward=-8.017931
Epoch: 232: 2022-04-22 03:03:43.491342
Epoch 233/1000, D_loss=0.660185, reward=-8.010297
Epoch: 233: 2022-04-22 03:03:51.146124
Epoch 234/1000, D_loss=0.659173, reward=-8.013208
Epoch: 234: 2022-04-22 03:03:58.972720
Epoch 235/1000, D_loss=0.656384, reward=-8.017479
Epoch: 235: 2022-04-22 03:04:06.537390
Epoch 236/1000, D_loss=0.657132, reward=-8.014958
Epoch: 236: 2022-04-22 03:04:13.736412
Epoch 237/1000, D_loss=0.655916, reward=-8.019870
Epoch: 237: 2022-04-22 03:04:20.833498
Epoch 238/1000, D_loss=0.658464, reward=-8.013278
Epoch: 238: 2022-04-22 03:04:27.635620
Epoch 239/1000, D_loss=0.658693, reward=-8.012567
Epoch: 239: 2022-04-22 03:04:34.738764
Epoch 240/1000, D_loss=0.659005, reward=-8.011253
Test_MRR=0.380273, Test_MR=280.878700, Test_H@10=0.624700
Epoch: 240: 2022-04-22 03:18:02.697567
Epoch 241/1000, D_loss=0.661078, reward=-8.007929
Epoch: 241: 2022-04-22 03:18:10.473124
Epoch 242/1000, D_loss=0.659692, reward=-8.010007
Epoch: 242: 2022-04-22 03:18:18.142486
Epoch 243/1000, D_loss=0.659709, reward=-8.009108
Epoch: 243: 2022-04-22 03:18:25.761415
Epoch 244/1000, D_loss=0.656293, reward=-8.012742
Epoch: 244: 2022-04-22 03:18:33.350809
Epoch 245/1000, D_loss=0.659722, reward=-8.007068
Epoch: 245: 2022-04-22 03:18:41.214409
Epoch 246/1000, D_loss=0.659272, reward=-8.007091
Epoch: 246: 2022-04-22 03:18:48.801368
Epoch 247/1000, D_loss=0.659959, reward=-8.007552
Epoch: 247: 2022-04-22 03:18:56.482879
Epoch 248/1000, D_loss=0.660675, reward=-8.005751
Epoch: 248: 2022-04-22 03:19:04.120160
Epoch 249/1000, D_loss=0.661971, reward=-8.003647
Epoch: 249: 2022-04-22 03:19:11.808504
Epoch 250/1000, D_loss=0.660906, reward=-8.003696
Test_MRR=0.381509, Test_MR=280.084140, Test_H@10=0.626870
Epoch: 250: 2022-04-22 03:32:42.240669
Epoch 251/1000, D_loss=0.661395, reward=-8.005952
Epoch: 251: 2022-04-22 03:32:49.124243
Epoch 252/1000, D_loss=0.660107, reward=-8.004965
Epoch: 252: 2022-04-22 03:32:56.615925
Epoch 253/1000, D_loss=0.662172, reward=-8.002518
Epoch: 253: 2022-04-22 03:33:03.676656
Epoch 254/1000, D_loss=0.664183, reward=-8.003727
Epoch: 254: 2022-04-22 03:33:10.688736
Epoch 255/1000, D_loss=0.659188, reward=-8.008181
Epoch: 255: 2022-04-22 03:33:17.755849
Epoch 256/1000, D_loss=0.660612, reward=-8.004663
Epoch: 256: 2022-04-22 03:33:24.762508
Epoch 257/1000, D_loss=0.663128, reward=-8.002702
Epoch: 257: 2022-04-22 03:33:32.166820
Epoch 258/1000, D_loss=0.660883, reward=-8.003078
Epoch: 258: 2022-04-22 03:33:39.098278
Epoch 259/1000, D_loss=0.660133, reward=-8.004554
Epoch: 259: 2022-04-22 03:33:46.515752
Epoch 260/1000, D_loss=0.663090, reward=-8.001564
Test_MRR=0.385257, Test_MR=280.876760, Test_H@10=0.629730
Epoch: 260: 2022-04-22 03:47:18.338416
Epoch 261/1000, D_loss=0.663190, reward=-8.000059
Epoch: 261: 2022-04-22 03:47:25.462818
Epoch 262/1000, D_loss=0.663817, reward=-7.999736
Epoch: 262: 2022-04-22 03:47:32.582508
Epoch 263/1000, D_loss=0.664471, reward=-8.001121
Epoch: 263: 2022-04-22 03:47:39.865876
Epoch 264/1000, D_loss=0.668120, reward=-7.993690
Epoch: 264: 2022-04-22 03:47:46.994507
Epoch 265/1000, D_loss=0.664827, reward=-7.997363
Epoch: 265: 2022-04-22 03:47:54.040241
Epoch 266/1000, D_loss=0.664622, reward=-7.998982
Epoch: 266: 2022-04-22 03:48:00.947791
Epoch 267/1000, D_loss=0.662918, reward=-7.999608
Epoch: 267: 2022-04-22 03:48:07.878646
Epoch 268/1000, D_loss=0.664537, reward=-7.998572
Epoch: 268: 2022-04-22 03:48:14.768340
Epoch 269/1000, D_loss=0.665797, reward=-7.992547
Epoch: 269: 2022-04-22 03:48:21.782105
Epoch 270/1000, D_loss=0.664676, reward=-7.997826
Test_MRR=0.387480, Test_MR=279.897270, Test_H@10=0.630610
Epoch: 270: 2022-04-22 04:01:49.736167
Epoch 271/1000, D_loss=0.664269, reward=-8.000266
Epoch: 271: 2022-04-22 04:01:57.023743
Epoch 272/1000, D_loss=0.664834, reward=-7.999121
Epoch: 272: 2022-04-22 04:02:04.270760
Epoch 273/1000, D_loss=0.667060, reward=-7.994309
Epoch: 273: 2022-04-22 04:02:11.692001
Epoch 274/1000, D_loss=0.664411, reward=-7.997669
Epoch: 274: 2022-04-22 04:02:18.903431
Epoch 275/1000, D_loss=0.664283, reward=-7.999914
Epoch: 275: 2022-04-22 04:02:26.328101
Epoch 276/1000, D_loss=0.664402, reward=-7.999393
Epoch: 276: 2022-04-22 04:02:33.464640
Epoch 277/1000, D_loss=0.666899, reward=-7.996075
Epoch: 277: 2022-04-22 04:02:40.579931
Epoch 278/1000, D_loss=0.667634, reward=-7.994466
Epoch: 278: 2022-04-22 04:02:47.913092
Epoch 279/1000, D_loss=0.666311, reward=-7.997525
Epoch: 279: 2022-04-22 04:02:55.245517
Epoch 280/1000, D_loss=0.663959, reward=-8.000212
Test_MRR=0.389805, Test_MR=285.735130, Test_H@10=0.632250
Epoch: 280: 2022-04-22 04:16:30.381260
Epoch 281/1000, D_loss=0.664970, reward=-7.999323
Epoch: 281: 2022-04-22 04:16:37.746921
Epoch 282/1000, D_loss=0.668201, reward=-7.995485
Epoch: 282: 2022-04-22 04:16:44.798710
Epoch 283/1000, D_loss=0.664820, reward=-7.997706
Epoch: 283: 2022-04-22 04:16:51.894135
Epoch 284/1000, D_loss=0.665731, reward=-7.996799
Epoch: 284: 2022-04-22 04:16:59.341414
Epoch 285/1000, D_loss=0.667683, reward=-7.997590
Epoch: 285: 2022-04-22 04:17:06.457566
Epoch 286/1000, D_loss=0.667441, reward=-7.996414
Epoch: 286: 2022-04-22 04:17:13.332462
Epoch 287/1000, D_loss=0.665936, reward=-7.999461
Epoch: 287: 2022-04-22 04:17:20.663678
Epoch 288/1000, D_loss=0.665299, reward=-8.001102
Epoch: 288: 2022-04-22 04:17:27.691219
Epoch 289/1000, D_loss=0.669310, reward=-7.995203
Epoch: 289: 2022-04-22 04:17:34.573151
Epoch 290/1000, D_loss=0.669637, reward=-7.996647
Test_MRR=0.393723, Test_MR=284.745100, Test_H@10=0.634590
Epoch: 290: 2022-04-22 04:31:08.864407
Epoch 291/1000, D_loss=0.666102, reward=-8.000059
Epoch: 291: 2022-04-22 04:31:16.084801
Epoch 292/1000, D_loss=0.668416, reward=-7.999263
Epoch: 292: 2022-04-22 04:31:23.211659
Epoch 293/1000, D_loss=0.664540, reward=-8.003446
Epoch: 293: 2022-04-22 04:31:30.201872
Epoch 294/1000, D_loss=0.665278, reward=-8.001064
Epoch: 294: 2022-04-22 04:31:37.618115
Epoch 295/1000, D_loss=0.664534, reward=-8.003673
Epoch: 295: 2022-04-22 04:31:44.673430
Epoch 296/1000, D_loss=0.665722, reward=-8.003857
Epoch: 296: 2022-04-22 04:31:51.895917
Epoch 297/1000, D_loss=0.665737, reward=-8.002154
Epoch: 297: 2022-04-22 04:31:59.045762
Epoch 298/1000, D_loss=0.669216, reward=-7.996816
Epoch: 298: 2022-04-22 04:32:05.941176
Epoch 299/1000, D_loss=0.666624, reward=-8.001409
Epoch: 299: 2022-04-22 04:32:12.722504
Epoch 300/1000, D_loss=0.669210, reward=-7.999136
Test_MRR=0.394910, Test_MR=283.829300, Test_H@10=0.634810
Epoch: 300: 2022-04-22 04:45:43.393652
Epoch 301/1000, D_loss=0.671059, reward=-7.997081
Epoch: 301: 2022-04-22 04:45:50.601752
Epoch 302/1000, D_loss=0.666989, reward=-8.001056
Epoch: 302: 2022-04-22 04:45:57.738034
Epoch 303/1000, D_loss=0.670215, reward=-7.999471
Epoch: 303: 2022-04-22 04:46:04.841338
Epoch 304/1000, D_loss=0.669195, reward=-8.000879
Epoch: 304: 2022-04-22 04:46:11.909708
Epoch 305/1000, D_loss=0.669819, reward=-7.998475
Epoch: 305: 2022-04-22 04:46:19.400144
Epoch 306/1000, D_loss=0.666165, reward=-8.003490
Epoch: 306: 2022-04-22 04:46:26.802367
Epoch 307/1000, D_loss=0.669390, reward=-7.998552
Epoch: 307: 2022-04-22 04:46:33.965110
Epoch 308/1000, D_loss=0.667316, reward=-8.001538
Epoch: 308: 2022-04-22 04:46:40.803798
Epoch 309/1000, D_loss=0.668741, reward=-7.999938
Epoch: 309: 2022-04-22 04:46:47.677321
Epoch 310/1000, D_loss=0.665122, reward=-8.006010
Test_MRR=0.397013, Test_MR=285.103350, Test_H@10=0.637180
Epoch: 310: 2022-04-22 05:00:23.059156
Epoch 311/1000, D_loss=0.669001, reward=-8.001192
Epoch: 311: 2022-04-22 05:00:30.072426
Epoch 312/1000, D_loss=0.669764, reward=-7.997345
Epoch: 312: 2022-04-22 05:00:37.135704
Epoch 313/1000, D_loss=0.670439, reward=-7.999768
Epoch: 313: 2022-04-22 05:00:44.833272
Epoch 314/1000, D_loss=0.670128, reward=-7.999630
Epoch: 314: 2022-04-22 05:00:52.118763
Epoch 315/1000, D_loss=0.670177, reward=-7.998675
Epoch: 315: 2022-04-22 05:00:59.350804
Epoch 316/1000, D_loss=0.668165, reward=-8.000124
Epoch: 316: 2022-04-22 05:01:06.339962
Epoch 317/1000, D_loss=0.669438, reward=-8.001716
Epoch: 317: 2022-04-22 05:01:13.425256
Epoch 318/1000, D_loss=0.672285, reward=-7.996838
Epoch: 318: 2022-04-22 05:01:20.692143
Epoch 319/1000, D_loss=0.669384, reward=-8.000734
Epoch: 319: 2022-04-22 05:01:27.857508
Epoch 320/1000, D_loss=0.668809, reward=-8.002934
Test_MRR=0.400183, Test_MR=289.618760, Test_H@10=0.638670
Epoch: 320: 2022-04-22 05:15:00.890887
Epoch 321/1000, D_loss=0.667854, reward=-8.003879
Epoch: 321: 2022-04-22 05:15:08.228910
Epoch 322/1000, D_loss=0.670899, reward=-8.000747
Epoch: 322: 2022-04-22 05:15:15.660454
Epoch 323/1000, D_loss=0.670976, reward=-7.999898
Epoch: 323: 2022-04-22 05:15:23.251272
Epoch 324/1000, D_loss=0.671803, reward=-7.999809
Epoch: 324: 2022-04-22 05:15:30.188751
Epoch 325/1000, D_loss=0.669711, reward=-8.001708
Epoch: 325: 2022-04-22 05:15:37.225691
Epoch 326/1000, D_loss=0.669846, reward=-7.999210
Epoch: 326: 2022-04-22 05:15:44.662025
Epoch 327/1000, D_loss=0.670603, reward=-7.998495
Epoch: 327: 2022-04-22 05:15:51.760994
Epoch 328/1000, D_loss=0.668248, reward=-8.003839
Epoch: 328: 2022-04-22 05:15:58.861912
Epoch 329/1000, D_loss=0.669879, reward=-7.998845
Epoch: 329: 2022-04-22 05:16:05.677174
Epoch 330/1000, D_loss=0.672724, reward=-7.996119
Test_MRR=0.402619, Test_MR=286.449190, Test_H@10=0.639090
Epoch: 330: 2022-04-22 05:29:39.262966
Epoch 331/1000, D_loss=0.670265, reward=-7.998571
Epoch: 331: 2022-04-22 05:29:46.143211
Epoch 332/1000, D_loss=0.669441, reward=-8.000899
Epoch: 332: 2022-04-22 05:29:53.214034
Epoch 333/1000, D_loss=0.672501, reward=-7.996515
Epoch: 333: 2022-04-22 05:30:00.597138
Epoch 334/1000, D_loss=0.669529, reward=-8.000306
Epoch: 334: 2022-04-22 05:30:08.116795
Epoch 335/1000, D_loss=0.671709, reward=-7.996237
Epoch: 335: 2022-04-22 05:30:14.914208
Epoch 336/1000, D_loss=0.670332, reward=-8.000063
Epoch: 336: 2022-04-22 05:30:22.016226
Epoch 337/1000, D_loss=0.673068, reward=-7.998209
Epoch: 337: 2022-04-22 05:30:29.443163
Epoch 338/1000, D_loss=0.670935, reward=-7.996763
Epoch: 338: 2022-04-22 05:30:36.363671
Epoch 339/1000, D_loss=0.672054, reward=-7.998087
Epoch: 339: 2022-04-22 05:30:43.532334
Epoch 340/1000, D_loss=0.673574, reward=-7.998631
Test_MRR=0.405003, Test_MR=288.035240, Test_H@10=0.641410
Epoch: 340: 2022-04-22 05:44:15.003666
Epoch 341/1000, D_loss=0.671389, reward=-7.999643
Epoch: 341: 2022-04-22 05:44:22.550467
Epoch 342/1000, D_loss=0.673992, reward=-7.996130
Epoch: 342: 2022-04-22 05:44:29.419964
Epoch 343/1000, D_loss=0.671249, reward=-7.998163
Epoch: 343: 2022-04-22 05:44:36.465658
Epoch 344/1000, D_loss=0.670068, reward=-8.001446
Epoch: 344: 2022-04-22 05:44:43.483269
Epoch 345/1000, D_loss=0.673309, reward=-7.995283
Epoch: 345: 2022-04-22 05:44:50.545096
Epoch 346/1000, D_loss=0.672685, reward=-7.996246
Epoch: 346: 2022-04-22 05:44:57.761780
Epoch 347/1000, D_loss=0.673811, reward=-7.995590
Epoch: 347: 2022-04-22 05:45:05.314280
Epoch 348/1000, D_loss=0.674022, reward=-7.997191
Epoch: 348: 2022-04-22 05:45:12.413956
Epoch 349/1000, D_loss=0.671278, reward=-7.998858
Epoch: 349: 2022-04-22 05:45:19.520488
Epoch 350/1000, D_loss=0.673437, reward=-7.995131
Test_MRR=0.405534, Test_MR=291.308900, Test_H@10=0.639520
Epoch: 350: 2022-04-22 05:58:46.829271
Epoch 351/1000, D_loss=0.669459, reward=-7.999431
Epoch: 351: 2022-04-22 05:58:54.597111
Epoch 352/1000, D_loss=0.670285, reward=-7.998718
Epoch: 352: 2022-04-22 05:59:02.326621
Epoch 353/1000, D_loss=0.672556, reward=-7.996143
Epoch: 353: 2022-04-22 05:59:09.995116
Epoch 354/1000, D_loss=0.676658, reward=-7.992215
Epoch: 354: 2022-04-22 05:59:17.606908
Epoch 355/1000, D_loss=0.673188, reward=-7.995076
Epoch: 355: 2022-04-22 05:59:24.586649
Epoch 356/1000, D_loss=0.673856, reward=-7.994309
Epoch: 356: 2022-04-22 05:59:31.634884
Epoch 357/1000, D_loss=0.672367, reward=-7.997888
Epoch: 357: 2022-04-22 05:59:38.912382
Epoch 358/1000, D_loss=0.674151, reward=-7.995789
Epoch: 358: 2022-04-22 05:59:46.305939
Epoch 359/1000, D_loss=0.672817, reward=-7.993521
Epoch: 359: 2022-04-22 05:59:53.461818
Epoch 360/1000, D_loss=0.674834, reward=-7.991581
Test_MRR=0.406827, Test_MR=293.157390, Test_H@10=0.639870
Epoch: 360: 2022-04-22 06:13:25.489498
Epoch 361/1000, D_loss=0.673134, reward=-7.995042
Epoch: 361: 2022-04-22 06:13:33.150420
Epoch 362/1000, D_loss=0.671548, reward=-7.996251
Epoch: 362: 2022-04-22 06:13:40.659503
Epoch 363/1000, D_loss=0.674247, reward=-7.992328
Epoch: 363: 2022-04-22 06:13:48.552429
Epoch 364/1000, D_loss=0.673891, reward=-7.992046
Epoch: 364: 2022-04-22 06:13:56.091608
Epoch 365/1000, D_loss=0.672152, reward=-7.993557
Epoch: 365: 2022-04-22 06:14:04.137272
Epoch 366/1000, D_loss=0.675016, reward=-7.989237
Epoch: 366: 2022-04-22 06:14:11.930620
Epoch 367/1000, D_loss=0.674820, reward=-7.991774
Epoch: 367: 2022-04-22 06:14:19.461184
Epoch 368/1000, D_loss=0.673668, reward=-7.992132
Epoch: 368: 2022-04-22 06:14:27.022830
Epoch 369/1000, D_loss=0.672886, reward=-7.992319
Epoch: 369: 2022-04-22 06:14:35.098445
Epoch 370/1000, D_loss=0.673777, reward=-7.993340
Test_MRR=0.409075, Test_MR=290.661060, Test_H@10=0.642550
Epoch: 370: 2022-04-22 06:28:06.322991
Epoch 371/1000, D_loss=0.675218, reward=-7.991408
Epoch: 371: 2022-04-22 06:28:13.361728
Epoch 372/1000, D_loss=0.674991, reward=-7.989408
Epoch: 372: 2022-04-22 06:28:20.438017
Epoch 373/1000, D_loss=0.675816, reward=-7.987749
Epoch: 373: 2022-04-22 06:28:27.643216
Epoch 374/1000, D_loss=0.673222, reward=-7.993726
Epoch: 374: 2022-04-22 06:28:34.629570
Epoch 375/1000, D_loss=0.673832, reward=-7.990929
Epoch: 375: 2022-04-22 06:28:41.507216
Epoch 376/1000, D_loss=0.677047, reward=-7.984663
Epoch: 376: 2022-04-22 06:28:48.923252
Epoch 377/1000, D_loss=0.677028, reward=-7.988042
Epoch: 377: 2022-04-22 06:28:56.002263
Epoch 378/1000, D_loss=0.676956, reward=-7.987385
Epoch: 378: 2022-04-22 06:29:03.269830
Epoch 379/1000, D_loss=0.675335, reward=-7.987326
Epoch: 379: 2022-04-22 06:29:10.971404
Epoch 380/1000, D_loss=0.675130, reward=-7.989278
Test_MRR=0.411447, Test_MR=293.467800, Test_H@10=0.644000
Epoch: 380: 2022-04-22 06:42:46.485155
Epoch 381/1000, D_loss=0.674650, reward=-7.991572
Epoch: 381: 2022-04-22 06:42:53.378082
Epoch 382/1000, D_loss=0.676414, reward=-7.985884
Epoch: 382: 2022-04-22 06:43:00.570699
Epoch 383/1000, D_loss=0.676040, reward=-7.988667
Epoch: 383: 2022-04-22 06:43:08.049462
Epoch 384/1000, D_loss=0.675494, reward=-7.989439
Epoch: 384: 2022-04-22 06:43:15.114431
Epoch 385/1000, D_loss=0.676410, reward=-7.984956
Epoch: 385: 2022-04-22 06:43:22.015502
Epoch 386/1000, D_loss=0.677667, reward=-7.985012
Epoch: 386: 2022-04-22 06:43:29.028347
Epoch 387/1000, D_loss=0.674063, reward=-7.988981
Epoch: 387: 2022-04-22 06:43:36.495288
Epoch 388/1000, D_loss=0.675116, reward=-7.988309
Epoch: 388: 2022-04-22 06:43:43.517824
Epoch 389/1000, D_loss=0.677479, reward=-7.983256
Epoch: 389: 2022-04-22 06:43:50.970048
Epoch 390/1000, D_loss=0.676917, reward=-7.986518
Test_MRR=0.409531, Test_MR=297.576260, Test_H@10=0.644930
Epoch: 390: 2022-04-22 06:57:27.688659
Epoch 391/1000, D_loss=0.675985, reward=-7.984890
Epoch: 391: 2022-04-22 06:57:34.562313
Epoch 392/1000, D_loss=0.676927, reward=-7.984795
Epoch: 392: 2022-04-22 06:57:41.969438
Epoch 393/1000, D_loss=0.675689, reward=-7.986779
Epoch: 393: 2022-04-22 06:57:49.227415
Epoch 394/1000, D_loss=0.674790, reward=-7.987528
Epoch: 394: 2022-04-22 06:57:56.524964
Epoch 395/1000, D_loss=0.674521, reward=-7.988037
Epoch: 395: 2022-04-22 06:58:03.925258
Epoch 396/1000, D_loss=0.675619, reward=-7.989676
Epoch: 396: 2022-04-22 06:58:11.181445
Epoch 397/1000, D_loss=0.676307, reward=-7.986761
Epoch: 397: 2022-04-22 06:58:18.362270
Epoch 398/1000, D_loss=0.677573, reward=-7.982410
Epoch: 398: 2022-04-22 06:58:25.544764
Epoch 399/1000, D_loss=0.675848, reward=-7.987264
Epoch: 399: 2022-04-22 06:58:32.938451
Epoch 400/1000, D_loss=0.675503, reward=-7.987988
Test_MRR=0.411049, Test_MR=294.994480, Test_H@10=0.645600
Epoch: 400: 2022-04-22 07:12:08.096058
Epoch 401/1000, D_loss=0.674248, reward=-7.989541
Epoch: 401: 2022-04-22 07:12:15.030792
Epoch 402/1000, D_loss=0.677405, reward=-7.983108
Epoch: 402: 2022-04-22 07:12:22.316559
Epoch 403/1000, D_loss=0.677078, reward=-7.985558
Epoch: 403: 2022-04-22 07:12:29.414878
Epoch 404/1000, D_loss=0.677485, reward=-7.983233
Epoch: 404: 2022-04-22 07:12:36.658983
Epoch 405/1000, D_loss=0.677800, reward=-7.981971
Epoch: 405: 2022-04-22 07:12:43.937392
Epoch 406/1000, D_loss=0.676882, reward=-7.984484
Epoch: 406: 2022-04-22 07:12:50.986640
Epoch 407/1000, D_loss=0.677886, reward=-7.983523
Epoch: 407: 2022-04-22 07:12:58.107379
Epoch 408/1000, D_loss=0.676933, reward=-7.984434
Epoch: 408: 2022-04-22 07:13:05.319504
Epoch 409/1000, D_loss=0.676184, reward=-7.984290
Epoch: 409: 2022-04-22 07:13:12.955516
Epoch 410/1000, D_loss=0.675606, reward=-7.984889
Test_MRR=0.410794, Test_MR=298.937780, Test_H@10=0.645810
Epoch: 410: 2022-04-22 07:26:46.430193
Epoch 411/1000, D_loss=0.677801, reward=-7.985564
Epoch: 411: 2022-04-22 07:26:53.440941
Epoch 412/1000, D_loss=0.677669, reward=-7.984838
Epoch: 412: 2022-04-22 07:27:00.568816
Epoch 413/1000, D_loss=0.674669, reward=-7.988081
Epoch: 413: 2022-04-22 07:27:07.656628
Epoch 414/1000, D_loss=0.677669, reward=-7.982213
Epoch: 414: 2022-04-22 07:27:15.153624
Epoch 415/1000, D_loss=0.676254, reward=-7.984301
Epoch: 415: 2022-04-22 07:27:22.177953
Epoch 416/1000, D_loss=0.677285, reward=-7.984152
Epoch: 416: 2022-04-22 07:27:29.059088
Epoch 417/1000, D_loss=0.676888, reward=-7.982878
Epoch: 417: 2022-04-22 07:27:36.205935
Epoch 418/1000, D_loss=0.678198, reward=-7.982136
Epoch: 418: 2022-04-22 07:27:43.141736
Epoch 419/1000, D_loss=0.678958, reward=-7.981131
Epoch: 419: 2022-04-22 07:27:50.173725
Epoch 420/1000, D_loss=0.676630, reward=-7.982001
Test_MRR=0.412649, Test_MR=298.179470, Test_H@10=0.648110
Epoch: 420: 2022-04-22 07:41:22.622548
Epoch 421/1000, D_loss=0.679875, reward=-7.977928
Epoch: 421: 2022-04-22 07:41:29.854148
Epoch 422/1000, D_loss=0.679024, reward=-7.978759
Epoch: 422: 2022-04-22 07:41:37.553459
Epoch 423/1000, D_loss=0.677550, reward=-7.982651
Epoch: 423: 2022-04-22 07:41:44.822386
Epoch 424/1000, D_loss=0.676562, reward=-7.984381
Epoch: 424: 2022-04-22 07:41:52.086027
Epoch 425/1000, D_loss=0.677370, reward=-7.982478
Epoch: 425: 2022-04-22 07:41:59.242251
Epoch 426/1000, D_loss=0.678007, reward=-7.982625
Epoch: 426: 2022-04-22 07:42:06.566685
Epoch 427/1000, D_loss=0.677870, reward=-7.984031
Epoch: 427: 2022-04-22 07:42:13.510255
Epoch 428/1000, D_loss=0.676617, reward=-7.984094
Epoch: 428: 2022-04-22 07:42:21.078665
Epoch 429/1000, D_loss=0.678457, reward=-7.982327
Epoch: 429: 2022-04-22 07:42:28.853348
Epoch 430/1000, D_loss=0.677871, reward=-7.982193
Test_MRR=0.412207, Test_MR=302.442740, Test_H@10=0.647590
Epoch: 430: 2022-04-22 07:56:01.538883
Epoch 431/1000, D_loss=0.675777, reward=-7.984019
Epoch: 431: 2022-04-22 07:56:08.664643
Epoch 432/1000, D_loss=0.677898, reward=-7.980367
Epoch: 432: 2022-04-22 07:56:15.730089
Epoch 433/1000, D_loss=0.678066, reward=-7.979844
Epoch: 433: 2022-04-22 07:56:22.609132
Epoch 434/1000, D_loss=0.677206, reward=-7.982220
Epoch: 434: 2022-04-22 07:56:29.431616
Epoch 435/1000, D_loss=0.678083, reward=-7.979272
Epoch: 435: 2022-04-22 07:56:36.682633
Epoch 436/1000, D_loss=0.679417, reward=-7.976408
Epoch: 436: 2022-04-22 07:56:44.117271
Epoch 437/1000, D_loss=0.679052, reward=-7.978869
Epoch: 437: 2022-04-22 07:56:51.549703
Epoch 438/1000, D_loss=0.680364, reward=-7.975191
Epoch: 438: 2022-04-22 07:56:58.660368
Epoch 439/1000, D_loss=0.678294, reward=-7.978396
Epoch: 439: 2022-04-22 07:57:05.695536
Epoch 440/1000, D_loss=0.681423, reward=-7.974291
Test_MRR=0.413533, Test_MR=299.628480, Test_H@10=0.648270
Epoch: 440: 2022-04-22 08:10:42.448320
Epoch 441/1000, D_loss=0.678918, reward=-7.978332
Epoch: 441: 2022-04-22 08:10:49.858414
Epoch 442/1000, D_loss=0.675581, reward=-7.984174
Epoch: 442: 2022-04-22 08:10:57.099664
Epoch 443/1000, D_loss=0.678324, reward=-7.978450
Epoch: 443: 2022-04-22 08:11:04.536695
Epoch 444/1000, D_loss=0.680274, reward=-7.975980
Epoch: 444: 2022-04-22 08:11:11.682884
Epoch 445/1000, D_loss=0.680273, reward=-7.976593
Epoch: 445: 2022-04-22 08:11:18.563300
Epoch 446/1000, D_loss=0.676111, reward=-7.984007
Epoch: 446: 2022-04-22 08:11:25.782207
Epoch 447/1000, D_loss=0.679710, reward=-7.975330
Epoch: 447: 2022-04-22 08:11:33.011655
Epoch 448/1000, D_loss=0.678252, reward=-7.977173
Epoch: 448: 2022-04-22 08:11:40.087826
Epoch 449/1000, D_loss=0.680345, reward=-7.973836
Epoch: 449: 2022-04-22 08:11:47.168588
Epoch 450/1000, D_loss=0.677984, reward=-7.979154
Test_MRR=0.414752, Test_MR=300.317080, Test_H@10=0.649320
Epoch: 450: 2022-04-22 08:25:23.403370
Epoch 451/1000, D_loss=0.680649, reward=-7.974650
Epoch: 451: 2022-04-22 08:25:30.364754
Epoch 452/1000, D_loss=0.678064, reward=-7.979273
Epoch: 452: 2022-04-22 08:25:37.767935
Epoch 453/1000, D_loss=0.678268, reward=-7.976966
Epoch: 453: 2022-04-22 08:25:44.635563
Epoch 454/1000, D_loss=0.680476, reward=-7.972456
Epoch: 454: 2022-04-22 08:25:51.556850
Epoch 455/1000, D_loss=0.677664, reward=-7.978840
Epoch: 455: 2022-04-22 08:25:58.699289
Epoch 456/1000, D_loss=0.677781, reward=-7.976222
Epoch: 456: 2022-04-22 08:26:05.569704
Epoch 457/1000, D_loss=0.678852, reward=-7.974726
Epoch: 457: 2022-04-22 08:26:13.032497
Epoch 458/1000, D_loss=0.676198, reward=-7.979283
Epoch: 458: 2022-04-22 08:26:20.211593
Epoch 459/1000, D_loss=0.678841, reward=-7.976449
Epoch: 459: 2022-04-22 08:26:27.032561
Epoch 460/1000, D_loss=0.679368, reward=-7.976613
Test_MRR=0.414418, Test_MR=300.419920, Test_H@10=0.650450
Epoch: 460: 2022-04-22 08:39:57.282569
Epoch 461/1000, D_loss=0.681450, reward=-7.973654
Epoch: 461: 2022-04-22 08:40:04.396880
Epoch 462/1000, D_loss=0.682017, reward=-7.971922
Epoch: 462: 2022-04-22 08:40:11.834754
Epoch 463/1000, D_loss=0.680239, reward=-7.973043
Epoch: 463: 2022-04-22 08:40:18.786087
Epoch 464/1000, D_loss=0.680775, reward=-7.974359
Epoch: 464: 2022-04-22 08:40:25.637427
Epoch 465/1000, D_loss=0.678690, reward=-7.975698
Epoch: 465: 2022-04-22 08:40:33.082265
Epoch 466/1000, D_loss=0.679521, reward=-7.976187
Epoch: 466: 2022-04-22 08:40:40.509421
Epoch 467/1000, D_loss=0.680095, reward=-7.974291
Epoch: 467: 2022-04-22 08:40:47.477593
Epoch 468/1000, D_loss=0.679885, reward=-7.975062
Epoch: 468: 2022-04-22 08:40:54.442231
Epoch 469/1000, D_loss=0.679040, reward=-7.975648
Epoch: 469: 2022-04-22 08:41:01.849379
Epoch 470/1000, D_loss=0.681740, reward=-7.971629
Test_MRR=0.416789, Test_MR=301.979850, Test_H@10=0.650940
Epoch: 470: 2022-04-22 08:54:35.869757
Epoch 471/1000, D_loss=0.680350, reward=-7.974535
Epoch: 471: 2022-04-22 08:54:43.342207
Epoch 472/1000, D_loss=0.677635, reward=-7.978293
Epoch: 472: 2022-04-22 08:54:50.843866
Epoch 473/1000, D_loss=0.678760, reward=-7.975372
Epoch: 473: 2022-04-22 08:54:57.950292
Epoch 474/1000, D_loss=0.681490, reward=-7.974092
Epoch: 474: 2022-04-22 08:55:05.355517
Epoch 475/1000, D_loss=0.678910, reward=-7.974240
Epoch: 475: 2022-04-22 08:55:12.785165
Epoch 476/1000, D_loss=0.678707, reward=-7.975410
Epoch: 476: 2022-04-22 08:55:19.754022
Epoch 477/1000, D_loss=0.678374, reward=-7.975556
Epoch: 477: 2022-04-22 08:55:26.976685
Epoch 478/1000, D_loss=0.682091, reward=-7.966790
Epoch: 478: 2022-04-22 08:55:34.105147
Epoch 479/1000, D_loss=0.681603, reward=-7.971070
Epoch: 479: 2022-04-22 08:55:41.016751
Epoch 480/1000, D_loss=0.680042, reward=-7.970441
Test_MRR=0.416601, Test_MR=298.001560, Test_H@10=0.650350
Epoch: 480: 2022-04-22 09:09:14.135768
Epoch 481/1000, D_loss=0.680408, reward=-7.971490
Epoch: 481: 2022-04-22 09:09:21.743970
Epoch 482/1000, D_loss=0.678046, reward=-7.976040
Epoch: 482: 2022-04-22 09:09:29.478989
Epoch 483/1000, D_loss=0.681479, reward=-7.971794
Epoch: 483: 2022-04-22 09:09:37.292862
Epoch 484/1000, D_loss=0.684155, reward=-7.967494
Epoch: 484: 2022-04-22 09:09:45.192058
Epoch 485/1000, D_loss=0.679559, reward=-7.973182
Epoch: 485: 2022-04-22 09:09:52.723841
Epoch 486/1000, D_loss=0.682235, reward=-7.970373
Epoch: 486: 2022-04-22 09:10:00.307853
Epoch 487/1000, D_loss=0.680345, reward=-7.969887
Epoch: 487: 2022-04-22 09:10:07.890501
Epoch 488/1000, D_loss=0.680465, reward=-7.971995
Epoch: 488: 2022-04-22 09:10:15.777674
Epoch 489/1000, D_loss=0.680237, reward=-7.970612
Epoch: 489: 2022-04-22 09:10:23.350102
Epoch 490/1000, D_loss=0.680988, reward=-7.968864
Test_MRR=0.415996, Test_MR=297.659650, Test_H@10=0.650240
Epoch: 490: 2022-04-22 09:23:56.457127
Epoch 491/1000, D_loss=0.681065, reward=-7.969860
Epoch: 491: 2022-04-22 09:24:03.246317
Epoch 492/1000, D_loss=0.681201, reward=-7.969966
Epoch: 492: 2022-04-22 09:24:10.849997
Epoch 493/1000, D_loss=0.681499, reward=-7.969778
Epoch: 493: 2022-04-22 09:24:18.850497
Epoch 494/1000, D_loss=0.681963, reward=-7.968226
Epoch: 494: 2022-04-22 09:24:26.594114
Epoch 495/1000, D_loss=0.680472, reward=-7.969167
Epoch: 495: 2022-04-22 09:24:34.219444
Epoch 496/1000, D_loss=0.677766, reward=-7.975387
Epoch: 496: 2022-04-22 09:24:41.974603
Epoch 497/1000, D_loss=0.681852, reward=-7.967784
Epoch: 497: 2022-04-22 09:24:50.427584
Epoch 498/1000, D_loss=0.679673, reward=-7.973325
Epoch: 498: 2022-04-22 09:24:58.026440
Epoch 499/1000, D_loss=0.678172, reward=-7.972990
Epoch: 499: 2022-04-22 09:25:05.554884
Epoch 500/1000, D_loss=0.679573, reward=-7.972565
Test_MRR=0.416137, Test_MR=301.849790, Test_H@10=0.653400
Epoch: 500: 2022-04-22 09:38:43.216367
Epoch 501/1000, D_loss=0.681439, reward=-7.968796
Epoch: 501: 2022-04-22 09:38:50.067844
Epoch 502/1000, D_loss=0.681481, reward=-7.965369
Epoch: 502: 2022-04-22 09:38:57.641679
Epoch 503/1000, D_loss=0.683866, reward=-7.964157
Epoch: 503: 2022-04-22 09:39:04.992280
Epoch 504/1000, D_loss=0.680887, reward=-7.967184
Epoch: 504: 2022-04-22 09:39:11.965329
Epoch 505/1000, D_loss=0.680823, reward=-7.967655
Epoch: 505: 2022-04-22 09:39:19.319554
Epoch 506/1000, D_loss=0.680809, reward=-7.968861
Epoch: 506: 2022-04-22 09:39:26.138349
Epoch 507/1000, D_loss=0.681613, reward=-7.965739
Epoch: 507: 2022-04-22 09:39:33.365142
Epoch 508/1000, D_loss=0.680434, reward=-7.966352
Epoch: 508: 2022-04-22 09:39:40.357881
Epoch 509/1000, D_loss=0.681332, reward=-7.967162
Epoch: 509: 2022-04-22 09:39:47.474226
Epoch 510/1000, D_loss=0.679838, reward=-7.968121
Test_MRR=0.418378, Test_MR=298.566550, Test_H@10=0.653030
Epoch: 510: 2022-04-22 09:53:23.859918
Epoch 511/1000, D_loss=0.678855, reward=-7.969017
Epoch: 511: 2022-04-22 09:53:31.353976
Epoch 512/1000, D_loss=0.682032, reward=-7.964231
Epoch: 512: 2022-04-22 09:53:38.273917
Epoch 513/1000, D_loss=0.679878, reward=-7.967702
Epoch: 513: 2022-04-22 09:53:45.244084
Epoch 514/1000, D_loss=0.677620, reward=-7.969617
Epoch: 514: 2022-04-22 09:53:52.184747
Epoch 515/1000, D_loss=0.682784, reward=-7.962598
Epoch: 515: 2022-04-22 09:53:59.459661
Epoch 516/1000, D_loss=0.679802, reward=-7.966983
Epoch: 516: 2022-04-22 09:54:06.545526
Epoch 517/1000, D_loss=0.681161, reward=-7.963293
Epoch: 517: 2022-04-22 09:54:13.945170
Epoch 518/1000, D_loss=0.679504, reward=-7.966503
Epoch: 518: 2022-04-22 09:54:21.407501
Epoch 519/1000, D_loss=0.682588, reward=-7.961127
Epoch: 519: 2022-04-22 09:54:28.916343
Epoch 520/1000, D_loss=0.682239, reward=-7.961321
Test_MRR=0.417863, Test_MR=297.610350, Test_H@10=0.653530
Epoch: 520: 2022-04-22 10:08:02.625951
Epoch 521/1000, D_loss=0.682221, reward=-7.961508
Epoch: 521: 2022-04-22 10:08:10.156856
Epoch 522/1000, D_loss=0.681908, reward=-7.958169
Epoch: 522: 2022-04-22 10:08:17.512238
Epoch 523/1000, D_loss=0.680206, reward=-7.962626
Epoch: 523: 2022-04-22 10:08:24.692976
Epoch 524/1000, D_loss=0.682585, reward=-7.958321
Epoch: 524: 2022-04-22 10:08:31.840541
Epoch 525/1000, D_loss=0.682740, reward=-7.958735
Epoch: 525: 2022-04-22 10:08:38.984447
Epoch 526/1000, D_loss=0.681096, reward=-7.962072
Epoch: 526: 2022-04-22 10:08:46.409837
Epoch 527/1000, D_loss=0.680825, reward=-7.960630
Epoch: 527: 2022-04-22 10:08:53.602993
Epoch 528/1000, D_loss=0.684479, reward=-7.956771
Epoch: 528: 2022-04-22 10:09:00.664139
Epoch 529/1000, D_loss=0.683618, reward=-7.957693
Epoch: 529: 2022-04-22 10:09:07.667455
Epoch 530/1000, D_loss=0.680840, reward=-7.960351
Test_MRR=0.419200, Test_MR=299.383570, Test_H@10=0.654360
Epoch: 530: 2022-04-22 10:22:41.130809
Epoch 531/1000, D_loss=0.683377, reward=-7.958529
Epoch: 531: 2022-04-22 10:22:48.778438
Epoch 532/1000, D_loss=0.680705, reward=-7.961345
Epoch: 532: 2022-04-22 10:22:55.918765
Epoch 533/1000, D_loss=0.682362, reward=-7.959151
Epoch: 533: 2022-04-22 10:23:03.372986
Epoch 534/1000, D_loss=0.682623, reward=-7.955777
Epoch: 534: 2022-04-22 10:23:10.353944
Epoch 535/1000, D_loss=0.683087, reward=-7.957120
Epoch: 535: 2022-04-22 10:23:17.165168
Epoch 536/1000, D_loss=0.682482, reward=-7.956815
Epoch: 536: 2022-04-22 10:23:24.325337
Epoch 537/1000, D_loss=0.681410, reward=-7.958663
Epoch: 537: 2022-04-22 10:23:31.596352
Epoch 538/1000, D_loss=0.682342, reward=-7.955271
Epoch: 538: 2022-04-22 10:23:38.804229
Epoch 539/1000, D_loss=0.682026, reward=-7.956789
Epoch: 539: 2022-04-22 10:23:46.429269
Epoch 540/1000, D_loss=0.681865, reward=-7.957815
Test_MRR=0.419632, Test_MR=300.008330, Test_H@10=0.654510
Epoch: 540: 2022-04-22 10:37:18.684657
Epoch 541/1000, D_loss=0.682057, reward=-7.957688
Epoch: 541: 2022-04-22 10:37:25.775646
Epoch 542/1000, D_loss=0.683234, reward=-7.954262
Epoch: 542: 2022-04-22 10:37:33.042743
Epoch 543/1000, D_loss=0.684242, reward=-7.952602
Epoch: 543: 2022-04-22 10:37:40.104096
Epoch 544/1000, D_loss=0.684216, reward=-7.954700
Epoch: 544: 2022-04-22 10:37:47.353012
Epoch 545/1000, D_loss=0.679552, reward=-7.962220
Epoch: 545: 2022-04-22 10:37:54.738028
Epoch 546/1000, D_loss=0.686143, reward=-7.949662
Epoch: 546: 2022-04-22 10:38:02.076506
Epoch 547/1000, D_loss=0.683958, reward=-7.952044
Epoch: 547: 2022-04-22 10:38:09.346819
Epoch 548/1000, D_loss=0.683524, reward=-7.952350
Epoch: 548: 2022-04-22 10:38:16.769875
Epoch 549/1000, D_loss=0.682191, reward=-7.956029
Epoch: 549: 2022-04-22 10:38:23.997309
Epoch 550/1000, D_loss=0.685431, reward=-7.949048
Test_MRR=0.419837, Test_MR=297.573390, Test_H@10=0.654730
Epoch: 550: 2022-04-22 10:51:56.788823
Epoch 551/1000, D_loss=0.684096, reward=-7.950498
Epoch: 551: 2022-04-22 10:52:03.734864
Epoch 552/1000, D_loss=0.684791, reward=-7.950564
Epoch: 552: 2022-04-22 10:52:11.088850
Epoch 553/1000, D_loss=0.684741, reward=-7.948873
Epoch: 553: 2022-04-22 10:52:18.015148
Epoch 554/1000, D_loss=0.682562, reward=-7.952744
Epoch: 554: 2022-04-22 10:52:25.355845
Epoch 555/1000, D_loss=0.683542, reward=-7.953448
Epoch: 555: 2022-04-22 10:52:32.747068
Epoch 556/1000, D_loss=0.685130, reward=-7.948685
Epoch: 556: 2022-04-22 10:52:39.568886
Epoch 557/1000, D_loss=0.684624, reward=-7.949181
Epoch: 557: 2022-04-22 10:52:47.042679
Epoch 558/1000, D_loss=0.684579, reward=-7.949642
Epoch: 558: 2022-04-22 10:52:54.160352
Epoch 559/1000, D_loss=0.686238, reward=-7.946627
Epoch: 559: 2022-04-22 10:53:01.227811
Epoch 560/1000, D_loss=0.683383, reward=-7.950792
Test_MRR=0.418684, Test_MR=296.668020, Test_H@10=0.654670
Epoch: 560: 2022-04-22 11:06:36.118770
Epoch 561/1000, D_loss=0.683220, reward=-7.950753
Epoch: 561: 2022-04-22 11:06:43.488378
Epoch 562/1000, D_loss=0.683904, reward=-7.949038
Epoch: 562: 2022-04-22 11:06:50.651584
Epoch 563/1000, D_loss=0.682439, reward=-7.952044
Epoch: 563: 2022-04-22 11:06:57.911230
Epoch 564/1000, D_loss=0.683389, reward=-7.949265
Epoch: 564: 2022-04-22 11:07:04.841779
Epoch 565/1000, D_loss=0.685210, reward=-7.946544
Epoch: 565: 2022-04-22 11:07:12.391771
Epoch 566/1000, D_loss=0.682649, reward=-7.947192
Epoch: 566: 2022-04-22 11:07:19.320412
Epoch 567/1000, D_loss=0.684105, reward=-7.947120
Epoch: 567: 2022-04-22 11:07:26.211210
Epoch 568/1000, D_loss=0.683548, reward=-7.948190
Epoch: 568: 2022-04-22 11:07:33.505025
Epoch 569/1000, D_loss=0.683902, reward=-7.949065
Epoch: 569: 2022-04-22 11:07:40.356260
Epoch 570/1000, D_loss=0.684421, reward=-7.947114
Test_MRR=0.419464, Test_MR=297.715990, Test_H@10=0.654230
Epoch: 570: 2022-04-22 11:21:12.088953
Epoch 571/1000, D_loss=0.683614, reward=-7.948020
Epoch: 571: 2022-04-22 11:21:19.318374
Epoch 572/1000, D_loss=0.683834, reward=-7.948032
Epoch: 572: 2022-04-22 11:21:26.403747
Epoch 573/1000, D_loss=0.683175, reward=-7.947718
Epoch: 573: 2022-04-22 11:21:33.423805
Epoch 574/1000, D_loss=0.685998, reward=-7.946008
Epoch: 574: 2022-04-22 11:21:40.580783
Epoch 575/1000, D_loss=0.683178, reward=-7.946776
Epoch: 575: 2022-04-22 11:21:47.632867
Epoch 576/1000, D_loss=0.686651, reward=-7.942137
Epoch: 576: 2022-04-22 11:21:54.844882
Epoch 577/1000, D_loss=0.684173, reward=-7.945975
Epoch: 577: 2022-04-22 11:22:02.154519
Epoch 578/1000, D_loss=0.684372, reward=-7.944194
Epoch: 578: 2022-04-22 11:22:09.213910
Epoch 579/1000, D_loss=0.682097, reward=-7.947331
Epoch: 579: 2022-04-22 11:22:16.526489
Epoch 580/1000, D_loss=0.684602, reward=-7.944403
Test_MRR=0.420318, Test_MR=299.800770, Test_H@10=0.655580
Epoch: 580: 2022-04-22 11:35:48.210478
Epoch 581/1000, D_loss=0.684396, reward=-7.944753
Epoch: 581: 2022-04-22 11:35:55.097506
Epoch 582/1000, D_loss=0.683455, reward=-7.945221
Epoch: 582: 2022-04-22 11:36:02.142600
Epoch 583/1000, D_loss=0.684532, reward=-7.942555
Epoch: 583: 2022-04-22 11:36:09.262259
Epoch 584/1000, D_loss=0.682079, reward=-7.947986
Epoch: 584: 2022-04-22 11:36:16.375281
Epoch 585/1000, D_loss=0.683974, reward=-7.944728
Epoch: 585: 2022-04-22 11:36:23.720975
Epoch 586/1000, D_loss=0.681895, reward=-7.945884
Epoch: 586: 2022-04-22 11:36:31.037279
Epoch 587/1000, D_loss=0.683852, reward=-7.942810
Epoch: 587: 2022-04-22 11:36:38.256976
Epoch 588/1000, D_loss=0.685867, reward=-7.938969
Epoch: 588: 2022-04-22 11:36:45.455757
Epoch 589/1000, D_loss=0.685835, reward=-7.940135
Epoch: 589: 2022-04-22 11:36:52.616110
Epoch 590/1000, D_loss=0.683098, reward=-7.942828
Test_MRR=0.422785, Test_MR=298.228930, Test_H@10=0.654740
Epoch: 590: 2022-04-22 11:50:25.969900
Epoch 591/1000, D_loss=0.682318, reward=-7.943003
Epoch: 591: 2022-04-22 11:50:33.350473
Epoch 592/1000, D_loss=0.682863, reward=-7.943087
Epoch: 592: 2022-04-22 11:50:40.773328
Epoch 593/1000, D_loss=0.685133, reward=-7.939470
Epoch: 593: 2022-04-22 11:50:48.084762
Epoch 594/1000, D_loss=0.685785, reward=-7.941031
Epoch: 594: 2022-04-22 11:50:55.845734
Epoch 595/1000, D_loss=0.684439, reward=-7.940774
Epoch: 595: 2022-04-22 11:51:03.163170
Epoch 596/1000, D_loss=0.684222, reward=-7.941569
Epoch: 596: 2022-04-22 11:51:10.571354
Epoch 597/1000, D_loss=0.685680, reward=-7.938978
Epoch: 597: 2022-04-22 11:51:18.056662
Epoch 598/1000, D_loss=0.685140, reward=-7.939192
Epoch: 598: 2022-04-22 11:51:25.498187
Epoch 599/1000, D_loss=0.685256, reward=-7.939680
Epoch: 599: 2022-04-22 11:51:32.604130
Epoch 600/1000, D_loss=0.686012, reward=-7.937935
Test_MRR=0.422396, Test_MR=294.241500, Test_H@10=0.657190
Epoch: 600: 2022-04-22 12:05:06.969444
Epoch 601/1000, D_loss=0.683817, reward=-7.941103
Epoch: 601: 2022-04-22 12:05:14.061456
Epoch 602/1000, D_loss=0.683908, reward=-7.940029
Epoch: 602: 2022-04-22 12:05:20.976663
Epoch 603/1000, D_loss=0.686685, reward=-7.934101
Epoch: 603: 2022-04-22 12:05:27.855560
Epoch 604/1000, D_loss=0.685661, reward=-7.934499
Epoch: 604: 2022-04-22 12:05:34.919925
Epoch 605/1000, D_loss=0.683918, reward=-7.936215
Epoch: 605: 2022-04-22 12:05:41.794108
Epoch 606/1000, D_loss=0.683791, reward=-7.938803
Epoch: 606: 2022-04-22 12:05:49.160947
Epoch 607/1000, D_loss=0.685071, reward=-7.934640
Epoch: 607: 2022-04-22 12:05:56.464869
Epoch 608/1000, D_loss=0.685443, reward=-7.934542
Epoch: 608: 2022-04-22 12:06:03.302899
Epoch 609/1000, D_loss=0.684317, reward=-7.936699
Epoch: 609: 2022-04-22 12:06:10.235268
Epoch 610/1000, D_loss=0.681863, reward=-7.941337
Test_MRR=0.421748, Test_MR=294.377800, Test_H@10=0.657090
Epoch: 610: 2022-04-22 12:19:46.837220
Epoch 611/1000, D_loss=0.684398, reward=-7.936802
Epoch: 611: 2022-04-22 12:19:54.543627
Epoch 612/1000, D_loss=0.683092, reward=-7.936196
Epoch: 612: 2022-04-22 12:20:01.728163
Epoch 613/1000, D_loss=0.684567, reward=-7.934357
Epoch: 613: 2022-04-22 12:20:08.941592
Epoch 614/1000, D_loss=0.685058, reward=-7.933768
Epoch: 614: 2022-04-22 12:20:16.418253
Epoch 615/1000, D_loss=0.684475, reward=-7.934854
Epoch: 615: 2022-04-22 12:20:23.659827
Epoch 616/1000, D_loss=0.686102, reward=-7.933054
Epoch: 616: 2022-04-22 12:20:30.657424
Epoch 617/1000, D_loss=0.684906, reward=-7.933455
Epoch: 617: 2022-04-22 12:20:38.186272
Epoch 618/1000, D_loss=0.686018, reward=-7.933677
Epoch: 618: 2022-04-22 12:20:45.210743
Epoch 619/1000, D_loss=0.685967, reward=-7.930929
Epoch: 619: 2022-04-22 12:20:52.417844
Epoch 620/1000, D_loss=0.686478, reward=-7.932714
Test_MRR=0.422018, Test_MR=296.381950, Test_H@10=0.658480
Epoch: 620: 2022-04-22 12:34:23.088667
Epoch 621/1000, D_loss=0.682609, reward=-7.936919
Epoch: 621: 2022-04-22 12:34:30.682084
Epoch 622/1000, D_loss=0.685810, reward=-7.933041
Epoch: 622: 2022-04-22 12:34:38.443393
Epoch 623/1000, D_loss=0.686945, reward=-7.931203
Epoch: 623: 2022-04-22 12:34:46.391013
Epoch 624/1000, D_loss=0.684351, reward=-7.933292
Epoch: 624: 2022-04-22 12:34:54.164301
Epoch 625/1000, D_loss=0.685585, reward=-7.933619
Epoch: 625: 2022-04-22 12:35:01.781602
Epoch 626/1000, D_loss=0.685841, reward=-7.932211
Epoch: 626: 2022-04-22 12:35:09.388738
Epoch 627/1000, D_loss=0.685309, reward=-7.931888
Epoch: 627: 2022-04-22 12:35:17.209157
Epoch 628/1000, D_loss=0.686968, reward=-7.928117
Epoch: 628: 2022-04-22 12:35:25.070303
Epoch 629/1000, D_loss=0.686392, reward=-7.930683
Epoch: 629: 2022-04-22 12:35:32.538312
Epoch 630/1000, D_loss=0.684860, reward=-7.934302
Test_MRR=0.421935, Test_MR=294.053590, Test_H@10=0.657260
Epoch: 630: 2022-04-22 12:49:02.228685
Epoch 631/1000, D_loss=0.685466, reward=-7.933155
Epoch: 631: 2022-04-22 12:49:09.512505
Epoch 632/1000, D_loss=0.683053, reward=-7.935363
Epoch: 632: 2022-04-22 12:49:16.610560
Epoch 633/1000, D_loss=0.686121, reward=-7.933466
Epoch: 633: 2022-04-22 12:49:23.590709
Epoch 634/1000, D_loss=0.686482, reward=-7.932642
Epoch: 634: 2022-04-22 12:49:31.656441
Epoch 635/1000, D_loss=0.685416, reward=-7.932886
Epoch: 635: 2022-04-22 12:49:39.361187
Epoch 636/1000, D_loss=0.684633, reward=-7.933224
Epoch: 636: 2022-04-22 12:49:47.014919
Epoch 637/1000, D_loss=0.683617, reward=-7.933783
Epoch: 637: 2022-04-22 12:49:54.673723
Epoch 638/1000, D_loss=0.685182, reward=-7.931443
Epoch: 638: 2022-04-22 12:50:02.423052
Epoch 639/1000, D_loss=0.686153, reward=-7.929731
Epoch: 639: 2022-04-22 12:50:09.992779
Epoch 640/1000, D_loss=0.684925, reward=-7.929837
Test_MRR=0.423783, Test_MR=295.860360, Test_H@10=0.658590
Epoch: 640: 2022-04-22 13:03:41.130221
Epoch 641/1000, D_loss=0.685462, reward=-7.930350
Epoch: 641: 2022-04-22 13:03:48.095979
Epoch 642/1000, D_loss=0.684860, reward=-7.932405
Epoch: 642: 2022-04-22 13:03:54.872791
Epoch 643/1000, D_loss=0.686482, reward=-7.928845
Epoch: 643: 2022-04-22 13:04:01.941127
Epoch 644/1000, D_loss=0.687381, reward=-7.927011
Epoch: 644: 2022-04-22 13:04:09.328240
Epoch 645/1000, D_loss=0.687509, reward=-7.927861
Epoch: 645: 2022-04-22 13:04:16.361592
Epoch 646/1000, D_loss=0.684836, reward=-7.930860
Epoch: 646: 2022-04-22 13:04:23.824897
Epoch 647/1000, D_loss=0.684472, reward=-7.929572
Epoch: 647: 2022-04-22 13:04:30.861148
Epoch 648/1000, D_loss=0.685468, reward=-7.928867
Epoch: 648: 2022-04-22 13:04:37.981312
Epoch 649/1000, D_loss=0.686697, reward=-7.928735
Epoch: 649: 2022-04-22 13:04:44.763422
Epoch 650/1000, D_loss=0.688536, reward=-7.925137
Test_MRR=0.424917, Test_MR=297.570550, Test_H@10=0.659040
Epoch: 650: 2022-04-22 13:18:13.402924
Epoch 651/1000, D_loss=0.686452, reward=-7.925817
Epoch: 651: 2022-04-22 13:18:20.929673
Epoch 652/1000, D_loss=0.686979, reward=-7.925153
Epoch: 652: 2022-04-22 13:18:27.714086
Epoch 653/1000, D_loss=0.685433, reward=-7.928101
Epoch: 653: 2022-04-22 13:18:34.782758
Epoch 654/1000, D_loss=0.686907, reward=-7.925671
Epoch: 654: 2022-04-22 13:18:42.285207
Epoch 655/1000, D_loss=0.684613, reward=-7.928311
Epoch: 655: 2022-04-22 13:18:49.741949
Epoch 656/1000, D_loss=0.687409, reward=-7.922542
Epoch: 656: 2022-04-22 13:18:57.120003
Epoch 657/1000, D_loss=0.686054, reward=-7.925708
Epoch: 657: 2022-04-22 13:19:04.765925
Epoch 658/1000, D_loss=0.687758, reward=-7.925066
Epoch: 658: 2022-04-22 13:19:11.726557
Epoch 659/1000, D_loss=0.686461, reward=-7.924757
Epoch: 659: 2022-04-22 13:19:18.953595
Epoch 660/1000, D_loss=0.688706, reward=-7.920298
Test_MRR=0.424559, Test_MR=291.622560, Test_H@10=0.660170
Epoch: 660: 2022-04-22 13:32:50.035892
Epoch 661/1000, D_loss=0.686754, reward=-7.924437
Epoch: 661: 2022-04-22 13:32:57.632230
Epoch 662/1000, D_loss=0.686624, reward=-7.923536
Epoch: 662: 2022-04-22 13:33:04.785318
Epoch 663/1000, D_loss=0.687192, reward=-7.924252
Epoch: 663: 2022-04-22 13:33:11.896352
Epoch 664/1000, D_loss=0.686170, reward=-7.921992
Epoch: 664: 2022-04-22 13:33:19.534479
Epoch 665/1000, D_loss=0.686970, reward=-7.923022
Epoch: 665: 2022-04-22 13:33:26.644449
Epoch 666/1000, D_loss=0.687765, reward=-7.921180
Epoch: 666: 2022-04-22 13:33:33.887802
Epoch 667/1000, D_loss=0.687482, reward=-7.924484
Epoch: 667: 2022-04-22 13:33:40.818380
Epoch 668/1000, D_loss=0.687486, reward=-7.923243
Epoch: 668: 2022-04-22 13:33:47.695213
Epoch 669/1000, D_loss=0.685847, reward=-7.924619
Epoch: 669: 2022-04-22 13:33:54.847008
Epoch 670/1000, D_loss=0.686162, reward=-7.923211
Test_MRR=0.425447, Test_MR=290.090700, Test_H@10=0.658650
Epoch: 670: 2022-04-22 13:47:24.464319
Epoch 671/1000, D_loss=0.687956, reward=-7.920930
Epoch: 671: 2022-04-22 13:47:31.460710
Epoch 672/1000, D_loss=0.686530, reward=-7.924370
Epoch: 672: 2022-04-22 13:47:38.955820
Epoch 673/1000, D_loss=0.687546, reward=-7.922271
Epoch: 673: 2022-04-22 13:47:46.371568
Epoch 674/1000, D_loss=0.685502, reward=-7.925186
Epoch: 674: 2022-04-22 13:47:53.537498
Epoch 675/1000, D_loss=0.687024, reward=-7.920350
Epoch: 675: 2022-04-22 13:48:00.828775
Epoch 676/1000, D_loss=0.685219, reward=-7.923767
Epoch: 676: 2022-04-22 13:48:07.828544
Epoch 677/1000, D_loss=0.686774, reward=-7.923026
Epoch: 677: 2022-04-22 13:48:14.627137
Epoch 678/1000, D_loss=0.685407, reward=-7.923561
Epoch: 678: 2022-04-22 13:48:21.811337
Epoch 679/1000, D_loss=0.686773, reward=-7.921657
Epoch: 679: 2022-04-22 13:48:28.808247
Epoch 680/1000, D_loss=0.688036, reward=-7.918583
Test_MRR=0.426098, Test_MR=292.262890, Test_H@10=0.659640
Epoch: 680: 2022-04-22 14:01:59.673096
Epoch 681/1000, D_loss=0.685834, reward=-7.921272
Epoch: 681: 2022-04-22 14:02:06.753375
Epoch 682/1000, D_loss=0.687991, reward=-7.917672
Epoch: 682: 2022-04-22 14:02:14.436554
Epoch 683/1000, D_loss=0.687954, reward=-7.918657
Epoch: 683: 2022-04-22 14:02:21.801174
Epoch 684/1000, D_loss=0.688493, reward=-7.916237
Epoch: 684: 2022-04-22 14:02:28.754746
Epoch 685/1000, D_loss=0.687455, reward=-7.918090
Epoch: 685: 2022-04-22 14:02:35.871900
Epoch 686/1000, D_loss=0.687552, reward=-7.915813
Epoch: 686: 2022-04-22 14:02:43.173011
Epoch 687/1000, D_loss=0.688387, reward=-7.918518
Epoch: 687: 2022-04-22 14:02:49.936835
Epoch 688/1000, D_loss=0.687121, reward=-7.918865
Epoch: 688: 2022-04-22 14:02:57.028194
Epoch 689/1000, D_loss=0.686423, reward=-7.921054
Epoch: 689: 2022-04-22 14:03:04.098748
Epoch 690/1000, D_loss=0.685460, reward=-7.918489
Test_MRR=0.424357, Test_MR=287.486750, Test_H@10=0.659970
Epoch: 690: 2022-04-22 14:16:36.749627
Epoch 691/1000, D_loss=0.684213, reward=-7.918462
Epoch: 691: 2022-04-22 14:16:44.084656
Epoch 692/1000, D_loss=0.685049, reward=-7.918506
Epoch: 692: 2022-04-22 14:16:51.442718
Epoch 693/1000, D_loss=0.688279, reward=-7.915236
Epoch: 693: 2022-04-22 14:16:58.247941
Epoch 694/1000, D_loss=0.686602, reward=-7.916740
Epoch: 694: 2022-04-22 14:17:05.282215
Epoch 695/1000, D_loss=0.686388, reward=-7.916034
Epoch: 695: 2022-04-22 14:17:13.045037
Epoch 696/1000, D_loss=0.688864, reward=-7.914660
Epoch: 696: 2022-04-22 14:17:20.484755
Epoch 697/1000, D_loss=0.688887, reward=-7.912673
Epoch: 697: 2022-04-22 14:17:27.825845
Epoch 698/1000, D_loss=0.687472, reward=-7.915545
Epoch: 698: 2022-04-22 14:17:35.053034
Epoch 699/1000, D_loss=0.687059, reward=-7.914378
Epoch: 699: 2022-04-22 14:17:42.682488
Epoch 700/1000, D_loss=0.689048, reward=-7.913318
Test_MRR=0.426685, Test_MR=289.886960, Test_H@10=0.661070
Epoch: 700: 2022-04-22 14:31:13.128102
Epoch 701/1000, D_loss=0.686474, reward=-7.913203
Epoch: 701: 2022-04-22 14:31:20.082292
Epoch 702/1000, D_loss=0.688586, reward=-7.913102
Epoch: 702: 2022-04-22 14:31:27.512865
Epoch 703/1000, D_loss=0.687316, reward=-7.913696
Epoch: 703: 2022-04-22 14:31:34.861639
Epoch 704/1000, D_loss=0.690771, reward=-7.906200
Epoch: 704: 2022-04-22 14:31:42.295065
Epoch 705/1000, D_loss=0.687419, reward=-7.913255
Epoch: 705: 2022-04-22 14:31:49.692012
Epoch 706/1000, D_loss=0.687301, reward=-7.913557
Epoch: 706: 2022-04-22 14:31:57.144487
Epoch 707/1000, D_loss=0.686963, reward=-7.912277
Epoch: 707: 2022-04-22 14:32:04.249422
Epoch 708/1000, D_loss=0.686101, reward=-7.915547
Epoch: 708: 2022-04-22 14:32:11.068027
Epoch 709/1000, D_loss=0.687931, reward=-7.911073
Epoch: 709: 2022-04-22 14:32:18.466040
Epoch 710/1000, D_loss=0.690029, reward=-7.908508
Test_MRR=0.426181, Test_MR=291.442980, Test_H@10=0.660990
Epoch: 710: 2022-04-22 14:45:48.652812
Epoch 711/1000, D_loss=0.687410, reward=-7.911722
Epoch: 711: 2022-04-22 14:45:55.876918
Epoch 712/1000, D_loss=0.688074, reward=-7.910227
Epoch: 712: 2022-04-22 14:46:03.320669
Epoch 713/1000, D_loss=0.687618, reward=-7.910490
Epoch: 713: 2022-04-22 14:46:10.386421
Epoch 714/1000, D_loss=0.685679, reward=-7.912622
Epoch: 714: 2022-04-22 14:46:17.346344
Epoch 715/1000, D_loss=0.687923, reward=-7.910562
Epoch: 715: 2022-04-22 14:46:24.638200
Epoch 716/1000, D_loss=0.688431, reward=-7.911130
Epoch: 716: 2022-04-22 14:46:31.571996
Epoch 717/1000, D_loss=0.687779, reward=-7.911142
Epoch: 717: 2022-04-22 14:46:38.784362
Epoch 718/1000, D_loss=0.687902, reward=-7.910714
Epoch: 718: 2022-04-22 14:46:45.884252
Epoch 719/1000, D_loss=0.687855, reward=-7.909438
Epoch: 719: 2022-04-22 14:46:52.873503
Epoch 720/1000, D_loss=0.689721, reward=-7.907043
Test_MRR=0.424919, Test_MR=288.959610, Test_H@10=0.660670
Epoch: 720: 2022-04-22 15:00:24.234326
Epoch 721/1000, D_loss=0.686209, reward=-7.911754
Epoch: 721: 2022-04-22 15:00:31.471104
Epoch 722/1000, D_loss=0.684218, reward=-7.914601
Epoch: 722: 2022-04-22 15:00:38.581215
Epoch 723/1000, D_loss=0.686935, reward=-7.909967
Epoch: 723: 2022-04-22 15:00:45.447283
Epoch 724/1000, D_loss=0.689110, reward=-7.906020
Epoch: 724: 2022-04-22 15:00:52.611375
Epoch 725/1000, D_loss=0.688868, reward=-7.906880
Epoch: 725: 2022-04-22 15:01:00.212849
Epoch 726/1000, D_loss=0.687590, reward=-7.908758
Epoch: 726: 2022-04-22 15:01:07.323359
Epoch 727/1000, D_loss=0.690374, reward=-7.904600
Epoch: 727: 2022-04-22 15:01:14.412486
Epoch 728/1000, D_loss=0.690808, reward=-7.905151
Epoch: 728: 2022-04-22 15:01:21.867170
Epoch 729/1000, D_loss=0.687238, reward=-7.909572
Epoch: 729: 2022-04-22 15:01:28.866364
Epoch 730/1000, D_loss=0.686795, reward=-7.911901
Test_MRR=0.426028, Test_MR=291.852220, Test_H@10=0.661340
Epoch: 730: 2022-04-22 15:14:58.160283
Epoch 731/1000, D_loss=0.690394, reward=-7.908523
Epoch: 731: 2022-04-22 15:15:05.321259
Epoch 732/1000, D_loss=0.689355, reward=-7.907986
Epoch: 732: 2022-04-22 15:15:12.460595
Epoch 733/1000, D_loss=0.687826, reward=-7.907190
Epoch: 733: 2022-04-22 15:15:19.369717
Epoch 734/1000, D_loss=0.687825, reward=-7.909736
Epoch: 734: 2022-04-22 15:15:26.554738
Epoch 735/1000, D_loss=0.688885, reward=-7.905616
Epoch: 735: 2022-04-22 15:15:33.655724
Epoch 736/1000, D_loss=0.688446, reward=-7.906534
Epoch: 736: 2022-04-22 15:15:40.561345
Epoch 737/1000, D_loss=0.689287, reward=-7.902556
Epoch: 737: 2022-04-22 15:15:47.661732
Epoch 738/1000, D_loss=0.689355, reward=-7.904681
Epoch: 738: 2022-04-22 15:15:54.556972
Epoch 739/1000, D_loss=0.688426, reward=-7.906982
Epoch: 739: 2022-04-22 15:16:01.586827
Epoch 740/1000, D_loss=0.688247, reward=-7.906588
Test_MRR=0.425120, Test_MR=290.528770, Test_H@10=0.661320
Epoch: 740: 2022-04-22 15:29:29.463213
Epoch 741/1000, D_loss=0.687835, reward=-7.907040
Epoch: 741: 2022-04-22 15:29:36.719924
Epoch 742/1000, D_loss=0.691161, reward=-7.902533
Epoch: 742: 2022-04-22 15:29:43.816327
Epoch 743/1000, D_loss=0.687390, reward=-7.905345
Epoch: 743: 2022-04-22 15:29:50.949224
Epoch 744/1000, D_loss=0.687161, reward=-7.905601
Epoch: 744: 2022-04-22 15:29:58.426833
Epoch 745/1000, D_loss=0.689148, reward=-7.902528
Epoch: 745: 2022-04-22 15:30:05.720965
Epoch 746/1000, D_loss=0.688786, reward=-7.903076
Epoch: 746: 2022-04-22 15:30:12.904244
Epoch 747/1000, D_loss=0.690787, reward=-7.897693
Epoch: 747: 2022-04-22 15:30:20.063388
Epoch 748/1000, D_loss=0.690906, reward=-7.898880
Epoch: 748: 2022-04-22 15:30:27.265533
Epoch 749/1000, D_loss=0.688058, reward=-7.905053
Epoch: 749: 2022-04-22 15:30:34.543113
Epoch 750/1000, D_loss=0.687201, reward=-7.905649
Test_MRR=0.426911, Test_MR=288.151940, Test_H@10=0.661300
Epoch: 750: 2022-04-22 15:44:04.795944
Epoch 751/1000, D_loss=0.689292, reward=-7.901072
Epoch: 751: 2022-04-22 15:44:12.802717
Epoch 752/1000, D_loss=0.687202, reward=-7.905679
Epoch: 752: 2022-04-22 15:44:20.271842
Epoch 753/1000, D_loss=0.689207, reward=-7.902522
Epoch: 753: 2022-04-22 15:44:27.865536
Epoch 754/1000, D_loss=0.688934, reward=-7.899889
Epoch: 754: 2022-04-22 15:44:35.419992
Epoch 755/1000, D_loss=0.688970, reward=-7.901387
Epoch: 755: 2022-04-22 15:44:43.018871
Epoch 756/1000, D_loss=0.689253, reward=-7.901336
Epoch: 756: 2022-04-22 15:44:50.622825
Epoch 757/1000, D_loss=0.690505, reward=-7.898497
Epoch: 757: 2022-04-22 15:44:58.187556
Epoch 758/1000, D_loss=0.689314, reward=-7.900109
Epoch: 758: 2022-04-22 15:45:05.896983
Epoch 759/1000, D_loss=0.687674, reward=-7.904426
Epoch: 759: 2022-04-22 15:45:12.772657
Epoch 760/1000, D_loss=0.690150, reward=-7.899335
Test_MRR=0.426890, Test_MR=284.726650, Test_H@10=0.662160
Epoch: 760: 2022-04-22 15:58:43.230399
Epoch 761/1000, D_loss=0.687729, reward=-7.901200
Epoch: 761: 2022-04-22 15:58:51.011052
Epoch 762/1000, D_loss=0.688540, reward=-7.902202
Epoch: 762: 2022-04-22 15:58:58.780741
Epoch 763/1000, D_loss=0.689393, reward=-7.900925
Epoch: 763: 2022-04-22 15:59:06.561892
Epoch 764/1000, D_loss=0.689164, reward=-7.900710
Epoch: 764: 2022-04-22 15:59:14.603553
Epoch 765/1000, D_loss=0.687499, reward=-7.902672
Epoch: 765: 2022-04-22 15:59:22.199124
Epoch 766/1000, D_loss=0.689719, reward=-7.899348
Epoch: 766: 2022-04-22 15:59:29.807559
Epoch 767/1000, D_loss=0.685047, reward=-7.906708
Epoch: 767: 2022-04-22 15:59:37.372305
Epoch 768/1000, D_loss=0.689270, reward=-7.898052
Epoch: 768: 2022-04-22 15:59:44.927175
Epoch 769/1000, D_loss=0.687015, reward=-7.900198
Epoch: 769: 2022-04-22 15:59:52.464612
Epoch 770/1000, D_loss=0.685750, reward=-7.900516
Test_MRR=0.428372, Test_MR=285.627490, Test_H@10=0.661790
Epoch: 770: 2022-04-22 16:13:28.945054
Epoch 771/1000, D_loss=0.687176, reward=-7.899154
Epoch: 771: 2022-04-22 16:13:36.436648
Epoch 772/1000, D_loss=0.686836, reward=-7.901054
Epoch: 772: 2022-04-22 16:13:43.676970
Epoch 773/1000, D_loss=0.689695, reward=-7.895214
Epoch: 773: 2022-04-22 16:13:51.100610
Epoch 774/1000, D_loss=0.689726, reward=-7.896203
Epoch: 774: 2022-04-22 16:13:58.096935
Epoch 775/1000, D_loss=0.688321, reward=-7.897735
Epoch: 775: 2022-04-22 16:14:04.986843
Epoch 776/1000, D_loss=0.690401, reward=-7.894041
Epoch: 776: 2022-04-22 16:14:12.317429
Epoch 777/1000, D_loss=0.686833, reward=-7.897789
Epoch: 777: 2022-04-22 16:14:19.968734
Epoch 778/1000, D_loss=0.689376, reward=-7.896385
Epoch: 778: 2022-04-22 16:14:26.881647
Epoch 779/1000, D_loss=0.688869, reward=-7.896064
Epoch: 779: 2022-04-22 16:14:34.153701
Epoch 780/1000, D_loss=0.688993, reward=-7.895788
Test_MRR=0.429256, Test_MR=283.965480, Test_H@10=0.663050
Epoch: 780: 2022-04-22 16:28:04.380176
Epoch 781/1000, D_loss=0.686528, reward=-7.897224
Epoch: 781: 2022-04-22 16:28:11.276390
Epoch 782/1000, D_loss=0.690223, reward=-7.892412
Epoch: 782: 2022-04-22 16:28:18.699025
Epoch 783/1000, D_loss=0.693450, reward=-7.888319
Epoch: 783: 2022-04-22 16:28:26.141562
Epoch 784/1000, D_loss=0.689514, reward=-7.894771
Epoch: 784: 2022-04-22 16:28:33.295189
Epoch 785/1000, D_loss=0.687887, reward=-7.894907
Epoch: 785: 2022-04-22 16:28:40.621483
Epoch 786/1000, D_loss=0.689813, reward=-7.894763
Epoch: 786: 2022-04-22 16:28:47.988389
Epoch 787/1000, D_loss=0.688678, reward=-7.895083
Epoch: 787: 2022-04-22 16:28:54.981538
Epoch 788/1000, D_loss=0.690677, reward=-7.891911
Epoch: 788: 2022-04-22 16:29:02.521651
Epoch 789/1000, D_loss=0.693161, reward=-7.888162
Epoch: 789: 2022-04-22 16:29:09.588245
Epoch 790/1000, D_loss=0.689829, reward=-7.892517
Test_MRR=0.427823, Test_MR=282.648390, Test_H@10=0.662440
Epoch: 790: 2022-04-22 16:42:39.905192
Epoch 791/1000, D_loss=0.688663, reward=-7.893803
Epoch: 791: 2022-04-22 16:42:46.988198
Epoch 792/1000, D_loss=0.690708, reward=-7.892693
Epoch: 792: 2022-04-22 16:42:53.811030
Epoch 793/1000, D_loss=0.689092, reward=-7.892931
Epoch: 793: 2022-04-22 16:43:01.142495
Epoch 794/1000, D_loss=0.689353, reward=-7.894913
Epoch: 794: 2022-04-22 16:43:08.276137
Epoch 795/1000, D_loss=0.688949, reward=-7.895324
Epoch: 795: 2022-04-22 16:43:15.595731
Epoch 796/1000, D_loss=0.689123, reward=-7.892427
Epoch: 796: 2022-04-22 16:43:22.733927
Epoch 797/1000, D_loss=0.688909, reward=-7.893457
Epoch: 797: 2022-04-22 16:43:30.048567
Epoch 798/1000, D_loss=0.691297, reward=-7.890012
Epoch: 798: 2022-04-22 16:43:37.878227
Epoch 799/1000, D_loss=0.691079, reward=-7.888531
Epoch: 799: 2022-04-22 16:43:45.299348
Epoch 800/1000, D_loss=0.691236, reward=-7.889106
Test_MRR=0.429742, Test_MR=282.662960, Test_H@10=0.664810
Epoch: 800: 2022-04-22 16:57:22.031421
Epoch 801/1000, D_loss=0.687938, reward=-7.893139
Epoch: 801: 2022-04-22 16:57:29.132009
Epoch 802/1000, D_loss=0.691552, reward=-7.889626
Epoch: 802: 2022-04-22 16:57:36.272895
Epoch 803/1000, D_loss=0.692465, reward=-7.886986
Epoch: 803: 2022-04-22 16:57:43.085415
Epoch 804/1000, D_loss=0.688963, reward=-7.890245
Epoch: 804: 2022-04-22 16:57:50.522028
Epoch 805/1000, D_loss=0.689077, reward=-7.890605
Epoch: 805: 2022-04-22 16:57:57.876632
Epoch 806/1000, D_loss=0.692956, reward=-7.886881
Epoch: 806: 2022-04-22 16:58:05.020013
Epoch 807/1000, D_loss=0.689237, reward=-7.891219
Epoch: 807: 2022-04-22 16:58:12.211536
Epoch 808/1000, D_loss=0.688070, reward=-7.891886
Epoch: 808: 2022-04-22 16:58:19.558938
Epoch 809/1000, D_loss=0.689310, reward=-7.887590
Epoch: 809: 2022-04-22 16:58:26.754696
Epoch 810/1000, D_loss=0.691580, reward=-7.885383
Test_MRR=0.429436, Test_MR=288.384410, Test_H@10=0.664680
Epoch: 810: 2022-04-22 17:11:59.059521
Epoch 811/1000, D_loss=0.688647, reward=-7.890319
Epoch: 811: 2022-04-22 17:12:06.098777
Epoch 812/1000, D_loss=0.691830, reward=-7.886588
Epoch: 812: 2022-04-22 17:12:13.400685
Epoch 813/1000, D_loss=0.691163, reward=-7.888822
Epoch: 813: 2022-04-22 17:12:20.536650
Epoch 814/1000, D_loss=0.689775, reward=-7.890359
Epoch: 814: 2022-04-22 17:12:27.774521
Epoch 815/1000, D_loss=0.689582, reward=-7.887783
Epoch: 815: 2022-04-22 17:12:34.779907
Epoch 816/1000, D_loss=0.690081, reward=-7.887954
Epoch: 816: 2022-04-22 17:12:42.496862
Epoch 817/1000, D_loss=0.688221, reward=-7.891520
Epoch: 817: 2022-04-22 17:12:49.602684
Epoch 818/1000, D_loss=0.690051, reward=-7.888387
Epoch: 818: 2022-04-22 17:12:56.629860
Epoch 819/1000, D_loss=0.691080, reward=-7.886160
Epoch: 819: 2022-04-22 17:13:03.862405
Epoch 820/1000, D_loss=0.689924, reward=-7.887372
Test_MRR=0.431482, Test_MR=286.391900, Test_H@10=0.663080
Epoch: 820: 2022-04-22 17:26:37.935999
Epoch 821/1000, D_loss=0.691363, reward=-7.885783
Epoch: 821: 2022-04-22 17:26:44.844285
Epoch 822/1000, D_loss=0.691036, reward=-7.887129
Epoch: 822: 2022-04-22 17:26:52.201164
Epoch 823/1000, D_loss=0.688819, reward=-7.889030
Epoch: 823: 2022-04-22 17:26:59.549769
Epoch 824/1000, D_loss=0.686839, reward=-7.890311
Epoch: 824: 2022-04-22 17:27:06.789284
Epoch 825/1000, D_loss=0.690643, reward=-7.886071
Epoch: 825: 2022-04-22 17:27:13.603652
Epoch 826/1000, D_loss=0.691819, reward=-7.885480
Epoch: 826: 2022-04-22 17:27:20.786173
Epoch 827/1000, D_loss=0.689661, reward=-7.885984
Epoch: 827: 2022-04-22 17:27:28.016163
Epoch 828/1000, D_loss=0.686882, reward=-7.888368
Epoch: 828: 2022-04-22 17:27:35.294426
Epoch 829/1000, D_loss=0.691949, reward=-7.880692
Epoch: 829: 2022-04-22 17:27:42.603966
Epoch 830/1000, D_loss=0.688842, reward=-7.887104
Test_MRR=0.429031, Test_MR=284.881580, Test_H@10=0.662700
Epoch: 830: 2022-04-22 17:41:22.183709
Epoch 831/1000, D_loss=0.693375, reward=-7.880875
Epoch: 831: 2022-04-22 17:41:29.513613
Epoch 832/1000, D_loss=0.690968, reward=-7.882656
Epoch: 832: 2022-04-22 17:41:36.422083
Epoch 833/1000, D_loss=0.690918, reward=-7.883352
Epoch: 833: 2022-04-22 17:41:43.635382
Epoch 834/1000, D_loss=0.692314, reward=-7.881858
Epoch: 834: 2022-04-22 17:41:51.006907
Epoch 835/1000, D_loss=0.691086, reward=-7.884189
Epoch: 835: 2022-04-22 17:41:57.979320
Epoch 836/1000, D_loss=0.688299, reward=-7.886662
Epoch: 836: 2022-04-22 17:42:04.853743
Epoch 837/1000, D_loss=0.690287, reward=-7.885230
Epoch: 837: 2022-04-22 17:42:11.840512
Epoch 838/1000, D_loss=0.690089, reward=-7.883681
Epoch: 838: 2022-04-22 17:42:19.312515
Epoch 839/1000, D_loss=0.689773, reward=-7.885955
Epoch: 839: 2022-04-22 17:42:26.267459
Epoch 840/1000, D_loss=0.691091, reward=-7.884474
Test_MRR=0.428319, Test_MR=286.209550, Test_H@10=0.662840
Epoch: 840: 2022-04-22 17:56:00.188939
Epoch 841/1000, D_loss=0.688270, reward=-7.884833
Epoch: 841: 2022-04-22 17:56:07.610996
Epoch 842/1000, D_loss=0.690343, reward=-7.881229
Epoch: 842: 2022-04-22 17:56:14.643509
Epoch 843/1000, D_loss=0.690283, reward=-7.881022
Epoch: 843: 2022-04-22 17:56:21.900632
Epoch 844/1000, D_loss=0.690648, reward=-7.881442
Epoch: 844: 2022-04-22 17:56:29.598668
Epoch 845/1000, D_loss=0.690939, reward=-7.878898
Epoch: 845: 2022-04-22 17:56:37.114081
Epoch 846/1000, D_loss=0.691545, reward=-7.878077
Epoch: 846: 2022-04-22 17:56:44.247071
Epoch 847/1000, D_loss=0.689969, reward=-7.881379
Epoch: 847: 2022-04-22 17:56:51.659769
Epoch 848/1000, D_loss=0.692980, reward=-7.877814
Epoch: 848: 2022-04-22 17:56:58.994259
Epoch 849/1000, D_loss=0.693630, reward=-7.877471
Epoch: 849: 2022-04-22 17:57:05.757246
Epoch 850/1000, D_loss=0.692313, reward=-7.879621
Test_MRR=0.428667, Test_MR=283.906780, Test_H@10=0.663810
Epoch: 850: 2022-04-22 18:10:38.382299
Epoch 851/1000, D_loss=0.690111, reward=-7.881931
Epoch: 851: 2022-04-22 18:10:45.208478
Epoch 852/1000, D_loss=0.690415, reward=-7.880606
Epoch: 852: 2022-04-22 18:10:52.007111
Epoch 853/1000, D_loss=0.692769, reward=-7.879210
Epoch: 853: 2022-04-22 18:10:58.846158
Epoch 854/1000, D_loss=0.691996, reward=-7.876610
Epoch: 854: 2022-04-22 18:11:05.762250
Epoch 855/1000, D_loss=0.692088, reward=-7.878036
Epoch: 855: 2022-04-22 18:11:13.201296
Epoch 856/1000, D_loss=0.693270, reward=-7.877550
Epoch: 856: 2022-04-22 18:11:20.221214
Epoch 857/1000, D_loss=0.691324, reward=-7.880418
Epoch: 857: 2022-04-22 18:11:27.580894
Epoch 858/1000, D_loss=0.693710, reward=-7.874935
Epoch: 858: 2022-04-22 18:11:34.810739
Epoch 859/1000, D_loss=0.690473, reward=-7.880080
Epoch: 859: 2022-04-22 18:11:41.669371
Epoch 860/1000, D_loss=0.689466, reward=-7.880299
Test_MRR=0.429984, Test_MR=281.601880, Test_H@10=0.663610
Epoch: 860: 2022-04-22 18:25:12.788740
Epoch 861/1000, D_loss=0.692764, reward=-7.879113
Epoch: 861: 2022-04-22 18:25:19.750838
Epoch 862/1000, D_loss=0.692776, reward=-7.877234
Epoch: 862: 2022-04-22 18:25:27.116804
Epoch 863/1000, D_loss=0.691912, reward=-7.877657
Epoch: 863: 2022-04-22 18:25:33.907989
Epoch 864/1000, D_loss=0.691748, reward=-7.874691
Epoch: 864: 2022-04-22 18:25:40.882894
Epoch 865/1000, D_loss=0.691951, reward=-7.875616
Epoch: 865: 2022-04-22 18:25:48.073327
Epoch 866/1000, D_loss=0.692213, reward=-7.875959
Epoch: 866: 2022-04-22 18:25:55.076167
Epoch 867/1000, D_loss=0.691816, reward=-7.877563
Epoch: 867: 2022-04-22 18:26:02.706109
Epoch 868/1000, D_loss=0.691886, reward=-7.874792
Epoch: 868: 2022-04-22 18:26:09.793085
Epoch 869/1000, D_loss=0.690990, reward=-7.878089
Epoch: 869: 2022-04-22 18:26:17.583562
Epoch 870/1000, D_loss=0.690868, reward=-7.878437
Test_MRR=0.429480, Test_MR=287.042480, Test_H@10=0.664100
Epoch: 870: 2022-04-22 18:39:48.657207
Epoch 871/1000, D_loss=0.691110, reward=-7.878774
Epoch: 871: 2022-04-22 18:39:56.069073
Epoch 872/1000, D_loss=0.689852, reward=-7.878932
Epoch: 872: 2022-04-22 18:40:03.587472
Epoch 873/1000, D_loss=0.691311, reward=-7.877009
Epoch: 873: 2022-04-22 18:40:10.495336
Epoch 874/1000, D_loss=0.689981, reward=-7.877079
Epoch: 874: 2022-04-22 18:40:17.767665
Epoch 875/1000, D_loss=0.688164, reward=-7.880831
Epoch: 875: 2022-04-22 18:40:25.185301
Epoch 876/1000, D_loss=0.691275, reward=-7.876404
Epoch: 876: 2022-04-22 18:40:32.362296
Epoch 877/1000, D_loss=0.692930, reward=-7.874139
Epoch: 877: 2022-04-22 18:40:39.604263
Epoch 878/1000, D_loss=0.693119, reward=-7.873504
Epoch: 878: 2022-04-22 18:40:46.503770
Epoch 879/1000, D_loss=0.694876, reward=-7.870617
Epoch: 879: 2022-04-22 18:40:53.808008
Epoch 880/1000, D_loss=0.694277, reward=-7.870825
Test_MRR=0.431704, Test_MR=280.895830, Test_H@10=0.663320
Epoch: 880: 2022-04-22 18:54:32.844270
Epoch 881/1000, D_loss=0.692056, reward=-7.873177
Epoch: 881: 2022-04-22 18:54:39.953356
Epoch 882/1000, D_loss=0.689606, reward=-7.877458
Epoch: 882: 2022-04-22 18:54:47.131384
Epoch 883/1000, D_loss=0.691634, reward=-7.875466
Epoch: 883: 2022-04-22 18:54:54.642523
Epoch 884/1000, D_loss=0.691416, reward=-7.875276
Epoch: 884: 2022-04-22 18:55:01.865504
Epoch 885/1000, D_loss=0.691406, reward=-7.875436
Epoch: 885: 2022-04-22 18:55:09.024661
Epoch 886/1000, D_loss=0.687381, reward=-7.881444
Epoch: 886: 2022-04-22 18:55:16.074728
Epoch 887/1000, D_loss=0.690713, reward=-7.877325
Epoch: 887: 2022-04-22 18:55:23.158056
Epoch 888/1000, D_loss=0.689386, reward=-7.878111
Epoch: 888: 2022-04-22 18:55:30.041910
Epoch 889/1000, D_loss=0.690882, reward=-7.876083
Epoch: 889: 2022-04-22 18:55:37.514042
Epoch 890/1000, D_loss=0.692418, reward=-7.874609
Test_MRR=0.430960, Test_MR=286.174980, Test_H@10=0.663110
Epoch: 890: 2022-04-22 19:09:12.128224
Epoch 891/1000, D_loss=0.691731, reward=-7.876064
Epoch: 891: 2022-04-22 19:09:19.895715
Epoch 892/1000, D_loss=0.694161, reward=-7.870004
Epoch: 892: 2022-04-22 19:09:27.966116
Epoch 893/1000, D_loss=0.689798, reward=-7.877705
Epoch: 893: 2022-04-22 19:09:35.534259
Epoch 894/1000, D_loss=0.691311, reward=-7.875853
Epoch: 894: 2022-04-22 19:09:43.229011
Epoch 895/1000, D_loss=0.693364, reward=-7.870903
Epoch: 895: 2022-04-22 19:09:50.994523
Epoch 896/1000, D_loss=0.691407, reward=-7.871308
Epoch: 896: 2022-04-22 19:09:58.463568
Epoch 897/1000, D_loss=0.690213, reward=-7.875150
Epoch: 897: 2022-04-22 19:10:05.507514
Epoch 898/1000, D_loss=0.691636, reward=-7.870336
Epoch: 898: 2022-04-22 19:10:12.954051
Epoch 899/1000, D_loss=0.691689, reward=-7.870214
Epoch: 899: 2022-04-22 19:10:20.252227
Epoch 900/1000, D_loss=0.690211, reward=-7.872940
Test_MRR=0.432073, Test_MR=284.592640, Test_H@10=0.665960
Epoch: 900: 2022-04-22 19:24:00.086902
Epoch 901/1000, D_loss=0.691197, reward=-7.873262
Epoch: 901: 2022-04-22 19:24:08.108117
Epoch 902/1000, D_loss=0.690251, reward=-7.874305
Epoch: 902: 2022-04-22 19:24:15.877750
Epoch 903/1000, D_loss=0.693711, reward=-7.867798
Epoch: 903: 2022-04-22 19:24:23.587368
Epoch 904/1000, D_loss=0.691832, reward=-7.872833
Epoch: 904: 2022-04-22 19:24:31.217795
Epoch 905/1000, D_loss=0.690464, reward=-7.871818
Epoch: 905: 2022-04-22 19:24:38.785725
Epoch 906/1000, D_loss=0.694600, reward=-7.867318
Epoch: 906: 2022-04-22 19:24:46.432172
Epoch 907/1000, D_loss=0.689426, reward=-7.872348
Epoch: 907: 2022-04-22 19:24:54.089782
Epoch 908/1000, D_loss=0.693313, reward=-7.869852
Epoch: 908: 2022-04-22 19:25:01.668445
Epoch 909/1000, D_loss=0.692447, reward=-7.870643
Epoch: 909: 2022-04-22 19:25:09.392238
Epoch 910/1000, D_loss=0.692036, reward=-7.868013
Test_MRR=0.431458, Test_MR=281.531330, Test_H@10=0.664220
Epoch: 910: 2022-04-22 19:38:37.545143
Epoch 911/1000, D_loss=0.690888, reward=-7.869395
Epoch: 911: 2022-04-22 19:38:44.785353
Epoch 912/1000, D_loss=0.691674, reward=-7.869540
Epoch: 912: 2022-04-22 19:38:51.835716
Epoch 913/1000, D_loss=0.690381, reward=-7.872794
Epoch: 913: 2022-04-22 19:38:59.121515
Epoch 914/1000, D_loss=0.692016, reward=-7.867811
Epoch: 914: 2022-04-22 19:39:06.007335
Epoch 915/1000, D_loss=0.692565, reward=-7.865541
Epoch: 915: 2022-04-22 19:39:13.075706
Epoch 916/1000, D_loss=0.692080, reward=-7.866760
Epoch: 916: 2022-04-22 19:39:20.973946
Epoch 917/1000, D_loss=0.690847, reward=-7.869507
Epoch: 917: 2022-04-22 19:39:28.923736
Epoch 918/1000, D_loss=0.690125, reward=-7.871534
Epoch: 918: 2022-04-22 19:39:36.677531
Epoch 919/1000, D_loss=0.690757, reward=-7.871381
Epoch: 919: 2022-04-22 19:39:44.330101
Epoch 920/1000, D_loss=0.692532, reward=-7.866704
Test_MRR=0.430956, Test_MR=275.638860, Test_H@10=0.664470
Epoch: 920: 2022-04-22 19:53:20.243358
Epoch 921/1000, D_loss=0.693300, reward=-7.866231
Epoch: 921: 2022-04-22 19:53:27.412202
Epoch 922/1000, D_loss=0.692589, reward=-7.866449
Epoch: 922: 2022-04-22 19:53:34.663871
Epoch 923/1000, D_loss=0.692388, reward=-7.865124
Epoch: 923: 2022-04-22 19:53:41.643942
Epoch 924/1000, D_loss=0.694151, reward=-7.863723
Epoch: 924: 2022-04-22 19:53:48.881546
Epoch 925/1000, D_loss=0.690000, reward=-7.870503
Epoch: 925: 2022-04-22 19:53:55.715522
Epoch 926/1000, D_loss=0.693058, reward=-7.866796
Epoch: 926: 2022-04-22 19:54:02.951393
Epoch 927/1000, D_loss=0.694392, reward=-7.862314
Epoch: 927: 2022-04-22 19:54:10.343480
Epoch 928/1000, D_loss=0.692079, reward=-7.868413
Epoch: 928: 2022-04-22 19:54:17.649103
Epoch 929/1000, D_loss=0.694750, reward=-7.863104
Epoch: 929: 2022-04-22 19:54:25.190243
Epoch 930/1000, D_loss=0.691456, reward=-7.867649
Test_MRR=0.432052, Test_MR=274.049210, Test_H@10=0.663770
Epoch: 930: 2022-04-22 20:07:55.863443
Epoch 931/1000, D_loss=0.693627, reward=-7.864568
Epoch: 931: 2022-04-22 20:08:03.436195
Epoch 932/1000, D_loss=0.691518, reward=-7.866395
Epoch: 932: 2022-04-22 20:08:10.524346
Epoch 933/1000, D_loss=0.693848, reward=-7.863579
Epoch: 933: 2022-04-22 20:08:17.780077
Epoch 934/1000, D_loss=0.690370, reward=-7.868062
Epoch: 934: 2022-04-22 20:08:24.704181
Epoch 935/1000, D_loss=0.693856, reward=-7.860552
Epoch: 935: 2022-04-22 20:08:32.201387
Epoch 936/1000, D_loss=0.691278, reward=-7.866198
Epoch: 936: 2022-04-22 20:08:39.152858
Epoch 937/1000, D_loss=0.694386, reward=-7.862088
Epoch: 937: 2022-04-22 20:08:46.095084
Epoch 938/1000, D_loss=0.691501, reward=-7.865649
Epoch: 938: 2022-04-22 20:08:53.013284
Epoch 939/1000, D_loss=0.692986, reward=-7.864242
Epoch: 939: 2022-04-22 20:09:00.084663
Epoch 940/1000, D_loss=0.695333, reward=-7.860235
Test_MRR=0.430582, Test_MR=276.698650, Test_H@10=0.664910
Epoch: 940: 2022-04-22 20:22:29.848674
Epoch 941/1000, D_loss=0.694030, reward=-7.860889
Epoch: 941: 2022-04-22 20:22:37.436827
Epoch 942/1000, D_loss=0.691480, reward=-7.863961
Epoch: 942: 2022-04-22 20:22:44.725807
Epoch 943/1000, D_loss=0.692963, reward=-7.863069
Epoch: 943: 2022-04-22 20:22:52.085432
Epoch 944/1000, D_loss=0.694729, reward=-7.860079
Epoch: 944: 2022-04-22 20:22:59.419789
Epoch 945/1000, D_loss=0.694047, reward=-7.861067
Epoch: 945: 2022-04-22 20:23:06.900602
Epoch 946/1000, D_loss=0.693341, reward=-7.862777
Epoch: 946: 2022-04-22 20:23:13.813309
Epoch 947/1000, D_loss=0.695648, reward=-7.858961
Epoch: 947: 2022-04-22 20:23:20.946733
Epoch 948/1000, D_loss=0.695901, reward=-7.859275
Epoch: 948: 2022-04-22 20:23:27.937428
Epoch 949/1000, D_loss=0.693543, reward=-7.862656
Epoch: 949: 2022-04-22 20:23:35.291956
Epoch 950/1000, D_loss=0.693150, reward=-7.861645
Test_MRR=0.432764, Test_MR=276.649390, Test_H@10=0.666190
Epoch: 950: 2022-04-22 20:37:06.663323
Epoch 951/1000, D_loss=0.692727, reward=-7.864176
Epoch: 951: 2022-04-22 20:37:13.640548
Epoch 952/1000, D_loss=0.693526, reward=-7.862109
Epoch: 952: 2022-04-22 20:37:20.839126
Epoch 953/1000, D_loss=0.693261, reward=-7.861815
Epoch: 953: 2022-04-22 20:37:28.176903
Epoch 954/1000, D_loss=0.694697, reward=-7.858896
Epoch: 954: 2022-04-22 20:37:35.435944
Epoch 955/1000, D_loss=0.691966, reward=-7.862287
Epoch: 955: 2022-04-22 20:37:42.408081
Epoch 956/1000, D_loss=0.692782, reward=-7.862615
Epoch: 956: 2022-04-22 20:37:49.413790
Epoch 957/1000, D_loss=0.694717, reward=-7.856687
Epoch: 957: 2022-04-22 20:37:56.468511
Epoch 958/1000, D_loss=0.692573, reward=-7.861815
Epoch: 958: 2022-04-22 20:38:03.515704
Epoch 959/1000, D_loss=0.693617, reward=-7.859645
Epoch: 959: 2022-04-22 20:38:10.490601
Epoch 960/1000, D_loss=0.692870, reward=-7.861033
Test_MRR=0.432885, Test_MR=276.589700, Test_H@10=0.665470
Epoch: 960: 2022-04-22 20:51:40.173240
Epoch 961/1000, D_loss=0.694699, reward=-7.856048
Epoch: 961: 2022-04-22 20:51:47.160569
Epoch 962/1000, D_loss=0.690929, reward=-7.863343
Epoch: 962: 2022-04-22 20:51:54.210367
Epoch 963/1000, D_loss=0.693327, reward=-7.857679
Epoch: 963: 2022-04-22 20:52:01.522069
Epoch 964/1000, D_loss=0.694265, reward=-7.855880
Epoch: 964: 2022-04-22 20:52:08.856341
Epoch 965/1000, D_loss=0.691568, reward=-7.860847
Epoch: 965: 2022-04-22 20:52:16.372636
Epoch 966/1000, D_loss=0.693588, reward=-7.859472
Epoch: 966: 2022-04-22 20:52:23.669868
Epoch 967/1000, D_loss=0.693252, reward=-7.859612
Epoch: 967: 2022-04-22 20:52:30.759027
Epoch 968/1000, D_loss=0.694626, reward=-7.858243
Epoch: 968: 2022-04-22 20:52:37.820922
Epoch 969/1000, D_loss=0.692939, reward=-7.859083
Epoch: 969: 2022-04-22 20:52:45.361627
Epoch 970/1000, D_loss=0.689810, reward=-7.863584
Test_MRR=0.432724, Test_MR=276.389850, Test_H@10=0.666000
Epoch: 970: 2022-04-22 21:06:16.566046
Epoch 971/1000, D_loss=0.694596, reward=-7.855428
Epoch: 971: 2022-04-22 21:06:23.391175
Epoch 972/1000, D_loss=0.693497, reward=-7.857923
Epoch: 972: 2022-04-22 21:06:30.509040
Epoch 973/1000, D_loss=0.693806, reward=-7.857075
Epoch: 973: 2022-04-22 21:06:37.953627
Epoch 974/1000, D_loss=0.694456, reward=-7.855258
Epoch: 974: 2022-04-22 21:06:45.363179
Epoch 975/1000, D_loss=0.690935, reward=-7.862544
Epoch: 975: 2022-04-22 21:06:52.712136
Epoch 976/1000, D_loss=0.692967, reward=-7.855947
Epoch: 976: 2022-04-22 21:07:00.059821
Epoch 977/1000, D_loss=0.692238, reward=-7.858822
Epoch: 977: 2022-04-22 21:07:07.164481
Epoch 978/1000, D_loss=0.690605, reward=-7.860060
Epoch: 978: 2022-04-22 21:07:14.465451
Epoch 979/1000, D_loss=0.693620, reward=-7.857613
Epoch: 979: 2022-04-22 21:07:21.265300
Epoch 980/1000, D_loss=0.693052, reward=-7.857228
Test_MRR=0.433514, Test_MR=276.053040, Test_H@10=0.663700
Epoch: 980: 2022-04-22 21:20:49.966296
Epoch 981/1000, D_loss=0.695410, reward=-7.854136
Epoch: 981: 2022-04-22 21:20:56.837916
Epoch 982/1000, D_loss=0.694419, reward=-7.854733
Epoch: 982: 2022-04-22 21:21:03.618613
Epoch 983/1000, D_loss=0.692399, reward=-7.859154
Epoch: 983: 2022-04-22 21:21:10.785025
Epoch 984/1000, D_loss=0.692956, reward=-7.856963
Epoch: 984: 2022-04-22 21:21:18.020729
Epoch 985/1000, D_loss=0.692619, reward=-7.858576
Epoch: 985: 2022-04-22 21:21:24.990017
Epoch 986/1000, D_loss=0.693589, reward=-7.856761
Epoch: 986: 2022-04-22 21:21:32.141052
Epoch 987/1000, D_loss=0.691673, reward=-7.859831
Epoch: 987: 2022-04-22 21:21:39.454422
Epoch 988/1000, D_loss=0.692111, reward=-7.857606
Epoch: 988: 2022-04-22 21:21:46.781996
Epoch 989/1000, D_loss=0.693001, reward=-7.856937
Epoch: 989: 2022-04-22 21:21:53.930334
Epoch 990/1000, D_loss=0.692488, reward=-7.856668
Test_MRR=0.432803, Test_MR=276.425350, Test_H@10=0.664660
Epoch: 990: 2022-04-22 21:35:27.399599
Epoch 991/1000, D_loss=0.691689, reward=-7.858878
Epoch: 991: 2022-04-22 21:35:34.686517
Epoch 992/1000, D_loss=0.692652, reward=-7.857122
Epoch: 992: 2022-04-22 21:35:41.612027
Epoch 993/1000, D_loss=0.694597, reward=-7.854213
Epoch: 993: 2022-04-22 21:35:48.899828
Epoch 994/1000, D_loss=0.694050, reward=-7.853678
Epoch: 994: 2022-04-22 21:35:55.989313
Epoch 995/1000, D_loss=0.693579, reward=-7.854646
Epoch: 995: 2022-04-22 21:36:02.981358
Epoch 996/1000, D_loss=0.694468, reward=-7.852264
Epoch: 996: 2022-04-22 21:36:09.933252
Epoch 997/1000, D_loss=0.694599, reward=-7.852118
Epoch: 997: 2022-04-22 21:36:17.071068
Epoch 998/1000, D_loss=0.693777, reward=-7.854950
Epoch: 998: 2022-04-22 21:36:24.076793
Epoch 999/1000, D_loss=0.694884, reward=-7.852009
Epoch: 999: 2022-04-22 21:36:31.496259
Epoch 1000/1000, D_loss=0.694025, reward=-7.852317
Test_MRR=0.432301, Test_MR=275.508160, Test_H@10=0.664950
Best Performance:
Test_MRR=0.431669, Test_MR=278.428823, Test_H@10=0.665030
